Tue Mar 21 15:37:28 2023:NOTICE:printLogHeader: hector version 2.5.0
Tue Mar 21 15:37:28 2023:DEBUG:setData: Setting tau[-1]=10000.0
Tue Mar 21 15:37:28 2023:DEBUG:setData: Setting rho[-1]=0.00026
Tue Mar 21 15:37:28 2023:DEBUG:setData: Setting C2F6_emissions[1765]=0
Tue Mar 21 15:37:28 2023:DEBUG:setData: Setting C2F6_emissions[1766]=0
Tue Mar 21 15:37:28 2023:DEBUG:setData: Setting C2F6_emissions[1767]=0
Tue Mar 21 15:37:28 2023:DEBUG:setData: Setting C2F6_emissions[1768]=0
Tue Mar 21 15:37:28 2023:DEBUG:setData: Setting C2F6_emissions[1769]=0
Tue Mar 21 15:37:28 2023:DEBUG:setData: Setting C2F6_emissions[1770]=0
Tue Mar 21 15:37:28 2023:DEBUG:setData: Setting C2F6_emissions[1771]=0
Tue Mar 21 15:37:28 2023:DEBUG:setData: Setting C2F6_emissions[1772]=0
Tue Mar 21 15:37:28 2023:DEBUG:setData: Setting C2F6_emissions[1773]=0
Tue Mar 21 15:37:28 2023:DEBUG:setData: Setting C2F6_emissions[1774]=0
Tue Mar 21 15:37:28 2023:DEBUG:setData: Setting C2F6_emissions[1775]=0
Tue Mar 21 15:37:28 2023:DEBUG:setData: Setting C2F6_emissions[1776]=0
Tue Mar 21 15:37:28 2023:DEBUG:setData: Setting C2F6_emissions[1777]=0
Tue Mar 21 15:37:28 2023:DEBUG:setData: Setting C2F6_emissions[1778]=0
Tue Mar 21 15:37:28 2023:DEBUG:setData: Setting C2F6_emissions[1779]=0
Tue Mar 21 15:37:28 2023:DEBUG:setData: Setting C2F6_emissions[1780]=0
Tue Mar 21 15:37:28 2023:DEBUG:setData: Setting C2F6_emissions[1781]=0
Tue Mar 21 15:37:28 2023:DEBUG:setData: Setting C2F6_emissions[1782]=0
Tue Mar 21 15:37:28 2023:DEBUG:setData: Setting C2F6_emissions[1783]=0
Tue Mar 21 15:37:28 2023:DEBUG:setData: Setting C2F6_emissions[1784]=0
Tue Mar 21 15:37:28 2023:DEBUG:setData: Setting C2F6_emissions[1785]=0
Tue Mar 21 15:37:28 2023:DEBUG:setData: Setting C2F6_emissions[1786]=0
Tue Mar 21 15:37:28 2023:DEBUG:setData: Setting C2F6_emissions[1787]=0
Tue Mar 21 15:37:28 2023:DEBUG:setData: Setting C2F6_emissions[1788]=0
Tue Mar 21 15:37:28 2023:DEBUG:setData: Setting C2F6_emissions[1789]=0
Tue Mar 21 15:37:28 2023:DEBUG:setData: Setting C2F6_emissions[1790]=0
Tue Mar 21 15:37:28 2023:DEBUG:setData: Setting C2F6_emissions[1791]=0
Tue Mar 21 15:37:28 2023:DEBUG:setData: Setting C2F6_emissions[1792]=0
Tue Mar 21 15:37:28 2023:DEBUG:setData: Setting C2F6_emissions[1793]=0
Tue Mar 21 15:37:28 2023:DEBUG:setData: Setting C2F6_emissions[1794]=0
Tue Mar 21 15:37:28 2023:DEBUG:setData: Setting C2F6_emissions[1795]=0
Tue Mar 21 15:37:28 2023:DEBUG:setData: Setting C2F6_emissions[1796]=0
Tue Mar 21 15:37:28 2023:DEBUG:setData: Setting C2F6_emissions[1797]=0
Tue Mar 21 15:37:28 2023:DEBUG:setData: Setting C2F6_emissions[1798]=0
Tue Mar 21 15:37:28 2023:DEBUG:setData: Setting C2F6_emissions[1799]=0
Tue Mar 21 15:37:28 2023:DEBUG:setData: Setting C2F6_emissions[1800]=0
Tue Mar 21 15:37:28 2023:DEBUG:setData: Setting C2F6_emissions[1801]=0
Tue Mar 21 15:37:28 2023:DEBUG:setData: Setting C2F6_emissions[1802]=0
Tue Mar 21 15:37:28 2023:DEBUG:setData: Setting C2F6_emissions[1803]=0
Tue Mar 21 15:37:28 2023:DEBUG:setData: Setting C2F6_emissions[1804]=0
Tue Mar 21 15:37:28 2023:DEBUG:setData: Setting C2F6_emissions[1805]=0
Tue Mar 21 15:37:28 2023:DEBUG:setData: Setting C2F6_emissions[1806]=0
Tue Mar 21 15:37:28 2023:DEBUG:setData: Setting C2F6_emissions[1807]=0
Tue Mar 21 15:37:28 2023:DEBUG:setData: Setting C2F6_emissions[1808]=0
Tue Mar 21 15:37:28 2023:DEBUG:setData: Setting C2F6_emissions[1809]=0
Tue Mar 21 15:37:28 2023:DEBUG:setData: Setting C2F6_emissions[1810]=0
Tue Mar 21 15:37:28 2023:DEBUG:setData: Setting C2F6_emissions[1811]=0
Tue Mar 21 15:37:28 2023:DEBUG:setData: Setting C2F6_emissions[1812]=0
Tue Mar 21 15:37:28 2023:DEBUG:setData: Setting C2F6_emissions[1813]=0
Tue Mar 21 15:37:28 2023:DEBUG:setData: Setting C2F6_emissions[1814]=0
Tue Mar 21 15:37:28 2023:DEBUG:setData: Setting C2F6_emissions[1815]=0
Tue Mar 21 15:37:28 2023:DEBUG:setData: Setting C2F6_emissions[1816]=0
Tue Mar 21 15:37:28 2023:DEBUG:setData: Setting C2F6_emissions[1817]=0
Tue Mar 21 15:37:28 2023:DEBUG:setData: Setting C2F6_emissions[1818]=0
Tue Mar 21 15:37:28 2023:DEBUG:setData: Setting C2F6_emissions[1819]=0
Tue Mar 21 15:37:28 2023:DEBUG:setData: Setting C2F6_emissions[1820]=0
Tue Mar 21 15:37:28 2023:DEBUG:setData: Setting C2F6_emissions[1821]=0
Tue Mar 21 15:37:28 2023:DEBUG:setData: Setting C2F6_emissions[1822]=0
Tue Mar 21 15:37:28 2023:DEBUG:setData: Setting C2F6_emissions[1823]=0
Tue Mar 21 15:37:28 2023:DEBUG:setData: Setting C2F6_emissions[1824]=0
Tue Mar 21 15:37:28 2023:DEBUG:setData: Setting C2F6_emissions[1825]=0
Tue Mar 21 15:37:28 2023:DEBUG:setData: Setting C2F6_emissions[1826]=0
Tue Mar 21 15:37:28 2023:DEBUG:setData: Setting C2F6_emissions[1827]=0
Tue Mar 21 15:37:28 2023:DEBUG:setData: Setting C2F6_emissions[1828]=0
Tue Mar 21 15:37:28 2023:DEBUG:setData: Setting C2F6_emissions[1829]=0
Tue Mar 21 15:37:28 2023:DEBUG:setData: Setting C2F6_emissions[1830]=0
Tue Mar 21 15:37:28 2023:DEBUG:setData: Setting C2F6_emissions[1831]=0
Tue Mar 21 15:37:28 2023:DEBUG:setData: Setting C2F6_emissions[1832]=0
Tue Mar 21 15:37:28 2023:DEBUG:setData: Setting C2F6_emissions[1833]=0
Tue Mar 21 15:37:28 2023:DEBUG:setData: Setting C2F6_emissions[1834]=0
Tue Mar 21 15:37:28 2023:DEBUG:setData: Setting C2F6_emissions[1835]=0
Tue Mar 21 15:37:28 2023:DEBUG:setData: Setting C2F6_emissions[1836]=0
Tue Mar 21 15:37:28 2023:DEBUG:setData: Setting C2F6_emissions[1837]=0
Tue Mar 21 15:37:28 2023:DEBUG:setData: Setting C2F6_emissions[1838]=0
Tue Mar 21 15:37:28 2023:DEBUG:setData: Setting C2F6_emissions[1839]=0
Tue Mar 21 15:37:28 2023:DEBUG:setData: Setting C2F6_emissions[1840]=0
Tue Mar 21 15:37:28 2023:DEBUG:setData: Setting C2F6_emissions[1841]=0
Tue Mar 21 15:37:28 2023:DEBUG:setData: Setting C2F6_emissions[1842]=0
Tue Mar 21 15:37:28 2023:DEBUG:setData: Setting C2F6_emissions[1843]=0
Tue Mar 21 15:37:28 2023:DEBUG:setData: Setting C2F6_emissions[1844]=0
Tue Mar 21 15:37:28 2023:DEBUG:setData: Setting C2F6_emissions[1845]=0
Tue Mar 21 15:37:28 2023:DEBUG:setData: Setting C2F6_emissions[1846]=0
Tue Mar 21 15:37:28 2023:DEBUG:setData: Setting C2F6_emissions[1847]=0
Tue Mar 21 15:37:28 2023:DEBUG:setData: Setting C2F6_emissions[1848]=0.0000149
Tue Mar 21 15:37:28 2023:DEBUG:setData: Setting C2F6_emissions[1849]=0.000119564
Tue Mar 21 15:37:28 2023:DEBUG:setData: Setting C2F6_emissions[1850]=0.000224737
Tue Mar 21 15:37:28 2023:DEBUG:setData: Setting C2F6_emissions[1851]=0.000240827
Tue Mar 21 15:37:28 2023:DEBUG:setData: Setting C2F6_emissions[1852]=0.000241799
Tue Mar 21 15:37:28 2023:DEBUG:setData: Setting C2F6_emissions[1853]=0.00024278
Tue Mar 21 15:37:28 2023:DEBUG:setData: Setting C2F6_emissions[1854]=0.000244056
Tue Mar 21 15:37:28 2023:DEBUG:setData: Setting C2F6_emissions[1855]=0.000245478
Tue Mar 21 15:37:28 2023:DEBUG:setData: Setting C2F6_emissions[1856]=0.000247046
Tue Mar 21 15:37:28 2023:DEBUG:setData: Setting C2F6_emissions[1857]=0.00024876
Tue Mar 21 15:37:28 2023:DEBUG:setData: Setting C2F6_emissions[1858]=0.00025062
Tue Mar 21 15:37:28 2023:DEBUG:setData: Setting C2F6_emissions[1859]=0.000252626
Tue Mar 21 15:37:28 2023:DEBUG:setData: Setting C2F6_emissions[1860]=0.000254779
Tue Mar 21 15:37:28 2023:DEBUG:setData: Setting C2F6_emissions[1861]=0.000257078
Tue Mar 21 15:37:28 2023:DEBUG:setData: Setting C2F6_emissions[1862]=0.000259523
Tue Mar 21 15:37:28 2023:DEBUG:setData: Setting C2F6_emissions[1863]=0.000262115
Tue Mar 21 15:37:28 2023:DEBUG:setData: Setting C2F6_emissions[1864]=0.000264852
Tue Mar 21 15:37:28 2023:DEBUG:setData: Setting C2F6_emissions[1865]=0.000267736
Tue Mar 21 15:37:28 2023:DEBUG:setData: Setting C2F6_emissions[1866]=0.000270766
Tue Mar 21 15:37:28 2023:DEBUG:setData: Setting C2F6_emissions[1867]=2.74E-04
Tue Mar 21 15:37:28 2023:DEBUG:setData: Setting C2F6_emissions[1868]=0.000277265
Tue Mar 21 15:37:28 2023:DEBUG:setData: Setting C2F6_emissions[1869]=0.000280734
Tue Mar 21 15:37:28 2023:DEBUG:setData: Setting C2F6_emissions[1870]=0.000284349
Tue Mar 21 15:37:28 2023:DEBUG:setData: Setting C2F6_emissions[1871]=0.000288111
Tue Mar 21 15:37:28 2023:DEBUG:setData: Setting C2F6_emissions[1872]=0.000292019
Tue Mar 21 15:37:28 2023:DEBUG:setData: Setting C2F6_emissions[1873]=0.000296073
Tue Mar 21 15:37:28 2023:DEBUG:setData: Setting C2F6_emissions[1874]=0.000300274
Tue Mar 21 15:37:28 2023:DEBUG:setData: Setting C2F6_emissions[1875]=0.000304621
Tue Mar 21 15:37:28 2023:DEBUG:setData: Setting C2F6_emissions[1876]=0.000309115
Tue Mar 21 15:37:28 2023:DEBUG:setData: Setting C2F6_emissions[1877]=0.000313755
Tue Mar 21 15:37:28 2023:DEBUG:setData: Setting C2F6_emissions[1878]=0.000318542
Tue Mar 21 15:37:28 2023:DEBUG:setData: Setting C2F6_emissions[1879]=0.000323475
Tue Mar 21 15:37:28 2023:DEBUG:setData: Setting C2F6_emissions[1880]=0.000328554
Tue Mar 21 15:37:28 2023:DEBUG:setData: Setting C2F6_emissions[1881]=0.000333779
Tue Mar 21 15:37:28 2023:DEBUG:setData: Setting C2F6_emissions[1882]=0.000339151
Tue Mar 21 15:37:28 2023:DEBUG:setData: Setting C2F6_emissions[1883]=0.000344675
Tue Mar 21 15:37:28 2023:DEBUG:setData: Setting C2F6_emissions[1884]=0.000350339
Tue Mar 21 15:37:28 2023:DEBUG:setData: Setting C2F6_emissions[1885]=0.000356149
Tue Mar 21 15:37:28 2023:DEBUG:setData: Setting C2F6_emissions[1886]=0.000362105
Tue Mar 21 15:37:28 2023:DEBUG:setData: Setting C2F6_emissions[1887]=0.000368211
Tue Mar 21 15:37:28 2023:DEBUG:setData: Setting C2F6_emissions[1888]=0.000374464
Tue Mar 21 15:37:28 2023:DEBUG:setData: Setting C2F6_emissions[1889]=0.000380862
Tue Mar 21 15:37:28 2023:DEBUG:setData: Setting C2F6_emissions[1890]=0.000387411
Tue Mar 21 15:37:28 2023:DEBUG:setData: Setting C2F6_emissions[1891]=0.0003941
Tue Mar 21 15:37:28 2023:DEBUG:setData: Setting C2F6_emissions[1892]=0.000400935
Tue Mar 21 15:37:28 2023:DEBUG:setData: Setting C2F6_emissions[1893]=0.000407922
Tue Mar 21 15:37:28 2023:DEBUG:setData: Setting C2F6_emissions[1894]=0.000415054
Tue Mar 21 15:37:28 2023:DEBUG:setData: Setting C2F6_emissions[1895]=0.000422331
Tue Mar 21 15:37:28 2023:DEBUG:setData: Setting C2F6_emissions[1896]=0.00042976
Tue Mar 21 15:37:28 2023:DEBUG:setData: Setting C2F6_emissions[1897]=0.000437329
Tue Mar 21 15:37:28 2023:DEBUG:setData: Setting C2F6_emissions[1898]=0.000445049
Tue Mar 21 15:37:28 2023:DEBUG:setData: Setting C2F6_emissions[1899]=0.000485673
Tue Mar 21 15:37:28 2023:DEBUG:setData: Setting C2F6_emissions[1900]=0.002392668
Tue Mar 21 15:37:28 2023:DEBUG:setData: Setting C2F6_emissions[1901]=0.004820097
Tue Mar 21 15:37:28 2023:DEBUG:setData: Setting C2F6_emissions[1902]=0.005778122
Tue Mar 21 15:37:28 2023:DEBUG:setData: Setting C2F6_emissions[1903]=0.006957613
Tue Mar 21 15:37:28 2023:DEBUG:setData: Setting C2F6_emissions[1904]=0.009436339
Tue Mar 21 15:37:28 2023:DEBUG:setData: Setting C2F6_emissions[1905]=0.013412831
Tue Mar 21 15:37:28 2023:DEBUG:setData: Setting C2F6_emissions[1906]=0.018196454
Tue Mar 21 15:37:28 2023:DEBUG:setData: Setting C2F6_emissions[1907]=0.016966195
Tue Mar 21 15:37:28 2023:DEBUG:setData: Setting C2F6_emissions[1908]=0.021404879
Tue Mar 21 15:37:28 2023:DEBUG:setData: Setting C2F6_emissions[1909]=0.036714367
Tue Mar 21 15:37:28 2023:DEBUG:setData: Setting C2F6_emissions[1910]=0.042342327
Tue Mar 21 15:37:28 2023:DEBUG:setData: Setting C2F6_emissions[1911]=0.047217079
Tue Mar 21 15:37:28 2023:DEBUG:setData: Setting C2F6_emissions[1912]=0.055977137
Tue Mar 21 15:37:28 2023:DEBUG:setData: Setting C2F6_emissions[1913]=0.05934571
Tue Mar 21 15:37:28 2023:DEBUG:setData: Setting C2F6_emissions[1914]=0.064801984
Tue Mar 21 15:37:28 2023:DEBUG:setData: Setting C2F6_emissions[1915]=0.084000629
Tue Mar 21 15:37:28 2023:DEBUG:setData: Setting C2F6_emissions[1916]=0.10465075
Tue Mar 21 15:37:28 2023:DEBUG:setData: Setting C2F6_emissions[1917]=0.11034348
Tue Mar 21 15:37:28 2023:DEBUG:setData: Setting C2F6_emissions[1918]=0.10461425
Tue Mar 21 15:37:28 2023:DEBUG:setData: Setting C2F6_emissions[1919]=0.10155164
Tue Mar 21 15:37:28 2023:DEBUG:setData: Setting C2F6_emissions[1920]=0.071874804
Tue Mar 21 15:37:28 2023:DEBUG:setData: Setting C2F6_emissions[1921]=0.05599481
Tue Mar 21 15:37:28 2023:DEBUG:setData: Setting C2F6_emissions[1922]=0.10093674
Tue Mar 21 15:37:28 2023:DEBUG:setData: Setting C2F6_emissions[1923]=0.13753371
Tue Mar 21 15:37:28 2023:DEBUG:setData: Setting C2F6_emissions[1924]=0.14595489
Tue Mar 21 15:37:28 2023:DEBUG:setData: Setting C2F6_emissions[1925]=0.15281139
Tue Mar 21 15:37:28 2023:DEBUG:setData: Setting C2F6_emissions[1926]=0.16877181
Tue Mar 21 15:37:28 2023:DEBUG:setData: Setting C2F6_emissions[1927]=0.19366311
Tue Mar 21 15:37:28 2023:DEBUG:setData: Setting C2F6_emissions[1928]=0.2132805
Tue Mar 21 15:37:28 2023:DEBUG:setData: Setting C2F6_emissions[1929]=0.20802541
Tue Mar 21 15:37:28 2023:DEBUG:setData: Setting C2F6_emissions[1930]=0.17035764
Tue Mar 21 15:37:28 2023:DEBUG:setData: Setting C2F6_emissions[1931]=0.11326202
Tue Mar 21 15:37:28 2023:DEBUG:setData: Setting C2F6_emissions[1932]=0.085847633
Tue Mar 21 15:37:28 2023:DEBUG:setData: Setting C2F6_emissions[1933]=0.1016274
Tue Mar 21 15:37:28 2023:DEBUG:setData: Setting C2F6_emissions[1934]=0.15202423
Tue Mar 21 15:37:28 2023:DEBUG:setData: Setting C2F6_emissions[1935]=0.22028466
Tue Mar 21 15:37:28 2023:DEBUG:setData: Setting C2F6_emissions[1936]=0.28820401
Tue Mar 21 15:37:28 2023:DEBUG:setData: Setting C2F6_emissions[1937]=0.34372195
Tue Mar 21 15:37:28 2023:DEBUG:setData: Setting C2F6_emissions[1938]=0.39883954
Tue Mar 21 15:37:28 2023:DEBUG:setData: Setting C2F6_emissions[1939]=0.43390074
Tue Mar 21 15:37:28 2023:DEBUG:setData: Setting C2F6_emissions[1940]=0.50172554
Tue Mar 21 15:37:28 2023:DEBUG:setData: Setting C2F6_emissions[1941]=0.64957282
Tue Mar 21 15:37:28 2023:DEBUG:setData: Setting C2F6_emissions[1942]=0.84353078
Tue Mar 21 15:37:28 2023:DEBUG:setData: Setting C2F6_emissions[1943]=0.80476688
Tue Mar 21 15:37:28 2023:DEBUG:setData: Setting C2F6_emissions[1944]=0.41764093
Tue Mar 21 15:37:28 2023:DEBUG:setData: Setting C2F6_emissions[1945]=0.20111842
Tue Mar 21 15:37:28 2023:DEBUG:setData: Setting C2F6_emissions[1946]=0.27970458
Tue Mar 21 15:37:28 2023:DEBUG:setData: Setting C2F6_emissions[1947]=0.34838359
Tue Mar 21 15:37:28 2023:DEBUG:setData: Setting C2F6_emissions[1948]=0.33316898
Tue Mar 21 15:37:28 2023:DEBUG:setData: Setting C2F6_emissions[1949]=0.31424196
Tue Mar 21 15:37:28 2023:DEBUG:setData: Setting C2F6_emissions[1950]=0.32876887
Tue Mar 21 15:37:28 2023:DEBUG:setData: Setting C2F6_emissions[1951]=0.33222262
Tue Mar 21 15:37:28 2023:DEBUG:setData: Setting C2F6_emissions[1952]=0.32854487
Tue Mar 21 15:37:28 2023:DEBUG:setData: Setting C2F6_emissions[1953]=0.31999622
Tue Mar 21 15:37:28 2023:DEBUG:setData: Setting C2F6_emissions[1954]=0.29457384
Tue Mar 21 15:37:28 2023:DEBUG:setData: Setting C2F6_emissions[1955]=0.26311875
Tue Mar 21 15:37:28 2023:DEBUG:setData: Setting C2F6_emissions[1956]=0.22075982
Tue Mar 21 15:37:28 2023:DEBUG:setData: Setting C2F6_emissions[1957]=0.18587639
Tue Mar 21 15:37:28 2023:DEBUG:setData: Setting C2F6_emissions[1958]=0.17928487
Tue Mar 21 15:37:28 2023:DEBUG:setData: Setting C2F6_emissions[1959]=0.18081021
Tue Mar 21 15:37:28 2023:DEBUG:setData: Setting C2F6_emissions[1960]=0.17259465
Tue Mar 21 15:37:28 2023:DEBUG:setData: Setting C2F6_emissions[1961]=0.16861102
Tue Mar 21 15:37:28 2023:DEBUG:setData: Setting C2F6_emissions[1962]=0.17112099
Tue Mar 21 15:37:28 2023:DEBUG:setData: Setting C2F6_emissions[1963]=0.18314033
Tue Mar 21 15:37:28 2023:DEBUG:setData: Setting C2F6_emissions[1964]=0.20130699
Tue Mar 21 15:37:28 2023:DEBUG:setData: Setting C2F6_emissions[1965]=0.2250418
Tue Mar 21 15:37:28 2023:DEBUG:setData: Setting C2F6_emissions[1966]=0.26721734
Tue Mar 21 15:37:28 2023:DEBUG:setData: Setting C2F6_emissions[1967]=0.32052973
Tue Mar 21 15:37:28 2023:DEBUG:setData: Setting C2F6_emissions[1968]=0.40423022
Tue Mar 21 15:37:28 2023:DEBUG:setData: Setting C2F6_emissions[1969]=0.5206411
Tue Mar 21 15:37:28 2023:DEBUG:setData: Setting C2F6_emissions[1970]=0.6581692
Tue Mar 21 15:37:28 2023:DEBUG:setData: Setting C2F6_emissions[1971]=0.82992065
Tue Mar 21 15:37:28 2023:DEBUG:setData: Setting C2F6_emissions[1972]=1.0559029
Tue Mar 21 15:37:28 2023:DEBUG:setData: Setting C2F6_emissions[1973]=1.330787
Tue Mar 21 15:37:28 2023:DEBUG:setData: Setting C2F6_emissions[1974]=1.4191691
Tue Mar 21 15:37:28 2023:DEBUG:setData: Setting C2F6_emissions[1975]=1.4004084
Tue Mar 21 15:37:28 2023:DEBUG:setData: Setting C2F6_emissions[1976]=1.5554771
Tue Mar 21 15:37:28 2023:DEBUG:setData: Setting C2F6_emissions[1977]=1.692355
Tue Mar 21 15:37:28 2023:DEBUG:setData: Setting C2F6_emissions[1978]=1.7691766
Tue Mar 21 15:37:28 2023:DEBUG:setData: Setting C2F6_emissions[1979]=1.9203395
Tue Mar 21 15:37:28 2023:DEBUG:setData: Setting C2F6_emissions[1980]=1.9633226
Tue Mar 21 15:37:28 2023:DEBUG:setData: Setting C2F6_emissions[1981]=1.7391266
Tue Mar 21 15:37:28 2023:DEBUG:setData: Setting C2F6_emissions[1982]=1.6205522
Tue Mar 21 15:37:28 2023:DEBUG:setData: Setting C2F6_emissions[1983]=1.8456854
Tue Mar 21 15:37:28 2023:DEBUG:setData: Setting C2F6_emissions[1984]=1.954181
Tue Mar 21 15:37:28 2023:DEBUG:setData: Setting C2F6_emissions[1985]=1.930951
Tue Mar 21 15:37:28 2023:DEBUG:setData: Setting C2F6_emissions[1986]=2.0447892
Tue Mar 21 15:37:28 2023:DEBUG:setData: Setting C2F6_emissions[1987]=2.1868179
Tue Mar 21 15:37:28 2023:DEBUG:setData: Setting C2F6_emissions[1988]=2.2384091
Tue Mar 21 15:37:28 2023:DEBUG:setData: Setting C2F6_emissions[1989]=2.2075539
Tue Mar 21 15:37:28 2023:DEBUG:setData: Setting C2F6_emissions[1990]=2.1076967
Tue Mar 21 15:37:28 2023:DEBUG:setData: Setting C2F6_emissions[1991]=1.982897
Tue Mar 21 15:37:28 2023:DEBUG:setData: Setting C2F6_emissions[1992]=1.9500444
Tue Mar 21 15:37:28 2023:DEBUG:setData: Setting C2F6_emissions[1993]=1.9984803
Tue Mar 21 15:37:28 2023:DEBUG:setData: Setting C2F6_emissions[1994]=2.1430557
Tue Mar 21 15:37:28 2023:DEBUG:setData: Setting C2F6_emissions[1995]=2.3880707
Tue Mar 21 15:37:28 2023:DEBUG:setData: Setting C2F6_emissions[1996]=2.6638414
Tue Mar 21 15:37:28 2023:DEBUG:setData: Setting C2F6_emissions[1997]=2.8728437
Tue Mar 21 15:37:28 2023:DEBUG:setData: Setting C2F6_emissions[1998]=2.9899069
Tue Mar 21 15:37:28 2023:DEBUG:setData: Setting C2F6_emissions[1999]=2.9607505
Tue Mar 21 15:37:28 2023:DEBUG:setData: Setting C2F6_emissions[2000]=2.8153943
Tue Mar 21 15:37:28 2023:DEBUG:setData: Setting C2F6_emissions[2001]=3.0480682
Tue Mar 21 15:37:28 2023:DEBUG:setData: Setting C2F6_emissions[2002]=3.4534372
Tue Mar 21 15:37:28 2023:DEBUG:setData: Setting C2F6_emissions[2003]=3.16329
Tue Mar 21 15:37:28 2023:DEBUG:setData: Setting C2F6_emissions[2004]=2.2029533
Tue Mar 21 15:37:28 2023:DEBUG:setData: Setting C2F6_emissions[2005]=1.9480504
Tue Mar 21 15:37:28 2023:DEBUG:setData: Setting C2F6_emissions[2006]=2.045423
Tue Mar 21 15:37:28 2023:DEBUG:setData: Setting C2F6_emissions[2007]=1.7666158
Tue Mar 21 15:37:28 2023:DEBUG:setData: Setting C2F6_emissions[2008]=1.746034
Tue Mar 21 15:37:28 2023:DEBUG:setData: Setting C2F6_emissions[2009]=1.7995507
Tue Mar 21 15:37:28 2023:DEBUG:setData: Setting C2F6_emissions[2010]=1.7742176
Tue Mar 21 15:37:28 2023:DEBUG:setData: Setting C2F6_emissions[2011]=1.8467555
Tue Mar 21 15:37:28 2023:DEBUG:setData: Setting C2F6_emissions[2012]=1.794986
Tue Mar 21 15:37:28 2023:DEBUG:setData: Setting C2F6_emissions[2013]=1.6324652
Tue Mar 21 15:37:28 2023:DEBUG:setData: Setting C2F6_emissions[2014]=1.6517
Tue Mar 21 15:37:28 2023:DEBUG:setData: Setting C2F6_emissions[2015]=1.57
Tue Mar 21 15:37:28 2023:DEBUG:setData: Setting C2F6_emissions[2016]=1.5674
Tue Mar 21 15:37:28 2023:DEBUG:setData: Setting C2F6_emissions[2017]=1.5648
Tue Mar 21 15:37:28 2023:DEBUG:setData: Setting C2F6_emissions[2018]=1.5622
Tue Mar 21 15:37:28 2023:DEBUG:setData: Setting C2F6_emissions[2019]=1.5596
Tue Mar 21 15:37:28 2023:DEBUG:setData: Setting C2F6_emissions[2020]=1.557
Tue Mar 21 15:37:28 2023:DEBUG:setData: Setting C2F6_emissions[2021]=1.55626
Tue Mar 21 15:37:28 2023:DEBUG:setData: Setting C2F6_emissions[2022]=1.55552
Tue Mar 21 15:37:28 2023:DEBUG:setData: Setting C2F6_emissions[2023]=1.55478
Tue Mar 21 15:37:28 2023:DEBUG:setData: Setting C2F6_emissions[2024]=1.55404
Tue Mar 21 15:37:28 2023:DEBUG:setData: Setting C2F6_emissions[2025]=1.5533
Tue Mar 21 15:37:28 2023:DEBUG:setData: Setting C2F6_emissions[2026]=1.55256
Tue Mar 21 15:37:28 2023:DEBUG:setData: Setting C2F6_emissions[2027]=1.55182
Tue Mar 21 15:37:28 2023:DEBUG:setData: Setting C2F6_emissions[2028]=1.55108
Tue Mar 21 15:37:28 2023:DEBUG:setData: Setting C2F6_emissions[2029]=1.55034
Tue Mar 21 15:37:28 2023:DEBUG:setData: Setting C2F6_emissions[2030]=1.5496
Tue Mar 21 15:37:28 2023:DEBUG:setData: Setting C2F6_emissions[2031]=1.54117
Tue Mar 21 15:37:28 2023:DEBUG:setData: Setting C2F6_emissions[2032]=1.53274
Tue Mar 21 15:37:28 2023:DEBUG:setData: Setting C2F6_emissions[2033]=1.52431
Tue Mar 21 15:37:28 2023:DEBUG:setData: Setting C2F6_emissions[2034]=1.51588
Tue Mar 21 15:37:28 2023:DEBUG:setData: Setting C2F6_emissions[2035]=1.50745
Tue Mar 21 15:37:28 2023:DEBUG:setData: Setting C2F6_emissions[2036]=1.49902
Tue Mar 21 15:37:28 2023:DEBUG:setData: Setting C2F6_emissions[2037]=1.49059
Tue Mar 21 15:37:28 2023:DEBUG:setData: Setting C2F6_emissions[2038]=1.48216
Tue Mar 21 15:37:28 2023:DEBUG:setData: Setting C2F6_emissions[2039]=1.47373
Tue Mar 21 15:37:28 2023:DEBUG:setData: Setting C2F6_emissions[2040]=1.4653
Tue Mar 21 15:37:28 2023:DEBUG:setData: Setting C2F6_emissions[2041]=1.45543
Tue Mar 21 15:37:28 2023:DEBUG:setData: Setting C2F6_emissions[2042]=1.44556
Tue Mar 21 15:37:28 2023:DEBUG:setData: Setting C2F6_emissions[2043]=1.43569
Tue Mar 21 15:37:28 2023:DEBUG:setData: Setting C2F6_emissions[2044]=1.42582
Tue Mar 21 15:37:28 2023:DEBUG:setData: Setting C2F6_emissions[2045]=1.41595
Tue Mar 21 15:37:28 2023:DEBUG:setData: Setting C2F6_emissions[2046]=1.40608
Tue Mar 21 15:37:28 2023:DEBUG:setData: Setting C2F6_emissions[2047]=1.39621
Tue Mar 21 15:37:28 2023:DEBUG:setData: Setting C2F6_emissions[2048]=1.38634
Tue Mar 21 15:37:28 2023:DEBUG:setData: Setting C2F6_emissions[2049]=1.37647
Tue Mar 21 15:37:28 2023:DEBUG:setData: Setting C2F6_emissions[2050]=1.3666
Tue Mar 21 15:37:28 2023:DEBUG:setData: Setting C2F6_emissions[2051]=1.33951
Tue Mar 21 15:37:28 2023:DEBUG:setData: Setting C2F6_emissions[2052]=1.31242
Tue Mar 21 15:37:28 2023:DEBUG:setData: Setting C2F6_emissions[2053]=1.28533
Tue Mar 21 15:37:28 2023:DEBUG:setData: Setting C2F6_emissions[2054]=1.25824
Tue Mar 21 15:37:28 2023:DEBUG:setData: Setting C2F6_emissions[2055]=1.23115
Tue Mar 21 15:37:28 2023:DEBUG:setData: Setting C2F6_emissions[2056]=1.20406
Tue Mar 21 15:37:28 2023:DEBUG:setData: Setting C2F6_emissions[2057]=1.17697
Tue Mar 21 15:37:28 2023:DEBUG:setData: Setting C2F6_emissions[2058]=1.14988
Tue Mar 21 15:37:28 2023:DEBUG:setData: Setting C2F6_emissions[2059]=1.12279
Tue Mar 21 15:37:28 2023:DEBUG:setData: Setting C2F6_emissions[2060]=1.0957
Tue Mar 21 15:37:28 2023:DEBUG:setData: Setting C2F6_emissions[2061]=1.07682
Tue Mar 21 15:37:28 2023:DEBUG:setData: Setting C2F6_emissions[2062]=1.05794
Tue Mar 21 15:37:28 2023:DEBUG:setData: Setting C2F6_emissions[2063]=1.03906
Tue Mar 21 15:37:28 2023:DEBUG:setData: Setting C2F6_emissions[2064]=1.02018
Tue Mar 21 15:37:28 2023:DEBUG:setData: Setting C2F6_emissions[2065]=1.0013
Tue Mar 21 15:37:28 2023:DEBUG:setData: Setting C2F6_emissions[2066]=0.98242
Tue Mar 21 15:37:28 2023:DEBUG:setData: Setting C2F6_emissions[2067]=0.96354
Tue Mar 21 15:37:28 2023:DEBUG:setData: Setting C2F6_emissions[2068]=0.94466
Tue Mar 21 15:37:28 2023:DEBUG:setData: Setting C2F6_emissions[2069]=0.92578
Tue Mar 21 15:37:28 2023:DEBUG:setData: Setting C2F6_emissions[2070]=0.9069
Tue Mar 21 15:37:28 2023:DEBUG:setData: Setting C2F6_emissions[2071]=0.8724
Tue Mar 21 15:37:28 2023:DEBUG:setData: Setting C2F6_emissions[2072]=0.8379
Tue Mar 21 15:37:28 2023:DEBUG:setData: Setting C2F6_emissions[2073]=0.8034
Tue Mar 21 15:37:28 2023:DEBUG:setData: Setting C2F6_emissions[2074]=0.7689
Tue Mar 21 15:37:28 2023:DEBUG:setData: Setting C2F6_emissions[2075]=0.7344
Tue Mar 21 15:37:28 2023:DEBUG:setData: Setting C2F6_emissions[2076]=0.6999
Tue Mar 21 15:37:28 2023:DEBUG:setData: Setting C2F6_emissions[2077]=0.6654
Tue Mar 21 15:37:28 2023:DEBUG:setData: Setting C2F6_emissions[2078]=0.6309
Tue Mar 21 15:37:28 2023:DEBUG:setData: Setting C2F6_emissions[2079]=0.5964
Tue Mar 21 15:37:28 2023:DEBUG:setData: Setting C2F6_emissions[2080]=0.5619
Tue Mar 21 15:37:28 2023:DEBUG:setData: Setting C2F6_emissions[2081]=0.55554
Tue Mar 21 15:37:28 2023:DEBUG:setData: Setting C2F6_emissions[2082]=0.54918
Tue Mar 21 15:37:28 2023:DEBUG:setData: Setting C2F6_emissions[2083]=0.54282
Tue Mar 21 15:37:28 2023:DEBUG:setData: Setting C2F6_emissions[2084]=0.53646
Tue Mar 21 15:37:28 2023:DEBUG:setData: Setting C2F6_emissions[2085]=0.5301
Tue Mar 21 15:37:28 2023:DEBUG:setData: Setting C2F6_emissions[2086]=0.52374
Tue Mar 21 15:37:28 2023:DEBUG:setData: Setting C2F6_emissions[2087]=0.51738
Tue Mar 21 15:37:28 2023:DEBUG:setData: Setting C2F6_emissions[2088]=0.51102
Tue Mar 21 15:37:28 2023:DEBUG:setData: Setting C2F6_emissions[2089]=0.50466
Tue Mar 21 15:37:28 2023:DEBUG:setData: Setting C2F6_emissions[2090]=0.4983
Tue Mar 21 15:37:28 2023:DEBUG:setData: Setting C2F6_emissions[2091]=0.49533
Tue Mar 21 15:37:28 2023:DEBUG:setData: Setting C2F6_emissions[2092]=0.49236
Tue Mar 21 15:37:28 2023:DEBUG:setData: Setting C2F6_emissions[2093]=0.48939
Tue Mar 21 15:37:28 2023:DEBUG:setData: Setting C2F6_emissions[2094]=0.48642
Tue Mar 21 15:37:28 2023:DEBUG:setData: Setting C2F6_emissions[2095]=0.48345
Tue Mar 21 15:37:28 2023:DEBUG:setData: Setting C2F6_emissions[2096]=0.48048
Tue Mar 21 15:37:28 2023:DEBUG:setData: Setting C2F6_emissions[2097]=0.47751
Tue Mar 21 15:37:28 2023:DEBUG:setData: Setting C2F6_emissions[2098]=0.47454
Tue Mar 21 15:37:28 2023:DEBUG:setData: Setting C2F6_emissions[2099]=0.47157
Tue Mar 21 15:37:28 2023:DEBUG:setData: Setting C2F6_emissions[2100]=0.4686
Tue Mar 21 15:37:28 2023:DEBUG:setData: Setting C2F6_emissions[2101]=0.465476
Tue Mar 21 15:37:28 2023:DEBUG:setData: Setting C2F6_emissions[2102]=0.462352
Tue Mar 21 15:37:28 2023:DEBUG:setData: Setting C2F6_emissions[2103]=0.459228
Tue Mar 21 15:37:28 2023:DEBUG:setData: Setting C2F6_emissions[2104]=0.456104
Tue Mar 21 15:37:28 2023:DEBUG:setData: Setting C2F6_emissions[2105]=0.45298
Tue Mar 21 15:37:28 2023:DEBUG:setData: Setting C2F6_emissions[2106]=0.449856
Tue Mar 21 15:37:28 2023:DEBUG:setData: Setting C2F6_emissions[2107]=0.446732
Tue Mar 21 15:37:28 2023:DEBUG:setData: Setting C2F6_emissions[2108]=0.443608
Tue Mar 21 15:37:28 2023:DEBUG:setData: Setting C2F6_emissions[2109]=0.440484
Tue Mar 21 15:37:28 2023:DEBUG:setData: Setting C2F6_emissions[2110]=0.43736
Tue Mar 21 15:37:28 2023:DEBUG:setData: Setting C2F6_emissions[2111]=0.434236
Tue Mar 21 15:37:28 2023:DEBUG:setData: Setting C2F6_emissions[2112]=0.431112
Tue Mar 21 15:37:28 2023:DEBUG:setData: Setting C2F6_emissions[2113]=0.427988
Tue Mar 21 15:37:28 2023:DEBUG:setData: Setting C2F6_emissions[2114]=0.424864
Tue Mar 21 15:37:28 2023:DEBUG:setData: Setting C2F6_emissions[2115]=0.42174
Tue Mar 21 15:37:28 2023:DEBUG:setData: Setting C2F6_emissions[2116]=0.418616
Tue Mar 21 15:37:28 2023:DEBUG:setData: Setting C2F6_emissions[2117]=0.415492
Tue Mar 21 15:37:28 2023:DEBUG:setData: Setting C2F6_emissions[2118]=0.412368
Tue Mar 21 15:37:28 2023:DEBUG:setData: Setting C2F6_emissions[2119]=0.409244
Tue Mar 21 15:37:28 2023:DEBUG:setData: Setting C2F6_emissions[2120]=0.40612
Tue Mar 21 15:37:28 2023:DEBUG:setData: Setting C2F6_emissions[2121]=0.402996
Tue Mar 21 15:37:28 2023:DEBUG:setData: Setting C2F6_emissions[2122]=0.399872
Tue Mar 21 15:37:28 2023:DEBUG:setData: Setting C2F6_emissions[2123]=0.396748
Tue Mar 21 15:37:28 2023:DEBUG:setData: Setting C2F6_emissions[2124]=0.393624
Tue Mar 21 15:37:28 2023:DEBUG:setData: Setting C2F6_emissions[2125]=0.3905
Tue Mar 21 15:37:28 2023:DEBUG:setData: Setting C2F6_emissions[2126]=0.387376
Tue Mar 21 15:37:28 2023:DEBUG:setData: Setting C2F6_emissions[2127]=0.384252
Tue Mar 21 15:37:28 2023:DEBUG:setData: Setting C2F6_emissions[2128]=0.381128
Tue Mar 21 15:37:28 2023:DEBUG:setData: Setting C2F6_emissions[2129]=0.378004
Tue Mar 21 15:37:28 2023:DEBUG:setData: Setting C2F6_emissions[2130]=0.37488
Tue Mar 21 15:37:28 2023:DEBUG:setData: Setting C2F6_emissions[2131]=0.371756
Tue Mar 21 15:37:28 2023:DEBUG:setData: Setting C2F6_emissions[2132]=0.368632
Tue Mar 21 15:37:28 2023:DEBUG:setData: Setting C2F6_emissions[2133]=0.365508
Tue Mar 21 15:37:28 2023:DEBUG:setData: Setting C2F6_emissions[2134]=0.362384
Tue Mar 21 15:37:28 2023:DEBUG:setData: Setting C2F6_emissions[2135]=0.35926
Tue Mar 21 15:37:28 2023:DEBUG:setData: Setting C2F6_emissions[2136]=0.356136
Tue Mar 21 15:37:28 2023:DEBUG:setData: Setting C2F6_emissions[2137]=0.353012
Tue Mar 21 15:37:28 2023:DEBUG:setData: Setting C2F6_emissions[2138]=0.349888
Tue Mar 21 15:37:28 2023:DEBUG:setData: Setting C2F6_emissions[2139]=0.346764
Tue Mar 21 15:37:28 2023:DEBUG:setData: Setting C2F6_emissions[2140]=0.34364
Tue Mar 21 15:37:28 2023:DEBUG:setData: Setting C2F6_emissions[2141]=0.340516
Tue Mar 21 15:37:28 2023:DEBUG:setData: Setting C2F6_emissions[2142]=0.337392
Tue Mar 21 15:37:28 2023:DEBUG:setData: Setting C2F6_emissions[2143]=0.334268
Tue Mar 21 15:37:28 2023:DEBUG:setData: Setting C2F6_emissions[2144]=0.331144
Tue Mar 21 15:37:28 2023:DEBUG:setData: Setting C2F6_emissions[2145]=0.32802
Tue Mar 21 15:37:28 2023:DEBUG:setData: Setting C2F6_emissions[2146]=0.324896
Tue Mar 21 15:37:28 2023:DEBUG:setData: Setting C2F6_emissions[2147]=0.321772
Tue Mar 21 15:37:28 2023:DEBUG:setData: Setting C2F6_emissions[2148]=0.318648
Tue Mar 21 15:37:28 2023:DEBUG:setData: Setting C2F6_emissions[2149]=0.315524
Tue Mar 21 15:37:28 2023:DEBUG:setData: Setting C2F6_emissions[2150]=0.3124
Tue Mar 21 15:37:28 2023:DEBUG:setData: Setting C2F6_emissions[2151]=0.309276
Tue Mar 21 15:37:28 2023:DEBUG:setData: Setting C2F6_emissions[2152]=0.306152
Tue Mar 21 15:37:28 2023:DEBUG:setData: Setting C2F6_emissions[2153]=0.303028
Tue Mar 21 15:37:28 2023:DEBUG:setData: Setting C2F6_emissions[2154]=0.299904
Tue Mar 21 15:37:28 2023:DEBUG:setData: Setting C2F6_emissions[2155]=0.29678
Tue Mar 21 15:37:28 2023:DEBUG:setData: Setting C2F6_emissions[2156]=0.293656
Tue Mar 21 15:37:28 2023:DEBUG:setData: Setting C2F6_emissions[2157]=0.290532
Tue Mar 21 15:37:28 2023:DEBUG:setData: Setting C2F6_emissions[2158]=0.287408
Tue Mar 21 15:37:28 2023:DEBUG:setData: Setting C2F6_emissions[2159]=0.284284
Tue Mar 21 15:37:28 2023:DEBUG:setData: Setting C2F6_emissions[2160]=0.28116
Tue Mar 21 15:37:28 2023:DEBUG:setData: Setting C2F6_emissions[2161]=0.278036
Tue Mar 21 15:37:28 2023:DEBUG:setData: Setting C2F6_emissions[2162]=0.274912
Tue Mar 21 15:37:28 2023:DEBUG:setData: Setting C2F6_emissions[2163]=0.271788
Tue Mar 21 15:37:28 2023:DEBUG:setData: Setting C2F6_emissions[2164]=0.268664
Tue Mar 21 15:37:28 2023:DEBUG:setData: Setting C2F6_emissions[2165]=0.26554
Tue Mar 21 15:37:28 2023:DEBUG:setData: Setting C2F6_emissions[2166]=0.262416
Tue Mar 21 15:37:28 2023:DEBUG:setData: Setting C2F6_emissions[2167]=0.259292
Tue Mar 21 15:37:28 2023:DEBUG:setData: Setting C2F6_emissions[2168]=0.256168
Tue Mar 21 15:37:28 2023:DEBUG:setData: Setting C2F6_emissions[2169]=0.253044
Tue Mar 21 15:37:28 2023:DEBUG:setData: Setting C2F6_emissions[2170]=0.24992
Tue Mar 21 15:37:28 2023:DEBUG:setData: Setting C2F6_emissions[2171]=0.246796
Tue Mar 21 15:37:28 2023:DEBUG:setData: Setting C2F6_emissions[2172]=0.243672
Tue Mar 21 15:37:28 2023:DEBUG:setData: Setting C2F6_emissions[2173]=0.240548
Tue Mar 21 15:37:28 2023:DEBUG:setData: Setting C2F6_emissions[2174]=0.237424
Tue Mar 21 15:37:28 2023:DEBUG:setData: Setting C2F6_emissions[2175]=0.2343
Tue Mar 21 15:37:28 2023:DEBUG:setData: Setting C2F6_emissions[2176]=0.231176
Tue Mar 21 15:37:28 2023:DEBUG:setData: Setting C2F6_emissions[2177]=0.228052
Tue Mar 21 15:37:28 2023:DEBUG:setData: Setting C2F6_emissions[2178]=0.224928
Tue Mar 21 15:37:28 2023:DEBUG:setData: Setting C2F6_emissions[2179]=0.221804
Tue Mar 21 15:37:28 2023:DEBUG:setData: Setting C2F6_emissions[2180]=0.21868
Tue Mar 21 15:37:28 2023:DEBUG:setData: Setting C2F6_emissions[2181]=0.215556
Tue Mar 21 15:37:28 2023:DEBUG:setData: Setting C2F6_emissions[2182]=0.212432
Tue Mar 21 15:37:28 2023:DEBUG:setData: Setting C2F6_emissions[2183]=0.209308
Tue Mar 21 15:37:28 2023:DEBUG:setData: Setting C2F6_emissions[2184]=0.206184
Tue Mar 21 15:37:28 2023:DEBUG:setData: Setting C2F6_emissions[2185]=0.20306
Tue Mar 21 15:37:28 2023:DEBUG:setData: Setting C2F6_emissions[2186]=0.199936
Tue Mar 21 15:37:28 2023:DEBUG:setData: Setting C2F6_emissions[2187]=0.196812
Tue Mar 21 15:37:28 2023:DEBUG:setData: Setting C2F6_emissions[2188]=0.193688
Tue Mar 21 15:37:28 2023:DEBUG:setData: Setting C2F6_emissions[2189]=0.190564
Tue Mar 21 15:37:28 2023:DEBUG:setData: Setting C2F6_emissions[2190]=0.18744
Tue Mar 21 15:37:28 2023:DEBUG:setData: Setting C2F6_emissions[2191]=0.184316
Tue Mar 21 15:37:28 2023:DEBUG:setData: Setting C2F6_emissions[2192]=0.181192
Tue Mar 21 15:37:28 2023:DEBUG:setData: Setting C2F6_emissions[2193]=0.178068
Tue Mar 21 15:37:28 2023:DEBUG:setData: Setting C2F6_emissions[2194]=0.174944
Tue Mar 21 15:37:28 2023:DEBUG:setData: Setting C2F6_emissions[2195]=0.17182
Tue Mar 21 15:37:28 2023:DEBUG:setData: Setting C2F6_emissions[2196]=0.168696
Tue Mar 21 15:37:28 2023:DEBUG:setData: Setting C2F6_emissions[2197]=0.165572
Tue Mar 21 15:37:28 2023:DEBUG:setData: Setting C2F6_emissions[2198]=0.162448
Tue Mar 21 15:37:28 2023:DEBUG:setData: Setting C2F6_emissions[2199]=0.159324
Tue Mar 21 15:37:28 2023:DEBUG:setData: Setting C2F6_emissions[2200]=0.1562
Tue Mar 21 15:37:28 2023:DEBUG:setData: Setting C2F6_emissions[2201]=0.153076
Tue Mar 21 15:37:28 2023:DEBUG:setData: Setting C2F6_emissions[2202]=0.149952
Tue Mar 21 15:37:28 2023:DEBUG:setData: Setting C2F6_emissions[2203]=0.146828
Tue Mar 21 15:37:28 2023:DEBUG:setData: Setting C2F6_emissions[2204]=0.143704
Tue Mar 21 15:37:28 2023:DEBUG:setData: Setting C2F6_emissions[2205]=0.14058
Tue Mar 21 15:37:28 2023:DEBUG:setData: Setting C2F6_emissions[2206]=0.137456
Tue Mar 21 15:37:28 2023:DEBUG:setData: Setting C2F6_emissions[2207]=0.134332
Tue Mar 21 15:37:28 2023:DEBUG:setData: Setting C2F6_emissions[2208]=0.131208
Tue Mar 21 15:37:28 2023:DEBUG:setData: Setting C2F6_emissions[2209]=0.128084
Tue Mar 21 15:37:28 2023:DEBUG:setData: Setting C2F6_emissions[2210]=0.12496
Tue Mar 21 15:37:28 2023:DEBUG:setData: Setting C2F6_emissions[2211]=0.121836
Tue Mar 21 15:37:28 2023:DEBUG:setData: Setting C2F6_emissions[2212]=0.118712
Tue Mar 21 15:37:28 2023:DEBUG:setData: Setting C2F6_emissions[2213]=0.115588
Tue Mar 21 15:37:28 2023:DEBUG:setData: Setting C2F6_emissions[2214]=0.112464
Tue Mar 21 15:37:28 2023:DEBUG:setData: Setting C2F6_emissions[2215]=0.10934
Tue Mar 21 15:37:28 2023:DEBUG:setData: Setting C2F6_emissions[2216]=0.106216
Tue Mar 21 15:37:28 2023:DEBUG:setData: Setting C2F6_emissions[2217]=0.103092
Tue Mar 21 15:37:28 2023:DEBUG:setData: Setting C2F6_emissions[2218]=0.099968
Tue Mar 21 15:37:28 2023:DEBUG:setData: Setting C2F6_emissions[2219]=0.096844
Tue Mar 21 15:37:28 2023:DEBUG:setData: Setting C2F6_emissions[2220]=0.09372
Tue Mar 21 15:37:28 2023:DEBUG:setData: Setting C2F6_emissions[2221]=0.090596
Tue Mar 21 15:37:28 2023:DEBUG:setData: Setting C2F6_emissions[2222]=0.087472
Tue Mar 21 15:37:28 2023:DEBUG:setData: Setting C2F6_emissions[2223]=0.084348
Tue Mar 21 15:37:28 2023:DEBUG:setData: Setting C2F6_emissions[2224]=0.081224
Tue Mar 21 15:37:28 2023:DEBUG:setData: Setting C2F6_emissions[2225]=0.0781
Tue Mar 21 15:37:28 2023:DEBUG:setData: Setting C2F6_emissions[2226]=0.074976
Tue Mar 21 15:37:28 2023:DEBUG:setData: Setting C2F6_emissions[2227]=0.071852
Tue Mar 21 15:37:28 2023:DEBUG:setData: Setting C2F6_emissions[2228]=0.068728
Tue Mar 21 15:37:28 2023:DEBUG:setData: Setting C2F6_emissions[2229]=0.065604
Tue Mar 21 15:37:28 2023:DEBUG:setData: Setting C2F6_emissions[2230]=0.06248
Tue Mar 21 15:37:28 2023:DEBUG:setData: Setting C2F6_emissions[2231]=0.059356
Tue Mar 21 15:37:28 2023:DEBUG:setData: Setting C2F6_emissions[2232]=0.056232
Tue Mar 21 15:37:28 2023:DEBUG:setData: Setting C2F6_emissions[2233]=0.053108
Tue Mar 21 15:37:28 2023:DEBUG:setData: Setting C2F6_emissions[2234]=0.049984
Tue Mar 21 15:37:28 2023:DEBUG:setData: Setting C2F6_emissions[2235]=0.04686
Tue Mar 21 15:37:28 2023:DEBUG:setData: Setting C2F6_emissions[2236]=0.043736
Tue Mar 21 15:37:28 2023:DEBUG:setData: Setting C2F6_emissions[2237]=0.040612
Tue Mar 21 15:37:28 2023:DEBUG:setData: Setting C2F6_emissions[2238]=0.037488
Tue Mar 21 15:37:28 2023:DEBUG:setData: Setting C2F6_emissions[2239]=0.034364
Tue Mar 21 15:37:28 2023:DEBUG:setData: Setting C2F6_emissions[2240]=0.03124
Tue Mar 21 15:37:28 2023:DEBUG:setData: Setting C2F6_emissions[2241]=0.028116
Tue Mar 21 15:37:28 2023:DEBUG:setData: Setting C2F6_emissions[2242]=0.024992
Tue Mar 21 15:37:28 2023:DEBUG:setData: Setting C2F6_emissions[2243]=0.021868
Tue Mar 21 15:37:28 2023:DEBUG:setData: Setting C2F6_emissions[2244]=0.018744
Tue Mar 21 15:37:28 2023:DEBUG:setData: Setting C2F6_emissions[2245]=0.01562
Tue Mar 21 15:37:28 2023:DEBUG:setData: Setting C2F6_emissions[2246]=0.012496
Tue Mar 21 15:37:28 2023:DEBUG:setData: Setting C2F6_emissions[2247]=0.009372
Tue Mar 21 15:37:28 2023:DEBUG:setData: Setting C2F6_emissions[2248]=0.006248
Tue Mar 21 15:37:28 2023:DEBUG:setData: Setting C2F6_emissions[2249]=0.003124
Tue Mar 21 15:37:28 2023:DEBUG:setData: Setting C2F6_emissions[2250]=0
Tue Mar 21 15:37:28 2023:DEBUG:setData: Setting C2F6_emissions[2251]=0
Tue Mar 21 15:37:28 2023:DEBUG:setData: Setting C2F6_emissions[2252]=0
Tue Mar 21 15:37:28 2023:DEBUG:setData: Setting C2F6_emissions[2253]=0
Tue Mar 21 15:37:28 2023:DEBUG:setData: Setting C2F6_emissions[2254]=0
Tue Mar 21 15:37:28 2023:DEBUG:setData: Setting C2F6_emissions[2255]=0
Tue Mar 21 15:37:28 2023:DEBUG:setData: Setting C2F6_emissions[2256]=0
Tue Mar 21 15:37:28 2023:DEBUG:setData: Setting C2F6_emissions[2257]=0
Tue Mar 21 15:37:28 2023:DEBUG:setData: Setting C2F6_emissions[2258]=0
Tue Mar 21 15:37:28 2023:DEBUG:setData: Setting C2F6_emissions[2259]=0
Tue Mar 21 15:37:28 2023:DEBUG:setData: Setting C2F6_emissions[2260]=0
Tue Mar 21 15:37:28 2023:DEBUG:setData: Setting C2F6_emissions[2261]=0
Tue Mar 21 15:37:28 2023:DEBUG:setData: Setting C2F6_emissions[2262]=0
Tue Mar 21 15:37:28 2023:DEBUG:setData: Setting C2F6_emissions[2263]=0
Tue Mar 21 15:37:28 2023:DEBUG:setData: Setting C2F6_emissions[2264]=0
Tue Mar 21 15:37:28 2023:DEBUG:setData: Setting C2F6_emissions[2265]=0
Tue Mar 21 15:37:28 2023:DEBUG:setData: Setting C2F6_emissions[2266]=0
Tue Mar 21 15:37:28 2023:DEBUG:setData: Setting C2F6_emissions[2267]=0
Tue Mar 21 15:37:28 2023:DEBUG:setData: Setting C2F6_emissions[2268]=0
Tue Mar 21 15:37:28 2023:DEBUG:setData: Setting C2F6_emissions[2269]=0
Tue Mar 21 15:37:28 2023:DEBUG:setData: Setting C2F6_emissions[2270]=0
Tue Mar 21 15:37:28 2023:DEBUG:setData: Setting C2F6_emissions[2271]=0
Tue Mar 21 15:37:28 2023:DEBUG:setData: Setting C2F6_emissions[2272]=0
Tue Mar 21 15:37:28 2023:DEBUG:setData: Setting C2F6_emissions[2273]=0
Tue Mar 21 15:37:28 2023:DEBUG:setData: Setting C2F6_emissions[2274]=0
Tue Mar 21 15:37:28 2023:DEBUG:setData: Setting C2F6_emissions[2275]=0
Tue Mar 21 15:37:28 2023:DEBUG:setData: Setting C2F6_emissions[2276]=0
Tue Mar 21 15:37:28 2023:DEBUG:setData: Setting C2F6_emissions[2277]=0
Tue Mar 21 15:37:28 2023:DEBUG:setData: Setting C2F6_emissions[2278]=0
Tue Mar 21 15:37:28 2023:DEBUG:setData: Setting C2F6_emissions[2279]=0
Tue Mar 21 15:37:28 2023:DEBUG:setData: Setting C2F6_emissions[2280]=0
Tue Mar 21 15:37:28 2023:DEBUG:setData: Setting C2F6_emissions[2281]=0
Tue Mar 21 15:37:28 2023:DEBUG:setData: Setting C2F6_emissions[2282]=0
Tue Mar 21 15:37:28 2023:DEBUG:setData: Setting C2F6_emissions[2283]=0
Tue Mar 21 15:37:28 2023:DEBUG:setData: Setting C2F6_emissions[2284]=0
Tue Mar 21 15:37:28 2023:DEBUG:setData: Setting C2F6_emissions[2285]=0
Tue Mar 21 15:37:28 2023:DEBUG:setData: Setting C2F6_emissions[2286]=0
Tue Mar 21 15:37:28 2023:DEBUG:setData: Setting C2F6_emissions[2287]=0
Tue Mar 21 15:37:28 2023:DEBUG:setData: Setting C2F6_emissions[2288]=0
Tue Mar 21 15:37:28 2023:DEBUG:setData: Setting C2F6_emissions[2289]=0
Tue Mar 21 15:37:28 2023:DEBUG:setData: Setting C2F6_emissions[2290]=0
Tue Mar 21 15:37:28 2023:DEBUG:setData: Setting C2F6_emissions[2291]=0
Tue Mar 21 15:37:28 2023:DEBUG:setData: Setting C2F6_emissions[2292]=0
Tue Mar 21 15:37:28 2023:DEBUG:setData: Setting C2F6_emissions[2293]=0
Tue Mar 21 15:37:28 2023:DEBUG:setData: Setting C2F6_emissions[2294]=0
Tue Mar 21 15:37:28 2023:DEBUG:setData: Setting C2F6_emissions[2295]=0
Tue Mar 21 15:37:28 2023:DEBUG:setData: Setting C2F6_emissions[2296]=0
Tue Mar 21 15:37:28 2023:DEBUG:setData: Setting C2F6_emissions[2297]=0
Tue Mar 21 15:37:28 2023:DEBUG:setData: Setting C2F6_emissions[2298]=0
Tue Mar 21 15:37:28 2023:DEBUG:setData: Setting C2F6_emissions[2299]=0
Tue Mar 21 15:37:28 2023:DEBUG:setData: Setting C2F6_emissions[2300]=0
Tue Mar 21 15:37:28 2023:DEBUG:setData: Setting C2F6_emissions[2301]=0
Tue Mar 21 15:37:28 2023:DEBUG:setData: Setting C2F6_emissions[2302]=0
Tue Mar 21 15:37:28 2023:DEBUG:setData: Setting C2F6_emissions[2303]=0
Tue Mar 21 15:37:28 2023:DEBUG:setData: Setting C2F6_emissions[2304]=0
Tue Mar 21 15:37:28 2023:DEBUG:setData: Setting C2F6_emissions[2305]=0
Tue Mar 21 15:37:28 2023:DEBUG:setData: Setting C2F6_emissions[2306]=0
Tue Mar 21 15:37:28 2023:DEBUG:setData: Setting C2F6_emissions[2307]=0
Tue Mar 21 15:37:28 2023:DEBUG:setData: Setting C2F6_emissions[2308]=0
Tue Mar 21 15:37:28 2023:DEBUG:setData: Setting C2F6_emissions[2309]=0
Tue Mar 21 15:37:28 2023:DEBUG:setData: Setting C2F6_emissions[2310]=0
Tue Mar 21 15:37:28 2023:DEBUG:setData: Setting C2F6_emissions[2311]=0
Tue Mar 21 15:37:28 2023:DEBUG:setData: Setting C2F6_emissions[2312]=0
Tue Mar 21 15:37:28 2023:DEBUG:setData: Setting C2F6_emissions[2313]=0
Tue Mar 21 15:37:28 2023:DEBUG:setData: Setting C2F6_emissions[2314]=0
Tue Mar 21 15:37:28 2023:DEBUG:setData: Setting C2F6_emissions[2315]=0
Tue Mar 21 15:37:28 2023:DEBUG:setData: Setting C2F6_emissions[2316]=0
Tue Mar 21 15:37:28 2023:DEBUG:setData: Setting C2F6_emissions[2317]=0
Tue Mar 21 15:37:28 2023:DEBUG:setData: Setting C2F6_emissions[2318]=0
Tue Mar 21 15:37:28 2023:DEBUG:setData: Setting C2F6_emissions[2319]=0
Tue Mar 21 15:37:28 2023:DEBUG:setData: Setting C2F6_emissions[2320]=0
Tue Mar 21 15:37:28 2023:DEBUG:setData: Setting C2F6_emissions[2321]=0
Tue Mar 21 15:37:28 2023:DEBUG:setData: Setting C2F6_emissions[2322]=0
Tue Mar 21 15:37:28 2023:DEBUG:setData: Setting C2F6_emissions[2323]=0
Tue Mar 21 15:37:28 2023:DEBUG:setData: Setting C2F6_emissions[2324]=0
Tue Mar 21 15:37:28 2023:DEBUG:setData: Setting C2F6_emissions[2325]=0
Tue Mar 21 15:37:28 2023:DEBUG:setData: Setting C2F6_emissions[2326]=0
Tue Mar 21 15:37:28 2023:DEBUG:setData: Setting C2F6_emissions[2327]=0
Tue Mar 21 15:37:28 2023:DEBUG:setData: Setting C2F6_emissions[2328]=0
Tue Mar 21 15:37:28 2023:DEBUG:setData: Setting C2F6_emissions[2329]=0
Tue Mar 21 15:37:28 2023:DEBUG:setData: Setting C2F6_emissions[2330]=0
Tue Mar 21 15:37:28 2023:DEBUG:setData: Setting C2F6_emissions[2331]=0
Tue Mar 21 15:37:28 2023:DEBUG:setData: Setting C2F6_emissions[2332]=0
Tue Mar 21 15:37:28 2023:DEBUG:setData: Setting C2F6_emissions[2333]=0
Tue Mar 21 15:37:28 2023:DEBUG:setData: Setting C2F6_emissions[2334]=0
Tue Mar 21 15:37:28 2023:DEBUG:setData: Setting C2F6_emissions[2335]=0
Tue Mar 21 15:37:28 2023:DEBUG:setData: Setting C2F6_emissions[2336]=0
Tue Mar 21 15:37:28 2023:DEBUG:setData: Setting C2F6_emissions[2337]=0
Tue Mar 21 15:37:28 2023:DEBUG:setData: Setting C2F6_emissions[2338]=0
Tue Mar 21 15:37:28 2023:DEBUG:setData: Setting C2F6_emissions[2339]=0
Tue Mar 21 15:37:28 2023:DEBUG:setData: Setting C2F6_emissions[2340]=0
Tue Mar 21 15:37:28 2023:DEBUG:setData: Setting C2F6_emissions[2341]=0
Tue Mar 21 15:37:28 2023:DEBUG:setData: Setting C2F6_emissions[2342]=0
Tue Mar 21 15:37:28 2023:DEBUG:setData: Setting C2F6_emissions[2343]=0
Tue Mar 21 15:37:28 2023:DEBUG:setData: Setting C2F6_emissions[2344]=0
Tue Mar 21 15:37:28 2023:DEBUG:setData: Setting C2F6_emissions[2345]=0
Tue Mar 21 15:37:28 2023:DEBUG:setData: Setting C2F6_emissions[2346]=0
Tue Mar 21 15:37:28 2023:DEBUG:setData: Setting C2F6_emissions[2347]=0
Tue Mar 21 15:37:28 2023:DEBUG:setData: Setting C2F6_emissions[2348]=0
Tue Mar 21 15:37:28 2023:DEBUG:setData: Setting C2F6_emissions[2349]=0
Tue Mar 21 15:37:28 2023:DEBUG:setData: Setting C2F6_emissions[2350]=0
Tue Mar 21 15:37:28 2023:DEBUG:setData: Setting C2F6_emissions[2351]=0
Tue Mar 21 15:37:28 2023:DEBUG:setData: Setting C2F6_emissions[2352]=0
Tue Mar 21 15:37:28 2023:DEBUG:setData: Setting C2F6_emissions[2353]=0
Tue Mar 21 15:37:28 2023:DEBUG:setData: Setting C2F6_emissions[2354]=0
Tue Mar 21 15:37:28 2023:DEBUG:setData: Setting C2F6_emissions[2355]=0
Tue Mar 21 15:37:28 2023:DEBUG:setData: Setting C2F6_emissions[2356]=0
Tue Mar 21 15:37:28 2023:DEBUG:setData: Setting C2F6_emissions[2357]=0
Tue Mar 21 15:37:28 2023:DEBUG:setData: Setting C2F6_emissions[2358]=0
Tue Mar 21 15:37:28 2023:DEBUG:setData: Setting C2F6_emissions[2359]=0
Tue Mar 21 15:37:28 2023:DEBUG:setData: Setting C2F6_emissions[2360]=0
Tue Mar 21 15:37:28 2023:DEBUG:setData: Setting C2F6_emissions[2361]=0
Tue Mar 21 15:37:28 2023:DEBUG:setData: Setting C2F6_emissions[2362]=0
Tue Mar 21 15:37:28 2023:DEBUG:setData: Setting C2F6_emissions[2363]=0
Tue Mar 21 15:37:28 2023:DEBUG:setData: Setting C2F6_emissions[2364]=0
Tue Mar 21 15:37:28 2023:DEBUG:setData: Setting C2F6_emissions[2365]=0
Tue Mar 21 15:37:28 2023:DEBUG:setData: Setting C2F6_emissions[2366]=0
Tue Mar 21 15:37:28 2023:DEBUG:setData: Setting C2F6_emissions[2367]=0
Tue Mar 21 15:37:28 2023:DEBUG:setData: Setting C2F6_emissions[2368]=0
Tue Mar 21 15:37:28 2023:DEBUG:setData: Setting C2F6_emissions[2369]=0
Tue Mar 21 15:37:28 2023:DEBUG:setData: Setting C2F6_emissions[2370]=0
Tue Mar 21 15:37:28 2023:DEBUG:setData: Setting C2F6_emissions[2371]=0
Tue Mar 21 15:37:28 2023:DEBUG:setData: Setting C2F6_emissions[2372]=0
Tue Mar 21 15:37:28 2023:DEBUG:setData: Setting C2F6_emissions[2373]=0
Tue Mar 21 15:37:28 2023:DEBUG:setData: Setting C2F6_emissions[2374]=0
Tue Mar 21 15:37:28 2023:DEBUG:setData: Setting C2F6_emissions[2375]=0
Tue Mar 21 15:37:28 2023:DEBUG:setData: Setting C2F6_emissions[2376]=0
Tue Mar 21 15:37:28 2023:DEBUG:setData: Setting C2F6_emissions[2377]=0
Tue Mar 21 15:37:28 2023:DEBUG:setData: Setting C2F6_emissions[2378]=0
Tue Mar 21 15:37:28 2023:DEBUG:setData: Setting C2F6_emissions[2379]=0
Tue Mar 21 15:37:28 2023:DEBUG:setData: Setting C2F6_emissions[2380]=0
Tue Mar 21 15:37:28 2023:DEBUG:setData: Setting C2F6_emissions[2381]=0
Tue Mar 21 15:37:28 2023:DEBUG:setData: Setting C2F6_emissions[2382]=0
Tue Mar 21 15:37:28 2023:DEBUG:setData: Setting C2F6_emissions[2383]=0
Tue Mar 21 15:37:28 2023:DEBUG:setData: Setting C2F6_emissions[2384]=0
Tue Mar 21 15:37:28 2023:DEBUG:setData: Setting C2F6_emissions[2385]=0
Tue Mar 21 15:37:28 2023:DEBUG:setData: Setting C2F6_emissions[2386]=0
Tue Mar 21 15:37:28 2023:DEBUG:setData: Setting C2F6_emissions[2387]=0
Tue Mar 21 15:37:28 2023:DEBUG:setData: Setting C2F6_emissions[2388]=0
Tue Mar 21 15:37:28 2023:DEBUG:setData: Setting C2F6_emissions[2389]=0
Tue Mar 21 15:37:28 2023:DEBUG:setData: Setting C2F6_emissions[2390]=0
Tue Mar 21 15:37:28 2023:DEBUG:setData: Setting C2F6_emissions[2391]=0
Tue Mar 21 15:37:28 2023:DEBUG:setData: Setting C2F6_emissions[2392]=0
Tue Mar 21 15:37:28 2023:DEBUG:setData: Setting C2F6_emissions[2393]=0
Tue Mar 21 15:37:28 2023:DEBUG:setData: Setting C2F6_emissions[2394]=0
Tue Mar 21 15:37:28 2023:DEBUG:setData: Setting C2F6_emissions[2395]=0
Tue Mar 21 15:37:28 2023:DEBUG:setData: Setting C2F6_emissions[2396]=0
Tue Mar 21 15:37:28 2023:DEBUG:setData: Setting C2F6_emissions[2397]=0
Tue Mar 21 15:37:28 2023:DEBUG:setData: Setting C2F6_emissions[2398]=0
Tue Mar 21 15:37:28 2023:DEBUG:setData: Setting C2F6_emissions[2399]=0
Tue Mar 21 15:37:28 2023:DEBUG:setData: Setting C2F6_emissions[2400]=0
Tue Mar 21 15:37:28 2023:DEBUG:setData: Setting C2F6_emissions[2401]=0
Tue Mar 21 15:37:28 2023:DEBUG:setData: Setting C2F6_emissions[2402]=0
Tue Mar 21 15:37:28 2023:DEBUG:setData: Setting C2F6_emissions[2403]=0
Tue Mar 21 15:37:28 2023:DEBUG:setData: Setting C2F6_emissions[2404]=0
Tue Mar 21 15:37:28 2023:DEBUG:setData: Setting C2F6_emissions[2405]=0
Tue Mar 21 15:37:28 2023:DEBUG:setData: Setting C2F6_emissions[2406]=0
Tue Mar 21 15:37:28 2023:DEBUG:setData: Setting C2F6_emissions[2407]=0
Tue Mar 21 15:37:28 2023:DEBUG:setData: Setting C2F6_emissions[2408]=0
Tue Mar 21 15:37:28 2023:DEBUG:setData: Setting C2F6_emissions[2409]=0
Tue Mar 21 15:37:28 2023:DEBUG:setData: Setting C2F6_emissions[2410]=0
Tue Mar 21 15:37:28 2023:DEBUG:setData: Setting C2F6_emissions[2411]=0
Tue Mar 21 15:37:28 2023:DEBUG:setData: Setting C2F6_emissions[2412]=0
Tue Mar 21 15:37:28 2023:DEBUG:setData: Setting C2F6_emissions[2413]=0
Tue Mar 21 15:37:28 2023:DEBUG:setData: Setting C2F6_emissions[2414]=0
Tue Mar 21 15:37:28 2023:DEBUG:setData: Setting C2F6_emissions[2415]=0
Tue Mar 21 15:37:28 2023:DEBUG:setData: Setting C2F6_emissions[2416]=0
Tue Mar 21 15:37:28 2023:DEBUG:setData: Setting C2F6_emissions[2417]=0
Tue Mar 21 15:37:28 2023:DEBUG:setData: Setting C2F6_emissions[2418]=0
Tue Mar 21 15:37:28 2023:DEBUG:setData: Setting C2F6_emissions[2419]=0
Tue Mar 21 15:37:28 2023:DEBUG:setData: Setting C2F6_emissions[2420]=0
Tue Mar 21 15:37:28 2023:DEBUG:setData: Setting C2F6_emissions[2421]=0
Tue Mar 21 15:37:28 2023:DEBUG:setData: Setting C2F6_emissions[2422]=0
Tue Mar 21 15:37:28 2023:DEBUG:setData: Setting C2F6_emissions[2423]=0
Tue Mar 21 15:37:28 2023:DEBUG:setData: Setting C2F6_emissions[2424]=0
Tue Mar 21 15:37:28 2023:DEBUG:setData: Setting C2F6_emissions[2425]=0
Tue Mar 21 15:37:28 2023:DEBUG:setData: Setting C2F6_emissions[2426]=0
Tue Mar 21 15:37:28 2023:DEBUG:setData: Setting C2F6_emissions[2427]=0
Tue Mar 21 15:37:28 2023:DEBUG:setData: Setting C2F6_emissions[2428]=0
Tue Mar 21 15:37:28 2023:DEBUG:setData: Setting C2F6_emissions[2429]=0
Tue Mar 21 15:37:28 2023:DEBUG:setData: Setting C2F6_emissions[2430]=0
Tue Mar 21 15:37:28 2023:DEBUG:setData: Setting C2F6_emissions[2431]=0
Tue Mar 21 15:37:28 2023:DEBUG:setData: Setting C2F6_emissions[2432]=0
Tue Mar 21 15:37:28 2023:DEBUG:setData: Setting C2F6_emissions[2433]=0
Tue Mar 21 15:37:28 2023:DEBUG:setData: Setting C2F6_emissions[2434]=0
Tue Mar 21 15:37:28 2023:DEBUG:setData: Setting C2F6_emissions[2435]=0
Tue Mar 21 15:37:28 2023:DEBUG:setData: Setting C2F6_emissions[2436]=0
Tue Mar 21 15:37:28 2023:DEBUG:setData: Setting C2F6_emissions[2437]=0
Tue Mar 21 15:37:28 2023:DEBUG:setData: Setting C2F6_emissions[2438]=0
Tue Mar 21 15:37:28 2023:DEBUG:setData: Setting C2F6_emissions[2439]=0
Tue Mar 21 15:37:28 2023:DEBUG:setData: Setting C2F6_emissions[2440]=0
Tue Mar 21 15:37:28 2023:DEBUG:setData: Setting C2F6_emissions[2441]=0
Tue Mar 21 15:37:28 2023:DEBUG:setData: Setting C2F6_emissions[2442]=0
Tue Mar 21 15:37:28 2023:DEBUG:setData: Setting C2F6_emissions[2443]=0
Tue Mar 21 15:37:28 2023:DEBUG:setData: Setting C2F6_emissions[2444]=0
Tue Mar 21 15:37:28 2023:DEBUG:setData: Setting C2F6_emissions[2445]=0
Tue Mar 21 15:37:28 2023:DEBUG:setData: Setting C2F6_emissions[2446]=0
Tue Mar 21 15:37:28 2023:DEBUG:setData: Setting C2F6_emissions[2447]=0
Tue Mar 21 15:37:28 2023:DEBUG:setData: Setting C2F6_emissions[2448]=0
Tue Mar 21 15:37:28 2023:DEBUG:setData: Setting C2F6_emissions[2449]=0
Tue Mar 21 15:37:28 2023:DEBUG:setData: Setting C2F6_emissions[2450]=0
Tue Mar 21 15:37:28 2023:DEBUG:setData: Setting C2F6_emissions[2451]=0
Tue Mar 21 15:37:28 2023:DEBUG:setData: Setting C2F6_emissions[2452]=0
Tue Mar 21 15:37:28 2023:DEBUG:setData: Setting C2F6_emissions[2453]=0
Tue Mar 21 15:37:28 2023:DEBUG:setData: Setting C2F6_emissions[2454]=0
Tue Mar 21 15:37:28 2023:DEBUG:setData: Setting C2F6_emissions[2455]=0
Tue Mar 21 15:37:28 2023:DEBUG:setData: Setting C2F6_emissions[2456]=0
Tue Mar 21 15:37:28 2023:DEBUG:setData: Setting C2F6_emissions[2457]=0
Tue Mar 21 15:37:28 2023:DEBUG:setData: Setting C2F6_emissions[2458]=0
Tue Mar 21 15:37:28 2023:DEBUG:setData: Setting C2F6_emissions[2459]=0
Tue Mar 21 15:37:28 2023:DEBUG:setData: Setting C2F6_emissions[2460]=0
Tue Mar 21 15:37:28 2023:DEBUG:setData: Setting C2F6_emissions[2461]=0
Tue Mar 21 15:37:28 2023:DEBUG:setData: Setting C2F6_emissions[2462]=0
Tue Mar 21 15:37:28 2023:DEBUG:setData: Setting C2F6_emissions[2463]=0
Tue Mar 21 15:37:28 2023:DEBUG:setData: Setting C2F6_emissions[2464]=0
Tue Mar 21 15:37:28 2023:DEBUG:setData: Setting C2F6_emissions[2465]=0
Tue Mar 21 15:37:28 2023:DEBUG:setData: Setting C2F6_emissions[2466]=0
Tue Mar 21 15:37:28 2023:DEBUG:setData: Setting C2F6_emissions[2467]=0
Tue Mar 21 15:37:28 2023:DEBUG:setData: Setting C2F6_emissions[2468]=0
Tue Mar 21 15:37:28 2023:DEBUG:setData: Setting C2F6_emissions[2469]=0
Tue Mar 21 15:37:28 2023:DEBUG:setData: Setting C2F6_emissions[2470]=0
Tue Mar 21 15:37:28 2023:DEBUG:setData: Setting C2F6_emissions[2471]=0
Tue Mar 21 15:37:28 2023:DEBUG:setData: Setting C2F6_emissions[2472]=0
Tue Mar 21 15:37:28 2023:DEBUG:setData: Setting C2F6_emissions[2473]=0
Tue Mar 21 15:37:28 2023:DEBUG:setData: Setting C2F6_emissions[2474]=0
Tue Mar 21 15:37:28 2023:DEBUG:setData: Setting C2F6_emissions[2475]=0
Tue Mar 21 15:37:28 2023:DEBUG:setData: Setting C2F6_emissions[2476]=0
Tue Mar 21 15:37:28 2023:DEBUG:setData: Setting C2F6_emissions[2477]=0
Tue Mar 21 15:37:28 2023:DEBUG:setData: Setting C2F6_emissions[2478]=0
Tue Mar 21 15:37:28 2023:DEBUG:setData: Setting C2F6_emissions[2479]=0
Tue Mar 21 15:37:28 2023:DEBUG:setData: Setting C2F6_emissions[2480]=0
Tue Mar 21 15:37:28 2023:DEBUG:setData: Setting C2F6_emissions[2481]=0
Tue Mar 21 15:37:28 2023:DEBUG:setData: Setting C2F6_emissions[2482]=0
Tue Mar 21 15:37:28 2023:DEBUG:setData: Setting C2F6_emissions[2483]=0
Tue Mar 21 15:37:28 2023:DEBUG:setData: Setting C2F6_emissions[2484]=0
Tue Mar 21 15:37:28 2023:DEBUG:setData: Setting C2F6_emissions[2485]=0
Tue Mar 21 15:37:28 2023:DEBUG:setData: Setting C2F6_emissions[2486]=0
Tue Mar 21 15:37:28 2023:DEBUG:setData: Setting C2F6_emissions[2487]=0
Tue Mar 21 15:37:28 2023:DEBUG:setData: Setting C2F6_emissions[2488]=0
Tue Mar 21 15:37:28 2023:DEBUG:setData: Setting C2F6_emissions[2489]=0
Tue Mar 21 15:37:28 2023:DEBUG:setData: Setting C2F6_emissions[2490]=0
Tue Mar 21 15:37:28 2023:DEBUG:setData: Setting C2F6_emissions[2491]=0
Tue Mar 21 15:37:28 2023:DEBUG:setData: Setting C2F6_emissions[2492]=0
Tue Mar 21 15:37:28 2023:DEBUG:setData: Setting C2F6_emissions[2493]=0
Tue Mar 21 15:37:28 2023:DEBUG:setData: Setting C2F6_emissions[2494]=0
Tue Mar 21 15:37:28 2023:DEBUG:setData: Setting C2F6_emissions[2495]=0
Tue Mar 21 15:37:28 2023:DEBUG:setData: Setting C2F6_emissions[2496]=0
Tue Mar 21 15:37:28 2023:DEBUG:setData: Setting C2F6_emissions[2497]=0
Tue Mar 21 15:37:28 2023:DEBUG:setData: Setting C2F6_emissions[2498]=0
Tue Mar 21 15:37:28 2023:DEBUG:setData: Setting C2F6_emissions[2499]=0
Tue Mar 21 15:37:28 2023:DEBUG:setData: Setting C2F6_emissions[2500]=0
Tue Mar 21 15:37:28 2023:DEBUG:setData: Setting molarMass[-1]=138.01
Tue Mar 21 15:37:29 2023:DEBUG:prepareToRun: prepareToRun 
Tue Mar 21 15:37:30 2023:DEBUG:run: date: 1746 concentration: 0 pptv
Tue Mar 21 15:37:30 2023:DEBUG:run: date: 1747 concentration: 0 pptv
Tue Mar 21 15:37:30 2023:DEBUG:run: date: 1748 concentration: 0 pptv
Tue Mar 21 15:37:30 2023:DEBUG:run: date: 1749 concentration: 0 pptv
Tue Mar 21 15:37:30 2023:DEBUG:run: date: 1750 concentration: 0 pptv
Tue Mar 21 15:37:30 2023:DEBUG:run: date: 1751 concentration: 0 pptv
Tue Mar 21 15:37:30 2023:DEBUG:run: date: 1752 concentration: 0 pptv
Tue Mar 21 15:37:30 2023:DEBUG:run: date: 1753 concentration: 0 pptv
Tue Mar 21 15:37:30 2023:DEBUG:run: date: 1754 concentration: 0 pptv
Tue Mar 21 15:37:30 2023:DEBUG:run: date: 1755 concentration: 0 pptv
Tue Mar 21 15:37:30 2023:DEBUG:run: date: 1756 concentration: 0 pptv
Tue Mar 21 15:37:30 2023:DEBUG:run: date: 1757 concentration: 0 pptv
Tue Mar 21 15:37:30 2023:DEBUG:run: date: 1758 concentration: 0 pptv
Tue Mar 21 15:37:30 2023:DEBUG:run: date: 1759 concentration: 0 pptv
Tue Mar 21 15:37:30 2023:DEBUG:run: date: 1760 concentration: 0 pptv
Tue Mar 21 15:37:30 2023:DEBUG:run: date: 1761 concentration: 0 pptv
Tue Mar 21 15:37:30 2023:DEBUG:run: date: 1762 concentration: 0 pptv
Tue Mar 21 15:37:30 2023:DEBUG:run: date: 1763 concentration: 0 pptv
Tue Mar 21 15:37:30 2023:DEBUG:run: date: 1764 concentration: 0 pptv
Tue Mar 21 15:37:30 2023:DEBUG:run: date: 1765 concentration: 0 pptv
Tue Mar 21 15:37:30 2023:DEBUG:run: date: 1766 concentration: 0 pptv
Tue Mar 21 15:37:30 2023:DEBUG:run: date: 1767 concentration: 0 pptv
Tue Mar 21 15:37:30 2023:DEBUG:run: date: 1768 concentration: 0 pptv
Tue Mar 21 15:37:30 2023:DEBUG:run: date: 1769 concentration: 0 pptv
Tue Mar 21 15:37:30 2023:DEBUG:run: date: 1770 concentration: 0 pptv
Tue Mar 21 15:37:30 2023:DEBUG:run: date: 1771 concentration: 0 pptv
Tue Mar 21 15:37:30 2023:DEBUG:run: date: 1772 concentration: 0 pptv
Tue Mar 21 15:37:30 2023:DEBUG:run: date: 1773 concentration: 0 pptv
Tue Mar 21 15:37:30 2023:DEBUG:run: date: 1774 concentration: 0 pptv
Tue Mar 21 15:37:30 2023:DEBUG:run: date: 1775 concentration: 0 pptv
Tue Mar 21 15:37:30 2023:DEBUG:run: date: 1776 concentration: 0 pptv
Tue Mar 21 15:37:30 2023:DEBUG:run: date: 1777 concentration: 0 pptv
Tue Mar 21 15:37:30 2023:DEBUG:run: date: 1778 concentration: 0 pptv
Tue Mar 21 15:37:30 2023:DEBUG:run: date: 1779 concentration: 0 pptv
Tue Mar 21 15:37:30 2023:DEBUG:run: date: 1780 concentration: 0 pptv
Tue Mar 21 15:37:30 2023:DEBUG:run: date: 1781 concentration: 0 pptv
Tue Mar 21 15:37:30 2023:DEBUG:run: date: 1782 concentration: 0 pptv
Tue Mar 21 15:37:30 2023:DEBUG:run: date: 1783 concentration: 0 pptv
Tue Mar 21 15:37:30 2023:DEBUG:run: date: 1784 concentration: 0 pptv
Tue Mar 21 15:37:30 2023:DEBUG:run: date: 1785 concentration: 0 pptv
Tue Mar 21 15:37:30 2023:DEBUG:run: date: 1786 concentration: 0 pptv
Tue Mar 21 15:37:30 2023:DEBUG:run: date: 1787 concentration: 0 pptv
Tue Mar 21 15:37:30 2023:DEBUG:run: date: 1788 concentration: 0 pptv
Tue Mar 21 15:37:30 2023:DEBUG:run: date: 1789 concentration: 0 pptv
Tue Mar 21 15:37:30 2023:DEBUG:run: date: 1790 concentration: 0 pptv
Tue Mar 21 15:37:30 2023:DEBUG:run: date: 1791 concentration: 0 pptv
Tue Mar 21 15:37:30 2023:DEBUG:run: date: 1792 concentration: 0 pptv
Tue Mar 21 15:37:30 2023:DEBUG:run: date: 1793 concentration: 0 pptv
Tue Mar 21 15:37:30 2023:DEBUG:run: date: 1794 concentration: 0 pptv
Tue Mar 21 15:37:30 2023:DEBUG:run: date: 1795 concentration: 0 pptv
Tue Mar 21 15:37:30 2023:DEBUG:run: date: 1796 concentration: 0 pptv
Tue Mar 21 15:37:30 2023:DEBUG:run: date: 1797 concentration: 0 pptv
Tue Mar 21 15:37:30 2023:DEBUG:run: date: 1798 concentration: 0 pptv
Tue Mar 21 15:37:30 2023:DEBUG:run: date: 1799 concentration: 0 pptv
Tue Mar 21 15:37:30 2023:DEBUG:run: date: 1800 concentration: 0 pptv
Tue Mar 21 15:37:30 2023:DEBUG:run: date: 1801 concentration: 0 pptv
Tue Mar 21 15:37:30 2023:DEBUG:run: date: 1802 concentration: 0 pptv
Tue Mar 21 15:37:30 2023:DEBUG:run: date: 1803 concentration: 0 pptv
Tue Mar 21 15:37:30 2023:DEBUG:run: date: 1804 concentration: 0 pptv
Tue Mar 21 15:37:30 2023:DEBUG:run: date: 1805 concentration: 0 pptv
Tue Mar 21 15:37:30 2023:DEBUG:run: date: 1806 concentration: 0 pptv
Tue Mar 21 15:37:30 2023:DEBUG:run: date: 1807 concentration: 0 pptv
Tue Mar 21 15:37:30 2023:DEBUG:run: date: 1808 concentration: 0 pptv
Tue Mar 21 15:37:30 2023:DEBUG:run: date: 1809 concentration: 0 pptv
Tue Mar 21 15:37:30 2023:DEBUG:run: date: 1810 concentration: 0 pptv
Tue Mar 21 15:37:30 2023:DEBUG:run: date: 1811 concentration: 0 pptv
Tue Mar 21 15:37:30 2023:DEBUG:run: date: 1812 concentration: 0 pptv
Tue Mar 21 15:37:30 2023:DEBUG:run: date: 1813 concentration: 0 pptv
Tue Mar 21 15:37:30 2023:DEBUG:run: date: 1814 concentration: 0 pptv
Tue Mar 21 15:37:30 2023:DEBUG:run: date: 1815 concentration: 0 pptv
Tue Mar 21 15:37:30 2023:DEBUG:run: date: 1816 concentration: 0 pptv
Tue Mar 21 15:37:30 2023:DEBUG:run: date: 1817 concentration: 0 pptv
Tue Mar 21 15:37:30 2023:DEBUG:run: date: 1818 concentration: 0 pptv
Tue Mar 21 15:37:30 2023:DEBUG:run: date: 1819 concentration: 0 pptv
Tue Mar 21 15:37:30 2023:DEBUG:run: date: 1820 concentration: 0 pptv
Tue Mar 21 15:37:30 2023:DEBUG:run: date: 1821 concentration: 0 pptv
Tue Mar 21 15:37:30 2023:DEBUG:run: date: 1822 concentration: 0 pptv
Tue Mar 21 15:37:30 2023:DEBUG:run: date: 1823 concentration: 0 pptv
Tue Mar 21 15:37:30 2023:DEBUG:run: date: 1824 concentration: 0 pptv
Tue Mar 21 15:37:30 2023:DEBUG:run: date: 1825 concentration: 0 pptv
Tue Mar 21 15:37:30 2023:DEBUG:run: date: 1826 concentration: 0 pptv
Tue Mar 21 15:37:30 2023:DEBUG:run: date: 1827 concentration: 0 pptv
Tue Mar 21 15:37:30 2023:DEBUG:run: date: 1828 concentration: 0 pptv
Tue Mar 21 15:37:30 2023:DEBUG:run: date: 1829 concentration: 0 pptv
Tue Mar 21 15:37:30 2023:DEBUG:run: date: 1830 concentration: 0 pptv
Tue Mar 21 15:37:30 2023:DEBUG:run: date: 1831 concentration: 0 pptv
Tue Mar 21 15:37:30 2023:DEBUG:run: date: 1832 concentration: 0 pptv
Tue Mar 21 15:37:30 2023:DEBUG:run: date: 1833 concentration: 0 pptv
Tue Mar 21 15:37:30 2023:DEBUG:run: date: 1834 concentration: 0 pptv
Tue Mar 21 15:37:30 2023:DEBUG:run: date: 1835 concentration: 0 pptv
Tue Mar 21 15:37:30 2023:DEBUG:run: date: 1836 concentration: 0 pptv
Tue Mar 21 15:37:30 2023:DEBUG:run: date: 1837 concentration: 0 pptv
Tue Mar 21 15:37:30 2023:DEBUG:run: date: 1838 concentration: 0 pptv
Tue Mar 21 15:37:30 2023:DEBUG:run: date: 1839 concentration: 0 pptv
Tue Mar 21 15:37:30 2023:DEBUG:run: date: 1840 concentration: 0 pptv
Tue Mar 21 15:37:30 2023:DEBUG:run: date: 1841 concentration: 0 pptv
Tue Mar 21 15:37:30 2023:DEBUG:run: date: 1842 concentration: 0 pptv
Tue Mar 21 15:37:30 2023:DEBUG:run: date: 1843 concentration: 0 pptv
Tue Mar 21 15:37:30 2023:DEBUG:run: date: 1844 concentration: 0 pptv
Tue Mar 21 15:37:30 2023:DEBUG:run: date: 1845 concentration: 0 pptv
Tue Mar 21 15:37:30 2023:DEBUG:run: date: 1846 concentration: 0 pptv
Tue Mar 21 15:37:30 2023:DEBUG:run: date: 1847 concentration: 0 pptv
Tue Mar 21 15:37:30 2023:DEBUG:run: date: 1848 concentration: 5.99766e-07 pptv
Tue Mar 21 15:37:30 2023:DEBUG:run: date: 1849 concentration: 5.41248e-06 pptv
Tue Mar 21 15:37:30 2023:DEBUG:run: date: 1850 concentration: 1.44582e-05 pptv
Tue Mar 21 15:37:30 2023:DEBUG:run: date: 1851 concentration: 2.41507e-05 pptv
Tue Mar 21 15:37:30 2023:DEBUG:run: date: 1852 concentration: 3.38814e-05 pptv
Tue Mar 21 15:37:30 2023:DEBUG:run: date: 1853 concentration: 4.36505e-05 pptv
Tue Mar 21 15:37:30 2023:DEBUG:run: date: 1854 concentration: 5.34701e-05 pptv
Tue Mar 21 15:37:30 2023:DEBUG:run: date: 1855 concentration: 6.33459e-05 pptv
Tue Mar 21 15:37:30 2023:DEBUG:run: date: 1856 concentration: 7.32838e-05 pptv
Tue Mar 21 15:37:30 2023:DEBUG:run: date: 1857 concentration: 8.32898e-05 pptv
Tue Mar 21 15:37:30 2023:DEBUG:run: date: 1858 concentration: 9.33696e-05 pptv
Tue Mar 21 15:37:30 2023:DEBUG:run: date: 1859 concentration: 0.000103529 pptv
Tue Mar 21 15:37:30 2023:DEBUG:run: date: 1860 concentration: 0.000113774 pptv
Tue Mar 21 15:37:30 2023:DEBUG:run: date: 1861 concentration: 0.000124111 pptv
Tue Mar 21 15:37:30 2023:DEBUG:run: date: 1862 concentration: 0.000134545 pptv
Tue Mar 21 15:37:30 2023:DEBUG:run: date: 1863 concentration: 0.000145083 pptv
Tue Mar 21 15:37:30 2023:DEBUG:run: date: 1864 concentration: 0.000155729 pptv
Tue Mar 21 15:37:30 2023:DEBUG:run: date: 1865 concentration: 0.000166491 pptv
Tue Mar 21 15:37:30 2023:DEBUG:run: date: 1866 concentration: 0.000177373 pptv
Tue Mar 21 15:37:30 2023:DEBUG:run: date: 1867 concentration: 0.000188384 pptv
Tue Mar 21 15:37:30 2023:DEBUG:run: date: 1868 concentration: 0.000199526 pptv
Tue Mar 21 15:37:30 2023:DEBUG:run: date: 1869 concentration: 0.000210807 pptv
Tue Mar 21 15:37:30 2023:DEBUG:run: date: 1870 concentration: 0.000222231 pptv
Tue Mar 21 15:37:30 2023:DEBUG:run: date: 1871 concentration: 0.000233806 pptv
Tue Mar 21 15:37:30 2023:DEBUG:run: date: 1872 concentration: 0.000245538 pptv
Tue Mar 21 15:37:30 2023:DEBUG:run: date: 1873 concentration: 0.000257431 pptv
Tue Mar 21 15:37:30 2023:DEBUG:run: date: 1874 concentration: 0.000269492 pptv
Tue Mar 21 15:37:30 2023:DEBUG:run: date: 1875 concentration: 0.000281727 pptv
Tue Mar 21 15:37:30 2023:DEBUG:run: date: 1876 concentration: 0.000294141 pptv
Tue Mar 21 15:37:30 2023:DEBUG:run: date: 1877 concentration: 0.000306741 pptv
Tue Mar 21 15:37:30 2023:DEBUG:run: date: 1878 concentration: 0.000319533 pptv
Tue Mar 21 15:37:30 2023:DEBUG:run: date: 1879 concentration: 0.000332522 pptv
Tue Mar 21 15:37:30 2023:DEBUG:run: date: 1880 concentration: 0.000345714 pptv
Tue Mar 21 15:37:30 2023:DEBUG:run: date: 1881 concentration: 0.000359115 pptv
Tue Mar 21 15:37:30 2023:DEBUG:run: date: 1882 concentration: 0.00037273 pptv
Tue Mar 21 15:37:30 2023:DEBUG:run: date: 1883 concentration: 0.000386567 pptv
Tue Mar 21 15:37:30 2023:DEBUG:run: date: 1884 concentration: 0.000400631 pptv
Tue Mar 21 15:37:30 2023:DEBUG:run: date: 1885 concentration: 0.000414927 pptv
Tue Mar 21 15:37:30 2023:DEBUG:run: date: 1886 concentration: 0.000429461 pptv
Tue Mar 21 15:37:30 2023:DEBUG:run: date: 1887 concentration: 0.000444239 pptv
Tue Mar 21 15:37:30 2023:DEBUG:run: date: 1888 concentration: 0.000459268 pptv
Tue Mar 21 15:37:30 2023:DEBUG:run: date: 1889 concentration: 0.000474553 pptv
Tue Mar 21 15:37:30 2023:DEBUG:run: date: 1890 concentration: 0.0004901 pptv
Tue Mar 21 15:37:30 2023:DEBUG:run: date: 1891 concentration: 0.000505914 pptv
Tue Mar 21 15:37:30 2023:DEBUG:run: date: 1892 concentration: 0.000522003 pptv
Tue Mar 21 15:37:30 2023:DEBUG:run: date: 1893 concentration: 0.00053837 pptv
Tue Mar 21 15:37:30 2023:DEBUG:run: date: 1894 concentration: 0.000555024 pptv
Tue Mar 21 15:37:30 2023:DEBUG:run: date: 1895 concentration: 0.000571968 pptv
Tue Mar 21 15:37:30 2023:DEBUG:run: date: 1896 concentration: 0.00058921 pptv
Tue Mar 21 15:37:30 2023:DEBUG:run: date: 1897 concentration: 0.000606755 pptv
Tue Mar 21 15:37:31 2023:DEBUG:run: date: 1898 concentration: 0.000624608 pptv
Tue Mar 21 15:37:31 2023:DEBUG:run: date: 1899 concentration: 0.000644096 pptv
Tue Mar 21 15:37:31 2023:DEBUG:run: date: 1900 concentration: 0.000740343 pptv
Tue Mar 21 15:37:31 2023:DEBUG:run: date: 1901 concentration: 0.000934291 pptv
Tue Mar 21 15:37:31 2023:DEBUG:run: date: 1902 concentration: 0.00116678 pptv
Tue Mar 21 15:37:31 2023:DEBUG:run: date: 1903 concentration: 0.00144673 pptv
Tue Mar 21 15:37:31 2023:DEBUG:run: date: 1904 concentration: 0.00182642 pptv
Tue Mar 21 15:37:31 2023:DEBUG:run: date: 1905 concentration: 0.00236614 pptv
Tue Mar 21 15:37:31 2023:DEBUG:run: date: 1906 concentration: 0.00309836 pptv
Tue Mar 21 15:37:31 2023:DEBUG:run: date: 1907 concentration: 0.00378099 pptv
Tue Mar 21 15:37:31 2023:DEBUG:run: date: 1908 concentration: 0.00464221 pptv
Tue Mar 21 15:37:31 2023:DEBUG:run: date: 1909 concentration: 0.0061196 pptv
Tue Mar 21 15:37:31 2023:DEBUG:run: date: 1910 concentration: 0.00782339 pptv
Tue Mar 21 15:37:31 2023:DEBUG:run: date: 1911 concentration: 0.00972322 pptv
Tue Mar 21 15:37:31 2023:DEBUG:run: date: 1912 concentration: 0.0119755 pptv
Tue Mar 21 15:37:31 2023:DEBUG:run: date: 1913 concentration: 0.0143631 pptv
Tue Mar 21 15:37:31 2023:DEBUG:run: date: 1914 concentration: 0.0169701 pptv
Tue Mar 21 15:37:31 2023:DEBUG:run: date: 1915 concentration: 0.0203497 pptv
Tue Mar 21 15:37:31 2023:DEBUG:run: date: 1916 concentration: 0.0245601 pptv
Tue Mar 21 15:37:31 2023:DEBUG:run: date: 1917 concentration: 0.0289993 pptv
Tue Mar 21 15:37:31 2023:DEBUG:run: date: 1918 concentration: 0.0332074 pptv
Tue Mar 21 15:37:31 2023:DEBUG:run: date: 1919 concentration: 0.0372918 pptv
Tue Mar 21 15:37:31 2023:DEBUG:run: date: 1920 concentration: 0.0401812 pptv
Tue Mar 21 15:37:31 2023:DEBUG:run: date: 1921 concentration: 0.0424312 pptv
Tue Mar 21 15:37:31 2023:DEBUG:run: date: 1922 concentration: 0.0464899 pptv
Tue Mar 21 15:37:31 2023:DEBUG:run: date: 1923 concentration: 0.0520214 pptv
Tue Mar 21 15:37:31 2023:DEBUG:run: date: 1924 concentration: 0.0578912 pptv
Tue Mar 21 15:37:31 2023:DEBUG:run: date: 1925 concentration: 0.0640365 pptv
Tue Mar 21 15:37:31 2023:DEBUG:run: date: 1926 concentration: 0.0708236 pptv
Tue Mar 21 15:37:31 2023:DEBUG:run: date: 1927 concentration: 0.078612 pptv
Tue Mar 21 15:37:31 2023:DEBUG:run: date: 1928 concentration: 0.0871893 pptv
Tue Mar 21 15:37:31 2023:DEBUG:run: date: 1929 concentration: 0.0955542 pptv
Tue Mar 21 15:37:31 2023:DEBUG:run: date: 1930 concentration: 0.102402 pptv
Tue Mar 21 15:37:31 2023:DEBUG:run: date: 1931 concentration: 0.106951 pptv
Tue Mar 21 15:37:31 2023:DEBUG:run: date: 1932 concentration: 0.110396 pptv
Tue Mar 21 15:37:31 2023:DEBUG:run: date: 1933 concentration: 0.114475 pptv
Tue Mar 21 15:37:31 2023:DEBUG:run: date: 1934 concentration: 0.120583 pptv
Tue Mar 21 15:37:31 2023:DEBUG:run: date: 1935 concentration: 0.129438 pptv
Tue Mar 21 15:37:31 2023:DEBUG:run: date: 1936 concentration: 0.141026 pptv
Tue Mar 21 15:37:31 2023:DEBUG:run: date: 1937 concentration: 0.154848 pptv
Tue Mar 21 15:37:31 2023:DEBUG:run: date: 1938 concentration: 0.170887 pptv
Tue Mar 21 15:37:31 2023:DEBUG:run: date: 1939 concentration: 0.188336 pptv
Tue Mar 21 15:37:31 2023:DEBUG:run: date: 1940 concentration: 0.208513 pptv
Tue Mar 21 15:37:31 2023:DEBUG:run: date: 1941 concentration: 0.234639 pptv
Tue Mar 21 15:37:31 2023:DEBUG:run: date: 1942 concentration: 0.26857 pptv
Tue Mar 21 15:37:31 2023:DEBUG:run: date: 1943 concentration: 0.300937 pptv
Tue Mar 21 15:37:31 2023:DEBUG:run: date: 1944 concentration: 0.317718 pptv
Tue Mar 21 15:37:31 2023:DEBUG:run: date: 1945 concentration: 0.325782 pptv
Tue Mar 21 15:37:31 2023:DEBUG:run: date: 1946 concentration: 0.337008 pptv
Tue Mar 21 15:37:31 2023:DEBUG:run: date: 1947 concentration: 0.350998 pptv
Tue Mar 21 15:37:31 2023:DEBUG:run: date: 1948 concentration: 0.364374 pptv
Tue Mar 21 15:37:31 2023:DEBUG:run: date: 1949 concentration: 0.376986 pptv
Tue Mar 21 15:37:31 2023:DEBUG:run: date: 1950 concentration: 0.390182 pptv
Tue Mar 21 15:37:31 2023:DEBUG:run: date: 1951 concentration: 0.403516 pptv
Tue Mar 21 15:37:31 2023:DEBUG:run: date: 1952 concentration: 0.416701 pptv
Tue Mar 21 15:37:31 2023:DEBUG:run: date: 1953 concentration: 0.42954 pptv
Tue Mar 21 15:37:31 2023:DEBUG:run: date: 1954 concentration: 0.441354 pptv
Tue Mar 21 15:37:31 2023:DEBUG:run: date: 1955 concentration: 0.451901 pptv
Tue Mar 21 15:37:31 2023:DEBUG:run: date: 1956 concentration: 0.460742 pptv
Tue Mar 21 15:37:31 2023:DEBUG:run: date: 1957 concentration: 0.468178 pptv
Tue Mar 21 15:37:31 2023:DEBUG:run: date: 1958 concentration: 0.475348 pptv
Tue Mar 21 15:37:31 2023:DEBUG:run: date: 1959 concentration: 0.482579 pptv
Tue Mar 21 15:37:31 2023:DEBUG:run: date: 1960 concentration: 0.489478 pptv
Tue Mar 21 15:37:31 2023:DEBUG:run: date: 1961 concentration: 0.496216 pptv
Tue Mar 21 15:37:31 2023:DEBUG:run: date: 1962 concentration: 0.503055 pptv
Tue Mar 21 15:37:31 2023:DEBUG:run: date: 1963 concentration: 0.510376 pptv
Tue Mar 21 15:37:31 2023:DEBUG:run: date: 1964 concentration: 0.518428 pptv
Tue Mar 21 15:37:31 2023:DEBUG:run: date: 1965 concentration: 0.527435 pptv
Tue Mar 21 15:37:31 2023:DEBUG:run: date: 1966 concentration: 0.538138 pptv
Tue Mar 21 15:37:31 2023:DEBUG:run: date: 1967 concentration: 0.550987 pptv
Tue Mar 21 15:37:31 2023:DEBUG:run: date: 1968 concentration: 0.567203 pptv
Tue Mar 21 15:37:31 2023:DEBUG:run: date: 1969 concentration: 0.588104 pptv
Tue Mar 21 15:37:31 2023:DEBUG:run: date: 1970 concentration: 0.614538 pptv
Tue Mar 21 15:37:31 2023:DEBUG:run: date: 1971 concentration: 0.647883 pptv
Tue Mar 21 15:37:31 2023:DEBUG:run: date: 1972 concentration: 0.690321 pptv
Tue Mar 21 15:37:31 2023:DEBUG:run: date: 1973 concentration: 0.74382 pptv
Tue Mar 21 15:37:31 2023:DEBUG:run: date: 1974 concentration: 0.800871 pptv
Tue Mar 21 15:37:31 2023:DEBUG:run: date: 1975 concentration: 0.857161 pptv
Tue Mar 21 15:37:31 2023:DEBUG:run: date: 1976 concentration: 0.919688 pptv
Tue Mar 21 15:37:31 2023:DEBUG:run: date: 1977 concentration: 0.987718 pptv
Tue Mar 21 15:37:31 2023:DEBUG:run: date: 1978 concentration: 1.05883 pptv
Tue Mar 21 15:37:31 2023:DEBUG:run: date: 1979 concentration: 1.13603 pptv
Tue Mar 21 15:37:31 2023:DEBUG:run: date: 1980 concentration: 1.21494 pptv
Tue Mar 21 15:37:31 2023:DEBUG:run: date: 1981 concentration: 1.28482 pptv
Tue Mar 21 15:37:31 2023:DEBUG:run: date: 1982 concentration: 1.34993 pptv
Tue Mar 21 15:37:31 2023:DEBUG:run: date: 1983 concentration: 1.42409 pptv
Tue Mar 21 15:37:31 2023:DEBUG:run: date: 1984 concentration: 1.50261 pptv
Tue Mar 21 15:37:31 2023:DEBUG:run: date: 1985 concentration: 1.58018 pptv
Tue Mar 21 15:37:31 2023:DEBUG:run: date: 1986 concentration: 1.66233 pptv
Tue Mar 21 15:37:31 2023:DEBUG:run: date: 1987 concentration: 1.75019 pptv
Tue Mar 21 15:37:31 2023:DEBUG:run: date: 1988 concentration: 1.84012 pptv
Tue Mar 21 15:37:31 2023:DEBUG:run: date: 1989 concentration: 1.92879 pptv
Tue Mar 21 15:37:31 2023:DEBUG:run: date: 1990 concentration: 2.01344 pptv
Tue Mar 21 15:37:31 2023:DEBUG:run: date: 1991 concentration: 2.09306 pptv
Tue Mar 21 15:37:31 2023:DEBUG:run: date: 1992 concentration: 2.17134 pptv
Tue Mar 21 15:37:31 2023:DEBUG:run: date: 1993 concentration: 2.25157 pptv
Tue Mar 21 15:37:31 2023:DEBUG:run: date: 1994 concentration: 2.33761 pptv
Tue Mar 21 15:37:31 2023:DEBUG:run: date: 1995 concentration: 2.4335 pptv
Tue Mar 21 15:37:31 2023:DEBUG:run: date: 1996 concentration: 2.54048 pptv
Tue Mar 21 15:37:31 2023:DEBUG:run: date: 1997 concentration: 2.65587 pptv
Tue Mar 21 15:37:31 2023:DEBUG:run: date: 1998 concentration: 2.77596 pptv
Tue Mar 21 15:37:31 2023:DEBUG:run: date: 1999 concentration: 2.89486 pptv
Tue Mar 21 15:37:31 2023:DEBUG:run: date: 2000 concentration: 3.00789 pptv
Tue Mar 21 15:37:31 2023:DEBUG:run: date: 2001 concentration: 3.13029 pptv
Tue Mar 21 15:37:31 2023:DEBUG:run: date: 2002 concentration: 3.26898 pptv
Tue Mar 21 15:37:31 2023:DEBUG:run: date: 2003 concentration: 3.39599 pptv
Tue Mar 21 15:37:31 2023:DEBUG:run: date: 2004 concentration: 3.48432 pptv
Tue Mar 21 15:37:31 2023:DEBUG:run: date: 2005 concentration: 3.56239 pptv
Tue Mar 21 15:37:31 2023:DEBUG:run: date: 2006 concentration: 3.64437 pptv
Tue Mar 21 15:37:31 2023:DEBUG:run: date: 2007 concentration: 3.71511 pptv
Tue Mar 21 15:37:31 2023:DEBUG:run: date: 2008 concentration: 3.78502 pptv
Tue Mar 21 15:37:31 2023:DEBUG:run: date: 2009 concentration: 3.85708 pptv
Tue Mar 21 15:37:31 2023:DEBUG:run: date: 2010 concentration: 3.92811 pptv
Tue Mar 21 15:37:31 2023:DEBUG:run: date: 2011 concentration: 4.00206 pptv
Tue Mar 21 15:37:31 2023:DEBUG:run: date: 2012 concentration: 4.07391 pptv
Tue Mar 21 15:37:31 2023:DEBUG:run: date: 2013 concentration: 4.13922 pptv
Tue Mar 21 15:37:31 2023:DEBUG:run: date: 2014 concentration: 4.20529 pptv
Tue Mar 21 15:37:31 2023:DEBUG:run: date: 2015 concentration: 4.26806 pptv
Tue Mar 21 15:37:31 2023:DEBUG:run: date: 2016 concentration: 4.33073 pptv
Tue Mar 21 15:37:31 2023:DEBUG:run: date: 2017 concentration: 4.39328 pptv
Tue Mar 21 15:37:31 2023:DEBUG:run: date: 2018 concentration: 4.45573 pptv
Tue Mar 21 15:37:31 2023:DEBUG:run: date: 2019 concentration: 4.51806 pptv
Tue Mar 21 15:37:31 2023:DEBUG:run: date: 2020 concentration: 4.58028 pptv
Tue Mar 21 15:37:31 2023:DEBUG:run: date: 2021 concentration: 4.64247 pptv
Tue Mar 21 15:37:31 2023:DEBUG:run: date: 2022 concentration: 4.70462 pptv
Tue Mar 21 15:37:31 2023:DEBUG:run: date: 2023 concentration: 4.76673 pptv
Tue Mar 21 15:37:31 2023:DEBUG:run: date: 2024 concentration: 4.82881 pptv
Tue Mar 21 15:37:31 2023:DEBUG:run: date: 2025 concentration: 4.89085 pptv
Tue Mar 21 15:37:31 2023:DEBUG:run: date: 2026 concentration: 4.95285 pptv
Tue Mar 21 15:37:31 2023:DEBUG:run: date: 2027 concentration: 5.01482 pptv
Tue Mar 21 15:37:31 2023:DEBUG:run: date: 2028 concentration: 5.07676 pptv
Tue Mar 21 15:37:31 2023:DEBUG:run: date: 2029 concentration: 5.13866 pptv
Tue Mar 21 15:37:31 2023:DEBUG:run: date: 2030 concentration: 5.20052 pptv
Tue Mar 21 15:37:31 2023:DEBUG:run: date: 2031 concentration: 5.26203 pptv
Tue Mar 21 15:37:31 2023:DEBUG:run: date: 2032 concentration: 5.3232 pptv
Tue Mar 21 15:37:31 2023:DEBUG:run: date: 2033 concentration: 5.38403 pptv
Tue Mar 21 15:37:31 2023:DEBUG:run: date: 2034 concentration: 5.44451 pptv
Tue Mar 21 15:37:31 2023:DEBUG:run: date: 2035 concentration: 5.50464 pptv
Tue Mar 21 15:37:31 2023:DEBUG:run: date: 2036 concentration: 5.56443 pptv
Tue Mar 21 15:37:31 2023:DEBUG:run: date: 2037 concentration: 5.62388 pptv
Tue Mar 21 15:37:31 2023:DEBUG:run: date: 2038 concentration: 5.68298 pptv
Tue Mar 21 15:37:31 2023:DEBUG:run: date: 2039 concentration: 5.74173 pptv
Tue Mar 21 15:37:31 2023:DEBUG:run: date: 2040 concentration: 5.80014 pptv
Tue Mar 21 15:37:31 2023:DEBUG:run: date: 2041 concentration: 5.85814 pptv
Tue Mar 21 15:37:31 2023:DEBUG:run: date: 2042 concentration: 5.91574 pptv
Tue Mar 21 15:37:31 2023:DEBUG:run: date: 2043 concentration: 5.97294 pptv
Tue Mar 21 15:37:31 2023:DEBUG:run: date: 2044 concentration: 6.02974 pptv
Tue Mar 21 15:37:31 2023:DEBUG:run: date: 2045 concentration: 6.08613 pptv
Tue Mar 21 15:37:31 2023:DEBUG:run: date: 2046 concentration: 6.14212 pptv
Tue Mar 21 15:37:31 2023:DEBUG:run: date: 2047 concentration: 6.19771 pptv
Tue Mar 21 15:37:31 2023:DEBUG:run: date: 2048 concentration: 6.25289 pptv
Tue Mar 21 15:37:31 2023:DEBUG:run: date: 2049 concentration: 6.30768 pptv
Tue Mar 21 15:37:31 2023:DEBUG:run: date: 2050 concentration: 6.36205 pptv
Tue Mar 21 15:37:31 2023:DEBUG:run: date: 2051 concentration: 6.41534 pptv
Tue Mar 21 15:37:31 2023:DEBUG:run: date: 2052 concentration: 6.46752 pptv
Tue Mar 21 15:37:31 2023:DEBUG:run: date: 2053 concentration: 6.51861 pptv
Tue Mar 21 15:37:31 2023:DEBUG:run: date: 2054 concentration: 6.56861 pptv
Tue Mar 21 15:37:31 2023:DEBUG:run: date: 2055 concentration: 6.61751 pptv
Tue Mar 21 15:37:31 2023:DEBUG:run: date: 2056 concentration: 6.66532 pptv
Tue Mar 21 15:37:31 2023:DEBUG:run: date: 2057 concentration: 6.71203 pptv
Tue Mar 21 15:37:31 2023:DEBUG:run: date: 2058 concentration: 6.75764 pptv
Tue Mar 21 15:37:31 2023:DEBUG:run: date: 2059 concentration: 6.80216 pptv
Tue Mar 21 15:37:31 2023:DEBUG:run: date: 2060 concentration: 6.84558 pptv
Tue Mar 21 15:37:31 2023:DEBUG:run: date: 2061 concentration: 6.88824 pptv
Tue Mar 21 15:37:31 2023:DEBUG:run: date: 2062 concentration: 6.93014 pptv
Tue Mar 21 15:37:31 2023:DEBUG:run: date: 2063 concentration: 6.97127 pptv
Tue Mar 21 15:37:31 2023:DEBUG:run: date: 2064 concentration: 7.01164 pptv
Tue Mar 21 15:37:31 2023:DEBUG:run: date: 2065 concentration: 7.05124 pptv
Tue Mar 21 15:37:31 2023:DEBUG:run: date: 2066 concentration: 7.09008 pptv
Tue Mar 21 15:37:31 2023:DEBUG:run: date: 2067 concentration: 7.12816 pptv
Tue Mar 21 15:37:31 2023:DEBUG:run: date: 2068 concentration: 7.16547 pptv
Tue Mar 21 15:37:31 2023:DEBUG:run: date: 2069 concentration: 7.20202 pptv
Tue Mar 21 15:37:31 2023:DEBUG:run: date: 2070 concentration: 7.23781 pptv
Tue Mar 21 15:37:31 2023:DEBUG:run: date: 2071 concentration: 7.2722 pptv
Tue Mar 21 15:37:31 2023:DEBUG:run: date: 2072 concentration: 7.3052 pptv
Tue Mar 21 15:37:31 2023:DEBUG:run: date: 2073 concentration: 7.33681 pptv
Tue Mar 21 15:37:31 2023:DEBUG:run: date: 2074 concentration: 7.36703 pptv
Tue Mar 21 15:37:31 2023:DEBUG:run: date: 2075 concentration: 7.39585 pptv
Tue Mar 21 15:37:31 2023:DEBUG:run: date: 2076 concentration: 7.42328 pptv
Tue Mar 21 15:37:31 2023:DEBUG:run: date: 2077 concentration: 7.44933 pptv
Tue Mar 21 15:37:31 2023:DEBUG:run: date: 2078 concentration: 7.47398 pptv
Tue Mar 21 15:37:31 2023:DEBUG:run: date: 2079 concentration: 7.49724 pptv
Tue Mar 21 15:37:31 2023:DEBUG:run: date: 2080 concentration: 7.5191 pptv
Tue Mar 21 15:37:31 2023:DEBUG:run: date: 2081 concentration: 7.54071 pptv
Tue Mar 21 15:37:31 2023:DEBUG:run: date: 2082 concentration: 7.56207 pptv
Tue Mar 21 15:37:31 2023:DEBUG:run: date: 2083 concentration: 7.58316 pptv
Tue Mar 21 15:37:31 2023:DEBUG:run: date: 2084 concentration: 7.604 pptv
Tue Mar 21 15:37:31 2023:DEBUG:run: date: 2085 concentration: 7.62457 pptv
Tue Mar 21 15:37:31 2023:DEBUG:run: date: 2086 concentration: 7.64489 pptv
Tue Mar 21 15:37:32 2023:DEBUG:run: date: 2087 concentration: 7.66495 pptv
Tue Mar 21 15:37:32 2023:DEBUG:run: date: 2088 concentration: 7.68476 pptv
Tue Mar 21 15:37:32 2023:DEBUG:run: date: 2089 concentration: 7.7043 pptv
Tue Mar 21 15:37:32 2023:DEBUG:run: date: 2090 concentration: 7.72359 pptv
Tue Mar 21 15:37:32 2023:DEBUG:run: date: 2091 concentration: 7.74276 pptv
Tue Mar 21 15:37:32 2023:DEBUG:run: date: 2092 concentration: 7.7618 pptv
Tue Mar 21 15:37:32 2023:DEBUG:run: date: 2093 concentration: 7.78072 pptv
Tue Mar 21 15:37:32 2023:DEBUG:run: date: 2094 concentration: 7.79953 pptv
Tue Mar 21 15:37:32 2023:DEBUG:run: date: 2095 concentration: 7.81821 pptv
Tue Mar 21 15:37:32 2023:DEBUG:run: date: 2096 concentration: 7.83677 pptv
Tue Mar 21 15:37:32 2023:DEBUG:run: date: 2097 concentration: 7.8552 pptv
Tue Mar 21 15:37:32 2023:DEBUG:run: date: 2098 concentration: 7.87352 pptv
Tue Mar 21 15:37:32 2023:DEBUG:run: date: 2099 concentration: 7.89171 pptv
Tue Mar 21 15:37:32 2023:DEBUG:run: date: 2100 concentration: 7.90979 pptv
Tue Mar 21 15:37:32 2023:DEBUG:run: date: 2101 concentration: 7.92773 pptv
Tue Mar 21 15:37:32 2023:DEBUG:run: date: 2102 concentration: 7.94555 pptv
Tue Mar 21 15:37:32 2023:DEBUG:run: date: 2103 concentration: 7.96324 pptv
Tue Mar 21 15:37:32 2023:DEBUG:run: date: 2104 concentration: 7.9808 pptv
Tue Mar 21 15:37:32 2023:DEBUG:run: date: 2105 concentration: 7.99824 pptv
Tue Mar 21 15:37:32 2023:DEBUG:run: date: 2106 concentration: 8.01555 pptv
Tue Mar 21 15:37:32 2023:DEBUG:run: date: 2107 concentration: 8.03273 pptv
Tue Mar 21 15:37:32 2023:DEBUG:run: date: 2108 concentration: 8.04978 pptv
Tue Mar 21 15:37:32 2023:DEBUG:run: date: 2109 concentration: 8.06671 pptv
Tue Mar 21 15:37:32 2023:DEBUG:run: date: 2110 concentration: 8.08351 pptv
Tue Mar 21 15:37:32 2023:DEBUG:run: date: 2111 concentration: 8.10018 pptv
Tue Mar 21 15:37:32 2023:DEBUG:run: date: 2112 concentration: 8.11672 pptv
Tue Mar 21 15:37:32 2023:DEBUG:run: date: 2113 concentration: 8.13314 pptv
Tue Mar 21 15:37:32 2023:DEBUG:run: date: 2114 concentration: 8.14943 pptv
Tue Mar 21 15:37:32 2023:DEBUG:run: date: 2115 concentration: 8.16559 pptv
Tue Mar 21 15:37:32 2023:DEBUG:run: date: 2116 concentration: 8.18162 pptv
Tue Mar 21 15:37:32 2023:DEBUG:run: date: 2117 concentration: 8.19753 pptv
Tue Mar 21 15:37:32 2023:DEBUG:run: date: 2118 concentration: 8.21331 pptv
Tue Mar 21 15:37:32 2023:DEBUG:run: date: 2119 concentration: 8.22896 pptv
Tue Mar 21 15:37:32 2023:DEBUG:run: date: 2120 concentration: 8.24448 pptv
Tue Mar 21 15:37:32 2023:DEBUG:run: date: 2121 concentration: 8.25988 pptv
Tue Mar 21 15:37:32 2023:DEBUG:run: date: 2122 concentration: 8.27515 pptv
Tue Mar 21 15:37:32 2023:DEBUG:run: date: 2123 concentration: 8.29029 pptv
Tue Mar 21 15:37:32 2023:DEBUG:run: date: 2124 concentration: 8.30531 pptv
Tue Mar 21 15:37:32 2023:DEBUG:run: date: 2125 concentration: 8.3202 pptv
Tue Mar 21 15:37:32 2023:DEBUG:run: date: 2126 concentration: 8.33496 pptv
Tue Mar 21 15:37:32 2023:DEBUG:run: date: 2127 concentration: 8.34959 pptv
Tue Mar 21 15:37:32 2023:DEBUG:run: date: 2128 concentration: 8.3641 pptv
Tue Mar 21 15:37:32 2023:DEBUG:run: date: 2129 concentration: 8.37848 pptv
Tue Mar 21 15:37:32 2023:DEBUG:run: date: 2130 concentration: 8.39273 pptv
Tue Mar 21 15:37:32 2023:DEBUG:run: date: 2131 concentration: 8.40685 pptv
Tue Mar 21 15:37:32 2023:DEBUG:run: date: 2132 concentration: 8.42085 pptv
Tue Mar 21 15:37:32 2023:DEBUG:run: date: 2133 concentration: 8.43472 pptv
Tue Mar 21 15:37:32 2023:DEBUG:run: date: 2134 concentration: 8.44847 pptv
Tue Mar 21 15:37:32 2023:DEBUG:run: date: 2135 concentration: 8.46208 pptv
Tue Mar 21 15:37:32 2023:DEBUG:run: date: 2136 concentration: 8.47557 pptv
Tue Mar 21 15:37:32 2023:DEBUG:run: date: 2137 concentration: 8.48893 pptv
Tue Mar 21 15:37:32 2023:DEBUG:run: date: 2138 concentration: 8.50217 pptv
Tue Mar 21 15:37:32 2023:DEBUG:run: date: 2139 concentration: 8.51528 pptv
Tue Mar 21 15:37:32 2023:DEBUG:run: date: 2140 concentration: 8.52826 pptv
Tue Mar 21 15:37:32 2023:DEBUG:run: date: 2141 concentration: 8.54111 pptv
Tue Mar 21 15:37:32 2023:DEBUG:run: date: 2142 concentration: 8.55384 pptv
Tue Mar 21 15:37:32 2023:DEBUG:run: date: 2143 concentration: 8.56644 pptv
Tue Mar 21 15:37:32 2023:DEBUG:run: date: 2144 concentration: 8.57891 pptv
Tue Mar 21 15:37:32 2023:DEBUG:run: date: 2145 concentration: 8.59126 pptv
Tue Mar 21 15:37:32 2023:DEBUG:run: date: 2146 concentration: 8.60348 pptv
Tue Mar 21 15:37:32 2023:DEBUG:run: date: 2147 concentration: 8.61557 pptv
Tue Mar 21 15:37:32 2023:DEBUG:run: date: 2148 concentration: 8.62753 pptv
Tue Mar 21 15:37:32 2023:DEBUG:run: date: 2149 concentration: 8.63937 pptv
Tue Mar 21 15:37:32 2023:DEBUG:run: date: 2150 concentration: 8.65108 pptv
Tue Mar 21 15:37:32 2023:DEBUG:run: date: 2151 concentration: 8.66267 pptv
Tue Mar 21 15:37:32 2023:DEBUG:run: date: 2152 concentration: 8.67412 pptv
Tue Mar 21 15:37:32 2023:DEBUG:run: date: 2153 concentration: 8.68545 pptv
Tue Mar 21 15:37:32 2023:DEBUG:run: date: 2154 concentration: 8.69666 pptv
Tue Mar 21 15:37:32 2023:DEBUG:run: date: 2155 concentration: 8.70773 pptv
Tue Mar 21 15:37:32 2023:DEBUG:run: date: 2156 concentration: 8.71868 pptv
Tue Mar 21 15:37:32 2023:DEBUG:run: date: 2157 concentration: 8.72951 pptv
Tue Mar 21 15:37:32 2023:DEBUG:run: date: 2158 concentration: 8.7402 pptv
Tue Mar 21 15:37:32 2023:DEBUG:run: date: 2159 concentration: 8.75077 pptv
Tue Mar 21 15:37:32 2023:DEBUG:run: date: 2160 concentration: 8.76121 pptv
Tue Mar 21 15:37:32 2023:DEBUG:run: date: 2161 concentration: 8.77153 pptv
Tue Mar 21 15:37:32 2023:DEBUG:run: date: 2162 concentration: 8.78172 pptv
Tue Mar 21 15:37:32 2023:DEBUG:run: date: 2163 concentration: 8.79178 pptv
Tue Mar 21 15:37:32 2023:DEBUG:run: date: 2164 concentration: 8.80172 pptv
Tue Mar 21 15:37:32 2023:DEBUG:run: date: 2165 concentration: 8.81152 pptv
Tue Mar 21 15:37:32 2023:DEBUG:run: date: 2166 concentration: 8.82121 pptv
Tue Mar 21 15:37:32 2023:DEBUG:run: date: 2167 concentration: 8.83076 pptv
Tue Mar 21 15:37:32 2023:DEBUG:run: date: 2168 concentration: 8.84019 pptv
Tue Mar 21 15:37:32 2023:DEBUG:run: date: 2169 concentration: 8.84949 pptv
Tue Mar 21 15:37:32 2023:DEBUG:run: date: 2170 concentration: 8.85867 pptv
Tue Mar 21 15:37:32 2023:DEBUG:run: date: 2171 concentration: 8.86771 pptv
Tue Mar 21 15:37:32 2023:DEBUG:run: date: 2172 concentration: 8.87664 pptv
Tue Mar 21 15:37:32 2023:DEBUG:run: date: 2173 concentration: 8.88543 pptv
Tue Mar 21 15:37:32 2023:DEBUG:run: date: 2174 concentration: 8.8941 pptv
Tue Mar 21 15:37:32 2023:DEBUG:run: date: 2175 concentration: 8.90264 pptv
Tue Mar 21 15:37:32 2023:DEBUG:run: date: 2176 concentration: 8.91106 pptv
Tue Mar 21 15:37:32 2023:DEBUG:run: date: 2177 concentration: 8.91935 pptv
Tue Mar 21 15:37:32 2023:DEBUG:run: date: 2178 concentration: 8.92751 pptv
Tue Mar 21 15:37:32 2023:DEBUG:run: date: 2179 concentration: 8.93554 pptv
Tue Mar 21 15:37:32 2023:DEBUG:run: date: 2180 concentration: 8.94345 pptv
Tue Mar 21 15:37:32 2023:DEBUG:run: date: 2181 concentration: 8.95123 pptv
Tue Mar 21 15:37:32 2023:DEBUG:run: date: 2182 concentration: 8.95889 pptv
Tue Mar 21 15:37:32 2023:DEBUG:run: date: 2183 concentration: 8.96642 pptv
Tue Mar 21 15:37:32 2023:DEBUG:run: date: 2184 concentration: 8.97382 pptv
Tue Mar 21 15:37:32 2023:DEBUG:run: date: 2185 concentration: 8.9811 pptv
Tue Mar 21 15:37:32 2023:DEBUG:run: date: 2186 concentration: 8.98825 pptv
Tue Mar 21 15:37:32 2023:DEBUG:run: date: 2187 concentration: 8.99527 pptv
Tue Mar 21 15:37:32 2023:DEBUG:run: date: 2188 concentration: 9.00217 pptv
Tue Mar 21 15:37:32 2023:DEBUG:run: date: 2189 concentration: 9.00894 pptv
Tue Mar 21 15:37:32 2023:DEBUG:run: date: 2190 concentration: 9.01558 pptv
Tue Mar 21 15:37:32 2023:DEBUG:run: date: 2191 concentration: 9.0221 pptv
Tue Mar 21 15:37:32 2023:DEBUG:run: date: 2192 concentration: 9.02849 pptv
Tue Mar 21 15:37:32 2023:DEBUG:run: date: 2193 concentration: 9.03476 pptv
Tue Mar 21 15:37:32 2023:DEBUG:run: date: 2194 concentration: 9.0409 pptv
Tue Mar 21 15:37:32 2023:DEBUG:run: date: 2195 concentration: 9.04691 pptv
Tue Mar 21 15:37:32 2023:DEBUG:run: date: 2196 concentration: 9.05279 pptv
Tue Mar 21 15:37:32 2023:DEBUG:run: date: 2197 concentration: 9.05855 pptv
Tue Mar 21 15:37:32 2023:DEBUG:run: date: 2198 concentration: 9.06419 pptv
Tue Mar 21 15:37:32 2023:DEBUG:run: date: 2199 concentration: 9.06969 pptv
Tue Mar 21 15:37:32 2023:DEBUG:run: date: 2200 concentration: 9.07507 pptv
Tue Mar 21 15:37:32 2023:DEBUG:run: date: 2201 concentration: 9.08033 pptv
Tue Mar 21 15:37:32 2023:DEBUG:run: date: 2202 concentration: 9.08546 pptv
Tue Mar 21 15:37:32 2023:DEBUG:run: date: 2203 concentration: 9.09046 pptv
Tue Mar 21 15:37:32 2023:DEBUG:run: date: 2204 concentration: 9.09533 pptv
Tue Mar 21 15:37:32 2023:DEBUG:run: date: 2205 concentration: 9.10008 pptv
Tue Mar 21 15:37:32 2023:DEBUG:run: date: 2206 concentration: 9.10471 pptv
Tue Mar 21 15:37:32 2023:DEBUG:run: date: 2207 concentration: 9.1092 pptv
Tue Mar 21 15:37:32 2023:DEBUG:run: date: 2208 concentration: 9.11357 pptv
Tue Mar 21 15:37:32 2023:DEBUG:run: date: 2209 concentration: 9.11782 pptv
Tue Mar 21 15:37:32 2023:DEBUG:run: date: 2210 concentration: 9.12194 pptv
Tue Mar 21 15:37:32 2023:DEBUG:run: date: 2211 concentration: 9.12593 pptv
Tue Mar 21 15:37:32 2023:DEBUG:run: date: 2212 concentration: 9.12979 pptv
Tue Mar 21 15:37:32 2023:DEBUG:run: date: 2213 concentration: 9.13353 pptv
Tue Mar 21 15:37:32 2023:DEBUG:run: date: 2214 concentration: 9.13715 pptv
Tue Mar 21 15:37:32 2023:DEBUG:run: date: 2215 concentration: 9.14064 pptv
Tue Mar 21 15:37:32 2023:DEBUG:run: date: 2216 concentration: 9.144 pptv
Tue Mar 21 15:37:32 2023:DEBUG:run: date: 2217 concentration: 9.14723 pptv
Tue Mar 21 15:37:32 2023:DEBUG:run: date: 2218 concentration: 9.15034 pptv
Tue Mar 21 15:37:32 2023:DEBUG:run: date: 2219 concentration: 9.15333 pptv
Tue Mar 21 15:37:32 2023:DEBUG:run: date: 2220 concentration: 9.15618 pptv
Tue Mar 21 15:37:32 2023:DEBUG:run: date: 2221 concentration: 9.15891 pptv
Tue Mar 21 15:37:32 2023:DEBUG:run: date: 2222 concentration: 9.16152 pptv
Tue Mar 21 15:37:32 2023:DEBUG:run: date: 2223 concentration: 9.164 pptv
Tue Mar 21 15:37:32 2023:DEBUG:run: date: 2224 concentration: 9.16635 pptv
Tue Mar 21 15:37:32 2023:DEBUG:run: date: 2225 concentration: 9.16858 pptv
Tue Mar 21 15:37:32 2023:DEBUG:run: date: 2226 concentration: 9.17068 pptv
Tue Mar 21 15:37:32 2023:DEBUG:run: date: 2227 concentration: 9.17265 pptv
Tue Mar 21 15:37:32 2023:DEBUG:run: date: 2228 concentration: 9.1745 pptv
Tue Mar 21 15:37:32 2023:DEBUG:run: date: 2229 concentration: 9.17623 pptv
Tue Mar 21 15:37:32 2023:DEBUG:run: date: 2230 concentration: 9.17782 pptv
Tue Mar 21 15:37:32 2023:DEBUG:run: date: 2231 concentration: 9.1793 pptv
Tue Mar 21 15:37:32 2023:DEBUG:run: date: 2232 concentration: 9.18064 pptv
Tue Mar 21 15:37:32 2023:DEBUG:run: date: 2233 concentration: 9.18186 pptv
Tue Mar 21 15:37:32 2023:DEBUG:run: date: 2234 concentration: 9.18296 pptv
Tue Mar 21 15:37:32 2023:DEBUG:run: date: 2235 concentration: 9.18392 pptv
Tue Mar 21 15:37:32 2023:DEBUG:run: date: 2236 concentration: 9.18477 pptv
Tue Mar 21 15:37:32 2023:DEBUG:run: date: 2237 concentration: 9.18548 pptv
Tue Mar 21 15:37:32 2023:DEBUG:run: date: 2238 concentration: 9.18607 pptv
Tue Mar 21 15:37:32 2023:DEBUG:run: date: 2239 concentration: 9.18654 pptv
Tue Mar 21 15:37:32 2023:DEBUG:run: date: 2240 concentration: 9.18688 pptv
Tue Mar 21 15:37:32 2023:DEBUG:run: date: 2241 concentration: 9.18709 pptv
Tue Mar 21 15:37:32 2023:DEBUG:run: date: 2242 concentration: 9.18718 pptv
Tue Mar 21 15:37:32 2023:DEBUG:run: date: 2243 concentration: 9.18714 pptv
Tue Mar 21 15:37:32 2023:DEBUG:run: date: 2244 concentration: 9.18697 pptv
Tue Mar 21 15:37:32 2023:DEBUG:run: date: 2245 concentration: 9.18668 pptv
Tue Mar 21 15:37:32 2023:DEBUG:run: date: 2246 concentration: 9.18627 pptv
Tue Mar 21 15:37:32 2023:DEBUG:run: date: 2247 concentration: 9.18573 pptv
Tue Mar 21 15:37:32 2023:DEBUG:run: date: 2248 concentration: 9.18506 pptv
Tue Mar 21 15:37:32 2023:DEBUG:run: date: 2249 concentration: 9.18427 pptv
Tue Mar 21 15:37:32 2023:DEBUG:run: date: 2250 concentration: 9.18335 pptv
Tue Mar 21 15:37:32 2023:DEBUG:run: date: 2251 concentration: 9.18243 pptv
Tue Mar 21 15:37:32 2023:DEBUG:run: date: 2252 concentration: 9.18151 pptv
Tue Mar 21 15:37:32 2023:DEBUG:run: date: 2253 concentration: 9.18059 pptv
Tue Mar 21 15:37:32 2023:DEBUG:run: date: 2254 concentration: 9.17968 pptv
Tue Mar 21 15:37:32 2023:DEBUG:run: date: 2255 concentration: 9.17876 pptv
Tue Mar 21 15:37:32 2023:DEBUG:run: date: 2256 concentration: 9.17784 pptv
Tue Mar 21 15:37:32 2023:DEBUG:run: date: 2257 concentration: 9.17692 pptv
Tue Mar 21 15:37:32 2023:DEBUG:run: date: 2258 concentration: 9.176 pptv
Tue Mar 21 15:37:32 2023:DEBUG:run: date: 2259 concentration: 9.17509 pptv
Tue Mar 21 15:37:32 2023:DEBUG:run: date: 2260 concentration: 9.17417 pptv
Tue Mar 21 15:37:32 2023:DEBUG:run: date: 2261 concentration: 9.17325 pptv
Tue Mar 21 15:37:32 2023:DEBUG:run: date: 2262 concentration: 9.17234 pptv
Tue Mar 21 15:37:32 2023:DEBUG:run: date: 2263 concentration: 9.17142 pptv
Tue Mar 21 15:37:32 2023:DEBUG:run: date: 2264 concentration: 9.1705 pptv
Tue Mar 21 15:37:32 2023:DEBUG:run: date: 2265 concentration: 9.16958 pptv
Tue Mar 21 15:37:32 2023:DEBUG:run: date: 2266 concentration: 9.16867 pptv
Tue Mar 21 15:37:32 2023:DEBUG:run: date: 2267 concentration: 9.16775 pptv
Tue Mar 21 15:37:32 2023:DEBUG:run: date: 2268 concentration: 9.16683 pptv
Tue Mar 21 15:37:32 2023:DEBUG:run: date: 2269 concentration: 9.16592 pptv
Tue Mar 21 15:37:32 2023:DEBUG:run: date: 2270 concentration: 9.165 pptv
Tue Mar 21 15:37:32 2023:DEBUG:run: date: 2271 concentration: 9.16408 pptv
Tue Mar 21 15:37:32 2023:DEBUG:run: date: 2272 concentration: 9.16317 pptv
Tue Mar 21 15:37:32 2023:DEBUG:run: date: 2273 concentration: 9.16225 pptv
Tue Mar 21 15:37:32 2023:DEBUG:run: date: 2274 concentration: 9.16133 pptv
Tue Mar 21 15:37:32 2023:DEBUG:run: date: 2275 concentration: 9.16042 pptv
Tue Mar 21 15:37:32 2023:DEBUG:run: date: 2276 concentration: 9.1595 pptv
Tue Mar 21 15:37:32 2023:DEBUG:run: date: 2277 concentration: 9.15859 pptv
Tue Mar 21 15:37:32 2023:DEBUG:run: date: 2278 concentration: 9.15767 pptv
Tue Mar 21 15:37:32 2023:DEBUG:run: date: 2279 concentration: 9.15676 pptv
Tue Mar 21 15:37:32 2023:DEBUG:run: date: 2280 concentration: 9.15584 pptv
Tue Mar 21 15:37:32 2023:DEBUG:run: date: 2281 concentration: 9.15492 pptv
Tue Mar 21 15:37:32 2023:DEBUG:run: date: 2282 concentration: 9.15401 pptv
Tue Mar 21 15:37:32 2023:DEBUG:run: date: 2283 concentration: 9.15309 pptv
Tue Mar 21 15:37:32 2023:DEBUG:run: date: 2284 concentration: 9.15218 pptv
Tue Mar 21 15:37:32 2023:DEBUG:run: date: 2285 concentration: 9.15126 pptv
Tue Mar 21 15:37:32 2023:DEBUG:run: date: 2286 concentration: 9.15035 pptv
Tue Mar 21 15:37:32 2023:DEBUG:run: date: 2287 concentration: 9.14943 pptv
Tue Mar 21 15:37:32 2023:DEBUG:run: date: 2288 concentration: 9.14852 pptv
Tue Mar 21 15:37:32 2023:DEBUG:run: date: 2289 concentration: 9.1476 pptv
Tue Mar 21 15:37:32 2023:DEBUG:run: date: 2290 concentration: 9.14669 pptv
Tue Mar 21 15:37:32 2023:DEBUG:run: date: 2291 concentration: 9.14577 pptv
Tue Mar 21 15:37:32 2023:DEBUG:run: date: 2292 concentration: 9.14486 pptv
Tue Mar 21 15:37:32 2023:DEBUG:run: date: 2293 concentration: 9.14394 pptv
Tue Mar 21 15:37:32 2023:DEBUG:run: date: 2294 concentration: 9.14303 pptv
Tue Mar 21 15:37:32 2023:DEBUG:run: date: 2295 concentration: 9.14212 pptv
Tue Mar 21 15:37:32 2023:DEBUG:run: date: 2296 concentration: 9.1412 pptv
Tue Mar 21 15:37:32 2023:DEBUG:run: date: 2297 concentration: 9.14029 pptv
Tue Mar 21 15:37:32 2023:DEBUG:run: date: 2298 concentration: 9.13937 pptv
Tue Mar 21 15:37:32 2023:DEBUG:run: date: 2299 concentration: 9.13846 pptv
Tue Mar 21 15:37:32 2023:DEBUG:run: date: 2300 concentration: 9.13755 pptv
