Tue Mar 21 15:37:28 2023:NOTICE:printLogHeader: hector version 2.5.0
Tue Mar 21 15:37:29 2023:DEBUG:setData: Setting tau[-1]=26.0
Tue Mar 21 15:37:29 2023:DEBUG:setData: Setting rho[-1]=0.00013
Tue Mar 21 15:37:29 2023:DEBUG:setData: Setting CCl4_emissions[1765]=0.024856862
Tue Mar 21 15:37:29 2023:DEBUG:setData: Setting CCl4_emissions[1766]=0.024856862
Tue Mar 21 15:37:29 2023:DEBUG:setData: Setting CCl4_emissions[1767]=0.024856862
Tue Mar 21 15:37:29 2023:DEBUG:setData: Setting CCl4_emissions[1768]=0.024856862
Tue Mar 21 15:37:29 2023:DEBUG:setData: Setting CCl4_emissions[1769]=0.024856862
Tue Mar 21 15:37:29 2023:DEBUG:setData: Setting CCl4_emissions[1770]=0.024856862
Tue Mar 21 15:37:29 2023:DEBUG:setData: Setting CCl4_emissions[1771]=0.024856862
Tue Mar 21 15:37:29 2023:DEBUG:setData: Setting CCl4_emissions[1772]=0.024856862
Tue Mar 21 15:37:29 2023:DEBUG:setData: Setting CCl4_emissions[1773]=0.024856862
Tue Mar 21 15:37:29 2023:DEBUG:setData: Setting CCl4_emissions[1774]=0.024856862
Tue Mar 21 15:37:29 2023:DEBUG:setData: Setting CCl4_emissions[1775]=0.024856862
Tue Mar 21 15:37:29 2023:DEBUG:setData: Setting CCl4_emissions[1776]=0.024856862
Tue Mar 21 15:37:29 2023:DEBUG:setData: Setting CCl4_emissions[1777]=0.024856862
Tue Mar 21 15:37:29 2023:DEBUG:setData: Setting CCl4_emissions[1778]=0.024856862
Tue Mar 21 15:37:29 2023:DEBUG:setData: Setting CCl4_emissions[1779]=0.024856862
Tue Mar 21 15:37:29 2023:DEBUG:setData: Setting CCl4_emissions[1780]=0.024856862
Tue Mar 21 15:37:29 2023:DEBUG:setData: Setting CCl4_emissions[1781]=0.024856862
Tue Mar 21 15:37:29 2023:DEBUG:setData: Setting CCl4_emissions[1782]=0.024856862
Tue Mar 21 15:37:29 2023:DEBUG:setData: Setting CCl4_emissions[1783]=0.024856862
Tue Mar 21 15:37:29 2023:DEBUG:setData: Setting CCl4_emissions[1784]=0.024856862
Tue Mar 21 15:37:29 2023:DEBUG:setData: Setting CCl4_emissions[1785]=0.024856862
Tue Mar 21 15:37:29 2023:DEBUG:setData: Setting CCl4_emissions[1786]=0.024856862
Tue Mar 21 15:37:29 2023:DEBUG:setData: Setting CCl4_emissions[1787]=0.024856862
Tue Mar 21 15:37:29 2023:DEBUG:setData: Setting CCl4_emissions[1788]=0.024856862
Tue Mar 21 15:37:29 2023:DEBUG:setData: Setting CCl4_emissions[1789]=0.024856862
Tue Mar 21 15:37:29 2023:DEBUG:setData: Setting CCl4_emissions[1790]=0.024856862
Tue Mar 21 15:37:29 2023:DEBUG:setData: Setting CCl4_emissions[1791]=0.024856862
Tue Mar 21 15:37:29 2023:DEBUG:setData: Setting CCl4_emissions[1792]=0.024856862
Tue Mar 21 15:37:29 2023:DEBUG:setData: Setting CCl4_emissions[1793]=0.024856862
Tue Mar 21 15:37:29 2023:DEBUG:setData: Setting CCl4_emissions[1794]=0.024856862
Tue Mar 21 15:37:29 2023:DEBUG:setData: Setting CCl4_emissions[1795]=0.024856862
Tue Mar 21 15:37:29 2023:DEBUG:setData: Setting CCl4_emissions[1796]=0.024856862
Tue Mar 21 15:37:29 2023:DEBUG:setData: Setting CCl4_emissions[1797]=0.024856862
Tue Mar 21 15:37:29 2023:DEBUG:setData: Setting CCl4_emissions[1798]=0.024856862
Tue Mar 21 15:37:29 2023:DEBUG:setData: Setting CCl4_emissions[1799]=0.024856862
Tue Mar 21 15:37:29 2023:DEBUG:setData: Setting CCl4_emissions[1800]=0.024856862
Tue Mar 21 15:37:29 2023:DEBUG:setData: Setting CCl4_emissions[1801]=0.024856862
Tue Mar 21 15:37:29 2023:DEBUG:setData: Setting CCl4_emissions[1802]=0.024856862
Tue Mar 21 15:37:29 2023:DEBUG:setData: Setting CCl4_emissions[1803]=0.024856862
Tue Mar 21 15:37:29 2023:DEBUG:setData: Setting CCl4_emissions[1804]=0.024856862
Tue Mar 21 15:37:29 2023:DEBUG:setData: Setting CCl4_emissions[1805]=0.024856862
Tue Mar 21 15:37:29 2023:DEBUG:setData: Setting CCl4_emissions[1806]=0.024856862
Tue Mar 21 15:37:29 2023:DEBUG:setData: Setting CCl4_emissions[1807]=0.024856862
Tue Mar 21 15:37:29 2023:DEBUG:setData: Setting CCl4_emissions[1808]=0.024856862
Tue Mar 21 15:37:29 2023:DEBUG:setData: Setting CCl4_emissions[1809]=0.024856862
Tue Mar 21 15:37:29 2023:DEBUG:setData: Setting CCl4_emissions[1810]=0.024856862
Tue Mar 21 15:37:29 2023:DEBUG:setData: Setting CCl4_emissions[1811]=0.024856862
Tue Mar 21 15:37:29 2023:DEBUG:setData: Setting CCl4_emissions[1812]=0.024856862
Tue Mar 21 15:37:29 2023:DEBUG:setData: Setting CCl4_emissions[1813]=0.024856862
Tue Mar 21 15:37:29 2023:DEBUG:setData: Setting CCl4_emissions[1814]=0.024856862
Tue Mar 21 15:37:29 2023:DEBUG:setData: Setting CCl4_emissions[1815]=0.024856862
Tue Mar 21 15:37:29 2023:DEBUG:setData: Setting CCl4_emissions[1816]=0.024856862
Tue Mar 21 15:37:29 2023:DEBUG:setData: Setting CCl4_emissions[1817]=0.024856862
Tue Mar 21 15:37:29 2023:DEBUG:setData: Setting CCl4_emissions[1818]=0.024856862
Tue Mar 21 15:37:29 2023:DEBUG:setData: Setting CCl4_emissions[1819]=0.024856862
Tue Mar 21 15:37:29 2023:DEBUG:setData: Setting CCl4_emissions[1820]=0.024856862
Tue Mar 21 15:37:29 2023:DEBUG:setData: Setting CCl4_emissions[1821]=0.024856862
Tue Mar 21 15:37:29 2023:DEBUG:setData: Setting CCl4_emissions[1822]=0.024856862
Tue Mar 21 15:37:29 2023:DEBUG:setData: Setting CCl4_emissions[1823]=0.024856862
Tue Mar 21 15:37:29 2023:DEBUG:setData: Setting CCl4_emissions[1824]=0.024856862
Tue Mar 21 15:37:29 2023:DEBUG:setData: Setting CCl4_emissions[1825]=0.024856862
Tue Mar 21 15:37:29 2023:DEBUG:setData: Setting CCl4_emissions[1826]=0.024856862
Tue Mar 21 15:37:29 2023:DEBUG:setData: Setting CCl4_emissions[1827]=0.024856862
Tue Mar 21 15:37:29 2023:DEBUG:setData: Setting CCl4_emissions[1828]=0.024856862
Tue Mar 21 15:37:29 2023:DEBUG:setData: Setting CCl4_emissions[1829]=0.024856862
Tue Mar 21 15:37:29 2023:DEBUG:setData: Setting CCl4_emissions[1830]=0.024856862
Tue Mar 21 15:37:29 2023:DEBUG:setData: Setting CCl4_emissions[1831]=0.024856862
Tue Mar 21 15:37:29 2023:DEBUG:setData: Setting CCl4_emissions[1832]=0.024856862
Tue Mar 21 15:37:29 2023:DEBUG:setData: Setting CCl4_emissions[1833]=0.024856862
Tue Mar 21 15:37:29 2023:DEBUG:setData: Setting CCl4_emissions[1834]=0.024856862
Tue Mar 21 15:37:29 2023:DEBUG:setData: Setting CCl4_emissions[1835]=0.024856862
Tue Mar 21 15:37:29 2023:DEBUG:setData: Setting CCl4_emissions[1836]=0.024856862
Tue Mar 21 15:37:29 2023:DEBUG:setData: Setting CCl4_emissions[1837]=0.024856862
Tue Mar 21 15:37:29 2023:DEBUG:setData: Setting CCl4_emissions[1838]=0.024856862
Tue Mar 21 15:37:29 2023:DEBUG:setData: Setting CCl4_emissions[1839]=0.024856862
Tue Mar 21 15:37:29 2023:DEBUG:setData: Setting CCl4_emissions[1840]=0.024856862
Tue Mar 21 15:37:29 2023:DEBUG:setData: Setting CCl4_emissions[1841]=0.024856862
Tue Mar 21 15:37:29 2023:DEBUG:setData: Setting CCl4_emissions[1842]=0.024856862
Tue Mar 21 15:37:29 2023:DEBUG:setData: Setting CCl4_emissions[1843]=0.024856862
Tue Mar 21 15:37:29 2023:DEBUG:setData: Setting CCl4_emissions[1844]=0.024856862
Tue Mar 21 15:37:29 2023:DEBUG:setData: Setting CCl4_emissions[1845]=0.024856862
Tue Mar 21 15:37:29 2023:DEBUG:setData: Setting CCl4_emissions[1846]=0.024856862
Tue Mar 21 15:37:29 2023:DEBUG:setData: Setting CCl4_emissions[1847]=0.024856862
Tue Mar 21 15:37:29 2023:DEBUG:setData: Setting CCl4_emissions[1848]=0.024856862
Tue Mar 21 15:37:29 2023:DEBUG:setData: Setting CCl4_emissions[1849]=0.024856862
Tue Mar 21 15:37:29 2023:DEBUG:setData: Setting CCl4_emissions[1850]=0.024856862
Tue Mar 21 15:37:29 2023:DEBUG:setData: Setting CCl4_emissions[1851]=0.024856862
Tue Mar 21 15:37:29 2023:DEBUG:setData: Setting CCl4_emissions[1852]=0.024856862
Tue Mar 21 15:37:29 2023:DEBUG:setData: Setting CCl4_emissions[1853]=0.024856862
Tue Mar 21 15:37:29 2023:DEBUG:setData: Setting CCl4_emissions[1854]=0.024856862
Tue Mar 21 15:37:29 2023:DEBUG:setData: Setting CCl4_emissions[1855]=0.024856862
Tue Mar 21 15:37:29 2023:DEBUG:setData: Setting CCl4_emissions[1856]=0.024856862
Tue Mar 21 15:37:29 2023:DEBUG:setData: Setting CCl4_emissions[1857]=0.024856862
Tue Mar 21 15:37:29 2023:DEBUG:setData: Setting CCl4_emissions[1858]=0.024856862
Tue Mar 21 15:37:29 2023:DEBUG:setData: Setting CCl4_emissions[1859]=0.024856862
Tue Mar 21 15:37:29 2023:DEBUG:setData: Setting CCl4_emissions[1860]=0.024856862
Tue Mar 21 15:37:29 2023:DEBUG:setData: Setting CCl4_emissions[1861]=0.024856862
Tue Mar 21 15:37:29 2023:DEBUG:setData: Setting CCl4_emissions[1862]=0.024856862
Tue Mar 21 15:37:29 2023:DEBUG:setData: Setting CCl4_emissions[1863]=0.024856862
Tue Mar 21 15:37:29 2023:DEBUG:setData: Setting CCl4_emissions[1864]=0.024856862
Tue Mar 21 15:37:29 2023:DEBUG:setData: Setting CCl4_emissions[1865]=0.024856862
Tue Mar 21 15:37:29 2023:DEBUG:setData: Setting CCl4_emissions[1866]=0.024856862
Tue Mar 21 15:37:29 2023:DEBUG:setData: Setting CCl4_emissions[1867]=0.024856862
Tue Mar 21 15:37:29 2023:DEBUG:setData: Setting CCl4_emissions[1868]=0.024856862
Tue Mar 21 15:37:29 2023:DEBUG:setData: Setting CCl4_emissions[1869]=0.024856862
Tue Mar 21 15:37:29 2023:DEBUG:setData: Setting CCl4_emissions[1870]=0.024856862
Tue Mar 21 15:37:29 2023:DEBUG:setData: Setting CCl4_emissions[1871]=0.024856862
Tue Mar 21 15:37:29 2023:DEBUG:setData: Setting CCl4_emissions[1872]=0.024856862
Tue Mar 21 15:37:29 2023:DEBUG:setData: Setting CCl4_emissions[1873]=0.024856862
Tue Mar 21 15:37:29 2023:DEBUG:setData: Setting CCl4_emissions[1874]=0.024856862
Tue Mar 21 15:37:29 2023:DEBUG:setData: Setting CCl4_emissions[1875]=0.024856862
Tue Mar 21 15:37:29 2023:DEBUG:setData: Setting CCl4_emissions[1876]=0.024856862
Tue Mar 21 15:37:29 2023:DEBUG:setData: Setting CCl4_emissions[1877]=0.024856862
Tue Mar 21 15:37:29 2023:DEBUG:setData: Setting CCl4_emissions[1878]=0.024856862
Tue Mar 21 15:37:29 2023:DEBUG:setData: Setting CCl4_emissions[1879]=0.024856862
Tue Mar 21 15:37:29 2023:DEBUG:setData: Setting CCl4_emissions[1880]=0.024856862
Tue Mar 21 15:37:29 2023:DEBUG:setData: Setting CCl4_emissions[1881]=0.024856862
Tue Mar 21 15:37:29 2023:DEBUG:setData: Setting CCl4_emissions[1882]=0.024856862
Tue Mar 21 15:37:29 2023:DEBUG:setData: Setting CCl4_emissions[1883]=0.024856862
Tue Mar 21 15:37:29 2023:DEBUG:setData: Setting CCl4_emissions[1884]=0.024856862
Tue Mar 21 15:37:29 2023:DEBUG:setData: Setting CCl4_emissions[1885]=0.024856862
Tue Mar 21 15:37:29 2023:DEBUG:setData: Setting CCl4_emissions[1886]=0.024856862
Tue Mar 21 15:37:29 2023:DEBUG:setData: Setting CCl4_emissions[1887]=0.024856862
Tue Mar 21 15:37:29 2023:DEBUG:setData: Setting CCl4_emissions[1888]=0.024856862
Tue Mar 21 15:37:29 2023:DEBUG:setData: Setting CCl4_emissions[1889]=0.024856862
Tue Mar 21 15:37:29 2023:DEBUG:setData: Setting CCl4_emissions[1890]=0.024856862
Tue Mar 21 15:37:29 2023:DEBUG:setData: Setting CCl4_emissions[1891]=0.024856862
Tue Mar 21 15:37:29 2023:DEBUG:setData: Setting CCl4_emissions[1892]=0.024856862
Tue Mar 21 15:37:29 2023:DEBUG:setData: Setting CCl4_emissions[1893]=0.024856862
Tue Mar 21 15:37:29 2023:DEBUG:setData: Setting CCl4_emissions[1894]=0.024856862
Tue Mar 21 15:37:29 2023:DEBUG:setData: Setting CCl4_emissions[1895]=0.024856862
Tue Mar 21 15:37:29 2023:DEBUG:setData: Setting CCl4_emissions[1896]=0.024856862
Tue Mar 21 15:37:29 2023:DEBUG:setData: Setting CCl4_emissions[1897]=0.024856862
Tue Mar 21 15:37:29 2023:DEBUG:setData: Setting CCl4_emissions[1898]=0.02485618
Tue Mar 21 15:37:29 2023:DEBUG:setData: Setting CCl4_emissions[1899]=0.024857703
Tue Mar 21 15:37:29 2023:DEBUG:setData: Setting CCl4_emissions[1900]=0.024856437
Tue Mar 21 15:37:29 2023:DEBUG:setData: Setting CCl4_emissions[1901]=0.024857442
Tue Mar 21 15:37:29 2023:DEBUG:setData: Setting CCl4_emissions[1902]=0.024856062
Tue Mar 21 15:37:29 2023:DEBUG:setData: Setting CCl4_emissions[1903]=0.024857979
Tue Mar 21 15:37:29 2023:DEBUG:setData: Setting CCl4_emissions[1904]=0.024855289
Tue Mar 21 15:37:29 2023:DEBUG:setData: Setting CCl4_emissions[1905]=0.024859105
Tue Mar 21 15:37:29 2023:DEBUG:setData: Setting CCl4_emissions[1906]=0.024853655
Tue Mar 21 15:37:29 2023:DEBUG:setData: Setting CCl4_emissions[1907]=0.025812945
Tue Mar 21 15:37:29 2023:DEBUG:setData: Setting CCl4_emissions[1908]=0.029231937
Tue Mar 21 15:37:29 2023:DEBUG:setData: Setting CCl4_emissions[1909]=0.765086
Tue Mar 21 15:37:29 2023:DEBUG:setData: Setting CCl4_emissions[1910]=1.0366888
Tue Mar 21 15:37:29 2023:DEBUG:setData: Setting CCl4_emissions[1911]=0.55672031
Tue Mar 21 15:37:29 2023:DEBUG:setData: Setting CCl4_emissions[1912]=1.3372385
Tue Mar 21 15:37:29 2023:DEBUG:setData: Setting CCl4_emissions[1913]=2.7874772
Tue Mar 21 15:37:29 2023:DEBUG:setData: Setting CCl4_emissions[1914]=4.5655912
Tue Mar 21 15:37:29 2023:DEBUG:setData: Setting CCl4_emissions[1915]=6.2098372
Tue Mar 21 15:37:29 2023:DEBUG:setData: Setting CCl4_emissions[1916]=5.9968917
Tue Mar 21 15:37:29 2023:DEBUG:setData: Setting CCl4_emissions[1917]=5.1585271
Tue Mar 21 15:37:29 2023:DEBUG:setData: Setting CCl4_emissions[1918]=4.2721672
Tue Mar 21 15:37:29 2023:DEBUG:setData: Setting CCl4_emissions[1919]=3.196035
Tue Mar 21 15:37:29 2023:DEBUG:setData: Setting CCl4_emissions[1920]=4.0059497
Tue Mar 21 15:37:29 2023:DEBUG:setData: Setting CCl4_emissions[1921]=6.3575755
Tue Mar 21 15:37:29 2023:DEBUG:setData: Setting CCl4_emissions[1922]=7.5196689
Tue Mar 21 15:37:29 2023:DEBUG:setData: Setting CCl4_emissions[1923]=8.1995609
Tue Mar 21 15:37:29 2023:DEBUG:setData: Setting CCl4_emissions[1924]=10.064032
Tue Mar 21 15:37:29 2023:DEBUG:setData: Setting CCl4_emissions[1925]=9.887985
Tue Mar 21 15:37:29 2023:DEBUG:setData: Setting CCl4_emissions[1926]=10.020584
Tue Mar 21 15:37:29 2023:DEBUG:setData: Setting CCl4_emissions[1927]=13.691728
Tue Mar 21 15:37:29 2023:DEBUG:setData: Setting CCl4_emissions[1928]=16.914307
Tue Mar 21 15:37:29 2023:DEBUG:setData: Setting CCl4_emissions[1929]=19.38339
Tue Mar 21 15:37:29 2023:DEBUG:setData: Setting CCl4_emissions[1930]=20.571834
Tue Mar 21 15:37:29 2023:DEBUG:setData: Setting CCl4_emissions[1931]=21.232329
Tue Mar 21 15:37:29 2023:DEBUG:setData: Setting CCl4_emissions[1932]=23.837144
Tue Mar 21 15:37:29 2023:DEBUG:setData: Setting CCl4_emissions[1933]=28.120028
Tue Mar 21 15:37:29 2023:DEBUG:setData: Setting CCl4_emissions[1934]=34.519287
Tue Mar 21 15:37:29 2023:DEBUG:setData: Setting CCl4_emissions[1935]=40.132859
Tue Mar 21 15:37:29 2023:DEBUG:setData: Setting CCl4_emissions[1936]=42.33712
Tue Mar 21 15:37:29 2023:DEBUG:setData: Setting CCl4_emissions[1937]=44.188471
Tue Mar 21 15:37:29 2023:DEBUG:setData: Setting CCl4_emissions[1938]=49.06474
Tue Mar 21 15:37:29 2023:DEBUG:setData: Setting CCl4_emissions[1939]=56.683054
Tue Mar 21 15:37:29 2023:DEBUG:setData: Setting CCl4_emissions[1940]=67.980741
Tue Mar 21 15:37:29 2023:DEBUG:setData: Setting CCl4_emissions[1941]=81.740279
Tue Mar 21 15:37:29 2023:DEBUG:setData: Setting CCl4_emissions[1942]=95.021136
Tue Mar 21 15:37:29 2023:DEBUG:setData: Setting CCl4_emissions[1943]=89.521615
Tue Mar 21 15:37:29 2023:DEBUG:setData: Setting CCl4_emissions[1944]=72.694302
Tue Mar 21 15:37:29 2023:DEBUG:setData: Setting CCl4_emissions[1945]=68.369262
Tue Mar 21 15:37:29 2023:DEBUG:setData: Setting CCl4_emissions[1946]=74.717234
Tue Mar 21 15:37:29 2023:DEBUG:setData: Setting CCl4_emissions[1947]=84.081746
Tue Mar 21 15:37:29 2023:DEBUG:setData: Setting CCl4_emissions[1948]=90.670686
Tue Mar 21 15:37:29 2023:DEBUG:setData: Setting CCl4_emissions[1949]=91.962416
Tue Mar 21 15:37:29 2023:DEBUG:setData: Setting CCl4_emissions[1950]=78.580053
Tue Mar 21 15:37:29 2023:DEBUG:setData: Setting CCl4_emissions[1951]=70.47669
Tue Mar 21 15:37:29 2023:DEBUG:setData: Setting CCl4_emissions[1952]=76.508762
Tue Mar 21 15:37:29 2023:DEBUG:setData: Setting CCl4_emissions[1953]=81.681224
Tue Mar 21 15:37:29 2023:DEBUG:setData: Setting CCl4_emissions[1954]=86.86347
Tue Mar 21 15:37:29 2023:DEBUG:setData: Setting CCl4_emissions[1955]=91.980019
Tue Mar 21 15:37:29 2023:DEBUG:setData: Setting CCl4_emissions[1956]=97.008491
Tue Mar 21 15:37:29 2023:DEBUG:setData: Setting CCl4_emissions[1957]=102.11597
Tue Mar 21 15:37:29 2023:DEBUG:setData: Setting CCl4_emissions[1958]=107.206
Tue Mar 21 15:37:29 2023:DEBUG:setData: Setting CCl4_emissions[1959]=112.29185
Tue Mar 21 15:37:29 2023:DEBUG:setData: Setting CCl4_emissions[1960]=117.2597
Tue Mar 21 15:37:29 2023:DEBUG:setData: Setting CCl4_emissions[1961]=121.58986
Tue Mar 21 15:37:29 2023:DEBUG:setData: Setting CCl4_emissions[1962]=125.71015
Tue Mar 21 15:37:29 2023:DEBUG:setData: Setting CCl4_emissions[1963]=128.88013
Tue Mar 21 15:37:29 2023:DEBUG:setData: Setting CCl4_emissions[1964]=129.76929
Tue Mar 21 15:37:29 2023:DEBUG:setData: Setting CCl4_emissions[1965]=129.69213
Tue Mar 21 15:37:29 2023:DEBUG:setData: Setting CCl4_emissions[1966]=129.70542
Tue Mar 21 15:37:29 2023:DEBUG:setData: Setting CCl4_emissions[1967]=129.68847
Tue Mar 21 15:37:29 2023:DEBUG:setData: Setting CCl4_emissions[1968]=129.73308
Tue Mar 21 15:37:29 2023:DEBUG:setData: Setting CCl4_emissions[1969]=129.76058
Tue Mar 21 15:37:29 2023:DEBUG:setData: Setting CCl4_emissions[1970]=129.69302
Tue Mar 21 15:37:29 2023:DEBUG:setData: Setting CCl4_emissions[1971]=129.60227
Tue Mar 21 15:37:29 2023:DEBUG:setData: Setting CCl4_emissions[1972]=129.65777
Tue Mar 21 15:37:29 2023:DEBUG:setData: Setting CCl4_emissions[1973]=129.79157
Tue Mar 21 15:37:29 2023:DEBUG:setData: Setting CCl4_emissions[1974]=129.76026
Tue Mar 21 15:37:29 2023:DEBUG:setData: Setting CCl4_emissions[1975]=129.65616
Tue Mar 21 15:37:29 2023:DEBUG:setData: Setting CCl4_emissions[1976]=129.63321
Tue Mar 21 15:37:29 2023:DEBUG:setData: Setting CCl4_emissions[1977]=129.63647
Tue Mar 21 15:37:29 2023:DEBUG:setData: Setting CCl4_emissions[1978]=130.48849
Tue Mar 21 15:37:29 2023:DEBUG:setData: Setting CCl4_emissions[1979]=128.37989
Tue Mar 21 15:37:29 2023:DEBUG:setData: Setting CCl4_emissions[1980]=125.08456
Tue Mar 21 15:37:29 2023:DEBUG:setData: Setting CCl4_emissions[1981]=126.52811
Tue Mar 21 15:37:29 2023:DEBUG:setData: Setting CCl4_emissions[1982]=129.38621
Tue Mar 21 15:37:29 2023:DEBUG:setData: Setting CCl4_emissions[1983]=130.75989
Tue Mar 21 15:37:29 2023:DEBUG:setData: Setting CCl4_emissions[1984]=134.9934
Tue Mar 21 15:37:29 2023:DEBUG:setData: Setting CCl4_emissions[1985]=138.44665
Tue Mar 21 15:37:29 2023:DEBUG:setData: Setting CCl4_emissions[1986]=134.66824
Tue Mar 21 15:37:29 2023:DEBUG:setData: Setting CCl4_emissions[1987]=140.05915
Tue Mar 21 15:37:29 2023:DEBUG:setData: Setting CCl4_emissions[1988]=134.89421
Tue Mar 21 15:37:29 2023:DEBUG:setData: Setting CCl4_emissions[1989]=105.50252
Tue Mar 21 15:37:29 2023:DEBUG:setData: Setting CCl4_emissions[1990]=86.426532
Tue Mar 21 15:37:29 2023:DEBUG:setData: Setting CCl4_emissions[1991]=85.142226
Tue Mar 21 15:37:29 2023:DEBUG:setData: Setting CCl4_emissions[1992]=85.437279
Tue Mar 21 15:37:29 2023:DEBUG:setData: Setting CCl4_emissions[1993]=84.458339
Tue Mar 21 15:37:29 2023:DEBUG:setData: Setting CCl4_emissions[1994]=86.05046
Tue Mar 21 15:37:29 2023:DEBUG:setData: Setting CCl4_emissions[1995]=80.480245
Tue Mar 21 15:37:29 2023:DEBUG:setData: Setting CCl4_emissions[1996]=75.256035
Tue Mar 21 15:37:29 2023:DEBUG:setData: Setting CCl4_emissions[1997]=75.489912
Tue Mar 21 15:37:29 2023:DEBUG:setData: Setting CCl4_emissions[1998]=72.916263
Tue Mar 21 15:37:29 2023:DEBUG:setData: Setting CCl4_emissions[1999]=72.96355
Tue Mar 21 15:37:29 2023:DEBUG:setData: Setting CCl4_emissions[2000]=72.651408
Tue Mar 21 15:37:29 2023:DEBUG:setData: Setting CCl4_emissions[2001]=70.656969
Tue Mar 21 15:37:29 2023:DEBUG:setData: Setting CCl4_emissions[2002]=70.456674
Tue Mar 21 15:37:29 2023:DEBUG:setData: Setting CCl4_emissions[2003]=69.839024
Tue Mar 21 15:37:29 2023:DEBUG:setData: Setting CCl4_emissions[2004]=66.998563
Tue Mar 21 15:37:29 2023:DEBUG:setData: Setting CCl4_emissions[2005]=63.195607
Tue Mar 21 15:37:29 2023:DEBUG:setData: Setting CCl4_emissions[2006]=60.048081
Tue Mar 21 15:37:29 2023:DEBUG:setData: Setting CCl4_emissions[2007]=57.257154
Tue Mar 21 15:37:29 2023:DEBUG:setData: Setting CCl4_emissions[2008]=56.837697
Tue Mar 21 15:37:29 2023:DEBUG:setData: Setting CCl4_emissions[2009]=55.355253
Tue Mar 21 15:37:29 2023:DEBUG:setData: Setting CCl4_emissions[2010]=56.090865
Tue Mar 21 15:37:29 2023:DEBUG:setData: Setting CCl4_emissions[2011]=57.565927
Tue Mar 21 15:37:29 2023:DEBUG:setData: Setting CCl4_emissions[2012]=59.464919
Tue Mar 21 15:37:29 2023:DEBUG:setData: Setting CCl4_emissions[2013]=62.512861
Tue Mar 21 15:37:29 2023:DEBUG:setData: Setting CCl4_emissions[2014]=53.5475
Tue Mar 21 15:37:29 2023:DEBUG:setData: Setting CCl4_emissions[2015]=47.5476
Tue Mar 21 15:37:29 2023:DEBUG:setData: Setting CCl4_emissions[2016]=45.01716
Tue Mar 21 15:37:29 2023:DEBUG:setData: Setting CCl4_emissions[2017]=42.48672
Tue Mar 21 15:37:29 2023:DEBUG:setData: Setting CCl4_emissions[2018]=39.95628
Tue Mar 21 15:37:29 2023:DEBUG:setData: Setting CCl4_emissions[2019]=37.42584
Tue Mar 21 15:37:29 2023:DEBUG:setData: Setting CCl4_emissions[2020]=34.8954
Tue Mar 21 15:37:29 2023:DEBUG:setData: Setting CCl4_emissions[2021]=33.28538
Tue Mar 21 15:37:29 2023:DEBUG:setData: Setting CCl4_emissions[2022]=31.67536
Tue Mar 21 15:37:29 2023:DEBUG:setData: Setting CCl4_emissions[2023]=30.06534
Tue Mar 21 15:37:29 2023:DEBUG:setData: Setting CCl4_emissions[2024]=28.45532
Tue Mar 21 15:37:29 2023:DEBUG:setData: Setting CCl4_emissions[2025]=26.8453
Tue Mar 21 15:37:29 2023:DEBUG:setData: Setting CCl4_emissions[2026]=25.23528
Tue Mar 21 15:37:29 2023:DEBUG:setData: Setting CCl4_emissions[2027]=23.62526
Tue Mar 21 15:37:29 2023:DEBUG:setData: Setting CCl4_emissions[2028]=22.01524
Tue Mar 21 15:37:29 2023:DEBUG:setData: Setting CCl4_emissions[2029]=20.40522
Tue Mar 21 15:37:29 2023:DEBUG:setData: Setting CCl4_emissions[2030]=18.7952
Tue Mar 21 15:37:29 2023:DEBUG:setData: Setting CCl4_emissions[2031]=17.92802
Tue Mar 21 15:37:29 2023:DEBUG:setData: Setting CCl4_emissions[2032]=17.06084
Tue Mar 21 15:37:29 2023:DEBUG:setData: Setting CCl4_emissions[2033]=16.19366
Tue Mar 21 15:37:29 2023:DEBUG:setData: Setting CCl4_emissions[2034]=15.32648
Tue Mar 21 15:37:29 2023:DEBUG:setData: Setting CCl4_emissions[2035]=14.4593
Tue Mar 21 15:37:29 2023:DEBUG:setData: Setting CCl4_emissions[2036]=13.59212
Tue Mar 21 15:37:29 2023:DEBUG:setData: Setting CCl4_emissions[2037]=12.72494
Tue Mar 21 15:37:29 2023:DEBUG:setData: Setting CCl4_emissions[2038]=11.85776
Tue Mar 21 15:37:29 2023:DEBUG:setData: Setting CCl4_emissions[2039]=10.99058
Tue Mar 21 15:37:29 2023:DEBUG:setData: Setting CCl4_emissions[2040]=10.1234
Tue Mar 21 15:37:29 2023:DEBUG:setData: Setting CCl4_emissions[2041]=9.65632
Tue Mar 21 15:37:29 2023:DEBUG:setData: Setting CCl4_emissions[2042]=9.18924
Tue Mar 21 15:37:29 2023:DEBUG:setData: Setting CCl4_emissions[2043]=8.72216
Tue Mar 21 15:37:29 2023:DEBUG:setData: Setting CCl4_emissions[2044]=8.25508
Tue Mar 21 15:37:29 2023:DEBUG:setData: Setting CCl4_emissions[2045]=7.788
Tue Mar 21 15:37:29 2023:DEBUG:setData: Setting CCl4_emissions[2046]=7.32092
Tue Mar 21 15:37:29 2023:DEBUG:setData: Setting CCl4_emissions[2047]=6.85384
Tue Mar 21 15:37:29 2023:DEBUG:setData: Setting CCl4_emissions[2048]=6.38676
Tue Mar 21 15:37:29 2023:DEBUG:setData: Setting CCl4_emissions[2049]=5.91968
Tue Mar 21 15:37:29 2023:DEBUG:setData: Setting CCl4_emissions[2050]=5.4526
Tue Mar 21 15:37:29 2023:DEBUG:setData: Setting CCl4_emissions[2051]=5.20103
Tue Mar 21 15:37:29 2023:DEBUG:setData: Setting CCl4_emissions[2052]=4.94946
Tue Mar 21 15:37:29 2023:DEBUG:setData: Setting CCl4_emissions[2053]=4.69789
Tue Mar 21 15:37:29 2023:DEBUG:setData: Setting CCl4_emissions[2054]=4.44632
Tue Mar 21 15:37:29 2023:DEBUG:setData: Setting CCl4_emissions[2055]=4.19475
Tue Mar 21 15:37:29 2023:DEBUG:setData: Setting CCl4_emissions[2056]=3.94318
Tue Mar 21 15:37:29 2023:DEBUG:setData: Setting CCl4_emissions[2057]=3.69161
Tue Mar 21 15:37:29 2023:DEBUG:setData: Setting CCl4_emissions[2058]=3.44004
Tue Mar 21 15:37:29 2023:DEBUG:setData: Setting CCl4_emissions[2059]=3.18847
Tue Mar 21 15:37:29 2023:DEBUG:setData: Setting CCl4_emissions[2060]=2.9369
Tue Mar 21 15:37:29 2023:DEBUG:setData: Setting CCl4_emissions[2061]=2.80139
Tue Mar 21 15:37:29 2023:DEBUG:setData: Setting CCl4_emissions[2062]=2.66588
Tue Mar 21 15:37:29 2023:DEBUG:setData: Setting CCl4_emissions[2063]=2.53037
Tue Mar 21 15:37:29 2023:DEBUG:setData: Setting CCl4_emissions[2064]=2.39486
Tue Mar 21 15:37:29 2023:DEBUG:setData: Setting CCl4_emissions[2065]=2.25935
Tue Mar 21 15:37:29 2023:DEBUG:setData: Setting CCl4_emissions[2066]=2.12384
Tue Mar 21 15:37:29 2023:DEBUG:setData: Setting CCl4_emissions[2067]=1.98833
Tue Mar 21 15:37:29 2023:DEBUG:setData: Setting CCl4_emissions[2068]=1.85282
Tue Mar 21 15:37:29 2023:DEBUG:setData: Setting CCl4_emissions[2069]=1.71731
Tue Mar 21 15:37:29 2023:DEBUG:setData: Setting CCl4_emissions[2070]=1.5818
Tue Mar 21 15:37:29 2023:DEBUG:setData: Setting CCl4_emissions[2071]=1.50882
Tue Mar 21 15:37:29 2023:DEBUG:setData: Setting CCl4_emissions[2072]=1.43584
Tue Mar 21 15:37:29 2023:DEBUG:setData: Setting CCl4_emissions[2073]=1.36286
Tue Mar 21 15:37:29 2023:DEBUG:setData: Setting CCl4_emissions[2074]=1.28988
Tue Mar 21 15:37:29 2023:DEBUG:setData: Setting CCl4_emissions[2075]=1.2169
Tue Mar 21 15:37:29 2023:DEBUG:setData: Setting CCl4_emissions[2076]=1.14392
Tue Mar 21 15:37:29 2023:DEBUG:setData: Setting CCl4_emissions[2077]=1.07094
Tue Mar 21 15:37:29 2023:DEBUG:setData: Setting CCl4_emissions[2078]=0.99796
Tue Mar 21 15:37:29 2023:DEBUG:setData: Setting CCl4_emissions[2079]=0.92498
Tue Mar 21 15:37:29 2023:DEBUG:setData: Setting CCl4_emissions[2080]=0.852
Tue Mar 21 15:37:29 2023:DEBUG:setData: Setting CCl4_emissions[2081]=0.81269
Tue Mar 21 15:37:29 2023:DEBUG:setData: Setting CCl4_emissions[2082]=0.77338
Tue Mar 21 15:37:29 2023:DEBUG:setData: Setting CCl4_emissions[2083]=0.73407
Tue Mar 21 15:37:29 2023:DEBUG:setData: Setting CCl4_emissions[2084]=0.69476
Tue Mar 21 15:37:29 2023:DEBUG:setData: Setting CCl4_emissions[2085]=0.65545
Tue Mar 21 15:37:29 2023:DEBUG:setData: Setting CCl4_emissions[2086]=0.61614
Tue Mar 21 15:37:29 2023:DEBUG:setData: Setting CCl4_emissions[2087]=0.57683
Tue Mar 21 15:37:29 2023:DEBUG:setData: Setting CCl4_emissions[2088]=0.53752
Tue Mar 21 15:37:29 2023:DEBUG:setData: Setting CCl4_emissions[2089]=0.49821
Tue Mar 21 15:37:29 2023:DEBUG:setData: Setting CCl4_emissions[2090]=0.4589
Tue Mar 21 15:37:29 2023:DEBUG:setData: Setting CCl4_emissions[2091]=0.43762
Tue Mar 21 15:37:29 2023:DEBUG:setData: Setting CCl4_emissions[2092]=0.41634
Tue Mar 21 15:37:29 2023:DEBUG:setData: Setting CCl4_emissions[2093]=0.39506
Tue Mar 21 15:37:29 2023:DEBUG:setData: Setting CCl4_emissions[2094]=0.37378
Tue Mar 21 15:37:29 2023:DEBUG:setData: Setting CCl4_emissions[2095]=0.3525
Tue Mar 21 15:37:29 2023:DEBUG:setData: Setting CCl4_emissions[2096]=0.33122
Tue Mar 21 15:37:29 2023:DEBUG:setData: Setting CCl4_emissions[2097]=0.30994
Tue Mar 21 15:37:29 2023:DEBUG:setData: Setting CCl4_emissions[2098]=0.28866
Tue Mar 21 15:37:29 2023:DEBUG:setData: Setting CCl4_emissions[2099]=0.26738
Tue Mar 21 15:37:29 2023:DEBUG:setData: Setting CCl4_emissions[2100]=0.2461
Tue Mar 21 15:37:29 2023:DEBUG:setData: Setting CCl4_emissions[2101]=0.244459333
Tue Mar 21 15:37:29 2023:DEBUG:setData: Setting CCl4_emissions[2102]=0.242818667
Tue Mar 21 15:37:29 2023:DEBUG:setData: Setting CCl4_emissions[2103]=0.241178
Tue Mar 21 15:37:29 2023:DEBUG:setData: Setting CCl4_emissions[2104]=0.239537333
Tue Mar 21 15:37:29 2023:DEBUG:setData: Setting CCl4_emissions[2105]=0.237896667
Tue Mar 21 15:37:29 2023:DEBUG:setData: Setting CCl4_emissions[2106]=0.236256
Tue Mar 21 15:37:29 2023:DEBUG:setData: Setting CCl4_emissions[2107]=0.234615333
Tue Mar 21 15:37:29 2023:DEBUG:setData: Setting CCl4_emissions[2108]=0.232974667
Tue Mar 21 15:37:29 2023:DEBUG:setData: Setting CCl4_emissions[2109]=0.231334
Tue Mar 21 15:37:29 2023:DEBUG:setData: Setting CCl4_emissions[2110]=0.229693333
Tue Mar 21 15:37:29 2023:DEBUG:setData: Setting CCl4_emissions[2111]=0.228052667
Tue Mar 21 15:37:29 2023:DEBUG:setData: Setting CCl4_emissions[2112]=0.226412
Tue Mar 21 15:37:29 2023:DEBUG:setData: Setting CCl4_emissions[2113]=0.224771333
Tue Mar 21 15:37:29 2023:DEBUG:setData: Setting CCl4_emissions[2114]=0.223130667
Tue Mar 21 15:37:29 2023:DEBUG:setData: Setting CCl4_emissions[2115]=0.22149
Tue Mar 21 15:37:29 2023:DEBUG:setData: Setting CCl4_emissions[2116]=0.219849333
Tue Mar 21 15:37:29 2023:DEBUG:setData: Setting CCl4_emissions[2117]=0.218208667
Tue Mar 21 15:37:29 2023:DEBUG:setData: Setting CCl4_emissions[2118]=0.216568
Tue Mar 21 15:37:29 2023:DEBUG:setData: Setting CCl4_emissions[2119]=0.214927333
Tue Mar 21 15:37:29 2023:DEBUG:setData: Setting CCl4_emissions[2120]=0.213286667
Tue Mar 21 15:37:29 2023:DEBUG:setData: Setting CCl4_emissions[2121]=0.211646
Tue Mar 21 15:37:29 2023:DEBUG:setData: Setting CCl4_emissions[2122]=0.210005333
Tue Mar 21 15:37:29 2023:DEBUG:setData: Setting CCl4_emissions[2123]=0.208364667
Tue Mar 21 15:37:29 2023:DEBUG:setData: Setting CCl4_emissions[2124]=0.206724
Tue Mar 21 15:37:29 2023:DEBUG:setData: Setting CCl4_emissions[2125]=0.205083333
Tue Mar 21 15:37:29 2023:DEBUG:setData: Setting CCl4_emissions[2126]=0.203442667
Tue Mar 21 15:37:29 2023:DEBUG:setData: Setting CCl4_emissions[2127]=0.201802
Tue Mar 21 15:37:29 2023:DEBUG:setData: Setting CCl4_emissions[2128]=0.200161333
Tue Mar 21 15:37:29 2023:DEBUG:setData: Setting CCl4_emissions[2129]=0.198520667
Tue Mar 21 15:37:29 2023:DEBUG:setData: Setting CCl4_emissions[2130]=0.19688
Tue Mar 21 15:37:29 2023:DEBUG:setData: Setting CCl4_emissions[2131]=0.195239333
Tue Mar 21 15:37:29 2023:DEBUG:setData: Setting CCl4_emissions[2132]=0.193598667
Tue Mar 21 15:37:29 2023:DEBUG:setData: Setting CCl4_emissions[2133]=0.191958
Tue Mar 21 15:37:29 2023:DEBUG:setData: Setting CCl4_emissions[2134]=0.190317333
Tue Mar 21 15:37:29 2023:DEBUG:setData: Setting CCl4_emissions[2135]=0.188676667
Tue Mar 21 15:37:29 2023:DEBUG:setData: Setting CCl4_emissions[2136]=0.187036
Tue Mar 21 15:37:29 2023:DEBUG:setData: Setting CCl4_emissions[2137]=0.185395333
Tue Mar 21 15:37:29 2023:DEBUG:setData: Setting CCl4_emissions[2138]=0.183754667
Tue Mar 21 15:37:29 2023:DEBUG:setData: Setting CCl4_emissions[2139]=0.182114
Tue Mar 21 15:37:29 2023:DEBUG:setData: Setting CCl4_emissions[2140]=0.180473333
Tue Mar 21 15:37:29 2023:DEBUG:setData: Setting CCl4_emissions[2141]=0.178832667
Tue Mar 21 15:37:29 2023:DEBUG:setData: Setting CCl4_emissions[2142]=0.177192
Tue Mar 21 15:37:29 2023:DEBUG:setData: Setting CCl4_emissions[2143]=0.175551333
Tue Mar 21 15:37:29 2023:DEBUG:setData: Setting CCl4_emissions[2144]=0.173910667
Tue Mar 21 15:37:29 2023:DEBUG:setData: Setting CCl4_emissions[2145]=0.17227
Tue Mar 21 15:37:29 2023:DEBUG:setData: Setting CCl4_emissions[2146]=0.170629333
Tue Mar 21 15:37:29 2023:DEBUG:setData: Setting CCl4_emissions[2147]=0.168988667
Tue Mar 21 15:37:29 2023:DEBUG:setData: Setting CCl4_emissions[2148]=0.167348
Tue Mar 21 15:37:29 2023:DEBUG:setData: Setting CCl4_emissions[2149]=0.165707333
Tue Mar 21 15:37:29 2023:DEBUG:setData: Setting CCl4_emissions[2150]=0.164066667
Tue Mar 21 15:37:29 2023:DEBUG:setData: Setting CCl4_emissions[2151]=0.162426
Tue Mar 21 15:37:29 2023:DEBUG:setData: Setting CCl4_emissions[2152]=0.160785333
Tue Mar 21 15:37:29 2023:DEBUG:setData: Setting CCl4_emissions[2153]=0.159144667
Tue Mar 21 15:37:29 2023:DEBUG:setData: Setting CCl4_emissions[2154]=0.157504
Tue Mar 21 15:37:29 2023:DEBUG:setData: Setting CCl4_emissions[2155]=0.155863333
Tue Mar 21 15:37:29 2023:DEBUG:setData: Setting CCl4_emissions[2156]=0.154222667
Tue Mar 21 15:37:29 2023:DEBUG:setData: Setting CCl4_emissions[2157]=0.152582
Tue Mar 21 15:37:29 2023:DEBUG:setData: Setting CCl4_emissions[2158]=0.150941333
Tue Mar 21 15:37:29 2023:DEBUG:setData: Setting CCl4_emissions[2159]=0.149300667
Tue Mar 21 15:37:29 2023:DEBUG:setData: Setting CCl4_emissions[2160]=0.14766
Tue Mar 21 15:37:29 2023:DEBUG:setData: Setting CCl4_emissions[2161]=0.146019333
Tue Mar 21 15:37:29 2023:DEBUG:setData: Setting CCl4_emissions[2162]=0.144378667
Tue Mar 21 15:37:29 2023:DEBUG:setData: Setting CCl4_emissions[2163]=0.142738
Tue Mar 21 15:37:29 2023:DEBUG:setData: Setting CCl4_emissions[2164]=0.141097333
Tue Mar 21 15:37:29 2023:DEBUG:setData: Setting CCl4_emissions[2165]=0.139456667
Tue Mar 21 15:37:29 2023:DEBUG:setData: Setting CCl4_emissions[2166]=0.137816
Tue Mar 21 15:37:29 2023:DEBUG:setData: Setting CCl4_emissions[2167]=0.136175333
Tue Mar 21 15:37:29 2023:DEBUG:setData: Setting CCl4_emissions[2168]=0.134534667
Tue Mar 21 15:37:29 2023:DEBUG:setData: Setting CCl4_emissions[2169]=0.132894
Tue Mar 21 15:37:29 2023:DEBUG:setData: Setting CCl4_emissions[2170]=0.131253333
Tue Mar 21 15:37:29 2023:DEBUG:setData: Setting CCl4_emissions[2171]=0.129612667
Tue Mar 21 15:37:29 2023:DEBUG:setData: Setting CCl4_emissions[2172]=0.127972
Tue Mar 21 15:37:29 2023:DEBUG:setData: Setting CCl4_emissions[2173]=0.126331333
Tue Mar 21 15:37:29 2023:DEBUG:setData: Setting CCl4_emissions[2174]=0.124690667
Tue Mar 21 15:37:29 2023:DEBUG:setData: Setting CCl4_emissions[2175]=0.12305
Tue Mar 21 15:37:29 2023:DEBUG:setData: Setting CCl4_emissions[2176]=0.121409333
Tue Mar 21 15:37:29 2023:DEBUG:setData: Setting CCl4_emissions[2177]=0.119768667
Tue Mar 21 15:37:29 2023:DEBUG:setData: Setting CCl4_emissions[2178]=0.118128
Tue Mar 21 15:37:29 2023:DEBUG:setData: Setting CCl4_emissions[2179]=0.116487333
Tue Mar 21 15:37:29 2023:DEBUG:setData: Setting CCl4_emissions[2180]=0.114846667
Tue Mar 21 15:37:29 2023:DEBUG:setData: Setting CCl4_emissions[2181]=0.113206
Tue Mar 21 15:37:29 2023:DEBUG:setData: Setting CCl4_emissions[2182]=0.111565333
Tue Mar 21 15:37:29 2023:DEBUG:setData: Setting CCl4_emissions[2183]=0.109924667
Tue Mar 21 15:37:29 2023:DEBUG:setData: Setting CCl4_emissions[2184]=0.108284
Tue Mar 21 15:37:29 2023:DEBUG:setData: Setting CCl4_emissions[2185]=0.106643333
Tue Mar 21 15:37:29 2023:DEBUG:setData: Setting CCl4_emissions[2186]=0.105002667
Tue Mar 21 15:37:29 2023:DEBUG:setData: Setting CCl4_emissions[2187]=0.103362
Tue Mar 21 15:37:29 2023:DEBUG:setData: Setting CCl4_emissions[2188]=0.101721333
Tue Mar 21 15:37:29 2023:DEBUG:setData: Setting CCl4_emissions[2189]=0.100080667
Tue Mar 21 15:37:29 2023:DEBUG:setData: Setting CCl4_emissions[2190]=0.09844
Tue Mar 21 15:37:29 2023:DEBUG:setData: Setting CCl4_emissions[2191]=0.096799333
Tue Mar 21 15:37:29 2023:DEBUG:setData: Setting CCl4_emissions[2192]=0.095158667
Tue Mar 21 15:37:29 2023:DEBUG:setData: Setting CCl4_emissions[2193]=0.093518
Tue Mar 21 15:37:29 2023:DEBUG:setData: Setting CCl4_emissions[2194]=0.091877333
Tue Mar 21 15:37:29 2023:DEBUG:setData: Setting CCl4_emissions[2195]=0.090236667
Tue Mar 21 15:37:29 2023:DEBUG:setData: Setting CCl4_emissions[2196]=0.088596
Tue Mar 21 15:37:29 2023:DEBUG:setData: Setting CCl4_emissions[2197]=0.086955333
Tue Mar 21 15:37:29 2023:DEBUG:setData: Setting CCl4_emissions[2198]=0.085314667
Tue Mar 21 15:37:29 2023:DEBUG:setData: Setting CCl4_emissions[2199]=0.083674
Tue Mar 21 15:37:29 2023:DEBUG:setData: Setting CCl4_emissions[2200]=0.082033333
Tue Mar 21 15:37:29 2023:DEBUG:setData: Setting CCl4_emissions[2201]=0.080392667
Tue Mar 21 15:37:29 2023:DEBUG:setData: Setting CCl4_emissions[2202]=0.078752
Tue Mar 21 15:37:29 2023:DEBUG:setData: Setting CCl4_emissions[2203]=0.077111333
Tue Mar 21 15:37:29 2023:DEBUG:setData: Setting CCl4_emissions[2204]=0.075470667
Tue Mar 21 15:37:29 2023:DEBUG:setData: Setting CCl4_emissions[2205]=0.07383
Tue Mar 21 15:37:29 2023:DEBUG:setData: Setting CCl4_emissions[2206]=0.072189333
Tue Mar 21 15:37:29 2023:DEBUG:setData: Setting CCl4_emissions[2207]=0.070548667
Tue Mar 21 15:37:29 2023:DEBUG:setData: Setting CCl4_emissions[2208]=0.068908
Tue Mar 21 15:37:29 2023:DEBUG:setData: Setting CCl4_emissions[2209]=0.067267333
Tue Mar 21 15:37:29 2023:DEBUG:setData: Setting CCl4_emissions[2210]=0.065626667
Tue Mar 21 15:37:29 2023:DEBUG:setData: Setting CCl4_emissions[2211]=0.063986
Tue Mar 21 15:37:29 2023:DEBUG:setData: Setting CCl4_emissions[2212]=0.062345333
Tue Mar 21 15:37:29 2023:DEBUG:setData: Setting CCl4_emissions[2213]=0.060704667
Tue Mar 21 15:37:29 2023:DEBUG:setData: Setting CCl4_emissions[2214]=0.059064
Tue Mar 21 15:37:29 2023:DEBUG:setData: Setting CCl4_emissions[2215]=0.057423333
Tue Mar 21 15:37:29 2023:DEBUG:setData: Setting CCl4_emissions[2216]=0.055782667
Tue Mar 21 15:37:29 2023:DEBUG:setData: Setting CCl4_emissions[2217]=0.054142
Tue Mar 21 15:37:29 2023:DEBUG:setData: Setting CCl4_emissions[2218]=0.052501333
Tue Mar 21 15:37:29 2023:DEBUG:setData: Setting CCl4_emissions[2219]=0.050860667
Tue Mar 21 15:37:29 2023:DEBUG:setData: Setting CCl4_emissions[2220]=0.04922
Tue Mar 21 15:37:29 2023:DEBUG:setData: Setting CCl4_emissions[2221]=0.047579333
Tue Mar 21 15:37:29 2023:DEBUG:setData: Setting CCl4_emissions[2222]=0.045938667
Tue Mar 21 15:37:29 2023:DEBUG:setData: Setting CCl4_emissions[2223]=0.044298
Tue Mar 21 15:37:29 2023:DEBUG:setData: Setting CCl4_emissions[2224]=0.042657333
Tue Mar 21 15:37:29 2023:DEBUG:setData: Setting CCl4_emissions[2225]=0.041016667
Tue Mar 21 15:37:29 2023:DEBUG:setData: Setting CCl4_emissions[2226]=0.039376
Tue Mar 21 15:37:29 2023:DEBUG:setData: Setting CCl4_emissions[2227]=0.037735333
Tue Mar 21 15:37:29 2023:DEBUG:setData: Setting CCl4_emissions[2228]=0.036094667
Tue Mar 21 15:37:29 2023:DEBUG:setData: Setting CCl4_emissions[2229]=0.034454
Tue Mar 21 15:37:29 2023:DEBUG:setData: Setting CCl4_emissions[2230]=0.032813333
Tue Mar 21 15:37:29 2023:DEBUG:setData: Setting CCl4_emissions[2231]=0.031172667
Tue Mar 21 15:37:29 2023:DEBUG:setData: Setting CCl4_emissions[2232]=0.029532
Tue Mar 21 15:37:29 2023:DEBUG:setData: Setting CCl4_emissions[2233]=0.027891333
Tue Mar 21 15:37:29 2023:DEBUG:setData: Setting CCl4_emissions[2234]=0.026250667
Tue Mar 21 15:37:29 2023:DEBUG:setData: Setting CCl4_emissions[2235]=0.02461
Tue Mar 21 15:37:29 2023:DEBUG:setData: Setting CCl4_emissions[2236]=0.022969333
Tue Mar 21 15:37:29 2023:DEBUG:setData: Setting CCl4_emissions[2237]=0.021328667
Tue Mar 21 15:37:29 2023:DEBUG:setData: Setting CCl4_emissions[2238]=0.019688
Tue Mar 21 15:37:29 2023:DEBUG:setData: Setting CCl4_emissions[2239]=0.018047333
Tue Mar 21 15:37:29 2023:DEBUG:setData: Setting CCl4_emissions[2240]=0.016406667
Tue Mar 21 15:37:29 2023:DEBUG:setData: Setting CCl4_emissions[2241]=0.014766
Tue Mar 21 15:37:29 2023:DEBUG:setData: Setting CCl4_emissions[2242]=0.013125333
Tue Mar 21 15:37:29 2023:DEBUG:setData: Setting CCl4_emissions[2243]=0.011484667
Tue Mar 21 15:37:29 2023:DEBUG:setData: Setting CCl4_emissions[2244]=0.009844
Tue Mar 21 15:37:29 2023:DEBUG:setData: Setting CCl4_emissions[2245]=0.008203333
Tue Mar 21 15:37:29 2023:DEBUG:setData: Setting CCl4_emissions[2246]=0.006562667
Tue Mar 21 15:37:29 2023:DEBUG:setData: Setting CCl4_emissions[2247]=0.004922
Tue Mar 21 15:37:29 2023:DEBUG:setData: Setting CCl4_emissions[2248]=0.003281333
Tue Mar 21 15:37:29 2023:DEBUG:setData: Setting CCl4_emissions[2249]=0.001640667
Tue Mar 21 15:37:29 2023:DEBUG:setData: Setting CCl4_emissions[2250]=0
Tue Mar 21 15:37:29 2023:DEBUG:setData: Setting CCl4_emissions[2251]=0
Tue Mar 21 15:37:29 2023:DEBUG:setData: Setting CCl4_emissions[2252]=0
Tue Mar 21 15:37:29 2023:DEBUG:setData: Setting CCl4_emissions[2253]=0
Tue Mar 21 15:37:29 2023:DEBUG:setData: Setting CCl4_emissions[2254]=0
Tue Mar 21 15:37:29 2023:DEBUG:setData: Setting CCl4_emissions[2255]=0
Tue Mar 21 15:37:29 2023:DEBUG:setData: Setting CCl4_emissions[2256]=0
Tue Mar 21 15:37:29 2023:DEBUG:setData: Setting CCl4_emissions[2257]=0
Tue Mar 21 15:37:29 2023:DEBUG:setData: Setting CCl4_emissions[2258]=0
Tue Mar 21 15:37:29 2023:DEBUG:setData: Setting CCl4_emissions[2259]=0
Tue Mar 21 15:37:29 2023:DEBUG:setData: Setting CCl4_emissions[2260]=0
Tue Mar 21 15:37:29 2023:DEBUG:setData: Setting CCl4_emissions[2261]=0
Tue Mar 21 15:37:29 2023:DEBUG:setData: Setting CCl4_emissions[2262]=0
Tue Mar 21 15:37:29 2023:DEBUG:setData: Setting CCl4_emissions[2263]=0
Tue Mar 21 15:37:29 2023:DEBUG:setData: Setting CCl4_emissions[2264]=0
Tue Mar 21 15:37:29 2023:DEBUG:setData: Setting CCl4_emissions[2265]=0
Tue Mar 21 15:37:29 2023:DEBUG:setData: Setting CCl4_emissions[2266]=0
Tue Mar 21 15:37:29 2023:DEBUG:setData: Setting CCl4_emissions[2267]=0
Tue Mar 21 15:37:29 2023:DEBUG:setData: Setting CCl4_emissions[2268]=0
Tue Mar 21 15:37:29 2023:DEBUG:setData: Setting CCl4_emissions[2269]=0
Tue Mar 21 15:37:29 2023:DEBUG:setData: Setting CCl4_emissions[2270]=0
Tue Mar 21 15:37:29 2023:DEBUG:setData: Setting CCl4_emissions[2271]=0
Tue Mar 21 15:37:29 2023:DEBUG:setData: Setting CCl4_emissions[2272]=0
Tue Mar 21 15:37:29 2023:DEBUG:setData: Setting CCl4_emissions[2273]=0
Tue Mar 21 15:37:29 2023:DEBUG:setData: Setting CCl4_emissions[2274]=0
Tue Mar 21 15:37:29 2023:DEBUG:setData: Setting CCl4_emissions[2275]=0
Tue Mar 21 15:37:29 2023:DEBUG:setData: Setting CCl4_emissions[2276]=0
Tue Mar 21 15:37:29 2023:DEBUG:setData: Setting CCl4_emissions[2277]=0
Tue Mar 21 15:37:29 2023:DEBUG:setData: Setting CCl4_emissions[2278]=0
Tue Mar 21 15:37:29 2023:DEBUG:setData: Setting CCl4_emissions[2279]=0
Tue Mar 21 15:37:29 2023:DEBUG:setData: Setting CCl4_emissions[2280]=0
Tue Mar 21 15:37:29 2023:DEBUG:setData: Setting CCl4_emissions[2281]=0
Tue Mar 21 15:37:29 2023:DEBUG:setData: Setting CCl4_emissions[2282]=0
Tue Mar 21 15:37:29 2023:DEBUG:setData: Setting CCl4_emissions[2283]=0
Tue Mar 21 15:37:29 2023:DEBUG:setData: Setting CCl4_emissions[2284]=0
Tue Mar 21 15:37:29 2023:DEBUG:setData: Setting CCl4_emissions[2285]=0
Tue Mar 21 15:37:29 2023:DEBUG:setData: Setting CCl4_emissions[2286]=0
Tue Mar 21 15:37:29 2023:DEBUG:setData: Setting CCl4_emissions[2287]=0
Tue Mar 21 15:37:29 2023:DEBUG:setData: Setting CCl4_emissions[2288]=0
Tue Mar 21 15:37:29 2023:DEBUG:setData: Setting CCl4_emissions[2289]=0
Tue Mar 21 15:37:29 2023:DEBUG:setData: Setting CCl4_emissions[2290]=0
Tue Mar 21 15:37:29 2023:DEBUG:setData: Setting CCl4_emissions[2291]=0
Tue Mar 21 15:37:29 2023:DEBUG:setData: Setting CCl4_emissions[2292]=0
Tue Mar 21 15:37:29 2023:DEBUG:setData: Setting CCl4_emissions[2293]=0
Tue Mar 21 15:37:29 2023:DEBUG:setData: Setting CCl4_emissions[2294]=0
Tue Mar 21 15:37:29 2023:DEBUG:setData: Setting CCl4_emissions[2295]=0
Tue Mar 21 15:37:29 2023:DEBUG:setData: Setting CCl4_emissions[2296]=0
Tue Mar 21 15:37:29 2023:DEBUG:setData: Setting CCl4_emissions[2297]=0
Tue Mar 21 15:37:29 2023:DEBUG:setData: Setting CCl4_emissions[2298]=0
Tue Mar 21 15:37:29 2023:DEBUG:setData: Setting CCl4_emissions[2299]=0
Tue Mar 21 15:37:29 2023:DEBUG:setData: Setting CCl4_emissions[2300]=0
Tue Mar 21 15:37:29 2023:DEBUG:setData: Setting CCl4_emissions[2301]=0
Tue Mar 21 15:37:29 2023:DEBUG:setData: Setting CCl4_emissions[2302]=0
Tue Mar 21 15:37:29 2023:DEBUG:setData: Setting CCl4_emissions[2303]=0
Tue Mar 21 15:37:29 2023:DEBUG:setData: Setting CCl4_emissions[2304]=0
Tue Mar 21 15:37:29 2023:DEBUG:setData: Setting CCl4_emissions[2305]=0
Tue Mar 21 15:37:29 2023:DEBUG:setData: Setting CCl4_emissions[2306]=0
Tue Mar 21 15:37:29 2023:DEBUG:setData: Setting CCl4_emissions[2307]=0
Tue Mar 21 15:37:29 2023:DEBUG:setData: Setting CCl4_emissions[2308]=0
Tue Mar 21 15:37:29 2023:DEBUG:setData: Setting CCl4_emissions[2309]=0
Tue Mar 21 15:37:29 2023:DEBUG:setData: Setting CCl4_emissions[2310]=0
Tue Mar 21 15:37:29 2023:DEBUG:setData: Setting CCl4_emissions[2311]=0
Tue Mar 21 15:37:29 2023:DEBUG:setData: Setting CCl4_emissions[2312]=0
Tue Mar 21 15:37:29 2023:DEBUG:setData: Setting CCl4_emissions[2313]=0
Tue Mar 21 15:37:29 2023:DEBUG:setData: Setting CCl4_emissions[2314]=0
Tue Mar 21 15:37:29 2023:DEBUG:setData: Setting CCl4_emissions[2315]=0
Tue Mar 21 15:37:29 2023:DEBUG:setData: Setting CCl4_emissions[2316]=0
Tue Mar 21 15:37:29 2023:DEBUG:setData: Setting CCl4_emissions[2317]=0
Tue Mar 21 15:37:29 2023:DEBUG:setData: Setting CCl4_emissions[2318]=0
Tue Mar 21 15:37:29 2023:DEBUG:setData: Setting CCl4_emissions[2319]=0
Tue Mar 21 15:37:29 2023:DEBUG:setData: Setting CCl4_emissions[2320]=0
Tue Mar 21 15:37:29 2023:DEBUG:setData: Setting CCl4_emissions[2321]=0
Tue Mar 21 15:37:29 2023:DEBUG:setData: Setting CCl4_emissions[2322]=0
Tue Mar 21 15:37:29 2023:DEBUG:setData: Setting CCl4_emissions[2323]=0
Tue Mar 21 15:37:29 2023:DEBUG:setData: Setting CCl4_emissions[2324]=0
Tue Mar 21 15:37:29 2023:DEBUG:setData: Setting CCl4_emissions[2325]=0
Tue Mar 21 15:37:29 2023:DEBUG:setData: Setting CCl4_emissions[2326]=0
Tue Mar 21 15:37:29 2023:DEBUG:setData: Setting CCl4_emissions[2327]=0
Tue Mar 21 15:37:29 2023:DEBUG:setData: Setting CCl4_emissions[2328]=0
Tue Mar 21 15:37:29 2023:DEBUG:setData: Setting CCl4_emissions[2329]=0
Tue Mar 21 15:37:29 2023:DEBUG:setData: Setting CCl4_emissions[2330]=0
Tue Mar 21 15:37:29 2023:DEBUG:setData: Setting CCl4_emissions[2331]=0
Tue Mar 21 15:37:29 2023:DEBUG:setData: Setting CCl4_emissions[2332]=0
Tue Mar 21 15:37:29 2023:DEBUG:setData: Setting CCl4_emissions[2333]=0
Tue Mar 21 15:37:29 2023:DEBUG:setData: Setting CCl4_emissions[2334]=0
Tue Mar 21 15:37:29 2023:DEBUG:setData: Setting CCl4_emissions[2335]=0
Tue Mar 21 15:37:29 2023:DEBUG:setData: Setting CCl4_emissions[2336]=0
Tue Mar 21 15:37:29 2023:DEBUG:setData: Setting CCl4_emissions[2337]=0
Tue Mar 21 15:37:29 2023:DEBUG:setData: Setting CCl4_emissions[2338]=0
Tue Mar 21 15:37:29 2023:DEBUG:setData: Setting CCl4_emissions[2339]=0
Tue Mar 21 15:37:29 2023:DEBUG:setData: Setting CCl4_emissions[2340]=0
Tue Mar 21 15:37:29 2023:DEBUG:setData: Setting CCl4_emissions[2341]=0
Tue Mar 21 15:37:29 2023:DEBUG:setData: Setting CCl4_emissions[2342]=0
Tue Mar 21 15:37:29 2023:DEBUG:setData: Setting CCl4_emissions[2343]=0
Tue Mar 21 15:37:29 2023:DEBUG:setData: Setting CCl4_emissions[2344]=0
Tue Mar 21 15:37:29 2023:DEBUG:setData: Setting CCl4_emissions[2345]=0
Tue Mar 21 15:37:29 2023:DEBUG:setData: Setting CCl4_emissions[2346]=0
Tue Mar 21 15:37:29 2023:DEBUG:setData: Setting CCl4_emissions[2347]=0
Tue Mar 21 15:37:29 2023:DEBUG:setData: Setting CCl4_emissions[2348]=0
Tue Mar 21 15:37:29 2023:DEBUG:setData: Setting CCl4_emissions[2349]=0
Tue Mar 21 15:37:29 2023:DEBUG:setData: Setting CCl4_emissions[2350]=0
Tue Mar 21 15:37:29 2023:DEBUG:setData: Setting CCl4_emissions[2351]=0
Tue Mar 21 15:37:29 2023:DEBUG:setData: Setting CCl4_emissions[2352]=0
Tue Mar 21 15:37:29 2023:DEBUG:setData: Setting CCl4_emissions[2353]=0
Tue Mar 21 15:37:29 2023:DEBUG:setData: Setting CCl4_emissions[2354]=0
Tue Mar 21 15:37:29 2023:DEBUG:setData: Setting CCl4_emissions[2355]=0
Tue Mar 21 15:37:29 2023:DEBUG:setData: Setting CCl4_emissions[2356]=0
Tue Mar 21 15:37:29 2023:DEBUG:setData: Setting CCl4_emissions[2357]=0
Tue Mar 21 15:37:29 2023:DEBUG:setData: Setting CCl4_emissions[2358]=0
Tue Mar 21 15:37:29 2023:DEBUG:setData: Setting CCl4_emissions[2359]=0
Tue Mar 21 15:37:29 2023:DEBUG:setData: Setting CCl4_emissions[2360]=0
Tue Mar 21 15:37:29 2023:DEBUG:setData: Setting CCl4_emissions[2361]=0
Tue Mar 21 15:37:29 2023:DEBUG:setData: Setting CCl4_emissions[2362]=0
Tue Mar 21 15:37:29 2023:DEBUG:setData: Setting CCl4_emissions[2363]=0
Tue Mar 21 15:37:29 2023:DEBUG:setData: Setting CCl4_emissions[2364]=0
Tue Mar 21 15:37:29 2023:DEBUG:setData: Setting CCl4_emissions[2365]=0
Tue Mar 21 15:37:29 2023:DEBUG:setData: Setting CCl4_emissions[2366]=0
Tue Mar 21 15:37:29 2023:DEBUG:setData: Setting CCl4_emissions[2367]=0
Tue Mar 21 15:37:29 2023:DEBUG:setData: Setting CCl4_emissions[2368]=0
Tue Mar 21 15:37:29 2023:DEBUG:setData: Setting CCl4_emissions[2369]=0
Tue Mar 21 15:37:29 2023:DEBUG:setData: Setting CCl4_emissions[2370]=0
Tue Mar 21 15:37:29 2023:DEBUG:setData: Setting CCl4_emissions[2371]=0
Tue Mar 21 15:37:29 2023:DEBUG:setData: Setting CCl4_emissions[2372]=0
Tue Mar 21 15:37:29 2023:DEBUG:setData: Setting CCl4_emissions[2373]=0
Tue Mar 21 15:37:29 2023:DEBUG:setData: Setting CCl4_emissions[2374]=0
Tue Mar 21 15:37:29 2023:DEBUG:setData: Setting CCl4_emissions[2375]=0
Tue Mar 21 15:37:29 2023:DEBUG:setData: Setting CCl4_emissions[2376]=0
Tue Mar 21 15:37:29 2023:DEBUG:setData: Setting CCl4_emissions[2377]=0
Tue Mar 21 15:37:29 2023:DEBUG:setData: Setting CCl4_emissions[2378]=0
Tue Mar 21 15:37:29 2023:DEBUG:setData: Setting CCl4_emissions[2379]=0
Tue Mar 21 15:37:29 2023:DEBUG:setData: Setting CCl4_emissions[2380]=0
Tue Mar 21 15:37:29 2023:DEBUG:setData: Setting CCl4_emissions[2381]=0
Tue Mar 21 15:37:29 2023:DEBUG:setData: Setting CCl4_emissions[2382]=0
Tue Mar 21 15:37:29 2023:DEBUG:setData: Setting CCl4_emissions[2383]=0
Tue Mar 21 15:37:29 2023:DEBUG:setData: Setting CCl4_emissions[2384]=0
Tue Mar 21 15:37:29 2023:DEBUG:setData: Setting CCl4_emissions[2385]=0
Tue Mar 21 15:37:29 2023:DEBUG:setData: Setting CCl4_emissions[2386]=0
Tue Mar 21 15:37:29 2023:DEBUG:setData: Setting CCl4_emissions[2387]=0
Tue Mar 21 15:37:29 2023:DEBUG:setData: Setting CCl4_emissions[2388]=0
Tue Mar 21 15:37:29 2023:DEBUG:setData: Setting CCl4_emissions[2389]=0
Tue Mar 21 15:37:29 2023:DEBUG:setData: Setting CCl4_emissions[2390]=0
Tue Mar 21 15:37:29 2023:DEBUG:setData: Setting CCl4_emissions[2391]=0
Tue Mar 21 15:37:29 2023:DEBUG:setData: Setting CCl4_emissions[2392]=0
Tue Mar 21 15:37:29 2023:DEBUG:setData: Setting CCl4_emissions[2393]=0
Tue Mar 21 15:37:29 2023:DEBUG:setData: Setting CCl4_emissions[2394]=0
Tue Mar 21 15:37:29 2023:DEBUG:setData: Setting CCl4_emissions[2395]=0
Tue Mar 21 15:37:29 2023:DEBUG:setData: Setting CCl4_emissions[2396]=0
Tue Mar 21 15:37:29 2023:DEBUG:setData: Setting CCl4_emissions[2397]=0
Tue Mar 21 15:37:29 2023:DEBUG:setData: Setting CCl4_emissions[2398]=0
Tue Mar 21 15:37:29 2023:DEBUG:setData: Setting CCl4_emissions[2399]=0
Tue Mar 21 15:37:29 2023:DEBUG:setData: Setting CCl4_emissions[2400]=0
Tue Mar 21 15:37:29 2023:DEBUG:setData: Setting CCl4_emissions[2401]=0
Tue Mar 21 15:37:29 2023:DEBUG:setData: Setting CCl4_emissions[2402]=0
Tue Mar 21 15:37:29 2023:DEBUG:setData: Setting CCl4_emissions[2403]=0
Tue Mar 21 15:37:29 2023:DEBUG:setData: Setting CCl4_emissions[2404]=0
Tue Mar 21 15:37:29 2023:DEBUG:setData: Setting CCl4_emissions[2405]=0
Tue Mar 21 15:37:29 2023:DEBUG:setData: Setting CCl4_emissions[2406]=0
Tue Mar 21 15:37:29 2023:DEBUG:setData: Setting CCl4_emissions[2407]=0
Tue Mar 21 15:37:29 2023:DEBUG:setData: Setting CCl4_emissions[2408]=0
Tue Mar 21 15:37:29 2023:DEBUG:setData: Setting CCl4_emissions[2409]=0
Tue Mar 21 15:37:29 2023:DEBUG:setData: Setting CCl4_emissions[2410]=0
Tue Mar 21 15:37:29 2023:DEBUG:setData: Setting CCl4_emissions[2411]=0
Tue Mar 21 15:37:29 2023:DEBUG:setData: Setting CCl4_emissions[2412]=0
Tue Mar 21 15:37:29 2023:DEBUG:setData: Setting CCl4_emissions[2413]=0
Tue Mar 21 15:37:29 2023:DEBUG:setData: Setting CCl4_emissions[2414]=0
Tue Mar 21 15:37:29 2023:DEBUG:setData: Setting CCl4_emissions[2415]=0
Tue Mar 21 15:37:29 2023:DEBUG:setData: Setting CCl4_emissions[2416]=0
Tue Mar 21 15:37:29 2023:DEBUG:setData: Setting CCl4_emissions[2417]=0
Tue Mar 21 15:37:29 2023:DEBUG:setData: Setting CCl4_emissions[2418]=0
Tue Mar 21 15:37:29 2023:DEBUG:setData: Setting CCl4_emissions[2419]=0
Tue Mar 21 15:37:29 2023:DEBUG:setData: Setting CCl4_emissions[2420]=0
Tue Mar 21 15:37:29 2023:DEBUG:setData: Setting CCl4_emissions[2421]=0
Tue Mar 21 15:37:29 2023:DEBUG:setData: Setting CCl4_emissions[2422]=0
Tue Mar 21 15:37:29 2023:DEBUG:setData: Setting CCl4_emissions[2423]=0
Tue Mar 21 15:37:29 2023:DEBUG:setData: Setting CCl4_emissions[2424]=0
Tue Mar 21 15:37:29 2023:DEBUG:setData: Setting CCl4_emissions[2425]=0
Tue Mar 21 15:37:29 2023:DEBUG:setData: Setting CCl4_emissions[2426]=0
Tue Mar 21 15:37:29 2023:DEBUG:setData: Setting CCl4_emissions[2427]=0
Tue Mar 21 15:37:29 2023:DEBUG:setData: Setting CCl4_emissions[2428]=0
Tue Mar 21 15:37:29 2023:DEBUG:setData: Setting CCl4_emissions[2429]=0
Tue Mar 21 15:37:29 2023:DEBUG:setData: Setting CCl4_emissions[2430]=0
Tue Mar 21 15:37:29 2023:DEBUG:setData: Setting CCl4_emissions[2431]=0
Tue Mar 21 15:37:29 2023:DEBUG:setData: Setting CCl4_emissions[2432]=0
Tue Mar 21 15:37:29 2023:DEBUG:setData: Setting CCl4_emissions[2433]=0
Tue Mar 21 15:37:29 2023:DEBUG:setData: Setting CCl4_emissions[2434]=0
Tue Mar 21 15:37:29 2023:DEBUG:setData: Setting CCl4_emissions[2435]=0
Tue Mar 21 15:37:29 2023:DEBUG:setData: Setting CCl4_emissions[2436]=0
Tue Mar 21 15:37:29 2023:DEBUG:setData: Setting CCl4_emissions[2437]=0
Tue Mar 21 15:37:29 2023:DEBUG:setData: Setting CCl4_emissions[2438]=0
Tue Mar 21 15:37:29 2023:DEBUG:setData: Setting CCl4_emissions[2439]=0
Tue Mar 21 15:37:29 2023:DEBUG:setData: Setting CCl4_emissions[2440]=0
Tue Mar 21 15:37:29 2023:DEBUG:setData: Setting CCl4_emissions[2441]=0
Tue Mar 21 15:37:29 2023:DEBUG:setData: Setting CCl4_emissions[2442]=0
Tue Mar 21 15:37:29 2023:DEBUG:setData: Setting CCl4_emissions[2443]=0
Tue Mar 21 15:37:29 2023:DEBUG:setData: Setting CCl4_emissions[2444]=0
Tue Mar 21 15:37:29 2023:DEBUG:setData: Setting CCl4_emissions[2445]=0
Tue Mar 21 15:37:29 2023:DEBUG:setData: Setting CCl4_emissions[2446]=0
Tue Mar 21 15:37:29 2023:DEBUG:setData: Setting CCl4_emissions[2447]=0
Tue Mar 21 15:37:29 2023:DEBUG:setData: Setting CCl4_emissions[2448]=0
Tue Mar 21 15:37:29 2023:DEBUG:setData: Setting CCl4_emissions[2449]=0
Tue Mar 21 15:37:29 2023:DEBUG:setData: Setting CCl4_emissions[2450]=0
Tue Mar 21 15:37:29 2023:DEBUG:setData: Setting CCl4_emissions[2451]=0
Tue Mar 21 15:37:29 2023:DEBUG:setData: Setting CCl4_emissions[2452]=0
Tue Mar 21 15:37:29 2023:DEBUG:setData: Setting CCl4_emissions[2453]=0
Tue Mar 21 15:37:29 2023:DEBUG:setData: Setting CCl4_emissions[2454]=0
Tue Mar 21 15:37:29 2023:DEBUG:setData: Setting CCl4_emissions[2455]=0
Tue Mar 21 15:37:29 2023:DEBUG:setData: Setting CCl4_emissions[2456]=0
Tue Mar 21 15:37:29 2023:DEBUG:setData: Setting CCl4_emissions[2457]=0
Tue Mar 21 15:37:29 2023:DEBUG:setData: Setting CCl4_emissions[2458]=0
Tue Mar 21 15:37:29 2023:DEBUG:setData: Setting CCl4_emissions[2459]=0
Tue Mar 21 15:37:29 2023:DEBUG:setData: Setting CCl4_emissions[2460]=0
Tue Mar 21 15:37:29 2023:DEBUG:setData: Setting CCl4_emissions[2461]=0
Tue Mar 21 15:37:29 2023:DEBUG:setData: Setting CCl4_emissions[2462]=0
Tue Mar 21 15:37:29 2023:DEBUG:setData: Setting CCl4_emissions[2463]=0
Tue Mar 21 15:37:29 2023:DEBUG:setData: Setting CCl4_emissions[2464]=0
Tue Mar 21 15:37:29 2023:DEBUG:setData: Setting CCl4_emissions[2465]=0
Tue Mar 21 15:37:29 2023:DEBUG:setData: Setting CCl4_emissions[2466]=0
Tue Mar 21 15:37:29 2023:DEBUG:setData: Setting CCl4_emissions[2467]=0
Tue Mar 21 15:37:29 2023:DEBUG:setData: Setting CCl4_emissions[2468]=0
Tue Mar 21 15:37:29 2023:DEBUG:setData: Setting CCl4_emissions[2469]=0
Tue Mar 21 15:37:29 2023:DEBUG:setData: Setting CCl4_emissions[2470]=0
Tue Mar 21 15:37:29 2023:DEBUG:setData: Setting CCl4_emissions[2471]=0
Tue Mar 21 15:37:29 2023:DEBUG:setData: Setting CCl4_emissions[2472]=0
Tue Mar 21 15:37:29 2023:DEBUG:setData: Setting CCl4_emissions[2473]=0
Tue Mar 21 15:37:29 2023:DEBUG:setData: Setting CCl4_emissions[2474]=0
Tue Mar 21 15:37:29 2023:DEBUG:setData: Setting CCl4_emissions[2475]=0
Tue Mar 21 15:37:29 2023:DEBUG:setData: Setting CCl4_emissions[2476]=0
Tue Mar 21 15:37:29 2023:DEBUG:setData: Setting CCl4_emissions[2477]=0
Tue Mar 21 15:37:29 2023:DEBUG:setData: Setting CCl4_emissions[2478]=0
Tue Mar 21 15:37:29 2023:DEBUG:setData: Setting CCl4_emissions[2479]=0
Tue Mar 21 15:37:29 2023:DEBUG:setData: Setting CCl4_emissions[2480]=0
Tue Mar 21 15:37:29 2023:DEBUG:setData: Setting CCl4_emissions[2481]=0
Tue Mar 21 15:37:29 2023:DEBUG:setData: Setting CCl4_emissions[2482]=0
Tue Mar 21 15:37:29 2023:DEBUG:setData: Setting CCl4_emissions[2483]=0
Tue Mar 21 15:37:29 2023:DEBUG:setData: Setting CCl4_emissions[2484]=0
Tue Mar 21 15:37:29 2023:DEBUG:setData: Setting CCl4_emissions[2485]=0
Tue Mar 21 15:37:29 2023:DEBUG:setData: Setting CCl4_emissions[2486]=0
Tue Mar 21 15:37:29 2023:DEBUG:setData: Setting CCl4_emissions[2487]=0
Tue Mar 21 15:37:29 2023:DEBUG:setData: Setting CCl4_emissions[2488]=0
Tue Mar 21 15:37:29 2023:DEBUG:setData: Setting CCl4_emissions[2489]=0
Tue Mar 21 15:37:29 2023:DEBUG:setData: Setting CCl4_emissions[2490]=0
Tue Mar 21 15:37:29 2023:DEBUG:setData: Setting CCl4_emissions[2491]=0
Tue Mar 21 15:37:29 2023:DEBUG:setData: Setting CCl4_emissions[2492]=0
Tue Mar 21 15:37:29 2023:DEBUG:setData: Setting CCl4_emissions[2493]=0
Tue Mar 21 15:37:29 2023:DEBUG:setData: Setting CCl4_emissions[2494]=0
Tue Mar 21 15:37:29 2023:DEBUG:setData: Setting CCl4_emissions[2495]=0
Tue Mar 21 15:37:29 2023:DEBUG:setData: Setting CCl4_emissions[2496]=0
Tue Mar 21 15:37:29 2023:DEBUG:setData: Setting CCl4_emissions[2497]=0
Tue Mar 21 15:37:29 2023:DEBUG:setData: Setting CCl4_emissions[2498]=0
Tue Mar 21 15:37:29 2023:DEBUG:setData: Setting CCl4_emissions[2499]=0
Tue Mar 21 15:37:29 2023:DEBUG:setData: Setting CCl4_emissions[2500]=0
Tue Mar 21 15:37:29 2023:DEBUG:setData: Setting molarMass[-1]=153.8
Tue Mar 21 15:37:29 2023:DEBUG:prepareToRun: prepareToRun 
Tue Mar 21 15:37:30 2023:DEBUG:run: date: 1746 concentration: 0.000880831 pptv
Tue Mar 21 15:37:30 2023:DEBUG:run: date: 1747 concentration: 0.00172843 pptv
Tue Mar 21 15:37:30 2023:DEBUG:run: date: 1748 concentration: 0.00254404 pptv
Tue Mar 21 15:37:30 2023:DEBUG:run: date: 1749 concentration: 0.00332888 pptv
Tue Mar 21 15:37:30 2023:DEBUG:run: date: 1750 concentration: 0.00408411 pptv
Tue Mar 21 15:37:30 2023:DEBUG:run: date: 1751 concentration: 0.00481084 pptv
Tue Mar 21 15:37:30 2023:DEBUG:run: date: 1752 concentration: 0.00551015 pptv
Tue Mar 21 15:37:30 2023:DEBUG:run: date: 1753 concentration: 0.00618308 pptv
Tue Mar 21 15:37:30 2023:DEBUG:run: date: 1754 concentration: 0.00683061 pptv
Tue Mar 21 15:37:30 2023:DEBUG:run: date: 1755 concentration: 0.00745372 pptv
Tue Mar 21 15:37:30 2023:DEBUG:run: date: 1756 concentration: 0.00805331 pptv
Tue Mar 21 15:37:30 2023:DEBUG:run: date: 1757 concentration: 0.00863028 pptv
Tue Mar 21 15:37:30 2023:DEBUG:run: date: 1758 concentration: 0.00918548 pptv
Tue Mar 21 15:37:30 2023:DEBUG:run: date: 1759 concentration: 0.00971973 pptv
Tue Mar 21 15:37:30 2023:DEBUG:run: date: 1760 concentration: 0.0102338 pptv
Tue Mar 21 15:37:30 2023:DEBUG:run: date: 1761 concentration: 0.0107285 pptv
Tue Mar 21 15:37:30 2023:DEBUG:run: date: 1762 concentration: 0.0112045 pptv
Tue Mar 21 15:37:30 2023:DEBUG:run: date: 1763 concentration: 0.0116626 pptv
Tue Mar 21 15:37:30 2023:DEBUG:run: date: 1764 concentration: 0.0121034 pptv
Tue Mar 21 15:37:30 2023:DEBUG:run: date: 1765 concentration: 0.0125276 pptv
Tue Mar 21 15:37:30 2023:DEBUG:run: date: 1766 concentration: 0.0129357 pptv
Tue Mar 21 15:37:30 2023:DEBUG:run: date: 1767 concentration: 0.0133285 pptv
Tue Mar 21 15:37:30 2023:DEBUG:run: date: 1768 concentration: 0.0137064 pptv
Tue Mar 21 15:37:30 2023:DEBUG:run: date: 1769 concentration: 0.0140701 pptv
Tue Mar 21 15:37:30 2023:DEBUG:run: date: 1770 concentration: 0.01442 pptv
Tue Mar 21 15:37:30 2023:DEBUG:run: date: 1771 concentration: 0.0147568 pptv
Tue Mar 21 15:37:30 2023:DEBUG:run: date: 1772 concentration: 0.0150808 pptv
Tue Mar 21 15:37:30 2023:DEBUG:run: date: 1773 concentration: 0.0153926 pptv
Tue Mar 21 15:37:30 2023:DEBUG:run: date: 1774 concentration: 0.0156927 pptv
Tue Mar 21 15:37:30 2023:DEBUG:run: date: 1775 concentration: 0.0159814 pptv
Tue Mar 21 15:37:30 2023:DEBUG:run: date: 1776 concentration: 0.0162592 pptv
Tue Mar 21 15:37:30 2023:DEBUG:run: date: 1777 concentration: 0.0165266 pptv
Tue Mar 21 15:37:30 2023:DEBUG:run: date: 1778 concentration: 0.0167838 pptv
Tue Mar 21 15:37:30 2023:DEBUG:run: date: 1779 concentration: 0.0170314 pptv
Tue Mar 21 15:37:30 2023:DEBUG:run: date: 1780 concentration: 0.0172696 pptv
Tue Mar 21 15:37:30 2023:DEBUG:run: date: 1781 concentration: 0.0174988 pptv
Tue Mar 21 15:37:30 2023:DEBUG:run: date: 1782 concentration: 0.0177194 pptv
Tue Mar 21 15:37:30 2023:DEBUG:run: date: 1783 concentration: 0.0179317 pptv
Tue Mar 21 15:37:30 2023:DEBUG:run: date: 1784 concentration: 0.0181359 pptv
Tue Mar 21 15:37:30 2023:DEBUG:run: date: 1785 concentration: 0.0183324 pptv
Tue Mar 21 15:37:30 2023:DEBUG:run: date: 1786 concentration: 0.0185216 pptv
Tue Mar 21 15:37:30 2023:DEBUG:run: date: 1787 concentration: 0.0187036 pptv
Tue Mar 21 15:37:30 2023:DEBUG:run: date: 1788 concentration: 0.0188787 pptv
Tue Mar 21 15:37:30 2023:DEBUG:run: date: 1789 concentration: 0.0190472 pptv
Tue Mar 21 15:37:30 2023:DEBUG:run: date: 1790 concentration: 0.0192093 pptv
Tue Mar 21 15:37:30 2023:DEBUG:run: date: 1791 concentration: 0.0193654 pptv
Tue Mar 21 15:37:30 2023:DEBUG:run: date: 1792 concentration: 0.0195155 pptv
Tue Mar 21 15:37:30 2023:DEBUG:run: date: 1793 concentration: 0.01966 pptv
Tue Mar 21 15:37:30 2023:DEBUG:run: date: 1794 concentration: 0.019799 pptv
Tue Mar 21 15:37:30 2023:DEBUG:run: date: 1795 concentration: 0.0199328 pptv
Tue Mar 21 15:37:30 2023:DEBUG:run: date: 1796 concentration: 0.0200616 pptv
Tue Mar 21 15:37:30 2023:DEBUG:run: date: 1797 concentration: 0.0201855 pptv
Tue Mar 21 15:37:30 2023:DEBUG:run: date: 1798 concentration: 0.0203047 pptv
Tue Mar 21 15:37:30 2023:DEBUG:run: date: 1799 concentration: 0.0204194 pptv
Tue Mar 21 15:37:30 2023:DEBUG:run: date: 1800 concentration: 0.0205298 pptv
Tue Mar 21 15:37:30 2023:DEBUG:run: date: 1801 concentration: 0.020636 pptv
Tue Mar 21 15:37:30 2023:DEBUG:run: date: 1802 concentration: 0.0207382 pptv
Tue Mar 21 15:37:30 2023:DEBUG:run: date: 1803 concentration: 0.0208365 pptv
Tue Mar 21 15:37:30 2023:DEBUG:run: date: 1804 concentration: 0.0209312 pptv
Tue Mar 21 15:37:30 2023:DEBUG:run: date: 1805 concentration: 0.0210222 pptv
Tue Mar 21 15:37:30 2023:DEBUG:run: date: 1806 concentration: 0.0211099 pptv
Tue Mar 21 15:37:30 2023:DEBUG:run: date: 1807 concentration: 0.0211942 pptv
Tue Mar 21 15:37:30 2023:DEBUG:run: date: 1808 concentration: 0.0212754 pptv
Tue Mar 21 15:37:30 2023:DEBUG:run: date: 1809 concentration: 0.0213534 pptv
Tue Mar 21 15:37:30 2023:DEBUG:run: date: 1810 concentration: 0.0214286 pptv
Tue Mar 21 15:37:30 2023:DEBUG:run: date: 1811 concentration: 0.0215009 pptv
Tue Mar 21 15:37:30 2023:DEBUG:run: date: 1812 concentration: 0.0215705 pptv
Tue Mar 21 15:37:30 2023:DEBUG:run: date: 1813 concentration: 0.0216374 pptv
Tue Mar 21 15:37:30 2023:DEBUG:run: date: 1814 concentration: 0.0217018 pptv
Tue Mar 21 15:37:30 2023:DEBUG:run: date: 1815 concentration: 0.0217638 pptv
Tue Mar 21 15:37:30 2023:DEBUG:run: date: 1816 concentration: 0.0218235 pptv
Tue Mar 21 15:37:30 2023:DEBUG:run: date: 1817 concentration: 0.0218809 pptv
Tue Mar 21 15:37:30 2023:DEBUG:run: date: 1818 concentration: 0.0219361 pptv
Tue Mar 21 15:37:30 2023:DEBUG:run: date: 1819 concentration: 0.0219893 pptv
Tue Mar 21 15:37:30 2023:DEBUG:run: date: 1820 concentration: 0.0220404 pptv
Tue Mar 21 15:37:30 2023:DEBUG:run: date: 1821 concentration: 0.0220896 pptv
Tue Mar 21 15:37:30 2023:DEBUG:run: date: 1822 concentration: 0.022137 pptv
Tue Mar 21 15:37:30 2023:DEBUG:run: date: 1823 concentration: 0.0221826 pptv
Tue Mar 21 15:37:30 2023:DEBUG:run: date: 1824 concentration: 0.0222264 pptv
Tue Mar 21 15:37:30 2023:DEBUG:run: date: 1825 concentration: 0.0222686 pptv
Tue Mar 21 15:37:30 2023:DEBUG:run: date: 1826 concentration: 0.0223092 pptv
Tue Mar 21 15:37:30 2023:DEBUG:run: date: 1827 concentration: 0.0223483 pptv
Tue Mar 21 15:37:30 2023:DEBUG:run: date: 1828 concentration: 0.0223859 pptv
Tue Mar 21 15:37:30 2023:DEBUG:run: date: 1829 concentration: 0.0224221 pptv
Tue Mar 21 15:37:30 2023:DEBUG:run: date: 1830 concentration: 0.0224569 pptv
Tue Mar 21 15:37:30 2023:DEBUG:run: date: 1831 concentration: 0.0224904 pptv
Tue Mar 21 15:37:30 2023:DEBUG:run: date: 1832 concentration: 0.0225226 pptv
Tue Mar 21 15:37:30 2023:DEBUG:run: date: 1833 concentration: 0.0225537 pptv
Tue Mar 21 15:37:30 2023:DEBUG:run: date: 1834 concentration: 0.0225835 pptv
Tue Mar 21 15:37:30 2023:DEBUG:run: date: 1835 concentration: 0.0226122 pptv
Tue Mar 21 15:37:30 2023:DEBUG:run: date: 1836 concentration: 0.0226399 pptv
Tue Mar 21 15:37:30 2023:DEBUG:run: date: 1837 concentration: 0.0226665 pptv
Tue Mar 21 15:37:30 2023:DEBUG:run: date: 1838 concentration: 0.0226921 pptv
Tue Mar 21 15:37:30 2023:DEBUG:run: date: 1839 concentration: 0.0227167 pptv
Tue Mar 21 15:37:30 2023:DEBUG:run: date: 1840 concentration: 0.0227404 pptv
Tue Mar 21 15:37:30 2023:DEBUG:run: date: 1841 concentration: 0.0227632 pptv
Tue Mar 21 15:37:30 2023:DEBUG:run: date: 1842 concentration: 0.0227852 pptv
Tue Mar 21 15:37:30 2023:DEBUG:run: date: 1843 concentration: 0.0228063 pptv
Tue Mar 21 15:37:30 2023:DEBUG:run: date: 1844 concentration: 0.0228266 pptv
Tue Mar 21 15:37:30 2023:DEBUG:run: date: 1845 concentration: 0.0228461 pptv
Tue Mar 21 15:37:30 2023:DEBUG:run: date: 1846 concentration: 0.022865 pptv
Tue Mar 21 15:37:30 2023:DEBUG:run: date: 1847 concentration: 0.0228831 pptv
Tue Mar 21 15:37:30 2023:DEBUG:run: date: 1848 concentration: 0.0229005 pptv
Tue Mar 21 15:37:30 2023:DEBUG:run: date: 1849 concentration: 0.0229173 pptv
Tue Mar 21 15:37:30 2023:DEBUG:run: date: 1850 concentration: 0.0229334 pptv
Tue Mar 21 15:37:30 2023:DEBUG:run: date: 1851 concentration: 0.0229489 pptv
Tue Mar 21 15:37:30 2023:DEBUG:run: date: 1852 concentration: 0.0229639 pptv
Tue Mar 21 15:37:30 2023:DEBUG:run: date: 1853 concentration: 0.0229782 pptv
Tue Mar 21 15:37:30 2023:DEBUG:run: date: 1854 concentration: 0.0229921 pptv
Tue Mar 21 15:37:30 2023:DEBUG:run: date: 1855 concentration: 0.0230054 pptv
Tue Mar 21 15:37:30 2023:DEBUG:run: date: 1856 concentration: 0.0230182 pptv
Tue Mar 21 15:37:30 2023:DEBUG:run: date: 1857 concentration: 0.0230305 pptv
Tue Mar 21 15:37:30 2023:DEBUG:run: date: 1858 concentration: 0.0230424 pptv
Tue Mar 21 15:37:30 2023:DEBUG:run: date: 1859 concentration: 0.0230538 pptv
Tue Mar 21 15:37:30 2023:DEBUG:run: date: 1860 concentration: 0.0230648 pptv
Tue Mar 21 15:37:30 2023:DEBUG:run: date: 1861 concentration: 0.0230753 pptv
Tue Mar 21 15:37:30 2023:DEBUG:run: date: 1862 concentration: 0.0230855 pptv
Tue Mar 21 15:37:30 2023:DEBUG:run: date: 1863 concentration: 0.0230953 pptv
Tue Mar 21 15:37:30 2023:DEBUG:run: date: 1864 concentration: 0.0231047 pptv
Tue Mar 21 15:37:30 2023:DEBUG:run: date: 1865 concentration: 0.0231138 pptv
Tue Mar 21 15:37:30 2023:DEBUG:run: date: 1866 concentration: 0.0231225 pptv
Tue Mar 21 15:37:30 2023:DEBUG:run: date: 1867 concentration: 0.0231309 pptv
Tue Mar 21 15:37:30 2023:DEBUG:run: date: 1868 concentration: 0.0231389 pptv
Tue Mar 21 15:37:30 2023:DEBUG:run: date: 1869 concentration: 0.0231467 pptv
Tue Mar 21 15:37:30 2023:DEBUG:run: date: 1870 concentration: 0.0231542 pptv
Tue Mar 21 15:37:30 2023:DEBUG:run: date: 1871 concentration: 0.0231614 pptv
Tue Mar 21 15:37:30 2023:DEBUG:run: date: 1872 concentration: 0.0231683 pptv
Tue Mar 21 15:37:30 2023:DEBUG:run: date: 1873 concentration: 0.023175 pptv
Tue Mar 21 15:37:30 2023:DEBUG:run: date: 1874 concentration: 0.0231814 pptv
Tue Mar 21 15:37:30 2023:DEBUG:run: date: 1875 concentration: 0.0231875 pptv
Tue Mar 21 15:37:30 2023:DEBUG:run: date: 1876 concentration: 0.0231935 pptv
Tue Mar 21 15:37:30 2023:DEBUG:run: date: 1877 concentration: 0.0231992 pptv
Tue Mar 21 15:37:30 2023:DEBUG:run: date: 1878 concentration: 0.0232047 pptv
Tue Mar 21 15:37:30 2023:DEBUG:run: date: 1879 concentration: 0.02321 pptv
Tue Mar 21 15:37:30 2023:DEBUG:run: date: 1880 concentration: 0.0232151 pptv
Tue Mar 21 15:37:30 2023:DEBUG:run: date: 1881 concentration: 0.02322 pptv
Tue Mar 21 15:37:30 2023:DEBUG:run: date: 1882 concentration: 0.0232247 pptv
Tue Mar 21 15:37:30 2023:DEBUG:run: date: 1883 concentration: 0.0232292 pptv
Tue Mar 21 15:37:30 2023:DEBUG:run: date: 1884 concentration: 0.0232336 pptv
Tue Mar 21 15:37:30 2023:DEBUG:run: date: 1885 concentration: 0.0232378 pptv
Tue Mar 21 15:37:30 2023:DEBUG:run: date: 1886 concentration: 0.0232418 pptv
Tue Mar 21 15:37:30 2023:DEBUG:run: date: 1887 concentration: 0.0232457 pptv
Tue Mar 21 15:37:30 2023:DEBUG:run: date: 1888 concentration: 0.0232494 pptv
Tue Mar 21 15:37:30 2023:DEBUG:run: date: 1889 concentration: 0.023253 pptv
Tue Mar 21 15:37:30 2023:DEBUG:run: date: 1890 concentration: 0.0232565 pptv
Tue Mar 21 15:37:30 2023:DEBUG:run: date: 1891 concentration: 0.0232598 pptv
Tue Mar 21 15:37:30 2023:DEBUG:run: date: 1892 concentration: 0.023263 pptv
Tue Mar 21 15:37:30 2023:DEBUG:run: date: 1893 concentration: 0.0232661 pptv
Tue Mar 21 15:37:30 2023:DEBUG:run: date: 1894 concentration: 0.0232691 pptv
Tue Mar 21 15:37:30 2023:DEBUG:run: date: 1895 concentration: 0.0232719 pptv
Tue Mar 21 15:37:30 2023:DEBUG:run: date: 1896 concentration: 0.0232747 pptv
Tue Mar 21 15:37:30 2023:DEBUG:run: date: 1897 concentration: 0.0232773 pptv
Tue Mar 21 15:37:31 2023:DEBUG:run: date: 1898 concentration: 0.0232799 pptv
Tue Mar 21 15:37:31 2023:DEBUG:run: date: 1899 concentration: 0.0232823 pptv
Tue Mar 21 15:37:31 2023:DEBUG:run: date: 1900 concentration: 0.0232847 pptv
Tue Mar 21 15:37:31 2023:DEBUG:run: date: 1901 concentration: 0.023287 pptv
Tue Mar 21 15:37:31 2023:DEBUG:run: date: 1902 concentration: 0.0232891 pptv
Tue Mar 21 15:37:31 2023:DEBUG:run: date: 1903 concentration: 0.0232913 pptv
Tue Mar 21 15:37:31 2023:DEBUG:run: date: 1904 concentration: 0.0232932 pptv
Tue Mar 21 15:37:31 2023:DEBUG:run: date: 1905 concentration: 0.0232953 pptv
Tue Mar 21 15:37:31 2023:DEBUG:run: date: 1906 concentration: 0.023297 pptv
Tue Mar 21 15:37:31 2023:DEBUG:run: date: 1907 concentration: 0.0233327 pptv
Tue Mar 21 15:37:31 2023:DEBUG:run: date: 1908 concentration: 0.0234882 pptv
Tue Mar 21 15:37:31 2023:DEBUG:run: date: 1909 concentration: 0.0497136 pptv
Tue Mar 21 15:37:31 2023:DEBUG:run: date: 1910 concentration: 0.0845741 pptv
Tue Mar 21 15:37:31 2023:DEBUG:run: date: 1911 concentration: 0.101111 pptv
Tue Mar 21 15:37:31 2023:DEBUG:run: date: 1912 concentration: 0.144683 pptv
Tue Mar 21 15:37:31 2023:DEBUG:run: date: 1913 concentration: 0.238001 pptv
Tue Mar 21 15:37:31 2023:DEBUG:run: date: 1914 concentration: 0.390808 pptv
Tue Mar 21 15:37:31 2023:DEBUG:run: date: 1915 concentration: 0.596114 pptv
Tue Mar 21 15:37:31 2023:DEBUG:run: date: 1916 concentration: 0.786129 pptv
Tue Mar 21 15:37:31 2023:DEBUG:run: date: 1917 concentration: 0.939265 pptv
Tue Mar 21 15:37:31 2023:DEBUG:run: date: 1918 concentration: 1.05521 pptv
Tue Mar 21 15:37:31 2023:DEBUG:run: date: 1919 concentration: 1.12866 pptv
Tue Mar 21 15:37:31 2023:DEBUG:run: date: 1920 concentration: 1.22802 pptv
Tue Mar 21 15:37:31 2023:DEBUG:run: date: 1921 concentration: 1.40698 pptv
Tue Mar 21 15:37:31 2023:DEBUG:run: date: 1922 concentration: 1.62036 pptv
Tue Mar 21 15:37:31 2023:DEBUG:run: date: 1923 concentration: 1.84978 pptv
Tue Mar 21 15:37:31 2023:DEBUG:run: date: 1924 concentration: 2.13662 pptv
Tue Mar 21 15:37:31 2023:DEBUG:run: date: 1925 concentration: 2.40639 pptv
Tue Mar 21 15:37:31 2023:DEBUG:run: date: 1926 concentration: 2.67069 pptv
Tue Mar 21 15:37:31 2023:DEBUG:run: date: 1927 concentration: 3.0551 pptv
Tue Mar 21 15:37:31 2023:DEBUG:run: date: 1928 concentration: 3.5392 pptv
Tue Mar 21 15:37:31 2023:DEBUG:run: date: 1929 concentration: 4.09254 pptv
Tue Mar 21 15:37:31 2023:DEBUG:run: date: 1930 concentration: 4.66711 pptv
Tue Mar 21 15:37:31 2023:DEBUG:run: date: 1931 concentration: 5.2434 pptv
Tue Mar 21 15:37:31 2023:DEBUG:run: date: 1932 concentration: 5.89026 pptv
Tue Mar 21 15:37:31 2023:DEBUG:run: date: 1933 concentration: 6.66447 pptv
Tue Mar 21 15:37:31 2023:DEBUG:run: date: 1934 concentration: 7.63624 pptv
Tue Mar 21 15:37:31 2023:DEBUG:run: date: 1935 concentration: 8.77027 pptv
Tue Mar 21 15:37:31 2023:DEBUG:run: date: 1936 concentration: 9.93962 pptv
Tue Mar 21 15:37:31 2023:DEBUG:run: date: 1937 concentration: 11.1305 pptv
Tue Mar 21 15:37:31 2023:DEBUG:run: date: 1938 concentration: 12.4492 pptv
Tue Mar 21 15:37:31 2023:DEBUG:run: date: 1939 concentration: 13.9881 pptv
Tue Mar 21 15:37:31 2023:DEBUG:run: date: 1940 concentration: 15.8692 pptv
Tue Mar 21 15:37:31 2023:DEBUG:run: date: 1941 concentration: 18.167 pptv
Tue Mar 21 15:37:31 2023:DEBUG:run: date: 1942 concentration: 20.8487 pptv
Tue Mar 21 15:37:31 2023:DEBUG:run: date: 1943 concentration: 23.2344 pptv
Tue Mar 21 15:37:31 2023:DEBUG:run: date: 1944 concentration: 24.9337 pptv
Tue Mar 21 15:37:31 2023:DEBUG:run: date: 1945 concentration: 26.4157 pptv
Tue Mar 21 15:37:31 2023:DEBUG:run: date: 1946 concentration: 28.0667 pptv
Tue Mar 21 15:37:31 2023:DEBUG:run: date: 1947 concentration: 29.9872 pptv
Tue Mar 21 15:37:31 2023:DEBUG:run: date: 1948 concentration: 32.0688 pptv
Tue Mar 21 15:37:31 2023:DEBUG:run: date: 1949 concentration: 34.1176 pptv
Tue Mar 21 15:37:31 2023:DEBUG:run: date: 1950 concentration: 35.6149 pptv
Tue Mar 21 15:37:31 2023:DEBUG:run: date: 1951 concentration: 36.7685 pptv
Tue Mar 21 15:37:31 2023:DEBUG:run: date: 1952 concentration: 38.0923 pptv
Tue Mar 21 15:37:31 2023:DEBUG:run: date: 1953 concentration: 39.5495 pptv
Tue Mar 21 15:37:31 2023:DEBUG:run: date: 1954 concentration: 41.1354 pptv
Tue Mar 21 15:37:31 2023:DEBUG:run: date: 1955 concentration: 42.8427 pptv
Tue Mar 21 15:37:31 2023:DEBUG:run: date: 1956 concentration: 44.6638 pptv
Tue Mar 21 15:37:31 2023:DEBUG:run: date: 1957 concentration: 46.5972 pptv
Tue Mar 21 15:37:31 2023:DEBUG:run: date: 1958 concentration: 48.638 pptv
Tue Mar 21 15:37:31 2023:DEBUG:run: date: 1959 concentration: 50.782 pptv
Tue Mar 21 15:37:31 2023:DEBUG:run: date: 1960 concentration: 53.0211 pptv
Tue Mar 21 15:37:31 2023:DEBUG:run: date: 1961 concentration: 55.3292 pptv
Tue Mar 21 15:37:31 2023:DEBUG:run: date: 1962 concentration: 57.6963 pptv
Tue Mar 21 15:37:31 2023:DEBUG:run: date: 1963 concentration: 60.0863 pptv
Tue Mar 21 15:37:31 2023:DEBUG:run: date: 1964 concentration: 62.4177 pptv
Tue Mar 21 15:37:31 2023:DEBUG:run: date: 1965 concentration: 64.6584 pptv
Tue Mar 21 15:37:31 2023:DEBUG:run: date: 1966 concentration: 66.815 pptv
Tue Mar 21 15:37:31 2023:DEBUG:run: date: 1967 concentration: 68.8897 pptv
Tue Mar 21 15:37:31 2023:DEBUG:run: date: 1968 concentration: 70.8876 pptv
Tue Mar 21 15:37:31 2023:DEBUG:run: date: 1969 concentration: 72.8111 pptv
Tue Mar 21 15:37:31 2023:DEBUG:run: date: 1970 concentration: 74.6597 pptv
Tue Mar 21 15:37:31 2023:DEBUG:run: date: 1971 concentration: 76.4353 pptv
Tue Mar 21 15:37:31 2023:DEBUG:run: date: 1972 concentration: 78.1458 pptv
Tue Mar 21 15:37:31 2023:DEBUG:run: date: 1973 concentration: 79.7966 pptv
Tue Mar 21 15:37:31 2023:DEBUG:run: date: 1974 concentration: 81.384 pptv
Tue Mar 21 15:37:31 2023:DEBUG:run: date: 1975 concentration: 82.9078 pptv
Tue Mar 21 15:37:31 2023:DEBUG:run: date: 1976 concentration: 84.3733 pptv
Tue Mar 21 15:37:31 2023:DEBUG:run: date: 1977 concentration: 85.7836 pptv
Tue Mar 21 15:37:31 2023:DEBUG:run: date: 1978 concentration: 87.1708 pptv
Tue Mar 21 15:37:31 2023:DEBUG:run: date: 1979 concentration: 88.4311 pptv
Tue Mar 21 15:37:31 2023:DEBUG:run: date: 1980 concentration: 89.5269 pptv
Tue Mar 21 15:37:31 2023:DEBUG:run: date: 1981 concentration: 90.6326 pptv
Tue Mar 21 15:37:31 2023:DEBUG:run: date: 1982 concentration: 91.7979 pptv
Tue Mar 21 15:37:31 2023:DEBUG:run: date: 1983 concentration: 92.9679 pptv
Tue Mar 21 15:37:31 2023:DEBUG:run: date: 1984 concentration: 94.2437 pptv
Tue Mar 21 15:37:31 2023:DEBUG:run: date: 1985 concentration: 95.5938 pptv
Tue Mar 21 15:37:31 2023:DEBUG:run: date: 1986 concentration: 96.759 pptv
Tue Mar 21 15:37:31 2023:DEBUG:run: date: 1987 concentration: 98.0713 pptv
Tue Mar 21 15:37:31 2023:DEBUG:run: date: 1988 concentration: 99.1511 pptv
Tue Mar 21 15:37:31 2023:DEBUG:run: date: 1989 concentration: 99.1486 pptv
Tue Mar 21 15:37:31 2023:DEBUG:run: date: 1990 concentration: 98.4702 pptv
Tue Mar 21 15:37:31 2023:DEBUG:run: date: 1991 concentration: 97.7719 pptv
Tue Mar 21 15:37:31 2023:DEBUG:run: date: 1992 concentration: 97.1104 pptv
Tue Mar 21 15:37:31 2023:DEBUG:run: date: 1993 concentration: 96.4392 pptv
Tue Mar 21 15:37:31 2023:DEBUG:run: date: 1994 concentration: 95.8497 pptv
Tue Mar 21 15:37:31 2023:DEBUG:run: date: 1995 concentration: 95.0851 pptv
Tue Mar 21 15:37:31 2023:DEBUG:run: date: 1996 concentration: 94.1642 pptv
Tue Mar 21 15:37:31 2023:DEBUG:run: date: 1997 concentration: 93.2863 pptv
Tue Mar 21 15:37:31 2023:DEBUG:run: date: 1998 concentration: 92.3504 pptv
Tue Mar 21 15:37:31 2023:DEBUG:run: date: 1999 concentration: 91.4514 pptv
Tue Mar 21 15:37:31 2023:DEBUG:run: date: 2000 concentration: 90.5753 pptv
Tue Mar 21 15:37:31 2023:DEBUG:run: date: 2001 concentration: 89.6616 pptv
Tue Mar 21 15:37:31 2023:DEBUG:run: date: 2002 concentration: 88.7753 pptv
Tue Mar 21 15:37:31 2023:DEBUG:run: date: 2003 concentration: 87.9005 pptv
Tue Mar 21 15:37:31 2023:DEBUG:run: date: 2004 concentration: 86.9581 pptv
Tue Mar 21 15:37:31 2023:DEBUG:run: date: 2005 concentration: 85.9164 pptv
Tue Mar 21 15:37:31 2023:DEBUG:run: date: 2006 concentration: 84.8026 pptv
Tue Mar 21 15:37:31 2023:DEBUG:run: date: 2007 concentration: 83.6318 pptv
Tue Mar 21 15:37:31 2023:DEBUG:run: date: 2008 concentration: 82.4904 pptv
Tue Mar 21 15:37:31 2023:DEBUG:run: date: 2009 concentration: 81.3395 pptv
Tue Mar 21 15:37:31 2023:DEBUG:run: date: 2010 concentration: 80.2581 pptv
Tue Mar 21 15:37:31 2023:DEBUG:run: date: 2011 concentration: 79.2698 pptv
Tue Mar 21 15:37:31 2023:DEBUG:run: date: 2012 concentration: 78.386 pptv
Tue Mar 21 15:37:31 2023:DEBUG:run: date: 2013 concentration: 77.6436 pptv
Tue Mar 21 15:37:31 2023:DEBUG:run: date: 2014 concentration: 76.6116 pptv
Tue Mar 21 15:37:31 2023:DEBUG:run: date: 2015 concentration: 75.4058 pptv
Tue Mar 21 15:37:31 2023:DEBUG:run: date: 2016 concentration: 74.1559 pptv
Tue Mar 21 15:37:31 2023:DEBUG:run: date: 2017 concentration: 72.8635 pptv
Tue Mar 21 15:37:31 2023:DEBUG:run: date: 2018 concentration: 71.5301 pptv
Tue Mar 21 15:37:31 2023:DEBUG:run: date: 2019 concentration: 70.1574 pptv
Tue Mar 21 15:37:31 2023:DEBUG:run: date: 2020 concentration: 68.7468 pptv
Tue Mar 21 15:37:31 2023:DEBUG:run: date: 2021 concentration: 67.3324 pptv
Tue Mar 21 15:37:31 2023:DEBUG:run: date: 2022 concentration: 65.9144 pptv
Tue Mar 21 15:37:31 2023:DEBUG:run: date: 2023 concentration: 64.4927 pptv
Tue Mar 21 15:37:31 2023:DEBUG:run: date: 2024 concentration: 63.0677 pptv
Tue Mar 21 15:37:31 2023:DEBUG:run: date: 2025 concentration: 61.6393 pptv
Tue Mar 21 15:37:31 2023:DEBUG:run: date: 2026 concentration: 60.2079 pptv
Tue Mar 21 15:37:31 2023:DEBUG:run: date: 2027 concentration: 58.7733 pptv
Tue Mar 21 15:37:31 2023:DEBUG:run: date: 2028 concentration: 57.3359 pptv
Tue Mar 21 15:37:31 2023:DEBUG:run: date: 2029 concentration: 55.8956 pptv
Tue Mar 21 15:37:31 2023:DEBUG:run: date: 2030 concentration: 54.4526 pptv
Tue Mar 21 15:37:31 2023:DEBUG:run: date: 2031 concentration: 53.0333 pptv
Tue Mar 21 15:37:31 2023:DEBUG:run: date: 2032 concentration: 51.6369 pptv
Tue Mar 21 15:37:31 2023:DEBUG:run: date: 2033 concentration: 50.2624 pptv
Tue Mar 21 15:37:31 2023:DEBUG:run: date: 2034 concentration: 48.9091 pptv
Tue Mar 21 15:37:31 2023:DEBUG:run: date: 2035 concentration: 47.576 pptv
Tue Mar 21 15:37:31 2023:DEBUG:run: date: 2036 concentration: 46.2626 pptv
Tue Mar 21 15:37:31 2023:DEBUG:run: date: 2037 concentration: 44.968 pptv
Tue Mar 21 15:37:31 2023:DEBUG:run: date: 2038 concentration: 43.6914 pptv
Tue Mar 21 15:37:31 2023:DEBUG:run: date: 2039 concentration: 42.4324 pptv
Tue Mar 21 15:37:31 2023:DEBUG:run: date: 2040 concentration: 41.1901 pptv
Tue Mar 21 15:37:31 2023:DEBUG:run: date: 2041 concentration: 39.9781 pptv
Tue Mar 21 15:37:31 2023:DEBUG:run: date: 2042 concentration: 38.7953 pptv
Tue Mar 21 15:37:31 2023:DEBUG:run: date: 2043 concentration: 37.6406 pptv
Tue Mar 21 15:37:31 2023:DEBUG:run: date: 2044 concentration: 36.5129 pptv
Tue Mar 21 15:37:31 2023:DEBUG:run: date: 2045 concentration: 35.4112 pptv
Tue Mar 21 15:37:31 2023:DEBUG:run: date: 2046 concentration: 34.3345 pptv
Tue Mar 21 15:37:31 2023:DEBUG:run: date: 2047 concentration: 33.2819 pptv
Tue Mar 21 15:37:31 2023:DEBUG:run: date: 2048 concentration: 32.2525 pptv
Tue Mar 21 15:37:31 2023:DEBUG:run: date: 2049 concentration: 31.2453 pptv
Tue Mar 21 15:37:31 2023:DEBUG:run: date: 2050 concentration: 30.2596 pptv
Tue Mar 21 15:37:31 2023:DEBUG:run: date: 2051 concentration: 29.3022 pptv
Tue Mar 21 15:37:31 2023:DEBUG:run: date: 2052 concentration: 28.3719 pptv
Tue Mar 21 15:37:31 2023:DEBUG:run: date: 2053 concentration: 27.4679 pptv
Tue Mar 21 15:37:31 2023:DEBUG:run: date: 2054 concentration: 26.5891 pptv
Tue Mar 21 15:37:31 2023:DEBUG:run: date: 2055 concentration: 25.7345 pptv
Tue Mar 21 15:37:31 2023:DEBUG:run: date: 2056 concentration: 24.9032 pptv
Tue Mar 21 15:37:31 2023:DEBUG:run: date: 2057 concentration: 24.0944 pptv
Tue Mar 21 15:37:31 2023:DEBUG:run: date: 2058 concentration: 23.3072 pptv
Tue Mar 21 15:37:31 2023:DEBUG:run: date: 2059 concentration: 22.5408 pptv
Tue Mar 21 15:37:31 2023:DEBUG:run: date: 2060 concentration: 21.7943 pptv
Tue Mar 21 15:37:31 2023:DEBUG:run: date: 2061 concentration: 21.0713 pptv
Tue Mar 21 15:37:31 2023:DEBUG:run: date: 2062 concentration: 20.3707 pptv
Tue Mar 21 15:37:31 2023:DEBUG:run: date: 2063 concentration: 19.6918 pptv
Tue Mar 21 15:37:31 2023:DEBUG:run: date: 2064 concentration: 19.0336 pptv
Tue Mar 21 15:37:31 2023:DEBUG:run: date: 2065 concentration: 18.3955 pptv
Tue Mar 21 15:37:31 2023:DEBUG:run: date: 2066 concentration: 17.7767 pptv
Tue Mar 21 15:37:31 2023:DEBUG:run: date: 2067 concentration: 17.1764 pptv
Tue Mar 21 15:37:31 2023:DEBUG:run: date: 2068 concentration: 16.594 pptv
Tue Mar 21 15:37:31 2023:DEBUG:run: date: 2069 concentration: 16.0287 pptv
Tue Mar 21 15:37:31 2023:DEBUG:run: date: 2070 concentration: 15.48 pptv
Tue Mar 21 15:37:31 2023:DEBUG:run: date: 2071 concentration: 14.9494 pptv
Tue Mar 21 15:37:31 2023:DEBUG:run: date: 2072 concentration: 14.4362 pptv
Tue Mar 21 15:37:31 2023:DEBUG:run: date: 2073 concentration: 13.9398 pptv
Tue Mar 21 15:37:31 2023:DEBUG:run: date: 2074 concentration: 13.4595 pptv
Tue Mar 21 15:37:31 2023:DEBUG:run: date: 2075 concentration: 12.9948 pptv
Tue Mar 21 15:37:31 2023:DEBUG:run: date: 2076 concentration: 12.545 pptv
Tue Mar 21 15:37:31 2023:DEBUG:run: date: 2077 concentration: 12.1097 pptv
Tue Mar 21 15:37:31 2023:DEBUG:run: date: 2078 concentration: 11.6881 pptv
Tue Mar 21 15:37:31 2023:DEBUG:run: date: 2079 concentration: 11.2799 pptv
Tue Mar 21 15:37:31 2023:DEBUG:run: date: 2080 concentration: 10.8845 pptv
Tue Mar 21 15:37:31 2023:DEBUG:run: date: 2081 concentration: 10.5026 pptv
Tue Mar 21 15:37:31 2023:DEBUG:run: date: 2082 concentration: 10.1337 pptv
Tue Mar 21 15:37:31 2023:DEBUG:run: date: 2083 concentration: 9.77736 pptv
Tue Mar 21 15:37:31 2023:DEBUG:run: date: 2084 concentration: 9.43307 pptv
Tue Mar 21 15:37:31 2023:DEBUG:run: date: 2085 concentration: 9.10038 pptv
Tue Mar 21 15:37:31 2023:DEBUG:run: date: 2086 concentration: 8.77884 pptv
Tue Mar 21 15:37:32 2023:DEBUG:run: date: 2087 concentration: 8.46804 pptv
Tue Mar 21 15:37:32 2023:DEBUG:run: date: 2088 concentration: 8.16758 pptv
Tue Mar 21 15:37:32 2023:DEBUG:run: date: 2089 concentration: 7.87706 pptv
Tue Mar 21 15:37:32 2023:DEBUG:run: date: 2090 concentration: 7.59611 pptv
Tue Mar 21 15:37:32 2023:DEBUG:run: date: 2091 concentration: 7.32501 pptv
Tue Mar 21 15:37:32 2023:DEBUG:run: date: 2092 concentration: 7.06338 pptv
Tue Mar 21 15:37:32 2023:DEBUG:run: date: 2093 concentration: 6.81087 pptv
Tue Mar 21 15:37:32 2023:DEBUG:run: date: 2094 concentration: 6.56713 pptv
Tue Mar 21 15:37:32 2023:DEBUG:run: date: 2095 concentration: 6.33184 pptv
Tue Mar 21 15:37:32 2023:DEBUG:run: date: 2096 concentration: 6.10467 pptv
Tue Mar 21 15:37:32 2023:DEBUG:run: date: 2097 concentration: 5.88531 pptv
Tue Mar 21 15:37:32 2023:DEBUG:run: date: 2098 concentration: 5.67348 pptv
Tue Mar 21 15:37:32 2023:DEBUG:run: date: 2099 concentration: 5.46889 pptv
Tue Mar 21 15:37:32 2023:DEBUG:run: date: 2100 concentration: 5.27126 pptv
Tue Mar 21 15:37:32 2023:DEBUG:run: date: 2101 concentration: 5.08103 pptv
Tue Mar 21 15:37:32 2023:DEBUG:run: date: 2102 concentration: 4.89792 pptv
Tue Mar 21 15:37:32 2023:DEBUG:run: date: 2103 concentration: 4.72166 pptv
Tue Mar 21 15:37:32 2023:DEBUG:run: date: 2104 concentration: 4.552 pptv
Tue Mar 21 15:37:32 2023:DEBUG:run: date: 2105 concentration: 4.38868 pptv
Tue Mar 21 15:37:32 2023:DEBUG:run: date: 2106 concentration: 4.23146 pptv
Tue Mar 21 15:37:32 2023:DEBUG:run: date: 2107 concentration: 4.08011 pptv
Tue Mar 21 15:37:32 2023:DEBUG:run: date: 2108 concentration: 3.93442 pptv
Tue Mar 21 15:37:32 2023:DEBUG:run: date: 2109 concentration: 3.79417 pptv
Tue Mar 21 15:37:32 2023:DEBUG:run: date: 2110 concentration: 3.65915 pptv
Tue Mar 21 15:37:32 2023:DEBUG:run: date: 2111 concentration: 3.52916 pptv
Tue Mar 21 15:37:32 2023:DEBUG:run: date: 2112 concentration: 3.40403 pptv
Tue Mar 21 15:37:32 2023:DEBUG:run: date: 2113 concentration: 3.28355 pptv
Tue Mar 21 15:37:32 2023:DEBUG:run: date: 2114 concentration: 3.16757 pptv
Tue Mar 21 15:37:32 2023:DEBUG:run: date: 2115 concentration: 3.0559 pptv
Tue Mar 21 15:37:32 2023:DEBUG:run: date: 2116 concentration: 2.94839 pptv
Tue Mar 21 15:37:32 2023:DEBUG:run: date: 2117 concentration: 2.84487 pptv
Tue Mar 21 15:37:32 2023:DEBUG:run: date: 2118 concentration: 2.74521 pptv
Tue Mar 21 15:37:32 2023:DEBUG:run: date: 2119 concentration: 2.64924 pptv
Tue Mar 21 15:37:32 2023:DEBUG:run: date: 2120 concentration: 2.55684 pptv
Tue Mar 21 15:37:32 2023:DEBUG:run: date: 2121 concentration: 2.46787 pptv
Tue Mar 21 15:37:32 2023:DEBUG:run: date: 2122 concentration: 2.3822 pptv
Tue Mar 21 15:37:32 2023:DEBUG:run: date: 2123 concentration: 2.2997 pptv
Tue Mar 21 15:37:32 2023:DEBUG:run: date: 2124 concentration: 2.22025 pptv
Tue Mar 21 15:37:32 2023:DEBUG:run: date: 2125 concentration: 2.14375 pptv
Tue Mar 21 15:37:32 2023:DEBUG:run: date: 2126 concentration: 2.07007 pptv
Tue Mar 21 15:37:32 2023:DEBUG:run: date: 2127 concentration: 1.99911 pptv
Tue Mar 21 15:37:32 2023:DEBUG:run: date: 2128 concentration: 1.93078 pptv
Tue Mar 21 15:37:32 2023:DEBUG:run: date: 2129 concentration: 1.86496 pptv
Tue Mar 21 15:37:32 2023:DEBUG:run: date: 2130 concentration: 1.80157 pptv
Tue Mar 21 15:37:32 2023:DEBUG:run: date: 2131 concentration: 1.74051 pptv
Tue Mar 21 15:37:32 2023:DEBUG:run: date: 2132 concentration: 1.6817 pptv
Tue Mar 21 15:37:32 2023:DEBUG:run: date: 2133 concentration: 1.62505 pptv
Tue Mar 21 15:37:32 2023:DEBUG:run: date: 2134 concentration: 1.57048 pptv
Tue Mar 21 15:37:32 2023:DEBUG:run: date: 2135 concentration: 1.51791 pptv
Tue Mar 21 15:37:32 2023:DEBUG:run: date: 2136 concentration: 1.46727 pptv
Tue Mar 21 15:37:32 2023:DEBUG:run: date: 2137 concentration: 1.41847 pptv
Tue Mar 21 15:37:32 2023:DEBUG:run: date: 2138 concentration: 1.37146 pptv
Tue Mar 21 15:37:32 2023:DEBUG:run: date: 2139 concentration: 1.32617 pptv
Tue Mar 21 15:37:32 2023:DEBUG:run: date: 2140 concentration: 1.28253 pptv
Tue Mar 21 15:37:32 2023:DEBUG:run: date: 2141 concentration: 1.24047 pptv
Tue Mar 21 15:37:32 2023:DEBUG:run: date: 2142 concentration: 1.19995 pptv
Tue Mar 21 15:37:32 2023:DEBUG:run: date: 2143 concentration: 1.16089 pptv
Tue Mar 21 15:37:32 2023:DEBUG:run: date: 2144 concentration: 1.12325 pptv
Tue Mar 21 15:37:32 2023:DEBUG:run: date: 2145 concentration: 1.08698 pptv
Tue Mar 21 15:37:32 2023:DEBUG:run: date: 2146 concentration: 1.05201 pptv
Tue Mar 21 15:37:32 2023:DEBUG:run: date: 2147 concentration: 1.0183 pptv
Tue Mar 21 15:37:32 2023:DEBUG:run: date: 2148 concentration: 0.985812 pptv
Tue Mar 21 15:37:32 2023:DEBUG:run: date: 2149 concentration: 0.954488 pptv
Tue Mar 21 15:37:32 2023:DEBUG:run: date: 2150 concentration: 0.924288 pptv
Tue Mar 21 15:37:32 2023:DEBUG:run: date: 2151 concentration: 0.895169 pptv
Tue Mar 21 15:37:32 2023:DEBUG:run: date: 2152 concentration: 0.867091 pptv
Tue Mar 21 15:37:32 2023:DEBUG:run: date: 2153 concentration: 0.840014 pptv
Tue Mar 21 15:37:32 2023:DEBUG:run: date: 2154 concentration: 0.813901 pptv
Tue Mar 21 15:37:32 2023:DEBUG:run: date: 2155 concentration: 0.788714 pptv
Tue Mar 21 15:37:32 2023:DEBUG:run: date: 2156 concentration: 0.76442 pptv
Tue Mar 21 15:37:32 2023:DEBUG:run: date: 2157 concentration: 0.740985 pptv
Tue Mar 21 15:37:32 2023:DEBUG:run: date: 2158 concentration: 0.718375 pptv
Tue Mar 21 15:37:32 2023:DEBUG:run: date: 2159 concentration: 0.69656 pptv
Tue Mar 21 15:37:32 2023:DEBUG:run: date: 2160 concentration: 0.675511 pptv
Tue Mar 21 15:37:32 2023:DEBUG:run: date: 2161 concentration: 0.655197 pptv
Tue Mar 21 15:37:32 2023:DEBUG:run: date: 2162 concentration: 0.635592 pptv
Tue Mar 21 15:37:32 2023:DEBUG:run: date: 2163 concentration: 0.616668 pptv
Tue Mar 21 15:37:32 2023:DEBUG:run: date: 2164 concentration: 0.598401 pptv
Tue Mar 21 15:37:32 2023:DEBUG:run: date: 2165 concentration: 0.580764 pptv
Tue Mar 21 15:37:32 2023:DEBUG:run: date: 2166 concentration: 0.563735 pptv
Tue Mar 21 15:37:32 2023:DEBUG:run: date: 2167 concentration: 0.54729 pptv
Tue Mar 21 15:37:32 2023:DEBUG:run: date: 2168 concentration: 0.531407 pptv
Tue Mar 21 15:37:32 2023:DEBUG:run: date: 2169 concentration: 0.516066 pptv
Tue Mar 21 15:37:32 2023:DEBUG:run: date: 2170 concentration: 0.501245 pptv
Tue Mar 21 15:37:32 2023:DEBUG:run: date: 2171 concentration: 0.486925 pptv
Tue Mar 21 15:37:32 2023:DEBUG:run: date: 2172 concentration: 0.473088 pptv
Tue Mar 21 15:37:32 2023:DEBUG:run: date: 2173 concentration: 0.459714 pptv
Tue Mar 21 15:37:32 2023:DEBUG:run: date: 2174 concentration: 0.446787 pptv
Tue Mar 21 15:37:32 2023:DEBUG:run: date: 2175 concentration: 0.43429 pptv
Tue Mar 21 15:37:32 2023:DEBUG:run: date: 2176 concentration: 0.422206 pptv
Tue Mar 21 15:37:32 2023:DEBUG:run: date: 2177 concentration: 0.41052 pptv
Tue Mar 21 15:37:32 2023:DEBUG:run: date: 2178 concentration: 0.399216 pptv
Tue Mar 21 15:37:32 2023:DEBUG:run: date: 2179 concentration: 0.388281 pptv
Tue Mar 21 15:37:32 2023:DEBUG:run: date: 2180 concentration: 0.377701 pptv
Tue Mar 21 15:37:32 2023:DEBUG:run: date: 2181 concentration: 0.367461 pptv
Tue Mar 21 15:37:32 2023:DEBUG:run: date: 2182 concentration: 0.35755 pptv
Tue Mar 21 15:37:32 2023:DEBUG:run: date: 2183 concentration: 0.347954 pptv
Tue Mar 21 15:37:32 2023:DEBUG:run: date: 2184 concentration: 0.338663 pptv
Tue Mar 21 15:37:32 2023:DEBUG:run: date: 2185 concentration: 0.329663 pptv
Tue Mar 21 15:37:32 2023:DEBUG:run: date: 2186 concentration: 0.320946 pptv
Tue Mar 21 15:37:32 2023:DEBUG:run: date: 2187 concentration: 0.312499 pptv
Tue Mar 21 15:37:32 2023:DEBUG:run: date: 2188 concentration: 0.304312 pptv
Tue Mar 21 15:37:32 2023:DEBUG:run: date: 2189 concentration: 0.296377 pptv
Tue Mar 21 15:37:32 2023:DEBUG:run: date: 2190 concentration: 0.288682 pptv
Tue Mar 21 15:37:32 2023:DEBUG:run: date: 2191 concentration: 0.28122 pptv
Tue Mar 21 15:37:32 2023:DEBUG:run: date: 2192 concentration: 0.273981 pptv
Tue Mar 21 15:37:32 2023:DEBUG:run: date: 2193 concentration: 0.266958 pptv
Tue Mar 21 15:37:32 2023:DEBUG:run: date: 2194 concentration: 0.260141 pptv
Tue Mar 21 15:37:32 2023:DEBUG:run: date: 2195 concentration: 0.253523 pptv
Tue Mar 21 15:37:32 2023:DEBUG:run: date: 2196 concentration: 0.247097 pptv
Tue Mar 21 15:37:32 2023:DEBUG:run: date: 2197 concentration: 0.240855 pptv
Tue Mar 21 15:37:32 2023:DEBUG:run: date: 2198 concentration: 0.23479 pptv
Tue Mar 21 15:37:32 2023:DEBUG:run: date: 2199 concentration: 0.228896 pptv
Tue Mar 21 15:37:32 2023:DEBUG:run: date: 2200 concentration: 0.223167 pptv
Tue Mar 21 15:37:32 2023:DEBUG:run: date: 2201 concentration: 0.217595 pptv
Tue Mar 21 15:37:32 2023:DEBUG:run: date: 2202 concentration: 0.212176 pptv
Tue Mar 21 15:37:32 2023:DEBUG:run: date: 2203 concentration: 0.206903 pptv
Tue Mar 21 15:37:32 2023:DEBUG:run: date: 2204 concentration: 0.20177 pptv
Tue Mar 21 15:37:32 2023:DEBUG:run: date: 2205 concentration: 0.196774 pptv
Tue Mar 21 15:37:32 2023:DEBUG:run: date: 2206 concentration: 0.191907 pptv
Tue Mar 21 15:37:32 2023:DEBUG:run: date: 2207 concentration: 0.187166 pptv
Tue Mar 21 15:37:32 2023:DEBUG:run: date: 2208 concentration: 0.182546 pptv
Tue Mar 21 15:37:32 2023:DEBUG:run: date: 2209 concentration: 0.178042 pptv
Tue Mar 21 15:37:32 2023:DEBUG:run: date: 2210 concentration: 0.17365 pptv
Tue Mar 21 15:37:32 2023:DEBUG:run: date: 2211 concentration: 0.169365 pptv
Tue Mar 21 15:37:32 2023:DEBUG:run: date: 2212 concentration: 0.165184 pptv
Tue Mar 21 15:37:32 2023:DEBUG:run: date: 2213 concentration: 0.161103 pptv
Tue Mar 21 15:37:32 2023:DEBUG:run: date: 2214 concentration: 0.157117 pptv
Tue Mar 21 15:37:32 2023:DEBUG:run: date: 2215 concentration: 0.153224 pptv
Tue Mar 21 15:37:32 2023:DEBUG:run: date: 2216 concentration: 0.149419 pptv
Tue Mar 21 15:37:32 2023:DEBUG:run: date: 2217 concentration: 0.1457 pptv
Tue Mar 21 15:37:32 2023:DEBUG:run: date: 2218 concentration: 0.142063 pptv
Tue Mar 21 15:37:32 2023:DEBUG:run: date: 2219 concentration: 0.138505 pptv
Tue Mar 21 15:37:32 2023:DEBUG:run: date: 2220 concentration: 0.135023 pptv
Tue Mar 21 15:37:32 2023:DEBUG:run: date: 2221 concentration: 0.131615 pptv
Tue Mar 21 15:37:32 2023:DEBUG:run: date: 2222 concentration: 0.128276 pptv
Tue Mar 21 15:37:32 2023:DEBUG:run: date: 2223 concentration: 0.125006 pptv
Tue Mar 21 15:37:32 2023:DEBUG:run: date: 2224 concentration: 0.121801 pptv
Tue Mar 21 15:37:32 2023:DEBUG:run: date: 2225 concentration: 0.118659 pptv
Tue Mar 21 15:37:32 2023:DEBUG:run: date: 2226 concentration: 0.115577 pptv
Tue Mar 21 15:37:32 2023:DEBUG:run: date: 2227 concentration: 0.112553 pptv
Tue Mar 21 15:37:32 2023:DEBUG:run: date: 2228 concentration: 0.109586 pptv
Tue Mar 21 15:37:32 2023:DEBUG:run: date: 2229 concentration: 0.106672 pptv
Tue Mar 21 15:37:32 2023:DEBUG:run: date: 2230 concentration: 0.10381 pptv
Tue Mar 21 15:37:32 2023:DEBUG:run: date: 2231 concentration: 0.100997 pptv
Tue Mar 21 15:37:32 2023:DEBUG:run: date: 2232 concentration: 0.0982332 pptv
Tue Mar 21 15:37:32 2023:DEBUG:run: date: 2233 concentration: 0.0955151 pptv
Tue Mar 21 15:37:32 2023:DEBUG:run: date: 2234 concentration: 0.0928414 pptv
Tue Mar 21 15:37:32 2023:DEBUG:run: date: 2235 concentration: 0.0902105 pptv
Tue Mar 21 15:37:32 2023:DEBUG:run: date: 2236 concentration: 0.0876206 pptv
Tue Mar 21 15:37:32 2023:DEBUG:run: date: 2237 concentration: 0.0850704 pptv
Tue Mar 21 15:37:32 2023:DEBUG:run: date: 2238 concentration: 0.0825583 pptv
Tue Mar 21 15:37:32 2023:DEBUG:run: date: 2239 concentration: 0.0800828 pptv
Tue Mar 21 15:37:32 2023:DEBUG:run: date: 2240 concentration: 0.0776425 pptv
Tue Mar 21 15:37:32 2023:DEBUG:run: date: 2241 concentration: 0.0752362 pptv
Tue Mar 21 15:37:32 2023:DEBUG:run: date: 2242 concentration: 0.0728626 pptv
Tue Mar 21 15:37:32 2023:DEBUG:run: date: 2243 concentration: 0.0705203 pptv
Tue Mar 21 15:37:32 2023:DEBUG:run: date: 2244 concentration: 0.0682084 pptv
Tue Mar 21 15:37:32 2023:DEBUG:run: date: 2245 concentration: 0.0659255 pptv
Tue Mar 21 15:37:32 2023:DEBUG:run: date: 2246 concentration: 0.0636706 pptv
Tue Mar 21 15:37:32 2023:DEBUG:run: date: 2247 concentration: 0.0614426 pptv
Tue Mar 21 15:37:32 2023:DEBUG:run: date: 2248 concentration: 0.0592406 pptv
Tue Mar 21 15:37:32 2023:DEBUG:run: date: 2249 concentration: 0.0570635 pptv
Tue Mar 21 15:37:32 2023:DEBUG:run: date: 2250 concentration: 0.0549104 pptv
Tue Mar 21 15:37:32 2023:DEBUG:run: date: 2251 concentration: 0.0528386 pptv
Tue Mar 21 15:37:32 2023:DEBUG:run: date: 2252 concentration: 0.0508449 pptv
Tue Mar 21 15:37:32 2023:DEBUG:run: date: 2253 concentration: 0.0489265 pptv
Tue Mar 21 15:37:32 2023:DEBUG:run: date: 2254 concentration: 0.0470804 pptv
Tue Mar 21 15:37:32 2023:DEBUG:run: date: 2255 concentration: 0.045304 pptv
Tue Mar 21 15:37:32 2023:DEBUG:run: date: 2256 concentration: 0.0435946 pptv
Tue Mar 21 15:37:32 2023:DEBUG:run: date: 2257 concentration: 0.0419497 pptv
Tue Mar 21 15:37:32 2023:DEBUG:run: date: 2258 concentration: 0.0403669 pptv
Tue Mar 21 15:37:32 2023:DEBUG:run: date: 2259 concentration: 0.0388438 pptv
Tue Mar 21 15:37:32 2023:DEBUG:run: date: 2260 concentration: 0.0373782 pptv
Tue Mar 21 15:37:32 2023:DEBUG:run: date: 2261 concentration: 0.0359679 pptv
Tue Mar 21 15:37:32 2023:DEBUG:run: date: 2262 concentration: 0.0346108 pptv
Tue Mar 21 15:37:32 2023:DEBUG:run: date: 2263 concentration: 0.0333049 pptv
Tue Mar 21 15:37:32 2023:DEBUG:run: date: 2264 concentration: 0.0320482 pptv
Tue Mar 21 15:37:32 2023:DEBUG:run: date: 2265 concentration: 0.030839 pptv
Tue Mar 21 15:37:32 2023:DEBUG:run: date: 2266 concentration: 0.0296754 pptv
Tue Mar 21 15:37:32 2023:DEBUG:run: date: 2267 concentration: 0.0285557 pptv
Tue Mar 21 15:37:32 2023:DEBUG:run: date: 2268 concentration: 0.0274783 pptv
Tue Mar 21 15:37:32 2023:DEBUG:run: date: 2269 concentration: 0.0264415 pptv
Tue Mar 21 15:37:32 2023:DEBUG:run: date: 2270 concentration: 0.0254438 pptv
Tue Mar 21 15:37:32 2023:DEBUG:run: date: 2271 concentration: 0.0244838 pptv
Tue Mar 21 15:37:32 2023:DEBUG:run: date: 2272 concentration: 0.02356 pptv
Tue Mar 21 15:37:32 2023:DEBUG:run: date: 2273 concentration: 0.022671 pptv
Tue Mar 21 15:37:32 2023:DEBUG:run: date: 2274 concentration: 0.0218156 pptv
Tue Mar 21 15:37:32 2023:DEBUG:run: date: 2275 concentration: 0.0209925 pptv
Tue Mar 21 15:37:32 2023:DEBUG:run: date: 2276 concentration: 0.0202004 pptv
Tue Mar 21 15:37:32 2023:DEBUG:run: date: 2277 concentration: 0.0194382 pptv
Tue Mar 21 15:37:32 2023:DEBUG:run: date: 2278 concentration: 0.0187048 pptv
Tue Mar 21 15:37:32 2023:DEBUG:run: date: 2279 concentration: 0.017999 pptv
Tue Mar 21 15:37:32 2023:DEBUG:run: date: 2280 concentration: 0.0173199 pptv
Tue Mar 21 15:37:32 2023:DEBUG:run: date: 2281 concentration: 0.0166664 pptv
Tue Mar 21 15:37:32 2023:DEBUG:run: date: 2282 concentration: 0.0160376 pptv
Tue Mar 21 15:37:32 2023:DEBUG:run: date: 2283 concentration: 0.0154324 pptv
Tue Mar 21 15:37:32 2023:DEBUG:run: date: 2284 concentration: 0.0148502 pptv
Tue Mar 21 15:37:32 2023:DEBUG:run: date: 2285 concentration: 0.0142898 pptv
Tue Mar 21 15:37:32 2023:DEBUG:run: date: 2286 concentration: 0.0137507 pptv
Tue Mar 21 15:37:32 2023:DEBUG:run: date: 2287 concentration: 0.0132318 pptv
Tue Mar 21 15:37:32 2023:DEBUG:run: date: 2288 concentration: 0.0127326 pptv
Tue Mar 21 15:37:32 2023:DEBUG:run: date: 2289 concentration: 0.0122522 pptv
Tue Mar 21 15:37:32 2023:DEBUG:run: date: 2290 concentration: 0.0117899 pptv
Tue Mar 21 15:37:32 2023:DEBUG:run: date: 2291 concentration: 0.011345 pptv
Tue Mar 21 15:37:32 2023:DEBUG:run: date: 2292 concentration: 0.010917 pptv
Tue Mar 21 15:37:32 2023:DEBUG:run: date: 2293 concentration: 0.0105051 pptv
Tue Mar 21 15:37:32 2023:DEBUG:run: date: 2294 concentration: 0.0101087 pptv
Tue Mar 21 15:37:32 2023:DEBUG:run: date: 2295 concentration: 0.00972728 pptv
Tue Mar 21 15:37:32 2023:DEBUG:run: date: 2296 concentration: 0.00936025 pptv
Tue Mar 21 15:37:32 2023:DEBUG:run: date: 2297 concentration: 0.00900708 pptv
Tue Mar 21 15:37:32 2023:DEBUG:run: date: 2298 concentration: 0.00866723 pptv
Tue Mar 21 15:37:32 2023:DEBUG:run: date: 2299 concentration: 0.0083402 pptv
Tue Mar 21 15:37:32 2023:DEBUG:run: date: 2300 concentration: 0.00802552 pptv
