Tue Mar 21 15:37:28 2023:NOTICE:printLogHeader: hector version 2.5.0
Tue Mar 21 15:37:29 2023:DEBUG:setData: Setting tau[-1]=85.0
Tue Mar 21 15:37:29 2023:DEBUG:setData: Setting rho[-1]=0.0003
Tue Mar 21 15:37:29 2023:DEBUG:setData: Setting CFC113_emissions[1765]=0
Tue Mar 21 15:37:29 2023:DEBUG:setData: Setting CFC113_emissions[1766]=0
Tue Mar 21 15:37:29 2023:DEBUG:setData: Setting CFC113_emissions[1767]=0
Tue Mar 21 15:37:29 2023:DEBUG:setData: Setting CFC113_emissions[1768]=0
Tue Mar 21 15:37:29 2023:DEBUG:setData: Setting CFC113_emissions[1769]=0
Tue Mar 21 15:37:29 2023:DEBUG:setData: Setting CFC113_emissions[1770]=0
Tue Mar 21 15:37:29 2023:DEBUG:setData: Setting CFC113_emissions[1771]=0
Tue Mar 21 15:37:29 2023:DEBUG:setData: Setting CFC113_emissions[1772]=0
Tue Mar 21 15:37:29 2023:DEBUG:setData: Setting CFC113_emissions[1773]=0
Tue Mar 21 15:37:29 2023:DEBUG:setData: Setting CFC113_emissions[1774]=0
Tue Mar 21 15:37:29 2023:DEBUG:setData: Setting CFC113_emissions[1775]=0
Tue Mar 21 15:37:29 2023:DEBUG:setData: Setting CFC113_emissions[1776]=0
Tue Mar 21 15:37:29 2023:DEBUG:setData: Setting CFC113_emissions[1777]=0
Tue Mar 21 15:37:29 2023:DEBUG:setData: Setting CFC113_emissions[1778]=0
Tue Mar 21 15:37:29 2023:DEBUG:setData: Setting CFC113_emissions[1779]=0
Tue Mar 21 15:37:29 2023:DEBUG:setData: Setting CFC113_emissions[1780]=0
Tue Mar 21 15:37:29 2023:DEBUG:setData: Setting CFC113_emissions[1781]=0
Tue Mar 21 15:37:29 2023:DEBUG:setData: Setting CFC113_emissions[1782]=0
Tue Mar 21 15:37:29 2023:DEBUG:setData: Setting CFC113_emissions[1783]=0
Tue Mar 21 15:37:29 2023:DEBUG:setData: Setting CFC113_emissions[1784]=0
Tue Mar 21 15:37:29 2023:DEBUG:setData: Setting CFC113_emissions[1785]=0
Tue Mar 21 15:37:29 2023:DEBUG:setData: Setting CFC113_emissions[1786]=0
Tue Mar 21 15:37:29 2023:DEBUG:setData: Setting CFC113_emissions[1787]=0
Tue Mar 21 15:37:29 2023:DEBUG:setData: Setting CFC113_emissions[1788]=0
Tue Mar 21 15:37:29 2023:DEBUG:setData: Setting CFC113_emissions[1789]=0
Tue Mar 21 15:37:29 2023:DEBUG:setData: Setting CFC113_emissions[1790]=0
Tue Mar 21 15:37:29 2023:DEBUG:setData: Setting CFC113_emissions[1791]=0
Tue Mar 21 15:37:29 2023:DEBUG:setData: Setting CFC113_emissions[1792]=0
Tue Mar 21 15:37:29 2023:DEBUG:setData: Setting CFC113_emissions[1793]=0
Tue Mar 21 15:37:29 2023:DEBUG:setData: Setting CFC113_emissions[1794]=0
Tue Mar 21 15:37:29 2023:DEBUG:setData: Setting CFC113_emissions[1795]=0
Tue Mar 21 15:37:29 2023:DEBUG:setData: Setting CFC113_emissions[1796]=0
Tue Mar 21 15:37:29 2023:DEBUG:setData: Setting CFC113_emissions[1797]=0
Tue Mar 21 15:37:29 2023:DEBUG:setData: Setting CFC113_emissions[1798]=0
Tue Mar 21 15:37:29 2023:DEBUG:setData: Setting CFC113_emissions[1799]=0
Tue Mar 21 15:37:29 2023:DEBUG:setData: Setting CFC113_emissions[1800]=0
Tue Mar 21 15:37:29 2023:DEBUG:setData: Setting CFC113_emissions[1801]=0
Tue Mar 21 15:37:29 2023:DEBUG:setData: Setting CFC113_emissions[1802]=0
Tue Mar 21 15:37:29 2023:DEBUG:setData: Setting CFC113_emissions[1803]=0
Tue Mar 21 15:37:29 2023:DEBUG:setData: Setting CFC113_emissions[1804]=0
Tue Mar 21 15:37:29 2023:DEBUG:setData: Setting CFC113_emissions[1805]=0
Tue Mar 21 15:37:29 2023:DEBUG:setData: Setting CFC113_emissions[1806]=0
Tue Mar 21 15:37:29 2023:DEBUG:setData: Setting CFC113_emissions[1807]=0
Tue Mar 21 15:37:29 2023:DEBUG:setData: Setting CFC113_emissions[1808]=0
Tue Mar 21 15:37:29 2023:DEBUG:setData: Setting CFC113_emissions[1809]=0
Tue Mar 21 15:37:29 2023:DEBUG:setData: Setting CFC113_emissions[1810]=0
Tue Mar 21 15:37:29 2023:DEBUG:setData: Setting CFC113_emissions[1811]=0
Tue Mar 21 15:37:29 2023:DEBUG:setData: Setting CFC113_emissions[1812]=0
Tue Mar 21 15:37:29 2023:DEBUG:setData: Setting CFC113_emissions[1813]=0
Tue Mar 21 15:37:29 2023:DEBUG:setData: Setting CFC113_emissions[1814]=0
Tue Mar 21 15:37:29 2023:DEBUG:setData: Setting CFC113_emissions[1815]=0
Tue Mar 21 15:37:29 2023:DEBUG:setData: Setting CFC113_emissions[1816]=0
Tue Mar 21 15:37:29 2023:DEBUG:setData: Setting CFC113_emissions[1817]=0
Tue Mar 21 15:37:29 2023:DEBUG:setData: Setting CFC113_emissions[1818]=0
Tue Mar 21 15:37:29 2023:DEBUG:setData: Setting CFC113_emissions[1819]=0
Tue Mar 21 15:37:29 2023:DEBUG:setData: Setting CFC113_emissions[1820]=0
Tue Mar 21 15:37:29 2023:DEBUG:setData: Setting CFC113_emissions[1821]=0
Tue Mar 21 15:37:29 2023:DEBUG:setData: Setting CFC113_emissions[1822]=0
Tue Mar 21 15:37:29 2023:DEBUG:setData: Setting CFC113_emissions[1823]=0
Tue Mar 21 15:37:29 2023:DEBUG:setData: Setting CFC113_emissions[1824]=0
Tue Mar 21 15:37:29 2023:DEBUG:setData: Setting CFC113_emissions[1825]=0
Tue Mar 21 15:37:29 2023:DEBUG:setData: Setting CFC113_emissions[1826]=0
Tue Mar 21 15:37:29 2023:DEBUG:setData: Setting CFC113_emissions[1827]=0
Tue Mar 21 15:37:29 2023:DEBUG:setData: Setting CFC113_emissions[1828]=0
Tue Mar 21 15:37:29 2023:DEBUG:setData: Setting CFC113_emissions[1829]=0
Tue Mar 21 15:37:29 2023:DEBUG:setData: Setting CFC113_emissions[1830]=0
Tue Mar 21 15:37:29 2023:DEBUG:setData: Setting CFC113_emissions[1831]=0
Tue Mar 21 15:37:29 2023:DEBUG:setData: Setting CFC113_emissions[1832]=0
Tue Mar 21 15:37:29 2023:DEBUG:setData: Setting CFC113_emissions[1833]=0
Tue Mar 21 15:37:29 2023:DEBUG:setData: Setting CFC113_emissions[1834]=0
Tue Mar 21 15:37:29 2023:DEBUG:setData: Setting CFC113_emissions[1835]=0
Tue Mar 21 15:37:29 2023:DEBUG:setData: Setting CFC113_emissions[1836]=0
Tue Mar 21 15:37:29 2023:DEBUG:setData: Setting CFC113_emissions[1837]=0
Tue Mar 21 15:37:29 2023:DEBUG:setData: Setting CFC113_emissions[1838]=0
Tue Mar 21 15:37:29 2023:DEBUG:setData: Setting CFC113_emissions[1839]=0
Tue Mar 21 15:37:29 2023:DEBUG:setData: Setting CFC113_emissions[1840]=0
Tue Mar 21 15:37:29 2023:DEBUG:setData: Setting CFC113_emissions[1841]=0
Tue Mar 21 15:37:29 2023:DEBUG:setData: Setting CFC113_emissions[1842]=0
Tue Mar 21 15:37:29 2023:DEBUG:setData: Setting CFC113_emissions[1843]=0
Tue Mar 21 15:37:29 2023:DEBUG:setData: Setting CFC113_emissions[1844]=0
Tue Mar 21 15:37:29 2023:DEBUG:setData: Setting CFC113_emissions[1845]=0
Tue Mar 21 15:37:29 2023:DEBUG:setData: Setting CFC113_emissions[1846]=0
Tue Mar 21 15:37:29 2023:DEBUG:setData: Setting CFC113_emissions[1847]=0
Tue Mar 21 15:37:29 2023:DEBUG:setData: Setting CFC113_emissions[1848]=0
Tue Mar 21 15:37:29 2023:DEBUG:setData: Setting CFC113_emissions[1849]=0
Tue Mar 21 15:37:29 2023:DEBUG:setData: Setting CFC113_emissions[1850]=0
Tue Mar 21 15:37:29 2023:DEBUG:setData: Setting CFC113_emissions[1851]=0
Tue Mar 21 15:37:29 2023:DEBUG:setData: Setting CFC113_emissions[1852]=0
Tue Mar 21 15:37:29 2023:DEBUG:setData: Setting CFC113_emissions[1853]=0
Tue Mar 21 15:37:29 2023:DEBUG:setData: Setting CFC113_emissions[1854]=0
Tue Mar 21 15:37:29 2023:DEBUG:setData: Setting CFC113_emissions[1855]=0
Tue Mar 21 15:37:29 2023:DEBUG:setData: Setting CFC113_emissions[1856]=0
Tue Mar 21 15:37:29 2023:DEBUG:setData: Setting CFC113_emissions[1857]=0
Tue Mar 21 15:37:29 2023:DEBUG:setData: Setting CFC113_emissions[1858]=0
Tue Mar 21 15:37:29 2023:DEBUG:setData: Setting CFC113_emissions[1859]=0
Tue Mar 21 15:37:29 2023:DEBUG:setData: Setting CFC113_emissions[1860]=0
Tue Mar 21 15:37:29 2023:DEBUG:setData: Setting CFC113_emissions[1861]=0
Tue Mar 21 15:37:29 2023:DEBUG:setData: Setting CFC113_emissions[1862]=0
Tue Mar 21 15:37:29 2023:DEBUG:setData: Setting CFC113_emissions[1863]=0
Tue Mar 21 15:37:29 2023:DEBUG:setData: Setting CFC113_emissions[1864]=0
Tue Mar 21 15:37:29 2023:DEBUG:setData: Setting CFC113_emissions[1865]=0
Tue Mar 21 15:37:29 2023:DEBUG:setData: Setting CFC113_emissions[1866]=0
Tue Mar 21 15:37:29 2023:DEBUG:setData: Setting CFC113_emissions[1867]=0
Tue Mar 21 15:37:29 2023:DEBUG:setData: Setting CFC113_emissions[1868]=0
Tue Mar 21 15:37:29 2023:DEBUG:setData: Setting CFC113_emissions[1869]=0
Tue Mar 21 15:37:29 2023:DEBUG:setData: Setting CFC113_emissions[1870]=0
Tue Mar 21 15:37:29 2023:DEBUG:setData: Setting CFC113_emissions[1871]=0
Tue Mar 21 15:37:29 2023:DEBUG:setData: Setting CFC113_emissions[1872]=0
Tue Mar 21 15:37:29 2023:DEBUG:setData: Setting CFC113_emissions[1873]=0
Tue Mar 21 15:37:29 2023:DEBUG:setData: Setting CFC113_emissions[1874]=0
Tue Mar 21 15:37:29 2023:DEBUG:setData: Setting CFC113_emissions[1875]=0
Tue Mar 21 15:37:29 2023:DEBUG:setData: Setting CFC113_emissions[1876]=0
Tue Mar 21 15:37:29 2023:DEBUG:setData: Setting CFC113_emissions[1877]=0
Tue Mar 21 15:37:29 2023:DEBUG:setData: Setting CFC113_emissions[1878]=0
Tue Mar 21 15:37:29 2023:DEBUG:setData: Setting CFC113_emissions[1879]=0
Tue Mar 21 15:37:29 2023:DEBUG:setData: Setting CFC113_emissions[1880]=0
Tue Mar 21 15:37:29 2023:DEBUG:setData: Setting CFC113_emissions[1881]=0
Tue Mar 21 15:37:29 2023:DEBUG:setData: Setting CFC113_emissions[1882]=0
Tue Mar 21 15:37:29 2023:DEBUG:setData: Setting CFC113_emissions[1883]=0
Tue Mar 21 15:37:29 2023:DEBUG:setData: Setting CFC113_emissions[1884]=0
Tue Mar 21 15:37:29 2023:DEBUG:setData: Setting CFC113_emissions[1885]=0
Tue Mar 21 15:37:29 2023:DEBUG:setData: Setting CFC113_emissions[1886]=0
Tue Mar 21 15:37:29 2023:DEBUG:setData: Setting CFC113_emissions[1887]=0
Tue Mar 21 15:37:29 2023:DEBUG:setData: Setting CFC113_emissions[1888]=0
Tue Mar 21 15:37:29 2023:DEBUG:setData: Setting CFC113_emissions[1889]=0
Tue Mar 21 15:37:29 2023:DEBUG:setData: Setting CFC113_emissions[1890]=0
Tue Mar 21 15:37:29 2023:DEBUG:setData: Setting CFC113_emissions[1891]=0
Tue Mar 21 15:37:29 2023:DEBUG:setData: Setting CFC113_emissions[1892]=0
Tue Mar 21 15:37:29 2023:DEBUG:setData: Setting CFC113_emissions[1893]=0
Tue Mar 21 15:37:29 2023:DEBUG:setData: Setting CFC113_emissions[1894]=0
Tue Mar 21 15:37:29 2023:DEBUG:setData: Setting CFC113_emissions[1895]=0
Tue Mar 21 15:37:29 2023:DEBUG:setData: Setting CFC113_emissions[1896]=0
Tue Mar 21 15:37:29 2023:DEBUG:setData: Setting CFC113_emissions[1897]=0
Tue Mar 21 15:37:29 2023:DEBUG:setData: Setting CFC113_emissions[1898]=0
Tue Mar 21 15:37:29 2023:DEBUG:setData: Setting CFC113_emissions[1899]=0
Tue Mar 21 15:37:29 2023:DEBUG:setData: Setting CFC113_emissions[1900]=0
Tue Mar 21 15:37:29 2023:DEBUG:setData: Setting CFC113_emissions[1901]=0
Tue Mar 21 15:37:29 2023:DEBUG:setData: Setting CFC113_emissions[1902]=0
Tue Mar 21 15:37:29 2023:DEBUG:setData: Setting CFC113_emissions[1903]=0
Tue Mar 21 15:37:29 2023:DEBUG:setData: Setting CFC113_emissions[1904]=0
Tue Mar 21 15:37:29 2023:DEBUG:setData: Setting CFC113_emissions[1905]=0
Tue Mar 21 15:37:29 2023:DEBUG:setData: Setting CFC113_emissions[1906]=0
Tue Mar 21 15:37:29 2023:DEBUG:setData: Setting CFC113_emissions[1907]=0
Tue Mar 21 15:37:29 2023:DEBUG:setData: Setting CFC113_emissions[1908]=0
Tue Mar 21 15:37:29 2023:DEBUG:setData: Setting CFC113_emissions[1909]=0
Tue Mar 21 15:37:29 2023:DEBUG:setData: Setting CFC113_emissions[1910]=0
Tue Mar 21 15:37:29 2023:DEBUG:setData: Setting CFC113_emissions[1911]=0
Tue Mar 21 15:37:29 2023:DEBUG:setData: Setting CFC113_emissions[1912]=0
Tue Mar 21 15:37:29 2023:DEBUG:setData: Setting CFC113_emissions[1913]=0
Tue Mar 21 15:37:29 2023:DEBUG:setData: Setting CFC113_emissions[1914]=0
Tue Mar 21 15:37:29 2023:DEBUG:setData: Setting CFC113_emissions[1915]=0
Tue Mar 21 15:37:29 2023:DEBUG:setData: Setting CFC113_emissions[1916]=0
Tue Mar 21 15:37:29 2023:DEBUG:setData: Setting CFC113_emissions[1917]=0
Tue Mar 21 15:37:29 2023:DEBUG:setData: Setting CFC113_emissions[1918]=0
Tue Mar 21 15:37:29 2023:DEBUG:setData: Setting CFC113_emissions[1919]=0
Tue Mar 21 15:37:29 2023:DEBUG:setData: Setting CFC113_emissions[1920]=0
Tue Mar 21 15:37:29 2023:DEBUG:setData: Setting CFC113_emissions[1921]=0
Tue Mar 21 15:37:29 2023:DEBUG:setData: Setting CFC113_emissions[1922]=0
Tue Mar 21 15:37:29 2023:DEBUG:setData: Setting CFC113_emissions[1923]=0
Tue Mar 21 15:37:29 2023:DEBUG:setData: Setting CFC113_emissions[1924]=0
Tue Mar 21 15:37:29 2023:DEBUG:setData: Setting CFC113_emissions[1925]=0
Tue Mar 21 15:37:29 2023:DEBUG:setData: Setting CFC113_emissions[1926]=0
Tue Mar 21 15:37:29 2023:DEBUG:setData: Setting CFC113_emissions[1927]=0
Tue Mar 21 15:37:29 2023:DEBUG:setData: Setting CFC113_emissions[1928]=0.020814729
Tue Mar 21 15:37:29 2023:DEBUG:setData: Setting CFC113_emissions[1929]=0.33502494
Tue Mar 21 15:37:29 2023:DEBUG:setData: Setting CFC113_emissions[1930]=1.1701026
Tue Mar 21 15:37:29 2023:DEBUG:setData: Setting CFC113_emissions[1931]=1.6600329
Tue Mar 21 15:37:29 2023:DEBUG:setData: Setting CFC113_emissions[1932]=1.6167368
Tue Mar 21 15:37:29 2023:DEBUG:setData: Setting CFC113_emissions[1933]=1.6336582
Tue Mar 21 15:37:29 2023:DEBUG:setData: Setting CFC113_emissions[1934]=1.6505883
Tue Mar 21 15:37:29 2023:DEBUG:setData: Setting CFC113_emissions[1935]=1.6675173
Tue Mar 21 15:37:29 2023:DEBUG:setData: Setting CFC113_emissions[1936]=1.6844464
Tue Mar 21 15:37:29 2023:DEBUG:setData: Setting CFC113_emissions[1937]=1.7013755
Tue Mar 21 15:37:29 2023:DEBUG:setData: Setting CFC113_emissions[1938]=1.7183047
Tue Mar 21 15:37:29 2023:DEBUG:setData: Setting CFC113_emissions[1939]=1.7352338
Tue Mar 21 15:37:29 2023:DEBUG:setData: Setting CFC113_emissions[1940]=1.7521629
Tue Mar 21 15:37:29 2023:DEBUG:setData: Setting CFC113_emissions[1941]=1.769092
Tue Mar 21 15:37:29 2023:DEBUG:setData: Setting CFC113_emissions[1942]=1.7860212
Tue Mar 21 15:37:29 2023:DEBUG:setData: Setting CFC113_emissions[1943]=1.8029502
Tue Mar 21 15:37:29 2023:DEBUG:setData: Setting CFC113_emissions[1944]=1.8198794
Tue Mar 21 15:37:29 2023:DEBUG:setData: Setting CFC113_emissions[1945]=1.8368084
Tue Mar 21 15:37:29 2023:DEBUG:setData: Setting CFC113_emissions[1946]=1.8537378
Tue Mar 21 15:37:29 2023:DEBUG:setData: Setting CFC113_emissions[1947]=1.8706665
Tue Mar 21 15:37:29 2023:DEBUG:setData: Setting CFC113_emissions[1948]=1.8875961
Tue Mar 21 15:37:29 2023:DEBUG:setData: Setting CFC113_emissions[1949]=1.8955033
Tue Mar 21 15:37:29 2023:DEBUG:setData: Setting CFC113_emissions[1950]=1.9897329
Tue Mar 21 15:37:29 2023:DEBUG:setData: Setting CFC113_emissions[1951]=2.1685287
Tue Mar 21 15:37:29 2023:DEBUG:setData: Setting CFC113_emissions[1952]=2.4120426
Tue Mar 21 15:37:29 2023:DEBUG:setData: Setting CFC113_emissions[1953]=2.8478934
Tue Mar 21 15:37:29 2023:DEBUG:setData: Setting CFC113_emissions[1954]=3.2763156
Tue Mar 21 15:37:29 2023:DEBUG:setData: Setting CFC113_emissions[1955]=3.6788015
Tue Mar 21 15:37:29 2023:DEBUG:setData: Setting CFC113_emissions[1956]=4.2759912
Tue Mar 21 15:37:29 2023:DEBUG:setData: Setting CFC113_emissions[1957]=4.9612019
Tue Mar 21 15:37:29 2023:DEBUG:setData: Setting CFC113_emissions[1958]=5.6330503
Tue Mar 21 15:37:29 2023:DEBUG:setData: Setting CFC113_emissions[1959]=6.3880226
Tue Mar 21 15:37:29 2023:DEBUG:setData: Setting CFC113_emissions[1960]=7.3201718
Tue Mar 21 15:37:29 2023:DEBUG:setData: Setting CFC113_emissions[1961]=8.4287849
Tue Mar 21 15:37:29 2023:DEBUG:setData: Setting CFC113_emissions[1962]=9.6127678
Tue Mar 21 15:37:29 2023:DEBUG:setData: Setting CFC113_emissions[1963]=10.949721
Tue Mar 21 15:37:29 2023:DEBUG:setData: Setting CFC113_emissions[1964]=12.657214
Tue Mar 21 15:37:29 2023:DEBUG:setData: Setting CFC113_emissions[1965]=14.528257
Tue Mar 21 15:37:29 2023:DEBUG:setData: Setting CFC113_emissions[1966]=16.547774
Tue Mar 21 15:37:29 2023:DEBUG:setData: Setting CFC113_emissions[1967]=18.918172
Tue Mar 21 15:37:29 2023:DEBUG:setData: Setting CFC113_emissions[1968]=21.713594
Tue Mar 21 15:37:29 2023:DEBUG:setData: Setting CFC113_emissions[1969]=24.938178
Tue Mar 21 15:37:29 2023:DEBUG:setData: Setting CFC113_emissions[1970]=28.576904
Tue Mar 21 15:37:29 2023:DEBUG:setData: Setting CFC113_emissions[1971]=32.729139
Tue Mar 21 15:37:29 2023:DEBUG:setData: Setting CFC113_emissions[1972]=37.465523
Tue Mar 21 15:37:29 2023:DEBUG:setData: Setting CFC113_emissions[1973]=42.979262
Tue Mar 21 15:37:29 2023:DEBUG:setData: Setting CFC113_emissions[1974]=49.247959
Tue Mar 21 15:37:29 2023:DEBUG:setData: Setting CFC113_emissions[1975]=57.565811
Tue Mar 21 15:37:29 2023:DEBUG:setData: Setting CFC113_emissions[1976]=57.24638
Tue Mar 21 15:37:29 2023:DEBUG:setData: Setting CFC113_emissions[1977]=55.875241
Tue Mar 21 15:37:29 2023:DEBUG:setData: Setting CFC113_emissions[1978]=72.245349
Tue Mar 21 15:37:29 2023:DEBUG:setData: Setting CFC113_emissions[1979]=94.634628
Tue Mar 21 15:37:29 2023:DEBUG:setData: Setting CFC113_emissions[1980]=120.23426
Tue Mar 21 15:37:29 2023:DEBUG:setData: Setting CFC113_emissions[1981]=128.45086
Tue Mar 21 15:37:29 2023:DEBUG:setData: Setting CFC113_emissions[1982]=128.57689
Tue Mar 21 15:37:29 2023:DEBUG:setData: Setting CFC113_emissions[1983]=150.74703
Tue Mar 21 15:37:29 2023:DEBUG:setData: Setting CFC113_emissions[1984]=167.86607
Tue Mar 21 15:37:29 2023:DEBUG:setData: Setting CFC113_emissions[1985]=191.20489
Tue Mar 21 15:37:29 2023:DEBUG:setData: Setting CFC113_emissions[1986]=226.48099
Tue Mar 21 15:37:29 2023:DEBUG:setData: Setting CFC113_emissions[1987]=234.71551
Tue Mar 21 15:37:29 2023:DEBUG:setData: Setting CFC113_emissions[1988]=225.34631
Tue Mar 21 15:37:29 2023:DEBUG:setData: Setting CFC113_emissions[1989]=212.83728
Tue Mar 21 15:37:29 2023:DEBUG:setData: Setting CFC113_emissions[1990]=176.8456
Tue Mar 21 15:37:29 2023:DEBUG:setData: Setting CFC113_emissions[1991]=120.64491
Tue Mar 21 15:37:29 2023:DEBUG:setData: Setting CFC113_emissions[1992]=74.361852
Tue Mar 21 15:37:29 2023:DEBUG:setData: Setting CFC113_emissions[1993]=50.567396
Tue Mar 21 15:37:29 2023:DEBUG:setData: Setting CFC113_emissions[1994]=37.565451
Tue Mar 21 15:37:29 2023:DEBUG:setData: Setting CFC113_emissions[1995]=23.473127
Tue Mar 21 15:37:29 2023:DEBUG:setData: Setting CFC113_emissions[1996]=13.005309
Tue Mar 21 15:37:29 2023:DEBUG:setData: Setting CFC113_emissions[1997]=10.398164
Tue Mar 21 15:37:29 2023:DEBUG:setData: Setting CFC113_emissions[1998]=12.992477
Tue Mar 21 15:37:29 2023:DEBUG:setData: Setting CFC113_emissions[1999]=14.054175
Tue Mar 21 15:37:29 2023:DEBUG:setData: Setting CFC113_emissions[2000]=9.4043884
Tue Mar 21 15:37:29 2023:DEBUG:setData: Setting CFC113_emissions[2001]=5.9590471
Tue Mar 21 15:37:29 2023:DEBUG:setData: Setting CFC113_emissions[2002]=3.1513602
Tue Mar 21 15:37:29 2023:DEBUG:setData: Setting CFC113_emissions[2003]=5.7693016
Tue Mar 21 15:37:29 2023:DEBUG:setData: Setting CFC113_emissions[2004]=9.216749
Tue Mar 21 15:37:29 2023:DEBUG:setData: Setting CFC113_emissions[2005]=4.6297025
Tue Mar 21 15:37:29 2023:DEBUG:setData: Setting CFC113_emissions[2006]=0.6450641
Tue Mar 21 15:37:29 2023:DEBUG:setData: Setting CFC113_emissions[2007]=4.5089203
Tue Mar 21 15:37:29 2023:DEBUG:setData: Setting CFC113_emissions[2008]=8.3395339
Tue Mar 21 15:37:29 2023:DEBUG:setData: Setting CFC113_emissions[2009]=5.7877004
Tue Mar 21 15:37:29 2023:DEBUG:setData: Setting CFC113_emissions[2010]=4.4070317
Tue Mar 21 15:37:29 2023:DEBUG:setData: Setting CFC113_emissions[2011]=4.6237938
Tue Mar 21 15:37:29 2023:DEBUG:setData: Setting CFC113_emissions[2012]=5.4529267
Tue Mar 21 15:37:29 2023:DEBUG:setData: Setting CFC113_emissions[2013]=6.5167934
Tue Mar 21 15:37:29 2023:DEBUG:setData: Setting CFC113_emissions[2014]=2.8024
Tue Mar 21 15:37:29 2023:DEBUG:setData: Setting CFC113_emissions[2015]=0.8742
Tue Mar 21 15:37:29 2023:DEBUG:setData: Setting CFC113_emissions[2016]=0.78156
Tue Mar 21 15:37:29 2023:DEBUG:setData: Setting CFC113_emissions[2017]=0.68892
Tue Mar 21 15:37:29 2023:DEBUG:setData: Setting CFC113_emissions[2018]=0.59628
Tue Mar 21 15:37:29 2023:DEBUG:setData: Setting CFC113_emissions[2019]=0.50364
Tue Mar 21 15:37:29 2023:DEBUG:setData: Setting CFC113_emissions[2020]=0.411
Tue Mar 21 15:37:29 2023:DEBUG:setData: Setting CFC113_emissions[2021]=0.37899
Tue Mar 21 15:37:29 2023:DEBUG:setData: Setting CFC113_emissions[2022]=0.34698
Tue Mar 21 15:37:29 2023:DEBUG:setData: Setting CFC113_emissions[2023]=0.31497
Tue Mar 21 15:37:29 2023:DEBUG:setData: Setting CFC113_emissions[2024]=0.28296
Tue Mar 21 15:37:29 2023:DEBUG:setData: Setting CFC113_emissions[2025]=0.25095
Tue Mar 21 15:37:29 2023:DEBUG:setData: Setting CFC113_emissions[2026]=0.21894
Tue Mar 21 15:37:29 2023:DEBUG:setData: Setting CFC113_emissions[2027]=0.18693
Tue Mar 21 15:37:29 2023:DEBUG:setData: Setting CFC113_emissions[2028]=0.15492
Tue Mar 21 15:37:29 2023:DEBUG:setData: Setting CFC113_emissions[2029]=0.12291
Tue Mar 21 15:37:29 2023:DEBUG:setData: Setting CFC113_emissions[2030]=0.0909
Tue Mar 21 15:37:29 2023:DEBUG:setData: Setting CFC113_emissions[2031]=0.08382
Tue Mar 21 15:37:29 2023:DEBUG:setData: Setting CFC113_emissions[2032]=0.07674
Tue Mar 21 15:37:29 2023:DEBUG:setData: Setting CFC113_emissions[2033]=0.06966
Tue Mar 21 15:37:29 2023:DEBUG:setData: Setting CFC113_emissions[2034]=0.06258
Tue Mar 21 15:37:29 2023:DEBUG:setData: Setting CFC113_emissions[2035]=0.0555
Tue Mar 21 15:37:29 2023:DEBUG:setData: Setting CFC113_emissions[2036]=0.04842
Tue Mar 21 15:37:29 2023:DEBUG:setData: Setting CFC113_emissions[2037]=0.04134
Tue Mar 21 15:37:29 2023:DEBUG:setData: Setting CFC113_emissions[2038]=0.03426
Tue Mar 21 15:37:29 2023:DEBUG:setData: Setting CFC113_emissions[2039]=0.02718
Tue Mar 21 15:37:29 2023:DEBUG:setData: Setting CFC113_emissions[2040]=0.0201
Tue Mar 21 15:37:29 2023:DEBUG:setData: Setting CFC113_emissions[2041]=0.01853
Tue Mar 21 15:37:29 2023:DEBUG:setData: Setting CFC113_emissions[2042]=0.01696
Tue Mar 21 15:37:29 2023:DEBUG:setData: Setting CFC113_emissions[2043]=0.01539
Tue Mar 21 15:37:29 2023:DEBUG:setData: Setting CFC113_emissions[2044]=0.01382
Tue Mar 21 15:37:29 2023:DEBUG:setData: Setting CFC113_emissions[2045]=0.01225
Tue Mar 21 15:37:29 2023:DEBUG:setData: Setting CFC113_emissions[2046]=0.01068
Tue Mar 21 15:37:29 2023:DEBUG:setData: Setting CFC113_emissions[2047]=0.00911
Tue Mar 21 15:37:29 2023:DEBUG:setData: Setting CFC113_emissions[2048]=0.00754
Tue Mar 21 15:37:29 2023:DEBUG:setData: Setting CFC113_emissions[2049]=0.00597
Tue Mar 21 15:37:29 2023:DEBUG:setData: Setting CFC113_emissions[2050]=0.0044
Tue Mar 21 15:37:29 2023:DEBUG:setData: Setting CFC113_emissions[2051]=0.00406
Tue Mar 21 15:37:29 2023:DEBUG:setData: Setting CFC113_emissions[2052]=0.00372
Tue Mar 21 15:37:29 2023:DEBUG:setData: Setting CFC113_emissions[2053]=0.00338
Tue Mar 21 15:37:29 2023:DEBUG:setData: Setting CFC113_emissions[2054]=0.00304
Tue Mar 21 15:37:29 2023:DEBUG:setData: Setting CFC113_emissions[2055]=0.0027
Tue Mar 21 15:37:29 2023:DEBUG:setData: Setting CFC113_emissions[2056]=0.00236
Tue Mar 21 15:37:29 2023:DEBUG:setData: Setting CFC113_emissions[2057]=0.00202
Tue Mar 21 15:37:29 2023:DEBUG:setData: Setting CFC113_emissions[2058]=0.00168
Tue Mar 21 15:37:29 2023:DEBUG:setData: Setting CFC113_emissions[2059]=0.00134
Tue Mar 21 15:37:29 2023:DEBUG:setData: Setting CFC113_emissions[2060]=0.001
Tue Mar 21 15:37:29 2023:DEBUG:setData: Setting CFC113_emissions[2061]=0.00092
Tue Mar 21 15:37:29 2023:DEBUG:setData: Setting CFC113_emissions[2062]=0.00084
Tue Mar 21 15:37:29 2023:DEBUG:setData: Setting CFC113_emissions[2063]=0.00076
Tue Mar 21 15:37:29 2023:DEBUG:setData: Setting CFC113_emissions[2064]=0.00068
Tue Mar 21 15:37:29 2023:DEBUG:setData: Setting CFC113_emissions[2065]=0.0006
Tue Mar 21 15:37:29 2023:DEBUG:setData: Setting CFC113_emissions[2066]=0.00052
Tue Mar 21 15:37:29 2023:DEBUG:setData: Setting CFC113_emissions[2067]=0.00044
Tue Mar 21 15:37:29 2023:DEBUG:setData: Setting CFC113_emissions[2068]=0.00036
Tue Mar 21 15:37:29 2023:DEBUG:setData: Setting CFC113_emissions[2069]=0.00028
Tue Mar 21 15:37:29 2023:DEBUG:setData: Setting CFC113_emissions[2070]=0.0002
Tue Mar 21 15:37:29 2023:DEBUG:setData: Setting CFC113_emissions[2071]=0.00018
Tue Mar 21 15:37:29 2023:DEBUG:setData: Setting CFC113_emissions[2072]=0.00016
Tue Mar 21 15:37:29 2023:DEBUG:setData: Setting CFC113_emissions[2073]=0.00014
Tue Mar 21 15:37:29 2023:DEBUG:setData: Setting CFC113_emissions[2074]=0.00012
Tue Mar 21 15:37:29 2023:DEBUG:setData: Setting CFC113_emissions[2075]=0.0001
Tue Mar 21 15:37:29 2023:DEBUG:setData: Setting CFC113_emissions[2076]=0.00008
Tue Mar 21 15:37:29 2023:DEBUG:setData: Setting CFC113_emissions[2077]=0.00006
Tue Mar 21 15:37:29 2023:DEBUG:setData: Setting CFC113_emissions[2078]=0.00004
Tue Mar 21 15:37:29 2023:DEBUG:setData: Setting CFC113_emissions[2079]=0.00002
Tue Mar 21 15:37:29 2023:DEBUG:setData: Setting CFC113_emissions[2080]=0
Tue Mar 21 15:37:29 2023:DEBUG:setData: Setting CFC113_emissions[2081]=0
Tue Mar 21 15:37:29 2023:DEBUG:setData: Setting CFC113_emissions[2082]=0
Tue Mar 21 15:37:29 2023:DEBUG:setData: Setting CFC113_emissions[2083]=0
Tue Mar 21 15:37:29 2023:DEBUG:setData: Setting CFC113_emissions[2084]=0
Tue Mar 21 15:37:29 2023:DEBUG:setData: Setting CFC113_emissions[2085]=0
Tue Mar 21 15:37:29 2023:DEBUG:setData: Setting CFC113_emissions[2086]=0
Tue Mar 21 15:37:29 2023:DEBUG:setData: Setting CFC113_emissions[2087]=0
Tue Mar 21 15:37:29 2023:DEBUG:setData: Setting CFC113_emissions[2088]=0
Tue Mar 21 15:37:29 2023:DEBUG:setData: Setting CFC113_emissions[2089]=0
Tue Mar 21 15:37:29 2023:DEBUG:setData: Setting CFC113_emissions[2090]=0
Tue Mar 21 15:37:29 2023:DEBUG:setData: Setting CFC113_emissions[2091]=0
Tue Mar 21 15:37:29 2023:DEBUG:setData: Setting CFC113_emissions[2092]=0
Tue Mar 21 15:37:29 2023:DEBUG:setData: Setting CFC113_emissions[2093]=0
Tue Mar 21 15:37:29 2023:DEBUG:setData: Setting CFC113_emissions[2094]=0
Tue Mar 21 15:37:29 2023:DEBUG:setData: Setting CFC113_emissions[2095]=0
Tue Mar 21 15:37:29 2023:DEBUG:setData: Setting CFC113_emissions[2096]=0
Tue Mar 21 15:37:29 2023:DEBUG:setData: Setting CFC113_emissions[2097]=0
Tue Mar 21 15:37:29 2023:DEBUG:setData: Setting CFC113_emissions[2098]=0
Tue Mar 21 15:37:29 2023:DEBUG:setData: Setting CFC113_emissions[2099]=0
Tue Mar 21 15:37:29 2023:DEBUG:setData: Setting CFC113_emissions[2100]=0
Tue Mar 21 15:37:29 2023:DEBUG:setData: Setting CFC113_emissions[2101]=0
Tue Mar 21 15:37:29 2023:DEBUG:setData: Setting CFC113_emissions[2102]=0
Tue Mar 21 15:37:29 2023:DEBUG:setData: Setting CFC113_emissions[2103]=0
Tue Mar 21 15:37:29 2023:DEBUG:setData: Setting CFC113_emissions[2104]=0
Tue Mar 21 15:37:29 2023:DEBUG:setData: Setting CFC113_emissions[2105]=0
Tue Mar 21 15:37:29 2023:DEBUG:setData: Setting CFC113_emissions[2106]=0
Tue Mar 21 15:37:29 2023:DEBUG:setData: Setting CFC113_emissions[2107]=0
Tue Mar 21 15:37:29 2023:DEBUG:setData: Setting CFC113_emissions[2108]=0
Tue Mar 21 15:37:29 2023:DEBUG:setData: Setting CFC113_emissions[2109]=0
Tue Mar 21 15:37:29 2023:DEBUG:setData: Setting CFC113_emissions[2110]=0
Tue Mar 21 15:37:29 2023:DEBUG:setData: Setting CFC113_emissions[2111]=0
Tue Mar 21 15:37:29 2023:DEBUG:setData: Setting CFC113_emissions[2112]=0
Tue Mar 21 15:37:29 2023:DEBUG:setData: Setting CFC113_emissions[2113]=0
Tue Mar 21 15:37:29 2023:DEBUG:setData: Setting CFC113_emissions[2114]=0
Tue Mar 21 15:37:29 2023:DEBUG:setData: Setting CFC113_emissions[2115]=0
Tue Mar 21 15:37:29 2023:DEBUG:setData: Setting CFC113_emissions[2116]=0
Tue Mar 21 15:37:29 2023:DEBUG:setData: Setting CFC113_emissions[2117]=0
Tue Mar 21 15:37:29 2023:DEBUG:setData: Setting CFC113_emissions[2118]=0
Tue Mar 21 15:37:29 2023:DEBUG:setData: Setting CFC113_emissions[2119]=0
Tue Mar 21 15:37:29 2023:DEBUG:setData: Setting CFC113_emissions[2120]=0
Tue Mar 21 15:37:29 2023:DEBUG:setData: Setting CFC113_emissions[2121]=0
Tue Mar 21 15:37:29 2023:DEBUG:setData: Setting CFC113_emissions[2122]=0
Tue Mar 21 15:37:29 2023:DEBUG:setData: Setting CFC113_emissions[2123]=0
Tue Mar 21 15:37:29 2023:DEBUG:setData: Setting CFC113_emissions[2124]=0
Tue Mar 21 15:37:29 2023:DEBUG:setData: Setting CFC113_emissions[2125]=0
Tue Mar 21 15:37:29 2023:DEBUG:setData: Setting CFC113_emissions[2126]=0
Tue Mar 21 15:37:29 2023:DEBUG:setData: Setting CFC113_emissions[2127]=0
Tue Mar 21 15:37:29 2023:DEBUG:setData: Setting CFC113_emissions[2128]=0
Tue Mar 21 15:37:29 2023:DEBUG:setData: Setting CFC113_emissions[2129]=0
Tue Mar 21 15:37:29 2023:DEBUG:setData: Setting CFC113_emissions[2130]=0
Tue Mar 21 15:37:29 2023:DEBUG:setData: Setting CFC113_emissions[2131]=0
Tue Mar 21 15:37:29 2023:DEBUG:setData: Setting CFC113_emissions[2132]=0
Tue Mar 21 15:37:29 2023:DEBUG:setData: Setting CFC113_emissions[2133]=0
Tue Mar 21 15:37:29 2023:DEBUG:setData: Setting CFC113_emissions[2134]=0
Tue Mar 21 15:37:29 2023:DEBUG:setData: Setting CFC113_emissions[2135]=0
Tue Mar 21 15:37:29 2023:DEBUG:setData: Setting CFC113_emissions[2136]=0
Tue Mar 21 15:37:29 2023:DEBUG:setData: Setting CFC113_emissions[2137]=0
Tue Mar 21 15:37:29 2023:DEBUG:setData: Setting CFC113_emissions[2138]=0
Tue Mar 21 15:37:29 2023:DEBUG:setData: Setting CFC113_emissions[2139]=0
Tue Mar 21 15:37:29 2023:DEBUG:setData: Setting CFC113_emissions[2140]=0
Tue Mar 21 15:37:29 2023:DEBUG:setData: Setting CFC113_emissions[2141]=0
Tue Mar 21 15:37:29 2023:DEBUG:setData: Setting CFC113_emissions[2142]=0
Tue Mar 21 15:37:29 2023:DEBUG:setData: Setting CFC113_emissions[2143]=0
Tue Mar 21 15:37:29 2023:DEBUG:setData: Setting CFC113_emissions[2144]=0
Tue Mar 21 15:37:29 2023:DEBUG:setData: Setting CFC113_emissions[2145]=0
Tue Mar 21 15:37:29 2023:DEBUG:setData: Setting CFC113_emissions[2146]=0
Tue Mar 21 15:37:29 2023:DEBUG:setData: Setting CFC113_emissions[2147]=0
Tue Mar 21 15:37:29 2023:DEBUG:setData: Setting CFC113_emissions[2148]=0
Tue Mar 21 15:37:29 2023:DEBUG:setData: Setting CFC113_emissions[2149]=0
Tue Mar 21 15:37:29 2023:DEBUG:setData: Setting CFC113_emissions[2150]=0
Tue Mar 21 15:37:29 2023:DEBUG:setData: Setting CFC113_emissions[2151]=0
Tue Mar 21 15:37:29 2023:DEBUG:setData: Setting CFC113_emissions[2152]=0
Tue Mar 21 15:37:29 2023:DEBUG:setData: Setting CFC113_emissions[2153]=0
Tue Mar 21 15:37:29 2023:DEBUG:setData: Setting CFC113_emissions[2154]=0
Tue Mar 21 15:37:29 2023:DEBUG:setData: Setting CFC113_emissions[2155]=0
Tue Mar 21 15:37:29 2023:DEBUG:setData: Setting CFC113_emissions[2156]=0
Tue Mar 21 15:37:29 2023:DEBUG:setData: Setting CFC113_emissions[2157]=0
Tue Mar 21 15:37:29 2023:DEBUG:setData: Setting CFC113_emissions[2158]=0
Tue Mar 21 15:37:29 2023:DEBUG:setData: Setting CFC113_emissions[2159]=0
Tue Mar 21 15:37:29 2023:DEBUG:setData: Setting CFC113_emissions[2160]=0
Tue Mar 21 15:37:29 2023:DEBUG:setData: Setting CFC113_emissions[2161]=0
Tue Mar 21 15:37:29 2023:DEBUG:setData: Setting CFC113_emissions[2162]=0
Tue Mar 21 15:37:29 2023:DEBUG:setData: Setting CFC113_emissions[2163]=0
Tue Mar 21 15:37:29 2023:DEBUG:setData: Setting CFC113_emissions[2164]=0
Tue Mar 21 15:37:29 2023:DEBUG:setData: Setting CFC113_emissions[2165]=0
Tue Mar 21 15:37:29 2023:DEBUG:setData: Setting CFC113_emissions[2166]=0
Tue Mar 21 15:37:29 2023:DEBUG:setData: Setting CFC113_emissions[2167]=0
Tue Mar 21 15:37:29 2023:DEBUG:setData: Setting CFC113_emissions[2168]=0
Tue Mar 21 15:37:29 2023:DEBUG:setData: Setting CFC113_emissions[2169]=0
Tue Mar 21 15:37:29 2023:DEBUG:setData: Setting CFC113_emissions[2170]=0
Tue Mar 21 15:37:29 2023:DEBUG:setData: Setting CFC113_emissions[2171]=0
Tue Mar 21 15:37:29 2023:DEBUG:setData: Setting CFC113_emissions[2172]=0
Tue Mar 21 15:37:29 2023:DEBUG:setData: Setting CFC113_emissions[2173]=0
Tue Mar 21 15:37:29 2023:DEBUG:setData: Setting CFC113_emissions[2174]=0
Tue Mar 21 15:37:29 2023:DEBUG:setData: Setting CFC113_emissions[2175]=0
Tue Mar 21 15:37:29 2023:DEBUG:setData: Setting CFC113_emissions[2176]=0
Tue Mar 21 15:37:29 2023:DEBUG:setData: Setting CFC113_emissions[2177]=0
Tue Mar 21 15:37:29 2023:DEBUG:setData: Setting CFC113_emissions[2178]=0
Tue Mar 21 15:37:29 2023:DEBUG:setData: Setting CFC113_emissions[2179]=0
Tue Mar 21 15:37:29 2023:DEBUG:setData: Setting CFC113_emissions[2180]=0
Tue Mar 21 15:37:29 2023:DEBUG:setData: Setting CFC113_emissions[2181]=0
Tue Mar 21 15:37:29 2023:DEBUG:setData: Setting CFC113_emissions[2182]=0
Tue Mar 21 15:37:29 2023:DEBUG:setData: Setting CFC113_emissions[2183]=0
Tue Mar 21 15:37:29 2023:DEBUG:setData: Setting CFC113_emissions[2184]=0
Tue Mar 21 15:37:29 2023:DEBUG:setData: Setting CFC113_emissions[2185]=0
Tue Mar 21 15:37:29 2023:DEBUG:setData: Setting CFC113_emissions[2186]=0
Tue Mar 21 15:37:29 2023:DEBUG:setData: Setting CFC113_emissions[2187]=0
Tue Mar 21 15:37:29 2023:DEBUG:setData: Setting CFC113_emissions[2188]=0
Tue Mar 21 15:37:29 2023:DEBUG:setData: Setting CFC113_emissions[2189]=0
Tue Mar 21 15:37:29 2023:DEBUG:setData: Setting CFC113_emissions[2190]=0
Tue Mar 21 15:37:29 2023:DEBUG:setData: Setting CFC113_emissions[2191]=0
Tue Mar 21 15:37:29 2023:DEBUG:setData: Setting CFC113_emissions[2192]=0
Tue Mar 21 15:37:29 2023:DEBUG:setData: Setting CFC113_emissions[2193]=0
Tue Mar 21 15:37:29 2023:DEBUG:setData: Setting CFC113_emissions[2194]=0
Tue Mar 21 15:37:29 2023:DEBUG:setData: Setting CFC113_emissions[2195]=0
Tue Mar 21 15:37:29 2023:DEBUG:setData: Setting CFC113_emissions[2196]=0
Tue Mar 21 15:37:29 2023:DEBUG:setData: Setting CFC113_emissions[2197]=0
Tue Mar 21 15:37:29 2023:DEBUG:setData: Setting CFC113_emissions[2198]=0
Tue Mar 21 15:37:29 2023:DEBUG:setData: Setting CFC113_emissions[2199]=0
Tue Mar 21 15:37:29 2023:DEBUG:setData: Setting CFC113_emissions[2200]=0
Tue Mar 21 15:37:29 2023:DEBUG:setData: Setting CFC113_emissions[2201]=0
Tue Mar 21 15:37:29 2023:DEBUG:setData: Setting CFC113_emissions[2202]=0
Tue Mar 21 15:37:29 2023:DEBUG:setData: Setting CFC113_emissions[2203]=0
Tue Mar 21 15:37:29 2023:DEBUG:setData: Setting CFC113_emissions[2204]=0
Tue Mar 21 15:37:29 2023:DEBUG:setData: Setting CFC113_emissions[2205]=0
Tue Mar 21 15:37:29 2023:DEBUG:setData: Setting CFC113_emissions[2206]=0
Tue Mar 21 15:37:29 2023:DEBUG:setData: Setting CFC113_emissions[2207]=0
Tue Mar 21 15:37:29 2023:DEBUG:setData: Setting CFC113_emissions[2208]=0
Tue Mar 21 15:37:29 2023:DEBUG:setData: Setting CFC113_emissions[2209]=0
Tue Mar 21 15:37:29 2023:DEBUG:setData: Setting CFC113_emissions[2210]=0
Tue Mar 21 15:37:29 2023:DEBUG:setData: Setting CFC113_emissions[2211]=0
Tue Mar 21 15:37:29 2023:DEBUG:setData: Setting CFC113_emissions[2212]=0
Tue Mar 21 15:37:29 2023:DEBUG:setData: Setting CFC113_emissions[2213]=0
Tue Mar 21 15:37:29 2023:DEBUG:setData: Setting CFC113_emissions[2214]=0
Tue Mar 21 15:37:29 2023:DEBUG:setData: Setting CFC113_emissions[2215]=0
Tue Mar 21 15:37:29 2023:DEBUG:setData: Setting CFC113_emissions[2216]=0
Tue Mar 21 15:37:29 2023:DEBUG:setData: Setting CFC113_emissions[2217]=0
Tue Mar 21 15:37:29 2023:DEBUG:setData: Setting CFC113_emissions[2218]=0
Tue Mar 21 15:37:29 2023:DEBUG:setData: Setting CFC113_emissions[2219]=0
Tue Mar 21 15:37:29 2023:DEBUG:setData: Setting CFC113_emissions[2220]=0
Tue Mar 21 15:37:29 2023:DEBUG:setData: Setting CFC113_emissions[2221]=0
Tue Mar 21 15:37:29 2023:DEBUG:setData: Setting CFC113_emissions[2222]=0
Tue Mar 21 15:37:29 2023:DEBUG:setData: Setting CFC113_emissions[2223]=0
Tue Mar 21 15:37:29 2023:DEBUG:setData: Setting CFC113_emissions[2224]=0
Tue Mar 21 15:37:29 2023:DEBUG:setData: Setting CFC113_emissions[2225]=0
Tue Mar 21 15:37:29 2023:DEBUG:setData: Setting CFC113_emissions[2226]=0
Tue Mar 21 15:37:29 2023:DEBUG:setData: Setting CFC113_emissions[2227]=0
Tue Mar 21 15:37:29 2023:DEBUG:setData: Setting CFC113_emissions[2228]=0
Tue Mar 21 15:37:29 2023:DEBUG:setData: Setting CFC113_emissions[2229]=0
Tue Mar 21 15:37:29 2023:DEBUG:setData: Setting CFC113_emissions[2230]=0
Tue Mar 21 15:37:29 2023:DEBUG:setData: Setting CFC113_emissions[2231]=0
Tue Mar 21 15:37:29 2023:DEBUG:setData: Setting CFC113_emissions[2232]=0
Tue Mar 21 15:37:29 2023:DEBUG:setData: Setting CFC113_emissions[2233]=0
Tue Mar 21 15:37:29 2023:DEBUG:setData: Setting CFC113_emissions[2234]=0
Tue Mar 21 15:37:29 2023:DEBUG:setData: Setting CFC113_emissions[2235]=0
Tue Mar 21 15:37:29 2023:DEBUG:setData: Setting CFC113_emissions[2236]=0
Tue Mar 21 15:37:29 2023:DEBUG:setData: Setting CFC113_emissions[2237]=0
Tue Mar 21 15:37:29 2023:DEBUG:setData: Setting CFC113_emissions[2238]=0
Tue Mar 21 15:37:29 2023:DEBUG:setData: Setting CFC113_emissions[2239]=0
Tue Mar 21 15:37:29 2023:DEBUG:setData: Setting CFC113_emissions[2240]=0
Tue Mar 21 15:37:29 2023:DEBUG:setData: Setting CFC113_emissions[2241]=0
Tue Mar 21 15:37:29 2023:DEBUG:setData: Setting CFC113_emissions[2242]=0
Tue Mar 21 15:37:29 2023:DEBUG:setData: Setting CFC113_emissions[2243]=0
Tue Mar 21 15:37:29 2023:DEBUG:setData: Setting CFC113_emissions[2244]=0
Tue Mar 21 15:37:29 2023:DEBUG:setData: Setting CFC113_emissions[2245]=0
Tue Mar 21 15:37:29 2023:DEBUG:setData: Setting CFC113_emissions[2246]=0
Tue Mar 21 15:37:29 2023:DEBUG:setData: Setting CFC113_emissions[2247]=0
Tue Mar 21 15:37:29 2023:DEBUG:setData: Setting CFC113_emissions[2248]=0
Tue Mar 21 15:37:29 2023:DEBUG:setData: Setting CFC113_emissions[2249]=0
Tue Mar 21 15:37:29 2023:DEBUG:setData: Setting CFC113_emissions[2250]=0
Tue Mar 21 15:37:29 2023:DEBUG:setData: Setting CFC113_emissions[2251]=0
Tue Mar 21 15:37:29 2023:DEBUG:setData: Setting CFC113_emissions[2252]=0
Tue Mar 21 15:37:29 2023:DEBUG:setData: Setting CFC113_emissions[2253]=0
Tue Mar 21 15:37:29 2023:DEBUG:setData: Setting CFC113_emissions[2254]=0
Tue Mar 21 15:37:29 2023:DEBUG:setData: Setting CFC113_emissions[2255]=0
Tue Mar 21 15:37:29 2023:DEBUG:setData: Setting CFC113_emissions[2256]=0
Tue Mar 21 15:37:29 2023:DEBUG:setData: Setting CFC113_emissions[2257]=0
Tue Mar 21 15:37:29 2023:DEBUG:setData: Setting CFC113_emissions[2258]=0
Tue Mar 21 15:37:29 2023:DEBUG:setData: Setting CFC113_emissions[2259]=0
Tue Mar 21 15:37:29 2023:DEBUG:setData: Setting CFC113_emissions[2260]=0
Tue Mar 21 15:37:29 2023:DEBUG:setData: Setting CFC113_emissions[2261]=0
Tue Mar 21 15:37:29 2023:DEBUG:setData: Setting CFC113_emissions[2262]=0
Tue Mar 21 15:37:29 2023:DEBUG:setData: Setting CFC113_emissions[2263]=0
Tue Mar 21 15:37:29 2023:DEBUG:setData: Setting CFC113_emissions[2264]=0
Tue Mar 21 15:37:29 2023:DEBUG:setData: Setting CFC113_emissions[2265]=0
Tue Mar 21 15:37:29 2023:DEBUG:setData: Setting CFC113_emissions[2266]=0
Tue Mar 21 15:37:29 2023:DEBUG:setData: Setting CFC113_emissions[2267]=0
Tue Mar 21 15:37:29 2023:DEBUG:setData: Setting CFC113_emissions[2268]=0
Tue Mar 21 15:37:29 2023:DEBUG:setData: Setting CFC113_emissions[2269]=0
Tue Mar 21 15:37:29 2023:DEBUG:setData: Setting CFC113_emissions[2270]=0
Tue Mar 21 15:37:29 2023:DEBUG:setData: Setting CFC113_emissions[2271]=0
Tue Mar 21 15:37:29 2023:DEBUG:setData: Setting CFC113_emissions[2272]=0
Tue Mar 21 15:37:29 2023:DEBUG:setData: Setting CFC113_emissions[2273]=0
Tue Mar 21 15:37:29 2023:DEBUG:setData: Setting CFC113_emissions[2274]=0
Tue Mar 21 15:37:29 2023:DEBUG:setData: Setting CFC113_emissions[2275]=0
Tue Mar 21 15:37:29 2023:DEBUG:setData: Setting CFC113_emissions[2276]=0
Tue Mar 21 15:37:29 2023:DEBUG:setData: Setting CFC113_emissions[2277]=0
Tue Mar 21 15:37:29 2023:DEBUG:setData: Setting CFC113_emissions[2278]=0
Tue Mar 21 15:37:29 2023:DEBUG:setData: Setting CFC113_emissions[2279]=0
Tue Mar 21 15:37:29 2023:DEBUG:setData: Setting CFC113_emissions[2280]=0
Tue Mar 21 15:37:29 2023:DEBUG:setData: Setting CFC113_emissions[2281]=0
Tue Mar 21 15:37:29 2023:DEBUG:setData: Setting CFC113_emissions[2282]=0
Tue Mar 21 15:37:29 2023:DEBUG:setData: Setting CFC113_emissions[2283]=0
Tue Mar 21 15:37:29 2023:DEBUG:setData: Setting CFC113_emissions[2284]=0
Tue Mar 21 15:37:29 2023:DEBUG:setData: Setting CFC113_emissions[2285]=0
Tue Mar 21 15:37:29 2023:DEBUG:setData: Setting CFC113_emissions[2286]=0
Tue Mar 21 15:37:29 2023:DEBUG:setData: Setting CFC113_emissions[2287]=0
Tue Mar 21 15:37:29 2023:DEBUG:setData: Setting CFC113_emissions[2288]=0
Tue Mar 21 15:37:29 2023:DEBUG:setData: Setting CFC113_emissions[2289]=0
Tue Mar 21 15:37:29 2023:DEBUG:setData: Setting CFC113_emissions[2290]=0
Tue Mar 21 15:37:29 2023:DEBUG:setData: Setting CFC113_emissions[2291]=0
Tue Mar 21 15:37:29 2023:DEBUG:setData: Setting CFC113_emissions[2292]=0
Tue Mar 21 15:37:29 2023:DEBUG:setData: Setting CFC113_emissions[2293]=0
Tue Mar 21 15:37:29 2023:DEBUG:setData: Setting CFC113_emissions[2294]=0
Tue Mar 21 15:37:29 2023:DEBUG:setData: Setting CFC113_emissions[2295]=0
Tue Mar 21 15:37:29 2023:DEBUG:setData: Setting CFC113_emissions[2296]=0
Tue Mar 21 15:37:29 2023:DEBUG:setData: Setting CFC113_emissions[2297]=0
Tue Mar 21 15:37:29 2023:DEBUG:setData: Setting CFC113_emissions[2298]=0
Tue Mar 21 15:37:29 2023:DEBUG:setData: Setting CFC113_emissions[2299]=0
Tue Mar 21 15:37:29 2023:DEBUG:setData: Setting CFC113_emissions[2300]=0
Tue Mar 21 15:37:29 2023:DEBUG:setData: Setting CFC113_emissions[2301]=0
Tue Mar 21 15:37:29 2023:DEBUG:setData: Setting CFC113_emissions[2302]=0
Tue Mar 21 15:37:29 2023:DEBUG:setData: Setting CFC113_emissions[2303]=0
Tue Mar 21 15:37:29 2023:DEBUG:setData: Setting CFC113_emissions[2304]=0
Tue Mar 21 15:37:29 2023:DEBUG:setData: Setting CFC113_emissions[2305]=0
Tue Mar 21 15:37:29 2023:DEBUG:setData: Setting CFC113_emissions[2306]=0
Tue Mar 21 15:37:29 2023:DEBUG:setData: Setting CFC113_emissions[2307]=0
Tue Mar 21 15:37:29 2023:DEBUG:setData: Setting CFC113_emissions[2308]=0
Tue Mar 21 15:37:29 2023:DEBUG:setData: Setting CFC113_emissions[2309]=0
Tue Mar 21 15:37:29 2023:DEBUG:setData: Setting CFC113_emissions[2310]=0
Tue Mar 21 15:37:29 2023:DEBUG:setData: Setting CFC113_emissions[2311]=0
Tue Mar 21 15:37:29 2023:DEBUG:setData: Setting CFC113_emissions[2312]=0
Tue Mar 21 15:37:29 2023:DEBUG:setData: Setting CFC113_emissions[2313]=0
Tue Mar 21 15:37:29 2023:DEBUG:setData: Setting CFC113_emissions[2314]=0
Tue Mar 21 15:37:29 2023:DEBUG:setData: Setting CFC113_emissions[2315]=0
Tue Mar 21 15:37:29 2023:DEBUG:setData: Setting CFC113_emissions[2316]=0
Tue Mar 21 15:37:29 2023:DEBUG:setData: Setting CFC113_emissions[2317]=0
Tue Mar 21 15:37:29 2023:DEBUG:setData: Setting CFC113_emissions[2318]=0
Tue Mar 21 15:37:29 2023:DEBUG:setData: Setting CFC113_emissions[2319]=0
Tue Mar 21 15:37:29 2023:DEBUG:setData: Setting CFC113_emissions[2320]=0
Tue Mar 21 15:37:29 2023:DEBUG:setData: Setting CFC113_emissions[2321]=0
Tue Mar 21 15:37:29 2023:DEBUG:setData: Setting CFC113_emissions[2322]=0
Tue Mar 21 15:37:29 2023:DEBUG:setData: Setting CFC113_emissions[2323]=0
Tue Mar 21 15:37:29 2023:DEBUG:setData: Setting CFC113_emissions[2324]=0
Tue Mar 21 15:37:29 2023:DEBUG:setData: Setting CFC113_emissions[2325]=0
Tue Mar 21 15:37:29 2023:DEBUG:setData: Setting CFC113_emissions[2326]=0
Tue Mar 21 15:37:29 2023:DEBUG:setData: Setting CFC113_emissions[2327]=0
Tue Mar 21 15:37:29 2023:DEBUG:setData: Setting CFC113_emissions[2328]=0
Tue Mar 21 15:37:29 2023:DEBUG:setData: Setting CFC113_emissions[2329]=0
Tue Mar 21 15:37:29 2023:DEBUG:setData: Setting CFC113_emissions[2330]=0
Tue Mar 21 15:37:29 2023:DEBUG:setData: Setting CFC113_emissions[2331]=0
Tue Mar 21 15:37:29 2023:DEBUG:setData: Setting CFC113_emissions[2332]=0
Tue Mar 21 15:37:29 2023:DEBUG:setData: Setting CFC113_emissions[2333]=0
Tue Mar 21 15:37:29 2023:DEBUG:setData: Setting CFC113_emissions[2334]=0
Tue Mar 21 15:37:29 2023:DEBUG:setData: Setting CFC113_emissions[2335]=0
Tue Mar 21 15:37:29 2023:DEBUG:setData: Setting CFC113_emissions[2336]=0
Tue Mar 21 15:37:29 2023:DEBUG:setData: Setting CFC113_emissions[2337]=0
Tue Mar 21 15:37:29 2023:DEBUG:setData: Setting CFC113_emissions[2338]=0
Tue Mar 21 15:37:29 2023:DEBUG:setData: Setting CFC113_emissions[2339]=0
Tue Mar 21 15:37:29 2023:DEBUG:setData: Setting CFC113_emissions[2340]=0
Tue Mar 21 15:37:29 2023:DEBUG:setData: Setting CFC113_emissions[2341]=0
Tue Mar 21 15:37:29 2023:DEBUG:setData: Setting CFC113_emissions[2342]=0
Tue Mar 21 15:37:29 2023:DEBUG:setData: Setting CFC113_emissions[2343]=0
Tue Mar 21 15:37:29 2023:DEBUG:setData: Setting CFC113_emissions[2344]=0
Tue Mar 21 15:37:29 2023:DEBUG:setData: Setting CFC113_emissions[2345]=0
Tue Mar 21 15:37:29 2023:DEBUG:setData: Setting CFC113_emissions[2346]=0
Tue Mar 21 15:37:29 2023:DEBUG:setData: Setting CFC113_emissions[2347]=0
Tue Mar 21 15:37:29 2023:DEBUG:setData: Setting CFC113_emissions[2348]=0
Tue Mar 21 15:37:29 2023:DEBUG:setData: Setting CFC113_emissions[2349]=0
Tue Mar 21 15:37:29 2023:DEBUG:setData: Setting CFC113_emissions[2350]=0
Tue Mar 21 15:37:29 2023:DEBUG:setData: Setting CFC113_emissions[2351]=0
Tue Mar 21 15:37:29 2023:DEBUG:setData: Setting CFC113_emissions[2352]=0
Tue Mar 21 15:37:29 2023:DEBUG:setData: Setting CFC113_emissions[2353]=0
Tue Mar 21 15:37:29 2023:DEBUG:setData: Setting CFC113_emissions[2354]=0
Tue Mar 21 15:37:29 2023:DEBUG:setData: Setting CFC113_emissions[2355]=0
Tue Mar 21 15:37:29 2023:DEBUG:setData: Setting CFC113_emissions[2356]=0
Tue Mar 21 15:37:29 2023:DEBUG:setData: Setting CFC113_emissions[2357]=0
Tue Mar 21 15:37:29 2023:DEBUG:setData: Setting CFC113_emissions[2358]=0
Tue Mar 21 15:37:29 2023:DEBUG:setData: Setting CFC113_emissions[2359]=0
Tue Mar 21 15:37:29 2023:DEBUG:setData: Setting CFC113_emissions[2360]=0
Tue Mar 21 15:37:29 2023:DEBUG:setData: Setting CFC113_emissions[2361]=0
Tue Mar 21 15:37:29 2023:DEBUG:setData: Setting CFC113_emissions[2362]=0
Tue Mar 21 15:37:29 2023:DEBUG:setData: Setting CFC113_emissions[2363]=0
Tue Mar 21 15:37:29 2023:DEBUG:setData: Setting CFC113_emissions[2364]=0
Tue Mar 21 15:37:29 2023:DEBUG:setData: Setting CFC113_emissions[2365]=0
Tue Mar 21 15:37:29 2023:DEBUG:setData: Setting CFC113_emissions[2366]=0
Tue Mar 21 15:37:29 2023:DEBUG:setData: Setting CFC113_emissions[2367]=0
Tue Mar 21 15:37:29 2023:DEBUG:setData: Setting CFC113_emissions[2368]=0
Tue Mar 21 15:37:29 2023:DEBUG:setData: Setting CFC113_emissions[2369]=0
Tue Mar 21 15:37:29 2023:DEBUG:setData: Setting CFC113_emissions[2370]=0
Tue Mar 21 15:37:29 2023:DEBUG:setData: Setting CFC113_emissions[2371]=0
Tue Mar 21 15:37:29 2023:DEBUG:setData: Setting CFC113_emissions[2372]=0
Tue Mar 21 15:37:29 2023:DEBUG:setData: Setting CFC113_emissions[2373]=0
Tue Mar 21 15:37:29 2023:DEBUG:setData: Setting CFC113_emissions[2374]=0
Tue Mar 21 15:37:29 2023:DEBUG:setData: Setting CFC113_emissions[2375]=0
Tue Mar 21 15:37:29 2023:DEBUG:setData: Setting CFC113_emissions[2376]=0
Tue Mar 21 15:37:29 2023:DEBUG:setData: Setting CFC113_emissions[2377]=0
Tue Mar 21 15:37:29 2023:DEBUG:setData: Setting CFC113_emissions[2378]=0
Tue Mar 21 15:37:29 2023:DEBUG:setData: Setting CFC113_emissions[2379]=0
Tue Mar 21 15:37:29 2023:DEBUG:setData: Setting CFC113_emissions[2380]=0
Tue Mar 21 15:37:29 2023:DEBUG:setData: Setting CFC113_emissions[2381]=0
Tue Mar 21 15:37:29 2023:DEBUG:setData: Setting CFC113_emissions[2382]=0
Tue Mar 21 15:37:29 2023:DEBUG:setData: Setting CFC113_emissions[2383]=0
Tue Mar 21 15:37:29 2023:DEBUG:setData: Setting CFC113_emissions[2384]=0
Tue Mar 21 15:37:29 2023:DEBUG:setData: Setting CFC113_emissions[2385]=0
Tue Mar 21 15:37:29 2023:DEBUG:setData: Setting CFC113_emissions[2386]=0
Tue Mar 21 15:37:29 2023:DEBUG:setData: Setting CFC113_emissions[2387]=0
Tue Mar 21 15:37:29 2023:DEBUG:setData: Setting CFC113_emissions[2388]=0
Tue Mar 21 15:37:29 2023:DEBUG:setData: Setting CFC113_emissions[2389]=0
Tue Mar 21 15:37:29 2023:DEBUG:setData: Setting CFC113_emissions[2390]=0
Tue Mar 21 15:37:29 2023:DEBUG:setData: Setting CFC113_emissions[2391]=0
Tue Mar 21 15:37:29 2023:DEBUG:setData: Setting CFC113_emissions[2392]=0
Tue Mar 21 15:37:29 2023:DEBUG:setData: Setting CFC113_emissions[2393]=0
Tue Mar 21 15:37:29 2023:DEBUG:setData: Setting CFC113_emissions[2394]=0
Tue Mar 21 15:37:29 2023:DEBUG:setData: Setting CFC113_emissions[2395]=0
Tue Mar 21 15:37:29 2023:DEBUG:setData: Setting CFC113_emissions[2396]=0
Tue Mar 21 15:37:29 2023:DEBUG:setData: Setting CFC113_emissions[2397]=0
Tue Mar 21 15:37:29 2023:DEBUG:setData: Setting CFC113_emissions[2398]=0
Tue Mar 21 15:37:29 2023:DEBUG:setData: Setting CFC113_emissions[2399]=0
Tue Mar 21 15:37:29 2023:DEBUG:setData: Setting CFC113_emissions[2400]=0
Tue Mar 21 15:37:29 2023:DEBUG:setData: Setting CFC113_emissions[2401]=0
Tue Mar 21 15:37:29 2023:DEBUG:setData: Setting CFC113_emissions[2402]=0
Tue Mar 21 15:37:29 2023:DEBUG:setData: Setting CFC113_emissions[2403]=0
Tue Mar 21 15:37:29 2023:DEBUG:setData: Setting CFC113_emissions[2404]=0
Tue Mar 21 15:37:29 2023:DEBUG:setData: Setting CFC113_emissions[2405]=0
Tue Mar 21 15:37:29 2023:DEBUG:setData: Setting CFC113_emissions[2406]=0
Tue Mar 21 15:37:29 2023:DEBUG:setData: Setting CFC113_emissions[2407]=0
Tue Mar 21 15:37:29 2023:DEBUG:setData: Setting CFC113_emissions[2408]=0
Tue Mar 21 15:37:29 2023:DEBUG:setData: Setting CFC113_emissions[2409]=0
Tue Mar 21 15:37:29 2023:DEBUG:setData: Setting CFC113_emissions[2410]=0
Tue Mar 21 15:37:29 2023:DEBUG:setData: Setting CFC113_emissions[2411]=0
Tue Mar 21 15:37:29 2023:DEBUG:setData: Setting CFC113_emissions[2412]=0
Tue Mar 21 15:37:29 2023:DEBUG:setData: Setting CFC113_emissions[2413]=0
Tue Mar 21 15:37:29 2023:DEBUG:setData: Setting CFC113_emissions[2414]=0
Tue Mar 21 15:37:29 2023:DEBUG:setData: Setting CFC113_emissions[2415]=0
Tue Mar 21 15:37:29 2023:DEBUG:setData: Setting CFC113_emissions[2416]=0
Tue Mar 21 15:37:29 2023:DEBUG:setData: Setting CFC113_emissions[2417]=0
Tue Mar 21 15:37:29 2023:DEBUG:setData: Setting CFC113_emissions[2418]=0
Tue Mar 21 15:37:29 2023:DEBUG:setData: Setting CFC113_emissions[2419]=0
Tue Mar 21 15:37:29 2023:DEBUG:setData: Setting CFC113_emissions[2420]=0
Tue Mar 21 15:37:29 2023:DEBUG:setData: Setting CFC113_emissions[2421]=0
Tue Mar 21 15:37:29 2023:DEBUG:setData: Setting CFC113_emissions[2422]=0
Tue Mar 21 15:37:29 2023:DEBUG:setData: Setting CFC113_emissions[2423]=0
Tue Mar 21 15:37:29 2023:DEBUG:setData: Setting CFC113_emissions[2424]=0
Tue Mar 21 15:37:29 2023:DEBUG:setData: Setting CFC113_emissions[2425]=0
Tue Mar 21 15:37:29 2023:DEBUG:setData: Setting CFC113_emissions[2426]=0
Tue Mar 21 15:37:29 2023:DEBUG:setData: Setting CFC113_emissions[2427]=0
Tue Mar 21 15:37:29 2023:DEBUG:setData: Setting CFC113_emissions[2428]=0
Tue Mar 21 15:37:29 2023:DEBUG:setData: Setting CFC113_emissions[2429]=0
Tue Mar 21 15:37:29 2023:DEBUG:setData: Setting CFC113_emissions[2430]=0
Tue Mar 21 15:37:29 2023:DEBUG:setData: Setting CFC113_emissions[2431]=0
Tue Mar 21 15:37:29 2023:DEBUG:setData: Setting CFC113_emissions[2432]=0
Tue Mar 21 15:37:29 2023:DEBUG:setData: Setting CFC113_emissions[2433]=0
Tue Mar 21 15:37:29 2023:DEBUG:setData: Setting CFC113_emissions[2434]=0
Tue Mar 21 15:37:29 2023:DEBUG:setData: Setting CFC113_emissions[2435]=0
Tue Mar 21 15:37:29 2023:DEBUG:setData: Setting CFC113_emissions[2436]=0
Tue Mar 21 15:37:29 2023:DEBUG:setData: Setting CFC113_emissions[2437]=0
Tue Mar 21 15:37:29 2023:DEBUG:setData: Setting CFC113_emissions[2438]=0
Tue Mar 21 15:37:29 2023:DEBUG:setData: Setting CFC113_emissions[2439]=0
Tue Mar 21 15:37:29 2023:DEBUG:setData: Setting CFC113_emissions[2440]=0
Tue Mar 21 15:37:29 2023:DEBUG:setData: Setting CFC113_emissions[2441]=0
Tue Mar 21 15:37:29 2023:DEBUG:setData: Setting CFC113_emissions[2442]=0
Tue Mar 21 15:37:29 2023:DEBUG:setData: Setting CFC113_emissions[2443]=0
Tue Mar 21 15:37:29 2023:DEBUG:setData: Setting CFC113_emissions[2444]=0
Tue Mar 21 15:37:29 2023:DEBUG:setData: Setting CFC113_emissions[2445]=0
Tue Mar 21 15:37:29 2023:DEBUG:setData: Setting CFC113_emissions[2446]=0
Tue Mar 21 15:37:29 2023:DEBUG:setData: Setting CFC113_emissions[2447]=0
Tue Mar 21 15:37:29 2023:DEBUG:setData: Setting CFC113_emissions[2448]=0
Tue Mar 21 15:37:29 2023:DEBUG:setData: Setting CFC113_emissions[2449]=0
Tue Mar 21 15:37:29 2023:DEBUG:setData: Setting CFC113_emissions[2450]=0
Tue Mar 21 15:37:29 2023:DEBUG:setData: Setting CFC113_emissions[2451]=0
Tue Mar 21 15:37:29 2023:DEBUG:setData: Setting CFC113_emissions[2452]=0
Tue Mar 21 15:37:29 2023:DEBUG:setData: Setting CFC113_emissions[2453]=0
Tue Mar 21 15:37:29 2023:DEBUG:setData: Setting CFC113_emissions[2454]=0
Tue Mar 21 15:37:29 2023:DEBUG:setData: Setting CFC113_emissions[2455]=0
Tue Mar 21 15:37:29 2023:DEBUG:setData: Setting CFC113_emissions[2456]=0
Tue Mar 21 15:37:29 2023:DEBUG:setData: Setting CFC113_emissions[2457]=0
Tue Mar 21 15:37:29 2023:DEBUG:setData: Setting CFC113_emissions[2458]=0
Tue Mar 21 15:37:29 2023:DEBUG:setData: Setting CFC113_emissions[2459]=0
Tue Mar 21 15:37:29 2023:DEBUG:setData: Setting CFC113_emissions[2460]=0
Tue Mar 21 15:37:29 2023:DEBUG:setData: Setting CFC113_emissions[2461]=0
Tue Mar 21 15:37:29 2023:DEBUG:setData: Setting CFC113_emissions[2462]=0
Tue Mar 21 15:37:29 2023:DEBUG:setData: Setting CFC113_emissions[2463]=0
Tue Mar 21 15:37:29 2023:DEBUG:setData: Setting CFC113_emissions[2464]=0
Tue Mar 21 15:37:29 2023:DEBUG:setData: Setting CFC113_emissions[2465]=0
Tue Mar 21 15:37:29 2023:DEBUG:setData: Setting CFC113_emissions[2466]=0
Tue Mar 21 15:37:29 2023:DEBUG:setData: Setting CFC113_emissions[2467]=0
Tue Mar 21 15:37:29 2023:DEBUG:setData: Setting CFC113_emissions[2468]=0
Tue Mar 21 15:37:29 2023:DEBUG:setData: Setting CFC113_emissions[2469]=0
Tue Mar 21 15:37:29 2023:DEBUG:setData: Setting CFC113_emissions[2470]=0
Tue Mar 21 15:37:29 2023:DEBUG:setData: Setting CFC113_emissions[2471]=0
Tue Mar 21 15:37:29 2023:DEBUG:setData: Setting CFC113_emissions[2472]=0
Tue Mar 21 15:37:29 2023:DEBUG:setData: Setting CFC113_emissions[2473]=0
Tue Mar 21 15:37:29 2023:DEBUG:setData: Setting CFC113_emissions[2474]=0
Tue Mar 21 15:37:29 2023:DEBUG:setData: Setting CFC113_emissions[2475]=0
Tue Mar 21 15:37:29 2023:DEBUG:setData: Setting CFC113_emissions[2476]=0
Tue Mar 21 15:37:29 2023:DEBUG:setData: Setting CFC113_emissions[2477]=0
Tue Mar 21 15:37:29 2023:DEBUG:setData: Setting CFC113_emissions[2478]=0
Tue Mar 21 15:37:29 2023:DEBUG:setData: Setting CFC113_emissions[2479]=0
Tue Mar 21 15:37:29 2023:DEBUG:setData: Setting CFC113_emissions[2480]=0
Tue Mar 21 15:37:29 2023:DEBUG:setData: Setting CFC113_emissions[2481]=0
Tue Mar 21 15:37:29 2023:DEBUG:setData: Setting CFC113_emissions[2482]=0
Tue Mar 21 15:37:29 2023:DEBUG:setData: Setting CFC113_emissions[2483]=0
Tue Mar 21 15:37:29 2023:DEBUG:setData: Setting CFC113_emissions[2484]=0
Tue Mar 21 15:37:29 2023:DEBUG:setData: Setting CFC113_emissions[2485]=0
Tue Mar 21 15:37:29 2023:DEBUG:setData: Setting CFC113_emissions[2486]=0
Tue Mar 21 15:37:29 2023:DEBUG:setData: Setting CFC113_emissions[2487]=0
Tue Mar 21 15:37:29 2023:DEBUG:setData: Setting CFC113_emissions[2488]=0
Tue Mar 21 15:37:29 2023:DEBUG:setData: Setting CFC113_emissions[2489]=0
Tue Mar 21 15:37:29 2023:DEBUG:setData: Setting CFC113_emissions[2490]=0
Tue Mar 21 15:37:29 2023:DEBUG:setData: Setting CFC113_emissions[2491]=0
Tue Mar 21 15:37:29 2023:DEBUG:setData: Setting CFC113_emissions[2492]=0
Tue Mar 21 15:37:29 2023:DEBUG:setData: Setting CFC113_emissions[2493]=0
Tue Mar 21 15:37:29 2023:DEBUG:setData: Setting CFC113_emissions[2494]=0
Tue Mar 21 15:37:29 2023:DEBUG:setData: Setting CFC113_emissions[2495]=0
Tue Mar 21 15:37:29 2023:DEBUG:setData: Setting CFC113_emissions[2496]=0
Tue Mar 21 15:37:29 2023:DEBUG:setData: Setting CFC113_emissions[2497]=0
Tue Mar 21 15:37:29 2023:DEBUG:setData: Setting CFC113_emissions[2498]=0
Tue Mar 21 15:37:29 2023:DEBUG:setData: Setting CFC113_emissions[2499]=0
Tue Mar 21 15:37:29 2023:DEBUG:setData: Setting CFC113_emissions[2500]=0
Tue Mar 21 15:37:29 2023:DEBUG:setData: Setting molarMass[-1]=187.35
Tue Mar 21 15:37:29 2023:DEBUG:prepareToRun: prepareToRun 
Tue Mar 21 15:37:30 2023:DEBUG:run: date: 1746 concentration: 0 pptv
Tue Mar 21 15:37:30 2023:DEBUG:run: date: 1747 concentration: 0 pptv
Tue Mar 21 15:37:30 2023:DEBUG:run: date: 1748 concentration: 0 pptv
Tue Mar 21 15:37:30 2023:DEBUG:run: date: 1749 concentration: 0 pptv
Tue Mar 21 15:37:30 2023:DEBUG:run: date: 1750 concentration: 0 pptv
Tue Mar 21 15:37:30 2023:DEBUG:run: date: 1751 concentration: 0 pptv
Tue Mar 21 15:37:30 2023:DEBUG:run: date: 1752 concentration: 0 pptv
Tue Mar 21 15:37:30 2023:DEBUG:run: date: 1753 concentration: 0 pptv
Tue Mar 21 15:37:30 2023:DEBUG:run: date: 1754 concentration: 0 pptv
Tue Mar 21 15:37:30 2023:DEBUG:run: date: 1755 concentration: 0 pptv
Tue Mar 21 15:37:30 2023:DEBUG:run: date: 1756 concentration: 0 pptv
Tue Mar 21 15:37:30 2023:DEBUG:run: date: 1757 concentration: 0 pptv
Tue Mar 21 15:37:30 2023:DEBUG:run: date: 1758 concentration: 0 pptv
Tue Mar 21 15:37:30 2023:DEBUG:run: date: 1759 concentration: 0 pptv
Tue Mar 21 15:37:30 2023:DEBUG:run: date: 1760 concentration: 0 pptv
Tue Mar 21 15:37:30 2023:DEBUG:run: date: 1761 concentration: 0 pptv
Tue Mar 21 15:37:30 2023:DEBUG:run: date: 1762 concentration: 0 pptv
Tue Mar 21 15:37:30 2023:DEBUG:run: date: 1763 concentration: 0 pptv
Tue Mar 21 15:37:30 2023:DEBUG:run: date: 1764 concentration: 0 pptv
Tue Mar 21 15:37:30 2023:DEBUG:run: date: 1765 concentration: 0 pptv
Tue Mar 21 15:37:30 2023:DEBUG:run: date: 1766 concentration: 0 pptv
Tue Mar 21 15:37:30 2023:DEBUG:run: date: 1767 concentration: 0 pptv
Tue Mar 21 15:37:30 2023:DEBUG:run: date: 1768 concentration: 0 pptv
Tue Mar 21 15:37:30 2023:DEBUG:run: date: 1769 concentration: 0 pptv
Tue Mar 21 15:37:30 2023:DEBUG:run: date: 1770 concentration: 0 pptv
Tue Mar 21 15:37:30 2023:DEBUG:run: date: 1771 concentration: 0 pptv
Tue Mar 21 15:37:30 2023:DEBUG:run: date: 1772 concentration: 0 pptv
Tue Mar 21 15:37:30 2023:DEBUG:run: date: 1773 concentration: 0 pptv
Tue Mar 21 15:37:30 2023:DEBUG:run: date: 1774 concentration: 0 pptv
Tue Mar 21 15:37:30 2023:DEBUG:run: date: 1775 concentration: 0 pptv
Tue Mar 21 15:37:30 2023:DEBUG:run: date: 1776 concentration: 0 pptv
Tue Mar 21 15:37:30 2023:DEBUG:run: date: 1777 concentration: 0 pptv
Tue Mar 21 15:37:30 2023:DEBUG:run: date: 1778 concentration: 0 pptv
Tue Mar 21 15:37:30 2023:DEBUG:run: date: 1779 concentration: 0 pptv
Tue Mar 21 15:37:30 2023:DEBUG:run: date: 1780 concentration: 0 pptv
Tue Mar 21 15:37:30 2023:DEBUG:run: date: 1781 concentration: 0 pptv
Tue Mar 21 15:37:30 2023:DEBUG:run: date: 1782 concentration: 0 pptv
Tue Mar 21 15:37:30 2023:DEBUG:run: date: 1783 concentration: 0 pptv
Tue Mar 21 15:37:30 2023:DEBUG:run: date: 1784 concentration: 0 pptv
Tue Mar 21 15:37:30 2023:DEBUG:run: date: 1785 concentration: 0 pptv
Tue Mar 21 15:37:30 2023:DEBUG:run: date: 1786 concentration: 0 pptv
Tue Mar 21 15:37:30 2023:DEBUG:run: date: 1787 concentration: 0 pptv
Tue Mar 21 15:37:30 2023:DEBUG:run: date: 1788 concentration: 0 pptv
Tue Mar 21 15:37:30 2023:DEBUG:run: date: 1789 concentration: 0 pptv
Tue Mar 21 15:37:30 2023:DEBUG:run: date: 1790 concentration: 0 pptv
Tue Mar 21 15:37:30 2023:DEBUG:run: date: 1791 concentration: 0 pptv
Tue Mar 21 15:37:30 2023:DEBUG:run: date: 1792 concentration: 0 pptv
Tue Mar 21 15:37:30 2023:DEBUG:run: date: 1793 concentration: 0 pptv
Tue Mar 21 15:37:30 2023:DEBUG:run: date: 1794 concentration: 0 pptv
Tue Mar 21 15:37:30 2023:DEBUG:run: date: 1795 concentration: 0 pptv
Tue Mar 21 15:37:30 2023:DEBUG:run: date: 1796 concentration: 0 pptv
Tue Mar 21 15:37:30 2023:DEBUG:run: date: 1797 concentration: 0 pptv
Tue Mar 21 15:37:30 2023:DEBUG:run: date: 1798 concentration: 0 pptv
Tue Mar 21 15:37:30 2023:DEBUG:run: date: 1799 concentration: 0 pptv
Tue Mar 21 15:37:30 2023:DEBUG:run: date: 1800 concentration: 0 pptv
Tue Mar 21 15:37:30 2023:DEBUG:run: date: 1801 concentration: 0 pptv
Tue Mar 21 15:37:30 2023:DEBUG:run: date: 1802 concentration: 0 pptv
Tue Mar 21 15:37:30 2023:DEBUG:run: date: 1803 concentration: 0 pptv
Tue Mar 21 15:37:30 2023:DEBUG:run: date: 1804 concentration: 0 pptv
Tue Mar 21 15:37:30 2023:DEBUG:run: date: 1805 concentration: 0 pptv
Tue Mar 21 15:37:30 2023:DEBUG:run: date: 1806 concentration: 0 pptv
Tue Mar 21 15:37:30 2023:DEBUG:run: date: 1807 concentration: 0 pptv
Tue Mar 21 15:37:30 2023:DEBUG:run: date: 1808 concentration: 0 pptv
Tue Mar 21 15:37:30 2023:DEBUG:run: date: 1809 concentration: 0 pptv
Tue Mar 21 15:37:30 2023:DEBUG:run: date: 1810 concentration: 0 pptv
Tue Mar 21 15:37:30 2023:DEBUG:run: date: 1811 concentration: 0 pptv
Tue Mar 21 15:37:30 2023:DEBUG:run: date: 1812 concentration: 0 pptv
Tue Mar 21 15:37:30 2023:DEBUG:run: date: 1813 concentration: 0 pptv
Tue Mar 21 15:37:30 2023:DEBUG:run: date: 1814 concentration: 0 pptv
Tue Mar 21 15:37:30 2023:DEBUG:run: date: 1815 concentration: 0 pptv
Tue Mar 21 15:37:30 2023:DEBUG:run: date: 1816 concentration: 0 pptv
Tue Mar 21 15:37:30 2023:DEBUG:run: date: 1817 concentration: 0 pptv
Tue Mar 21 15:37:30 2023:DEBUG:run: date: 1818 concentration: 0 pptv
Tue Mar 21 15:37:30 2023:DEBUG:run: date: 1819 concentration: 0 pptv
Tue Mar 21 15:37:30 2023:DEBUG:run: date: 1820 concentration: 0 pptv
Tue Mar 21 15:37:30 2023:DEBUG:run: date: 1821 concentration: 0 pptv
Tue Mar 21 15:37:30 2023:DEBUG:run: date: 1822 concentration: 0 pptv
Tue Mar 21 15:37:30 2023:DEBUG:run: date: 1823 concentration: 0 pptv
Tue Mar 21 15:37:30 2023:DEBUG:run: date: 1824 concentration: 0 pptv
Tue Mar 21 15:37:30 2023:DEBUG:run: date: 1825 concentration: 0 pptv
Tue Mar 21 15:37:30 2023:DEBUG:run: date: 1826 concentration: 0 pptv
Tue Mar 21 15:37:30 2023:DEBUG:run: date: 1827 concentration: 0 pptv
Tue Mar 21 15:37:30 2023:DEBUG:run: date: 1828 concentration: 0 pptv
Tue Mar 21 15:37:30 2023:DEBUG:run: date: 1829 concentration: 0 pptv
Tue Mar 21 15:37:30 2023:DEBUG:run: date: 1830 concentration: 0 pptv
Tue Mar 21 15:37:30 2023:DEBUG:run: date: 1831 concentration: 0 pptv
Tue Mar 21 15:37:30 2023:DEBUG:run: date: 1832 concentration: 0 pptv
Tue Mar 21 15:37:30 2023:DEBUG:run: date: 1833 concentration: 0 pptv
Tue Mar 21 15:37:30 2023:DEBUG:run: date: 1834 concentration: 0 pptv
Tue Mar 21 15:37:30 2023:DEBUG:run: date: 1835 concentration: 0 pptv
Tue Mar 21 15:37:30 2023:DEBUG:run: date: 1836 concentration: 0 pptv
Tue Mar 21 15:37:30 2023:DEBUG:run: date: 1837 concentration: 0 pptv
Tue Mar 21 15:37:30 2023:DEBUG:run: date: 1838 concentration: 0 pptv
Tue Mar 21 15:37:30 2023:DEBUG:run: date: 1839 concentration: 0 pptv
Tue Mar 21 15:37:30 2023:DEBUG:run: date: 1840 concentration: 0 pptv
Tue Mar 21 15:37:30 2023:DEBUG:run: date: 1841 concentration: 0 pptv
Tue Mar 21 15:37:30 2023:DEBUG:run: date: 1842 concentration: 0 pptv
Tue Mar 21 15:37:30 2023:DEBUG:run: date: 1843 concentration: 0 pptv
Tue Mar 21 15:37:30 2023:DEBUG:run: date: 1844 concentration: 0 pptv
Tue Mar 21 15:37:30 2023:DEBUG:run: date: 1845 concentration: 0 pptv
Tue Mar 21 15:37:30 2023:DEBUG:run: date: 1846 concentration: 0 pptv
Tue Mar 21 15:37:30 2023:DEBUG:run: date: 1847 concentration: 0 pptv
Tue Mar 21 15:37:30 2023:DEBUG:run: date: 1848 concentration: 0 pptv
Tue Mar 21 15:37:30 2023:DEBUG:run: date: 1849 concentration: 0 pptv
Tue Mar 21 15:37:30 2023:DEBUG:run: date: 1850 concentration: 0 pptv
Tue Mar 21 15:37:30 2023:DEBUG:run: date: 1851 concentration: 0 pptv
Tue Mar 21 15:37:30 2023:DEBUG:run: date: 1852 concentration: 0 pptv
Tue Mar 21 15:37:30 2023:DEBUG:run: date: 1853 concentration: 0 pptv
Tue Mar 21 15:37:30 2023:DEBUG:run: date: 1854 concentration: 0 pptv
Tue Mar 21 15:37:30 2023:DEBUG:run: date: 1855 concentration: 0 pptv
Tue Mar 21 15:37:30 2023:DEBUG:run: date: 1856 concentration: 0 pptv
Tue Mar 21 15:37:30 2023:DEBUG:run: date: 1857 concentration: 0 pptv
Tue Mar 21 15:37:30 2023:DEBUG:run: date: 1858 concentration: 0 pptv
Tue Mar 21 15:37:30 2023:DEBUG:run: date: 1859 concentration: 0 pptv
Tue Mar 21 15:37:30 2023:DEBUG:run: date: 1860 concentration: 0 pptv
Tue Mar 21 15:37:30 2023:DEBUG:run: date: 1861 concentration: 0 pptv
Tue Mar 21 15:37:30 2023:DEBUG:run: date: 1862 concentration: 0 pptv
Tue Mar 21 15:37:30 2023:DEBUG:run: date: 1863 concentration: 0 pptv
Tue Mar 21 15:37:30 2023:DEBUG:run: date: 1864 concentration: 0 pptv
Tue Mar 21 15:37:30 2023:DEBUG:run: date: 1865 concentration: 0 pptv
Tue Mar 21 15:37:30 2023:DEBUG:run: date: 1866 concentration: 0 pptv
Tue Mar 21 15:37:30 2023:DEBUG:run: date: 1867 concentration: 0 pptv
Tue Mar 21 15:37:30 2023:DEBUG:run: date: 1868 concentration: 0 pptv
Tue Mar 21 15:37:30 2023:DEBUG:run: date: 1869 concentration: 0 pptv
Tue Mar 21 15:37:30 2023:DEBUG:run: date: 1870 concentration: 0 pptv
Tue Mar 21 15:37:30 2023:DEBUG:run: date: 1871 concentration: 0 pptv
Tue Mar 21 15:37:30 2023:DEBUG:run: date: 1872 concentration: 0 pptv
Tue Mar 21 15:37:30 2023:DEBUG:run: date: 1873 concentration: 0 pptv
Tue Mar 21 15:37:30 2023:DEBUG:run: date: 1874 concentration: 0 pptv
Tue Mar 21 15:37:30 2023:DEBUG:run: date: 1875 concentration: 0 pptv
Tue Mar 21 15:37:30 2023:DEBUG:run: date: 1876 concentration: 0 pptv
Tue Mar 21 15:37:30 2023:DEBUG:run: date: 1877 concentration: 0 pptv
Tue Mar 21 15:37:30 2023:DEBUG:run: date: 1878 concentration: 0 pptv
Tue Mar 21 15:37:30 2023:DEBUG:run: date: 1879 concentration: 0 pptv
Tue Mar 21 15:37:30 2023:DEBUG:run: date: 1880 concentration: 0 pptv
Tue Mar 21 15:37:30 2023:DEBUG:run: date: 1881 concentration: 0 pptv
Tue Mar 21 15:37:30 2023:DEBUG:run: date: 1882 concentration: 0 pptv
Tue Mar 21 15:37:30 2023:DEBUG:run: date: 1883 concentration: 0 pptv
Tue Mar 21 15:37:30 2023:DEBUG:run: date: 1884 concentration: 0 pptv
Tue Mar 21 15:37:30 2023:DEBUG:run: date: 1885 concentration: 0 pptv
Tue Mar 21 15:37:30 2023:DEBUG:run: date: 1886 concentration: 0 pptv
Tue Mar 21 15:37:30 2023:DEBUG:run: date: 1887 concentration: 0 pptv
Tue Mar 21 15:37:30 2023:DEBUG:run: date: 1888 concentration: 0 pptv
Tue Mar 21 15:37:30 2023:DEBUG:run: date: 1889 concentration: 0 pptv
Tue Mar 21 15:37:30 2023:DEBUG:run: date: 1890 concentration: 0 pptv
Tue Mar 21 15:37:30 2023:DEBUG:run: date: 1891 concentration: 0 pptv
Tue Mar 21 15:37:30 2023:DEBUG:run: date: 1892 concentration: 0 pptv
Tue Mar 21 15:37:30 2023:DEBUG:run: date: 1893 concentration: 0 pptv
Tue Mar 21 15:37:30 2023:DEBUG:run: date: 1894 concentration: 0 pptv
Tue Mar 21 15:37:30 2023:DEBUG:run: date: 1895 concentration: 0 pptv
Tue Mar 21 15:37:30 2023:DEBUG:run: date: 1896 concentration: 0 pptv
Tue Mar 21 15:37:30 2023:DEBUG:run: date: 1897 concentration: 0 pptv
Tue Mar 21 15:37:31 2023:DEBUG:run: date: 1898 concentration: 0 pptv
Tue Mar 21 15:37:31 2023:DEBUG:run: date: 1899 concentration: 0 pptv
Tue Mar 21 15:37:31 2023:DEBUG:run: date: 1900 concentration: 0 pptv
Tue Mar 21 15:37:31 2023:DEBUG:run: date: 1901 concentration: 0 pptv
Tue Mar 21 15:37:31 2023:DEBUG:run: date: 1902 concentration: 0 pptv
Tue Mar 21 15:37:31 2023:DEBUG:run: date: 1903 concentration: 0 pptv
Tue Mar 21 15:37:31 2023:DEBUG:run: date: 1904 concentration: 0 pptv
Tue Mar 21 15:37:31 2023:DEBUG:run: date: 1905 concentration: 0 pptv
Tue Mar 21 15:37:31 2023:DEBUG:run: date: 1906 concentration: 0 pptv
Tue Mar 21 15:37:31 2023:DEBUG:run: date: 1907 concentration: 0 pptv
Tue Mar 21 15:37:31 2023:DEBUG:run: date: 1908 concentration: 0 pptv
Tue Mar 21 15:37:31 2023:DEBUG:run: date: 1909 concentration: 0 pptv
Tue Mar 21 15:37:31 2023:DEBUG:run: date: 1910 concentration: 0 pptv
Tue Mar 21 15:37:31 2023:DEBUG:run: date: 1911 concentration: 0 pptv
Tue Mar 21 15:37:31 2023:DEBUG:run: date: 1912 concentration: 0 pptv
Tue Mar 21 15:37:31 2023:DEBUG:run: date: 1913 concentration: 0 pptv
Tue Mar 21 15:37:31 2023:DEBUG:run: date: 1914 concentration: 0 pptv
Tue Mar 21 15:37:31 2023:DEBUG:run: date: 1915 concentration: 0 pptv
Tue Mar 21 15:37:31 2023:DEBUG:run: date: 1916 concentration: 0 pptv
Tue Mar 21 15:37:31 2023:DEBUG:run: date: 1917 concentration: 0 pptv
Tue Mar 21 15:37:31 2023:DEBUG:run: date: 1918 concentration: 0 pptv
Tue Mar 21 15:37:31 2023:DEBUG:run: date: 1919 concentration: 0 pptv
Tue Mar 21 15:37:31 2023:DEBUG:run: date: 1920 concentration: 0 pptv
Tue Mar 21 15:37:31 2023:DEBUG:run: date: 1921 concentration: 0 pptv
Tue Mar 21 15:37:31 2023:DEBUG:run: date: 1922 concentration: 0 pptv
Tue Mar 21 15:37:31 2023:DEBUG:run: date: 1923 concentration: 0 pptv
Tue Mar 21 15:37:31 2023:DEBUG:run: date: 1924 concentration: 0 pptv
Tue Mar 21 15:37:31 2023:DEBUG:run: date: 1925 concentration: 0 pptv
Tue Mar 21 15:37:31 2023:DEBUG:run: date: 1926 concentration: 0 pptv
Tue Mar 21 15:37:31 2023:DEBUG:run: date: 1927 concentration: 0 pptv
Tue Mar 21 15:37:31 2023:DEBUG:run: date: 1928 concentration: 0.00061361 pptv
Tue Mar 21 15:37:31 2023:DEBUG:run: date: 1929 concentration: 0.0104828 pptv
Tue Mar 21 15:37:31 2023:DEBUG:run: date: 1930 concentration: 0.0448544 pptv
Tue Mar 21 15:37:31 2023:DEBUG:run: date: 1931 concentration: 0.0932669 pptv
Tue Mar 21 15:37:31 2023:DEBUG:run: date: 1932 concentration: 0.139837 pptv
Tue Mar 21 15:37:31 2023:DEBUG:run: date: 1933 concentration: 0.186361 pptv
Tue Mar 21 15:37:31 2023:DEBUG:run: date: 1934 concentration: 0.23284 pptv
Tue Mar 21 15:37:31 2023:DEBUG:run: date: 1935 concentration: 0.279274 pptv
Tue Mar 21 15:37:31 2023:DEBUG:run: date: 1936 concentration: 0.325665 pptv
Tue Mar 21 15:37:31 2023:DEBUG:run: date: 1937 concentration: 0.372012 pptv
Tue Mar 21 15:37:31 2023:DEBUG:run: date: 1938 concentration: 0.418316 pptv
Tue Mar 21 15:37:31 2023:DEBUG:run: date: 1939 concentration: 0.464577 pptv
Tue Mar 21 15:37:31 2023:DEBUG:run: date: 1940 concentration: 0.510797 pptv
Tue Mar 21 15:37:31 2023:DEBUG:run: date: 1941 concentration: 0.556975 pptv
Tue Mar 21 15:37:31 2023:DEBUG:run: date: 1942 concentration: 0.603112 pptv
Tue Mar 21 15:37:31 2023:DEBUG:run: date: 1943 concentration: 0.649208 pptv
Tue Mar 21 15:37:31 2023:DEBUG:run: date: 1944 concentration: 0.695264 pptv
Tue Mar 21 15:37:31 2023:DEBUG:run: date: 1945 concentration: 0.741281 pptv
Tue Mar 21 15:37:31 2023:DEBUG:run: date: 1946 concentration: 0.787259 pptv
Tue Mar 21 15:37:31 2023:DEBUG:run: date: 1947 concentration: 0.833198 pptv
Tue Mar 21 15:37:31 2023:DEBUG:run: date: 1948 concentration: 0.879098 pptv
Tue Mar 21 15:37:31 2023:DEBUG:run: date: 1949 concentration: 0.924695 pptv
Tue Mar 21 15:37:31 2023:DEBUG:run: date: 1950 concentration: 0.972537 pptv
Tue Mar 21 15:37:31 2023:DEBUG:run: date: 1951 concentration: 1.02509 pptv
Tue Mar 21 15:37:31 2023:DEBUG:run: date: 1952 concentration: 1.08421 pptv
Tue Mar 21 15:37:31 2023:DEBUG:run: date: 1953 concentration: 1.15548 pptv
Tue Mar 21 15:37:31 2023:DEBUG:run: date: 1954 concentration: 1.23855 pptv
Tue Mar 21 15:37:31 2023:DEBUG:run: date: 1955 concentration: 1.33251 pptv
Tue Mar 21 15:37:31 2023:DEBUG:run: date: 1956 concentration: 1.44298 pptv
Tue Mar 21 15:37:31 2023:DEBUG:run: date: 1957 concentration: 1.57236 pptv
Tue Mar 21 15:37:31 2023:DEBUG:run: date: 1958 concentration: 1.72003 pptv
Tue Mar 21 15:37:31 2023:DEBUG:run: date: 1959 concentration: 1.88823 pptv
Tue Mar 21 15:37:31 2023:DEBUG:run: date: 1960 concentration: 2.08194 pptv
Tue Mar 21 15:37:31 2023:DEBUG:run: date: 1961 concentration: 2.30607 pptv
Tue Mar 21 15:37:31 2023:DEBUG:run: date: 1962 concentration: 2.56248 pptv
Tue Mar 21 15:37:31 2023:DEBUG:run: date: 1963 concentration: 2.8553 pptv
Tue Mar 21 15:37:31 2023:DEBUG:run: date: 1964 concentration: 3.19504 pptv
Tue Mar 21 15:37:31 2023:DEBUG:run: date: 1965 concentration: 3.58596 pptv
Tue Mar 21 15:37:31 2023:DEBUG:run: date: 1966 concentration: 4.03184 pptv
Tue Mar 21 15:37:31 2023:DEBUG:run: date: 1967 concentration: 4.54238 pptv
Tue Mar 21 15:37:31 2023:DEBUG:run: date: 1968 concentration: 5.12936 pptv
Tue Mar 21 15:37:31 2023:DEBUG:run: date: 1969 concentration: 5.80454 pptv
Tue Mar 21 15:37:31 2023:DEBUG:run: date: 1970 concentration: 6.57909 pptv
Tue Mar 21 15:37:31 2023:DEBUG:run: date: 1971 concentration: 7.46698 pptv
Tue Mar 21 15:37:31 2023:DEBUG:run: date: 1972 concentration: 8.48412 pptv
Tue Mar 21 15:37:31 2023:DEBUG:run: date: 1973 concentration: 9.6519 pptv
Tue Mar 21 15:37:31 2023:DEBUG:run: date: 1974 concentration: 10.9908 pptv
Tue Mar 21 15:37:31 2023:DEBUG:run: date: 1975 concentration: 12.5593 pptv
Tue Mar 21 15:37:31 2023:DEBUG:run: date: 1976 concentration: 14.1 pptv
Tue Mar 21 15:37:31 2023:DEBUG:run: date: 1977 concentration: 15.5823 pptv
Tue Mar 21 15:37:31 2023:DEBUG:run: date: 1978 concentration: 17.5298 pptv
Tue Mar 21 15:37:31 2023:DEBUG:run: date: 1979 concentration: 20.1146 pptv
Tue Mar 21 15:37:31 2023:DEBUG:run: date: 1980 concentration: 23.4238 pptv
Tue Mar 21 15:37:31 2023:DEBUG:run: date: 1981 concentration: 26.9365 pptv
Tue Mar 21 15:37:31 2023:DEBUG:run: date: 1982 concentration: 30.4118 pptv
Tue Mar 21 15:37:31 2023:DEBUG:run: date: 1983 concentration: 34.5001 pptv
Tue Mar 21 15:37:31 2023:DEBUG:run: date: 1984 concentration: 39.0452 pptv
Tue Mar 21 15:37:31 2023:DEBUG:run: date: 1985 concentration: 44.2252 pptv
Tue Mar 21 15:37:31 2023:DEBUG:run: date: 1986 concentration: 50.3845 pptv
Tue Mar 21 15:37:31 2023:DEBUG:run: date: 1987 concentration: 56.7146 pptv
Tue Mar 21 15:37:31 2023:DEBUG:run: date: 1988 concentration: 62.6944 pptv
Tue Mar 21 15:37:31 2023:DEBUG:run: date: 1989 concentration: 68.2355 pptv
Tue Mar 21 15:37:31 2023:DEBUG:run: date: 1990 concentration: 72.6507 pptv
Tue Mar 21 15:37:31 2023:DEBUG:run: date: 1991 concentration: 75.3576 pptv
Tue Mar 21 15:37:31 2023:DEBUG:run: date: 1992 concentration: 76.6684 pptv
Tue Mar 21 15:37:31 2023:DEBUG:run: date: 1993 concentration: 77.2624 pptv
Tue Mar 21 15:37:31 2023:DEBUG:run: date: 1994 concentration: 77.4662 pptv
Tue Mar 21 15:37:31 2023:DEBUG:run: date: 1995 concentration: 77.2521 pptv
Tue Mar 21 15:37:31 2023:DEBUG:run: date: 1996 concentration: 76.732 pptv
Tue Mar 21 15:37:31 2023:DEBUG:run: date: 1997 concentration: 76.1411 pptv
Tue Mar 21 15:37:31 2023:DEBUG:run: date: 1998 concentration: 75.6336 pptv
Tue Mar 21 15:37:31 2023:DEBUG:run: date: 1999 concentration: 75.1633 pptv
Tue Mar 21 15:37:31 2023:DEBUG:run: date: 2000 concentration: 74.5614 pptv
Tue Mar 21 15:37:31 2023:DEBUG:run: date: 2001 concentration: 73.865 pptv
Tue Mar 21 15:37:31 2023:DEBUG:run: date: 2002 concentration: 73.094 pptv
Tue Mar 21 15:37:31 2023:DEBUG:run: date: 2003 concentration: 72.4092 pptv
Tue Mar 21 15:37:31 2023:DEBUG:run: date: 2004 concentration: 71.834 pptv
Tue Mar 21 15:37:31 2023:DEBUG:run: date: 2005 concentration: 71.1304 pptv
Tue Mar 21 15:37:31 2023:DEBUG:run: date: 2006 concentration: 70.3175 pptv
Tue Mar 21 15:37:31 2023:DEBUG:run: date: 2007 concentration: 69.628 pptv
Tue Mar 21 15:37:31 2023:DEBUG:run: date: 2008 concentration: 69.0595 pptv
Tue Mar 21 15:37:31 2023:DEBUG:run: date: 2009 concentration: 68.4224 pptv
Tue Mar 21 15:37:31 2023:DEBUG:run: date: 2010 concentration: 67.752 pptv
Tue Mar 21 15:37:31 2023:DEBUG:run: date: 2011 concentration: 67.0959 pptv
Tue Mar 21 15:37:31 2023:DEBUG:run: date: 2012 concentration: 66.472 pptv
Tue Mar 21 15:37:31 2023:DEBUG:run: date: 2013 concentration: 65.8866 pptv
Tue Mar 21 15:37:31 2023:DEBUG:run: date: 2014 concentration: 65.1986 pptv
Tue Mar 21 15:37:31 2023:DEBUG:run: date: 2015 concentration: 64.4619 pptv
Tue Mar 21 15:37:31 2023:DEBUG:run: date: 2016 concentration: 63.731 pptv
Tue Mar 21 15:37:31 2023:DEBUG:run: date: 2017 concentration: 63.0059 pptv
Tue Mar 21 15:37:31 2023:DEBUG:run: date: 2018 concentration: 62.2866 pptv
Tue Mar 21 15:37:31 2023:DEBUG:run: date: 2019 concentration: 61.5729 pptv
Tue Mar 21 15:37:31 2023:DEBUG:run: date: 2020 concentration: 60.8649 pptv
Tue Mar 21 15:37:31 2023:DEBUG:run: date: 2021 concentration: 60.1642 pptv
Tue Mar 21 15:37:31 2023:DEBUG:run: date: 2022 concentration: 59.4708 pptv
Tue Mar 21 15:37:31 2023:DEBUG:run: date: 2023 concentration: 58.7845 pptv
Tue Mar 21 15:37:31 2023:DEBUG:run: date: 2024 concentration: 58.1053 pptv
Tue Mar 21 15:37:31 2023:DEBUG:run: date: 2025 concentration: 57.4331 pptv
Tue Mar 21 15:37:31 2023:DEBUG:run: date: 2026 concentration: 56.7679 pptv
Tue Mar 21 15:37:31 2023:DEBUG:run: date: 2027 concentration: 56.1094 pptv
Tue Mar 21 15:37:31 2023:DEBUG:run: date: 2028 concentration: 55.4577 pptv
Tue Mar 21 15:37:31 2023:DEBUG:run: date: 2029 concentration: 54.8127 pptv
Tue Mar 21 15:37:31 2023:DEBUG:run: date: 2030 concentration: 54.1744 pptv
Tue Mar 21 15:37:31 2023:DEBUG:run: date: 2031 concentration: 53.5432 pptv
Tue Mar 21 15:37:31 2023:DEBUG:run: date: 2032 concentration: 52.9192 pptv
Tue Mar 21 15:37:31 2023:DEBUG:run: date: 2033 concentration: 52.3024 pptv
Tue Mar 21 15:37:31 2023:DEBUG:run: date: 2034 concentration: 51.6925 pptv
Tue Mar 21 15:37:31 2023:DEBUG:run: date: 2035 concentration: 51.0895 pptv
Tue Mar 21 15:37:31 2023:DEBUG:run: date: 2036 concentration: 50.4934 pptv
Tue Mar 21 15:37:31 2023:DEBUG:run: date: 2037 concentration: 49.9041 pptv
Tue Mar 21 15:37:31 2023:DEBUG:run: date: 2038 concentration: 49.3214 pptv
Tue Mar 21 15:37:31 2023:DEBUG:run: date: 2039 concentration: 48.7454 pptv
Tue Mar 21 15:37:31 2023:DEBUG:run: date: 2040 concentration: 48.1759 pptv
Tue Mar 21 15:37:31 2023:DEBUG:run: date: 2041 concentration: 47.613 pptv
Tue Mar 21 15:37:31 2023:DEBUG:run: date: 2042 concentration: 47.0566 pptv
Tue Mar 21 15:37:31 2023:DEBUG:run: date: 2043 concentration: 46.5067 pptv
Tue Mar 21 15:37:31 2023:DEBUG:run: date: 2044 concentration: 45.9632 pptv
Tue Mar 21 15:37:31 2023:DEBUG:run: date: 2045 concentration: 45.4259 pptv
Tue Mar 21 15:37:31 2023:DEBUG:run: date: 2046 concentration: 44.895 pptv
Tue Mar 21 15:37:31 2023:DEBUG:run: date: 2047 concentration: 44.3702 pptv
Tue Mar 21 15:37:31 2023:DEBUG:run: date: 2048 concentration: 43.8514 pptv
Tue Mar 21 15:37:31 2023:DEBUG:run: date: 2049 concentration: 43.3387 pptv
Tue Mar 21 15:37:31 2023:DEBUG:run: date: 2050 concentration: 42.832 pptv
Tue Mar 21 15:37:31 2023:DEBUG:run: date: 2051 concentration: 42.3312 pptv
Tue Mar 21 15:37:31 2023:DEBUG:run: date: 2052 concentration: 41.8362 pptv
Tue Mar 21 15:37:31 2023:DEBUG:run: date: 2053 concentration: 41.347 pptv
Tue Mar 21 15:37:31 2023:DEBUG:run: date: 2054 concentration: 40.8635 pptv
Tue Mar 21 15:37:31 2023:DEBUG:run: date: 2055 concentration: 40.3856 pptv
Tue Mar 21 15:37:31 2023:DEBUG:run: date: 2056 concentration: 39.9133 pptv
Tue Mar 21 15:37:31 2023:DEBUG:run: date: 2057 concentration: 39.4466 pptv
Tue Mar 21 15:37:31 2023:DEBUG:run: date: 2058 concentration: 38.9853 pptv
Tue Mar 21 15:37:31 2023:DEBUG:run: date: 2059 concentration: 38.5294 pptv
Tue Mar 21 15:37:31 2023:DEBUG:run: date: 2060 concentration: 38.0788 pptv
Tue Mar 21 15:37:31 2023:DEBUG:run: date: 2061 concentration: 37.6334 pptv
Tue Mar 21 15:37:31 2023:DEBUG:run: date: 2062 concentration: 37.1933 pptv
Tue Mar 21 15:37:31 2023:DEBUG:run: date: 2063 concentration: 36.7583 pptv
Tue Mar 21 15:37:31 2023:DEBUG:run: date: 2064 concentration: 36.3284 pptv
Tue Mar 21 15:37:31 2023:DEBUG:run: date: 2065 concentration: 35.9035 pptv
Tue Mar 21 15:37:31 2023:DEBUG:run: date: 2066 concentration: 35.4836 pptv
Tue Mar 21 15:37:31 2023:DEBUG:run: date: 2067 concentration: 35.0686 pptv
Tue Mar 21 15:37:31 2023:DEBUG:run: date: 2068 concentration: 34.6585 pptv
Tue Mar 21 15:37:31 2023:DEBUG:run: date: 2069 concentration: 34.2531 pptv
Tue Mar 21 15:37:31 2023:DEBUG:run: date: 2070 concentration: 33.8525 pptv
Tue Mar 21 15:37:31 2023:DEBUG:run: date: 2071 concentration: 33.4566 pptv
Tue Mar 21 15:37:31 2023:DEBUG:run: date: 2072 concentration: 33.0653 pptv
Tue Mar 21 15:37:31 2023:DEBUG:run: date: 2073 concentration: 32.6786 pptv
Tue Mar 21 15:37:31 2023:DEBUG:run: date: 2074 concentration: 32.2964 pptv
Tue Mar 21 15:37:31 2023:DEBUG:run: date: 2075 concentration: 31.9187 pptv
Tue Mar 21 15:37:31 2023:DEBUG:run: date: 2076 concentration: 31.5454 pptv
Tue Mar 21 15:37:31 2023:DEBUG:run: date: 2077 concentration: 31.1764 pptv
Tue Mar 21 15:37:31 2023:DEBUG:run: date: 2078 concentration: 30.8118 pptv
Tue Mar 21 15:37:31 2023:DEBUG:run: date: 2079 concentration: 30.4514 pptv
Tue Mar 21 15:37:31 2023:DEBUG:run: date: 2080 concentration: 30.0953 pptv
Tue Mar 21 15:37:31 2023:DEBUG:run: date: 2081 concentration: 29.7433 pptv
Tue Mar 21 15:37:31 2023:DEBUG:run: date: 2082 concentration: 29.3954 pptv
Tue Mar 21 15:37:31 2023:DEBUG:run: date: 2083 concentration: 29.0516 pptv
Tue Mar 21 15:37:31 2023:DEBUG:run: date: 2084 concentration: 28.7118 pptv
Tue Mar 21 15:37:31 2023:DEBUG:run: date: 2085 concentration: 28.376 pptv
Tue Mar 21 15:37:31 2023:DEBUG:run: date: 2086 concentration: 28.0441 pptv
Tue Mar 21 15:37:32 2023:DEBUG:run: date: 2087 concentration: 27.7161 pptv
Tue Mar 21 15:37:32 2023:DEBUG:run: date: 2088 concentration: 27.392 pptv
Tue Mar 21 15:37:32 2023:DEBUG:run: date: 2089 concentration: 27.0716 pptv
Tue Mar 21 15:37:32 2023:DEBUG:run: date: 2090 concentration: 26.755 pptv
Tue Mar 21 15:37:32 2023:DEBUG:run: date: 2091 concentration: 26.4421 pptv
Tue Mar 21 15:37:32 2023:DEBUG:run: date: 2092 concentration: 26.1328 pptv
Tue Mar 21 15:37:32 2023:DEBUG:run: date: 2093 concentration: 25.8272 pptv
Tue Mar 21 15:37:32 2023:DEBUG:run: date: 2094 concentration: 25.5251 pptv
Tue Mar 21 15:37:32 2023:DEBUG:run: date: 2095 concentration: 25.2266 pptv
Tue Mar 21 15:37:32 2023:DEBUG:run: date: 2096 concentration: 24.9315 pptv
Tue Mar 21 15:37:32 2023:DEBUG:run: date: 2097 concentration: 24.6399 pptv
Tue Mar 21 15:37:32 2023:DEBUG:run: date: 2098 concentration: 24.3517 pptv
Tue Mar 21 15:37:32 2023:DEBUG:run: date: 2099 concentration: 24.0669 pptv
Tue Mar 21 15:37:32 2023:DEBUG:run: date: 2100 concentration: 23.7854 pptv
Tue Mar 21 15:37:32 2023:DEBUG:run: date: 2101 concentration: 23.5072 pptv
Tue Mar 21 15:37:32 2023:DEBUG:run: date: 2102 concentration: 23.2323 pptv
Tue Mar 21 15:37:32 2023:DEBUG:run: date: 2103 concentration: 22.9606 pptv
Tue Mar 21 15:37:32 2023:DEBUG:run: date: 2104 concentration: 22.6921 pptv
Tue Mar 21 15:37:32 2023:DEBUG:run: date: 2105 concentration: 22.4267 pptv
Tue Mar 21 15:37:32 2023:DEBUG:run: date: 2106 concentration: 22.1644 pptv
Tue Mar 21 15:37:32 2023:DEBUG:run: date: 2107 concentration: 21.9051 pptv
Tue Mar 21 15:37:32 2023:DEBUG:run: date: 2108 concentration: 21.6489 pptv
Tue Mar 21 15:37:32 2023:DEBUG:run: date: 2109 concentration: 21.3957 pptv
Tue Mar 21 15:37:32 2023:DEBUG:run: date: 2110 concentration: 21.1455 pptv
Tue Mar 21 15:37:32 2023:DEBUG:run: date: 2111 concentration: 20.8982 pptv
Tue Mar 21 15:37:32 2023:DEBUG:run: date: 2112 concentration: 20.6538 pptv
Tue Mar 21 15:37:32 2023:DEBUG:run: date: 2113 concentration: 20.4122 pptv
Tue Mar 21 15:37:32 2023:DEBUG:run: date: 2114 concentration: 20.1735 pptv
Tue Mar 21 15:37:32 2023:DEBUG:run: date: 2115 concentration: 19.9375 pptv
Tue Mar 21 15:37:32 2023:DEBUG:run: date: 2116 concentration: 19.7043 pptv
Tue Mar 21 15:37:32 2023:DEBUG:run: date: 2117 concentration: 19.4739 pptv
Tue Mar 21 15:37:32 2023:DEBUG:run: date: 2118 concentration: 19.2461 pptv
Tue Mar 21 15:37:32 2023:DEBUG:run: date: 2119 concentration: 19.021 pptv
Tue Mar 21 15:37:32 2023:DEBUG:run: date: 2120 concentration: 18.7985 pptv
Tue Mar 21 15:37:32 2023:DEBUG:run: date: 2121 concentration: 18.5787 pptv
Tue Mar 21 15:37:32 2023:DEBUG:run: date: 2122 concentration: 18.3614 pptv
Tue Mar 21 15:37:32 2023:DEBUG:run: date: 2123 concentration: 18.1466 pptv
Tue Mar 21 15:37:32 2023:DEBUG:run: date: 2124 concentration: 17.9344 pptv
Tue Mar 21 15:37:32 2023:DEBUG:run: date: 2125 concentration: 17.7246 pptv
Tue Mar 21 15:37:32 2023:DEBUG:run: date: 2126 concentration: 17.5173 pptv
Tue Mar 21 15:37:32 2023:DEBUG:run: date: 2127 concentration: 17.3125 pptv
Tue Mar 21 15:37:32 2023:DEBUG:run: date: 2128 concentration: 17.11 pptv
Tue Mar 21 15:37:32 2023:DEBUG:run: date: 2129 concentration: 16.9099 pptv
Tue Mar 21 15:37:32 2023:DEBUG:run: date: 2130 concentration: 16.7121 pptv
Tue Mar 21 15:37:32 2023:DEBUG:run: date: 2131 concentration: 16.5166 pptv
Tue Mar 21 15:37:32 2023:DEBUG:run: date: 2132 concentration: 16.3235 pptv
Tue Mar 21 15:37:32 2023:DEBUG:run: date: 2133 concentration: 16.1325 pptv
Tue Mar 21 15:37:32 2023:DEBUG:run: date: 2134 concentration: 15.9439 pptv
Tue Mar 21 15:37:32 2023:DEBUG:run: date: 2135 concentration: 15.7574 pptv
Tue Mar 21 15:37:32 2023:DEBUG:run: date: 2136 concentration: 15.5731 pptv
Tue Mar 21 15:37:32 2023:DEBUG:run: date: 2137 concentration: 15.3909 pptv
Tue Mar 21 15:37:32 2023:DEBUG:run: date: 2138 concentration: 15.2109 pptv
Tue Mar 21 15:37:32 2023:DEBUG:run: date: 2139 concentration: 15.033 pptv
Tue Mar 21 15:37:32 2023:DEBUG:run: date: 2140 concentration: 14.8572 pptv
Tue Mar 21 15:37:32 2023:DEBUG:run: date: 2141 concentration: 14.6834 pptv
Tue Mar 21 15:37:32 2023:DEBUG:run: date: 2142 concentration: 14.5117 pptv
Tue Mar 21 15:37:32 2023:DEBUG:run: date: 2143 concentration: 14.342 pptv
Tue Mar 21 15:37:32 2023:DEBUG:run: date: 2144 concentration: 14.1742 pptv
Tue Mar 21 15:37:32 2023:DEBUG:run: date: 2145 concentration: 14.0085 pptv
Tue Mar 21 15:37:32 2023:DEBUG:run: date: 2146 concentration: 13.8446 pptv
Tue Mar 21 15:37:32 2023:DEBUG:run: date: 2147 concentration: 13.6827 pptv
Tue Mar 21 15:37:32 2023:DEBUG:run: date: 2148 concentration: 13.5227 pptv
Tue Mar 21 15:37:32 2023:DEBUG:run: date: 2149 concentration: 13.3645 pptv
Tue Mar 21 15:37:32 2023:DEBUG:run: date: 2150 concentration: 13.2082 pptv
Tue Mar 21 15:37:32 2023:DEBUG:run: date: 2151 concentration: 13.0537 pptv
Tue Mar 21 15:37:32 2023:DEBUG:run: date: 2152 concentration: 12.9011 pptv
Tue Mar 21 15:37:32 2023:DEBUG:run: date: 2153 concentration: 12.7502 pptv
Tue Mar 21 15:37:32 2023:DEBUG:run: date: 2154 concentration: 12.601 pptv
Tue Mar 21 15:37:32 2023:DEBUG:run: date: 2155 concentration: 12.4537 pptv
Tue Mar 21 15:37:32 2023:DEBUG:run: date: 2156 concentration: 12.308 pptv
Tue Mar 21 15:37:32 2023:DEBUG:run: date: 2157 concentration: 12.1641 pptv
Tue Mar 21 15:37:32 2023:DEBUG:run: date: 2158 concentration: 12.0218 pptv
Tue Mar 21 15:37:32 2023:DEBUG:run: date: 2159 concentration: 11.8812 pptv
Tue Mar 21 15:37:32 2023:DEBUG:run: date: 2160 concentration: 11.7422 pptv
Tue Mar 21 15:37:32 2023:DEBUG:run: date: 2161 concentration: 11.6049 pptv
Tue Mar 21 15:37:32 2023:DEBUG:run: date: 2162 concentration: 11.4692 pptv
Tue Mar 21 15:37:32 2023:DEBUG:run: date: 2163 concentration: 11.335 pptv
Tue Mar 21 15:37:32 2023:DEBUG:run: date: 2164 concentration: 11.2024 pptv
Tue Mar 21 15:37:32 2023:DEBUG:run: date: 2165 concentration: 11.0714 pptv
Tue Mar 21 15:37:32 2023:DEBUG:run: date: 2166 concentration: 10.9419 pptv
Tue Mar 21 15:37:32 2023:DEBUG:run: date: 2167 concentration: 10.814 pptv
Tue Mar 21 15:37:32 2023:DEBUG:run: date: 2168 concentration: 10.6875 pptv
Tue Mar 21 15:37:32 2023:DEBUG:run: date: 2169 concentration: 10.5625 pptv
Tue Mar 21 15:37:32 2023:DEBUG:run: date: 2170 concentration: 10.439 pptv
Tue Mar 21 15:37:32 2023:DEBUG:run: date: 2171 concentration: 10.3169 pptv
Tue Mar 21 15:37:32 2023:DEBUG:run: date: 2172 concentration: 10.1962 pptv
Tue Mar 21 15:37:32 2023:DEBUG:run: date: 2173 concentration: 10.0769 pptv
Tue Mar 21 15:37:32 2023:DEBUG:run: date: 2174 concentration: 9.95909 pptv
Tue Mar 21 15:37:32 2023:DEBUG:run: date: 2175 concentration: 9.84261 pptv
Tue Mar 21 15:37:32 2023:DEBUG:run: date: 2176 concentration: 9.72749 pptv
Tue Mar 21 15:37:32 2023:DEBUG:run: date: 2177 concentration: 9.61372 pptv
Tue Mar 21 15:37:32 2023:DEBUG:run: date: 2178 concentration: 9.50128 pptv
Tue Mar 21 15:37:32 2023:DEBUG:run: date: 2179 concentration: 9.39016 pptv
Tue Mar 21 15:37:32 2023:DEBUG:run: date: 2180 concentration: 9.28033 pptv
Tue Mar 21 15:37:32 2023:DEBUG:run: date: 2181 concentration: 9.17179 pptv
Tue Mar 21 15:37:32 2023:DEBUG:run: date: 2182 concentration: 9.06452 pptv
Tue Mar 21 15:37:32 2023:DEBUG:run: date: 2183 concentration: 8.9585 pptv
Tue Mar 21 15:37:32 2023:DEBUG:run: date: 2184 concentration: 8.85373 pptv
Tue Mar 21 15:37:32 2023:DEBUG:run: date: 2185 concentration: 8.75017 pptv
Tue Mar 21 15:37:32 2023:DEBUG:run: date: 2186 concentration: 8.64783 pptv
Tue Mar 21 15:37:32 2023:DEBUG:run: date: 2187 concentration: 8.54669 pptv
Tue Mar 21 15:37:32 2023:DEBUG:run: date: 2188 concentration: 8.44673 pptv
Tue Mar 21 15:37:32 2023:DEBUG:run: date: 2189 concentration: 8.34794 pptv
Tue Mar 21 15:37:32 2023:DEBUG:run: date: 2190 concentration: 8.2503 pptv
Tue Mar 21 15:37:32 2023:DEBUG:run: date: 2191 concentration: 8.15381 pptv
Tue Mar 21 15:37:32 2023:DEBUG:run: date: 2192 concentration: 8.05845 pptv
Tue Mar 21 15:37:32 2023:DEBUG:run: date: 2193 concentration: 7.9642 pptv
Tue Mar 21 15:37:32 2023:DEBUG:run: date: 2194 concentration: 7.87105 pptv
Tue Mar 21 15:37:32 2023:DEBUG:run: date: 2195 concentration: 7.77899 pptv
Tue Mar 21 15:37:32 2023:DEBUG:run: date: 2196 concentration: 7.68801 pptv
Tue Mar 21 15:37:32 2023:DEBUG:run: date: 2197 concentration: 7.59809 pptv
Tue Mar 21 15:37:32 2023:DEBUG:run: date: 2198 concentration: 7.50923 pptv
Tue Mar 21 15:37:32 2023:DEBUG:run: date: 2199 concentration: 7.4214 pptv
Tue Mar 21 15:37:32 2023:DEBUG:run: date: 2200 concentration: 7.3346 pptv
Tue Mar 21 15:37:32 2023:DEBUG:run: date: 2201 concentration: 7.24882 pptv
Tue Mar 21 15:37:32 2023:DEBUG:run: date: 2202 concentration: 7.16404 pptv
Tue Mar 21 15:37:32 2023:DEBUG:run: date: 2203 concentration: 7.08025 pptv
Tue Mar 21 15:37:32 2023:DEBUG:run: date: 2204 concentration: 6.99744 pptv
Tue Mar 21 15:37:32 2023:DEBUG:run: date: 2205 concentration: 6.9156 pptv
Tue Mar 21 15:37:32 2023:DEBUG:run: date: 2206 concentration: 6.83471 pptv
Tue Mar 21 15:37:32 2023:DEBUG:run: date: 2207 concentration: 6.75478 pptv
Tue Mar 21 15:37:32 2023:DEBUG:run: date: 2208 concentration: 6.67578 pptv
Tue Mar 21 15:37:32 2023:DEBUG:run: date: 2209 concentration: 6.5977 pptv
Tue Mar 21 15:37:32 2023:DEBUG:run: date: 2210 concentration: 6.52053 pptv
Tue Mar 21 15:37:32 2023:DEBUG:run: date: 2211 concentration: 6.44427 pptv
Tue Mar 21 15:37:32 2023:DEBUG:run: date: 2212 concentration: 6.3689 pptv
Tue Mar 21 15:37:32 2023:DEBUG:run: date: 2213 concentration: 6.29441 pptv
Tue Mar 21 15:37:32 2023:DEBUG:run: date: 2214 concentration: 6.22079 pptv
Tue Mar 21 15:37:32 2023:DEBUG:run: date: 2215 concentration: 6.14803 pptv
Tue Mar 21 15:37:32 2023:DEBUG:run: date: 2216 concentration: 6.07613 pptv
Tue Mar 21 15:37:32 2023:DEBUG:run: date: 2217 concentration: 6.00506 pptv
Tue Mar 21 15:37:32 2023:DEBUG:run: date: 2218 concentration: 5.93483 pptv
Tue Mar 21 15:37:32 2023:DEBUG:run: date: 2219 concentration: 5.86542 pptv
Tue Mar 21 15:37:32 2023:DEBUG:run: date: 2220 concentration: 5.79682 pptv
Tue Mar 21 15:37:32 2023:DEBUG:run: date: 2221 concentration: 5.72902 pptv
Tue Mar 21 15:37:32 2023:DEBUG:run: date: 2222 concentration: 5.66201 pptv
Tue Mar 21 15:37:32 2023:DEBUG:run: date: 2223 concentration: 5.59579 pptv
Tue Mar 21 15:37:32 2023:DEBUG:run: date: 2224 concentration: 5.53034 pptv
Tue Mar 21 15:37:32 2023:DEBUG:run: date: 2225 concentration: 5.46566 pptv
Tue Mar 21 15:37:32 2023:DEBUG:run: date: 2226 concentration: 5.40174 pptv
Tue Mar 21 15:37:32 2023:DEBUG:run: date: 2227 concentration: 5.33856 pptv
Tue Mar 21 15:37:32 2023:DEBUG:run: date: 2228 concentration: 5.27612 pptv
Tue Mar 21 15:37:32 2023:DEBUG:run: date: 2229 concentration: 5.21441 pptv
Tue Mar 21 15:37:32 2023:DEBUG:run: date: 2230 concentration: 5.15343 pptv
Tue Mar 21 15:37:32 2023:DEBUG:run: date: 2231 concentration: 5.09315 pptv
Tue Mar 21 15:37:32 2023:DEBUG:run: date: 2232 concentration: 5.03358 pptv
Tue Mar 21 15:37:32 2023:DEBUG:run: date: 2233 concentration: 4.97471 pptv
Tue Mar 21 15:37:32 2023:DEBUG:run: date: 2234 concentration: 4.91653 pptv
Tue Mar 21 15:37:32 2023:DEBUG:run: date: 2235 concentration: 4.85903 pptv
Tue Mar 21 15:37:32 2023:DEBUG:run: date: 2236 concentration: 4.8022 pptv
Tue Mar 21 15:37:32 2023:DEBUG:run: date: 2237 concentration: 4.74603 pptv
Tue Mar 21 15:37:32 2023:DEBUG:run: date: 2238 concentration: 4.69052 pptv
Tue Mar 21 15:37:32 2023:DEBUG:run: date: 2239 concentration: 4.63566 pptv
Tue Mar 21 15:37:32 2023:DEBUG:run: date: 2240 concentration: 4.58145 pptv
Tue Mar 21 15:37:32 2023:DEBUG:run: date: 2241 concentration: 4.52786 pptv
Tue Mar 21 15:37:32 2023:DEBUG:run: date: 2242 concentration: 4.47491 pptv
Tue Mar 21 15:37:32 2023:DEBUG:run: date: 2243 concentration: 4.42257 pptv
Tue Mar 21 15:37:32 2023:DEBUG:run: date: 2244 concentration: 4.37084 pptv
Tue Mar 21 15:37:32 2023:DEBUG:run: date: 2245 concentration: 4.31972 pptv
Tue Mar 21 15:37:32 2023:DEBUG:run: date: 2246 concentration: 4.2692 pptv
Tue Mar 21 15:37:32 2023:DEBUG:run: date: 2247 concentration: 4.21927 pptv
Tue Mar 21 15:37:32 2023:DEBUG:run: date: 2248 concentration: 4.16992 pptv
Tue Mar 21 15:37:32 2023:DEBUG:run: date: 2249 concentration: 4.12115 pptv
Tue Mar 21 15:37:32 2023:DEBUG:run: date: 2250 concentration: 4.07295 pptv
Tue Mar 21 15:37:32 2023:DEBUG:run: date: 2251 concentration: 4.02531 pptv
Tue Mar 21 15:37:32 2023:DEBUG:run: date: 2252 concentration: 3.97824 pptv
Tue Mar 21 15:37:32 2023:DEBUG:run: date: 2253 concentration: 3.93171 pptv
Tue Mar 21 15:37:32 2023:DEBUG:run: date: 2254 concentration: 3.88572 pptv
Tue Mar 21 15:37:32 2023:DEBUG:run: date: 2255 concentration: 3.84028 pptv
Tue Mar 21 15:37:32 2023:DEBUG:run: date: 2256 concentration: 3.79536 pptv
Tue Mar 21 15:37:32 2023:DEBUG:run: date: 2257 concentration: 3.75097 pptv
Tue Mar 21 15:37:32 2023:DEBUG:run: date: 2258 concentration: 3.7071 pptv
Tue Mar 21 15:37:32 2023:DEBUG:run: date: 2259 concentration: 3.66374 pptv
Tue Mar 21 15:37:32 2023:DEBUG:run: date: 2260 concentration: 3.62089 pptv
Tue Mar 21 15:37:32 2023:DEBUG:run: date: 2261 concentration: 3.57854 pptv
Tue Mar 21 15:37:32 2023:DEBUG:run: date: 2262 concentration: 3.53669 pptv
Tue Mar 21 15:37:32 2023:DEBUG:run: date: 2263 concentration: 3.49533 pptv
Tue Mar 21 15:37:32 2023:DEBUG:run: date: 2264 concentration: 3.45445 pptv
Tue Mar 21 15:37:32 2023:DEBUG:run: date: 2265 concentration: 3.41404 pptv
Tue Mar 21 15:37:32 2023:DEBUG:run: date: 2266 concentration: 3.37411 pptv
Tue Mar 21 15:37:32 2023:DEBUG:run: date: 2267 concentration: 3.33465 pptv
Tue Mar 21 15:37:32 2023:DEBUG:run: date: 2268 concentration: 3.29565 pptv
Tue Mar 21 15:37:32 2023:DEBUG:run: date: 2269 concentration: 3.2571 pptv
Tue Mar 21 15:37:32 2023:DEBUG:run: date: 2270 concentration: 3.21901 pptv
Tue Mar 21 15:37:32 2023:DEBUG:run: date: 2271 concentration: 3.18136 pptv
Tue Mar 21 15:37:32 2023:DEBUG:run: date: 2272 concentration: 3.14415 pptv
Tue Mar 21 15:37:32 2023:DEBUG:run: date: 2273 concentration: 3.10738 pptv
Tue Mar 21 15:37:32 2023:DEBUG:run: date: 2274 concentration: 3.07104 pptv
Tue Mar 21 15:37:32 2023:DEBUG:run: date: 2275 concentration: 3.03512 pptv
Tue Mar 21 15:37:32 2023:DEBUG:run: date: 2276 concentration: 2.99962 pptv
Tue Mar 21 15:37:32 2023:DEBUG:run: date: 2277 concentration: 2.96454 pptv
Tue Mar 21 15:37:32 2023:DEBUG:run: date: 2278 concentration: 2.92986 pptv
Tue Mar 21 15:37:32 2023:DEBUG:run: date: 2279 concentration: 2.8956 pptv
Tue Mar 21 15:37:32 2023:DEBUG:run: date: 2280 concentration: 2.86173 pptv
Tue Mar 21 15:37:32 2023:DEBUG:run: date: 2281 concentration: 2.82826 pptv
Tue Mar 21 15:37:32 2023:DEBUG:run: date: 2282 concentration: 2.79518 pptv
Tue Mar 21 15:37:32 2023:DEBUG:run: date: 2283 concentration: 2.76249 pptv
Tue Mar 21 15:37:32 2023:DEBUG:run: date: 2284 concentration: 2.73018 pptv
Tue Mar 21 15:37:32 2023:DEBUG:run: date: 2285 concentration: 2.69825 pptv
Tue Mar 21 15:37:32 2023:DEBUG:run: date: 2286 concentration: 2.66669 pptv
Tue Mar 21 15:37:32 2023:DEBUG:run: date: 2287 concentration: 2.6355 pptv
Tue Mar 21 15:37:32 2023:DEBUG:run: date: 2288 concentration: 2.60468 pptv
Tue Mar 21 15:37:32 2023:DEBUG:run: date: 2289 concentration: 2.57421 pptv
Tue Mar 21 15:37:32 2023:DEBUG:run: date: 2290 concentration: 2.54411 pptv
Tue Mar 21 15:37:32 2023:DEBUG:run: date: 2291 concentration: 2.51435 pptv
Tue Mar 21 15:37:32 2023:DEBUG:run: date: 2292 concentration: 2.48494 pptv
Tue Mar 21 15:37:32 2023:DEBUG:run: date: 2293 concentration: 2.45588 pptv
Tue Mar 21 15:37:32 2023:DEBUG:run: date: 2294 concentration: 2.42716 pptv
Tue Mar 21 15:37:32 2023:DEBUG:run: date: 2295 concentration: 2.39877 pptv
Tue Mar 21 15:37:32 2023:DEBUG:run: date: 2296 concentration: 2.37071 pptv
Tue Mar 21 15:37:32 2023:DEBUG:run: date: 2297 concentration: 2.34299 pptv
Tue Mar 21 15:37:32 2023:DEBUG:run: date: 2298 concentration: 2.31558 pptv
Tue Mar 21 15:37:32 2023:DEBUG:run: date: 2299 concentration: 2.2885 pptv
Tue Mar 21 15:37:32 2023:DEBUG:run: date: 2300 concentration: 2.26174 pptv
