Tue Mar 21 15:37:28 2023:NOTICE:printLogHeader: hector version 2.5.0
Tue Mar 21 15:37:29 2023:DEBUG:setData: Setting tau[-1]=1700
Tue Mar 21 15:37:29 2023:DEBUG:setData: Setting rho[-1]=0.00018
Tue Mar 21 15:37:29 2023:DEBUG:setData: Setting CFC115_emissions[1765]=0
Tue Mar 21 15:37:29 2023:DEBUG:setData: Setting CFC115_emissions[1766]=0
Tue Mar 21 15:37:29 2023:DEBUG:setData: Setting CFC115_emissions[1767]=0
Tue Mar 21 15:37:29 2023:DEBUG:setData: Setting CFC115_emissions[1768]=0
Tue Mar 21 15:37:29 2023:DEBUG:setData: Setting CFC115_emissions[1769]=0
Tue Mar 21 15:37:29 2023:DEBUG:setData: Setting CFC115_emissions[1770]=0
Tue Mar 21 15:37:29 2023:DEBUG:setData: Setting CFC115_emissions[1771]=0
Tue Mar 21 15:37:29 2023:DEBUG:setData: Setting CFC115_emissions[1772]=0
Tue Mar 21 15:37:29 2023:DEBUG:setData: Setting CFC115_emissions[1773]=0
Tue Mar 21 15:37:29 2023:DEBUG:setData: Setting CFC115_emissions[1774]=0
Tue Mar 21 15:37:29 2023:DEBUG:setData: Setting CFC115_emissions[1775]=0
Tue Mar 21 15:37:29 2023:DEBUG:setData: Setting CFC115_emissions[1776]=0
Tue Mar 21 15:37:29 2023:DEBUG:setData: Setting CFC115_emissions[1777]=0
Tue Mar 21 15:37:29 2023:DEBUG:setData: Setting CFC115_emissions[1778]=0
Tue Mar 21 15:37:29 2023:DEBUG:setData: Setting CFC115_emissions[1779]=0
Tue Mar 21 15:37:29 2023:DEBUG:setData: Setting CFC115_emissions[1780]=0
Tue Mar 21 15:37:29 2023:DEBUG:setData: Setting CFC115_emissions[1781]=0
Tue Mar 21 15:37:29 2023:DEBUG:setData: Setting CFC115_emissions[1782]=0
Tue Mar 21 15:37:29 2023:DEBUG:setData: Setting CFC115_emissions[1783]=0
Tue Mar 21 15:37:29 2023:DEBUG:setData: Setting CFC115_emissions[1784]=0
Tue Mar 21 15:37:29 2023:DEBUG:setData: Setting CFC115_emissions[1785]=0
Tue Mar 21 15:37:29 2023:DEBUG:setData: Setting CFC115_emissions[1786]=0
Tue Mar 21 15:37:29 2023:DEBUG:setData: Setting CFC115_emissions[1787]=0
Tue Mar 21 15:37:29 2023:DEBUG:setData: Setting CFC115_emissions[1788]=0
Tue Mar 21 15:37:29 2023:DEBUG:setData: Setting CFC115_emissions[1789]=0
Tue Mar 21 15:37:29 2023:DEBUG:setData: Setting CFC115_emissions[1790]=0
Tue Mar 21 15:37:29 2023:DEBUG:setData: Setting CFC115_emissions[1791]=0
Tue Mar 21 15:37:29 2023:DEBUG:setData: Setting CFC115_emissions[1792]=0
Tue Mar 21 15:37:29 2023:DEBUG:setData: Setting CFC115_emissions[1793]=0
Tue Mar 21 15:37:29 2023:DEBUG:setData: Setting CFC115_emissions[1794]=0
Tue Mar 21 15:37:29 2023:DEBUG:setData: Setting CFC115_emissions[1795]=0
Tue Mar 21 15:37:29 2023:DEBUG:setData: Setting CFC115_emissions[1796]=0
Tue Mar 21 15:37:29 2023:DEBUG:setData: Setting CFC115_emissions[1797]=0
Tue Mar 21 15:37:29 2023:DEBUG:setData: Setting CFC115_emissions[1798]=0
Tue Mar 21 15:37:29 2023:DEBUG:setData: Setting CFC115_emissions[1799]=0
Tue Mar 21 15:37:29 2023:DEBUG:setData: Setting CFC115_emissions[1800]=0
Tue Mar 21 15:37:29 2023:DEBUG:setData: Setting CFC115_emissions[1801]=0
Tue Mar 21 15:37:29 2023:DEBUG:setData: Setting CFC115_emissions[1802]=0
Tue Mar 21 15:37:29 2023:DEBUG:setData: Setting CFC115_emissions[1803]=0
Tue Mar 21 15:37:29 2023:DEBUG:setData: Setting CFC115_emissions[1804]=0
Tue Mar 21 15:37:29 2023:DEBUG:setData: Setting CFC115_emissions[1805]=0
Tue Mar 21 15:37:29 2023:DEBUG:setData: Setting CFC115_emissions[1806]=0
Tue Mar 21 15:37:29 2023:DEBUG:setData: Setting CFC115_emissions[1807]=0
Tue Mar 21 15:37:29 2023:DEBUG:setData: Setting CFC115_emissions[1808]=0
Tue Mar 21 15:37:29 2023:DEBUG:setData: Setting CFC115_emissions[1809]=0
Tue Mar 21 15:37:29 2023:DEBUG:setData: Setting CFC115_emissions[1810]=0
Tue Mar 21 15:37:29 2023:DEBUG:setData: Setting CFC115_emissions[1811]=0
Tue Mar 21 15:37:29 2023:DEBUG:setData: Setting CFC115_emissions[1812]=0
Tue Mar 21 15:37:29 2023:DEBUG:setData: Setting CFC115_emissions[1813]=0
Tue Mar 21 15:37:29 2023:DEBUG:setData: Setting CFC115_emissions[1814]=0
Tue Mar 21 15:37:29 2023:DEBUG:setData: Setting CFC115_emissions[1815]=0
Tue Mar 21 15:37:29 2023:DEBUG:setData: Setting CFC115_emissions[1816]=0
Tue Mar 21 15:37:29 2023:DEBUG:setData: Setting CFC115_emissions[1817]=0
Tue Mar 21 15:37:29 2023:DEBUG:setData: Setting CFC115_emissions[1818]=0
Tue Mar 21 15:37:29 2023:DEBUG:setData: Setting CFC115_emissions[1819]=0
Tue Mar 21 15:37:29 2023:DEBUG:setData: Setting CFC115_emissions[1820]=0
Tue Mar 21 15:37:29 2023:DEBUG:setData: Setting CFC115_emissions[1821]=0
Tue Mar 21 15:37:29 2023:DEBUG:setData: Setting CFC115_emissions[1822]=0
Tue Mar 21 15:37:29 2023:DEBUG:setData: Setting CFC115_emissions[1823]=0
Tue Mar 21 15:37:29 2023:DEBUG:setData: Setting CFC115_emissions[1824]=0
Tue Mar 21 15:37:29 2023:DEBUG:setData: Setting CFC115_emissions[1825]=0
Tue Mar 21 15:37:29 2023:DEBUG:setData: Setting CFC115_emissions[1826]=0
Tue Mar 21 15:37:29 2023:DEBUG:setData: Setting CFC115_emissions[1827]=0
Tue Mar 21 15:37:29 2023:DEBUG:setData: Setting CFC115_emissions[1828]=0
Tue Mar 21 15:37:29 2023:DEBUG:setData: Setting CFC115_emissions[1829]=0
Tue Mar 21 15:37:29 2023:DEBUG:setData: Setting CFC115_emissions[1830]=0
Tue Mar 21 15:37:29 2023:DEBUG:setData: Setting CFC115_emissions[1831]=0
Tue Mar 21 15:37:29 2023:DEBUG:setData: Setting CFC115_emissions[1832]=0
Tue Mar 21 15:37:29 2023:DEBUG:setData: Setting CFC115_emissions[1833]=0
Tue Mar 21 15:37:29 2023:DEBUG:setData: Setting CFC115_emissions[1834]=0
Tue Mar 21 15:37:29 2023:DEBUG:setData: Setting CFC115_emissions[1835]=0
Tue Mar 21 15:37:29 2023:DEBUG:setData: Setting CFC115_emissions[1836]=0
Tue Mar 21 15:37:29 2023:DEBUG:setData: Setting CFC115_emissions[1837]=0
Tue Mar 21 15:37:29 2023:DEBUG:setData: Setting CFC115_emissions[1838]=0
Tue Mar 21 15:37:29 2023:DEBUG:setData: Setting CFC115_emissions[1839]=0
Tue Mar 21 15:37:29 2023:DEBUG:setData: Setting CFC115_emissions[1840]=0
Tue Mar 21 15:37:29 2023:DEBUG:setData: Setting CFC115_emissions[1841]=0
Tue Mar 21 15:37:29 2023:DEBUG:setData: Setting CFC115_emissions[1842]=0
Tue Mar 21 15:37:29 2023:DEBUG:setData: Setting CFC115_emissions[1843]=0
Tue Mar 21 15:37:29 2023:DEBUG:setData: Setting CFC115_emissions[1844]=0
Tue Mar 21 15:37:29 2023:DEBUG:setData: Setting CFC115_emissions[1845]=0
Tue Mar 21 15:37:29 2023:DEBUG:setData: Setting CFC115_emissions[1846]=0
Tue Mar 21 15:37:29 2023:DEBUG:setData: Setting CFC115_emissions[1847]=0
Tue Mar 21 15:37:29 2023:DEBUG:setData: Setting CFC115_emissions[1848]=0
Tue Mar 21 15:37:29 2023:DEBUG:setData: Setting CFC115_emissions[1849]=0
Tue Mar 21 15:37:29 2023:DEBUG:setData: Setting CFC115_emissions[1850]=0
Tue Mar 21 15:37:29 2023:DEBUG:setData: Setting CFC115_emissions[1851]=0
Tue Mar 21 15:37:29 2023:DEBUG:setData: Setting CFC115_emissions[1852]=0
Tue Mar 21 15:37:29 2023:DEBUG:setData: Setting CFC115_emissions[1853]=0
Tue Mar 21 15:37:29 2023:DEBUG:setData: Setting CFC115_emissions[1854]=0
Tue Mar 21 15:37:29 2023:DEBUG:setData: Setting CFC115_emissions[1855]=0
Tue Mar 21 15:37:29 2023:DEBUG:setData: Setting CFC115_emissions[1856]=0
Tue Mar 21 15:37:29 2023:DEBUG:setData: Setting CFC115_emissions[1857]=0
Tue Mar 21 15:37:29 2023:DEBUG:setData: Setting CFC115_emissions[1858]=0
Tue Mar 21 15:37:29 2023:DEBUG:setData: Setting CFC115_emissions[1859]=0
Tue Mar 21 15:37:29 2023:DEBUG:setData: Setting CFC115_emissions[1860]=0
Tue Mar 21 15:37:29 2023:DEBUG:setData: Setting CFC115_emissions[1861]=0
Tue Mar 21 15:37:29 2023:DEBUG:setData: Setting CFC115_emissions[1862]=0
Tue Mar 21 15:37:29 2023:DEBUG:setData: Setting CFC115_emissions[1863]=0
Tue Mar 21 15:37:29 2023:DEBUG:setData: Setting CFC115_emissions[1864]=0
Tue Mar 21 15:37:29 2023:DEBUG:setData: Setting CFC115_emissions[1865]=0
Tue Mar 21 15:37:29 2023:DEBUG:setData: Setting CFC115_emissions[1866]=0
Tue Mar 21 15:37:29 2023:DEBUG:setData: Setting CFC115_emissions[1867]=0
Tue Mar 21 15:37:29 2023:DEBUG:setData: Setting CFC115_emissions[1868]=0
Tue Mar 21 15:37:29 2023:DEBUG:setData: Setting CFC115_emissions[1869]=0
Tue Mar 21 15:37:29 2023:DEBUG:setData: Setting CFC115_emissions[1870]=0
Tue Mar 21 15:37:29 2023:DEBUG:setData: Setting CFC115_emissions[1871]=0
Tue Mar 21 15:37:29 2023:DEBUG:setData: Setting CFC115_emissions[1872]=0
Tue Mar 21 15:37:29 2023:DEBUG:setData: Setting CFC115_emissions[1873]=0
Tue Mar 21 15:37:29 2023:DEBUG:setData: Setting CFC115_emissions[1874]=0
Tue Mar 21 15:37:29 2023:DEBUG:setData: Setting CFC115_emissions[1875]=0
Tue Mar 21 15:37:29 2023:DEBUG:setData: Setting CFC115_emissions[1876]=0
Tue Mar 21 15:37:29 2023:DEBUG:setData: Setting CFC115_emissions[1877]=0
Tue Mar 21 15:37:29 2023:DEBUG:setData: Setting CFC115_emissions[1878]=0
Tue Mar 21 15:37:29 2023:DEBUG:setData: Setting CFC115_emissions[1879]=0
Tue Mar 21 15:37:29 2023:DEBUG:setData: Setting CFC115_emissions[1880]=0
Tue Mar 21 15:37:29 2023:DEBUG:setData: Setting CFC115_emissions[1881]=0
Tue Mar 21 15:37:29 2023:DEBUG:setData: Setting CFC115_emissions[1882]=0
Tue Mar 21 15:37:29 2023:DEBUG:setData: Setting CFC115_emissions[1883]=0
Tue Mar 21 15:37:29 2023:DEBUG:setData: Setting CFC115_emissions[1884]=0
Tue Mar 21 15:37:29 2023:DEBUG:setData: Setting CFC115_emissions[1885]=0
Tue Mar 21 15:37:29 2023:DEBUG:setData: Setting CFC115_emissions[1886]=0
Tue Mar 21 15:37:29 2023:DEBUG:setData: Setting CFC115_emissions[1887]=0
Tue Mar 21 15:37:29 2023:DEBUG:setData: Setting CFC115_emissions[1888]=0
Tue Mar 21 15:37:29 2023:DEBUG:setData: Setting CFC115_emissions[1889]=0
Tue Mar 21 15:37:29 2023:DEBUG:setData: Setting CFC115_emissions[1890]=0
Tue Mar 21 15:37:29 2023:DEBUG:setData: Setting CFC115_emissions[1891]=0
Tue Mar 21 15:37:29 2023:DEBUG:setData: Setting CFC115_emissions[1892]=0
Tue Mar 21 15:37:29 2023:DEBUG:setData: Setting CFC115_emissions[1893]=0
Tue Mar 21 15:37:29 2023:DEBUG:setData: Setting CFC115_emissions[1894]=0
Tue Mar 21 15:37:29 2023:DEBUG:setData: Setting CFC115_emissions[1895]=0
Tue Mar 21 15:37:29 2023:DEBUG:setData: Setting CFC115_emissions[1896]=0
Tue Mar 21 15:37:29 2023:DEBUG:setData: Setting CFC115_emissions[1897]=0
Tue Mar 21 15:37:29 2023:DEBUG:setData: Setting CFC115_emissions[1898]=0
Tue Mar 21 15:37:29 2023:DEBUG:setData: Setting CFC115_emissions[1899]=0
Tue Mar 21 15:37:29 2023:DEBUG:setData: Setting CFC115_emissions[1900]=0
Tue Mar 21 15:37:29 2023:DEBUG:setData: Setting CFC115_emissions[1901]=0
Tue Mar 21 15:37:29 2023:DEBUG:setData: Setting CFC115_emissions[1902]=0
Tue Mar 21 15:37:29 2023:DEBUG:setData: Setting CFC115_emissions[1903]=0
Tue Mar 21 15:37:29 2023:DEBUG:setData: Setting CFC115_emissions[1904]=0
Tue Mar 21 15:37:29 2023:DEBUG:setData: Setting CFC115_emissions[1905]=0
Tue Mar 21 15:37:29 2023:DEBUG:setData: Setting CFC115_emissions[1906]=0
Tue Mar 21 15:37:29 2023:DEBUG:setData: Setting CFC115_emissions[1907]=0
Tue Mar 21 15:37:29 2023:DEBUG:setData: Setting CFC115_emissions[1908]=0
Tue Mar 21 15:37:29 2023:DEBUG:setData: Setting CFC115_emissions[1909]=0
Tue Mar 21 15:37:29 2023:DEBUG:setData: Setting CFC115_emissions[1910]=0
Tue Mar 21 15:37:29 2023:DEBUG:setData: Setting CFC115_emissions[1911]=0
Tue Mar 21 15:37:29 2023:DEBUG:setData: Setting CFC115_emissions[1912]=0
Tue Mar 21 15:37:29 2023:DEBUG:setData: Setting CFC115_emissions[1913]=0
Tue Mar 21 15:37:29 2023:DEBUG:setData: Setting CFC115_emissions[1914]=0
Tue Mar 21 15:37:29 2023:DEBUG:setData: Setting CFC115_emissions[1915]=0
Tue Mar 21 15:37:29 2023:DEBUG:setData: Setting CFC115_emissions[1916]=0
Tue Mar 21 15:37:29 2023:DEBUG:setData: Setting CFC115_emissions[1917]=0
Tue Mar 21 15:37:29 2023:DEBUG:setData: Setting CFC115_emissions[1918]=0
Tue Mar 21 15:37:29 2023:DEBUG:setData: Setting CFC115_emissions[1919]=0
Tue Mar 21 15:37:29 2023:DEBUG:setData: Setting CFC115_emissions[1920]=0
Tue Mar 21 15:37:29 2023:DEBUG:setData: Setting CFC115_emissions[1921]=0
Tue Mar 21 15:37:29 2023:DEBUG:setData: Setting CFC115_emissions[1922]=0
Tue Mar 21 15:37:29 2023:DEBUG:setData: Setting CFC115_emissions[1923]=0
Tue Mar 21 15:37:29 2023:DEBUG:setData: Setting CFC115_emissions[1924]=0
Tue Mar 21 15:37:29 2023:DEBUG:setData: Setting CFC115_emissions[1925]=0
Tue Mar 21 15:37:29 2023:DEBUG:setData: Setting CFC115_emissions[1926]=0
Tue Mar 21 15:37:29 2023:DEBUG:setData: Setting CFC115_emissions[1927]=0
Tue Mar 21 15:37:29 2023:DEBUG:setData: Setting CFC115_emissions[1928]=0
Tue Mar 21 15:37:29 2023:DEBUG:setData: Setting CFC115_emissions[1929]=0
Tue Mar 21 15:37:29 2023:DEBUG:setData: Setting CFC115_emissions[1930]=0
Tue Mar 21 15:37:29 2023:DEBUG:setData: Setting CFC115_emissions[1931]=0
Tue Mar 21 15:37:29 2023:DEBUG:setData: Setting CFC115_emissions[1932]=0
Tue Mar 21 15:37:29 2023:DEBUG:setData: Setting CFC115_emissions[1933]=0
Tue Mar 21 15:37:29 2023:DEBUG:setData: Setting CFC115_emissions[1934]=0
Tue Mar 21 15:37:29 2023:DEBUG:setData: Setting CFC115_emissions[1935]=0
Tue Mar 21 15:37:29 2023:DEBUG:setData: Setting CFC115_emissions[1936]=0
Tue Mar 21 15:37:29 2023:DEBUG:setData: Setting CFC115_emissions[1937]=0
Tue Mar 21 15:37:29 2023:DEBUG:setData: Setting CFC115_emissions[1938]=0
Tue Mar 21 15:37:29 2023:DEBUG:setData: Setting CFC115_emissions[1939]=0
Tue Mar 21 15:37:29 2023:DEBUG:setData: Setting CFC115_emissions[1940]=0
Tue Mar 21 15:37:29 2023:DEBUG:setData: Setting CFC115_emissions[1941]=0
Tue Mar 21 15:37:29 2023:DEBUG:setData: Setting CFC115_emissions[1942]=0
Tue Mar 21 15:37:29 2023:DEBUG:setData: Setting CFC115_emissions[1943]=0
Tue Mar 21 15:37:29 2023:DEBUG:setData: Setting CFC115_emissions[1944]=0
Tue Mar 21 15:37:29 2023:DEBUG:setData: Setting CFC115_emissions[1945]=0
Tue Mar 21 15:37:29 2023:DEBUG:setData: Setting CFC115_emissions[1946]=0
Tue Mar 21 15:37:29 2023:DEBUG:setData: Setting CFC115_emissions[1947]=0
Tue Mar 21 15:37:29 2023:DEBUG:setData: Setting CFC115_emissions[1948]=0
Tue Mar 21 15:37:29 2023:DEBUG:setData: Setting CFC115_emissions[1949]=0
Tue Mar 21 15:37:29 2023:DEBUG:setData: Setting CFC115_emissions[1950]=0
Tue Mar 21 15:37:29 2023:DEBUG:setData: Setting CFC115_emissions[1951]=0
Tue Mar 21 15:37:29 2023:DEBUG:setData: Setting CFC115_emissions[1952]=0
Tue Mar 21 15:37:29 2023:DEBUG:setData: Setting CFC115_emissions[1953]=0
Tue Mar 21 15:37:29 2023:DEBUG:setData: Setting CFC115_emissions[1954]=0
Tue Mar 21 15:37:29 2023:DEBUG:setData: Setting CFC115_emissions[1955]=0
Tue Mar 21 15:37:29 2023:DEBUG:setData: Setting CFC115_emissions[1956]=0
Tue Mar 21 15:37:29 2023:DEBUG:setData: Setting CFC115_emissions[1957]=0
Tue Mar 21 15:37:29 2023:DEBUG:setData: Setting CFC115_emissions[1958]=0
Tue Mar 21 15:37:29 2023:DEBUG:setData: Setting CFC115_emissions[1959]=0
Tue Mar 21 15:37:29 2023:DEBUG:setData: Setting CFC115_emissions[1960]=0
Tue Mar 21 15:37:29 2023:DEBUG:setData: Setting CFC115_emissions[1961]=0.001861801
Tue Mar 21 15:37:29 2023:DEBUG:setData: Setting CFC115_emissions[1962]=0.045181371
Tue Mar 21 15:37:29 2023:DEBUG:setData: Setting CFC115_emissions[1963]=0.24720738
Tue Mar 21 15:37:29 2023:DEBUG:setData: Setting CFC115_emissions[1964]=0.46848862
Tue Mar 21 15:37:29 2023:DEBUG:setData: Setting CFC115_emissions[1965]=0.58010695
Tue Mar 21 15:37:29 2023:DEBUG:setData: Setting CFC115_emissions[1966]=0.77191369
Tue Mar 21 15:37:29 2023:DEBUG:setData: Setting CFC115_emissions[1967]=1.0373
Tue Mar 21 15:37:29 2023:DEBUG:setData: Setting CFC115_emissions[1968]=1.3673824
Tue Mar 21 15:37:29 2023:DEBUG:setData: Setting CFC115_emissions[1969]=1.7120901
Tue Mar 21 15:37:29 2023:DEBUG:setData: Setting CFC115_emissions[1970]=1.8909658
Tue Mar 21 15:37:29 2023:DEBUG:setData: Setting CFC115_emissions[1971]=2.1402118
Tue Mar 21 15:37:29 2023:DEBUG:setData: Setting CFC115_emissions[1972]=2.5517628
Tue Mar 21 15:37:29 2023:DEBUG:setData: Setting CFC115_emissions[1973]=2.92937
Tue Mar 21 15:37:29 2023:DEBUG:setData: Setting CFC115_emissions[1974]=3.5184015
Tue Mar 21 15:37:29 2023:DEBUG:setData: Setting CFC115_emissions[1975]=4.2176868
Tue Mar 21 15:37:29 2023:DEBUG:setData: Setting CFC115_emissions[1976]=4.743647
Tue Mar 21 15:37:29 2023:DEBUG:setData: Setting CFC115_emissions[1977]=5.1782548
Tue Mar 21 15:37:29 2023:DEBUG:setData: Setting CFC115_emissions[1978]=5.5214166
Tue Mar 21 15:37:29 2023:DEBUG:setData: Setting CFC115_emissions[1979]=6.1020639
Tue Mar 21 15:37:29 2023:DEBUG:setData: Setting CFC115_emissions[1980]=7.2362595
Tue Mar 21 15:37:29 2023:DEBUG:setData: Setting CFC115_emissions[1981]=8.6372447
Tue Mar 21 15:37:29 2023:DEBUG:setData: Setting CFC115_emissions[1982]=9.2748324
Tue Mar 21 15:37:29 2023:DEBUG:setData: Setting CFC115_emissions[1983]=9.057039
Tue Mar 21 15:37:29 2023:DEBUG:setData: Setting CFC115_emissions[1984]=10.537606
Tue Mar 21 15:37:29 2023:DEBUG:setData: Setting CFC115_emissions[1985]=12.093107
Tue Mar 21 15:37:29 2023:DEBUG:setData: Setting CFC115_emissions[1986]=11.156209
Tue Mar 21 15:37:29 2023:DEBUG:setData: Setting CFC115_emissions[1987]=11.176584
Tue Mar 21 15:37:29 2023:DEBUG:setData: Setting CFC115_emissions[1988]=12.063592
Tue Mar 21 15:37:29 2023:DEBUG:setData: Setting CFC115_emissions[1989]=11.292045
Tue Mar 21 15:37:29 2023:DEBUG:setData: Setting CFC115_emissions[1990]=10.591201
Tue Mar 21 15:37:29 2023:DEBUG:setData: Setting CFC115_emissions[1991]=10.775591
Tue Mar 21 15:37:29 2023:DEBUG:setData: Setting CFC115_emissions[1992]=10.120439
Tue Mar 21 15:37:29 2023:DEBUG:setData: Setting CFC115_emissions[1993]=8.6771649
Tue Mar 21 15:37:29 2023:DEBUG:setData: Setting CFC115_emissions[1994]=8.163643
Tue Mar 21 15:37:29 2023:DEBUG:setData: Setting CFC115_emissions[1995]=7.6747577
Tue Mar 21 15:37:29 2023:DEBUG:setData: Setting CFC115_emissions[1996]=5.5242189
Tue Mar 21 15:37:29 2023:DEBUG:setData: Setting CFC115_emissions[1997]=3.4559389
Tue Mar 21 15:37:29 2023:DEBUG:setData: Setting CFC115_emissions[1998]=2.9318362
Tue Mar 21 15:37:29 2023:DEBUG:setData: Setting CFC115_emissions[1999]=3.1538842
Tue Mar 21 15:37:29 2023:DEBUG:setData: Setting CFC115_emissions[2000]=2.3476518
Tue Mar 21 15:37:29 2023:DEBUG:setData: Setting CFC115_emissions[2001]=1.1600545
Tue Mar 21 15:37:29 2023:DEBUG:setData: Setting CFC115_emissions[2002]=0.95011524
Tue Mar 21 15:37:29 2023:DEBUG:setData: Setting CFC115_emissions[2003]=0.74505988
Tue Mar 21 15:37:29 2023:DEBUG:setData: Setting CFC115_emissions[2004]=0.75667708
Tue Mar 21 15:37:29 2023:DEBUG:setData: Setting CFC115_emissions[2005]=0.58070615
Tue Mar 21 15:37:29 2023:DEBUG:setData: Setting CFC115_emissions[2006]=0.58710647
Tue Mar 21 15:37:29 2023:DEBUG:setData: Setting CFC115_emissions[2007]=0.78280059
Tue Mar 21 15:37:29 2023:DEBUG:setData: Setting CFC115_emissions[2008]=0.45696793
Tue Mar 21 15:37:29 2023:DEBUG:setData: Setting CFC115_emissions[2009]=0.3835494
Tue Mar 21 15:37:29 2023:DEBUG:setData: Setting CFC115_emissions[2010]=0.65896445
Tue Mar 21 15:37:29 2023:DEBUG:setData: Setting CFC115_emissions[2011]=0.85601742
Tue Mar 21 15:37:29 2023:DEBUG:setData: Setting CFC115_emissions[2012]=0.7168607
Tue Mar 21 15:37:29 2023:DEBUG:setData: Setting CFC115_emissions[2013]=0.61330322
Tue Mar 21 15:37:29 2023:DEBUG:setData: Setting CFC115_emissions[2014]=1.114899
Tue Mar 21 15:37:29 2023:DEBUG:setData: Setting CFC115_emissions[2015]=1.6714
Tue Mar 21 15:37:29 2023:DEBUG:setData: Setting CFC115_emissions[2016]=1.61422146
Tue Mar 21 15:37:29 2023:DEBUG:setData: Setting CFC115_emissions[2017]=1.55704292
Tue Mar 21 15:37:29 2023:DEBUG:setData: Setting CFC115_emissions[2018]=1.49986438
Tue Mar 21 15:37:29 2023:DEBUG:setData: Setting CFC115_emissions[2019]=1.44268584
Tue Mar 21 15:37:29 2023:DEBUG:setData: Setting CFC115_emissions[2020]=1.3855073
Tue Mar 21 15:37:29 2023:DEBUG:setData: Setting CFC115_emissions[2021]=1.342148655
Tue Mar 21 15:37:29 2023:DEBUG:setData: Setting CFC115_emissions[2022]=1.29879001
Tue Mar 21 15:37:29 2023:DEBUG:setData: Setting CFC115_emissions[2023]=1.255431365
Tue Mar 21 15:37:29 2023:DEBUG:setData: Setting CFC115_emissions[2024]=1.21207272
Tue Mar 21 15:37:29 2023:DEBUG:setData: Setting CFC115_emissions[2025]=1.168714075
Tue Mar 21 15:37:29 2023:DEBUG:setData: Setting CFC115_emissions[2026]=1.12535543
Tue Mar 21 15:37:29 2023:DEBUG:setData: Setting CFC115_emissions[2027]=1.081996785
Tue Mar 21 15:37:29 2023:DEBUG:setData: Setting CFC115_emissions[2028]=1.03863814
Tue Mar 21 15:37:29 2023:DEBUG:setData: Setting CFC115_emissions[2029]=0.995279495
Tue Mar 21 15:37:29 2023:DEBUG:setData: Setting CFC115_emissions[2030]=0.95192085
Tue Mar 21 15:37:29 2023:DEBUG:setData: Setting CFC115_emissions[2031]=0.922171126
Tue Mar 21 15:37:29 2023:DEBUG:setData: Setting CFC115_emissions[2032]=0.892421402
Tue Mar 21 15:37:29 2023:DEBUG:setData: Setting CFC115_emissions[2033]=0.862671678
Tue Mar 21 15:37:29 2023:DEBUG:setData: Setting CFC115_emissions[2034]=0.832921954
Tue Mar 21 15:37:29 2023:DEBUG:setData: Setting CFC115_emissions[2035]=0.80317223
Tue Mar 21 15:37:29 2023:DEBUG:setData: Setting CFC115_emissions[2036]=0.773422506
Tue Mar 21 15:37:29 2023:DEBUG:setData: Setting CFC115_emissions[2037]=0.743672782
Tue Mar 21 15:37:29 2023:DEBUG:setData: Setting CFC115_emissions[2038]=0.713923058
Tue Mar 21 15:37:29 2023:DEBUG:setData: Setting CFC115_emissions[2039]=0.684173334
Tue Mar 21 15:37:29 2023:DEBUG:setData: Setting CFC115_emissions[2040]=0.65442361
Tue Mar 21 15:37:29 2023:DEBUG:setData: Setting CFC115_emissions[2041]=0.633957487
Tue Mar 21 15:37:29 2023:DEBUG:setData: Setting CFC115_emissions[2042]=0.613491364
Tue Mar 21 15:37:29 2023:DEBUG:setData: Setting CFC115_emissions[2043]=0.593025241
Tue Mar 21 15:37:29 2023:DEBUG:setData: Setting CFC115_emissions[2044]=0.572559118
Tue Mar 21 15:37:29 2023:DEBUG:setData: Setting CFC115_emissions[2045]=0.552092995
Tue Mar 21 15:37:29 2023:DEBUG:setData: Setting CFC115_emissions[2046]=0.531626872
Tue Mar 21 15:37:29 2023:DEBUG:setData: Setting CFC115_emissions[2047]=0.511160749
Tue Mar 21 15:37:29 2023:DEBUG:setData: Setting CFC115_emissions[2048]=0.490694626
Tue Mar 21 15:37:29 2023:DEBUG:setData: Setting CFC115_emissions[2049]=0.470228503
Tue Mar 21 15:37:29 2023:DEBUG:setData: Setting CFC115_emissions[2050]=0.44976238
Tue Mar 21 15:37:29 2023:DEBUG:setData: Setting CFC115_emissions[2051]=0.435696317
Tue Mar 21 15:37:29 2023:DEBUG:setData: Setting CFC115_emissions[2052]=0.421630254
Tue Mar 21 15:37:29 2023:DEBUG:setData: Setting CFC115_emissions[2053]=0.407564191
Tue Mar 21 15:37:29 2023:DEBUG:setData: Setting CFC115_emissions[2054]=0.393498128
Tue Mar 21 15:37:29 2023:DEBUG:setData: Setting CFC115_emissions[2055]=0.379432065
Tue Mar 21 15:37:29 2023:DEBUG:setData: Setting CFC115_emissions[2056]=0.365366002
Tue Mar 21 15:37:29 2023:DEBUG:setData: Setting CFC115_emissions[2057]=0.351299939
Tue Mar 21 15:37:29 2023:DEBUG:setData: Setting CFC115_emissions[2058]=0.337233876
Tue Mar 21 15:37:29 2023:DEBUG:setData: Setting CFC115_emissions[2059]=0.323167813
Tue Mar 21 15:37:29 2023:DEBUG:setData: Setting CFC115_emissions[2060]=0.30910175
Tue Mar 21 15:37:29 2023:DEBUG:setData: Setting CFC115_emissions[2061]=0.299431331
Tue Mar 21 15:37:29 2023:DEBUG:setData: Setting CFC115_emissions[2062]=0.289760912
Tue Mar 21 15:37:29 2023:DEBUG:setData: Setting CFC115_emissions[2063]=0.280090493
Tue Mar 21 15:37:29 2023:DEBUG:setData: Setting CFC115_emissions[2064]=0.270420074
Tue Mar 21 15:37:29 2023:DEBUG:setData: Setting CFC115_emissions[2065]=0.260749655
Tue Mar 21 15:37:29 2023:DEBUG:setData: Setting CFC115_emissions[2066]=0.251079236
Tue Mar 21 15:37:29 2023:DEBUG:setData: Setting CFC115_emissions[2067]=0.241408817
Tue Mar 21 15:37:29 2023:DEBUG:setData: Setting CFC115_emissions[2068]=0.231738398
Tue Mar 21 15:37:29 2023:DEBUG:setData: Setting CFC115_emissions[2069]=0.222067979
Tue Mar 21 15:37:29 2023:DEBUG:setData: Setting CFC115_emissions[2070]=0.21239756
Tue Mar 21 15:37:29 2023:DEBUG:setData: Setting CFC115_emissions[2071]=0.205751345
Tue Mar 21 15:37:29 2023:DEBUG:setData: Setting CFC115_emissions[2072]=0.19910513
Tue Mar 21 15:37:29 2023:DEBUG:setData: Setting CFC115_emissions[2073]=0.192458915
Tue Mar 21 15:37:29 2023:DEBUG:setData: Setting CFC115_emissions[2074]=0.1858127
Tue Mar 21 15:37:29 2023:DEBUG:setData: Setting CFC115_emissions[2075]=0.179166485
Tue Mar 21 15:37:29 2023:DEBUG:setData: Setting CFC115_emissions[2076]=0.17252027
Tue Mar 21 15:37:29 2023:DEBUG:setData: Setting CFC115_emissions[2077]=0.165874055
Tue Mar 21 15:37:29 2023:DEBUG:setData: Setting CFC115_emissions[2078]=0.15922784
Tue Mar 21 15:37:29 2023:DEBUG:setData: Setting CFC115_emissions[2079]=0.152581625
Tue Mar 21 15:37:29 2023:DEBUG:setData: Setting CFC115_emissions[2080]=0.14593541
Tue Mar 21 15:37:29 2023:DEBUG:setData: Setting CFC115_emissions[2081]=0.141363939
Tue Mar 21 15:37:29 2023:DEBUG:setData: Setting CFC115_emissions[2082]=0.136792468
Tue Mar 21 15:37:29 2023:DEBUG:setData: Setting CFC115_emissions[2083]=0.132220997
Tue Mar 21 15:37:29 2023:DEBUG:setData: Setting CFC115_emissions[2084]=0.127649526
Tue Mar 21 15:37:29 2023:DEBUG:setData: Setting CFC115_emissions[2085]=0.123078055
Tue Mar 21 15:37:29 2023:DEBUG:setData: Setting CFC115_emissions[2086]=0.118506584
Tue Mar 21 15:37:29 2023:DEBUG:setData: Setting CFC115_emissions[2087]=0.113935113
Tue Mar 21 15:37:29 2023:DEBUG:setData: Setting CFC115_emissions[2088]=0.109363642
Tue Mar 21 15:37:29 2023:DEBUG:setData: Setting CFC115_emissions[2089]=0.104792171
Tue Mar 21 15:37:29 2023:DEBUG:setData: Setting CFC115_emissions[2090]=0.1002207
Tue Mar 21 15:37:29 2023:DEBUG:setData: Setting CFC115_emissions[2091]=0.097055836
Tue Mar 21 15:37:29 2023:DEBUG:setData: Setting CFC115_emissions[2092]=0.093890972
Tue Mar 21 15:37:29 2023:DEBUG:setData: Setting CFC115_emissions[2093]=0.090726108
Tue Mar 21 15:37:29 2023:DEBUG:setData: Setting CFC115_emissions[2094]=0.087561244
Tue Mar 21 15:37:29 2023:DEBUG:setData: Setting CFC115_emissions[2095]=0.08439638
Tue Mar 21 15:37:29 2023:DEBUG:setData: Setting CFC115_emissions[2096]=0.081231515
Tue Mar 21 15:37:29 2023:DEBUG:setData: Setting CFC115_emissions[2097]=0.078066651
Tue Mar 21 15:37:29 2023:DEBUG:setData: Setting CFC115_emissions[2098]=0.074901787
Tue Mar 21 15:37:29 2023:DEBUG:setData: Setting CFC115_emissions[2099]=0.071736923
Tue Mar 21 15:37:29 2023:DEBUG:setData: Setting CFC115_emissions[2100]=0.068572059
Tue Mar 21 15:37:29 2023:DEBUG:setData: Setting CFC115_emissions[2101]=0.068114912
Tue Mar 21 15:37:29 2023:DEBUG:setData: Setting CFC115_emissions[2102]=0.067657765
Tue Mar 21 15:37:29 2023:DEBUG:setData: Setting CFC115_emissions[2103]=0.067200618
Tue Mar 21 15:37:29 2023:DEBUG:setData: Setting CFC115_emissions[2104]=0.066743471
Tue Mar 21 15:37:29 2023:DEBUG:setData: Setting CFC115_emissions[2105]=0.066286324
Tue Mar 21 15:37:29 2023:DEBUG:setData: Setting CFC115_emissions[2106]=0.065829177
Tue Mar 21 15:37:29 2023:DEBUG:setData: Setting CFC115_emissions[2107]=0.06537203
Tue Mar 21 15:37:29 2023:DEBUG:setData: Setting CFC115_emissions[2108]=0.064914883
Tue Mar 21 15:37:29 2023:DEBUG:setData: Setting CFC115_emissions[2109]=0.064457735
Tue Mar 21 15:37:29 2023:DEBUG:setData: Setting CFC115_emissions[2110]=0.064000588
Tue Mar 21 15:37:29 2023:DEBUG:setData: Setting CFC115_emissions[2111]=0.063543441
Tue Mar 21 15:37:29 2023:DEBUG:setData: Setting CFC115_emissions[2112]=0.063086294
Tue Mar 21 15:37:29 2023:DEBUG:setData: Setting CFC115_emissions[2113]=0.062629147
Tue Mar 21 15:37:29 2023:DEBUG:setData: Setting CFC115_emissions[2114]=0.062172
Tue Mar 21 15:37:29 2023:DEBUG:setData: Setting CFC115_emissions[2115]=0.061714853
Tue Mar 21 15:37:29 2023:DEBUG:setData: Setting CFC115_emissions[2116]=0.061257706
Tue Mar 21 15:37:29 2023:DEBUG:setData: Setting CFC115_emissions[2117]=0.060800559
Tue Mar 21 15:37:29 2023:DEBUG:setData: Setting CFC115_emissions[2118]=0.060343412
Tue Mar 21 15:37:29 2023:DEBUG:setData: Setting CFC115_emissions[2119]=0.059886265
Tue Mar 21 15:37:29 2023:DEBUG:setData: Setting CFC115_emissions[2120]=0.059429118
Tue Mar 21 15:37:29 2023:DEBUG:setData: Setting CFC115_emissions[2121]=0.058971971
Tue Mar 21 15:37:29 2023:DEBUG:setData: Setting CFC115_emissions[2122]=0.058514824
Tue Mar 21 15:37:29 2023:DEBUG:setData: Setting CFC115_emissions[2123]=0.058057677
Tue Mar 21 15:37:29 2023:DEBUG:setData: Setting CFC115_emissions[2124]=0.05760053
Tue Mar 21 15:37:29 2023:DEBUG:setData: Setting CFC115_emissions[2125]=0.057143383
Tue Mar 21 15:37:29 2023:DEBUG:setData: Setting CFC115_emissions[2126]=0.056686235
Tue Mar 21 15:37:29 2023:DEBUG:setData: Setting CFC115_emissions[2127]=0.056229088
Tue Mar 21 15:37:29 2023:DEBUG:setData: Setting CFC115_emissions[2128]=0.055771941
Tue Mar 21 15:37:29 2023:DEBUG:setData: Setting CFC115_emissions[2129]=0.055314794
Tue Mar 21 15:37:29 2023:DEBUG:setData: Setting CFC115_emissions[2130]=0.054857647
Tue Mar 21 15:37:29 2023:DEBUG:setData: Setting CFC115_emissions[2131]=0.0544005
Tue Mar 21 15:37:29 2023:DEBUG:setData: Setting CFC115_emissions[2132]=0.053943353
Tue Mar 21 15:37:29 2023:DEBUG:setData: Setting CFC115_emissions[2133]=0.053486206
Tue Mar 21 15:37:29 2023:DEBUG:setData: Setting CFC115_emissions[2134]=0.053029059
Tue Mar 21 15:37:29 2023:DEBUG:setData: Setting CFC115_emissions[2135]=0.052571912
Tue Mar 21 15:37:29 2023:DEBUG:setData: Setting CFC115_emissions[2136]=0.052114765
Tue Mar 21 15:37:29 2023:DEBUG:setData: Setting CFC115_emissions[2137]=0.051657618
Tue Mar 21 15:37:29 2023:DEBUG:setData: Setting CFC115_emissions[2138]=0.051200471
Tue Mar 21 15:37:29 2023:DEBUG:setData: Setting CFC115_emissions[2139]=0.050743324
Tue Mar 21 15:37:29 2023:DEBUG:setData: Setting CFC115_emissions[2140]=0.050286177
Tue Mar 21 15:37:29 2023:DEBUG:setData: Setting CFC115_emissions[2141]=0.04982903
Tue Mar 21 15:37:29 2023:DEBUG:setData: Setting CFC115_emissions[2142]=0.049371882
Tue Mar 21 15:37:29 2023:DEBUG:setData: Setting CFC115_emissions[2143]=0.048914735
Tue Mar 21 15:37:29 2023:DEBUG:setData: Setting CFC115_emissions[2144]=0.048457588
Tue Mar 21 15:37:29 2023:DEBUG:setData: Setting CFC115_emissions[2145]=0.048000441
Tue Mar 21 15:37:29 2023:DEBUG:setData: Setting CFC115_emissions[2146]=0.047543294
Tue Mar 21 15:37:29 2023:DEBUG:setData: Setting CFC115_emissions[2147]=0.047086147
Tue Mar 21 15:37:29 2023:DEBUG:setData: Setting CFC115_emissions[2148]=0.046629
Tue Mar 21 15:37:29 2023:DEBUG:setData: Setting CFC115_emissions[2149]=0.046171853
Tue Mar 21 15:37:29 2023:DEBUG:setData: Setting CFC115_emissions[2150]=0.045714706
Tue Mar 21 15:37:29 2023:DEBUG:setData: Setting CFC115_emissions[2151]=0.045257559
Tue Mar 21 15:37:29 2023:DEBUG:setData: Setting CFC115_emissions[2152]=0.044800412
Tue Mar 21 15:37:29 2023:DEBUG:setData: Setting CFC115_emissions[2153]=0.044343265
Tue Mar 21 15:37:29 2023:DEBUG:setData: Setting CFC115_emissions[2154]=0.043886118
Tue Mar 21 15:37:29 2023:DEBUG:setData: Setting CFC115_emissions[2155]=0.043428971
Tue Mar 21 15:37:29 2023:DEBUG:setData: Setting CFC115_emissions[2156]=0.042971824
Tue Mar 21 15:37:29 2023:DEBUG:setData: Setting CFC115_emissions[2157]=0.042514677
Tue Mar 21 15:37:29 2023:DEBUG:setData: Setting CFC115_emissions[2158]=0.04205753
Tue Mar 21 15:37:29 2023:DEBUG:setData: Setting CFC115_emissions[2159]=0.041600382
Tue Mar 21 15:37:29 2023:DEBUG:setData: Setting CFC115_emissions[2160]=0.041143235
Tue Mar 21 15:37:29 2023:DEBUG:setData: Setting CFC115_emissions[2161]=0.040686088
Tue Mar 21 15:37:29 2023:DEBUG:setData: Setting CFC115_emissions[2162]=0.040228941
Tue Mar 21 15:37:29 2023:DEBUG:setData: Setting CFC115_emissions[2163]=0.039771794
Tue Mar 21 15:37:29 2023:DEBUG:setData: Setting CFC115_emissions[2164]=0.039314647
Tue Mar 21 15:37:29 2023:DEBUG:setData: Setting CFC115_emissions[2165]=0.0388575
Tue Mar 21 15:37:29 2023:DEBUG:setData: Setting CFC115_emissions[2166]=0.038400353
Tue Mar 21 15:37:29 2023:DEBUG:setData: Setting CFC115_emissions[2167]=0.037943206
Tue Mar 21 15:37:29 2023:DEBUG:setData: Setting CFC115_emissions[2168]=0.037486059
Tue Mar 21 15:37:29 2023:DEBUG:setData: Setting CFC115_emissions[2169]=0.037028912
Tue Mar 21 15:37:29 2023:DEBUG:setData: Setting CFC115_emissions[2170]=0.036571765
Tue Mar 21 15:37:29 2023:DEBUG:setData: Setting CFC115_emissions[2171]=0.036114618
Tue Mar 21 15:37:29 2023:DEBUG:setData: Setting CFC115_emissions[2172]=0.035657471
Tue Mar 21 15:37:29 2023:DEBUG:setData: Setting CFC115_emissions[2173]=0.035200324
Tue Mar 21 15:37:29 2023:DEBUG:setData: Setting CFC115_emissions[2174]=0.034743177
Tue Mar 21 15:37:29 2023:DEBUG:setData: Setting CFC115_emissions[2175]=0.03428603
Tue Mar 21 15:37:29 2023:DEBUG:setData: Setting CFC115_emissions[2176]=0.033828882
Tue Mar 21 15:37:29 2023:DEBUG:setData: Setting CFC115_emissions[2177]=0.033371735
Tue Mar 21 15:37:29 2023:DEBUG:setData: Setting CFC115_emissions[2178]=0.032914588
Tue Mar 21 15:37:29 2023:DEBUG:setData: Setting CFC115_emissions[2179]=0.032457441
Tue Mar 21 15:37:29 2023:DEBUG:setData: Setting CFC115_emissions[2180]=0.032000294
Tue Mar 21 15:37:29 2023:DEBUG:setData: Setting CFC115_emissions[2181]=0.031543147
Tue Mar 21 15:37:29 2023:DEBUG:setData: Setting CFC115_emissions[2182]=0.031086
Tue Mar 21 15:37:29 2023:DEBUG:setData: Setting CFC115_emissions[2183]=0.030628853
Tue Mar 21 15:37:29 2023:DEBUG:setData: Setting CFC115_emissions[2184]=0.030171706
Tue Mar 21 15:37:29 2023:DEBUG:setData: Setting CFC115_emissions[2185]=0.029714559
Tue Mar 21 15:37:29 2023:DEBUG:setData: Setting CFC115_emissions[2186]=0.029257412
Tue Mar 21 15:37:29 2023:DEBUG:setData: Setting CFC115_emissions[2187]=0.028800265
Tue Mar 21 15:37:29 2023:DEBUG:setData: Setting CFC115_emissions[2188]=0.028343118
Tue Mar 21 15:37:29 2023:DEBUG:setData: Setting CFC115_emissions[2189]=0.027885971
Tue Mar 21 15:37:29 2023:DEBUG:setData: Setting CFC115_emissions[2190]=0.027428824
Tue Mar 21 15:37:29 2023:DEBUG:setData: Setting CFC115_emissions[2191]=0.026971677
Tue Mar 21 15:37:29 2023:DEBUG:setData: Setting CFC115_emissions[2192]=0.026514529
Tue Mar 21 15:37:29 2023:DEBUG:setData: Setting CFC115_emissions[2193]=0.026057382
Tue Mar 21 15:37:29 2023:DEBUG:setData: Setting CFC115_emissions[2194]=0.025600235
Tue Mar 21 15:37:29 2023:DEBUG:setData: Setting CFC115_emissions[2195]=0.025143088
Tue Mar 21 15:37:29 2023:DEBUG:setData: Setting CFC115_emissions[2196]=0.024685941
Tue Mar 21 15:37:29 2023:DEBUG:setData: Setting CFC115_emissions[2197]=0.024228794
Tue Mar 21 15:37:29 2023:DEBUG:setData: Setting CFC115_emissions[2198]=0.023771647
Tue Mar 21 15:37:29 2023:DEBUG:setData: Setting CFC115_emissions[2199]=0.0233145
Tue Mar 21 15:37:29 2023:DEBUG:setData: Setting CFC115_emissions[2200]=0.022857353
Tue Mar 21 15:37:29 2023:DEBUG:setData: Setting CFC115_emissions[2201]=0.022400206
Tue Mar 21 15:37:29 2023:DEBUG:setData: Setting CFC115_emissions[2202]=0.021943059
Tue Mar 21 15:37:29 2023:DEBUG:setData: Setting CFC115_emissions[2203]=0.021485912
Tue Mar 21 15:37:29 2023:DEBUG:setData: Setting CFC115_emissions[2204]=0.021028765
Tue Mar 21 15:37:29 2023:DEBUG:setData: Setting CFC115_emissions[2205]=0.020571618
Tue Mar 21 15:37:29 2023:DEBUG:setData: Setting CFC115_emissions[2206]=0.020114471
Tue Mar 21 15:37:29 2023:DEBUG:setData: Setting CFC115_emissions[2207]=0.019657324
Tue Mar 21 15:37:29 2023:DEBUG:setData: Setting CFC115_emissions[2208]=0.019200177
Tue Mar 21 15:37:29 2023:DEBUG:setData: Setting CFC115_emissions[2209]=0.018743029
Tue Mar 21 15:37:29 2023:DEBUG:setData: Setting CFC115_emissions[2210]=0.018285882
Tue Mar 21 15:37:29 2023:DEBUG:setData: Setting CFC115_emissions[2211]=0.017828735
Tue Mar 21 15:37:29 2023:DEBUG:setData: Setting CFC115_emissions[2212]=0.017371588
Tue Mar 21 15:37:29 2023:DEBUG:setData: Setting CFC115_emissions[2213]=0.016914441
Tue Mar 21 15:37:29 2023:DEBUG:setData: Setting CFC115_emissions[2214]=0.016457294
Tue Mar 21 15:37:29 2023:DEBUG:setData: Setting CFC115_emissions[2215]=0.016000147
Tue Mar 21 15:37:29 2023:DEBUG:setData: Setting CFC115_emissions[2216]=0.015543
Tue Mar 21 15:37:29 2023:DEBUG:setData: Setting CFC115_emissions[2217]=0.015085853
Tue Mar 21 15:37:29 2023:DEBUG:setData: Setting CFC115_emissions[2218]=0.014628706
Tue Mar 21 15:37:29 2023:DEBUG:setData: Setting CFC115_emissions[2219]=0.014171559
Tue Mar 21 15:37:29 2023:DEBUG:setData: Setting CFC115_emissions[2220]=0.013714412
Tue Mar 21 15:37:29 2023:DEBUG:setData: Setting CFC115_emissions[2221]=0.013257265
Tue Mar 21 15:37:29 2023:DEBUG:setData: Setting CFC115_emissions[2222]=0.012800118
Tue Mar 21 15:37:29 2023:DEBUG:setData: Setting CFC115_emissions[2223]=0.012342971
Tue Mar 21 15:37:29 2023:DEBUG:setData: Setting CFC115_emissions[2224]=0.011885824
Tue Mar 21 15:37:29 2023:DEBUG:setData: Setting CFC115_emissions[2225]=0.011428677
Tue Mar 21 15:37:29 2023:DEBUG:setData: Setting CFC115_emissions[2226]=0.010971529
Tue Mar 21 15:37:29 2023:DEBUG:setData: Setting CFC115_emissions[2227]=0.010514382
Tue Mar 21 15:37:29 2023:DEBUG:setData: Setting CFC115_emissions[2228]=0.010057235
Tue Mar 21 15:37:29 2023:DEBUG:setData: Setting CFC115_emissions[2229]=0.009600088
Tue Mar 21 15:37:29 2023:DEBUG:setData: Setting CFC115_emissions[2230]=0.009142941
Tue Mar 21 15:37:29 2023:DEBUG:setData: Setting CFC115_emissions[2231]=0.008685794
Tue Mar 21 15:37:29 2023:DEBUG:setData: Setting CFC115_emissions[2232]=0.008228647
Tue Mar 21 15:37:29 2023:DEBUG:setData: Setting CFC115_emissions[2233]=0.0077715
Tue Mar 21 15:37:29 2023:DEBUG:setData: Setting CFC115_emissions[2234]=0.007314353
Tue Mar 21 15:37:29 2023:DEBUG:setData: Setting CFC115_emissions[2235]=0.006857206
Tue Mar 21 15:37:29 2023:DEBUG:setData: Setting CFC115_emissions[2236]=0.006400059
Tue Mar 21 15:37:29 2023:DEBUG:setData: Setting CFC115_emissions[2237]=0.005942912
Tue Mar 21 15:37:29 2023:DEBUG:setData: Setting CFC115_emissions[2238]=0.005485765
Tue Mar 21 15:37:29 2023:DEBUG:setData: Setting CFC115_emissions[2239]=0.005028618
Tue Mar 21 15:37:29 2023:DEBUG:setData: Setting CFC115_emissions[2240]=0.004571471
Tue Mar 21 15:37:29 2023:DEBUG:setData: Setting CFC115_emissions[2241]=0.004114324
Tue Mar 21 15:37:29 2023:DEBUG:setData: Setting CFC115_emissions[2242]=0.003657176
Tue Mar 21 15:37:29 2023:DEBUG:setData: Setting CFC115_emissions[2243]=0.003200029
Tue Mar 21 15:37:29 2023:DEBUG:setData: Setting CFC115_emissions[2244]=0.002742882
Tue Mar 21 15:37:29 2023:DEBUG:setData: Setting CFC115_emissions[2245]=0.002285735
Tue Mar 21 15:37:29 2023:DEBUG:setData: Setting CFC115_emissions[2246]=0.001828588
Tue Mar 21 15:37:29 2023:DEBUG:setData: Setting CFC115_emissions[2247]=0.001371441
Tue Mar 21 15:37:29 2023:DEBUG:setData: Setting CFC115_emissions[2248]=0.000914294
Tue Mar 21 15:37:29 2023:DEBUG:setData: Setting CFC115_emissions[2249]=0.000457147
Tue Mar 21 15:37:29 2023:DEBUG:setData: Setting CFC115_emissions[2250]=0
Tue Mar 21 15:37:29 2023:DEBUG:setData: Setting CFC115_emissions[2251]=0
Tue Mar 21 15:37:29 2023:DEBUG:setData: Setting CFC115_emissions[2252]=0
Tue Mar 21 15:37:29 2023:DEBUG:setData: Setting CFC115_emissions[2253]=0
Tue Mar 21 15:37:29 2023:DEBUG:setData: Setting CFC115_emissions[2254]=0
Tue Mar 21 15:37:29 2023:DEBUG:setData: Setting CFC115_emissions[2255]=0
Tue Mar 21 15:37:29 2023:DEBUG:setData: Setting CFC115_emissions[2256]=0
Tue Mar 21 15:37:29 2023:DEBUG:setData: Setting CFC115_emissions[2257]=0
Tue Mar 21 15:37:29 2023:DEBUG:setData: Setting CFC115_emissions[2258]=0
Tue Mar 21 15:37:29 2023:DEBUG:setData: Setting CFC115_emissions[2259]=0
Tue Mar 21 15:37:29 2023:DEBUG:setData: Setting CFC115_emissions[2260]=0
Tue Mar 21 15:37:29 2023:DEBUG:setData: Setting CFC115_emissions[2261]=0
Tue Mar 21 15:37:29 2023:DEBUG:setData: Setting CFC115_emissions[2262]=0
Tue Mar 21 15:37:29 2023:DEBUG:setData: Setting CFC115_emissions[2263]=0
Tue Mar 21 15:37:29 2023:DEBUG:setData: Setting CFC115_emissions[2264]=0
Tue Mar 21 15:37:29 2023:DEBUG:setData: Setting CFC115_emissions[2265]=0
Tue Mar 21 15:37:29 2023:DEBUG:setData: Setting CFC115_emissions[2266]=0
Tue Mar 21 15:37:29 2023:DEBUG:setData: Setting CFC115_emissions[2267]=0
Tue Mar 21 15:37:29 2023:DEBUG:setData: Setting CFC115_emissions[2268]=0
Tue Mar 21 15:37:29 2023:DEBUG:setData: Setting CFC115_emissions[2269]=0
Tue Mar 21 15:37:29 2023:DEBUG:setData: Setting CFC115_emissions[2270]=0
Tue Mar 21 15:37:29 2023:DEBUG:setData: Setting CFC115_emissions[2271]=0
Tue Mar 21 15:37:29 2023:DEBUG:setData: Setting CFC115_emissions[2272]=0
Tue Mar 21 15:37:29 2023:DEBUG:setData: Setting CFC115_emissions[2273]=0
Tue Mar 21 15:37:29 2023:DEBUG:setData: Setting CFC115_emissions[2274]=0
Tue Mar 21 15:37:29 2023:DEBUG:setData: Setting CFC115_emissions[2275]=0
Tue Mar 21 15:37:29 2023:DEBUG:setData: Setting CFC115_emissions[2276]=0
Tue Mar 21 15:37:29 2023:DEBUG:setData: Setting CFC115_emissions[2277]=0
Tue Mar 21 15:37:29 2023:DEBUG:setData: Setting CFC115_emissions[2278]=0
Tue Mar 21 15:37:29 2023:DEBUG:setData: Setting CFC115_emissions[2279]=0
Tue Mar 21 15:37:29 2023:DEBUG:setData: Setting CFC115_emissions[2280]=0
Tue Mar 21 15:37:29 2023:DEBUG:setData: Setting CFC115_emissions[2281]=0
Tue Mar 21 15:37:29 2023:DEBUG:setData: Setting CFC115_emissions[2282]=0
Tue Mar 21 15:37:29 2023:DEBUG:setData: Setting CFC115_emissions[2283]=0
Tue Mar 21 15:37:29 2023:DEBUG:setData: Setting CFC115_emissions[2284]=0
Tue Mar 21 15:37:29 2023:DEBUG:setData: Setting CFC115_emissions[2285]=0
Tue Mar 21 15:37:29 2023:DEBUG:setData: Setting CFC115_emissions[2286]=0
Tue Mar 21 15:37:29 2023:DEBUG:setData: Setting CFC115_emissions[2287]=0
Tue Mar 21 15:37:29 2023:DEBUG:setData: Setting CFC115_emissions[2288]=0
Tue Mar 21 15:37:29 2023:DEBUG:setData: Setting CFC115_emissions[2289]=0
Tue Mar 21 15:37:29 2023:DEBUG:setData: Setting CFC115_emissions[2290]=0
Tue Mar 21 15:37:29 2023:DEBUG:setData: Setting CFC115_emissions[2291]=0
Tue Mar 21 15:37:29 2023:DEBUG:setData: Setting CFC115_emissions[2292]=0
Tue Mar 21 15:37:29 2023:DEBUG:setData: Setting CFC115_emissions[2293]=0
Tue Mar 21 15:37:29 2023:DEBUG:setData: Setting CFC115_emissions[2294]=0
Tue Mar 21 15:37:29 2023:DEBUG:setData: Setting CFC115_emissions[2295]=0
Tue Mar 21 15:37:29 2023:DEBUG:setData: Setting CFC115_emissions[2296]=0
Tue Mar 21 15:37:29 2023:DEBUG:setData: Setting CFC115_emissions[2297]=0
Tue Mar 21 15:37:29 2023:DEBUG:setData: Setting CFC115_emissions[2298]=0
Tue Mar 21 15:37:29 2023:DEBUG:setData: Setting CFC115_emissions[2299]=0
Tue Mar 21 15:37:29 2023:DEBUG:setData: Setting CFC115_emissions[2300]=0
Tue Mar 21 15:37:29 2023:DEBUG:setData: Setting CFC115_emissions[2301]=0
Tue Mar 21 15:37:29 2023:DEBUG:setData: Setting CFC115_emissions[2302]=0
Tue Mar 21 15:37:29 2023:DEBUG:setData: Setting CFC115_emissions[2303]=0
Tue Mar 21 15:37:29 2023:DEBUG:setData: Setting CFC115_emissions[2304]=0
Tue Mar 21 15:37:29 2023:DEBUG:setData: Setting CFC115_emissions[2305]=0
Tue Mar 21 15:37:29 2023:DEBUG:setData: Setting CFC115_emissions[2306]=0
Tue Mar 21 15:37:29 2023:DEBUG:setData: Setting CFC115_emissions[2307]=0
Tue Mar 21 15:37:29 2023:DEBUG:setData: Setting CFC115_emissions[2308]=0
Tue Mar 21 15:37:29 2023:DEBUG:setData: Setting CFC115_emissions[2309]=0
Tue Mar 21 15:37:29 2023:DEBUG:setData: Setting CFC115_emissions[2310]=0
Tue Mar 21 15:37:29 2023:DEBUG:setData: Setting CFC115_emissions[2311]=0
Tue Mar 21 15:37:29 2023:DEBUG:setData: Setting CFC115_emissions[2312]=0
Tue Mar 21 15:37:29 2023:DEBUG:setData: Setting CFC115_emissions[2313]=0
Tue Mar 21 15:37:29 2023:DEBUG:setData: Setting CFC115_emissions[2314]=0
Tue Mar 21 15:37:29 2023:DEBUG:setData: Setting CFC115_emissions[2315]=0
Tue Mar 21 15:37:29 2023:DEBUG:setData: Setting CFC115_emissions[2316]=0
Tue Mar 21 15:37:29 2023:DEBUG:setData: Setting CFC115_emissions[2317]=0
Tue Mar 21 15:37:29 2023:DEBUG:setData: Setting CFC115_emissions[2318]=0
Tue Mar 21 15:37:29 2023:DEBUG:setData: Setting CFC115_emissions[2319]=0
Tue Mar 21 15:37:29 2023:DEBUG:setData: Setting CFC115_emissions[2320]=0
Tue Mar 21 15:37:29 2023:DEBUG:setData: Setting CFC115_emissions[2321]=0
Tue Mar 21 15:37:29 2023:DEBUG:setData: Setting CFC115_emissions[2322]=0
Tue Mar 21 15:37:29 2023:DEBUG:setData: Setting CFC115_emissions[2323]=0
Tue Mar 21 15:37:29 2023:DEBUG:setData: Setting CFC115_emissions[2324]=0
Tue Mar 21 15:37:29 2023:DEBUG:setData: Setting CFC115_emissions[2325]=0
Tue Mar 21 15:37:29 2023:DEBUG:setData: Setting CFC115_emissions[2326]=0
Tue Mar 21 15:37:29 2023:DEBUG:setData: Setting CFC115_emissions[2327]=0
Tue Mar 21 15:37:29 2023:DEBUG:setData: Setting CFC115_emissions[2328]=0
Tue Mar 21 15:37:29 2023:DEBUG:setData: Setting CFC115_emissions[2329]=0
Tue Mar 21 15:37:29 2023:DEBUG:setData: Setting CFC115_emissions[2330]=0
Tue Mar 21 15:37:29 2023:DEBUG:setData: Setting CFC115_emissions[2331]=0
Tue Mar 21 15:37:29 2023:DEBUG:setData: Setting CFC115_emissions[2332]=0
Tue Mar 21 15:37:29 2023:DEBUG:setData: Setting CFC115_emissions[2333]=0
Tue Mar 21 15:37:29 2023:DEBUG:setData: Setting CFC115_emissions[2334]=0
Tue Mar 21 15:37:29 2023:DEBUG:setData: Setting CFC115_emissions[2335]=0
Tue Mar 21 15:37:29 2023:DEBUG:setData: Setting CFC115_emissions[2336]=0
Tue Mar 21 15:37:29 2023:DEBUG:setData: Setting CFC115_emissions[2337]=0
Tue Mar 21 15:37:29 2023:DEBUG:setData: Setting CFC115_emissions[2338]=0
Tue Mar 21 15:37:29 2023:DEBUG:setData: Setting CFC115_emissions[2339]=0
Tue Mar 21 15:37:29 2023:DEBUG:setData: Setting CFC115_emissions[2340]=0
Tue Mar 21 15:37:29 2023:DEBUG:setData: Setting CFC115_emissions[2341]=0
Tue Mar 21 15:37:29 2023:DEBUG:setData: Setting CFC115_emissions[2342]=0
Tue Mar 21 15:37:29 2023:DEBUG:setData: Setting CFC115_emissions[2343]=0
Tue Mar 21 15:37:29 2023:DEBUG:setData: Setting CFC115_emissions[2344]=0
Tue Mar 21 15:37:29 2023:DEBUG:setData: Setting CFC115_emissions[2345]=0
Tue Mar 21 15:37:29 2023:DEBUG:setData: Setting CFC115_emissions[2346]=0
Tue Mar 21 15:37:29 2023:DEBUG:setData: Setting CFC115_emissions[2347]=0
Tue Mar 21 15:37:29 2023:DEBUG:setData: Setting CFC115_emissions[2348]=0
Tue Mar 21 15:37:29 2023:DEBUG:setData: Setting CFC115_emissions[2349]=0
Tue Mar 21 15:37:29 2023:DEBUG:setData: Setting CFC115_emissions[2350]=0
Tue Mar 21 15:37:29 2023:DEBUG:setData: Setting CFC115_emissions[2351]=0
Tue Mar 21 15:37:29 2023:DEBUG:setData: Setting CFC115_emissions[2352]=0
Tue Mar 21 15:37:29 2023:DEBUG:setData: Setting CFC115_emissions[2353]=0
Tue Mar 21 15:37:29 2023:DEBUG:setData: Setting CFC115_emissions[2354]=0
Tue Mar 21 15:37:29 2023:DEBUG:setData: Setting CFC115_emissions[2355]=0
Tue Mar 21 15:37:29 2023:DEBUG:setData: Setting CFC115_emissions[2356]=0
Tue Mar 21 15:37:29 2023:DEBUG:setData: Setting CFC115_emissions[2357]=0
Tue Mar 21 15:37:29 2023:DEBUG:setData: Setting CFC115_emissions[2358]=0
Tue Mar 21 15:37:29 2023:DEBUG:setData: Setting CFC115_emissions[2359]=0
Tue Mar 21 15:37:29 2023:DEBUG:setData: Setting CFC115_emissions[2360]=0
Tue Mar 21 15:37:29 2023:DEBUG:setData: Setting CFC115_emissions[2361]=0
Tue Mar 21 15:37:29 2023:DEBUG:setData: Setting CFC115_emissions[2362]=0
Tue Mar 21 15:37:29 2023:DEBUG:setData: Setting CFC115_emissions[2363]=0
Tue Mar 21 15:37:29 2023:DEBUG:setData: Setting CFC115_emissions[2364]=0
Tue Mar 21 15:37:29 2023:DEBUG:setData: Setting CFC115_emissions[2365]=0
Tue Mar 21 15:37:29 2023:DEBUG:setData: Setting CFC115_emissions[2366]=0
Tue Mar 21 15:37:29 2023:DEBUG:setData: Setting CFC115_emissions[2367]=0
Tue Mar 21 15:37:29 2023:DEBUG:setData: Setting CFC115_emissions[2368]=0
Tue Mar 21 15:37:29 2023:DEBUG:setData: Setting CFC115_emissions[2369]=0
Tue Mar 21 15:37:29 2023:DEBUG:setData: Setting CFC115_emissions[2370]=0
Tue Mar 21 15:37:29 2023:DEBUG:setData: Setting CFC115_emissions[2371]=0
Tue Mar 21 15:37:29 2023:DEBUG:setData: Setting CFC115_emissions[2372]=0
Tue Mar 21 15:37:29 2023:DEBUG:setData: Setting CFC115_emissions[2373]=0
Tue Mar 21 15:37:29 2023:DEBUG:setData: Setting CFC115_emissions[2374]=0
Tue Mar 21 15:37:29 2023:DEBUG:setData: Setting CFC115_emissions[2375]=0
Tue Mar 21 15:37:29 2023:DEBUG:setData: Setting CFC115_emissions[2376]=0
Tue Mar 21 15:37:29 2023:DEBUG:setData: Setting CFC115_emissions[2377]=0
Tue Mar 21 15:37:29 2023:DEBUG:setData: Setting CFC115_emissions[2378]=0
Tue Mar 21 15:37:29 2023:DEBUG:setData: Setting CFC115_emissions[2379]=0
Tue Mar 21 15:37:29 2023:DEBUG:setData: Setting CFC115_emissions[2380]=0
Tue Mar 21 15:37:29 2023:DEBUG:setData: Setting CFC115_emissions[2381]=0
Tue Mar 21 15:37:29 2023:DEBUG:setData: Setting CFC115_emissions[2382]=0
Tue Mar 21 15:37:29 2023:DEBUG:setData: Setting CFC115_emissions[2383]=0
Tue Mar 21 15:37:29 2023:DEBUG:setData: Setting CFC115_emissions[2384]=0
Tue Mar 21 15:37:29 2023:DEBUG:setData: Setting CFC115_emissions[2385]=0
Tue Mar 21 15:37:29 2023:DEBUG:setData: Setting CFC115_emissions[2386]=0
Tue Mar 21 15:37:29 2023:DEBUG:setData: Setting CFC115_emissions[2387]=0
Tue Mar 21 15:37:29 2023:DEBUG:setData: Setting CFC115_emissions[2388]=0
Tue Mar 21 15:37:29 2023:DEBUG:setData: Setting CFC115_emissions[2389]=0
Tue Mar 21 15:37:29 2023:DEBUG:setData: Setting CFC115_emissions[2390]=0
Tue Mar 21 15:37:29 2023:DEBUG:setData: Setting CFC115_emissions[2391]=0
Tue Mar 21 15:37:29 2023:DEBUG:setData: Setting CFC115_emissions[2392]=0
Tue Mar 21 15:37:29 2023:DEBUG:setData: Setting CFC115_emissions[2393]=0
Tue Mar 21 15:37:29 2023:DEBUG:setData: Setting CFC115_emissions[2394]=0
Tue Mar 21 15:37:29 2023:DEBUG:setData: Setting CFC115_emissions[2395]=0
Tue Mar 21 15:37:29 2023:DEBUG:setData: Setting CFC115_emissions[2396]=0
Tue Mar 21 15:37:29 2023:DEBUG:setData: Setting CFC115_emissions[2397]=0
Tue Mar 21 15:37:29 2023:DEBUG:setData: Setting CFC115_emissions[2398]=0
Tue Mar 21 15:37:29 2023:DEBUG:setData: Setting CFC115_emissions[2399]=0
Tue Mar 21 15:37:29 2023:DEBUG:setData: Setting CFC115_emissions[2400]=0
Tue Mar 21 15:37:29 2023:DEBUG:setData: Setting CFC115_emissions[2401]=0
Tue Mar 21 15:37:29 2023:DEBUG:setData: Setting CFC115_emissions[2402]=0
Tue Mar 21 15:37:29 2023:DEBUG:setData: Setting CFC115_emissions[2403]=0
Tue Mar 21 15:37:29 2023:DEBUG:setData: Setting CFC115_emissions[2404]=0
Tue Mar 21 15:37:29 2023:DEBUG:setData: Setting CFC115_emissions[2405]=0
Tue Mar 21 15:37:29 2023:DEBUG:setData: Setting CFC115_emissions[2406]=0
Tue Mar 21 15:37:29 2023:DEBUG:setData: Setting CFC115_emissions[2407]=0
Tue Mar 21 15:37:29 2023:DEBUG:setData: Setting CFC115_emissions[2408]=0
Tue Mar 21 15:37:29 2023:DEBUG:setData: Setting CFC115_emissions[2409]=0
Tue Mar 21 15:37:29 2023:DEBUG:setData: Setting CFC115_emissions[2410]=0
Tue Mar 21 15:37:29 2023:DEBUG:setData: Setting CFC115_emissions[2411]=0
Tue Mar 21 15:37:29 2023:DEBUG:setData: Setting CFC115_emissions[2412]=0
Tue Mar 21 15:37:29 2023:DEBUG:setData: Setting CFC115_emissions[2413]=0
Tue Mar 21 15:37:29 2023:DEBUG:setData: Setting CFC115_emissions[2414]=0
Tue Mar 21 15:37:29 2023:DEBUG:setData: Setting CFC115_emissions[2415]=0
Tue Mar 21 15:37:29 2023:DEBUG:setData: Setting CFC115_emissions[2416]=0
Tue Mar 21 15:37:29 2023:DEBUG:setData: Setting CFC115_emissions[2417]=0
Tue Mar 21 15:37:29 2023:DEBUG:setData: Setting CFC115_emissions[2418]=0
Tue Mar 21 15:37:29 2023:DEBUG:setData: Setting CFC115_emissions[2419]=0
Tue Mar 21 15:37:29 2023:DEBUG:setData: Setting CFC115_emissions[2420]=0
Tue Mar 21 15:37:29 2023:DEBUG:setData: Setting CFC115_emissions[2421]=0
Tue Mar 21 15:37:29 2023:DEBUG:setData: Setting CFC115_emissions[2422]=0
Tue Mar 21 15:37:29 2023:DEBUG:setData: Setting CFC115_emissions[2423]=0
Tue Mar 21 15:37:29 2023:DEBUG:setData: Setting CFC115_emissions[2424]=0
Tue Mar 21 15:37:29 2023:DEBUG:setData: Setting CFC115_emissions[2425]=0
Tue Mar 21 15:37:29 2023:DEBUG:setData: Setting CFC115_emissions[2426]=0
Tue Mar 21 15:37:29 2023:DEBUG:setData: Setting CFC115_emissions[2427]=0
Tue Mar 21 15:37:29 2023:DEBUG:setData: Setting CFC115_emissions[2428]=0
Tue Mar 21 15:37:29 2023:DEBUG:setData: Setting CFC115_emissions[2429]=0
Tue Mar 21 15:37:29 2023:DEBUG:setData: Setting CFC115_emissions[2430]=0
Tue Mar 21 15:37:29 2023:DEBUG:setData: Setting CFC115_emissions[2431]=0
Tue Mar 21 15:37:29 2023:DEBUG:setData: Setting CFC115_emissions[2432]=0
Tue Mar 21 15:37:29 2023:DEBUG:setData: Setting CFC115_emissions[2433]=0
Tue Mar 21 15:37:29 2023:DEBUG:setData: Setting CFC115_emissions[2434]=0
Tue Mar 21 15:37:29 2023:DEBUG:setData: Setting CFC115_emissions[2435]=0
Tue Mar 21 15:37:29 2023:DEBUG:setData: Setting CFC115_emissions[2436]=0
Tue Mar 21 15:37:29 2023:DEBUG:setData: Setting CFC115_emissions[2437]=0
Tue Mar 21 15:37:29 2023:DEBUG:setData: Setting CFC115_emissions[2438]=0
Tue Mar 21 15:37:29 2023:DEBUG:setData: Setting CFC115_emissions[2439]=0
Tue Mar 21 15:37:29 2023:DEBUG:setData: Setting CFC115_emissions[2440]=0
Tue Mar 21 15:37:29 2023:DEBUG:setData: Setting CFC115_emissions[2441]=0
Tue Mar 21 15:37:29 2023:DEBUG:setData: Setting CFC115_emissions[2442]=0
Tue Mar 21 15:37:29 2023:DEBUG:setData: Setting CFC115_emissions[2443]=0
Tue Mar 21 15:37:29 2023:DEBUG:setData: Setting CFC115_emissions[2444]=0
Tue Mar 21 15:37:29 2023:DEBUG:setData: Setting CFC115_emissions[2445]=0
Tue Mar 21 15:37:29 2023:DEBUG:setData: Setting CFC115_emissions[2446]=0
Tue Mar 21 15:37:29 2023:DEBUG:setData: Setting CFC115_emissions[2447]=0
Tue Mar 21 15:37:29 2023:DEBUG:setData: Setting CFC115_emissions[2448]=0
Tue Mar 21 15:37:29 2023:DEBUG:setData: Setting CFC115_emissions[2449]=0
Tue Mar 21 15:37:29 2023:DEBUG:setData: Setting CFC115_emissions[2450]=0
Tue Mar 21 15:37:29 2023:DEBUG:setData: Setting CFC115_emissions[2451]=0
Tue Mar 21 15:37:29 2023:DEBUG:setData: Setting CFC115_emissions[2452]=0
Tue Mar 21 15:37:29 2023:DEBUG:setData: Setting CFC115_emissions[2453]=0
Tue Mar 21 15:37:29 2023:DEBUG:setData: Setting CFC115_emissions[2454]=0
Tue Mar 21 15:37:29 2023:DEBUG:setData: Setting CFC115_emissions[2455]=0
Tue Mar 21 15:37:29 2023:DEBUG:setData: Setting CFC115_emissions[2456]=0
Tue Mar 21 15:37:29 2023:DEBUG:setData: Setting CFC115_emissions[2457]=0
Tue Mar 21 15:37:29 2023:DEBUG:setData: Setting CFC115_emissions[2458]=0
Tue Mar 21 15:37:29 2023:DEBUG:setData: Setting CFC115_emissions[2459]=0
Tue Mar 21 15:37:29 2023:DEBUG:setData: Setting CFC115_emissions[2460]=0
Tue Mar 21 15:37:29 2023:DEBUG:setData: Setting CFC115_emissions[2461]=0
Tue Mar 21 15:37:29 2023:DEBUG:setData: Setting CFC115_emissions[2462]=0
Tue Mar 21 15:37:29 2023:DEBUG:setData: Setting CFC115_emissions[2463]=0
Tue Mar 21 15:37:29 2023:DEBUG:setData: Setting CFC115_emissions[2464]=0
Tue Mar 21 15:37:29 2023:DEBUG:setData: Setting CFC115_emissions[2465]=0
Tue Mar 21 15:37:29 2023:DEBUG:setData: Setting CFC115_emissions[2466]=0
Tue Mar 21 15:37:29 2023:DEBUG:setData: Setting CFC115_emissions[2467]=0
Tue Mar 21 15:37:29 2023:DEBUG:setData: Setting CFC115_emissions[2468]=0
Tue Mar 21 15:37:29 2023:DEBUG:setData: Setting CFC115_emissions[2469]=0
Tue Mar 21 15:37:29 2023:DEBUG:setData: Setting CFC115_emissions[2470]=0
Tue Mar 21 15:37:29 2023:DEBUG:setData: Setting CFC115_emissions[2471]=0
Tue Mar 21 15:37:29 2023:DEBUG:setData: Setting CFC115_emissions[2472]=0
Tue Mar 21 15:37:29 2023:DEBUG:setData: Setting CFC115_emissions[2473]=0
Tue Mar 21 15:37:29 2023:DEBUG:setData: Setting CFC115_emissions[2474]=0
Tue Mar 21 15:37:29 2023:DEBUG:setData: Setting CFC115_emissions[2475]=0
Tue Mar 21 15:37:29 2023:DEBUG:setData: Setting CFC115_emissions[2476]=0
Tue Mar 21 15:37:29 2023:DEBUG:setData: Setting CFC115_emissions[2477]=0
Tue Mar 21 15:37:29 2023:DEBUG:setData: Setting CFC115_emissions[2478]=0
Tue Mar 21 15:37:29 2023:DEBUG:setData: Setting CFC115_emissions[2479]=0
Tue Mar 21 15:37:29 2023:DEBUG:setData: Setting CFC115_emissions[2480]=0
Tue Mar 21 15:37:29 2023:DEBUG:setData: Setting CFC115_emissions[2481]=0
Tue Mar 21 15:37:29 2023:DEBUG:setData: Setting CFC115_emissions[2482]=0
Tue Mar 21 15:37:29 2023:DEBUG:setData: Setting CFC115_emissions[2483]=0
Tue Mar 21 15:37:29 2023:DEBUG:setData: Setting CFC115_emissions[2484]=0
Tue Mar 21 15:37:29 2023:DEBUG:setData: Setting CFC115_emissions[2485]=0
Tue Mar 21 15:37:29 2023:DEBUG:setData: Setting CFC115_emissions[2486]=0
Tue Mar 21 15:37:29 2023:DEBUG:setData: Setting CFC115_emissions[2487]=0
Tue Mar 21 15:37:29 2023:DEBUG:setData: Setting CFC115_emissions[2488]=0
Tue Mar 21 15:37:29 2023:DEBUG:setData: Setting CFC115_emissions[2489]=0
Tue Mar 21 15:37:29 2023:DEBUG:setData: Setting CFC115_emissions[2490]=0
Tue Mar 21 15:37:29 2023:DEBUG:setData: Setting CFC115_emissions[2491]=0
Tue Mar 21 15:37:29 2023:DEBUG:setData: Setting CFC115_emissions[2492]=0
Tue Mar 21 15:37:29 2023:DEBUG:setData: Setting CFC115_emissions[2493]=0
Tue Mar 21 15:37:29 2023:DEBUG:setData: Setting CFC115_emissions[2494]=0
Tue Mar 21 15:37:29 2023:DEBUG:setData: Setting CFC115_emissions[2495]=0
Tue Mar 21 15:37:29 2023:DEBUG:setData: Setting CFC115_emissions[2496]=0
Tue Mar 21 15:37:29 2023:DEBUG:setData: Setting CFC115_emissions[2497]=0
Tue Mar 21 15:37:29 2023:DEBUG:setData: Setting CFC115_emissions[2498]=0
Tue Mar 21 15:37:29 2023:DEBUG:setData: Setting CFC115_emissions[2499]=0
Tue Mar 21 15:37:29 2023:DEBUG:setData: Setting CFC115_emissions[2500]=0
Tue Mar 21 15:37:29 2023:DEBUG:setData: Setting molarMass[-1]=154.45
Tue Mar 21 15:37:29 2023:DEBUG:prepareToRun: prepareToRun 
Tue Mar 21 15:37:30 2023:DEBUG:run: date: 1746 concentration: 0 pptv
Tue Mar 21 15:37:30 2023:DEBUG:run: date: 1747 concentration: 0 pptv
Tue Mar 21 15:37:30 2023:DEBUG:run: date: 1748 concentration: 0 pptv
Tue Mar 21 15:37:30 2023:DEBUG:run: date: 1749 concentration: 0 pptv
Tue Mar 21 15:37:30 2023:DEBUG:run: date: 1750 concentration: 0 pptv
Tue Mar 21 15:37:30 2023:DEBUG:run: date: 1751 concentration: 0 pptv
Tue Mar 21 15:37:30 2023:DEBUG:run: date: 1752 concentration: 0 pptv
Tue Mar 21 15:37:30 2023:DEBUG:run: date: 1753 concentration: 0 pptv
Tue Mar 21 15:37:30 2023:DEBUG:run: date: 1754 concentration: 0 pptv
Tue Mar 21 15:37:30 2023:DEBUG:run: date: 1755 concentration: 0 pptv
Tue Mar 21 15:37:30 2023:DEBUG:run: date: 1756 concentration: 0 pptv
Tue Mar 21 15:37:30 2023:DEBUG:run: date: 1757 concentration: 0 pptv
Tue Mar 21 15:37:30 2023:DEBUG:run: date: 1758 concentration: 0 pptv
Tue Mar 21 15:37:30 2023:DEBUG:run: date: 1759 concentration: 0 pptv
Tue Mar 21 15:37:30 2023:DEBUG:run: date: 1760 concentration: 0 pptv
Tue Mar 21 15:37:30 2023:DEBUG:run: date: 1761 concentration: 0 pptv
Tue Mar 21 15:37:30 2023:DEBUG:run: date: 1762 concentration: 0 pptv
Tue Mar 21 15:37:30 2023:DEBUG:run: date: 1763 concentration: 0 pptv
Tue Mar 21 15:37:30 2023:DEBUG:run: date: 1764 concentration: 0 pptv
Tue Mar 21 15:37:30 2023:DEBUG:run: date: 1765 concentration: 0 pptv
Tue Mar 21 15:37:30 2023:DEBUG:run: date: 1766 concentration: 0 pptv
Tue Mar 21 15:37:30 2023:DEBUG:run: date: 1767 concentration: 0 pptv
Tue Mar 21 15:37:30 2023:DEBUG:run: date: 1768 concentration: 0 pptv
Tue Mar 21 15:37:30 2023:DEBUG:run: date: 1769 concentration: 0 pptv
Tue Mar 21 15:37:30 2023:DEBUG:run: date: 1770 concentration: 0 pptv
Tue Mar 21 15:37:30 2023:DEBUG:run: date: 1771 concentration: 0 pptv
Tue Mar 21 15:37:30 2023:DEBUG:run: date: 1772 concentration: 0 pptv
Tue Mar 21 15:37:30 2023:DEBUG:run: date: 1773 concentration: 0 pptv
Tue Mar 21 15:37:30 2023:DEBUG:run: date: 1774 concentration: 0 pptv
Tue Mar 21 15:37:30 2023:DEBUG:run: date: 1775 concentration: 0 pptv
Tue Mar 21 15:37:30 2023:DEBUG:run: date: 1776 concentration: 0 pptv
Tue Mar 21 15:37:30 2023:DEBUG:run: date: 1777 concentration: 0 pptv
Tue Mar 21 15:37:30 2023:DEBUG:run: date: 1778 concentration: 0 pptv
Tue Mar 21 15:37:30 2023:DEBUG:run: date: 1779 concentration: 0 pptv
Tue Mar 21 15:37:30 2023:DEBUG:run: date: 1780 concentration: 0 pptv
Tue Mar 21 15:37:30 2023:DEBUG:run: date: 1781 concentration: 0 pptv
Tue Mar 21 15:37:30 2023:DEBUG:run: date: 1782 concentration: 0 pptv
Tue Mar 21 15:37:30 2023:DEBUG:run: date: 1783 concentration: 0 pptv
Tue Mar 21 15:37:30 2023:DEBUG:run: date: 1784 concentration: 0 pptv
Tue Mar 21 15:37:30 2023:DEBUG:run: date: 1785 concentration: 0 pptv
Tue Mar 21 15:37:30 2023:DEBUG:run: date: 1786 concentration: 0 pptv
Tue Mar 21 15:37:30 2023:DEBUG:run: date: 1787 concentration: 0 pptv
Tue Mar 21 15:37:30 2023:DEBUG:run: date: 1788 concentration: 0 pptv
Tue Mar 21 15:37:30 2023:DEBUG:run: date: 1789 concentration: 0 pptv
Tue Mar 21 15:37:30 2023:DEBUG:run: date: 1790 concentration: 0 pptv
Tue Mar 21 15:37:30 2023:DEBUG:run: date: 1791 concentration: 0 pptv
Tue Mar 21 15:37:30 2023:DEBUG:run: date: 1792 concentration: 0 pptv
Tue Mar 21 15:37:30 2023:DEBUG:run: date: 1793 concentration: 0 pptv
Tue Mar 21 15:37:30 2023:DEBUG:run: date: 1794 concentration: 0 pptv
Tue Mar 21 15:37:30 2023:DEBUG:run: date: 1795 concentration: 0 pptv
Tue Mar 21 15:37:30 2023:DEBUG:run: date: 1796 concentration: 0 pptv
Tue Mar 21 15:37:30 2023:DEBUG:run: date: 1797 concentration: 0 pptv
Tue Mar 21 15:37:30 2023:DEBUG:run: date: 1798 concentration: 0 pptv
Tue Mar 21 15:37:30 2023:DEBUG:run: date: 1799 concentration: 0 pptv
Tue Mar 21 15:37:30 2023:DEBUG:run: date: 1800 concentration: 0 pptv
Tue Mar 21 15:37:30 2023:DEBUG:run: date: 1801 concentration: 0 pptv
Tue Mar 21 15:37:30 2023:DEBUG:run: date: 1802 concentration: 0 pptv
Tue Mar 21 15:37:30 2023:DEBUG:run: date: 1803 concentration: 0 pptv
Tue Mar 21 15:37:30 2023:DEBUG:run: date: 1804 concentration: 0 pptv
Tue Mar 21 15:37:30 2023:DEBUG:run: date: 1805 concentration: 0 pptv
Tue Mar 21 15:37:30 2023:DEBUG:run: date: 1806 concentration: 0 pptv
Tue Mar 21 15:37:30 2023:DEBUG:run: date: 1807 concentration: 0 pptv
Tue Mar 21 15:37:30 2023:DEBUG:run: date: 1808 concentration: 0 pptv
Tue Mar 21 15:37:30 2023:DEBUG:run: date: 1809 concentration: 0 pptv
Tue Mar 21 15:37:30 2023:DEBUG:run: date: 1810 concentration: 0 pptv
Tue Mar 21 15:37:30 2023:DEBUG:run: date: 1811 concentration: 0 pptv
Tue Mar 21 15:37:30 2023:DEBUG:run: date: 1812 concentration: 0 pptv
Tue Mar 21 15:37:30 2023:DEBUG:run: date: 1813 concentration: 0 pptv
Tue Mar 21 15:37:30 2023:DEBUG:run: date: 1814 concentration: 0 pptv
Tue Mar 21 15:37:30 2023:DEBUG:run: date: 1815 concentration: 0 pptv
Tue Mar 21 15:37:30 2023:DEBUG:run: date: 1816 concentration: 0 pptv
Tue Mar 21 15:37:30 2023:DEBUG:run: date: 1817 concentration: 0 pptv
Tue Mar 21 15:37:30 2023:DEBUG:run: date: 1818 concentration: 0 pptv
Tue Mar 21 15:37:30 2023:DEBUG:run: date: 1819 concentration: 0 pptv
Tue Mar 21 15:37:30 2023:DEBUG:run: date: 1820 concentration: 0 pptv
Tue Mar 21 15:37:30 2023:DEBUG:run: date: 1821 concentration: 0 pptv
Tue Mar 21 15:37:30 2023:DEBUG:run: date: 1822 concentration: 0 pptv
Tue Mar 21 15:37:30 2023:DEBUG:run: date: 1823 concentration: 0 pptv
Tue Mar 21 15:37:30 2023:DEBUG:run: date: 1824 concentration: 0 pptv
Tue Mar 21 15:37:30 2023:DEBUG:run: date: 1825 concentration: 0 pptv
Tue Mar 21 15:37:30 2023:DEBUG:run: date: 1826 concentration: 0 pptv
Tue Mar 21 15:37:30 2023:DEBUG:run: date: 1827 concentration: 0 pptv
Tue Mar 21 15:37:30 2023:DEBUG:run: date: 1828 concentration: 0 pptv
Tue Mar 21 15:37:30 2023:DEBUG:run: date: 1829 concentration: 0 pptv
Tue Mar 21 15:37:30 2023:DEBUG:run: date: 1830 concentration: 0 pptv
Tue Mar 21 15:37:30 2023:DEBUG:run: date: 1831 concentration: 0 pptv
Tue Mar 21 15:37:30 2023:DEBUG:run: date: 1832 concentration: 0 pptv
Tue Mar 21 15:37:30 2023:DEBUG:run: date: 1833 concentration: 0 pptv
Tue Mar 21 15:37:30 2023:DEBUG:run: date: 1834 concentration: 0 pptv
Tue Mar 21 15:37:30 2023:DEBUG:run: date: 1835 concentration: 0 pptv
Tue Mar 21 15:37:30 2023:DEBUG:run: date: 1836 concentration: 0 pptv
Tue Mar 21 15:37:30 2023:DEBUG:run: date: 1837 concentration: 0 pptv
Tue Mar 21 15:37:30 2023:DEBUG:run: date: 1838 concentration: 0 pptv
Tue Mar 21 15:37:30 2023:DEBUG:run: date: 1839 concentration: 0 pptv
Tue Mar 21 15:37:30 2023:DEBUG:run: date: 1840 concentration: 0 pptv
Tue Mar 21 15:37:30 2023:DEBUG:run: date: 1841 concentration: 0 pptv
Tue Mar 21 15:37:30 2023:DEBUG:run: date: 1842 concentration: 0 pptv
Tue Mar 21 15:37:30 2023:DEBUG:run: date: 1843 concentration: 0 pptv
Tue Mar 21 15:37:30 2023:DEBUG:run: date: 1844 concentration: 0 pptv
Tue Mar 21 15:37:30 2023:DEBUG:run: date: 1845 concentration: 0 pptv
Tue Mar 21 15:37:30 2023:DEBUG:run: date: 1846 concentration: 0 pptv
Tue Mar 21 15:37:30 2023:DEBUG:run: date: 1847 concentration: 0 pptv
Tue Mar 21 15:37:30 2023:DEBUG:run: date: 1848 concentration: 0 pptv
Tue Mar 21 15:37:30 2023:DEBUG:run: date: 1849 concentration: 0 pptv
Tue Mar 21 15:37:30 2023:DEBUG:run: date: 1850 concentration: 0 pptv
Tue Mar 21 15:37:30 2023:DEBUG:run: date: 1851 concentration: 0 pptv
Tue Mar 21 15:37:30 2023:DEBUG:run: date: 1852 concentration: 0 pptv
Tue Mar 21 15:37:30 2023:DEBUG:run: date: 1853 concentration: 0 pptv
Tue Mar 21 15:37:30 2023:DEBUG:run: date: 1854 concentration: 0 pptv
Tue Mar 21 15:37:30 2023:DEBUG:run: date: 1855 concentration: 0 pptv
Tue Mar 21 15:37:30 2023:DEBUG:run: date: 1856 concentration: 0 pptv
Tue Mar 21 15:37:30 2023:DEBUG:run: date: 1857 concentration: 0 pptv
Tue Mar 21 15:37:30 2023:DEBUG:run: date: 1858 concentration: 0 pptv
Tue Mar 21 15:37:30 2023:DEBUG:run: date: 1859 concentration: 0 pptv
Tue Mar 21 15:37:30 2023:DEBUG:run: date: 1860 concentration: 0 pptv
Tue Mar 21 15:37:30 2023:DEBUG:run: date: 1861 concentration: 0 pptv
Tue Mar 21 15:37:30 2023:DEBUG:run: date: 1862 concentration: 0 pptv
Tue Mar 21 15:37:30 2023:DEBUG:run: date: 1863 concentration: 0 pptv
Tue Mar 21 15:37:30 2023:DEBUG:run: date: 1864 concentration: 0 pptv
Tue Mar 21 15:37:30 2023:DEBUG:run: date: 1865 concentration: 0 pptv
Tue Mar 21 15:37:30 2023:DEBUG:run: date: 1866 concentration: 0 pptv
Tue Mar 21 15:37:30 2023:DEBUG:run: date: 1867 concentration: 0 pptv
Tue Mar 21 15:37:30 2023:DEBUG:run: date: 1868 concentration: 0 pptv
Tue Mar 21 15:37:30 2023:DEBUG:run: date: 1869 concentration: 0 pptv
Tue Mar 21 15:37:30 2023:DEBUG:run: date: 1870 concentration: 0 pptv
Tue Mar 21 15:37:30 2023:DEBUG:run: date: 1871 concentration: 0 pptv
Tue Mar 21 15:37:30 2023:DEBUG:run: date: 1872 concentration: 0 pptv
Tue Mar 21 15:37:30 2023:DEBUG:run: date: 1873 concentration: 0 pptv
Tue Mar 21 15:37:30 2023:DEBUG:run: date: 1874 concentration: 0 pptv
Tue Mar 21 15:37:30 2023:DEBUG:run: date: 1875 concentration: 0 pptv
Tue Mar 21 15:37:30 2023:DEBUG:run: date: 1876 concentration: 0 pptv
Tue Mar 21 15:37:30 2023:DEBUG:run: date: 1877 concentration: 0 pptv
Tue Mar 21 15:37:30 2023:DEBUG:run: date: 1878 concentration: 0 pptv
Tue Mar 21 15:37:30 2023:DEBUG:run: date: 1879 concentration: 0 pptv
Tue Mar 21 15:37:30 2023:DEBUG:run: date: 1880 concentration: 0 pptv
Tue Mar 21 15:37:30 2023:DEBUG:run: date: 1881 concentration: 0 pptv
Tue Mar 21 15:37:30 2023:DEBUG:run: date: 1882 concentration: 0 pptv
Tue Mar 21 15:37:30 2023:DEBUG:run: date: 1883 concentration: 0 pptv
Tue Mar 21 15:37:30 2023:DEBUG:run: date: 1884 concentration: 0 pptv
Tue Mar 21 15:37:30 2023:DEBUG:run: date: 1885 concentration: 0 pptv
Tue Mar 21 15:37:30 2023:DEBUG:run: date: 1886 concentration: 0 pptv
Tue Mar 21 15:37:30 2023:DEBUG:run: date: 1887 concentration: 0 pptv
Tue Mar 21 15:37:30 2023:DEBUG:run: date: 1888 concentration: 0 pptv
Tue Mar 21 15:37:30 2023:DEBUG:run: date: 1889 concentration: 0 pptv
Tue Mar 21 15:37:30 2023:DEBUG:run: date: 1890 concentration: 0 pptv
Tue Mar 21 15:37:30 2023:DEBUG:run: date: 1891 concentration: 0 pptv
Tue Mar 21 15:37:30 2023:DEBUG:run: date: 1892 concentration: 0 pptv
Tue Mar 21 15:37:30 2023:DEBUG:run: date: 1893 concentration: 0 pptv
Tue Mar 21 15:37:30 2023:DEBUG:run: date: 1894 concentration: 0 pptv
Tue Mar 21 15:37:30 2023:DEBUG:run: date: 1895 concentration: 0 pptv
Tue Mar 21 15:37:30 2023:DEBUG:run: date: 1896 concentration: 0 pptv
Tue Mar 21 15:37:30 2023:DEBUG:run: date: 1897 concentration: 0 pptv
Tue Mar 21 15:37:31 2023:DEBUG:run: date: 1898 concentration: 0 pptv
Tue Mar 21 15:37:31 2023:DEBUG:run: date: 1899 concentration: 0 pptv
Tue Mar 21 15:37:31 2023:DEBUG:run: date: 1900 concentration: 0 pptv
Tue Mar 21 15:37:31 2023:DEBUG:run: date: 1901 concentration: 0 pptv
Tue Mar 21 15:37:31 2023:DEBUG:run: date: 1902 concentration: 0 pptv
Tue Mar 21 15:37:31 2023:DEBUG:run: date: 1903 concentration: 0 pptv
Tue Mar 21 15:37:31 2023:DEBUG:run: date: 1904 concentration: 0 pptv
Tue Mar 21 15:37:31 2023:DEBUG:run: date: 1905 concentration: 0 pptv
Tue Mar 21 15:37:31 2023:DEBUG:run: date: 1906 concentration: 0 pptv
Tue Mar 21 15:37:31 2023:DEBUG:run: date: 1907 concentration: 0 pptv
Tue Mar 21 15:37:31 2023:DEBUG:run: date: 1908 concentration: 0 pptv
Tue Mar 21 15:37:31 2023:DEBUG:run: date: 1909 concentration: 0 pptv
Tue Mar 21 15:37:31 2023:DEBUG:run: date: 1910 concentration: 0 pptv
Tue Mar 21 15:37:31 2023:DEBUG:run: date: 1911 concentration: 0 pptv
Tue Mar 21 15:37:31 2023:DEBUG:run: date: 1912 concentration: 0 pptv
Tue Mar 21 15:37:31 2023:DEBUG:run: date: 1913 concentration: 0 pptv
Tue Mar 21 15:37:31 2023:DEBUG:run: date: 1914 concentration: 0 pptv
Tue Mar 21 15:37:31 2023:DEBUG:run: date: 1915 concentration: 0 pptv
Tue Mar 21 15:37:31 2023:DEBUG:run: date: 1916 concentration: 0 pptv
Tue Mar 21 15:37:31 2023:DEBUG:run: date: 1917 concentration: 0 pptv
Tue Mar 21 15:37:31 2023:DEBUG:run: date: 1918 concentration: 0 pptv
Tue Mar 21 15:37:31 2023:DEBUG:run: date: 1919 concentration: 0 pptv
Tue Mar 21 15:37:31 2023:DEBUG:run: date: 1920 concentration: 0 pptv
Tue Mar 21 15:37:31 2023:DEBUG:run: date: 1921 concentration: 0 pptv
Tue Mar 21 15:37:31 2023:DEBUG:run: date: 1922 concentration: 0 pptv
Tue Mar 21 15:37:31 2023:DEBUG:run: date: 1923 concentration: 0 pptv
Tue Mar 21 15:37:31 2023:DEBUG:run: date: 1924 concentration: 0 pptv
Tue Mar 21 15:37:31 2023:DEBUG:run: date: 1925 concentration: 0 pptv
Tue Mar 21 15:37:31 2023:DEBUG:run: date: 1926 concentration: 0 pptv
Tue Mar 21 15:37:31 2023:DEBUG:run: date: 1927 concentration: 0 pptv
Tue Mar 21 15:37:31 2023:DEBUG:run: date: 1928 concentration: 0 pptv
Tue Mar 21 15:37:31 2023:DEBUG:run: date: 1929 concentration: 0 pptv
Tue Mar 21 15:37:31 2023:DEBUG:run: date: 1930 concentration: 0 pptv
Tue Mar 21 15:37:31 2023:DEBUG:run: date: 1931 concentration: 0 pptv
Tue Mar 21 15:37:31 2023:DEBUG:run: date: 1932 concentration: 0 pptv
Tue Mar 21 15:37:31 2023:DEBUG:run: date: 1933 concentration: 0 pptv
Tue Mar 21 15:37:31 2023:DEBUG:run: date: 1934 concentration: 0 pptv
Tue Mar 21 15:37:31 2023:DEBUG:run: date: 1935 concentration: 0 pptv
Tue Mar 21 15:37:31 2023:DEBUG:run: date: 1936 concentration: 0 pptv
Tue Mar 21 15:37:31 2023:DEBUG:run: date: 1937 concentration: 0 pptv
Tue Mar 21 15:37:31 2023:DEBUG:run: date: 1938 concentration: 0 pptv
Tue Mar 21 15:37:31 2023:DEBUG:run: date: 1939 concentration: 0 pptv
Tue Mar 21 15:37:31 2023:DEBUG:run: date: 1940 concentration: 0 pptv
Tue Mar 21 15:37:31 2023:DEBUG:run: date: 1941 concentration: 0 pptv
Tue Mar 21 15:37:31 2023:DEBUG:run: date: 1942 concentration: 0 pptv
Tue Mar 21 15:37:31 2023:DEBUG:run: date: 1943 concentration: 0 pptv
Tue Mar 21 15:37:31 2023:DEBUG:run: date: 1944 concentration: 0 pptv
Tue Mar 21 15:37:31 2023:DEBUG:run: date: 1945 concentration: 0 pptv
Tue Mar 21 15:37:31 2023:DEBUG:run: date: 1946 concentration: 0 pptv
Tue Mar 21 15:37:31 2023:DEBUG:run: date: 1947 concentration: 0 pptv
Tue Mar 21 15:37:31 2023:DEBUG:run: date: 1948 concentration: 0 pptv
Tue Mar 21 15:37:31 2023:DEBUG:run: date: 1949 concentration: 0 pptv
Tue Mar 21 15:37:31 2023:DEBUG:run: date: 1950 concentration: 0 pptv
Tue Mar 21 15:37:31 2023:DEBUG:run: date: 1951 concentration: 0 pptv
Tue Mar 21 15:37:31 2023:DEBUG:run: date: 1952 concentration: 0 pptv
Tue Mar 21 15:37:31 2023:DEBUG:run: date: 1953 concentration: 0 pptv
Tue Mar 21 15:37:31 2023:DEBUG:run: date: 1954 concentration: 0 pptv
Tue Mar 21 15:37:31 2023:DEBUG:run: date: 1955 concentration: 0 pptv
Tue Mar 21 15:37:31 2023:DEBUG:run: date: 1956 concentration: 0 pptv
Tue Mar 21 15:37:31 2023:DEBUG:run: date: 1957 concentration: 0 pptv
Tue Mar 21 15:37:31 2023:DEBUG:run: date: 1958 concentration: 0 pptv
Tue Mar 21 15:37:31 2023:DEBUG:run: date: 1959 concentration: 0 pptv
Tue Mar 21 15:37:31 2023:DEBUG:run: date: 1960 concentration: 0 pptv
Tue Mar 21 15:37:31 2023:DEBUG:run: date: 1961 concentration: 6.69492e-05 pptv
Tue Mar 21 15:37:31 2023:DEBUG:run: date: 1962 concentration: 0.0016916 pptv
Tue Mar 21 15:37:31 2023:DEBUG:run: date: 1963 concentration: 0.01058 pptv
Tue Mar 21 15:37:31 2023:DEBUG:run: date: 1964 concentration: 0.0274204 pptv
Tue Mar 21 15:37:31 2023:DEBUG:run: date: 1965 concentration: 0.0482645 pptv
Tue Mar 21 15:37:31 2023:DEBUG:run: date: 1966 concentration: 0.0759936 pptv
Tue Mar 21 15:37:31 2023:DEBUG:run: date: 1967 concentration: 0.11325 pptv
Tue Mar 21 15:37:31 2023:DEBUG:run: date: 1968 concentration: 0.162353 pptv
Tue Mar 21 15:37:31 2023:DEBUG:run: date: 1969 concentration: 0.223823 pptv
Tue Mar 21 15:37:31 2023:DEBUG:run: date: 1970 concentration: 0.29169 pptv
Tue Mar 21 15:37:31 2023:DEBUG:run: date: 1971 concentration: 0.368479 pptv
Tue Mar 21 15:37:31 2023:DEBUG:run: date: 1972 concentration: 0.460022 pptv
Tue Mar 21 15:37:31 2023:DEBUG:run: date: 1973 concentration: 0.565089 pptv
Tue Mar 21 15:37:31 2023:DEBUG:run: date: 1974 concentration: 0.691277 pptv
Tue Mar 21 15:37:31 2023:DEBUG:run: date: 1975 concentration: 0.842535 pptv
Tue Mar 21 15:37:31 2023:DEBUG:run: date: 1976 concentration: 1.01262 pptv
Tue Mar 21 15:37:31 2023:DEBUG:run: date: 1977 concentration: 1.19823 pptv
Tue Mar 21 15:37:31 2023:DEBUG:run: date: 1978 concentration: 1.39607 pptv
Tue Mar 21 15:37:31 2023:DEBUG:run: date: 1979 concentration: 1.61468 pptv
Tue Mar 21 15:37:31 2023:DEBUG:run: date: 1980 concentration: 1.87394 pptv
Tue Mar 21 15:37:31 2023:DEBUG:run: date: 1981 concentration: 2.18343 pptv
Tue Mar 21 15:37:31 2023:DEBUG:run: date: 1982 concentration: 2.51566 pptv
Tue Mar 21 15:37:31 2023:DEBUG:run: date: 1983 concentration: 2.83987 pptv
Tue Mar 21 15:37:31 2023:DEBUG:run: date: 1984 concentration: 3.21712 pptv
Tue Mar 21 15:37:31 2023:DEBUG:run: date: 1985 concentration: 3.65009 pptv
Tue Mar 21 15:37:31 2023:DEBUG:run: date: 1986 concentration: 4.04911 pptv
Tue Mar 21 15:37:31 2023:DEBUG:run: date: 1987 concentration: 4.44863 pptv
Tue Mar 21 15:37:31 2023:DEBUG:run: date: 1988 concentration: 4.87982 pptv
Tue Mar 21 15:37:31 2023:DEBUG:run: date: 1989 concentration: 5.283 pptv
Tue Mar 21 15:37:31 2023:DEBUG:run: date: 1990 concentration: 5.66075 pptv
Tue Mar 21 15:37:31 2023:DEBUG:run: date: 1991 concentration: 6.0449 pptv
Tue Mar 21 15:37:31 2023:DEBUG:run: date: 1992 concentration: 6.40527 pptv
Tue Mar 21 15:37:31 2023:DEBUG:run: date: 1993 concentration: 6.71353 pptv
Tue Mar 21 15:37:31 2023:DEBUG:run: date: 1994 concentration: 7.00314 pptv
Tue Mar 21 15:37:31 2023:DEBUG:run: date: 1995 concentration: 7.275 pptv
Tue Mar 21 15:37:31 2023:DEBUG:run: date: 1996 concentration: 7.46937 pptv
Tue Mar 21 15:37:31 2023:DEBUG:run: date: 1997 concentration: 7.58925 pptv
Tue Mar 21 15:37:31 2023:DEBUG:run: date: 1998 concentration: 7.69022 pptv
Tue Mar 21 15:37:31 2023:DEBUG:run: date: 1999 concentration: 7.79911 pptv
Tue Mar 21 15:37:31 2023:DEBUG:run: date: 2000 concentration: 7.87894 pptv
Tue Mar 21 15:37:31 2023:DEBUG:run: date: 2001 concentration: 7.91602 pptv
Tue Mar 21 15:37:31 2023:DEBUG:run: date: 2002 concentration: 7.94553 pptv
Tue Mar 21 15:37:31 2023:DEBUG:run: date: 2003 concentration: 7.96765 pptv
Tue Mar 21 15:37:31 2023:DEBUG:run: date: 2004 concentration: 7.99018 pptv
Tue Mar 21 15:37:31 2023:DEBUG:run: date: 2005 concentration: 8.00636 pptv
Tue Mar 21 15:37:31 2023:DEBUG:run: date: 2006 concentration: 8.02276 pptv
Tue Mar 21 15:37:31 2023:DEBUG:run: date: 2007 concentration: 8.04619 pptv
Tue Mar 21 15:37:31 2023:DEBUG:run: date: 2008 concentration: 8.05789 pptv
Tue Mar 21 15:37:31 2023:DEBUG:run: date: 2009 concentration: 8.06695 pptv
Tue Mar 21 15:37:31 2023:DEBUG:run: date: 2010 concentration: 8.0859 pptv
Tue Mar 21 15:37:31 2023:DEBUG:run: date: 2011 concentration: 8.11193 pptv
Tue Mar 21 15:37:31 2023:DEBUG:run: date: 2012 concentration: 8.13293 pptv
Tue Mar 21 15:37:31 2023:DEBUG:run: date: 2013 concentration: 8.15021 pptv
Tue Mar 21 15:37:31 2023:DEBUG:run: date: 2014 concentration: 8.1855 pptv
Tue Mar 21 15:37:31 2023:DEBUG:run: date: 2015 concentration: 8.24079 pptv
Tue Mar 21 15:37:31 2023:DEBUG:run: date: 2016 concentration: 8.29399 pptv
Tue Mar 21 15:37:31 2023:DEBUG:run: date: 2017 concentration: 8.34511 pptv
Tue Mar 21 15:37:31 2023:DEBUG:run: date: 2018 concentration: 8.39413 pptv
Tue Mar 21 15:37:31 2023:DEBUG:run: date: 2019 concentration: 8.44107 pptv
Tue Mar 21 15:37:31 2023:DEBUG:run: date: 2020 concentration: 8.48593 pptv
Tue Mar 21 15:37:31 2023:DEBUG:run: date: 2021 concentration: 8.5292 pptv
Tue Mar 21 15:37:31 2023:DEBUG:run: date: 2022 concentration: 8.57089 pptv
Tue Mar 21 15:37:31 2023:DEBUG:run: date: 2023 concentration: 8.611 pptv
Tue Mar 21 15:37:31 2023:DEBUG:run: date: 2024 concentration: 8.64952 pptv
Tue Mar 21 15:37:31 2023:DEBUG:run: date: 2025 concentration: 8.68646 pptv
Tue Mar 21 15:37:31 2023:DEBUG:run: date: 2026 concentration: 8.72182 pptv
Tue Mar 21 15:37:31 2023:DEBUG:run: date: 2027 concentration: 8.7556 pptv
Tue Mar 21 15:37:31 2023:DEBUG:run: date: 2028 concentration: 8.7878 pptv
Tue Mar 21 15:37:31 2023:DEBUG:run: date: 2029 concentration: 8.81842 pptv
Tue Mar 21 15:37:31 2023:DEBUG:run: date: 2030 concentration: 8.84746 pptv
Tue Mar 21 15:37:31 2023:DEBUG:run: date: 2031 concentration: 8.87542 pptv
Tue Mar 21 15:37:31 2023:DEBUG:run: date: 2032 concentration: 8.90229 pptv
Tue Mar 21 15:37:31 2023:DEBUG:run: date: 2033 concentration: 8.92808 pptv
Tue Mar 21 15:37:31 2023:DEBUG:run: date: 2034 concentration: 8.95278 pptv
Tue Mar 21 15:37:31 2023:DEBUG:run: date: 2035 concentration: 8.9764 pptv
Tue Mar 21 15:37:31 2023:DEBUG:run: date: 2036 concentration: 8.99893 pptv
Tue Mar 21 15:37:31 2023:DEBUG:run: date: 2037 concentration: 9.02038 pptv
Tue Mar 21 15:37:31 2023:DEBUG:run: date: 2038 concentration: 9.04075 pptv
Tue Mar 21 15:37:31 2023:DEBUG:run: date: 2039 concentration: 9.06003 pptv
Tue Mar 21 15:37:31 2023:DEBUG:run: date: 2040 concentration: 9.07824 pptv
Tue Mar 21 15:37:31 2023:DEBUG:run: date: 2041 concentration: 9.0957 pptv
Tue Mar 21 15:37:31 2023:DEBUG:run: date: 2042 concentration: 9.11241 pptv
Tue Mar 21 15:37:31 2023:DEBUG:run: date: 2043 concentration: 9.12837 pptv
Tue Mar 21 15:37:31 2023:DEBUG:run: date: 2044 concentration: 9.14359 pptv
Tue Mar 21 15:37:31 2023:DEBUG:run: date: 2045 concentration: 9.15807 pptv
Tue Mar 21 15:37:31 2023:DEBUG:run: date: 2046 concentration: 9.1718 pptv
Tue Mar 21 15:37:31 2023:DEBUG:run: date: 2047 concentration: 9.18479 pptv
Tue Mar 21 15:37:31 2023:DEBUG:run: date: 2048 concentration: 9.19703 pptv
Tue Mar 21 15:37:31 2023:DEBUG:run: date: 2049 concentration: 9.20853 pptv
Tue Mar 21 15:37:31 2023:DEBUG:run: date: 2050 concentration: 9.21929 pptv
Tue Mar 21 15:37:31 2023:DEBUG:run: date: 2051 concentration: 9.22954 pptv
Tue Mar 21 15:37:31 2023:DEBUG:run: date: 2052 concentration: 9.23927 pptv
Tue Mar 21 15:37:31 2023:DEBUG:run: date: 2053 concentration: 9.24849 pptv
Tue Mar 21 15:37:31 2023:DEBUG:run: date: 2054 concentration: 9.2572 pptv
Tue Mar 21 15:37:31 2023:DEBUG:run: date: 2055 concentration: 9.26541 pptv
Tue Mar 21 15:37:31 2023:DEBUG:run: date: 2056 concentration: 9.27309 pptv
Tue Mar 21 15:37:31 2023:DEBUG:run: date: 2057 concentration: 9.28027 pptv
Tue Mar 21 15:37:31 2023:DEBUG:run: date: 2058 concentration: 9.28694 pptv
Tue Mar 21 15:37:31 2023:DEBUG:run: date: 2059 concentration: 9.2931 pptv
Tue Mar 21 15:37:31 2023:DEBUG:run: date: 2060 concentration: 9.29875 pptv
Tue Mar 21 15:37:31 2023:DEBUG:run: date: 2061 concentration: 9.30405 pptv
Tue Mar 21 15:37:31 2023:DEBUG:run: date: 2062 concentration: 9.309 pptv
Tue Mar 21 15:37:31 2023:DEBUG:run: date: 2063 concentration: 9.3136 pptv
Tue Mar 21 15:37:31 2023:DEBUG:run: date: 2064 concentration: 9.31785 pptv
Tue Mar 21 15:37:31 2023:DEBUG:run: date: 2065 concentration: 9.32174 pptv
Tue Mar 21 15:37:31 2023:DEBUG:run: date: 2066 concentration: 9.32529 pptv
Tue Mar 21 15:37:31 2023:DEBUG:run: date: 2067 concentration: 9.32849 pptv
Tue Mar 21 15:37:31 2023:DEBUG:run: date: 2068 concentration: 9.33133 pptv
Tue Mar 21 15:37:31 2023:DEBUG:run: date: 2069 concentration: 9.33383 pptv
Tue Mar 21 15:37:31 2023:DEBUG:run: date: 2070 concentration: 9.33598 pptv
Tue Mar 21 15:37:31 2023:DEBUG:run: date: 2071 concentration: 9.33789 pptv
Tue Mar 21 15:37:31 2023:DEBUG:run: date: 2072 concentration: 9.33956 pptv
Tue Mar 21 15:37:31 2023:DEBUG:run: date: 2073 concentration: 9.34099 pptv
Tue Mar 21 15:37:31 2023:DEBUG:run: date: 2074 concentration: 9.34217 pptv
Tue Mar 21 15:37:31 2023:DEBUG:run: date: 2075 concentration: 9.34312 pptv
Tue Mar 21 15:37:31 2023:DEBUG:run: date: 2076 concentration: 9.34383 pptv
Tue Mar 21 15:37:31 2023:DEBUG:run: date: 2077 concentration: 9.3443 pptv
Tue Mar 21 15:37:31 2023:DEBUG:run: date: 2078 concentration: 9.34453 pptv
Tue Mar 21 15:37:31 2023:DEBUG:run: date: 2079 concentration: 9.34453 pptv
Tue Mar 21 15:37:31 2023:DEBUG:run: date: 2080 concentration: 9.34428 pptv
Tue Mar 21 15:37:31 2023:DEBUG:run: date: 2081 concentration: 9.34387 pptv
Tue Mar 21 15:37:31 2023:DEBUG:run: date: 2082 concentration: 9.34329 pptv
Tue Mar 21 15:37:31 2023:DEBUG:run: date: 2083 concentration: 9.34255 pptv
Tue Mar 21 15:37:31 2023:DEBUG:run: date: 2084 concentration: 9.34165 pptv
Tue Mar 21 15:37:31 2023:DEBUG:run: date: 2085 concentration: 9.34058 pptv
Tue Mar 21 15:37:31 2023:DEBUG:run: date: 2086 concentration: 9.33935 pptv
Tue Mar 21 15:37:32 2023:DEBUG:run: date: 2087 concentration: 9.33795 pptv
Tue Mar 21 15:37:32 2023:DEBUG:run: date: 2088 concentration: 9.33639 pptv
Tue Mar 21 15:37:32 2023:DEBUG:run: date: 2089 concentration: 9.33467 pptv
Tue Mar 21 15:37:32 2023:DEBUG:run: date: 2090 concentration: 9.33279 pptv
Tue Mar 21 15:37:32 2023:DEBUG:run: date: 2091 concentration: 9.33079 pptv
Tue Mar 21 15:37:32 2023:DEBUG:run: date: 2092 concentration: 9.32868 pptv
Tue Mar 21 15:37:32 2023:DEBUG:run: date: 2093 concentration: 9.32645 pptv
Tue Mar 21 15:37:32 2023:DEBUG:run: date: 2094 concentration: 9.32412 pptv
Tue Mar 21 15:37:32 2023:DEBUG:run: date: 2095 concentration: 9.32167 pptv
Tue Mar 21 15:37:32 2023:DEBUG:run: date: 2096 concentration: 9.31911 pptv
Tue Mar 21 15:37:32 2023:DEBUG:run: date: 2097 concentration: 9.31644 pptv
Tue Mar 21 15:37:32 2023:DEBUG:run: date: 2098 concentration: 9.31365 pptv
Tue Mar 21 15:37:32 2023:DEBUG:run: date: 2099 concentration: 9.31075 pptv
Tue Mar 21 15:37:32 2023:DEBUG:run: date: 2100 concentration: 9.30774 pptv
Tue Mar 21 15:37:32 2023:DEBUG:run: date: 2101 concentration: 9.30472 pptv
Tue Mar 21 15:37:32 2023:DEBUG:run: date: 2102 concentration: 9.30168 pptv
Tue Mar 21 15:37:32 2023:DEBUG:run: date: 2103 concentration: 9.29863 pptv
Tue Mar 21 15:37:32 2023:DEBUG:run: date: 2104 concentration: 9.29556 pptv
Tue Mar 21 15:37:32 2023:DEBUG:run: date: 2105 concentration: 9.29248 pptv
Tue Mar 21 15:37:32 2023:DEBUG:run: date: 2106 concentration: 9.28938 pptv
Tue Mar 21 15:37:32 2023:DEBUG:run: date: 2107 concentration: 9.28627 pptv
Tue Mar 21 15:37:32 2023:DEBUG:run: date: 2108 concentration: 9.28314 pptv
Tue Mar 21 15:37:32 2023:DEBUG:run: date: 2109 concentration: 9.28 pptv
Tue Mar 21 15:37:32 2023:DEBUG:run: date: 2110 concentration: 9.27684 pptv
Tue Mar 21 15:37:32 2023:DEBUG:run: date: 2111 concentration: 9.27367 pptv
Tue Mar 21 15:37:32 2023:DEBUG:run: date: 2112 concentration: 9.27049 pptv
Tue Mar 21 15:37:32 2023:DEBUG:run: date: 2113 concentration: 9.26729 pptv
Tue Mar 21 15:37:32 2023:DEBUG:run: date: 2114 concentration: 9.26407 pptv
Tue Mar 21 15:37:32 2023:DEBUG:run: date: 2115 concentration: 9.26085 pptv
Tue Mar 21 15:37:32 2023:DEBUG:run: date: 2116 concentration: 9.2576 pptv
Tue Mar 21 15:37:32 2023:DEBUG:run: date: 2117 concentration: 9.25435 pptv
Tue Mar 21 15:37:32 2023:DEBUG:run: date: 2118 concentration: 9.25107 pptv
Tue Mar 21 15:37:32 2023:DEBUG:run: date: 2119 concentration: 9.24779 pptv
Tue Mar 21 15:37:32 2023:DEBUG:run: date: 2120 concentration: 9.24448 pptv
Tue Mar 21 15:37:32 2023:DEBUG:run: date: 2121 concentration: 9.24117 pptv
Tue Mar 21 15:37:32 2023:DEBUG:run: date: 2122 concentration: 9.23784 pptv
Tue Mar 21 15:37:32 2023:DEBUG:run: date: 2123 concentration: 9.23449 pptv
Tue Mar 21 15:37:32 2023:DEBUG:run: date: 2124 concentration: 9.23113 pptv
Tue Mar 21 15:37:32 2023:DEBUG:run: date: 2125 concentration: 9.22776 pptv
Tue Mar 21 15:37:32 2023:DEBUG:run: date: 2126 concentration: 9.22437 pptv
Tue Mar 21 15:37:32 2023:DEBUG:run: date: 2127 concentration: 9.22097 pptv
Tue Mar 21 15:37:32 2023:DEBUG:run: date: 2128 concentration: 9.21755 pptv
Tue Mar 21 15:37:32 2023:DEBUG:run: date: 2129 concentration: 9.21412 pptv
Tue Mar 21 15:37:32 2023:DEBUG:run: date: 2130 concentration: 9.21068 pptv
Tue Mar 21 15:37:32 2023:DEBUG:run: date: 2131 concentration: 9.20722 pptv
Tue Mar 21 15:37:32 2023:DEBUG:run: date: 2132 concentration: 9.20374 pptv
Tue Mar 21 15:37:32 2023:DEBUG:run: date: 2133 concentration: 9.20025 pptv
Tue Mar 21 15:37:32 2023:DEBUG:run: date: 2134 concentration: 9.19675 pptv
Tue Mar 21 15:37:32 2023:DEBUG:run: date: 2135 concentration: 9.19323 pptv
Tue Mar 21 15:37:32 2023:DEBUG:run: date: 2136 concentration: 9.1897 pptv
Tue Mar 21 15:37:32 2023:DEBUG:run: date: 2137 concentration: 9.18615 pptv
Tue Mar 21 15:37:32 2023:DEBUG:run: date: 2138 concentration: 9.18259 pptv
Tue Mar 21 15:37:32 2023:DEBUG:run: date: 2139 concentration: 9.17902 pptv
Tue Mar 21 15:37:32 2023:DEBUG:run: date: 2140 concentration: 9.17543 pptv
Tue Mar 21 15:37:32 2023:DEBUG:run: date: 2141 concentration: 9.17182 pptv
Tue Mar 21 15:37:32 2023:DEBUG:run: date: 2142 concentration: 9.1682 pptv
Tue Mar 21 15:37:32 2023:DEBUG:run: date: 2143 concentration: 9.16457 pptv
Tue Mar 21 15:37:32 2023:DEBUG:run: date: 2144 concentration: 9.16093 pptv
Tue Mar 21 15:37:32 2023:DEBUG:run: date: 2145 concentration: 9.15726 pptv
Tue Mar 21 15:37:32 2023:DEBUG:run: date: 2146 concentration: 9.15359 pptv
Tue Mar 21 15:37:32 2023:DEBUG:run: date: 2147 concentration: 9.1499 pptv
Tue Mar 21 15:37:32 2023:DEBUG:run: date: 2148 concentration: 9.1462 pptv
Tue Mar 21 15:37:32 2023:DEBUG:run: date: 2149 concentration: 9.14248 pptv
Tue Mar 21 15:37:32 2023:DEBUG:run: date: 2150 concentration: 9.13874 pptv
Tue Mar 21 15:37:32 2023:DEBUG:run: date: 2151 concentration: 9.135 pptv
Tue Mar 21 15:37:32 2023:DEBUG:run: date: 2152 concentration: 9.13124 pptv
Tue Mar 21 15:37:32 2023:DEBUG:run: date: 2153 concentration: 9.12746 pptv
Tue Mar 21 15:37:32 2023:DEBUG:run: date: 2154 concentration: 9.12367 pptv
Tue Mar 21 15:37:32 2023:DEBUG:run: date: 2155 concentration: 9.11987 pptv
Tue Mar 21 15:37:32 2023:DEBUG:run: date: 2156 concentration: 9.11605 pptv
Tue Mar 21 15:37:32 2023:DEBUG:run: date: 2157 concentration: 9.11222 pptv
Tue Mar 21 15:37:32 2023:DEBUG:run: date: 2158 concentration: 9.10837 pptv
Tue Mar 21 15:37:32 2023:DEBUG:run: date: 2159 concentration: 9.10451 pptv
Tue Mar 21 15:37:32 2023:DEBUG:run: date: 2160 concentration: 9.10064 pptv
Tue Mar 21 15:37:32 2023:DEBUG:run: date: 2161 concentration: 9.09675 pptv
Tue Mar 21 15:37:32 2023:DEBUG:run: date: 2162 concentration: 9.09285 pptv
Tue Mar 21 15:37:32 2023:DEBUG:run: date: 2163 concentration: 9.08893 pptv
Tue Mar 21 15:37:32 2023:DEBUG:run: date: 2164 concentration: 9.085 pptv
Tue Mar 21 15:37:32 2023:DEBUG:run: date: 2165 concentration: 9.08105 pptv
Tue Mar 21 15:37:32 2023:DEBUG:run: date: 2166 concentration: 9.07709 pptv
Tue Mar 21 15:37:32 2023:DEBUG:run: date: 2167 concentration: 9.07312 pptv
Tue Mar 21 15:37:32 2023:DEBUG:run: date: 2168 concentration: 9.06913 pptv
Tue Mar 21 15:37:32 2023:DEBUG:run: date: 2169 concentration: 9.06513 pptv
Tue Mar 21 15:37:32 2023:DEBUG:run: date: 2170 concentration: 9.06111 pptv
Tue Mar 21 15:37:32 2023:DEBUG:run: date: 2171 concentration: 9.05709 pptv
Tue Mar 21 15:37:32 2023:DEBUG:run: date: 2172 concentration: 9.05304 pptv
Tue Mar 21 15:37:32 2023:DEBUG:run: date: 2173 concentration: 9.04898 pptv
Tue Mar 21 15:37:32 2023:DEBUG:run: date: 2174 concentration: 9.04491 pptv
Tue Mar 21 15:37:32 2023:DEBUG:run: date: 2175 concentration: 9.04083 pptv
Tue Mar 21 15:37:32 2023:DEBUG:run: date: 2176 concentration: 9.03672 pptv
Tue Mar 21 15:37:32 2023:DEBUG:run: date: 2177 concentration: 9.03261 pptv
Tue Mar 21 15:37:32 2023:DEBUG:run: date: 2178 concentration: 9.02848 pptv
Tue Mar 21 15:37:32 2023:DEBUG:run: date: 2179 concentration: 9.02434 pptv
Tue Mar 21 15:37:32 2023:DEBUG:run: date: 2180 concentration: 9.02018 pptv
Tue Mar 21 15:37:32 2023:DEBUG:run: date: 2181 concentration: 9.01601 pptv
Tue Mar 21 15:37:32 2023:DEBUG:run: date: 2182 concentration: 9.01183 pptv
Tue Mar 21 15:37:32 2023:DEBUG:run: date: 2183 concentration: 9.00763 pptv
Tue Mar 21 15:37:32 2023:DEBUG:run: date: 2184 concentration: 9.00342 pptv
Tue Mar 21 15:37:32 2023:DEBUG:run: date: 2185 concentration: 8.99919 pptv
Tue Mar 21 15:37:32 2023:DEBUG:run: date: 2186 concentration: 8.99495 pptv
Tue Mar 21 15:37:32 2023:DEBUG:run: date: 2187 concentration: 8.9907 pptv
Tue Mar 21 15:37:32 2023:DEBUG:run: date: 2188 concentration: 8.98643 pptv
Tue Mar 21 15:37:32 2023:DEBUG:run: date: 2189 concentration: 8.98215 pptv
Tue Mar 21 15:37:32 2023:DEBUG:run: date: 2190 concentration: 8.97785 pptv
Tue Mar 21 15:37:32 2023:DEBUG:run: date: 2191 concentration: 8.97354 pptv
Tue Mar 21 15:37:32 2023:DEBUG:run: date: 2192 concentration: 8.96922 pptv
Tue Mar 21 15:37:32 2023:DEBUG:run: date: 2193 concentration: 8.96488 pptv
Tue Mar 21 15:37:32 2023:DEBUG:run: date: 2194 concentration: 8.96053 pptv
Tue Mar 21 15:37:32 2023:DEBUG:run: date: 2195 concentration: 8.95617 pptv
Tue Mar 21 15:37:32 2023:DEBUG:run: date: 2196 concentration: 8.95179 pptv
Tue Mar 21 15:37:32 2023:DEBUG:run: date: 2197 concentration: 8.9474 pptv
Tue Mar 21 15:37:32 2023:DEBUG:run: date: 2198 concentration: 8.94299 pptv
Tue Mar 21 15:37:32 2023:DEBUG:run: date: 2199 concentration: 8.93857 pptv
Tue Mar 21 15:37:32 2023:DEBUG:run: date: 2200 concentration: 8.93413 pptv
Tue Mar 21 15:37:32 2023:DEBUG:run: date: 2201 concentration: 8.92968 pptv
Tue Mar 21 15:37:32 2023:DEBUG:run: date: 2202 concentration: 8.92522 pptv
Tue Mar 21 15:37:32 2023:DEBUG:run: date: 2203 concentration: 8.92075 pptv
Tue Mar 21 15:37:32 2023:DEBUG:run: date: 2204 concentration: 8.91626 pptv
Tue Mar 21 15:37:32 2023:DEBUG:run: date: 2205 concentration: 8.91175 pptv
Tue Mar 21 15:37:32 2023:DEBUG:run: date: 2206 concentration: 8.90724 pptv
Tue Mar 21 15:37:32 2023:DEBUG:run: date: 2207 concentration: 8.9027 pptv
Tue Mar 21 15:37:32 2023:DEBUG:run: date: 2208 concentration: 8.89816 pptv
Tue Mar 21 15:37:32 2023:DEBUG:run: date: 2209 concentration: 8.8936 pptv
Tue Mar 21 15:37:32 2023:DEBUG:run: date: 2210 concentration: 8.88903 pptv
Tue Mar 21 15:37:32 2023:DEBUG:run: date: 2211 concentration: 8.88444 pptv
Tue Mar 21 15:37:32 2023:DEBUG:run: date: 2212 concentration: 8.87984 pptv
Tue Mar 21 15:37:32 2023:DEBUG:run: date: 2213 concentration: 8.87523 pptv
Tue Mar 21 15:37:32 2023:DEBUG:run: date: 2214 concentration: 8.8706 pptv
Tue Mar 21 15:37:32 2023:DEBUG:run: date: 2215 concentration: 8.86596 pptv
Tue Mar 21 15:37:32 2023:DEBUG:run: date: 2216 concentration: 8.86131 pptv
Tue Mar 21 15:37:32 2023:DEBUG:run: date: 2217 concentration: 8.85664 pptv
Tue Mar 21 15:37:32 2023:DEBUG:run: date: 2218 concentration: 8.85195 pptv
Tue Mar 21 15:37:32 2023:DEBUG:run: date: 2219 concentration: 8.84726 pptv
Tue Mar 21 15:37:32 2023:DEBUG:run: date: 2220 concentration: 8.84255 pptv
Tue Mar 21 15:37:32 2023:DEBUG:run: date: 2221 concentration: 8.83783 pptv
Tue Mar 21 15:37:32 2023:DEBUG:run: date: 2222 concentration: 8.83309 pptv
Tue Mar 21 15:37:32 2023:DEBUG:run: date: 2223 concentration: 8.82834 pptv
Tue Mar 21 15:37:32 2023:DEBUG:run: date: 2224 concentration: 8.82357 pptv
Tue Mar 21 15:37:32 2023:DEBUG:run: date: 2225 concentration: 8.8188 pptv
Tue Mar 21 15:37:32 2023:DEBUG:run: date: 2226 concentration: 8.81401 pptv
Tue Mar 21 15:37:32 2023:DEBUG:run: date: 2227 concentration: 8.8092 pptv
Tue Mar 21 15:37:32 2023:DEBUG:run: date: 2228 concentration: 8.80438 pptv
Tue Mar 21 15:37:32 2023:DEBUG:run: date: 2229 concentration: 8.79955 pptv
Tue Mar 21 15:37:32 2023:DEBUG:run: date: 2230 concentration: 8.7947 pptv
Tue Mar 21 15:37:32 2023:DEBUG:run: date: 2231 concentration: 8.78984 pptv
Tue Mar 21 15:37:32 2023:DEBUG:run: date: 2232 concentration: 8.78497 pptv
Tue Mar 21 15:37:32 2023:DEBUG:run: date: 2233 concentration: 8.78008 pptv
Tue Mar 21 15:37:32 2023:DEBUG:run: date: 2234 concentration: 8.77518 pptv
Tue Mar 21 15:37:32 2023:DEBUG:run: date: 2235 concentration: 8.77027 pptv
Tue Mar 21 15:37:32 2023:DEBUG:run: date: 2236 concentration: 8.76534 pptv
Tue Mar 21 15:37:32 2023:DEBUG:run: date: 2237 concentration: 8.7604 pptv
Tue Mar 21 15:37:32 2023:DEBUG:run: date: 2238 concentration: 8.75545 pptv
Tue Mar 21 15:37:32 2023:DEBUG:run: date: 2239 concentration: 8.75048 pptv
Tue Mar 21 15:37:32 2023:DEBUG:run: date: 2240 concentration: 8.7455 pptv
Tue Mar 21 15:37:32 2023:DEBUG:run: date: 2241 concentration: 8.7405 pptv
Tue Mar 21 15:37:32 2023:DEBUG:run: date: 2242 concentration: 8.73549 pptv
Tue Mar 21 15:37:32 2023:DEBUG:run: date: 2243 concentration: 8.73047 pptv
Tue Mar 21 15:37:32 2023:DEBUG:run: date: 2244 concentration: 8.72544 pptv
Tue Mar 21 15:37:32 2023:DEBUG:run: date: 2245 concentration: 8.72039 pptv
Tue Mar 21 15:37:32 2023:DEBUG:run: date: 2246 concentration: 8.71533 pptv
Tue Mar 21 15:37:32 2023:DEBUG:run: date: 2247 concentration: 8.71025 pptv
Tue Mar 21 15:37:32 2023:DEBUG:run: date: 2248 concentration: 8.70516 pptv
Tue Mar 21 15:37:32 2023:DEBUG:run: date: 2249 concentration: 8.70006 pptv
Tue Mar 21 15:37:32 2023:DEBUG:run: date: 2250 concentration: 8.69494 pptv
Tue Mar 21 15:37:32 2023:DEBUG:run: date: 2251 concentration: 8.68983 pptv
Tue Mar 21 15:37:32 2023:DEBUG:run: date: 2252 concentration: 8.68472 pptv
Tue Mar 21 15:37:32 2023:DEBUG:run: date: 2253 concentration: 8.67961 pptv
Tue Mar 21 15:37:32 2023:DEBUG:run: date: 2254 concentration: 8.67451 pptv
Tue Mar 21 15:37:32 2023:DEBUG:run: date: 2255 concentration: 8.66941 pptv
Tue Mar 21 15:37:32 2023:DEBUG:run: date: 2256 concentration: 8.66431 pptv
Tue Mar 21 15:37:32 2023:DEBUG:run: date: 2257 concentration: 8.65921 pptv
Tue Mar 21 15:37:32 2023:DEBUG:run: date: 2258 concentration: 8.65412 pptv
Tue Mar 21 15:37:32 2023:DEBUG:run: date: 2259 concentration: 8.64903 pptv
Tue Mar 21 15:37:32 2023:DEBUG:run: date: 2260 concentration: 8.64395 pptv
Tue Mar 21 15:37:32 2023:DEBUG:run: date: 2261 concentration: 8.63886 pptv
Tue Mar 21 15:37:32 2023:DEBUG:run: date: 2262 concentration: 8.63378 pptv
Tue Mar 21 15:37:32 2023:DEBUG:run: date: 2263 concentration: 8.6287 pptv
Tue Mar 21 15:37:32 2023:DEBUG:run: date: 2264 concentration: 8.62363 pptv
Tue Mar 21 15:37:32 2023:DEBUG:run: date: 2265 concentration: 8.61856 pptv
Tue Mar 21 15:37:32 2023:DEBUG:run: date: 2266 concentration: 8.61349 pptv
Tue Mar 21 15:37:32 2023:DEBUG:run: date: 2267 concentration: 8.60843 pptv
Tue Mar 21 15:37:32 2023:DEBUG:run: date: 2268 concentration: 8.60336 pptv
Tue Mar 21 15:37:32 2023:DEBUG:run: date: 2269 concentration: 8.5983 pptv
Tue Mar 21 15:37:32 2023:DEBUG:run: date: 2270 concentration: 8.59325 pptv
Tue Mar 21 15:37:32 2023:DEBUG:run: date: 2271 concentration: 8.58819 pptv
Tue Mar 21 15:37:32 2023:DEBUG:run: date: 2272 concentration: 8.58314 pptv
Tue Mar 21 15:37:32 2023:DEBUG:run: date: 2273 concentration: 8.5781 pptv
Tue Mar 21 15:37:32 2023:DEBUG:run: date: 2274 concentration: 8.57305 pptv
Tue Mar 21 15:37:32 2023:DEBUG:run: date: 2275 concentration: 8.56801 pptv
Tue Mar 21 15:37:32 2023:DEBUG:run: date: 2276 concentration: 8.56297 pptv
Tue Mar 21 15:37:32 2023:DEBUG:run: date: 2277 concentration: 8.55794 pptv
Tue Mar 21 15:37:32 2023:DEBUG:run: date: 2278 concentration: 8.5529 pptv
Tue Mar 21 15:37:32 2023:DEBUG:run: date: 2279 concentration: 8.54787 pptv
Tue Mar 21 15:37:32 2023:DEBUG:run: date: 2280 concentration: 8.54285 pptv
Tue Mar 21 15:37:32 2023:DEBUG:run: date: 2281 concentration: 8.53782 pptv
Tue Mar 21 15:37:32 2023:DEBUG:run: date: 2282 concentration: 8.5328 pptv
Tue Mar 21 15:37:32 2023:DEBUG:run: date: 2283 concentration: 8.52779 pptv
Tue Mar 21 15:37:32 2023:DEBUG:run: date: 2284 concentration: 8.52277 pptv
Tue Mar 21 15:37:32 2023:DEBUG:run: date: 2285 concentration: 8.51776 pptv
Tue Mar 21 15:37:32 2023:DEBUG:run: date: 2286 concentration: 8.51275 pptv
Tue Mar 21 15:37:32 2023:DEBUG:run: date: 2287 concentration: 8.50774 pptv
Tue Mar 21 15:37:32 2023:DEBUG:run: date: 2288 concentration: 8.50274 pptv
Tue Mar 21 15:37:32 2023:DEBUG:run: date: 2289 concentration: 8.49774 pptv
Tue Mar 21 15:37:32 2023:DEBUG:run: date: 2290 concentration: 8.49274 pptv
Tue Mar 21 15:37:32 2023:DEBUG:run: date: 2291 concentration: 8.48775 pptv
Tue Mar 21 15:37:32 2023:DEBUG:run: date: 2292 concentration: 8.48276 pptv
Tue Mar 21 15:37:32 2023:DEBUG:run: date: 2293 concentration: 8.47777 pptv
Tue Mar 21 15:37:32 2023:DEBUG:run: date: 2294 concentration: 8.47278 pptv
Tue Mar 21 15:37:32 2023:DEBUG:run: date: 2295 concentration: 8.4678 pptv
Tue Mar 21 15:37:32 2023:DEBUG:run: date: 2296 concentration: 8.46282 pptv
Tue Mar 21 15:37:32 2023:DEBUG:run: date: 2297 concentration: 8.45784 pptv
Tue Mar 21 15:37:32 2023:DEBUG:run: date: 2298 concentration: 8.45287 pptv
Tue Mar 21 15:37:32 2023:DEBUG:run: date: 2299 concentration: 8.4479 pptv
Tue Mar 21 15:37:32 2023:DEBUG:run: date: 2300 concentration: 8.44293 pptv
