Tue Mar 21 15:37:28 2023:NOTICE:printLogHeader: hector version 2.5.0
Tue Mar 21 15:37:29 2023:DEBUG:setData: Setting tau[-1]=100
Tue Mar 21 15:37:29 2023:DEBUG:setData: Setting rho[-1]=0.00032
Tue Mar 21 15:37:29 2023:DEBUG:setData: Setting CFC12_emissions[1765]=0
Tue Mar 21 15:37:29 2023:DEBUG:setData: Setting CFC12_emissions[1766]=0
Tue Mar 21 15:37:29 2023:DEBUG:setData: Setting CFC12_emissions[1767]=0
Tue Mar 21 15:37:29 2023:DEBUG:setData: Setting CFC12_emissions[1768]=0
Tue Mar 21 15:37:29 2023:DEBUG:setData: Setting CFC12_emissions[1769]=0
Tue Mar 21 15:37:29 2023:DEBUG:setData: Setting CFC12_emissions[1770]=0
Tue Mar 21 15:37:29 2023:DEBUG:setData: Setting CFC12_emissions[1771]=0
Tue Mar 21 15:37:29 2023:DEBUG:setData: Setting CFC12_emissions[1772]=0
Tue Mar 21 15:37:29 2023:DEBUG:setData: Setting CFC12_emissions[1773]=0
Tue Mar 21 15:37:29 2023:DEBUG:setData: Setting CFC12_emissions[1774]=0
Tue Mar 21 15:37:29 2023:DEBUG:setData: Setting CFC12_emissions[1775]=0
Tue Mar 21 15:37:29 2023:DEBUG:setData: Setting CFC12_emissions[1776]=0
Tue Mar 21 15:37:29 2023:DEBUG:setData: Setting CFC12_emissions[1777]=0
Tue Mar 21 15:37:29 2023:DEBUG:setData: Setting CFC12_emissions[1778]=0
Tue Mar 21 15:37:29 2023:DEBUG:setData: Setting CFC12_emissions[1779]=0
Tue Mar 21 15:37:29 2023:DEBUG:setData: Setting CFC12_emissions[1780]=0
Tue Mar 21 15:37:29 2023:DEBUG:setData: Setting CFC12_emissions[1781]=0
Tue Mar 21 15:37:29 2023:DEBUG:setData: Setting CFC12_emissions[1782]=0
Tue Mar 21 15:37:29 2023:DEBUG:setData: Setting CFC12_emissions[1783]=0
Tue Mar 21 15:37:29 2023:DEBUG:setData: Setting CFC12_emissions[1784]=0
Tue Mar 21 15:37:29 2023:DEBUG:setData: Setting CFC12_emissions[1785]=0
Tue Mar 21 15:37:29 2023:DEBUG:setData: Setting CFC12_emissions[1786]=0
Tue Mar 21 15:37:29 2023:DEBUG:setData: Setting CFC12_emissions[1787]=0
Tue Mar 21 15:37:29 2023:DEBUG:setData: Setting CFC12_emissions[1788]=0
Tue Mar 21 15:37:29 2023:DEBUG:setData: Setting CFC12_emissions[1789]=0
Tue Mar 21 15:37:29 2023:DEBUG:setData: Setting CFC12_emissions[1790]=0
Tue Mar 21 15:37:29 2023:DEBUG:setData: Setting CFC12_emissions[1791]=0
Tue Mar 21 15:37:29 2023:DEBUG:setData: Setting CFC12_emissions[1792]=0
Tue Mar 21 15:37:29 2023:DEBUG:setData: Setting CFC12_emissions[1793]=0
Tue Mar 21 15:37:29 2023:DEBUG:setData: Setting CFC12_emissions[1794]=0
Tue Mar 21 15:37:29 2023:DEBUG:setData: Setting CFC12_emissions[1795]=0
Tue Mar 21 15:37:29 2023:DEBUG:setData: Setting CFC12_emissions[1796]=0
Tue Mar 21 15:37:29 2023:DEBUG:setData: Setting CFC12_emissions[1797]=0
Tue Mar 21 15:37:29 2023:DEBUG:setData: Setting CFC12_emissions[1798]=0
Tue Mar 21 15:37:29 2023:DEBUG:setData: Setting CFC12_emissions[1799]=0
Tue Mar 21 15:37:29 2023:DEBUG:setData: Setting CFC12_emissions[1800]=0
Tue Mar 21 15:37:29 2023:DEBUG:setData: Setting CFC12_emissions[1801]=0
Tue Mar 21 15:37:29 2023:DEBUG:setData: Setting CFC12_emissions[1802]=0
Tue Mar 21 15:37:29 2023:DEBUG:setData: Setting CFC12_emissions[1803]=0
Tue Mar 21 15:37:29 2023:DEBUG:setData: Setting CFC12_emissions[1804]=0
Tue Mar 21 15:37:29 2023:DEBUG:setData: Setting CFC12_emissions[1805]=0
Tue Mar 21 15:37:29 2023:DEBUG:setData: Setting CFC12_emissions[1806]=0
Tue Mar 21 15:37:29 2023:DEBUG:setData: Setting CFC12_emissions[1807]=0
Tue Mar 21 15:37:29 2023:DEBUG:setData: Setting CFC12_emissions[1808]=0
Tue Mar 21 15:37:29 2023:DEBUG:setData: Setting CFC12_emissions[1809]=0
Tue Mar 21 15:37:29 2023:DEBUG:setData: Setting CFC12_emissions[1810]=0
Tue Mar 21 15:37:29 2023:DEBUG:setData: Setting CFC12_emissions[1811]=0
Tue Mar 21 15:37:29 2023:DEBUG:setData: Setting CFC12_emissions[1812]=0
Tue Mar 21 15:37:29 2023:DEBUG:setData: Setting CFC12_emissions[1813]=0
Tue Mar 21 15:37:29 2023:DEBUG:setData: Setting CFC12_emissions[1814]=0
Tue Mar 21 15:37:29 2023:DEBUG:setData: Setting CFC12_emissions[1815]=0
Tue Mar 21 15:37:29 2023:DEBUG:setData: Setting CFC12_emissions[1816]=0
Tue Mar 21 15:37:29 2023:DEBUG:setData: Setting CFC12_emissions[1817]=0
Tue Mar 21 15:37:29 2023:DEBUG:setData: Setting CFC12_emissions[1818]=0
Tue Mar 21 15:37:29 2023:DEBUG:setData: Setting CFC12_emissions[1819]=0
Tue Mar 21 15:37:29 2023:DEBUG:setData: Setting CFC12_emissions[1820]=0
Tue Mar 21 15:37:29 2023:DEBUG:setData: Setting CFC12_emissions[1821]=0
Tue Mar 21 15:37:29 2023:DEBUG:setData: Setting CFC12_emissions[1822]=0
Tue Mar 21 15:37:29 2023:DEBUG:setData: Setting CFC12_emissions[1823]=0
Tue Mar 21 15:37:29 2023:DEBUG:setData: Setting CFC12_emissions[1824]=0
Tue Mar 21 15:37:29 2023:DEBUG:setData: Setting CFC12_emissions[1825]=0
Tue Mar 21 15:37:29 2023:DEBUG:setData: Setting CFC12_emissions[1826]=0
Tue Mar 21 15:37:29 2023:DEBUG:setData: Setting CFC12_emissions[1827]=0
Tue Mar 21 15:37:29 2023:DEBUG:setData: Setting CFC12_emissions[1828]=0
Tue Mar 21 15:37:29 2023:DEBUG:setData: Setting CFC12_emissions[1829]=0
Tue Mar 21 15:37:29 2023:DEBUG:setData: Setting CFC12_emissions[1830]=0
Tue Mar 21 15:37:29 2023:DEBUG:setData: Setting CFC12_emissions[1831]=0
Tue Mar 21 15:37:29 2023:DEBUG:setData: Setting CFC12_emissions[1832]=0
Tue Mar 21 15:37:29 2023:DEBUG:setData: Setting CFC12_emissions[1833]=0
Tue Mar 21 15:37:29 2023:DEBUG:setData: Setting CFC12_emissions[1834]=0
Tue Mar 21 15:37:29 2023:DEBUG:setData: Setting CFC12_emissions[1835]=0
Tue Mar 21 15:37:29 2023:DEBUG:setData: Setting CFC12_emissions[1836]=0
Tue Mar 21 15:37:29 2023:DEBUG:setData: Setting CFC12_emissions[1837]=0
Tue Mar 21 15:37:29 2023:DEBUG:setData: Setting CFC12_emissions[1838]=0
Tue Mar 21 15:37:29 2023:DEBUG:setData: Setting CFC12_emissions[1839]=0
Tue Mar 21 15:37:29 2023:DEBUG:setData: Setting CFC12_emissions[1840]=0
Tue Mar 21 15:37:29 2023:DEBUG:setData: Setting CFC12_emissions[1841]=0
Tue Mar 21 15:37:29 2023:DEBUG:setData: Setting CFC12_emissions[1842]=0
Tue Mar 21 15:37:29 2023:DEBUG:setData: Setting CFC12_emissions[1843]=0
Tue Mar 21 15:37:29 2023:DEBUG:setData: Setting CFC12_emissions[1844]=0
Tue Mar 21 15:37:29 2023:DEBUG:setData: Setting CFC12_emissions[1845]=0
Tue Mar 21 15:37:29 2023:DEBUG:setData: Setting CFC12_emissions[1846]=0
Tue Mar 21 15:37:29 2023:DEBUG:setData: Setting CFC12_emissions[1847]=0
Tue Mar 21 15:37:29 2023:DEBUG:setData: Setting CFC12_emissions[1848]=0
Tue Mar 21 15:37:29 2023:DEBUG:setData: Setting CFC12_emissions[1849]=0
Tue Mar 21 15:37:29 2023:DEBUG:setData: Setting CFC12_emissions[1850]=0
Tue Mar 21 15:37:29 2023:DEBUG:setData: Setting CFC12_emissions[1851]=0
Tue Mar 21 15:37:29 2023:DEBUG:setData: Setting CFC12_emissions[1852]=0
Tue Mar 21 15:37:29 2023:DEBUG:setData: Setting CFC12_emissions[1853]=0
Tue Mar 21 15:37:29 2023:DEBUG:setData: Setting CFC12_emissions[1854]=0
Tue Mar 21 15:37:29 2023:DEBUG:setData: Setting CFC12_emissions[1855]=0
Tue Mar 21 15:37:29 2023:DEBUG:setData: Setting CFC12_emissions[1856]=0
Tue Mar 21 15:37:29 2023:DEBUG:setData: Setting CFC12_emissions[1857]=0
Tue Mar 21 15:37:29 2023:DEBUG:setData: Setting CFC12_emissions[1858]=0
Tue Mar 21 15:37:29 2023:DEBUG:setData: Setting CFC12_emissions[1859]=0
Tue Mar 21 15:37:29 2023:DEBUG:setData: Setting CFC12_emissions[1860]=0
Tue Mar 21 15:37:29 2023:DEBUG:setData: Setting CFC12_emissions[1861]=0
Tue Mar 21 15:37:29 2023:DEBUG:setData: Setting CFC12_emissions[1862]=0
Tue Mar 21 15:37:29 2023:DEBUG:setData: Setting CFC12_emissions[1863]=0
Tue Mar 21 15:37:29 2023:DEBUG:setData: Setting CFC12_emissions[1864]=0
Tue Mar 21 15:37:29 2023:DEBUG:setData: Setting CFC12_emissions[1865]=0
Tue Mar 21 15:37:29 2023:DEBUG:setData: Setting CFC12_emissions[1866]=0
Tue Mar 21 15:37:29 2023:DEBUG:setData: Setting CFC12_emissions[1867]=0
Tue Mar 21 15:37:29 2023:DEBUG:setData: Setting CFC12_emissions[1868]=0
Tue Mar 21 15:37:29 2023:DEBUG:setData: Setting CFC12_emissions[1869]=0
Tue Mar 21 15:37:29 2023:DEBUG:setData: Setting CFC12_emissions[1870]=0
Tue Mar 21 15:37:29 2023:DEBUG:setData: Setting CFC12_emissions[1871]=0
Tue Mar 21 15:37:29 2023:DEBUG:setData: Setting CFC12_emissions[1872]=0
Tue Mar 21 15:37:29 2023:DEBUG:setData: Setting CFC12_emissions[1873]=0
Tue Mar 21 15:37:29 2023:DEBUG:setData: Setting CFC12_emissions[1874]=0
Tue Mar 21 15:37:29 2023:DEBUG:setData: Setting CFC12_emissions[1875]=0
Tue Mar 21 15:37:29 2023:DEBUG:setData: Setting CFC12_emissions[1876]=0
Tue Mar 21 15:37:29 2023:DEBUG:setData: Setting CFC12_emissions[1877]=0
Tue Mar 21 15:37:29 2023:DEBUG:setData: Setting CFC12_emissions[1878]=0
Tue Mar 21 15:37:29 2023:DEBUG:setData: Setting CFC12_emissions[1879]=0
Tue Mar 21 15:37:29 2023:DEBUG:setData: Setting CFC12_emissions[1880]=0
Tue Mar 21 15:37:29 2023:DEBUG:setData: Setting CFC12_emissions[1881]=0
Tue Mar 21 15:37:29 2023:DEBUG:setData: Setting CFC12_emissions[1882]=0
Tue Mar 21 15:37:29 2023:DEBUG:setData: Setting CFC12_emissions[1883]=0
Tue Mar 21 15:37:29 2023:DEBUG:setData: Setting CFC12_emissions[1884]=0
Tue Mar 21 15:37:29 2023:DEBUG:setData: Setting CFC12_emissions[1885]=0
Tue Mar 21 15:37:29 2023:DEBUG:setData: Setting CFC12_emissions[1886]=0
Tue Mar 21 15:37:29 2023:DEBUG:setData: Setting CFC12_emissions[1887]=0
Tue Mar 21 15:37:29 2023:DEBUG:setData: Setting CFC12_emissions[1888]=0
Tue Mar 21 15:37:29 2023:DEBUG:setData: Setting CFC12_emissions[1889]=0
Tue Mar 21 15:37:29 2023:DEBUG:setData: Setting CFC12_emissions[1890]=0
Tue Mar 21 15:37:29 2023:DEBUG:setData: Setting CFC12_emissions[1891]=0
Tue Mar 21 15:37:29 2023:DEBUG:setData: Setting CFC12_emissions[1892]=0
Tue Mar 21 15:37:29 2023:DEBUG:setData: Setting CFC12_emissions[1893]=0
Tue Mar 21 15:37:29 2023:DEBUG:setData: Setting CFC12_emissions[1894]=0
Tue Mar 21 15:37:29 2023:DEBUG:setData: Setting CFC12_emissions[1895]=0
Tue Mar 21 15:37:29 2023:DEBUG:setData: Setting CFC12_emissions[1896]=0
Tue Mar 21 15:37:29 2023:DEBUG:setData: Setting CFC12_emissions[1897]=0
Tue Mar 21 15:37:29 2023:DEBUG:setData: Setting CFC12_emissions[1898]=0
Tue Mar 21 15:37:29 2023:DEBUG:setData: Setting CFC12_emissions[1899]=0
Tue Mar 21 15:37:29 2023:DEBUG:setData: Setting CFC12_emissions[1900]=0
Tue Mar 21 15:37:29 2023:DEBUG:setData: Setting CFC12_emissions[1901]=0
Tue Mar 21 15:37:29 2023:DEBUG:setData: Setting CFC12_emissions[1902]=0
Tue Mar 21 15:37:29 2023:DEBUG:setData: Setting CFC12_emissions[1903]=0
Tue Mar 21 15:37:29 2023:DEBUG:setData: Setting CFC12_emissions[1904]=0
Tue Mar 21 15:37:29 2023:DEBUG:setData: Setting CFC12_emissions[1905]=0
Tue Mar 21 15:37:29 2023:DEBUG:setData: Setting CFC12_emissions[1906]=0
Tue Mar 21 15:37:29 2023:DEBUG:setData: Setting CFC12_emissions[1907]=0
Tue Mar 21 15:37:29 2023:DEBUG:setData: Setting CFC12_emissions[1908]=0
Tue Mar 21 15:37:29 2023:DEBUG:setData: Setting CFC12_emissions[1909]=0
Tue Mar 21 15:37:29 2023:DEBUG:setData: Setting CFC12_emissions[1910]=0
Tue Mar 21 15:37:29 2023:DEBUG:setData: Setting CFC12_emissions[1911]=0
Tue Mar 21 15:37:29 2023:DEBUG:setData: Setting CFC12_emissions[1912]=0
Tue Mar 21 15:37:29 2023:DEBUG:setData: Setting CFC12_emissions[1913]=0
Tue Mar 21 15:37:29 2023:DEBUG:setData: Setting CFC12_emissions[1914]=0
Tue Mar 21 15:37:29 2023:DEBUG:setData: Setting CFC12_emissions[1915]=0
Tue Mar 21 15:37:29 2023:DEBUG:setData: Setting CFC12_emissions[1916]=0
Tue Mar 21 15:37:29 2023:DEBUG:setData: Setting CFC12_emissions[1917]=0
Tue Mar 21 15:37:29 2023:DEBUG:setData: Setting CFC12_emissions[1918]=0
Tue Mar 21 15:37:29 2023:DEBUG:setData: Setting CFC12_emissions[1919]=0
Tue Mar 21 15:37:29 2023:DEBUG:setData: Setting CFC12_emissions[1920]=0
Tue Mar 21 15:37:29 2023:DEBUG:setData: Setting CFC12_emissions[1921]=0
Tue Mar 21 15:37:29 2023:DEBUG:setData: Setting CFC12_emissions[1922]=0
Tue Mar 21 15:37:29 2023:DEBUG:setData: Setting CFC12_emissions[1923]=0
Tue Mar 21 15:37:29 2023:DEBUG:setData: Setting CFC12_emissions[1924]=0
Tue Mar 21 15:37:29 2023:DEBUG:setData: Setting CFC12_emissions[1925]=0
Tue Mar 21 15:37:29 2023:DEBUG:setData: Setting CFC12_emissions[1926]=0
Tue Mar 21 15:37:29 2023:DEBUG:setData: Setting CFC12_emissions[1927]=0
Tue Mar 21 15:37:29 2023:DEBUG:setData: Setting CFC12_emissions[1928]=0
Tue Mar 21 15:37:29 2023:DEBUG:setData: Setting CFC12_emissions[1929]=0
Tue Mar 21 15:37:29 2023:DEBUG:setData: Setting CFC12_emissions[1930]=0
Tue Mar 21 15:37:29 2023:DEBUG:setData: Setting CFC12_emissions[1931]=0
Tue Mar 21 15:37:29 2023:DEBUG:setData: Setting CFC12_emissions[1932]=0
Tue Mar 21 15:37:29 2023:DEBUG:setData: Setting CFC12_emissions[1933]=0
Tue Mar 21 15:37:29 2023:DEBUG:setData: Setting CFC12_emissions[1934]=0
Tue Mar 21 15:37:29 2023:DEBUG:setData: Setting CFC12_emissions[1935]=0
Tue Mar 21 15:37:29 2023:DEBUG:setData: Setting CFC12_emissions[1936]=0
Tue Mar 21 15:37:29 2023:DEBUG:setData: Setting CFC12_emissions[1937]=0
Tue Mar 21 15:37:29 2023:DEBUG:setData: Setting CFC12_emissions[1938]=0
Tue Mar 21 15:37:29 2023:DEBUG:setData: Setting CFC12_emissions[1939]=0
Tue Mar 21 15:37:29 2023:DEBUG:setData: Setting CFC12_emissions[1940]=0
Tue Mar 21 15:37:29 2023:DEBUG:setData: Setting CFC12_emissions[1941]=0
Tue Mar 21 15:37:29 2023:DEBUG:setData: Setting CFC12_emissions[1942]=0.19841173
Tue Mar 21 15:37:29 2023:DEBUG:setData: Setting CFC12_emissions[1943]=4.3053247
Tue Mar 21 15:37:29 2023:DEBUG:setData: Setting CFC12_emissions[1944]=16.545617
Tue Mar 21 15:37:29 2023:DEBUG:setData: Setting CFC12_emissions[1945]=24.846154
Tue Mar 21 15:37:29 2023:DEBUG:setData: Setting CFC12_emissions[1946]=24.839378
Tue Mar 21 15:37:29 2023:DEBUG:setData: Setting CFC12_emissions[1947]=24.982371
Tue Mar 21 15:37:29 2023:DEBUG:setData: Setting CFC12_emissions[1948]=24.987103
Tue Mar 21 15:37:29 2023:DEBUG:setData: Setting CFC12_emissions[1949]=27.295461
Tue Mar 21 15:37:29 2023:DEBUG:setData: Setting CFC12_emissions[1950]=32.673745
Tue Mar 21 15:37:29 2023:DEBUG:setData: Setting CFC12_emissions[1951]=36.815853
Tue Mar 21 15:37:29 2023:DEBUG:setData: Setting CFC12_emissions[1952]=40.441283
Tue Mar 21 15:37:29 2023:DEBUG:setData: Setting CFC12_emissions[1953]=45.581432
Tue Mar 21 15:37:29 2023:DEBUG:setData: Setting CFC12_emissions[1954]=51.892411
Tue Mar 21 15:37:29 2023:DEBUG:setData: Setting CFC12_emissions[1955]=59.871881
Tue Mar 21 15:37:29 2023:DEBUG:setData: Setting CFC12_emissions[1956]=66.950489
Tue Mar 21 15:37:29 2023:DEBUG:setData: Setting CFC12_emissions[1957]=72.204141
Tue Mar 21 15:37:29 2023:DEBUG:setData: Setting CFC12_emissions[1958]=80.925329
Tue Mar 21 15:37:29 2023:DEBUG:setData: Setting CFC12_emissions[1959]=93.983467
Tue Mar 21 15:37:29 2023:DEBUG:setData: Setting CFC12_emissions[1960]=107.5417
Tue Mar 21 15:37:29 2023:DEBUG:setData: Setting CFC12_emissions[1961]=123.80387
Tue Mar 21 15:37:29 2023:DEBUG:setData: Setting CFC12_emissions[1962]=144.89716
Tue Mar 21 15:37:29 2023:DEBUG:setData: Setting CFC12_emissions[1963]=167.67883
Tue Mar 21 15:37:29 2023:DEBUG:setData: Setting CFC12_emissions[1964]=189.8766
Tue Mar 21 15:37:29 2023:DEBUG:setData: Setting CFC12_emissions[1965]=213.3919
Tue Mar 21 15:37:29 2023:DEBUG:setData: Setting CFC12_emissions[1966]=240.15802
Tue Mar 21 15:37:29 2023:DEBUG:setData: Setting CFC12_emissions[1967]=269.58286
Tue Mar 21 15:37:29 2023:DEBUG:setData: Setting CFC12_emissions[1968]=299.71437
Tue Mar 21 15:37:29 2023:DEBUG:setData: Setting CFC12_emissions[1969]=327.55328
Tue Mar 21 15:37:29 2023:DEBUG:setData: Setting CFC12_emissions[1970]=354.60102
Tue Mar 21 15:37:29 2023:DEBUG:setData: Setting CFC12_emissions[1971]=387.53989
Tue Mar 21 15:37:29 2023:DEBUG:setData: Setting CFC12_emissions[1972]=427.68026
Tue Mar 21 15:37:29 2023:DEBUG:setData: Setting CFC12_emissions[1973]=454.71123
Tue Mar 21 15:37:29 2023:DEBUG:setData: Setting CFC12_emissions[1974]=453.22872
Tue Mar 21 15:37:29 2023:DEBUG:setData: Setting CFC12_emissions[1975]=440.16522
Tue Mar 21 15:37:29 2023:DEBUG:setData: Setting CFC12_emissions[1976]=426.10768
Tue Mar 21 15:37:29 2023:DEBUG:setData: Setting CFC12_emissions[1977]=404.2283
Tue Mar 21 15:37:29 2023:DEBUG:setData: Setting CFC12_emissions[1978]=383.9896
Tue Mar 21 15:37:29 2023:DEBUG:setData: Setting CFC12_emissions[1979]=394.80033
Tue Mar 21 15:37:29 2023:DEBUG:setData: Setting CFC12_emissions[1980]=398.43779
Tue Mar 21 15:37:29 2023:DEBUG:setData: Setting CFC12_emissions[1981]=403.07178
Tue Mar 21 15:37:29 2023:DEBUG:setData: Setting CFC12_emissions[1982]=391.79861
Tue Mar 21 15:37:29 2023:DEBUG:setData: Setting CFC12_emissions[1983]=385.70972
Tue Mar 21 15:37:29 2023:DEBUG:setData: Setting CFC12_emissions[1984]=438.30954
Tue Mar 21 15:37:29 2023:DEBUG:setData: Setting CFC12_emissions[1985]=487.46531
Tue Mar 21 15:37:29 2023:DEBUG:setData: Setting CFC12_emissions[1986]=561.19711
Tue Mar 21 15:37:29 2023:DEBUG:setData: Setting CFC12_emissions[1987]=543.59326
Tue Mar 21 15:37:29 2023:DEBUG:setData: Setting CFC12_emissions[1988]=433.01446
Tue Mar 21 15:37:29 2023:DEBUG:setData: Setting CFC12_emissions[1989]=357.7641
Tue Mar 21 15:37:29 2023:DEBUG:setData: Setting CFC12_emissions[1990]=333.97703
Tue Mar 21 15:37:29 2023:DEBUG:setData: Setting CFC12_emissions[1991]=286.27307
Tue Mar 21 15:37:29 2023:DEBUG:setData: Setting CFC12_emissions[1992]=227.43518
Tue Mar 21 15:37:29 2023:DEBUG:setData: Setting CFC12_emissions[1993]=231.9618
Tue Mar 21 15:37:29 2023:DEBUG:setData: Setting CFC12_emissions[1994]=238.58315
Tue Mar 21 15:37:29 2023:DEBUG:setData: Setting CFC12_emissions[1995]=210.72453
Tue Mar 21 15:37:29 2023:DEBUG:setData: Setting CFC12_emissions[1996]=170.78176
Tue Mar 21 15:37:29 2023:DEBUG:setData: Setting CFC12_emissions[1997]=160.63531
Tue Mar 21 15:37:29 2023:DEBUG:setData: Setting CFC12_emissions[1998]=156.67666
Tue Mar 21 15:37:29 2023:DEBUG:setData: Setting CFC12_emissions[1999]=140.42544
Tue Mar 21 15:37:29 2023:DEBUG:setData: Setting CFC12_emissions[2000]=122.76605
Tue Mar 21 15:37:29 2023:DEBUG:setData: Setting CFC12_emissions[2001]=111.64066
Tue Mar 21 15:37:29 2023:DEBUG:setData: Setting CFC12_emissions[2002]=101.90454
Tue Mar 21 15:37:29 2023:DEBUG:setData: Setting CFC12_emissions[2003]=97.844828
Tue Mar 21 15:37:29 2023:DEBUG:setData: Setting CFC12_emissions[2004]=87.654103
Tue Mar 21 15:37:29 2023:DEBUG:setData: Setting CFC12_emissions[2005]=71.956593
Tue Mar 21 15:37:29 2023:DEBUG:setData: Setting CFC12_emissions[2006]=65.575271
Tue Mar 21 15:37:29 2023:DEBUG:setData: Setting CFC12_emissions[2007]=61.623755
Tue Mar 21 15:37:29 2023:DEBUG:setData: Setting CFC12_emissions[2008]=57.108479
Tue Mar 21 15:37:29 2023:DEBUG:setData: Setting CFC12_emissions[2009]=54.788238
Tue Mar 21 15:37:29 2023:DEBUG:setData: Setting CFC12_emissions[2010]=52.271203
Tue Mar 21 15:37:29 2023:DEBUG:setData: Setting CFC12_emissions[2011]=52.120722
Tue Mar 21 15:37:29 2023:DEBUG:setData: Setting CFC12_emissions[2012]=53.35878
Tue Mar 21 15:37:29 2023:DEBUG:setData: Setting CFC12_emissions[2013]=54.819887
Tue Mar 21 15:37:29 2023:DEBUG:setData: Setting CFC12_emissions[2014]=28.9612
Tue Mar 21 15:37:29 2023:DEBUG:setData: Setting CFC12_emissions[2015]=14.6096
Tue Mar 21 15:37:29 2023:DEBUG:setData: Setting CFC12_emissions[2016]=12.88774
Tue Mar 21 15:37:29 2023:DEBUG:setData: Setting CFC12_emissions[2017]=11.16588
Tue Mar 21 15:37:29 2023:DEBUG:setData: Setting CFC12_emissions[2018]=9.44402
Tue Mar 21 15:37:29 2023:DEBUG:setData: Setting CFC12_emissions[2019]=7.72216
Tue Mar 21 15:37:29 2023:DEBUG:setData: Setting CFC12_emissions[2020]=6.0003
Tue Mar 21 15:37:29 2023:DEBUG:setData: Setting CFC12_emissions[2021]=5.50149
Tue Mar 21 15:37:29 2023:DEBUG:setData: Setting CFC12_emissions[2022]=5.00268
Tue Mar 21 15:37:29 2023:DEBUG:setData: Setting CFC12_emissions[2023]=4.50387
Tue Mar 21 15:37:29 2023:DEBUG:setData: Setting CFC12_emissions[2024]=4.00506
Tue Mar 21 15:37:29 2023:DEBUG:setData: Setting CFC12_emissions[2025]=3.50625
Tue Mar 21 15:37:29 2023:DEBUG:setData: Setting CFC12_emissions[2026]=3.00744
Tue Mar 21 15:37:29 2023:DEBUG:setData: Setting CFC12_emissions[2027]=2.50863
Tue Mar 21 15:37:29 2023:DEBUG:setData: Setting CFC12_emissions[2028]=2.00982
Tue Mar 21 15:37:29 2023:DEBUG:setData: Setting CFC12_emissions[2029]=1.51101
Tue Mar 21 15:37:29 2023:DEBUG:setData: Setting CFC12_emissions[2030]=1.0122
Tue Mar 21 15:37:29 2023:DEBUG:setData: Setting CFC12_emissions[2031]=0.92805
Tue Mar 21 15:37:29 2023:DEBUG:setData: Setting CFC12_emissions[2032]=0.8439
Tue Mar 21 15:37:29 2023:DEBUG:setData: Setting CFC12_emissions[2033]=0.75975
Tue Mar 21 15:37:29 2023:DEBUG:setData: Setting CFC12_emissions[2034]=0.6756
Tue Mar 21 15:37:29 2023:DEBUG:setData: Setting CFC12_emissions[2035]=0.59145
Tue Mar 21 15:37:29 2023:DEBUG:setData: Setting CFC12_emissions[2036]=0.5073
Tue Mar 21 15:37:29 2023:DEBUG:setData: Setting CFC12_emissions[2037]=0.42315
Tue Mar 21 15:37:29 2023:DEBUG:setData: Setting CFC12_emissions[2038]=0.339
Tue Mar 21 15:37:29 2023:DEBUG:setData: Setting CFC12_emissions[2039]=0.25485
Tue Mar 21 15:37:29 2023:DEBUG:setData: Setting CFC12_emissions[2040]=0.1707
Tue Mar 21 15:37:29 2023:DEBUG:setData: Setting CFC12_emissions[2041]=0.15651
Tue Mar 21 15:37:29 2023:DEBUG:setData: Setting CFC12_emissions[2042]=0.14232
Tue Mar 21 15:37:29 2023:DEBUG:setData: Setting CFC12_emissions[2043]=0.12813
Tue Mar 21 15:37:29 2023:DEBUG:setData: Setting CFC12_emissions[2044]=0.11394
Tue Mar 21 15:37:29 2023:DEBUG:setData: Setting CFC12_emissions[2045]=0.09975
Tue Mar 21 15:37:29 2023:DEBUG:setData: Setting CFC12_emissions[2046]=0.08556
Tue Mar 21 15:37:29 2023:DEBUG:setData: Setting CFC12_emissions[2047]=0.07137
Tue Mar 21 15:37:29 2023:DEBUG:setData: Setting CFC12_emissions[2048]=0.05718
Tue Mar 21 15:37:29 2023:DEBUG:setData: Setting CFC12_emissions[2049]=0.04299
Tue Mar 21 15:37:29 2023:DEBUG:setData: Setting CFC12_emissions[2050]=0.0288
Tue Mar 21 15:37:29 2023:DEBUG:setData: Setting CFC12_emissions[2051]=0.02641
Tue Mar 21 15:37:29 2023:DEBUG:setData: Setting CFC12_emissions[2052]=0.02402
Tue Mar 21 15:37:29 2023:DEBUG:setData: Setting CFC12_emissions[2053]=0.02163
Tue Mar 21 15:37:29 2023:DEBUG:setData: Setting CFC12_emissions[2054]=0.01924
Tue Mar 21 15:37:29 2023:DEBUG:setData: Setting CFC12_emissions[2055]=0.01685
Tue Mar 21 15:37:29 2023:DEBUG:setData: Setting CFC12_emissions[2056]=0.01446
Tue Mar 21 15:37:29 2023:DEBUG:setData: Setting CFC12_emissions[2057]=0.01207
Tue Mar 21 15:37:29 2023:DEBUG:setData: Setting CFC12_emissions[2058]=0.00968
Tue Mar 21 15:37:29 2023:DEBUG:setData: Setting CFC12_emissions[2059]=0.00729
Tue Mar 21 15:37:29 2023:DEBUG:setData: Setting CFC12_emissions[2060]=0.0049
Tue Mar 21 15:37:29 2023:DEBUG:setData: Setting CFC12_emissions[2061]=0.00449
Tue Mar 21 15:37:29 2023:DEBUG:setData: Setting CFC12_emissions[2062]=0.00408
Tue Mar 21 15:37:29 2023:DEBUG:setData: Setting CFC12_emissions[2063]=0.00367
Tue Mar 21 15:37:29 2023:DEBUG:setData: Setting CFC12_emissions[2064]=0.00326
Tue Mar 21 15:37:29 2023:DEBUG:setData: Setting CFC12_emissions[2065]=0.00285
Tue Mar 21 15:37:29 2023:DEBUG:setData: Setting CFC12_emissions[2066]=0.00244
Tue Mar 21 15:37:29 2023:DEBUG:setData: Setting CFC12_emissions[2067]=0.00203
Tue Mar 21 15:37:29 2023:DEBUG:setData: Setting CFC12_emissions[2068]=0.00162
Tue Mar 21 15:37:29 2023:DEBUG:setData: Setting CFC12_emissions[2069]=0.00121
Tue Mar 21 15:37:29 2023:DEBUG:setData: Setting CFC12_emissions[2070]=0.0008
Tue Mar 21 15:37:29 2023:DEBUG:setData: Setting CFC12_emissions[2071]=0.00073
Tue Mar 21 15:37:29 2023:DEBUG:setData: Setting CFC12_emissions[2072]=0.00066
Tue Mar 21 15:37:29 2023:DEBUG:setData: Setting CFC12_emissions[2073]=0.00059
Tue Mar 21 15:37:29 2023:DEBUG:setData: Setting CFC12_emissions[2074]=0.00052
Tue Mar 21 15:37:29 2023:DEBUG:setData: Setting CFC12_emissions[2075]=0.00045
Tue Mar 21 15:37:29 2023:DEBUG:setData: Setting CFC12_emissions[2076]=0.00038
Tue Mar 21 15:37:29 2023:DEBUG:setData: Setting CFC12_emissions[2077]=0.00031
Tue Mar 21 15:37:29 2023:DEBUG:setData: Setting CFC12_emissions[2078]=0.00024
Tue Mar 21 15:37:29 2023:DEBUG:setData: Setting CFC12_emissions[2079]=0.00017
Tue Mar 21 15:37:29 2023:DEBUG:setData: Setting CFC12_emissions[2080]=0.0001
Tue Mar 21 15:37:29 2023:DEBUG:setData: Setting CFC12_emissions[2081]=0.00009
Tue Mar 21 15:37:29 2023:DEBUG:setData: Setting CFC12_emissions[2082]=0.00008
Tue Mar 21 15:37:29 2023:DEBUG:setData: Setting CFC12_emissions[2083]=0.00007
Tue Mar 21 15:37:29 2023:DEBUG:setData: Setting CFC12_emissions[2084]=0.00006
Tue Mar 21 15:37:29 2023:DEBUG:setData: Setting CFC12_emissions[2085]=0.00005
Tue Mar 21 15:37:29 2023:DEBUG:setData: Setting CFC12_emissions[2086]=0.00004
Tue Mar 21 15:37:29 2023:DEBUG:setData: Setting CFC12_emissions[2087]=0.00003
Tue Mar 21 15:37:29 2023:DEBUG:setData: Setting CFC12_emissions[2088]=0.00002
Tue Mar 21 15:37:29 2023:DEBUG:setData: Setting CFC12_emissions[2089]=0.00001
Tue Mar 21 15:37:29 2023:DEBUG:setData: Setting CFC12_emissions[2090]=0
Tue Mar 21 15:37:29 2023:DEBUG:setData: Setting CFC12_emissions[2091]=0.0012
Tue Mar 21 15:37:29 2023:DEBUG:setData: Setting CFC12_emissions[2092]=0.0024
Tue Mar 21 15:37:29 2023:DEBUG:setData: Setting CFC12_emissions[2093]=0.0036
Tue Mar 21 15:37:29 2023:DEBUG:setData: Setting CFC12_emissions[2094]=0.0048
Tue Mar 21 15:37:29 2023:DEBUG:setData: Setting CFC12_emissions[2095]=0.006
Tue Mar 21 15:37:29 2023:DEBUG:setData: Setting CFC12_emissions[2096]=0.0072
Tue Mar 21 15:37:29 2023:DEBUG:setData: Setting CFC12_emissions[2097]=0.0084
Tue Mar 21 15:37:29 2023:DEBUG:setData: Setting CFC12_emissions[2098]=0.0096
Tue Mar 21 15:37:29 2023:DEBUG:setData: Setting CFC12_emissions[2099]=0.0108
Tue Mar 21 15:37:29 2023:DEBUG:setData: Setting CFC12_emissions[2100]=0.012
Tue Mar 21 15:37:29 2023:DEBUG:setData: Setting CFC12_emissions[2101]=0.01192
Tue Mar 21 15:37:29 2023:DEBUG:setData: Setting CFC12_emissions[2102]=0.01184
Tue Mar 21 15:37:29 2023:DEBUG:setData: Setting CFC12_emissions[2103]=0.01176
Tue Mar 21 15:37:29 2023:DEBUG:setData: Setting CFC12_emissions[2104]=0.01168
Tue Mar 21 15:37:29 2023:DEBUG:setData: Setting CFC12_emissions[2105]=0.0116
Tue Mar 21 15:37:29 2023:DEBUG:setData: Setting CFC12_emissions[2106]=0.01152
Tue Mar 21 15:37:29 2023:DEBUG:setData: Setting CFC12_emissions[2107]=0.01144
Tue Mar 21 15:37:29 2023:DEBUG:setData: Setting CFC12_emissions[2108]=0.01136
Tue Mar 21 15:37:29 2023:DEBUG:setData: Setting CFC12_emissions[2109]=0.01128
Tue Mar 21 15:37:29 2023:DEBUG:setData: Setting CFC12_emissions[2110]=0.0112
Tue Mar 21 15:37:29 2023:DEBUG:setData: Setting CFC12_emissions[2111]=0.01112
Tue Mar 21 15:37:29 2023:DEBUG:setData: Setting CFC12_emissions[2112]=0.01104
Tue Mar 21 15:37:29 2023:DEBUG:setData: Setting CFC12_emissions[2113]=0.01096
Tue Mar 21 15:37:29 2023:DEBUG:setData: Setting CFC12_emissions[2114]=0.01088
Tue Mar 21 15:37:29 2023:DEBUG:setData: Setting CFC12_emissions[2115]=0.0108
Tue Mar 21 15:37:29 2023:DEBUG:setData: Setting CFC12_emissions[2116]=0.01072
Tue Mar 21 15:37:29 2023:DEBUG:setData: Setting CFC12_emissions[2117]=0.01064
Tue Mar 21 15:37:29 2023:DEBUG:setData: Setting CFC12_emissions[2118]=0.01056
Tue Mar 21 15:37:29 2023:DEBUG:setData: Setting CFC12_emissions[2119]=0.01048
Tue Mar 21 15:37:29 2023:DEBUG:setData: Setting CFC12_emissions[2120]=0.0104
Tue Mar 21 15:37:29 2023:DEBUG:setData: Setting CFC12_emissions[2121]=0.01032
Tue Mar 21 15:37:29 2023:DEBUG:setData: Setting CFC12_emissions[2122]=0.01024
Tue Mar 21 15:37:29 2023:DEBUG:setData: Setting CFC12_emissions[2123]=0.01016
Tue Mar 21 15:37:29 2023:DEBUG:setData: Setting CFC12_emissions[2124]=0.01008
Tue Mar 21 15:37:29 2023:DEBUG:setData: Setting CFC12_emissions[2125]=0.01
Tue Mar 21 15:37:29 2023:DEBUG:setData: Setting CFC12_emissions[2126]=0.00992
Tue Mar 21 15:37:29 2023:DEBUG:setData: Setting CFC12_emissions[2127]=0.00984
Tue Mar 21 15:37:29 2023:DEBUG:setData: Setting CFC12_emissions[2128]=0.00976
Tue Mar 21 15:37:29 2023:DEBUG:setData: Setting CFC12_emissions[2129]=0.00968
Tue Mar 21 15:37:29 2023:DEBUG:setData: Setting CFC12_emissions[2130]=0.0096
Tue Mar 21 15:37:29 2023:DEBUG:setData: Setting CFC12_emissions[2131]=0.00952
Tue Mar 21 15:37:29 2023:DEBUG:setData: Setting CFC12_emissions[2132]=0.00944
Tue Mar 21 15:37:29 2023:DEBUG:setData: Setting CFC12_emissions[2133]=0.00936
Tue Mar 21 15:37:29 2023:DEBUG:setData: Setting CFC12_emissions[2134]=0.00928
Tue Mar 21 15:37:29 2023:DEBUG:setData: Setting CFC12_emissions[2135]=0.0092
Tue Mar 21 15:37:29 2023:DEBUG:setData: Setting CFC12_emissions[2136]=0.00912
Tue Mar 21 15:37:29 2023:DEBUG:setData: Setting CFC12_emissions[2137]=0.00904
Tue Mar 21 15:37:29 2023:DEBUG:setData: Setting CFC12_emissions[2138]=0.00896
Tue Mar 21 15:37:29 2023:DEBUG:setData: Setting CFC12_emissions[2139]=0.00888
Tue Mar 21 15:37:29 2023:DEBUG:setData: Setting CFC12_emissions[2140]=0.0088
Tue Mar 21 15:37:29 2023:DEBUG:setData: Setting CFC12_emissions[2141]=0.00872
Tue Mar 21 15:37:29 2023:DEBUG:setData: Setting CFC12_emissions[2142]=0.00864
Tue Mar 21 15:37:29 2023:DEBUG:setData: Setting CFC12_emissions[2143]=0.00856
Tue Mar 21 15:37:29 2023:DEBUG:setData: Setting CFC12_emissions[2144]=0.00848
Tue Mar 21 15:37:29 2023:DEBUG:setData: Setting CFC12_emissions[2145]=0.0084
Tue Mar 21 15:37:29 2023:DEBUG:setData: Setting CFC12_emissions[2146]=0.00832
Tue Mar 21 15:37:29 2023:DEBUG:setData: Setting CFC12_emissions[2147]=0.00824
Tue Mar 21 15:37:29 2023:DEBUG:setData: Setting CFC12_emissions[2148]=0.00816
Tue Mar 21 15:37:29 2023:DEBUG:setData: Setting CFC12_emissions[2149]=0.00808
Tue Mar 21 15:37:29 2023:DEBUG:setData: Setting CFC12_emissions[2150]=0.008
Tue Mar 21 15:37:29 2023:DEBUG:setData: Setting CFC12_emissions[2151]=0.00792
Tue Mar 21 15:37:29 2023:DEBUG:setData: Setting CFC12_emissions[2152]=0.00784
Tue Mar 21 15:37:29 2023:DEBUG:setData: Setting CFC12_emissions[2153]=0.00776
Tue Mar 21 15:37:29 2023:DEBUG:setData: Setting CFC12_emissions[2154]=0.00768
Tue Mar 21 15:37:29 2023:DEBUG:setData: Setting CFC12_emissions[2155]=0.0076
Tue Mar 21 15:37:29 2023:DEBUG:setData: Setting CFC12_emissions[2156]=0.00752
Tue Mar 21 15:37:29 2023:DEBUG:setData: Setting CFC12_emissions[2157]=0.00744
Tue Mar 21 15:37:29 2023:DEBUG:setData: Setting CFC12_emissions[2158]=0.00736
Tue Mar 21 15:37:29 2023:DEBUG:setData: Setting CFC12_emissions[2159]=0.00728
Tue Mar 21 15:37:29 2023:DEBUG:setData: Setting CFC12_emissions[2160]=0.0072
Tue Mar 21 15:37:29 2023:DEBUG:setData: Setting CFC12_emissions[2161]=0.00712
Tue Mar 21 15:37:29 2023:DEBUG:setData: Setting CFC12_emissions[2162]=0.00704
Tue Mar 21 15:37:29 2023:DEBUG:setData: Setting CFC12_emissions[2163]=0.00696
Tue Mar 21 15:37:29 2023:DEBUG:setData: Setting CFC12_emissions[2164]=0.00688
Tue Mar 21 15:37:29 2023:DEBUG:setData: Setting CFC12_emissions[2165]=0.0068
Tue Mar 21 15:37:29 2023:DEBUG:setData: Setting CFC12_emissions[2166]=0.00672
Tue Mar 21 15:37:29 2023:DEBUG:setData: Setting CFC12_emissions[2167]=0.00664
Tue Mar 21 15:37:29 2023:DEBUG:setData: Setting CFC12_emissions[2168]=0.00656
Tue Mar 21 15:37:29 2023:DEBUG:setData: Setting CFC12_emissions[2169]=0.00648
Tue Mar 21 15:37:29 2023:DEBUG:setData: Setting CFC12_emissions[2170]=0.0064
Tue Mar 21 15:37:29 2023:DEBUG:setData: Setting CFC12_emissions[2171]=0.00632
Tue Mar 21 15:37:29 2023:DEBUG:setData: Setting CFC12_emissions[2172]=0.00624
Tue Mar 21 15:37:29 2023:DEBUG:setData: Setting CFC12_emissions[2173]=0.00616
Tue Mar 21 15:37:29 2023:DEBUG:setData: Setting CFC12_emissions[2174]=0.00608
Tue Mar 21 15:37:29 2023:DEBUG:setData: Setting CFC12_emissions[2175]=0.006
Tue Mar 21 15:37:29 2023:DEBUG:setData: Setting CFC12_emissions[2176]=0.00592
Tue Mar 21 15:37:29 2023:DEBUG:setData: Setting CFC12_emissions[2177]=0.00584
Tue Mar 21 15:37:29 2023:DEBUG:setData: Setting CFC12_emissions[2178]=0.00576
Tue Mar 21 15:37:29 2023:DEBUG:setData: Setting CFC12_emissions[2179]=0.00568
Tue Mar 21 15:37:29 2023:DEBUG:setData: Setting CFC12_emissions[2180]=0.0056
Tue Mar 21 15:37:29 2023:DEBUG:setData: Setting CFC12_emissions[2181]=0.00552
Tue Mar 21 15:37:29 2023:DEBUG:setData: Setting CFC12_emissions[2182]=0.00544
Tue Mar 21 15:37:29 2023:DEBUG:setData: Setting CFC12_emissions[2183]=0.00536
Tue Mar 21 15:37:29 2023:DEBUG:setData: Setting CFC12_emissions[2184]=0.00528
Tue Mar 21 15:37:29 2023:DEBUG:setData: Setting CFC12_emissions[2185]=0.0052
Tue Mar 21 15:37:29 2023:DEBUG:setData: Setting CFC12_emissions[2186]=0.00512
Tue Mar 21 15:37:29 2023:DEBUG:setData: Setting CFC12_emissions[2187]=0.00504
Tue Mar 21 15:37:29 2023:DEBUG:setData: Setting CFC12_emissions[2188]=0.00496
Tue Mar 21 15:37:29 2023:DEBUG:setData: Setting CFC12_emissions[2189]=0.00488
Tue Mar 21 15:37:29 2023:DEBUG:setData: Setting CFC12_emissions[2190]=0.0048
Tue Mar 21 15:37:29 2023:DEBUG:setData: Setting CFC12_emissions[2191]=0.00472
Tue Mar 21 15:37:29 2023:DEBUG:setData: Setting CFC12_emissions[2192]=0.00464
Tue Mar 21 15:37:29 2023:DEBUG:setData: Setting CFC12_emissions[2193]=0.00456
Tue Mar 21 15:37:29 2023:DEBUG:setData: Setting CFC12_emissions[2194]=0.00448
Tue Mar 21 15:37:29 2023:DEBUG:setData: Setting CFC12_emissions[2195]=0.0044
Tue Mar 21 15:37:29 2023:DEBUG:setData: Setting CFC12_emissions[2196]=0.00432
Tue Mar 21 15:37:29 2023:DEBUG:setData: Setting CFC12_emissions[2197]=0.00424
Tue Mar 21 15:37:29 2023:DEBUG:setData: Setting CFC12_emissions[2198]=0.00416
Tue Mar 21 15:37:29 2023:DEBUG:setData: Setting CFC12_emissions[2199]=0.00408
Tue Mar 21 15:37:29 2023:DEBUG:setData: Setting CFC12_emissions[2200]=0.004
Tue Mar 21 15:37:29 2023:DEBUG:setData: Setting CFC12_emissions[2201]=0.00392
Tue Mar 21 15:37:29 2023:DEBUG:setData: Setting CFC12_emissions[2202]=0.00384
Tue Mar 21 15:37:29 2023:DEBUG:setData: Setting CFC12_emissions[2203]=0.00376
Tue Mar 21 15:37:29 2023:DEBUG:setData: Setting CFC12_emissions[2204]=0.00368
Tue Mar 21 15:37:29 2023:DEBUG:setData: Setting CFC12_emissions[2205]=0.0036
Tue Mar 21 15:37:29 2023:DEBUG:setData: Setting CFC12_emissions[2206]=0.00352
Tue Mar 21 15:37:29 2023:DEBUG:setData: Setting CFC12_emissions[2207]=0.00344
Tue Mar 21 15:37:29 2023:DEBUG:setData: Setting CFC12_emissions[2208]=0.00336
Tue Mar 21 15:37:29 2023:DEBUG:setData: Setting CFC12_emissions[2209]=0.00328
Tue Mar 21 15:37:29 2023:DEBUG:setData: Setting CFC12_emissions[2210]=0.0032
Tue Mar 21 15:37:29 2023:DEBUG:setData: Setting CFC12_emissions[2211]=0.00312
Tue Mar 21 15:37:29 2023:DEBUG:setData: Setting CFC12_emissions[2212]=0.00304
Tue Mar 21 15:37:29 2023:DEBUG:setData: Setting CFC12_emissions[2213]=0.00296
Tue Mar 21 15:37:29 2023:DEBUG:setData: Setting CFC12_emissions[2214]=0.00288
Tue Mar 21 15:37:29 2023:DEBUG:setData: Setting CFC12_emissions[2215]=0.0028
Tue Mar 21 15:37:29 2023:DEBUG:setData: Setting CFC12_emissions[2216]=0.00272
Tue Mar 21 15:37:29 2023:DEBUG:setData: Setting CFC12_emissions[2217]=0.00264
Tue Mar 21 15:37:29 2023:DEBUG:setData: Setting CFC12_emissions[2218]=0.00256
Tue Mar 21 15:37:29 2023:DEBUG:setData: Setting CFC12_emissions[2219]=0.00248
Tue Mar 21 15:37:29 2023:DEBUG:setData: Setting CFC12_emissions[2220]=0.0024
Tue Mar 21 15:37:29 2023:DEBUG:setData: Setting CFC12_emissions[2221]=0.00232
Tue Mar 21 15:37:29 2023:DEBUG:setData: Setting CFC12_emissions[2222]=0.00224
Tue Mar 21 15:37:29 2023:DEBUG:setData: Setting CFC12_emissions[2223]=0.00216
Tue Mar 21 15:37:29 2023:DEBUG:setData: Setting CFC12_emissions[2224]=0.00208
Tue Mar 21 15:37:29 2023:DEBUG:setData: Setting CFC12_emissions[2225]=0.002
Tue Mar 21 15:37:29 2023:DEBUG:setData: Setting CFC12_emissions[2226]=0.00192
Tue Mar 21 15:37:29 2023:DEBUG:setData: Setting CFC12_emissions[2227]=0.00184
Tue Mar 21 15:37:29 2023:DEBUG:setData: Setting CFC12_emissions[2228]=0.00176
Tue Mar 21 15:37:29 2023:DEBUG:setData: Setting CFC12_emissions[2229]=0.00168
Tue Mar 21 15:37:29 2023:DEBUG:setData: Setting CFC12_emissions[2230]=0.0016
Tue Mar 21 15:37:29 2023:DEBUG:setData: Setting CFC12_emissions[2231]=0.00152
Tue Mar 21 15:37:29 2023:DEBUG:setData: Setting CFC12_emissions[2232]=0.00144
Tue Mar 21 15:37:29 2023:DEBUG:setData: Setting CFC12_emissions[2233]=0.00136
Tue Mar 21 15:37:29 2023:DEBUG:setData: Setting CFC12_emissions[2234]=0.00128
Tue Mar 21 15:37:29 2023:DEBUG:setData: Setting CFC12_emissions[2235]=0.0012
Tue Mar 21 15:37:29 2023:DEBUG:setData: Setting CFC12_emissions[2236]=0.00112
Tue Mar 21 15:37:29 2023:DEBUG:setData: Setting CFC12_emissions[2237]=0.00104
Tue Mar 21 15:37:29 2023:DEBUG:setData: Setting CFC12_emissions[2238]=0.00096
Tue Mar 21 15:37:29 2023:DEBUG:setData: Setting CFC12_emissions[2239]=0.00088
Tue Mar 21 15:37:29 2023:DEBUG:setData: Setting CFC12_emissions[2240]=0.0008
Tue Mar 21 15:37:29 2023:DEBUG:setData: Setting CFC12_emissions[2241]=0.00072
Tue Mar 21 15:37:29 2023:DEBUG:setData: Setting CFC12_emissions[2242]=0.00064
Tue Mar 21 15:37:29 2023:DEBUG:setData: Setting CFC12_emissions[2243]=0.00056
Tue Mar 21 15:37:29 2023:DEBUG:setData: Setting CFC12_emissions[2244]=0.00048
Tue Mar 21 15:37:29 2023:DEBUG:setData: Setting CFC12_emissions[2245]=0.0004
Tue Mar 21 15:37:29 2023:DEBUG:setData: Setting CFC12_emissions[2246]=0.00032
Tue Mar 21 15:37:29 2023:DEBUG:setData: Setting CFC12_emissions[2247]=0.00024
Tue Mar 21 15:37:29 2023:DEBUG:setData: Setting CFC12_emissions[2248]=0.00016
Tue Mar 21 15:37:29 2023:DEBUG:setData: Setting CFC12_emissions[2249]=0.00008
Tue Mar 21 15:37:29 2023:DEBUG:setData: Setting CFC12_emissions[2250]=0
Tue Mar 21 15:37:29 2023:DEBUG:setData: Setting CFC12_emissions[2251]=0
Tue Mar 21 15:37:29 2023:DEBUG:setData: Setting CFC12_emissions[2252]=0
Tue Mar 21 15:37:29 2023:DEBUG:setData: Setting CFC12_emissions[2253]=0
Tue Mar 21 15:37:29 2023:DEBUG:setData: Setting CFC12_emissions[2254]=0
Tue Mar 21 15:37:29 2023:DEBUG:setData: Setting CFC12_emissions[2255]=0
Tue Mar 21 15:37:29 2023:DEBUG:setData: Setting CFC12_emissions[2256]=0
Tue Mar 21 15:37:29 2023:DEBUG:setData: Setting CFC12_emissions[2257]=0
Tue Mar 21 15:37:29 2023:DEBUG:setData: Setting CFC12_emissions[2258]=0
Tue Mar 21 15:37:29 2023:DEBUG:setData: Setting CFC12_emissions[2259]=0
Tue Mar 21 15:37:29 2023:DEBUG:setData: Setting CFC12_emissions[2260]=0
Tue Mar 21 15:37:29 2023:DEBUG:setData: Setting CFC12_emissions[2261]=0
Tue Mar 21 15:37:29 2023:DEBUG:setData: Setting CFC12_emissions[2262]=0
Tue Mar 21 15:37:29 2023:DEBUG:setData: Setting CFC12_emissions[2263]=0
Tue Mar 21 15:37:29 2023:DEBUG:setData: Setting CFC12_emissions[2264]=0
Tue Mar 21 15:37:29 2023:DEBUG:setData: Setting CFC12_emissions[2265]=0
Tue Mar 21 15:37:29 2023:DEBUG:setData: Setting CFC12_emissions[2266]=0
Tue Mar 21 15:37:29 2023:DEBUG:setData: Setting CFC12_emissions[2267]=0
Tue Mar 21 15:37:29 2023:DEBUG:setData: Setting CFC12_emissions[2268]=0
Tue Mar 21 15:37:29 2023:DEBUG:setData: Setting CFC12_emissions[2269]=0
Tue Mar 21 15:37:29 2023:DEBUG:setData: Setting CFC12_emissions[2270]=0
Tue Mar 21 15:37:29 2023:DEBUG:setData: Setting CFC12_emissions[2271]=0
Tue Mar 21 15:37:29 2023:DEBUG:setData: Setting CFC12_emissions[2272]=0
Tue Mar 21 15:37:29 2023:DEBUG:setData: Setting CFC12_emissions[2273]=0
Tue Mar 21 15:37:29 2023:DEBUG:setData: Setting CFC12_emissions[2274]=0
Tue Mar 21 15:37:29 2023:DEBUG:setData: Setting CFC12_emissions[2275]=0
Tue Mar 21 15:37:29 2023:DEBUG:setData: Setting CFC12_emissions[2276]=0
Tue Mar 21 15:37:29 2023:DEBUG:setData: Setting CFC12_emissions[2277]=0
Tue Mar 21 15:37:29 2023:DEBUG:setData: Setting CFC12_emissions[2278]=0
Tue Mar 21 15:37:29 2023:DEBUG:setData: Setting CFC12_emissions[2279]=0
Tue Mar 21 15:37:29 2023:DEBUG:setData: Setting CFC12_emissions[2280]=0
Tue Mar 21 15:37:29 2023:DEBUG:setData: Setting CFC12_emissions[2281]=0
Tue Mar 21 15:37:29 2023:DEBUG:setData: Setting CFC12_emissions[2282]=0
Tue Mar 21 15:37:29 2023:DEBUG:setData: Setting CFC12_emissions[2283]=0
Tue Mar 21 15:37:29 2023:DEBUG:setData: Setting CFC12_emissions[2284]=0
Tue Mar 21 15:37:29 2023:DEBUG:setData: Setting CFC12_emissions[2285]=0
Tue Mar 21 15:37:29 2023:DEBUG:setData: Setting CFC12_emissions[2286]=0
Tue Mar 21 15:37:29 2023:DEBUG:setData: Setting CFC12_emissions[2287]=0
Tue Mar 21 15:37:29 2023:DEBUG:setData: Setting CFC12_emissions[2288]=0
Tue Mar 21 15:37:29 2023:DEBUG:setData: Setting CFC12_emissions[2289]=0
Tue Mar 21 15:37:29 2023:DEBUG:setData: Setting CFC12_emissions[2290]=0
Tue Mar 21 15:37:29 2023:DEBUG:setData: Setting CFC12_emissions[2291]=0
Tue Mar 21 15:37:29 2023:DEBUG:setData: Setting CFC12_emissions[2292]=0
Tue Mar 21 15:37:29 2023:DEBUG:setData: Setting CFC12_emissions[2293]=0
Tue Mar 21 15:37:29 2023:DEBUG:setData: Setting CFC12_emissions[2294]=0
Tue Mar 21 15:37:29 2023:DEBUG:setData: Setting CFC12_emissions[2295]=0
Tue Mar 21 15:37:29 2023:DEBUG:setData: Setting CFC12_emissions[2296]=0
Tue Mar 21 15:37:29 2023:DEBUG:setData: Setting CFC12_emissions[2297]=0
Tue Mar 21 15:37:29 2023:DEBUG:setData: Setting CFC12_emissions[2298]=0
Tue Mar 21 15:37:29 2023:DEBUG:setData: Setting CFC12_emissions[2299]=0
Tue Mar 21 15:37:29 2023:DEBUG:setData: Setting CFC12_emissions[2300]=0
Tue Mar 21 15:37:29 2023:DEBUG:setData: Setting CFC12_emissions[2301]=0
Tue Mar 21 15:37:29 2023:DEBUG:setData: Setting CFC12_emissions[2302]=0
Tue Mar 21 15:37:29 2023:DEBUG:setData: Setting CFC12_emissions[2303]=0
Tue Mar 21 15:37:29 2023:DEBUG:setData: Setting CFC12_emissions[2304]=0
Tue Mar 21 15:37:29 2023:DEBUG:setData: Setting CFC12_emissions[2305]=0
Tue Mar 21 15:37:29 2023:DEBUG:setData: Setting CFC12_emissions[2306]=0
Tue Mar 21 15:37:29 2023:DEBUG:setData: Setting CFC12_emissions[2307]=0
Tue Mar 21 15:37:29 2023:DEBUG:setData: Setting CFC12_emissions[2308]=0
Tue Mar 21 15:37:29 2023:DEBUG:setData: Setting CFC12_emissions[2309]=0
Tue Mar 21 15:37:29 2023:DEBUG:setData: Setting CFC12_emissions[2310]=0
Tue Mar 21 15:37:29 2023:DEBUG:setData: Setting CFC12_emissions[2311]=0
Tue Mar 21 15:37:29 2023:DEBUG:setData: Setting CFC12_emissions[2312]=0
Tue Mar 21 15:37:29 2023:DEBUG:setData: Setting CFC12_emissions[2313]=0
Tue Mar 21 15:37:29 2023:DEBUG:setData: Setting CFC12_emissions[2314]=0
Tue Mar 21 15:37:29 2023:DEBUG:setData: Setting CFC12_emissions[2315]=0
Tue Mar 21 15:37:29 2023:DEBUG:setData: Setting CFC12_emissions[2316]=0
Tue Mar 21 15:37:29 2023:DEBUG:setData: Setting CFC12_emissions[2317]=0
Tue Mar 21 15:37:29 2023:DEBUG:setData: Setting CFC12_emissions[2318]=0
Tue Mar 21 15:37:29 2023:DEBUG:setData: Setting CFC12_emissions[2319]=0
Tue Mar 21 15:37:29 2023:DEBUG:setData: Setting CFC12_emissions[2320]=0
Tue Mar 21 15:37:29 2023:DEBUG:setData: Setting CFC12_emissions[2321]=0
Tue Mar 21 15:37:29 2023:DEBUG:setData: Setting CFC12_emissions[2322]=0
Tue Mar 21 15:37:29 2023:DEBUG:setData: Setting CFC12_emissions[2323]=0
Tue Mar 21 15:37:29 2023:DEBUG:setData: Setting CFC12_emissions[2324]=0
Tue Mar 21 15:37:29 2023:DEBUG:setData: Setting CFC12_emissions[2325]=0
Tue Mar 21 15:37:29 2023:DEBUG:setData: Setting CFC12_emissions[2326]=0
Tue Mar 21 15:37:29 2023:DEBUG:setData: Setting CFC12_emissions[2327]=0
Tue Mar 21 15:37:29 2023:DEBUG:setData: Setting CFC12_emissions[2328]=0
Tue Mar 21 15:37:29 2023:DEBUG:setData: Setting CFC12_emissions[2329]=0
Tue Mar 21 15:37:29 2023:DEBUG:setData: Setting CFC12_emissions[2330]=0
Tue Mar 21 15:37:29 2023:DEBUG:setData: Setting CFC12_emissions[2331]=0
Tue Mar 21 15:37:29 2023:DEBUG:setData: Setting CFC12_emissions[2332]=0
Tue Mar 21 15:37:29 2023:DEBUG:setData: Setting CFC12_emissions[2333]=0
Tue Mar 21 15:37:29 2023:DEBUG:setData: Setting CFC12_emissions[2334]=0
Tue Mar 21 15:37:29 2023:DEBUG:setData: Setting CFC12_emissions[2335]=0
Tue Mar 21 15:37:29 2023:DEBUG:setData: Setting CFC12_emissions[2336]=0
Tue Mar 21 15:37:29 2023:DEBUG:setData: Setting CFC12_emissions[2337]=0
Tue Mar 21 15:37:29 2023:DEBUG:setData: Setting CFC12_emissions[2338]=0
Tue Mar 21 15:37:29 2023:DEBUG:setData: Setting CFC12_emissions[2339]=0
Tue Mar 21 15:37:29 2023:DEBUG:setData: Setting CFC12_emissions[2340]=0
Tue Mar 21 15:37:29 2023:DEBUG:setData: Setting CFC12_emissions[2341]=0
Tue Mar 21 15:37:29 2023:DEBUG:setData: Setting CFC12_emissions[2342]=0
Tue Mar 21 15:37:29 2023:DEBUG:setData: Setting CFC12_emissions[2343]=0
Tue Mar 21 15:37:29 2023:DEBUG:setData: Setting CFC12_emissions[2344]=0
Tue Mar 21 15:37:29 2023:DEBUG:setData: Setting CFC12_emissions[2345]=0
Tue Mar 21 15:37:29 2023:DEBUG:setData: Setting CFC12_emissions[2346]=0
Tue Mar 21 15:37:29 2023:DEBUG:setData: Setting CFC12_emissions[2347]=0
Tue Mar 21 15:37:29 2023:DEBUG:setData: Setting CFC12_emissions[2348]=0
Tue Mar 21 15:37:29 2023:DEBUG:setData: Setting CFC12_emissions[2349]=0
Tue Mar 21 15:37:29 2023:DEBUG:setData: Setting CFC12_emissions[2350]=0
Tue Mar 21 15:37:29 2023:DEBUG:setData: Setting CFC12_emissions[2351]=0
Tue Mar 21 15:37:29 2023:DEBUG:setData: Setting CFC12_emissions[2352]=0
Tue Mar 21 15:37:29 2023:DEBUG:setData: Setting CFC12_emissions[2353]=0
Tue Mar 21 15:37:29 2023:DEBUG:setData: Setting CFC12_emissions[2354]=0
Tue Mar 21 15:37:29 2023:DEBUG:setData: Setting CFC12_emissions[2355]=0
Tue Mar 21 15:37:29 2023:DEBUG:setData: Setting CFC12_emissions[2356]=0
Tue Mar 21 15:37:29 2023:DEBUG:setData: Setting CFC12_emissions[2357]=0
Tue Mar 21 15:37:29 2023:DEBUG:setData: Setting CFC12_emissions[2358]=0
Tue Mar 21 15:37:29 2023:DEBUG:setData: Setting CFC12_emissions[2359]=0
Tue Mar 21 15:37:29 2023:DEBUG:setData: Setting CFC12_emissions[2360]=0
Tue Mar 21 15:37:29 2023:DEBUG:setData: Setting CFC12_emissions[2361]=0
Tue Mar 21 15:37:29 2023:DEBUG:setData: Setting CFC12_emissions[2362]=0
Tue Mar 21 15:37:29 2023:DEBUG:setData: Setting CFC12_emissions[2363]=0
Tue Mar 21 15:37:29 2023:DEBUG:setData: Setting CFC12_emissions[2364]=0
Tue Mar 21 15:37:29 2023:DEBUG:setData: Setting CFC12_emissions[2365]=0
Tue Mar 21 15:37:29 2023:DEBUG:setData: Setting CFC12_emissions[2366]=0
Tue Mar 21 15:37:29 2023:DEBUG:setData: Setting CFC12_emissions[2367]=0
Tue Mar 21 15:37:29 2023:DEBUG:setData: Setting CFC12_emissions[2368]=0
Tue Mar 21 15:37:29 2023:DEBUG:setData: Setting CFC12_emissions[2369]=0
Tue Mar 21 15:37:29 2023:DEBUG:setData: Setting CFC12_emissions[2370]=0
Tue Mar 21 15:37:29 2023:DEBUG:setData: Setting CFC12_emissions[2371]=0
Tue Mar 21 15:37:29 2023:DEBUG:setData: Setting CFC12_emissions[2372]=0
Tue Mar 21 15:37:29 2023:DEBUG:setData: Setting CFC12_emissions[2373]=0
Tue Mar 21 15:37:29 2023:DEBUG:setData: Setting CFC12_emissions[2374]=0
Tue Mar 21 15:37:29 2023:DEBUG:setData: Setting CFC12_emissions[2375]=0
Tue Mar 21 15:37:29 2023:DEBUG:setData: Setting CFC12_emissions[2376]=0
Tue Mar 21 15:37:29 2023:DEBUG:setData: Setting CFC12_emissions[2377]=0
Tue Mar 21 15:37:29 2023:DEBUG:setData: Setting CFC12_emissions[2378]=0
Tue Mar 21 15:37:29 2023:DEBUG:setData: Setting CFC12_emissions[2379]=0
Tue Mar 21 15:37:29 2023:DEBUG:setData: Setting CFC12_emissions[2380]=0
Tue Mar 21 15:37:29 2023:DEBUG:setData: Setting CFC12_emissions[2381]=0
Tue Mar 21 15:37:29 2023:DEBUG:setData: Setting CFC12_emissions[2382]=0
Tue Mar 21 15:37:29 2023:DEBUG:setData: Setting CFC12_emissions[2383]=0
Tue Mar 21 15:37:29 2023:DEBUG:setData: Setting CFC12_emissions[2384]=0
Tue Mar 21 15:37:29 2023:DEBUG:setData: Setting CFC12_emissions[2385]=0
Tue Mar 21 15:37:29 2023:DEBUG:setData: Setting CFC12_emissions[2386]=0
Tue Mar 21 15:37:29 2023:DEBUG:setData: Setting CFC12_emissions[2387]=0
Tue Mar 21 15:37:29 2023:DEBUG:setData: Setting CFC12_emissions[2388]=0
Tue Mar 21 15:37:29 2023:DEBUG:setData: Setting CFC12_emissions[2389]=0
Tue Mar 21 15:37:29 2023:DEBUG:setData: Setting CFC12_emissions[2390]=0
Tue Mar 21 15:37:29 2023:DEBUG:setData: Setting CFC12_emissions[2391]=0
Tue Mar 21 15:37:29 2023:DEBUG:setData: Setting CFC12_emissions[2392]=0
Tue Mar 21 15:37:29 2023:DEBUG:setData: Setting CFC12_emissions[2393]=0
Tue Mar 21 15:37:29 2023:DEBUG:setData: Setting CFC12_emissions[2394]=0
Tue Mar 21 15:37:29 2023:DEBUG:setData: Setting CFC12_emissions[2395]=0
Tue Mar 21 15:37:29 2023:DEBUG:setData: Setting CFC12_emissions[2396]=0
Tue Mar 21 15:37:29 2023:DEBUG:setData: Setting CFC12_emissions[2397]=0
Tue Mar 21 15:37:29 2023:DEBUG:setData: Setting CFC12_emissions[2398]=0
Tue Mar 21 15:37:29 2023:DEBUG:setData: Setting CFC12_emissions[2399]=0
Tue Mar 21 15:37:29 2023:DEBUG:setData: Setting CFC12_emissions[2400]=0
Tue Mar 21 15:37:29 2023:DEBUG:setData: Setting CFC12_emissions[2401]=0
Tue Mar 21 15:37:29 2023:DEBUG:setData: Setting CFC12_emissions[2402]=0
Tue Mar 21 15:37:29 2023:DEBUG:setData: Setting CFC12_emissions[2403]=0
Tue Mar 21 15:37:29 2023:DEBUG:setData: Setting CFC12_emissions[2404]=0
Tue Mar 21 15:37:29 2023:DEBUG:setData: Setting CFC12_emissions[2405]=0
Tue Mar 21 15:37:29 2023:DEBUG:setData: Setting CFC12_emissions[2406]=0
Tue Mar 21 15:37:29 2023:DEBUG:setData: Setting CFC12_emissions[2407]=0
Tue Mar 21 15:37:29 2023:DEBUG:setData: Setting CFC12_emissions[2408]=0
Tue Mar 21 15:37:29 2023:DEBUG:setData: Setting CFC12_emissions[2409]=0
Tue Mar 21 15:37:29 2023:DEBUG:setData: Setting CFC12_emissions[2410]=0
Tue Mar 21 15:37:29 2023:DEBUG:setData: Setting CFC12_emissions[2411]=0
Tue Mar 21 15:37:29 2023:DEBUG:setData: Setting CFC12_emissions[2412]=0
Tue Mar 21 15:37:29 2023:DEBUG:setData: Setting CFC12_emissions[2413]=0
Tue Mar 21 15:37:29 2023:DEBUG:setData: Setting CFC12_emissions[2414]=0
Tue Mar 21 15:37:29 2023:DEBUG:setData: Setting CFC12_emissions[2415]=0
Tue Mar 21 15:37:29 2023:DEBUG:setData: Setting CFC12_emissions[2416]=0
Tue Mar 21 15:37:29 2023:DEBUG:setData: Setting CFC12_emissions[2417]=0
Tue Mar 21 15:37:29 2023:DEBUG:setData: Setting CFC12_emissions[2418]=0
Tue Mar 21 15:37:29 2023:DEBUG:setData: Setting CFC12_emissions[2419]=0
Tue Mar 21 15:37:29 2023:DEBUG:setData: Setting CFC12_emissions[2420]=0
Tue Mar 21 15:37:29 2023:DEBUG:setData: Setting CFC12_emissions[2421]=0
Tue Mar 21 15:37:29 2023:DEBUG:setData: Setting CFC12_emissions[2422]=0
Tue Mar 21 15:37:29 2023:DEBUG:setData: Setting CFC12_emissions[2423]=0
Tue Mar 21 15:37:29 2023:DEBUG:setData: Setting CFC12_emissions[2424]=0
Tue Mar 21 15:37:29 2023:DEBUG:setData: Setting CFC12_emissions[2425]=0
Tue Mar 21 15:37:29 2023:DEBUG:setData: Setting CFC12_emissions[2426]=0
Tue Mar 21 15:37:29 2023:DEBUG:setData: Setting CFC12_emissions[2427]=0
Tue Mar 21 15:37:29 2023:DEBUG:setData: Setting CFC12_emissions[2428]=0
Tue Mar 21 15:37:29 2023:DEBUG:setData: Setting CFC12_emissions[2429]=0
Tue Mar 21 15:37:29 2023:DEBUG:setData: Setting CFC12_emissions[2430]=0
Tue Mar 21 15:37:29 2023:DEBUG:setData: Setting CFC12_emissions[2431]=0
Tue Mar 21 15:37:29 2023:DEBUG:setData: Setting CFC12_emissions[2432]=0
Tue Mar 21 15:37:29 2023:DEBUG:setData: Setting CFC12_emissions[2433]=0
Tue Mar 21 15:37:29 2023:DEBUG:setData: Setting CFC12_emissions[2434]=0
Tue Mar 21 15:37:29 2023:DEBUG:setData: Setting CFC12_emissions[2435]=0
Tue Mar 21 15:37:29 2023:DEBUG:setData: Setting CFC12_emissions[2436]=0
Tue Mar 21 15:37:29 2023:DEBUG:setData: Setting CFC12_emissions[2437]=0
Tue Mar 21 15:37:29 2023:DEBUG:setData: Setting CFC12_emissions[2438]=0
Tue Mar 21 15:37:29 2023:DEBUG:setData: Setting CFC12_emissions[2439]=0
Tue Mar 21 15:37:29 2023:DEBUG:setData: Setting CFC12_emissions[2440]=0
Tue Mar 21 15:37:29 2023:DEBUG:setData: Setting CFC12_emissions[2441]=0
Tue Mar 21 15:37:29 2023:DEBUG:setData: Setting CFC12_emissions[2442]=0
Tue Mar 21 15:37:29 2023:DEBUG:setData: Setting CFC12_emissions[2443]=0
Tue Mar 21 15:37:29 2023:DEBUG:setData: Setting CFC12_emissions[2444]=0
Tue Mar 21 15:37:29 2023:DEBUG:setData: Setting CFC12_emissions[2445]=0
Tue Mar 21 15:37:29 2023:DEBUG:setData: Setting CFC12_emissions[2446]=0
Tue Mar 21 15:37:29 2023:DEBUG:setData: Setting CFC12_emissions[2447]=0
Tue Mar 21 15:37:29 2023:DEBUG:setData: Setting CFC12_emissions[2448]=0
Tue Mar 21 15:37:29 2023:DEBUG:setData: Setting CFC12_emissions[2449]=0
Tue Mar 21 15:37:29 2023:DEBUG:setData: Setting CFC12_emissions[2450]=0
Tue Mar 21 15:37:29 2023:DEBUG:setData: Setting CFC12_emissions[2451]=0
Tue Mar 21 15:37:29 2023:DEBUG:setData: Setting CFC12_emissions[2452]=0
Tue Mar 21 15:37:29 2023:DEBUG:setData: Setting CFC12_emissions[2453]=0
Tue Mar 21 15:37:29 2023:DEBUG:setData: Setting CFC12_emissions[2454]=0
Tue Mar 21 15:37:29 2023:DEBUG:setData: Setting CFC12_emissions[2455]=0
Tue Mar 21 15:37:29 2023:DEBUG:setData: Setting CFC12_emissions[2456]=0
Tue Mar 21 15:37:29 2023:DEBUG:setData: Setting CFC12_emissions[2457]=0
Tue Mar 21 15:37:29 2023:DEBUG:setData: Setting CFC12_emissions[2458]=0
Tue Mar 21 15:37:29 2023:DEBUG:setData: Setting CFC12_emissions[2459]=0
Tue Mar 21 15:37:29 2023:DEBUG:setData: Setting CFC12_emissions[2460]=0
Tue Mar 21 15:37:29 2023:DEBUG:setData: Setting CFC12_emissions[2461]=0
Tue Mar 21 15:37:29 2023:DEBUG:setData: Setting CFC12_emissions[2462]=0
Tue Mar 21 15:37:29 2023:DEBUG:setData: Setting CFC12_emissions[2463]=0
Tue Mar 21 15:37:29 2023:DEBUG:setData: Setting CFC12_emissions[2464]=0
Tue Mar 21 15:37:29 2023:DEBUG:setData: Setting CFC12_emissions[2465]=0
Tue Mar 21 15:37:29 2023:DEBUG:setData: Setting CFC12_emissions[2466]=0
Tue Mar 21 15:37:29 2023:DEBUG:setData: Setting CFC12_emissions[2467]=0
Tue Mar 21 15:37:29 2023:DEBUG:setData: Setting CFC12_emissions[2468]=0
Tue Mar 21 15:37:29 2023:DEBUG:setData: Setting CFC12_emissions[2469]=0
Tue Mar 21 15:37:29 2023:DEBUG:setData: Setting CFC12_emissions[2470]=0
Tue Mar 21 15:37:29 2023:DEBUG:setData: Setting CFC12_emissions[2471]=0
Tue Mar 21 15:37:29 2023:DEBUG:setData: Setting CFC12_emissions[2472]=0
Tue Mar 21 15:37:29 2023:DEBUG:setData: Setting CFC12_emissions[2473]=0
Tue Mar 21 15:37:29 2023:DEBUG:setData: Setting CFC12_emissions[2474]=0
Tue Mar 21 15:37:29 2023:DEBUG:setData: Setting CFC12_emissions[2475]=0
Tue Mar 21 15:37:29 2023:DEBUG:setData: Setting CFC12_emissions[2476]=0
Tue Mar 21 15:37:29 2023:DEBUG:setData: Setting CFC12_emissions[2477]=0
Tue Mar 21 15:37:29 2023:DEBUG:setData: Setting CFC12_emissions[2478]=0
Tue Mar 21 15:37:29 2023:DEBUG:setData: Setting CFC12_emissions[2479]=0
Tue Mar 21 15:37:29 2023:DEBUG:setData: Setting CFC12_emissions[2480]=0
Tue Mar 21 15:37:29 2023:DEBUG:setData: Setting CFC12_emissions[2481]=0
Tue Mar 21 15:37:29 2023:DEBUG:setData: Setting CFC12_emissions[2482]=0
Tue Mar 21 15:37:29 2023:DEBUG:setData: Setting CFC12_emissions[2483]=0
Tue Mar 21 15:37:29 2023:DEBUG:setData: Setting CFC12_emissions[2484]=0
Tue Mar 21 15:37:29 2023:DEBUG:setData: Setting CFC12_emissions[2485]=0
Tue Mar 21 15:37:29 2023:DEBUG:setData: Setting CFC12_emissions[2486]=0
Tue Mar 21 15:37:29 2023:DEBUG:setData: Setting CFC12_emissions[2487]=0
Tue Mar 21 15:37:29 2023:DEBUG:setData: Setting CFC12_emissions[2488]=0
Tue Mar 21 15:37:29 2023:DEBUG:setData: Setting CFC12_emissions[2489]=0
Tue Mar 21 15:37:29 2023:DEBUG:setData: Setting CFC12_emissions[2490]=0
Tue Mar 21 15:37:29 2023:DEBUG:setData: Setting CFC12_emissions[2491]=0
Tue Mar 21 15:37:29 2023:DEBUG:setData: Setting CFC12_emissions[2492]=0
Tue Mar 21 15:37:29 2023:DEBUG:setData: Setting CFC12_emissions[2493]=0
Tue Mar 21 15:37:29 2023:DEBUG:setData: Setting CFC12_emissions[2494]=0
Tue Mar 21 15:37:29 2023:DEBUG:setData: Setting CFC12_emissions[2495]=0
Tue Mar 21 15:37:29 2023:DEBUG:setData: Setting CFC12_emissions[2496]=0
Tue Mar 21 15:37:29 2023:DEBUG:setData: Setting CFC12_emissions[2497]=0
Tue Mar 21 15:37:29 2023:DEBUG:setData: Setting CFC12_emissions[2498]=0
Tue Mar 21 15:37:29 2023:DEBUG:setData: Setting CFC12_emissions[2499]=0
Tue Mar 21 15:37:29 2023:DEBUG:setData: Setting CFC12_emissions[2500]=0
Tue Mar 21 15:37:29 2023:DEBUG:setData: Setting molarMass[-1]=120.9
Tue Mar 21 15:37:29 2023:DEBUG:prepareToRun: prepareToRun 
Tue Mar 21 15:37:30 2023:DEBUG:run: date: 1746 concentration: 0 pptv
Tue Mar 21 15:37:30 2023:DEBUG:run: date: 1747 concentration: 0 pptv
Tue Mar 21 15:37:30 2023:DEBUG:run: date: 1748 concentration: 0 pptv
Tue Mar 21 15:37:30 2023:DEBUG:run: date: 1749 concentration: 0 pptv
Tue Mar 21 15:37:30 2023:DEBUG:run: date: 1750 concentration: 0 pptv
Tue Mar 21 15:37:30 2023:DEBUG:run: date: 1751 concentration: 0 pptv
Tue Mar 21 15:37:30 2023:DEBUG:run: date: 1752 concentration: 0 pptv
Tue Mar 21 15:37:30 2023:DEBUG:run: date: 1753 concentration: 0 pptv
Tue Mar 21 15:37:30 2023:DEBUG:run: date: 1754 concentration: 0 pptv
Tue Mar 21 15:37:30 2023:DEBUG:run: date: 1755 concentration: 0 pptv
Tue Mar 21 15:37:30 2023:DEBUG:run: date: 1756 concentration: 0 pptv
Tue Mar 21 15:37:30 2023:DEBUG:run: date: 1757 concentration: 0 pptv
Tue Mar 21 15:37:30 2023:DEBUG:run: date: 1758 concentration: 0 pptv
Tue Mar 21 15:37:30 2023:DEBUG:run: date: 1759 concentration: 0 pptv
Tue Mar 21 15:37:30 2023:DEBUG:run: date: 1760 concentration: 0 pptv
Tue Mar 21 15:37:30 2023:DEBUG:run: date: 1761 concentration: 0 pptv
Tue Mar 21 15:37:30 2023:DEBUG:run: date: 1762 concentration: 0 pptv
Tue Mar 21 15:37:30 2023:DEBUG:run: date: 1763 concentration: 0 pptv
Tue Mar 21 15:37:30 2023:DEBUG:run: date: 1764 concentration: 0 pptv
Tue Mar 21 15:37:30 2023:DEBUG:run: date: 1765 concentration: 0 pptv
Tue Mar 21 15:37:30 2023:DEBUG:run: date: 1766 concentration: 0 pptv
Tue Mar 21 15:37:30 2023:DEBUG:run: date: 1767 concentration: 0 pptv
Tue Mar 21 15:37:30 2023:DEBUG:run: date: 1768 concentration: 0 pptv
Tue Mar 21 15:37:30 2023:DEBUG:run: date: 1769 concentration: 0 pptv
Tue Mar 21 15:37:30 2023:DEBUG:run: date: 1770 concentration: 0 pptv
Tue Mar 21 15:37:30 2023:DEBUG:run: date: 1771 concentration: 0 pptv
Tue Mar 21 15:37:30 2023:DEBUG:run: date: 1772 concentration: 0 pptv
Tue Mar 21 15:37:30 2023:DEBUG:run: date: 1773 concentration: 0 pptv
Tue Mar 21 15:37:30 2023:DEBUG:run: date: 1774 concentration: 0 pptv
Tue Mar 21 15:37:30 2023:DEBUG:run: date: 1775 concentration: 0 pptv
Tue Mar 21 15:37:30 2023:DEBUG:run: date: 1776 concentration: 0 pptv
Tue Mar 21 15:37:30 2023:DEBUG:run: date: 1777 concentration: 0 pptv
Tue Mar 21 15:37:30 2023:DEBUG:run: date: 1778 concentration: 0 pptv
Tue Mar 21 15:37:30 2023:DEBUG:run: date: 1779 concentration: 0 pptv
Tue Mar 21 15:37:30 2023:DEBUG:run: date: 1780 concentration: 0 pptv
Tue Mar 21 15:37:30 2023:DEBUG:run: date: 1781 concentration: 0 pptv
Tue Mar 21 15:37:30 2023:DEBUG:run: date: 1782 concentration: 0 pptv
Tue Mar 21 15:37:30 2023:DEBUG:run: date: 1783 concentration: 0 pptv
Tue Mar 21 15:37:30 2023:DEBUG:run: date: 1784 concentration: 0 pptv
Tue Mar 21 15:37:30 2023:DEBUG:run: date: 1785 concentration: 0 pptv
Tue Mar 21 15:37:30 2023:DEBUG:run: date: 1786 concentration: 0 pptv
Tue Mar 21 15:37:30 2023:DEBUG:run: date: 1787 concentration: 0 pptv
Tue Mar 21 15:37:30 2023:DEBUG:run: date: 1788 concentration: 0 pptv
Tue Mar 21 15:37:30 2023:DEBUG:run: date: 1789 concentration: 0 pptv
Tue Mar 21 15:37:30 2023:DEBUG:run: date: 1790 concentration: 0 pptv
Tue Mar 21 15:37:30 2023:DEBUG:run: date: 1791 concentration: 0 pptv
Tue Mar 21 15:37:30 2023:DEBUG:run: date: 1792 concentration: 0 pptv
Tue Mar 21 15:37:30 2023:DEBUG:run: date: 1793 concentration: 0 pptv
Tue Mar 21 15:37:30 2023:DEBUG:run: date: 1794 concentration: 0 pptv
Tue Mar 21 15:37:30 2023:DEBUG:run: date: 1795 concentration: 0 pptv
Tue Mar 21 15:37:30 2023:DEBUG:run: date: 1796 concentration: 0 pptv
Tue Mar 21 15:37:30 2023:DEBUG:run: date: 1797 concentration: 0 pptv
Tue Mar 21 15:37:30 2023:DEBUG:run: date: 1798 concentration: 0 pptv
Tue Mar 21 15:37:30 2023:DEBUG:run: date: 1799 concentration: 0 pptv
Tue Mar 21 15:37:30 2023:DEBUG:run: date: 1800 concentration: 0 pptv
Tue Mar 21 15:37:30 2023:DEBUG:run: date: 1801 concentration: 0 pptv
Tue Mar 21 15:37:30 2023:DEBUG:run: date: 1802 concentration: 0 pptv
Tue Mar 21 15:37:30 2023:DEBUG:run: date: 1803 concentration: 0 pptv
Tue Mar 21 15:37:30 2023:DEBUG:run: date: 1804 concentration: 0 pptv
Tue Mar 21 15:37:30 2023:DEBUG:run: date: 1805 concentration: 0 pptv
Tue Mar 21 15:37:30 2023:DEBUG:run: date: 1806 concentration: 0 pptv
Tue Mar 21 15:37:30 2023:DEBUG:run: date: 1807 concentration: 0 pptv
Tue Mar 21 15:37:30 2023:DEBUG:run: date: 1808 concentration: 0 pptv
Tue Mar 21 15:37:30 2023:DEBUG:run: date: 1809 concentration: 0 pptv
Tue Mar 21 15:37:30 2023:DEBUG:run: date: 1810 concentration: 0 pptv
Tue Mar 21 15:37:30 2023:DEBUG:run: date: 1811 concentration: 0 pptv
Tue Mar 21 15:37:30 2023:DEBUG:run: date: 1812 concentration: 0 pptv
Tue Mar 21 15:37:30 2023:DEBUG:run: date: 1813 concentration: 0 pptv
Tue Mar 21 15:37:30 2023:DEBUG:run: date: 1814 concentration: 0 pptv
Tue Mar 21 15:37:30 2023:DEBUG:run: date: 1815 concentration: 0 pptv
Tue Mar 21 15:37:30 2023:DEBUG:run: date: 1816 concentration: 0 pptv
Tue Mar 21 15:37:30 2023:DEBUG:run: date: 1817 concentration: 0 pptv
Tue Mar 21 15:37:30 2023:DEBUG:run: date: 1818 concentration: 0 pptv
Tue Mar 21 15:37:30 2023:DEBUG:run: date: 1819 concentration: 0 pptv
Tue Mar 21 15:37:30 2023:DEBUG:run: date: 1820 concentration: 0 pptv
Tue Mar 21 15:37:30 2023:DEBUG:run: date: 1821 concentration: 0 pptv
Tue Mar 21 15:37:30 2023:DEBUG:run: date: 1822 concentration: 0 pptv
Tue Mar 21 15:37:30 2023:DEBUG:run: date: 1823 concentration: 0 pptv
Tue Mar 21 15:37:30 2023:DEBUG:run: date: 1824 concentration: 0 pptv
Tue Mar 21 15:37:30 2023:DEBUG:run: date: 1825 concentration: 0 pptv
Tue Mar 21 15:37:30 2023:DEBUG:run: date: 1826 concentration: 0 pptv
Tue Mar 21 15:37:30 2023:DEBUG:run: date: 1827 concentration: 0 pptv
Tue Mar 21 15:37:30 2023:DEBUG:run: date: 1828 concentration: 0 pptv
Tue Mar 21 15:37:30 2023:DEBUG:run: date: 1829 concentration: 0 pptv
Tue Mar 21 15:37:30 2023:DEBUG:run: date: 1830 concentration: 0 pptv
Tue Mar 21 15:37:30 2023:DEBUG:run: date: 1831 concentration: 0 pptv
Tue Mar 21 15:37:30 2023:DEBUG:run: date: 1832 concentration: 0 pptv
Tue Mar 21 15:37:30 2023:DEBUG:run: date: 1833 concentration: 0 pptv
Tue Mar 21 15:37:30 2023:DEBUG:run: date: 1834 concentration: 0 pptv
Tue Mar 21 15:37:30 2023:DEBUG:run: date: 1835 concentration: 0 pptv
Tue Mar 21 15:37:30 2023:DEBUG:run: date: 1836 concentration: 0 pptv
Tue Mar 21 15:37:30 2023:DEBUG:run: date: 1837 concentration: 0 pptv
Tue Mar 21 15:37:30 2023:DEBUG:run: date: 1838 concentration: 0 pptv
Tue Mar 21 15:37:30 2023:DEBUG:run: date: 1839 concentration: 0 pptv
Tue Mar 21 15:37:30 2023:DEBUG:run: date: 1840 concentration: 0 pptv
Tue Mar 21 15:37:30 2023:DEBUG:run: date: 1841 concentration: 0 pptv
Tue Mar 21 15:37:30 2023:DEBUG:run: date: 1842 concentration: 0 pptv
Tue Mar 21 15:37:30 2023:DEBUG:run: date: 1843 concentration: 0 pptv
Tue Mar 21 15:37:30 2023:DEBUG:run: date: 1844 concentration: 0 pptv
Tue Mar 21 15:37:30 2023:DEBUG:run: date: 1845 concentration: 0 pptv
Tue Mar 21 15:37:30 2023:DEBUG:run: date: 1846 concentration: 0 pptv
Tue Mar 21 15:37:30 2023:DEBUG:run: date: 1847 concentration: 0 pptv
Tue Mar 21 15:37:30 2023:DEBUG:run: date: 1848 concentration: 0 pptv
Tue Mar 21 15:37:30 2023:DEBUG:run: date: 1849 concentration: 0 pptv
Tue Mar 21 15:37:30 2023:DEBUG:run: date: 1850 concentration: 0 pptv
Tue Mar 21 15:37:30 2023:DEBUG:run: date: 1851 concentration: 0 pptv
Tue Mar 21 15:37:30 2023:DEBUG:run: date: 1852 concentration: 0 pptv
Tue Mar 21 15:37:30 2023:DEBUG:run: date: 1853 concentration: 0 pptv
Tue Mar 21 15:37:30 2023:DEBUG:run: date: 1854 concentration: 0 pptv
Tue Mar 21 15:37:30 2023:DEBUG:run: date: 1855 concentration: 0 pptv
Tue Mar 21 15:37:30 2023:DEBUG:run: date: 1856 concentration: 0 pptv
Tue Mar 21 15:37:30 2023:DEBUG:run: date: 1857 concentration: 0 pptv
Tue Mar 21 15:37:30 2023:DEBUG:run: date: 1858 concentration: 0 pptv
Tue Mar 21 15:37:30 2023:DEBUG:run: date: 1859 concentration: 0 pptv
Tue Mar 21 15:37:30 2023:DEBUG:run: date: 1860 concentration: 0 pptv
Tue Mar 21 15:37:30 2023:DEBUG:run: date: 1861 concentration: 0 pptv
Tue Mar 21 15:37:30 2023:DEBUG:run: date: 1862 concentration: 0 pptv
Tue Mar 21 15:37:30 2023:DEBUG:run: date: 1863 concentration: 0 pptv
Tue Mar 21 15:37:30 2023:DEBUG:run: date: 1864 concentration: 0 pptv
Tue Mar 21 15:37:30 2023:DEBUG:run: date: 1865 concentration: 0 pptv
Tue Mar 21 15:37:30 2023:DEBUG:run: date: 1866 concentration: 0 pptv
Tue Mar 21 15:37:30 2023:DEBUG:run: date: 1867 concentration: 0 pptv
Tue Mar 21 15:37:30 2023:DEBUG:run: date: 1868 concentration: 0 pptv
Tue Mar 21 15:37:30 2023:DEBUG:run: date: 1869 concentration: 0 pptv
Tue Mar 21 15:37:30 2023:DEBUG:run: date: 1870 concentration: 0 pptv
Tue Mar 21 15:37:30 2023:DEBUG:run: date: 1871 concentration: 0 pptv
Tue Mar 21 15:37:30 2023:DEBUG:run: date: 1872 concentration: 0 pptv
Tue Mar 21 15:37:30 2023:DEBUG:run: date: 1873 concentration: 0 pptv
Tue Mar 21 15:37:30 2023:DEBUG:run: date: 1874 concentration: 0 pptv
Tue Mar 21 15:37:30 2023:DEBUG:run: date: 1875 concentration: 0 pptv
Tue Mar 21 15:37:30 2023:DEBUG:run: date: 1876 concentration: 0 pptv
Tue Mar 21 15:37:30 2023:DEBUG:run: date: 1877 concentration: 0 pptv
Tue Mar 21 15:37:30 2023:DEBUG:run: date: 1878 concentration: 0 pptv
Tue Mar 21 15:37:30 2023:DEBUG:run: date: 1879 concentration: 0 pptv
Tue Mar 21 15:37:30 2023:DEBUG:run: date: 1880 concentration: 0 pptv
Tue Mar 21 15:37:30 2023:DEBUG:run: date: 1881 concentration: 0 pptv
Tue Mar 21 15:37:30 2023:DEBUG:run: date: 1882 concentration: 0 pptv
Tue Mar 21 15:37:30 2023:DEBUG:run: date: 1883 concentration: 0 pptv
Tue Mar 21 15:37:30 2023:DEBUG:run: date: 1884 concentration: 0 pptv
Tue Mar 21 15:37:30 2023:DEBUG:run: date: 1885 concentration: 0 pptv
Tue Mar 21 15:37:30 2023:DEBUG:run: date: 1886 concentration: 0 pptv
Tue Mar 21 15:37:30 2023:DEBUG:run: date: 1887 concentration: 0 pptv
Tue Mar 21 15:37:30 2023:DEBUG:run: date: 1888 concentration: 0 pptv
Tue Mar 21 15:37:30 2023:DEBUG:run: date: 1889 concentration: 0 pptv
Tue Mar 21 15:37:30 2023:DEBUG:run: date: 1890 concentration: 0 pptv
Tue Mar 21 15:37:30 2023:DEBUG:run: date: 1891 concentration: 0 pptv
Tue Mar 21 15:37:30 2023:DEBUG:run: date: 1892 concentration: 0 pptv
Tue Mar 21 15:37:30 2023:DEBUG:run: date: 1893 concentration: 0 pptv
Tue Mar 21 15:37:30 2023:DEBUG:run: date: 1894 concentration: 0 pptv
Tue Mar 21 15:37:30 2023:DEBUG:run: date: 1895 concentration: 0 pptv
Tue Mar 21 15:37:30 2023:DEBUG:run: date: 1896 concentration: 0 pptv
Tue Mar 21 15:37:30 2023:DEBUG:run: date: 1897 concentration: 0 pptv
Tue Mar 21 15:37:31 2023:DEBUG:run: date: 1898 concentration: 0 pptv
Tue Mar 21 15:37:31 2023:DEBUG:run: date: 1899 concentration: 0 pptv
Tue Mar 21 15:37:31 2023:DEBUG:run: date: 1900 concentration: 0 pptv
Tue Mar 21 15:37:31 2023:DEBUG:run: date: 1901 concentration: 0 pptv
Tue Mar 21 15:37:31 2023:DEBUG:run: date: 1902 concentration: 0 pptv
Tue Mar 21 15:37:31 2023:DEBUG:run: date: 1903 concentration: 0 pptv
Tue Mar 21 15:37:31 2023:DEBUG:run: date: 1904 concentration: 0 pptv
Tue Mar 21 15:37:31 2023:DEBUG:run: date: 1905 concentration: 0 pptv
Tue Mar 21 15:37:31 2023:DEBUG:run: date: 1906 concentration: 0 pptv
Tue Mar 21 15:37:31 2023:DEBUG:run: date: 1907 concentration: 0 pptv
Tue Mar 21 15:37:31 2023:DEBUG:run: date: 1908 concentration: 0 pptv
Tue Mar 21 15:37:31 2023:DEBUG:run: date: 1909 concentration: 0 pptv
Tue Mar 21 15:37:31 2023:DEBUG:run: date: 1910 concentration: 0 pptv
Tue Mar 21 15:37:31 2023:DEBUG:run: date: 1911 concentration: 0 pptv
Tue Mar 21 15:37:31 2023:DEBUG:run: date: 1912 concentration: 0 pptv
Tue Mar 21 15:37:31 2023:DEBUG:run: date: 1913 concentration: 0 pptv
Tue Mar 21 15:37:31 2023:DEBUG:run: date: 1914 concentration: 0 pptv
Tue Mar 21 15:37:31 2023:DEBUG:run: date: 1915 concentration: 0 pptv
Tue Mar 21 15:37:31 2023:DEBUG:run: date: 1916 concentration: 0 pptv
Tue Mar 21 15:37:31 2023:DEBUG:run: date: 1917 concentration: 0 pptv
Tue Mar 21 15:37:31 2023:DEBUG:run: date: 1918 concentration: 0 pptv
Tue Mar 21 15:37:31 2023:DEBUG:run: date: 1919 concentration: 0 pptv
Tue Mar 21 15:37:31 2023:DEBUG:run: date: 1920 concentration: 0 pptv
Tue Mar 21 15:37:31 2023:DEBUG:run: date: 1921 concentration: 0 pptv
Tue Mar 21 15:37:31 2023:DEBUG:run: date: 1922 concentration: 0 pptv
Tue Mar 21 15:37:31 2023:DEBUG:run: date: 1923 concentration: 0 pptv
Tue Mar 21 15:37:31 2023:DEBUG:run: date: 1924 concentration: 0 pptv
Tue Mar 21 15:37:31 2023:DEBUG:run: date: 1925 concentration: 0 pptv
Tue Mar 21 15:37:31 2023:DEBUG:run: date: 1926 concentration: 0 pptv
Tue Mar 21 15:37:31 2023:DEBUG:run: date: 1927 concentration: 0 pptv
Tue Mar 21 15:37:31 2023:DEBUG:run: date: 1928 concentration: 0 pptv
Tue Mar 21 15:37:31 2023:DEBUG:run: date: 1929 concentration: 0 pptv
Tue Mar 21 15:37:31 2023:DEBUG:run: date: 1930 concentration: 0 pptv
Tue Mar 21 15:37:31 2023:DEBUG:run: date: 1931 concentration: 0 pptv
Tue Mar 21 15:37:31 2023:DEBUG:run: date: 1932 concentration: 0 pptv
Tue Mar 21 15:37:31 2023:DEBUG:run: date: 1933 concentration: 0 pptv
Tue Mar 21 15:37:31 2023:DEBUG:run: date: 1934 concentration: 0 pptv
Tue Mar 21 15:37:31 2023:DEBUG:run: date: 1935 concentration: 0 pptv
Tue Mar 21 15:37:31 2023:DEBUG:run: date: 1936 concentration: 0 pptv
Tue Mar 21 15:37:31 2023:DEBUG:run: date: 1937 concentration: 0 pptv
Tue Mar 21 15:37:31 2023:DEBUG:run: date: 1938 concentration: 0 pptv
Tue Mar 21 15:37:31 2023:DEBUG:run: date: 1939 concentration: 0 pptv
Tue Mar 21 15:37:31 2023:DEBUG:run: date: 1940 concentration: 0 pptv
Tue Mar 21 15:37:31 2023:DEBUG:run: date: 1941 concentration: 0 pptv
Tue Mar 21 15:37:31 2023:DEBUG:run: date: 1942 concentration: 0.00907191 pptv
Tue Mar 21 15:37:31 2023:DEBUG:run: date: 1943 concentration: 0.205833 pptv
Tue Mar 21 15:37:31 2023:DEBUG:run: date: 1944 concentration: 0.960294 pptv
Tue Mar 21 15:37:31 2023:DEBUG:run: date: 1945 concentration: 2.08677 pptv
Tue Mar 21 15:37:31 2023:DEBUG:run: date: 1946 concentration: 3.20173 pptv
Tue Mar 21 15:37:31 2023:DEBUG:run: date: 1947 concentration: 4.31213 pptv
Tue Mar 21 15:37:31 2023:DEBUG:run: date: 1948 concentration: 5.4117 pptv
Tue Mar 21 15:37:31 2023:DEBUG:run: date: 1949 concentration: 6.60588 pptv
Tue Mar 21 15:37:31 2023:DEBUG:run: date: 1950 concentration: 8.03408 pptv
Tue Mar 21 15:37:31 2023:DEBUG:run: date: 1951 concentration: 9.63746 pptv
Tue Mar 21 15:37:31 2023:DEBUG:run: date: 1952 concentration: 11.3906 pptv
Tue Mar 21 15:37:31 2023:DEBUG:run: date: 1953 concentration: 13.3614 pptv
Tue Mar 21 15:37:31 2023:DEBUG:run: date: 1954 concentration: 15.6011 pptv
Tue Mar 21 15:37:31 2023:DEBUG:run: date: 1955 concentration: 18.1834 pptv
Tue Mar 21 15:37:31 2023:DEBUG:run: date: 1956 concentration: 21.0636 pptv
Tue Mar 21 15:37:31 2023:DEBUG:run: date: 1957 concentration: 24.1554 pptv
Tue Mar 21 15:37:31 2023:DEBUG:run: date: 1958 concentration: 27.6152 pptv
Tue Mar 21 15:37:31 2023:DEBUG:run: date: 1959 concentration: 31.6376 pptv
Tue Mar 21 15:37:31 2023:DEBUG:run: date: 1960 concentration: 36.2399 pptv
Tue Mar 21 15:37:31 2023:DEBUG:run: date: 1961 concentration: 41.5399 pptv
Tue Mar 21 15:37:31 2023:DEBUG:run: date: 1962 concentration: 47.7517 pptv
Tue Mar 21 15:37:31 2023:DEBUG:run: date: 1963 concentration: 54.9433 pptv
Tue Mar 21 15:37:31 2023:DEBUG:run: date: 1964 concentration: 63.0782 pptv
Tue Mar 21 15:37:31 2023:DEBUG:run: date: 1965 concentration: 72.2074 pptv
Tue Mar 21 15:37:31 2023:DEBUG:run: date: 1966 concentration: 82.4696 pptv
Tue Mar 21 15:37:31 2023:DEBUG:run: date: 1967 concentration: 93.9751 pptv
Tue Mar 21 15:37:31 2023:DEBUG:run: date: 1968 concentration: 106.744 pptv
Tue Mar 21 15:37:31 2023:DEBUG:run: date: 1969 concentration: 120.658 pptv
Tue Mar 21 15:37:31 2023:DEBUG:run: date: 1970 concentration: 135.671 pptv
Tue Mar 21 15:37:31 2023:DEBUG:run: date: 1971 concentration: 152.04 pptv
Tue Mar 21 15:37:31 2023:DEBUG:run: date: 1972 concentration: 170.082 pptv
Tue Mar 21 15:37:31 2023:DEBUG:run: date: 1973 concentration: 189.18 pptv
Tue Mar 21 15:37:31 2023:DEBUG:run: date: 1974 concentration: 208.021 pptv
Tue Mar 21 15:37:31 2023:DEBUG:run: date: 1975 concentration: 226.077 pptv
Tue Mar 21 15:37:31 2023:DEBUG:run: date: 1976 concentration: 243.31 pptv
Tue Mar 21 15:37:31 2023:DEBUG:run: date: 1977 concentration: 259.371 pptv
Tue Mar 21 15:37:31 2023:DEBUG:run: date: 1978 concentration: 274.348 pptv
Tue Mar 21 15:37:31 2023:DEBUG:run: date: 1979 concentration: 289.669 pptv
Tue Mar 21 15:37:31 2023:DEBUG:run: date: 1980 concentration: 305.004 pptv
Tue Mar 21 15:37:31 2023:DEBUG:run: date: 1981 concentration: 320.399 pptv
Tue Mar 21 15:37:31 2023:DEBUG:run: date: 1982 concentration: 335.125 pptv
Tue Mar 21 15:37:31 2023:DEBUG:run: date: 1983 concentration: 349.426 pptv
Tue Mar 21 15:37:31 2023:DEBUG:run: date: 1984 concentration: 365.99 pptv
Tue Mar 21 15:37:31 2023:DEBUG:run: date: 1985 concentration: 384.637 pptv
Tue Mar 21 15:37:31 2023:DEBUG:run: date: 1986 concentration: 406.469 pptv
Tue Mar 21 15:37:31 2023:DEBUG:run: date: 1987 concentration: 427.279 pptv
Tue Mar 21 15:37:31 2023:DEBUG:run: date: 1988 concentration: 442.826 pptv
Tue Mar 21 15:37:31 2023:DEBUG:run: date: 1989 concentration: 454.778 pptv
Tue Mar 21 15:37:31 2023:DEBUG:run: date: 1990 concentration: 465.523 pptv
Tue Mar 21 15:37:31 2023:DEBUG:run: date: 1991 concentration: 473.98 pptv
Tue Mar 21 15:37:31 2023:DEBUG:run: date: 1992 concentration: 479.663 pptv
Tue Mar 21 15:37:31 2023:DEBUG:run: date: 1993 concentration: 485.496 pptv
Tue Mar 21 15:37:31 2023:DEBUG:run: date: 1994 concentration: 491.574 pptv
Tue Mar 21 15:37:31 2023:DEBUG:run: date: 1995 concentration: 496.318 pptv
Tue Mar 21 15:37:31 2023:DEBUG:run: date: 1996 concentration: 499.188 pptv
Tue Mar 21 15:37:31 2023:DEBUG:run: date: 1997 concentration: 501.565 pptv
Tue Mar 21 15:37:31 2023:DEBUG:run: date: 1998 concentration: 503.738 pptv
Tue Mar 21 15:37:31 2023:DEBUG:run: date: 1999 concentration: 505.147 pptv
Tue Mar 21 15:37:31 2023:DEBUG:run: date: 2000 concentration: 505.734 pptv
Tue Mar 21 15:37:31 2023:DEBUG:run: date: 2001 concentration: 505.806 pptv
Tue Mar 21 15:37:31 2023:DEBUG:run: date: 2002 concentration: 505.433 pptv
Tue Mar 21 15:37:31 2023:DEBUG:run: date: 2003 concentration: 504.877 pptv
Tue Mar 21 15:37:31 2023:DEBUG:run: date: 2004 concentration: 503.861 pptv
Tue Mar 21 15:37:31 2023:DEBUG:run: date: 2005 concentration: 502.138 pptv
Tue Mar 21 15:37:31 2023:DEBUG:run: date: 2006 concentration: 500.14 pptv
Tue Mar 21 15:37:31 2023:DEBUG:run: date: 2007 concentration: 497.981 pptv
Tue Mar 21 15:37:31 2023:DEBUG:run: date: 2008 concentration: 495.637 pptv
Tue Mar 21 15:37:31 2023:DEBUG:run: date: 2009 concentration: 493.211 pptv
Tue Mar 21 15:37:31 2023:DEBUG:run: date: 2010 concentration: 490.693 pptv
Tue Mar 21 15:37:31 2023:DEBUG:run: date: 2011 concentration: 488.194 pptv
Tue Mar 21 15:37:31 2023:DEBUG:run: date: 2012 concentration: 485.776 pptv
Tue Mar 21 15:37:31 2023:DEBUG:run: date: 2013 concentration: 483.449 pptv
Tue Mar 21 15:37:31 2023:DEBUG:run: date: 2014 concentration: 479.962 pptv
Tue Mar 21 15:37:31 2023:DEBUG:run: date: 2015 concentration: 475.855 pptv
Tue Mar 21 15:37:31 2023:DEBUG:run: date: 2016 concentration: 471.709 pptv
Tue Mar 21 15:37:31 2023:DEBUG:run: date: 2017 concentration: 467.526 pptv
Tue Mar 21 15:37:31 2023:DEBUG:run: date: 2018 concentration: 463.306 pptv
Tue Mar 21 15:37:31 2023:DEBUG:run: date: 2019 concentration: 459.049 pptv
Tue Mar 21 15:37:31 2023:DEBUG:run: date: 2020 concentration: 454.756 pptv
Tue Mar 21 15:37:31 2023:DEBUG:run: date: 2021 concentration: 450.482 pptv
Tue Mar 21 15:37:31 2023:DEBUG:run: date: 2022 concentration: 446.229 pptv
Tue Mar 21 15:37:31 2023:DEBUG:run: date: 2023 concentration: 441.995 pptv
Tue Mar 21 15:37:31 2023:DEBUG:run: date: 2024 concentration: 437.78 pptv
Tue Mar 21 15:37:31 2023:DEBUG:run: date: 2025 concentration: 433.584 pptv
Tue Mar 21 15:37:31 2023:DEBUG:run: date: 2026 concentration: 429.407 pptv
Tue Mar 21 15:37:31 2023:DEBUG:run: date: 2027 concentration: 425.249 pptv
Tue Mar 21 15:37:31 2023:DEBUG:run: date: 2028 concentration: 421.11 pptv
Tue Mar 21 15:37:31 2023:DEBUG:run: date: 2029 concentration: 416.989 pptv
Tue Mar 21 15:37:31 2023:DEBUG:run: date: 2030 concentration: 412.886 pptv
Tue Mar 21 15:37:31 2023:DEBUG:run: date: 2031 concentration: 408.82 pptv
Tue Mar 21 15:37:31 2023:DEBUG:run: date: 2032 concentration: 404.791 pptv
Tue Mar 21 15:37:31 2023:DEBUG:run: date: 2033 concentration: 400.798 pptv
Tue Mar 21 15:37:31 2023:DEBUG:run: date: 2034 concentration: 396.841 pptv
Tue Mar 21 15:37:31 2023:DEBUG:run: date: 2035 concentration: 392.919 pptv
Tue Mar 21 15:37:31 2023:DEBUG:run: date: 2036 concentration: 389.033 pptv
Tue Mar 21 15:37:31 2023:DEBUG:run: date: 2037 concentration: 385.181 pptv
Tue Mar 21 15:37:31 2023:DEBUG:run: date: 2038 concentration: 381.364 pptv
Tue Mar 21 15:37:31 2023:DEBUG:run: date: 2039 concentration: 377.581 pptv
Tue Mar 21 15:37:31 2023:DEBUG:run: date: 2040 concentration: 373.832 pptv
Tue Mar 21 15:37:31 2023:DEBUG:run: date: 2041 concentration: 370.12 pptv
Tue Mar 21 15:37:31 2023:DEBUG:run: date: 2042 concentration: 366.443 pptv
Tue Mar 21 15:37:31 2023:DEBUG:run: date: 2043 concentration: 362.803 pptv
Tue Mar 21 15:37:31 2023:DEBUG:run: date: 2044 concentration: 359.198 pptv
Tue Mar 21 15:37:31 2023:DEBUG:run: date: 2045 concentration: 355.629 pptv
Tue Mar 21 15:37:31 2023:DEBUG:run: date: 2046 concentration: 352.094 pptv
Tue Mar 21 15:37:31 2023:DEBUG:run: date: 2047 concentration: 348.594 pptv
Tue Mar 21 15:37:31 2023:DEBUG:run: date: 2048 concentration: 345.128 pptv
Tue Mar 21 15:37:31 2023:DEBUG:run: date: 2049 concentration: 341.696 pptv
Tue Mar 21 15:37:31 2023:DEBUG:run: date: 2050 concentration: 338.297 pptv
Tue Mar 21 15:37:31 2023:DEBUG:run: date: 2051 concentration: 334.932 pptv
Tue Mar 21 15:37:31 2023:DEBUG:run: date: 2052 concentration: 331.601 pptv
Tue Mar 21 15:37:31 2023:DEBUG:run: date: 2053 concentration: 328.302 pptv
Tue Mar 21 15:37:31 2023:DEBUG:run: date: 2054 concentration: 325.037 pptv
Tue Mar 21 15:37:31 2023:DEBUG:run: date: 2055 concentration: 321.803 pptv
Tue Mar 21 15:37:31 2023:DEBUG:run: date: 2056 concentration: 318.602 pptv
Tue Mar 21 15:37:31 2023:DEBUG:run: date: 2057 concentration: 315.432 pptv
Tue Mar 21 15:37:31 2023:DEBUG:run: date: 2058 concentration: 312.294 pptv
Tue Mar 21 15:37:31 2023:DEBUG:run: date: 2059 concentration: 309.187 pptv
Tue Mar 21 15:37:31 2023:DEBUG:run: date: 2060 concentration: 306.111 pptv
Tue Mar 21 15:37:31 2023:DEBUG:run: date: 2061 concentration: 303.065 pptv
Tue Mar 21 15:37:31 2023:DEBUG:run: date: 2062 concentration: 300.05 pptv
Tue Mar 21 15:37:31 2023:DEBUG:run: date: 2063 concentration: 297.064 pptv
Tue Mar 21 15:37:31 2023:DEBUG:run: date: 2064 concentration: 294.109 pptv
Tue Mar 21 15:37:31 2023:DEBUG:run: date: 2065 concentration: 291.182 pptv
Tue Mar 21 15:37:31 2023:DEBUG:run: date: 2066 concentration: 288.285 pptv
Tue Mar 21 15:37:31 2023:DEBUG:run: date: 2067 concentration: 285.417 pptv
Tue Mar 21 15:37:31 2023:DEBUG:run: date: 2068 concentration: 282.577 pptv
Tue Mar 21 15:37:31 2023:DEBUG:run: date: 2069 concentration: 279.765 pptv
Tue Mar 21 15:37:31 2023:DEBUG:run: date: 2070 concentration: 276.982 pptv
Tue Mar 21 15:37:31 2023:DEBUG:run: date: 2071 concentration: 274.226 pptv
Tue Mar 21 15:37:31 2023:DEBUG:run: date: 2072 concentration: 271.497 pptv
Tue Mar 21 15:37:31 2023:DEBUG:run: date: 2073 concentration: 268.796 pptv
Tue Mar 21 15:37:31 2023:DEBUG:run: date: 2074 concentration: 266.121 pptv
Tue Mar 21 15:37:31 2023:DEBUG:run: date: 2075 concentration: 263.473 pptv
Tue Mar 21 15:37:31 2023:DEBUG:run: date: 2076 concentration: 260.852 pptv
Tue Mar 21 15:37:31 2023:DEBUG:run: date: 2077 concentration: 258.256 pptv
Tue Mar 21 15:37:31 2023:DEBUG:run: date: 2078 concentration: 255.686 pptv
Tue Mar 21 15:37:31 2023:DEBUG:run: date: 2079 concentration: 253.142 pptv
Tue Mar 21 15:37:31 2023:DEBUG:run: date: 2080 concentration: 250.624 pptv
Tue Mar 21 15:37:31 2023:DEBUG:run: date: 2081 concentration: 248.13 pptv
Tue Mar 21 15:37:31 2023:DEBUG:run: date: 2082 concentration: 245.661 pptv
Tue Mar 21 15:37:31 2023:DEBUG:run: date: 2083 concentration: 243.217 pptv
Tue Mar 21 15:37:31 2023:DEBUG:run: date: 2084 concentration: 240.796 pptv
Tue Mar 21 15:37:31 2023:DEBUG:run: date: 2085 concentration: 238.4 pptv
Tue Mar 21 15:37:31 2023:DEBUG:run: date: 2086 concentration: 236.028 pptv
Tue Mar 21 15:37:32 2023:DEBUG:run: date: 2087 concentration: 233.68 pptv
Tue Mar 21 15:37:32 2023:DEBUG:run: date: 2088 concentration: 231.355 pptv
Tue Mar 21 15:37:32 2023:DEBUG:run: date: 2089 concentration: 229.053 pptv
Tue Mar 21 15:37:32 2023:DEBUG:run: date: 2090 concentration: 226.774 pptv
Tue Mar 21 15:37:32 2023:DEBUG:run: date: 2091 concentration: 224.517 pptv
Tue Mar 21 15:37:32 2023:DEBUG:run: date: 2092 concentration: 222.283 pptv
Tue Mar 21 15:37:32 2023:DEBUG:run: date: 2093 concentration: 220.072 pptv
Tue Mar 21 15:37:32 2023:DEBUG:run: date: 2094 concentration: 217.882 pptv
Tue Mar 21 15:37:32 2023:DEBUG:run: date: 2095 concentration: 215.715 pptv
Tue Mar 21 15:37:32 2023:DEBUG:run: date: 2096 concentration: 213.568 pptv
Tue Mar 21 15:37:32 2023:DEBUG:run: date: 2097 concentration: 211.444 pptv
Tue Mar 21 15:37:32 2023:DEBUG:run: date: 2098 concentration: 209.34 pptv
Tue Mar 21 15:37:32 2023:DEBUG:run: date: 2099 concentration: 207.258 pptv
Tue Mar 21 15:37:32 2023:DEBUG:run: date: 2100 concentration: 205.196 pptv
Tue Mar 21 15:37:32 2023:DEBUG:run: date: 2101 concentration: 203.155 pptv
Tue Mar 21 15:37:32 2023:DEBUG:run: date: 2102 concentration: 201.134 pptv
Tue Mar 21 15:37:32 2023:DEBUG:run: date: 2103 concentration: 199.133 pptv
Tue Mar 21 15:37:32 2023:DEBUG:run: date: 2104 concentration: 197.152 pptv
Tue Mar 21 15:37:32 2023:DEBUG:run: date: 2105 concentration: 195.191 pptv
Tue Mar 21 15:37:32 2023:DEBUG:run: date: 2106 concentration: 193.25 pptv
Tue Mar 21 15:37:32 2023:DEBUG:run: date: 2107 concentration: 191.327 pptv
Tue Mar 21 15:37:32 2023:DEBUG:run: date: 2108 concentration: 189.424 pptv
Tue Mar 21 15:37:32 2023:DEBUG:run: date: 2109 concentration: 187.54 pptv
Tue Mar 21 15:37:32 2023:DEBUG:run: date: 2110 concentration: 185.674 pptv
Tue Mar 21 15:37:32 2023:DEBUG:run: date: 2111 concentration: 183.827 pptv
Tue Mar 21 15:37:32 2023:DEBUG:run: date: 2112 concentration: 181.999 pptv
Tue Mar 21 15:37:32 2023:DEBUG:run: date: 2113 concentration: 180.188 pptv
Tue Mar 21 15:37:32 2023:DEBUG:run: date: 2114 concentration: 178.396 pptv
Tue Mar 21 15:37:32 2023:DEBUG:run: date: 2115 concentration: 176.621 pptv
Tue Mar 21 15:37:32 2023:DEBUG:run: date: 2116 concentration: 174.864 pptv
Tue Mar 21 15:37:32 2023:DEBUG:run: date: 2117 concentration: 173.125 pptv
Tue Mar 21 15:37:32 2023:DEBUG:run: date: 2118 concentration: 171.403 pptv
Tue Mar 21 15:37:32 2023:DEBUG:run: date: 2119 concentration: 169.698 pptv
Tue Mar 21 15:37:32 2023:DEBUG:run: date: 2120 concentration: 168.01 pptv
Tue Mar 21 15:37:32 2023:DEBUG:run: date: 2121 concentration: 166.338 pptv
Tue Mar 21 15:37:32 2023:DEBUG:run: date: 2122 concentration: 164.684 pptv
Tue Mar 21 15:37:32 2023:DEBUG:run: date: 2123 concentration: 163.046 pptv
Tue Mar 21 15:37:32 2023:DEBUG:run: date: 2124 concentration: 161.424 pptv
Tue Mar 21 15:37:32 2023:DEBUG:run: date: 2125 concentration: 159.818 pptv
Tue Mar 21 15:37:32 2023:DEBUG:run: date: 2126 concentration: 158.228 pptv
Tue Mar 21 15:37:32 2023:DEBUG:run: date: 2127 concentration: 156.654 pptv
Tue Mar 21 15:37:32 2023:DEBUG:run: date: 2128 concentration: 155.096 pptv
Tue Mar 21 15:37:32 2023:DEBUG:run: date: 2129 concentration: 153.553 pptv
Tue Mar 21 15:37:32 2023:DEBUG:run: date: 2130 concentration: 152.026 pptv
Tue Mar 21 15:37:32 2023:DEBUG:run: date: 2131 concentration: 150.514 pptv
Tue Mar 21 15:37:32 2023:DEBUG:run: date: 2132 concentration: 149.016 pptv
Tue Mar 21 15:37:32 2023:DEBUG:run: date: 2133 concentration: 147.534 pptv
Tue Mar 21 15:37:32 2023:DEBUG:run: date: 2134 concentration: 146.066 pptv
Tue Mar 21 15:37:32 2023:DEBUG:run: date: 2135 concentration: 144.613 pptv
Tue Mar 21 15:37:32 2023:DEBUG:run: date: 2136 concentration: 143.175 pptv
Tue Mar 21 15:37:32 2023:DEBUG:run: date: 2137 concentration: 141.751 pptv
Tue Mar 21 15:37:32 2023:DEBUG:run: date: 2138 concentration: 140.341 pptv
Tue Mar 21 15:37:32 2023:DEBUG:run: date: 2139 concentration: 138.945 pptv
Tue Mar 21 15:37:32 2023:DEBUG:run: date: 2140 concentration: 137.563 pptv
Tue Mar 21 15:37:32 2023:DEBUG:run: date: 2141 concentration: 136.194 pptv
Tue Mar 21 15:37:32 2023:DEBUG:run: date: 2142 concentration: 134.839 pptv
Tue Mar 21 15:37:32 2023:DEBUG:run: date: 2143 concentration: 133.498 pptv
Tue Mar 21 15:37:32 2023:DEBUG:run: date: 2144 concentration: 132.17 pptv
Tue Mar 21 15:37:32 2023:DEBUG:run: date: 2145 concentration: 130.856 pptv
Tue Mar 21 15:37:32 2023:DEBUG:run: date: 2146 concentration: 129.554 pptv
Tue Mar 21 15:37:32 2023:DEBUG:run: date: 2147 concentration: 128.265 pptv
Tue Mar 21 15:37:32 2023:DEBUG:run: date: 2148 concentration: 126.989 pptv
Tue Mar 21 15:37:32 2023:DEBUG:run: date: 2149 concentration: 125.726 pptv
Tue Mar 21 15:37:32 2023:DEBUG:run: date: 2150 concentration: 124.475 pptv
Tue Mar 21 15:37:32 2023:DEBUG:run: date: 2151 concentration: 123.237 pptv
Tue Mar 21 15:37:32 2023:DEBUG:run: date: 2152 concentration: 122.011 pptv
Tue Mar 21 15:37:32 2023:DEBUG:run: date: 2153 concentration: 120.798 pptv
Tue Mar 21 15:37:32 2023:DEBUG:run: date: 2154 concentration: 119.596 pptv
Tue Mar 21 15:37:32 2023:DEBUG:run: date: 2155 concentration: 118.406 pptv
Tue Mar 21 15:37:32 2023:DEBUG:run: date: 2156 concentration: 117.229 pptv
Tue Mar 21 15:37:32 2023:DEBUG:run: date: 2157 concentration: 116.063 pptv
Tue Mar 21 15:37:32 2023:DEBUG:run: date: 2158 concentration: 114.908 pptv
Tue Mar 21 15:37:32 2023:DEBUG:run: date: 2159 concentration: 113.765 pptv
Tue Mar 21 15:37:32 2023:DEBUG:run: date: 2160 concentration: 112.633 pptv
Tue Mar 21 15:37:32 2023:DEBUG:run: date: 2161 concentration: 111.513 pptv
Tue Mar 21 15:37:32 2023:DEBUG:run: date: 2162 concentration: 110.404 pptv
Tue Mar 21 15:37:32 2023:DEBUG:run: date: 2163 concentration: 109.305 pptv
Tue Mar 21 15:37:32 2023:DEBUG:run: date: 2164 concentration: 108.218 pptv
Tue Mar 21 15:37:32 2023:DEBUG:run: date: 2165 concentration: 107.142 pptv
Tue Mar 21 15:37:32 2023:DEBUG:run: date: 2166 concentration: 106.076 pptv
Tue Mar 21 15:37:32 2023:DEBUG:run: date: 2167 concentration: 105.021 pptv
Tue Mar 21 15:37:32 2023:DEBUG:run: date: 2168 concentration: 103.976 pptv
Tue Mar 21 15:37:32 2023:DEBUG:run: date: 2169 concentration: 102.942 pptv
Tue Mar 21 15:37:32 2023:DEBUG:run: date: 2170 concentration: 101.918 pptv
Tue Mar 21 15:37:32 2023:DEBUG:run: date: 2171 concentration: 100.904 pptv
Tue Mar 21 15:37:32 2023:DEBUG:run: date: 2172 concentration: 99.9003 pptv
Tue Mar 21 15:37:32 2023:DEBUG:run: date: 2173 concentration: 98.9066 pptv
Tue Mar 21 15:37:32 2023:DEBUG:run: date: 2174 concentration: 97.9227 pptv
Tue Mar 21 15:37:32 2023:DEBUG:run: date: 2175 concentration: 96.9486 pptv
Tue Mar 21 15:37:32 2023:DEBUG:run: date: 2176 concentration: 95.9842 pptv
Tue Mar 21 15:37:32 2023:DEBUG:run: date: 2177 concentration: 95.0294 pptv
Tue Mar 21 15:37:32 2023:DEBUG:run: date: 2178 concentration: 94.0841 pptv
Tue Mar 21 15:37:32 2023:DEBUG:run: date: 2179 concentration: 93.1483 pptv
Tue Mar 21 15:37:32 2023:DEBUG:run: date: 2180 concentration: 92.2217 pptv
Tue Mar 21 15:37:32 2023:DEBUG:run: date: 2181 concentration: 91.3043 pptv
Tue Mar 21 15:37:32 2023:DEBUG:run: date: 2182 concentration: 90.3961 pptv
Tue Mar 21 15:37:32 2023:DEBUG:run: date: 2183 concentration: 89.4968 pptv
Tue Mar 21 15:37:32 2023:DEBUG:run: date: 2184 concentration: 88.6066 pptv
Tue Mar 21 15:37:32 2023:DEBUG:run: date: 2185 concentration: 87.7252 pptv
Tue Mar 21 15:37:32 2023:DEBUG:run: date: 2186 concentration: 86.8525 pptv
Tue Mar 21 15:37:32 2023:DEBUG:run: date: 2187 concentration: 85.9886 pptv
Tue Mar 21 15:37:32 2023:DEBUG:run: date: 2188 concentration: 85.1332 pptv
Tue Mar 21 15:37:32 2023:DEBUG:run: date: 2189 concentration: 84.2863 pptv
Tue Mar 21 15:37:32 2023:DEBUG:run: date: 2190 concentration: 83.4479 pptv
Tue Mar 21 15:37:32 2023:DEBUG:run: date: 2191 concentration: 82.6178 pptv
Tue Mar 21 15:37:32 2023:DEBUG:run: date: 2192 concentration: 81.7959 pptv
Tue Mar 21 15:37:32 2023:DEBUG:run: date: 2193 concentration: 80.9822 pptv
Tue Mar 21 15:37:32 2023:DEBUG:run: date: 2194 concentration: 80.1767 pptv
Tue Mar 21 15:37:32 2023:DEBUG:run: date: 2195 concentration: 79.3791 pptv
Tue Mar 21 15:37:32 2023:DEBUG:run: date: 2196 concentration: 78.5895 pptv
Tue Mar 21 15:37:32 2023:DEBUG:run: date: 2197 concentration: 77.8077 pptv
Tue Mar 21 15:37:32 2023:DEBUG:run: date: 2198 concentration: 77.0337 pptv
Tue Mar 21 15:37:32 2023:DEBUG:run: date: 2199 concentration: 76.2673 pptv
Tue Mar 21 15:37:32 2023:DEBUG:run: date: 2200 concentration: 75.5087 pptv
Tue Mar 21 15:37:32 2023:DEBUG:run: date: 2201 concentration: 74.7575 pptv
Tue Mar 21 15:37:32 2023:DEBUG:run: date: 2202 concentration: 74.0138 pptv
Tue Mar 21 15:37:32 2023:DEBUG:run: date: 2203 concentration: 73.2776 pptv
Tue Mar 21 15:37:32 2023:DEBUG:run: date: 2204 concentration: 72.5486 pptv
Tue Mar 21 15:37:32 2023:DEBUG:run: date: 2205 concentration: 71.8269 pptv
Tue Mar 21 15:37:32 2023:DEBUG:run: date: 2206 concentration: 71.1124 pptv
Tue Mar 21 15:37:32 2023:DEBUG:run: date: 2207 concentration: 70.4049 pptv
Tue Mar 21 15:37:32 2023:DEBUG:run: date: 2208 concentration: 69.7046 pptv
Tue Mar 21 15:37:32 2023:DEBUG:run: date: 2209 concentration: 69.0111 pptv
Tue Mar 21 15:37:32 2023:DEBUG:run: date: 2210 concentration: 68.3246 pptv
Tue Mar 21 15:37:32 2023:DEBUG:run: date: 2211 concentration: 67.6449 pptv
Tue Mar 21 15:37:32 2023:DEBUG:run: date: 2212 concentration: 66.972 pptv
Tue Mar 21 15:37:32 2023:DEBUG:run: date: 2213 concentration: 66.3057 pptv
Tue Mar 21 15:37:32 2023:DEBUG:run: date: 2214 concentration: 65.6461 pptv
Tue Mar 21 15:37:32 2023:DEBUG:run: date: 2215 concentration: 64.993 pptv
Tue Mar 21 15:37:32 2023:DEBUG:run: date: 2216 concentration: 64.3465 pptv
Tue Mar 21 15:37:32 2023:DEBUG:run: date: 2217 concentration: 63.7063 pptv
Tue Mar 21 15:37:32 2023:DEBUG:run: date: 2218 concentration: 63.0726 pptv
Tue Mar 21 15:37:32 2023:DEBUG:run: date: 2219 concentration: 62.4451 pptv
Tue Mar 21 15:37:32 2023:DEBUG:run: date: 2220 concentration: 61.8239 pptv
Tue Mar 21 15:37:32 2023:DEBUG:run: date: 2221 concentration: 61.2088 pptv
Tue Mar 21 15:37:32 2023:DEBUG:run: date: 2222 concentration: 60.5999 pptv
Tue Mar 21 15:37:32 2023:DEBUG:run: date: 2223 concentration: 59.997 pptv
Tue Mar 21 15:37:32 2023:DEBUG:run: date: 2224 concentration: 59.4001 pptv
Tue Mar 21 15:37:32 2023:DEBUG:run: date: 2225 concentration: 58.8092 pptv
Tue Mar 21 15:37:32 2023:DEBUG:run: date: 2226 concentration: 58.2241 pptv
Tue Mar 21 15:37:32 2023:DEBUG:run: date: 2227 concentration: 57.6448 pptv
Tue Mar 21 15:37:32 2023:DEBUG:run: date: 2228 concentration: 57.0713 pptv
Tue Mar 21 15:37:32 2023:DEBUG:run: date: 2229 concentration: 56.5036 pptv
Tue Mar 21 15:37:32 2023:DEBUG:run: date: 2230 concentration: 55.9414 pptv
Tue Mar 21 15:37:32 2023:DEBUG:run: date: 2231 concentration: 55.3848 pptv
Tue Mar 21 15:37:32 2023:DEBUG:run: date: 2232 concentration: 54.8338 pptv
Tue Mar 21 15:37:32 2023:DEBUG:run: date: 2233 concentration: 54.2883 pptv
Tue Mar 21 15:37:32 2023:DEBUG:run: date: 2234 concentration: 53.7482 pptv
Tue Mar 21 15:37:32 2023:DEBUG:run: date: 2235 concentration: 53.2134 pptv
Tue Mar 21 15:37:32 2023:DEBUG:run: date: 2236 concentration: 52.684 pptv
Tue Mar 21 15:37:32 2023:DEBUG:run: date: 2237 concentration: 52.1598 pptv
Tue Mar 21 15:37:32 2023:DEBUG:run: date: 2238 concentration: 51.6409 pptv
Tue Mar 21 15:37:32 2023:DEBUG:run: date: 2239 concentration: 51.1271 pptv
Tue Mar 21 15:37:32 2023:DEBUG:run: date: 2240 concentration: 50.6184 pptv
Tue Mar 21 15:37:32 2023:DEBUG:run: date: 2241 concentration: 50.1148 pptv
Tue Mar 21 15:37:32 2023:DEBUG:run: date: 2242 concentration: 49.6161 pptv
Tue Mar 21 15:37:32 2023:DEBUG:run: date: 2243 concentration: 49.1225 pptv
Tue Mar 21 15:37:32 2023:DEBUG:run: date: 2244 concentration: 48.6337 pptv
Tue Mar 21 15:37:32 2023:DEBUG:run: date: 2245 concentration: 48.1498 pptv
Tue Mar 21 15:37:32 2023:DEBUG:run: date: 2246 concentration: 47.6707 pptv
Tue Mar 21 15:37:32 2023:DEBUG:run: date: 2247 concentration: 47.1964 pptv
Tue Mar 21 15:37:32 2023:DEBUG:run: date: 2248 concentration: 46.7268 pptv
Tue Mar 21 15:37:32 2023:DEBUG:run: date: 2249 concentration: 46.2619 pptv
Tue Mar 21 15:37:32 2023:DEBUG:run: date: 2250 concentration: 45.8016 pptv
Tue Mar 21 15:37:32 2023:DEBUG:run: date: 2251 concentration: 45.3458 pptv
Tue Mar 21 15:37:32 2023:DEBUG:run: date: 2252 concentration: 44.8946 pptv
Tue Mar 21 15:37:32 2023:DEBUG:run: date: 2253 concentration: 44.4479 pptv
Tue Mar 21 15:37:32 2023:DEBUG:run: date: 2254 concentration: 44.0057 pptv
Tue Mar 21 15:37:32 2023:DEBUG:run: date: 2255 concentration: 43.5678 pptv
Tue Mar 21 15:37:32 2023:DEBUG:run: date: 2256 concentration: 43.1343 pptv
Tue Mar 21 15:37:32 2023:DEBUG:run: date: 2257 concentration: 42.7051 pptv
Tue Mar 21 15:37:32 2023:DEBUG:run: date: 2258 concentration: 42.2802 pptv
Tue Mar 21 15:37:32 2023:DEBUG:run: date: 2259 concentration: 41.8595 pptv
Tue Mar 21 15:37:32 2023:DEBUG:run: date: 2260 concentration: 41.443 pptv
Tue Mar 21 15:37:32 2023:DEBUG:run: date: 2261 concentration: 41.0306 pptv
Tue Mar 21 15:37:32 2023:DEBUG:run: date: 2262 concentration: 40.6223 pptv
Tue Mar 21 15:37:32 2023:DEBUG:run: date: 2263 concentration: 40.2181 pptv
Tue Mar 21 15:37:32 2023:DEBUG:run: date: 2264 concentration: 39.818 pptv
Tue Mar 21 15:37:32 2023:DEBUG:run: date: 2265 concentration: 39.4218 pptv
Tue Mar 21 15:37:32 2023:DEBUG:run: date: 2266 concentration: 39.0295 pptv
Tue Mar 21 15:37:32 2023:DEBUG:run: date: 2267 concentration: 38.6412 pptv
Tue Mar 21 15:37:32 2023:DEBUG:run: date: 2268 concentration: 38.2567 pptv
Tue Mar 21 15:37:32 2023:DEBUG:run: date: 2269 concentration: 37.876 pptv
Tue Mar 21 15:37:32 2023:DEBUG:run: date: 2270 concentration: 37.4991 pptv
Tue Mar 21 15:37:32 2023:DEBUG:run: date: 2271 concentration: 37.126 pptv
Tue Mar 21 15:37:32 2023:DEBUG:run: date: 2272 concentration: 36.7566 pptv
Tue Mar 21 15:37:32 2023:DEBUG:run: date: 2273 concentration: 36.3909 pptv
Tue Mar 21 15:37:32 2023:DEBUG:run: date: 2274 concentration: 36.0288 pptv
Tue Mar 21 15:37:32 2023:DEBUG:run: date: 2275 concentration: 35.6703 pptv
Tue Mar 21 15:37:32 2023:DEBUG:run: date: 2276 concentration: 35.3154 pptv
Tue Mar 21 15:37:32 2023:DEBUG:run: date: 2277 concentration: 34.964 pptv
Tue Mar 21 15:37:32 2023:DEBUG:run: date: 2278 concentration: 34.6161 pptv
Tue Mar 21 15:37:32 2023:DEBUG:run: date: 2279 concentration: 34.2716 pptv
Tue Mar 21 15:37:32 2023:DEBUG:run: date: 2280 concentration: 33.9306 pptv
Tue Mar 21 15:37:32 2023:DEBUG:run: date: 2281 concentration: 33.593 pptv
Tue Mar 21 15:37:32 2023:DEBUG:run: date: 2282 concentration: 33.2588 pptv
Tue Mar 21 15:37:32 2023:DEBUG:run: date: 2283 concentration: 32.9278 pptv
Tue Mar 21 15:37:32 2023:DEBUG:run: date: 2284 concentration: 32.6002 pptv
Tue Mar 21 15:37:32 2023:DEBUG:run: date: 2285 concentration: 32.2758 pptv
Tue Mar 21 15:37:32 2023:DEBUG:run: date: 2286 concentration: 31.9547 pptv
Tue Mar 21 15:37:32 2023:DEBUG:run: date: 2287 concentration: 31.6367 pptv
Tue Mar 21 15:37:32 2023:DEBUG:run: date: 2288 concentration: 31.3219 pptv
Tue Mar 21 15:37:32 2023:DEBUG:run: date: 2289 concentration: 31.0103 pptv
Tue Mar 21 15:37:32 2023:DEBUG:run: date: 2290 concentration: 30.7017 pptv
Tue Mar 21 15:37:32 2023:DEBUG:run: date: 2291 concentration: 30.3962 pptv
Tue Mar 21 15:37:32 2023:DEBUG:run: date: 2292 concentration: 30.0938 pptv
Tue Mar 21 15:37:32 2023:DEBUG:run: date: 2293 concentration: 29.7943 pptv
Tue Mar 21 15:37:32 2023:DEBUG:run: date: 2294 concentration: 29.4979 pptv
Tue Mar 21 15:37:32 2023:DEBUG:run: date: 2295 concentration: 29.2044 pptv
Tue Mar 21 15:37:32 2023:DEBUG:run: date: 2296 concentration: 28.9138 pptv
Tue Mar 21 15:37:32 2023:DEBUG:run: date: 2297 concentration: 28.6261 pptv
Tue Mar 21 15:37:32 2023:DEBUG:run: date: 2298 concentration: 28.3412 pptv
Tue Mar 21 15:37:32 2023:DEBUG:run: date: 2299 concentration: 28.0592 pptv
Tue Mar 21 15:37:32 2023:DEBUG:run: date: 2300 concentration: 27.7801 pptv
