Tue Mar 21 15:37:28 2023:NOTICE:printLogHeader: hector version 2.5.0
Tue Mar 21 15:37:29 2023:DEBUG:setData: Setting tau[-1]=45.0
Tue Mar 21 15:37:29 2023:DEBUG:setData: Setting rho[-1]=0.00025
Tue Mar 21 15:37:29 2023:DEBUG:setData: Setting CFC11_emissions[1765]=0
Tue Mar 21 15:37:29 2023:DEBUG:setData: Setting CFC11_emissions[1766]=0
Tue Mar 21 15:37:29 2023:DEBUG:setData: Setting CFC11_emissions[1767]=0
Tue Mar 21 15:37:29 2023:DEBUG:setData: Setting CFC11_emissions[1768]=0
Tue Mar 21 15:37:29 2023:DEBUG:setData: Setting CFC11_emissions[1769]=0
Tue Mar 21 15:37:29 2023:DEBUG:setData: Setting CFC11_emissions[1770]=0
Tue Mar 21 15:37:29 2023:DEBUG:setData: Setting CFC11_emissions[1771]=0
Tue Mar 21 15:37:29 2023:DEBUG:setData: Setting CFC11_emissions[1772]=0
Tue Mar 21 15:37:29 2023:DEBUG:setData: Setting CFC11_emissions[1773]=0
Tue Mar 21 15:37:29 2023:DEBUG:setData: Setting CFC11_emissions[1774]=0
Tue Mar 21 15:37:29 2023:DEBUG:setData: Setting CFC11_emissions[1775]=0
Tue Mar 21 15:37:29 2023:DEBUG:setData: Setting CFC11_emissions[1776]=0
Tue Mar 21 15:37:29 2023:DEBUG:setData: Setting CFC11_emissions[1777]=0
Tue Mar 21 15:37:29 2023:DEBUG:setData: Setting CFC11_emissions[1778]=0
Tue Mar 21 15:37:29 2023:DEBUG:setData: Setting CFC11_emissions[1779]=0
Tue Mar 21 15:37:29 2023:DEBUG:setData: Setting CFC11_emissions[1780]=0
Tue Mar 21 15:37:29 2023:DEBUG:setData: Setting CFC11_emissions[1781]=0
Tue Mar 21 15:37:29 2023:DEBUG:setData: Setting CFC11_emissions[1782]=0
Tue Mar 21 15:37:29 2023:DEBUG:setData: Setting CFC11_emissions[1783]=0
Tue Mar 21 15:37:29 2023:DEBUG:setData: Setting CFC11_emissions[1784]=0
Tue Mar 21 15:37:29 2023:DEBUG:setData: Setting CFC11_emissions[1785]=0
Tue Mar 21 15:37:29 2023:DEBUG:setData: Setting CFC11_emissions[1786]=0
Tue Mar 21 15:37:29 2023:DEBUG:setData: Setting CFC11_emissions[1787]=0
Tue Mar 21 15:37:29 2023:DEBUG:setData: Setting CFC11_emissions[1788]=0
Tue Mar 21 15:37:29 2023:DEBUG:setData: Setting CFC11_emissions[1789]=0
Tue Mar 21 15:37:29 2023:DEBUG:setData: Setting CFC11_emissions[1790]=0
Tue Mar 21 15:37:29 2023:DEBUG:setData: Setting CFC11_emissions[1791]=0
Tue Mar 21 15:37:29 2023:DEBUG:setData: Setting CFC11_emissions[1792]=0
Tue Mar 21 15:37:29 2023:DEBUG:setData: Setting CFC11_emissions[1793]=0
Tue Mar 21 15:37:29 2023:DEBUG:setData: Setting CFC11_emissions[1794]=0
Tue Mar 21 15:37:29 2023:DEBUG:setData: Setting CFC11_emissions[1795]=0
Tue Mar 21 15:37:29 2023:DEBUG:setData: Setting CFC11_emissions[1796]=0
Tue Mar 21 15:37:29 2023:DEBUG:setData: Setting CFC11_emissions[1797]=0
Tue Mar 21 15:37:29 2023:DEBUG:setData: Setting CFC11_emissions[1798]=0
Tue Mar 21 15:37:29 2023:DEBUG:setData: Setting CFC11_emissions[1799]=0
Tue Mar 21 15:37:29 2023:DEBUG:setData: Setting CFC11_emissions[1800]=0
Tue Mar 21 15:37:29 2023:DEBUG:setData: Setting CFC11_emissions[1801]=0
Tue Mar 21 15:37:29 2023:DEBUG:setData: Setting CFC11_emissions[1802]=0
Tue Mar 21 15:37:29 2023:DEBUG:setData: Setting CFC11_emissions[1803]=0
Tue Mar 21 15:37:29 2023:DEBUG:setData: Setting CFC11_emissions[1804]=0
Tue Mar 21 15:37:29 2023:DEBUG:setData: Setting CFC11_emissions[1805]=0
Tue Mar 21 15:37:29 2023:DEBUG:setData: Setting CFC11_emissions[1806]=0
Tue Mar 21 15:37:29 2023:DEBUG:setData: Setting CFC11_emissions[1807]=0
Tue Mar 21 15:37:29 2023:DEBUG:setData: Setting CFC11_emissions[1808]=0
Tue Mar 21 15:37:29 2023:DEBUG:setData: Setting CFC11_emissions[1809]=0
Tue Mar 21 15:37:29 2023:DEBUG:setData: Setting CFC11_emissions[1810]=0
Tue Mar 21 15:37:29 2023:DEBUG:setData: Setting CFC11_emissions[1811]=0
Tue Mar 21 15:37:29 2023:DEBUG:setData: Setting CFC11_emissions[1812]=0
Tue Mar 21 15:37:29 2023:DEBUG:setData: Setting CFC11_emissions[1813]=0
Tue Mar 21 15:37:29 2023:DEBUG:setData: Setting CFC11_emissions[1814]=0
Tue Mar 21 15:37:29 2023:DEBUG:setData: Setting CFC11_emissions[1815]=0
Tue Mar 21 15:37:29 2023:DEBUG:setData: Setting CFC11_emissions[1816]=0
Tue Mar 21 15:37:29 2023:DEBUG:setData: Setting CFC11_emissions[1817]=0
Tue Mar 21 15:37:29 2023:DEBUG:setData: Setting CFC11_emissions[1818]=0
Tue Mar 21 15:37:29 2023:DEBUG:setData: Setting CFC11_emissions[1819]=0
Tue Mar 21 15:37:29 2023:DEBUG:setData: Setting CFC11_emissions[1820]=0
Tue Mar 21 15:37:29 2023:DEBUG:setData: Setting CFC11_emissions[1821]=0
Tue Mar 21 15:37:29 2023:DEBUG:setData: Setting CFC11_emissions[1822]=0
Tue Mar 21 15:37:29 2023:DEBUG:setData: Setting CFC11_emissions[1823]=0
Tue Mar 21 15:37:29 2023:DEBUG:setData: Setting CFC11_emissions[1824]=0
Tue Mar 21 15:37:29 2023:DEBUG:setData: Setting CFC11_emissions[1825]=0
Tue Mar 21 15:37:29 2023:DEBUG:setData: Setting CFC11_emissions[1826]=0
Tue Mar 21 15:37:29 2023:DEBUG:setData: Setting CFC11_emissions[1827]=0
Tue Mar 21 15:37:29 2023:DEBUG:setData: Setting CFC11_emissions[1828]=0
Tue Mar 21 15:37:29 2023:DEBUG:setData: Setting CFC11_emissions[1829]=0
Tue Mar 21 15:37:29 2023:DEBUG:setData: Setting CFC11_emissions[1830]=0
Tue Mar 21 15:37:29 2023:DEBUG:setData: Setting CFC11_emissions[1831]=0
Tue Mar 21 15:37:29 2023:DEBUG:setData: Setting CFC11_emissions[1832]=0
Tue Mar 21 15:37:29 2023:DEBUG:setData: Setting CFC11_emissions[1833]=0
Tue Mar 21 15:37:29 2023:DEBUG:setData: Setting CFC11_emissions[1834]=0
Tue Mar 21 15:37:29 2023:DEBUG:setData: Setting CFC11_emissions[1835]=0
Tue Mar 21 15:37:29 2023:DEBUG:setData: Setting CFC11_emissions[1836]=0
Tue Mar 21 15:37:29 2023:DEBUG:setData: Setting CFC11_emissions[1837]=0
Tue Mar 21 15:37:29 2023:DEBUG:setData: Setting CFC11_emissions[1838]=0
Tue Mar 21 15:37:29 2023:DEBUG:setData: Setting CFC11_emissions[1839]=0
Tue Mar 21 15:37:29 2023:DEBUG:setData: Setting CFC11_emissions[1840]=0
Tue Mar 21 15:37:29 2023:DEBUG:setData: Setting CFC11_emissions[1841]=0
Tue Mar 21 15:37:29 2023:DEBUG:setData: Setting CFC11_emissions[1842]=0
Tue Mar 21 15:37:29 2023:DEBUG:setData: Setting CFC11_emissions[1843]=0
Tue Mar 21 15:37:29 2023:DEBUG:setData: Setting CFC11_emissions[1844]=0
Tue Mar 21 15:37:29 2023:DEBUG:setData: Setting CFC11_emissions[1845]=0
Tue Mar 21 15:37:29 2023:DEBUG:setData: Setting CFC11_emissions[1846]=0
Tue Mar 21 15:37:29 2023:DEBUG:setData: Setting CFC11_emissions[1847]=0
Tue Mar 21 15:37:29 2023:DEBUG:setData: Setting CFC11_emissions[1848]=0
Tue Mar 21 15:37:29 2023:DEBUG:setData: Setting CFC11_emissions[1849]=0
Tue Mar 21 15:37:29 2023:DEBUG:setData: Setting CFC11_emissions[1850]=0
Tue Mar 21 15:37:29 2023:DEBUG:setData: Setting CFC11_emissions[1851]=0
Tue Mar 21 15:37:29 2023:DEBUG:setData: Setting CFC11_emissions[1852]=0
Tue Mar 21 15:37:29 2023:DEBUG:setData: Setting CFC11_emissions[1853]=0
Tue Mar 21 15:37:29 2023:DEBUG:setData: Setting CFC11_emissions[1854]=0
Tue Mar 21 15:37:29 2023:DEBUG:setData: Setting CFC11_emissions[1855]=0
Tue Mar 21 15:37:29 2023:DEBUG:setData: Setting CFC11_emissions[1856]=0
Tue Mar 21 15:37:29 2023:DEBUG:setData: Setting CFC11_emissions[1857]=0
Tue Mar 21 15:37:29 2023:DEBUG:setData: Setting CFC11_emissions[1858]=0
Tue Mar 21 15:37:29 2023:DEBUG:setData: Setting CFC11_emissions[1859]=0
Tue Mar 21 15:37:29 2023:DEBUG:setData: Setting CFC11_emissions[1860]=0
Tue Mar 21 15:37:29 2023:DEBUG:setData: Setting CFC11_emissions[1861]=0
Tue Mar 21 15:37:29 2023:DEBUG:setData: Setting CFC11_emissions[1862]=0
Tue Mar 21 15:37:29 2023:DEBUG:setData: Setting CFC11_emissions[1863]=0
Tue Mar 21 15:37:29 2023:DEBUG:setData: Setting CFC11_emissions[1864]=0
Tue Mar 21 15:37:29 2023:DEBUG:setData: Setting CFC11_emissions[1865]=0
Tue Mar 21 15:37:29 2023:DEBUG:setData: Setting CFC11_emissions[1866]=0
Tue Mar 21 15:37:29 2023:DEBUG:setData: Setting CFC11_emissions[1867]=0
Tue Mar 21 15:37:29 2023:DEBUG:setData: Setting CFC11_emissions[1868]=0
Tue Mar 21 15:37:29 2023:DEBUG:setData: Setting CFC11_emissions[1869]=0
Tue Mar 21 15:37:29 2023:DEBUG:setData: Setting CFC11_emissions[1870]=0
Tue Mar 21 15:37:29 2023:DEBUG:setData: Setting CFC11_emissions[1871]=0
Tue Mar 21 15:37:29 2023:DEBUG:setData: Setting CFC11_emissions[1872]=0
Tue Mar 21 15:37:29 2023:DEBUG:setData: Setting CFC11_emissions[1873]=0
Tue Mar 21 15:37:29 2023:DEBUG:setData: Setting CFC11_emissions[1874]=0
Tue Mar 21 15:37:29 2023:DEBUG:setData: Setting CFC11_emissions[1875]=0
Tue Mar 21 15:37:29 2023:DEBUG:setData: Setting CFC11_emissions[1876]=0
Tue Mar 21 15:37:29 2023:DEBUG:setData: Setting CFC11_emissions[1877]=0
Tue Mar 21 15:37:29 2023:DEBUG:setData: Setting CFC11_emissions[1878]=0
Tue Mar 21 15:37:29 2023:DEBUG:setData: Setting CFC11_emissions[1879]=0
Tue Mar 21 15:37:29 2023:DEBUG:setData: Setting CFC11_emissions[1880]=0
Tue Mar 21 15:37:29 2023:DEBUG:setData: Setting CFC11_emissions[1881]=0
Tue Mar 21 15:37:29 2023:DEBUG:setData: Setting CFC11_emissions[1882]=0
Tue Mar 21 15:37:29 2023:DEBUG:setData: Setting CFC11_emissions[1883]=0
Tue Mar 21 15:37:29 2023:DEBUG:setData: Setting CFC11_emissions[1884]=0
Tue Mar 21 15:37:29 2023:DEBUG:setData: Setting CFC11_emissions[1885]=0
Tue Mar 21 15:37:29 2023:DEBUG:setData: Setting CFC11_emissions[1886]=0
Tue Mar 21 15:37:29 2023:DEBUG:setData: Setting CFC11_emissions[1887]=0
Tue Mar 21 15:37:29 2023:DEBUG:setData: Setting CFC11_emissions[1888]=0
Tue Mar 21 15:37:29 2023:DEBUG:setData: Setting CFC11_emissions[1889]=0
Tue Mar 21 15:37:29 2023:DEBUG:setData: Setting CFC11_emissions[1890]=0
Tue Mar 21 15:37:29 2023:DEBUG:setData: Setting CFC11_emissions[1891]=0
Tue Mar 21 15:37:29 2023:DEBUG:setData: Setting CFC11_emissions[1892]=0
Tue Mar 21 15:37:29 2023:DEBUG:setData: Setting CFC11_emissions[1893]=0
Tue Mar 21 15:37:29 2023:DEBUG:setData: Setting CFC11_emissions[1894]=0
Tue Mar 21 15:37:29 2023:DEBUG:setData: Setting CFC11_emissions[1895]=0
Tue Mar 21 15:37:29 2023:DEBUG:setData: Setting CFC11_emissions[1896]=0
Tue Mar 21 15:37:29 2023:DEBUG:setData: Setting CFC11_emissions[1897]=0
Tue Mar 21 15:37:29 2023:DEBUG:setData: Setting CFC11_emissions[1898]=0
Tue Mar 21 15:37:29 2023:DEBUG:setData: Setting CFC11_emissions[1899]=0
Tue Mar 21 15:37:29 2023:DEBUG:setData: Setting CFC11_emissions[1900]=0
Tue Mar 21 15:37:29 2023:DEBUG:setData: Setting CFC11_emissions[1901]=0
Tue Mar 21 15:37:29 2023:DEBUG:setData: Setting CFC11_emissions[1902]=0
Tue Mar 21 15:37:29 2023:DEBUG:setData: Setting CFC11_emissions[1903]=0
Tue Mar 21 15:37:29 2023:DEBUG:setData: Setting CFC11_emissions[1904]=0
Tue Mar 21 15:37:29 2023:DEBUG:setData: Setting CFC11_emissions[1905]=0
Tue Mar 21 15:37:29 2023:DEBUG:setData: Setting CFC11_emissions[1906]=0
Tue Mar 21 15:37:29 2023:DEBUG:setData: Setting CFC11_emissions[1907]=0
Tue Mar 21 15:37:29 2023:DEBUG:setData: Setting CFC11_emissions[1908]=0
Tue Mar 21 15:37:29 2023:DEBUG:setData: Setting CFC11_emissions[1909]=0
Tue Mar 21 15:37:29 2023:DEBUG:setData: Setting CFC11_emissions[1910]=0
Tue Mar 21 15:37:29 2023:DEBUG:setData: Setting CFC11_emissions[1911]=0
Tue Mar 21 15:37:29 2023:DEBUG:setData: Setting CFC11_emissions[1912]=0
Tue Mar 21 15:37:29 2023:DEBUG:setData: Setting CFC11_emissions[1913]=0
Tue Mar 21 15:37:29 2023:DEBUG:setData: Setting CFC11_emissions[1914]=0
Tue Mar 21 15:37:29 2023:DEBUG:setData: Setting CFC11_emissions[1915]=0
Tue Mar 21 15:37:29 2023:DEBUG:setData: Setting CFC11_emissions[1916]=0
Tue Mar 21 15:37:29 2023:DEBUG:setData: Setting CFC11_emissions[1917]=0
Tue Mar 21 15:37:29 2023:DEBUG:setData: Setting CFC11_emissions[1918]=0
Tue Mar 21 15:37:29 2023:DEBUG:setData: Setting CFC11_emissions[1919]=0
Tue Mar 21 15:37:29 2023:DEBUG:setData: Setting CFC11_emissions[1920]=0
Tue Mar 21 15:37:29 2023:DEBUG:setData: Setting CFC11_emissions[1921]=0
Tue Mar 21 15:37:29 2023:DEBUG:setData: Setting CFC11_emissions[1922]=0
Tue Mar 21 15:37:29 2023:DEBUG:setData: Setting CFC11_emissions[1923]=0
Tue Mar 21 15:37:29 2023:DEBUG:setData: Setting CFC11_emissions[1924]=0
Tue Mar 21 15:37:29 2023:DEBUG:setData: Setting CFC11_emissions[1925]=0
Tue Mar 21 15:37:29 2023:DEBUG:setData: Setting CFC11_emissions[1926]=0
Tue Mar 21 15:37:29 2023:DEBUG:setData: Setting CFC11_emissions[1927]=0
Tue Mar 21 15:37:29 2023:DEBUG:setData: Setting CFC11_emissions[1928]=0
Tue Mar 21 15:37:29 2023:DEBUG:setData: Setting CFC11_emissions[1929]=0
Tue Mar 21 15:37:29 2023:DEBUG:setData: Setting CFC11_emissions[1930]=0
Tue Mar 21 15:37:29 2023:DEBUG:setData: Setting CFC11_emissions[1931]=0
Tue Mar 21 15:37:29 2023:DEBUG:setData: Setting CFC11_emissions[1932]=0
Tue Mar 21 15:37:29 2023:DEBUG:setData: Setting CFC11_emissions[1933]=0
Tue Mar 21 15:37:29 2023:DEBUG:setData: Setting CFC11_emissions[1934]=0
Tue Mar 21 15:37:29 2023:DEBUG:setData: Setting CFC11_emissions[1935]=0
Tue Mar 21 15:37:29 2023:DEBUG:setData: Setting CFC11_emissions[1936]=0
Tue Mar 21 15:37:29 2023:DEBUG:setData: Setting CFC11_emissions[1937]=0
Tue Mar 21 15:37:29 2023:DEBUG:setData: Setting CFC11_emissions[1938]=0
Tue Mar 21 15:37:29 2023:DEBUG:setData: Setting CFC11_emissions[1939]=0
Tue Mar 21 15:37:29 2023:DEBUG:setData: Setting CFC11_emissions[1940]=0
Tue Mar 21 15:37:29 2023:DEBUG:setData: Setting CFC11_emissions[1941]=0
Tue Mar 21 15:37:29 2023:DEBUG:setData: Setting CFC11_emissions[1942]=0
Tue Mar 21 15:37:29 2023:DEBUG:setData: Setting CFC11_emissions[1943]=0.056451758
Tue Mar 21 15:37:29 2023:DEBUG:setData: Setting CFC11_emissions[1944]=0.97266311
Tue Mar 21 15:37:29 2023:DEBUG:setData: Setting CFC11_emissions[1945]=3.4593405
Tue Mar 21 15:37:29 2023:DEBUG:setData: Setting CFC11_emissions[1946]=4.9404679
Tue Mar 21 15:37:29 2023:DEBUG:setData: Setting CFC11_emissions[1947]=4.8390374
Tue Mar 21 15:37:29 2023:DEBUG:setData: Setting CFC11_emissions[1948]=4.8563661
Tue Mar 21 15:37:29 2023:DEBUG:setData: Setting CFC11_emissions[1949]=5.561141
Tue Mar 21 15:37:29 2023:DEBUG:setData: Setting CFC11_emissions[1950]=8.1460574
Tue Mar 21 15:37:29 2023:DEBUG:setData: Setting CFC11_emissions[1951]=12.050138
Tue Mar 21 15:37:29 2023:DEBUG:setData: Setting CFC11_emissions[1952]=16.078842
Tue Mar 21 15:37:29 2023:DEBUG:setData: Setting CFC11_emissions[1953]=20.201055
Tue Mar 21 15:37:29 2023:DEBUG:setData: Setting CFC11_emissions[1954]=25.212381
Tue Mar 21 15:37:29 2023:DEBUG:setData: Setting CFC11_emissions[1955]=30.727319
Tue Mar 21 15:37:29 2023:DEBUG:setData: Setting CFC11_emissions[1956]=33.546756
Tue Mar 21 15:37:29 2023:DEBUG:setData: Setting CFC11_emissions[1957]=32.871446
Tue Mar 21 15:37:29 2023:DEBUG:setData: Setting CFC11_emissions[1958]=34.746284
Tue Mar 21 15:37:29 2023:DEBUG:setData: Setting CFC11_emissions[1959]=43.506257
Tue Mar 21 15:37:29 2023:DEBUG:setData: Setting CFC11_emissions[1960]=56.281481
Tue Mar 21 15:37:29 2023:DEBUG:setData: Setting CFC11_emissions[1961]=70.618557
Tue Mar 21 15:37:29 2023:DEBUG:setData: Setting CFC11_emissions[1962]=86.214551
Tue Mar 21 15:37:29 2023:DEBUG:setData: Setting CFC11_emissions[1963]=101.83231
Tue Mar 21 15:37:29 2023:DEBUG:setData: Setting CFC11_emissions[1964]=116.30072
Tue Mar 21 15:37:29 2023:DEBUG:setData: Setting CFC11_emissions[1965]=130.83984
Tue Mar 21 15:37:29 2023:DEBUG:setData: Setting CFC11_emissions[1966]=147.99606
Tue Mar 21 15:37:29 2023:DEBUG:setData: Setting CFC11_emissions[1967]=169.42177
Tue Mar 21 15:37:29 2023:DEBUG:setData: Setting CFC11_emissions[1968]=195.13757
Tue Mar 21 15:37:29 2023:DEBUG:setData: Setting CFC11_emissions[1969]=220.72612
Tue Mar 21 15:37:29 2023:DEBUG:setData: Setting CFC11_emissions[1970]=245.38621
Tue Mar 21 15:37:29 2023:DEBUG:setData: Setting CFC11_emissions[1971]=276.44309
Tue Mar 21 15:37:29 2023:DEBUG:setData: Setting CFC11_emissions[1972]=314.22879
Tue Mar 21 15:37:29 2023:DEBUG:setData: Setting CFC11_emissions[1973]=338.0693
Tue Mar 21 15:37:29 2023:DEBUG:setData: Setting CFC11_emissions[1974]=340.6055
Tue Mar 21 15:37:29 2023:DEBUG:setData: Setting CFC11_emissions[1975]=337.71465
Tue Mar 21 15:37:29 2023:DEBUG:setData: Setting CFC11_emissions[1976]=329.27602
Tue Mar 21 15:37:29 2023:DEBUG:setData: Setting CFC11_emissions[1977]=306.11158
Tue Mar 21 15:37:29 2023:DEBUG:setData: Setting CFC11_emissions[1978]=278.45958
Tue Mar 21 15:37:29 2023:DEBUG:setData: Setting CFC11_emissions[1979]=271.13342
Tue Mar 21 15:37:29 2023:DEBUG:setData: Setting CFC11_emissions[1980]=276.09356
Tue Mar 21 15:37:29 2023:DEBUG:setData: Setting CFC11_emissions[1981]=271.00597
Tue Mar 21 15:37:29 2023:DEBUG:setData: Setting CFC11_emissions[1982]=277.72577
Tue Mar 21 15:37:29 2023:DEBUG:setData: Setting CFC11_emissions[1983]=353.29433
Tue Mar 21 15:37:29 2023:DEBUG:setData: Setting CFC11_emissions[1984]=352.61795
Tue Mar 21 15:37:29 2023:DEBUG:setData: Setting CFC11_emissions[1985]=321.80334
Tue Mar 21 15:37:29 2023:DEBUG:setData: Setting CFC11_emissions[1986]=363.19165
Tue Mar 21 15:37:29 2023:DEBUG:setData: Setting CFC11_emissions[1987]=377.17492
Tue Mar 21 15:37:29 2023:DEBUG:setData: Setting CFC11_emissions[1988]=324.40759
Tue Mar 21 15:37:29 2023:DEBUG:setData: Setting CFC11_emissions[1989]=246.46809
Tue Mar 21 15:37:29 2023:DEBUG:setData: Setting CFC11_emissions[1990]=208.25652
Tue Mar 21 15:37:29 2023:DEBUG:setData: Setting CFC11_emissions[1991]=159.81289
Tue Mar 21 15:37:29 2023:DEBUG:setData: Setting CFC11_emissions[1992]=106.91739
Tue Mar 21 15:37:29 2023:DEBUG:setData: Setting CFC11_emissions[1993]=84.3251
Tue Mar 21 15:37:29 2023:DEBUG:setData: Setting CFC11_emissions[1994]=85.893495
Tue Mar 21 15:37:29 2023:DEBUG:setData: Setting CFC11_emissions[1995]=86.264975
Tue Mar 21 15:37:29 2023:DEBUG:setData: Setting CFC11_emissions[1996]=85.278741
Tue Mar 21 15:37:29 2023:DEBUG:setData: Setting CFC11_emissions[1997]=86.341446
Tue Mar 21 15:37:29 2023:DEBUG:setData: Setting CFC11_emissions[1998]=86.348141
Tue Mar 21 15:37:29 2023:DEBUG:setData: Setting CFC11_emissions[1999]=82.703538
Tue Mar 21 15:37:29 2023:DEBUG:setData: Setting CFC11_emissions[2000]=76.330076
Tue Mar 21 15:37:29 2023:DEBUG:setData: Setting CFC11_emissions[2001]=68.271466
Tue Mar 21 15:37:29 2023:DEBUG:setData: Setting CFC11_emissions[2002]=63.484809
Tue Mar 21 15:37:29 2023:DEBUG:setData: Setting CFC11_emissions[2003]=62.277955
Tue Mar 21 15:37:29 2023:DEBUG:setData: Setting CFC11_emissions[2004]=60.966802
Tue Mar 21 15:37:29 2023:DEBUG:setData: Setting CFC11_emissions[2005]=60.331179
Tue Mar 21 15:37:29 2023:DEBUG:setData: Setting CFC11_emissions[2006]=63.037203
Tue Mar 21 15:37:29 2023:DEBUG:setData: Setting CFC11_emissions[2007]=64.737513
Tue Mar 21 15:37:29 2023:DEBUG:setData: Setting CFC11_emissions[2008]=63.060877
Tue Mar 21 15:37:29 2023:DEBUG:setData: Setting CFC11_emissions[2009]=60.065148
Tue Mar 21 15:37:29 2023:DEBUG:setData: Setting CFC11_emissions[2010]=58.86009
Tue Mar 21 15:37:29 2023:DEBUG:setData: Setting CFC11_emissions[2011]=62.415615
Tue Mar 21 15:37:29 2023:DEBUG:setData: Setting CFC11_emissions[2012]=70.235225
Tue Mar 21 15:37:29 2023:DEBUG:setData: Setting CFC11_emissions[2013]=75.740842
Tue Mar 21 15:37:29 2023:DEBUG:setData: Setting CFC11_emissions[2014]=54.9365
Tue Mar 21 15:37:29 2023:DEBUG:setData: Setting CFC11_emissions[2015]=43.5734
Tue Mar 21 15:37:29 2023:DEBUG:setData: Setting CFC11_emissions[2016]=41.88082
Tue Mar 21 15:37:29 2023:DEBUG:setData: Setting CFC11_emissions[2017]=40.18824
Tue Mar 21 15:37:29 2023:DEBUG:setData: Setting CFC11_emissions[2018]=38.49566
Tue Mar 21 15:37:29 2023:DEBUG:setData: Setting CFC11_emissions[2019]=36.80308
Tue Mar 21 15:37:29 2023:DEBUG:setData: Setting CFC11_emissions[2020]=35.1105
Tue Mar 21 15:37:29 2023:DEBUG:setData: Setting CFC11_emissions[2021]=33.87909
Tue Mar 21 15:37:29 2023:DEBUG:setData: Setting CFC11_emissions[2022]=32.64768
Tue Mar 21 15:37:29 2023:DEBUG:setData: Setting CFC11_emissions[2023]=31.41627
Tue Mar 21 15:37:29 2023:DEBUG:setData: Setting CFC11_emissions[2024]=30.18486
Tue Mar 21 15:37:29 2023:DEBUG:setData: Setting CFC11_emissions[2025]=28.95345
Tue Mar 21 15:37:29 2023:DEBUG:setData: Setting CFC11_emissions[2026]=27.72204
Tue Mar 21 15:37:29 2023:DEBUG:setData: Setting CFC11_emissions[2027]=26.49063
Tue Mar 21 15:37:29 2023:DEBUG:setData: Setting CFC11_emissions[2028]=25.25922
Tue Mar 21 15:37:29 2023:DEBUG:setData: Setting CFC11_emissions[2029]=24.02781
Tue Mar 21 15:37:29 2023:DEBUG:setData: Setting CFC11_emissions[2030]=22.7964
Tue Mar 21 15:37:29 2023:DEBUG:setData: Setting CFC11_emissions[2031]=21.99688
Tue Mar 21 15:37:29 2023:DEBUG:setData: Setting CFC11_emissions[2032]=21.19736
Tue Mar 21 15:37:29 2023:DEBUG:setData: Setting CFC11_emissions[2033]=20.39784
Tue Mar 21 15:37:29 2023:DEBUG:setData: Setting CFC11_emissions[2034]=19.59832
Tue Mar 21 15:37:29 2023:DEBUG:setData: Setting CFC11_emissions[2035]=18.7988
Tue Mar 21 15:37:29 2023:DEBUG:setData: Setting CFC11_emissions[2036]=17.99928
Tue Mar 21 15:37:29 2023:DEBUG:setData: Setting CFC11_emissions[2037]=17.19976
Tue Mar 21 15:37:29 2023:DEBUG:setData: Setting CFC11_emissions[2038]=16.40024
Tue Mar 21 15:37:29 2023:DEBUG:setData: Setting CFC11_emissions[2039]=15.60072
Tue Mar 21 15:37:29 2023:DEBUG:setData: Setting CFC11_emissions[2040]=14.8012
Tue Mar 21 15:37:29 2023:DEBUG:setData: Setting CFC11_emissions[2041]=14.28209
Tue Mar 21 15:37:29 2023:DEBUG:setData: Setting CFC11_emissions[2042]=13.76298
Tue Mar 21 15:37:29 2023:DEBUG:setData: Setting CFC11_emissions[2043]=13.24387
Tue Mar 21 15:37:29 2023:DEBUG:setData: Setting CFC11_emissions[2044]=12.72476
Tue Mar 21 15:37:29 2023:DEBUG:setData: Setting CFC11_emissions[2045]=12.20565
Tue Mar 21 15:37:29 2023:DEBUG:setData: Setting CFC11_emissions[2046]=11.68654
Tue Mar 21 15:37:29 2023:DEBUG:setData: Setting CFC11_emissions[2047]=11.16743
Tue Mar 21 15:37:29 2023:DEBUG:setData: Setting CFC11_emissions[2048]=10.64832
Tue Mar 21 15:37:29 2023:DEBUG:setData: Setting CFC11_emissions[2049]=10.12921
Tue Mar 21 15:37:29 2023:DEBUG:setData: Setting CFC11_emissions[2050]=9.6101
Tue Mar 21 15:37:29 2023:DEBUG:setData: Setting CFC11_emissions[2051]=9.27305
Tue Mar 21 15:37:29 2023:DEBUG:setData: Setting CFC11_emissions[2052]=8.936
Tue Mar 21 15:37:29 2023:DEBUG:setData: Setting CFC11_emissions[2053]=8.59895
Tue Mar 21 15:37:29 2023:DEBUG:setData: Setting CFC11_emissions[2054]=8.2619
Tue Mar 21 15:37:29 2023:DEBUG:setData: Setting CFC11_emissions[2055]=7.92485
Tue Mar 21 15:37:29 2023:DEBUG:setData: Setting CFC11_emissions[2056]=7.5878
Tue Mar 21 15:37:29 2023:DEBUG:setData: Setting CFC11_emissions[2057]=7.25075
Tue Mar 21 15:37:29 2023:DEBUG:setData: Setting CFC11_emissions[2058]=6.9137
Tue Mar 21 15:37:29 2023:DEBUG:setData: Setting CFC11_emissions[2059]=6.57665
Tue Mar 21 15:37:29 2023:DEBUG:setData: Setting CFC11_emissions[2060]=6.2396
Tue Mar 21 15:37:29 2023:DEBUG:setData: Setting CFC11_emissions[2061]=6.02076
Tue Mar 21 15:37:29 2023:DEBUG:setData: Setting CFC11_emissions[2062]=5.80192
Tue Mar 21 15:37:29 2023:DEBUG:setData: Setting CFC11_emissions[2063]=5.58308
Tue Mar 21 15:37:29 2023:DEBUG:setData: Setting CFC11_emissions[2064]=5.36424
Tue Mar 21 15:37:29 2023:DEBUG:setData: Setting CFC11_emissions[2065]=5.1454
Tue Mar 21 15:37:29 2023:DEBUG:setData: Setting CFC11_emissions[2066]=4.92656
Tue Mar 21 15:37:29 2023:DEBUG:setData: Setting CFC11_emissions[2067]=4.70772
Tue Mar 21 15:37:29 2023:DEBUG:setData: Setting CFC11_emissions[2068]=4.48888
Tue Mar 21 15:37:29 2023:DEBUG:setData: Setting CFC11_emissions[2069]=4.27004
Tue Mar 21 15:37:29 2023:DEBUG:setData: Setting CFC11_emissions[2070]=4.0512
Tue Mar 21 15:37:29 2023:DEBUG:setData: Setting CFC11_emissions[2071]=3.90912
Tue Mar 21 15:37:29 2023:DEBUG:setData: Setting CFC11_emissions[2072]=3.76704
Tue Mar 21 15:37:29 2023:DEBUG:setData: Setting CFC11_emissions[2073]=3.62496
Tue Mar 21 15:37:29 2023:DEBUG:setData: Setting CFC11_emissions[2074]=3.48288
Tue Mar 21 15:37:29 2023:DEBUG:setData: Setting CFC11_emissions[2075]=3.3408
Tue Mar 21 15:37:29 2023:DEBUG:setData: Setting CFC11_emissions[2076]=3.19872
Tue Mar 21 15:37:29 2023:DEBUG:setData: Setting CFC11_emissions[2077]=3.05664
Tue Mar 21 15:37:29 2023:DEBUG:setData: Setting CFC11_emissions[2078]=2.91456
Tue Mar 21 15:37:29 2023:DEBUG:setData: Setting CFC11_emissions[2079]=2.77248
Tue Mar 21 15:37:29 2023:DEBUG:setData: Setting CFC11_emissions[2080]=2.6304
Tue Mar 21 15:37:29 2023:DEBUG:setData: Setting CFC11_emissions[2081]=2.53814
Tue Mar 21 15:37:29 2023:DEBUG:setData: Setting CFC11_emissions[2082]=2.44588
Tue Mar 21 15:37:29 2023:DEBUG:setData: Setting CFC11_emissions[2083]=2.35362
Tue Mar 21 15:37:29 2023:DEBUG:setData: Setting CFC11_emissions[2084]=2.26136
Tue Mar 21 15:37:29 2023:DEBUG:setData: Setting CFC11_emissions[2085]=2.1691
Tue Mar 21 15:37:29 2023:DEBUG:setData: Setting CFC11_emissions[2086]=2.07684
Tue Mar 21 15:37:29 2023:DEBUG:setData: Setting CFC11_emissions[2087]=1.98458
Tue Mar 21 15:37:29 2023:DEBUG:setData: Setting CFC11_emissions[2088]=1.89232
Tue Mar 21 15:37:29 2023:DEBUG:setData: Setting CFC11_emissions[2089]=1.80006
Tue Mar 21 15:37:29 2023:DEBUG:setData: Setting CFC11_emissions[2090]=1.7078
Tue Mar 21 15:37:29 2023:DEBUG:setData: Setting CFC11_emissions[2091]=1.64769
Tue Mar 21 15:37:29 2023:DEBUG:setData: Setting CFC11_emissions[2092]=1.58758
Tue Mar 21 15:37:29 2023:DEBUG:setData: Setting CFC11_emissions[2093]=1.52747
Tue Mar 21 15:37:29 2023:DEBUG:setData: Setting CFC11_emissions[2094]=1.46736
Tue Mar 21 15:37:29 2023:DEBUG:setData: Setting CFC11_emissions[2095]=1.40725
Tue Mar 21 15:37:29 2023:DEBUG:setData: Setting CFC11_emissions[2096]=1.34714
Tue Mar 21 15:37:29 2023:DEBUG:setData: Setting CFC11_emissions[2097]=1.28703
Tue Mar 21 15:37:29 2023:DEBUG:setData: Setting CFC11_emissions[2098]=1.22692
Tue Mar 21 15:37:29 2023:DEBUG:setData: Setting CFC11_emissions[2099]=1.16681
Tue Mar 21 15:37:29 2023:DEBUG:setData: Setting CFC11_emissions[2100]=1.1067
Tue Mar 21 15:37:29 2023:DEBUG:setData: Setting CFC11_emissions[2101]=1.099322
Tue Mar 21 15:37:29 2023:DEBUG:setData: Setting CFC11_emissions[2102]=1.091944
Tue Mar 21 15:37:29 2023:DEBUG:setData: Setting CFC11_emissions[2103]=1.084566
Tue Mar 21 15:37:29 2023:DEBUG:setData: Setting CFC11_emissions[2104]=1.077188
Tue Mar 21 15:37:29 2023:DEBUG:setData: Setting CFC11_emissions[2105]=1.06981
Tue Mar 21 15:37:29 2023:DEBUG:setData: Setting CFC11_emissions[2106]=1.062432
Tue Mar 21 15:37:29 2023:DEBUG:setData: Setting CFC11_emissions[2107]=1.055054
Tue Mar 21 15:37:29 2023:DEBUG:setData: Setting CFC11_emissions[2108]=1.047676
Tue Mar 21 15:37:29 2023:DEBUG:setData: Setting CFC11_emissions[2109]=1.040298
Tue Mar 21 15:37:29 2023:DEBUG:setData: Setting CFC11_emissions[2110]=1.03292
Tue Mar 21 15:37:29 2023:DEBUG:setData: Setting CFC11_emissions[2111]=1.025542
Tue Mar 21 15:37:29 2023:DEBUG:setData: Setting CFC11_emissions[2112]=1.018164
Tue Mar 21 15:37:29 2023:DEBUG:setData: Setting CFC11_emissions[2113]=1.010786
Tue Mar 21 15:37:29 2023:DEBUG:setData: Setting CFC11_emissions[2114]=1.003408
Tue Mar 21 15:37:29 2023:DEBUG:setData: Setting CFC11_emissions[2115]=0.99603
Tue Mar 21 15:37:29 2023:DEBUG:setData: Setting CFC11_emissions[2116]=0.988652
Tue Mar 21 15:37:29 2023:DEBUG:setData: Setting CFC11_emissions[2117]=0.981274
Tue Mar 21 15:37:29 2023:DEBUG:setData: Setting CFC11_emissions[2118]=0.973896
Tue Mar 21 15:37:29 2023:DEBUG:setData: Setting CFC11_emissions[2119]=0.966518
Tue Mar 21 15:37:29 2023:DEBUG:setData: Setting CFC11_emissions[2120]=0.95914
Tue Mar 21 15:37:29 2023:DEBUG:setData: Setting CFC11_emissions[2121]=0.951762
Tue Mar 21 15:37:29 2023:DEBUG:setData: Setting CFC11_emissions[2122]=0.944384
Tue Mar 21 15:37:29 2023:DEBUG:setData: Setting CFC11_emissions[2123]=0.937006
Tue Mar 21 15:37:29 2023:DEBUG:setData: Setting CFC11_emissions[2124]=0.929628
Tue Mar 21 15:37:29 2023:DEBUG:setData: Setting CFC11_emissions[2125]=0.92225
Tue Mar 21 15:37:29 2023:DEBUG:setData: Setting CFC11_emissions[2126]=0.914872
Tue Mar 21 15:37:29 2023:DEBUG:setData: Setting CFC11_emissions[2127]=0.907494
Tue Mar 21 15:37:29 2023:DEBUG:setData: Setting CFC11_emissions[2128]=0.900116
Tue Mar 21 15:37:29 2023:DEBUG:setData: Setting CFC11_emissions[2129]=0.892738
Tue Mar 21 15:37:29 2023:DEBUG:setData: Setting CFC11_emissions[2130]=0.88536
Tue Mar 21 15:37:29 2023:DEBUG:setData: Setting CFC11_emissions[2131]=0.877982
Tue Mar 21 15:37:29 2023:DEBUG:setData: Setting CFC11_emissions[2132]=0.870604
Tue Mar 21 15:37:29 2023:DEBUG:setData: Setting CFC11_emissions[2133]=0.863226
Tue Mar 21 15:37:29 2023:DEBUG:setData: Setting CFC11_emissions[2134]=0.855848
Tue Mar 21 15:37:29 2023:DEBUG:setData: Setting CFC11_emissions[2135]=0.84847
Tue Mar 21 15:37:29 2023:DEBUG:setData: Setting CFC11_emissions[2136]=0.841092
Tue Mar 21 15:37:29 2023:DEBUG:setData: Setting CFC11_emissions[2137]=0.833714
Tue Mar 21 15:37:29 2023:DEBUG:setData: Setting CFC11_emissions[2138]=0.826336
Tue Mar 21 15:37:29 2023:DEBUG:setData: Setting CFC11_emissions[2139]=0.818958
Tue Mar 21 15:37:29 2023:DEBUG:setData: Setting CFC11_emissions[2140]=0.81158
Tue Mar 21 15:37:29 2023:DEBUG:setData: Setting CFC11_emissions[2141]=0.804202
Tue Mar 21 15:37:29 2023:DEBUG:setData: Setting CFC11_emissions[2142]=0.796824
Tue Mar 21 15:37:29 2023:DEBUG:setData: Setting CFC11_emissions[2143]=0.789446
Tue Mar 21 15:37:29 2023:DEBUG:setData: Setting CFC11_emissions[2144]=0.782068
Tue Mar 21 15:37:29 2023:DEBUG:setData: Setting CFC11_emissions[2145]=0.77469
Tue Mar 21 15:37:29 2023:DEBUG:setData: Setting CFC11_emissions[2146]=0.767312
Tue Mar 21 15:37:29 2023:DEBUG:setData: Setting CFC11_emissions[2147]=0.759934
Tue Mar 21 15:37:29 2023:DEBUG:setData: Setting CFC11_emissions[2148]=0.752556
Tue Mar 21 15:37:29 2023:DEBUG:setData: Setting CFC11_emissions[2149]=0.745178
Tue Mar 21 15:37:29 2023:DEBUG:setData: Setting CFC11_emissions[2150]=0.7378
Tue Mar 21 15:37:29 2023:DEBUG:setData: Setting CFC11_emissions[2151]=0.730422
Tue Mar 21 15:37:29 2023:DEBUG:setData: Setting CFC11_emissions[2152]=0.723044
Tue Mar 21 15:37:29 2023:DEBUG:setData: Setting CFC11_emissions[2153]=0.715666
Tue Mar 21 15:37:29 2023:DEBUG:setData: Setting CFC11_emissions[2154]=0.708288
Tue Mar 21 15:37:29 2023:DEBUG:setData: Setting CFC11_emissions[2155]=0.70091
Tue Mar 21 15:37:29 2023:DEBUG:setData: Setting CFC11_emissions[2156]=0.693532
Tue Mar 21 15:37:29 2023:DEBUG:setData: Setting CFC11_emissions[2157]=0.686154
Tue Mar 21 15:37:29 2023:DEBUG:setData: Setting CFC11_emissions[2158]=0.678776
Tue Mar 21 15:37:29 2023:DEBUG:setData: Setting CFC11_emissions[2159]=0.671398
Tue Mar 21 15:37:29 2023:DEBUG:setData: Setting CFC11_emissions[2160]=0.66402
Tue Mar 21 15:37:29 2023:DEBUG:setData: Setting CFC11_emissions[2161]=0.656642
Tue Mar 21 15:37:29 2023:DEBUG:setData: Setting CFC11_emissions[2162]=0.649264
Tue Mar 21 15:37:29 2023:DEBUG:setData: Setting CFC11_emissions[2163]=0.641886
Tue Mar 21 15:37:29 2023:DEBUG:setData: Setting CFC11_emissions[2164]=0.634508
Tue Mar 21 15:37:29 2023:DEBUG:setData: Setting CFC11_emissions[2165]=0.62713
Tue Mar 21 15:37:29 2023:DEBUG:setData: Setting CFC11_emissions[2166]=0.619752
Tue Mar 21 15:37:29 2023:DEBUG:setData: Setting CFC11_emissions[2167]=0.612374
Tue Mar 21 15:37:29 2023:DEBUG:setData: Setting CFC11_emissions[2168]=0.604996
Tue Mar 21 15:37:29 2023:DEBUG:setData: Setting CFC11_emissions[2169]=0.597618
Tue Mar 21 15:37:29 2023:DEBUG:setData: Setting CFC11_emissions[2170]=0.59024
Tue Mar 21 15:37:29 2023:DEBUG:setData: Setting CFC11_emissions[2171]=0.582862
Tue Mar 21 15:37:29 2023:DEBUG:setData: Setting CFC11_emissions[2172]=0.575484
Tue Mar 21 15:37:29 2023:DEBUG:setData: Setting CFC11_emissions[2173]=0.568106
Tue Mar 21 15:37:29 2023:DEBUG:setData: Setting CFC11_emissions[2174]=0.560728
Tue Mar 21 15:37:29 2023:DEBUG:setData: Setting CFC11_emissions[2175]=0.55335
Tue Mar 21 15:37:29 2023:DEBUG:setData: Setting CFC11_emissions[2176]=0.545972
Tue Mar 21 15:37:29 2023:DEBUG:setData: Setting CFC11_emissions[2177]=0.538594
Tue Mar 21 15:37:29 2023:DEBUG:setData: Setting CFC11_emissions[2178]=0.531216
Tue Mar 21 15:37:29 2023:DEBUG:setData: Setting CFC11_emissions[2179]=0.523838
Tue Mar 21 15:37:29 2023:DEBUG:setData: Setting CFC11_emissions[2180]=0.51646
Tue Mar 21 15:37:29 2023:DEBUG:setData: Setting CFC11_emissions[2181]=0.509082
Tue Mar 21 15:37:29 2023:DEBUG:setData: Setting CFC11_emissions[2182]=0.501704
Tue Mar 21 15:37:29 2023:DEBUG:setData: Setting CFC11_emissions[2183]=0.494326
Tue Mar 21 15:37:29 2023:DEBUG:setData: Setting CFC11_emissions[2184]=0.486948
Tue Mar 21 15:37:29 2023:DEBUG:setData: Setting CFC11_emissions[2185]=0.47957
Tue Mar 21 15:37:29 2023:DEBUG:setData: Setting CFC11_emissions[2186]=0.472192
Tue Mar 21 15:37:29 2023:DEBUG:setData: Setting CFC11_emissions[2187]=0.464814
Tue Mar 21 15:37:29 2023:DEBUG:setData: Setting CFC11_emissions[2188]=0.457436
Tue Mar 21 15:37:29 2023:DEBUG:setData: Setting CFC11_emissions[2189]=0.450058
Tue Mar 21 15:37:29 2023:DEBUG:setData: Setting CFC11_emissions[2190]=0.44268
Tue Mar 21 15:37:29 2023:DEBUG:setData: Setting CFC11_emissions[2191]=0.435302
Tue Mar 21 15:37:29 2023:DEBUG:setData: Setting CFC11_emissions[2192]=0.427924
Tue Mar 21 15:37:29 2023:DEBUG:setData: Setting CFC11_emissions[2193]=0.420546
Tue Mar 21 15:37:29 2023:DEBUG:setData: Setting CFC11_emissions[2194]=0.413168
Tue Mar 21 15:37:29 2023:DEBUG:setData: Setting CFC11_emissions[2195]=0.40579
Tue Mar 21 15:37:29 2023:DEBUG:setData: Setting CFC11_emissions[2196]=0.398412
Tue Mar 21 15:37:29 2023:DEBUG:setData: Setting CFC11_emissions[2197]=0.391034
Tue Mar 21 15:37:29 2023:DEBUG:setData: Setting CFC11_emissions[2198]=0.383656
Tue Mar 21 15:37:29 2023:DEBUG:setData: Setting CFC11_emissions[2199]=0.376278
Tue Mar 21 15:37:29 2023:DEBUG:setData: Setting CFC11_emissions[2200]=0.3689
Tue Mar 21 15:37:29 2023:DEBUG:setData: Setting CFC11_emissions[2201]=0.361522
Tue Mar 21 15:37:29 2023:DEBUG:setData: Setting CFC11_emissions[2202]=0.354144
Tue Mar 21 15:37:29 2023:DEBUG:setData: Setting CFC11_emissions[2203]=0.346766
Tue Mar 21 15:37:29 2023:DEBUG:setData: Setting CFC11_emissions[2204]=0.339388
Tue Mar 21 15:37:29 2023:DEBUG:setData: Setting CFC11_emissions[2205]=0.33201
Tue Mar 21 15:37:29 2023:DEBUG:setData: Setting CFC11_emissions[2206]=0.324632
Tue Mar 21 15:37:29 2023:DEBUG:setData: Setting CFC11_emissions[2207]=0.317254
Tue Mar 21 15:37:29 2023:DEBUG:setData: Setting CFC11_emissions[2208]=0.309876
Tue Mar 21 15:37:29 2023:DEBUG:setData: Setting CFC11_emissions[2209]=0.302498
Tue Mar 21 15:37:29 2023:DEBUG:setData: Setting CFC11_emissions[2210]=0.29512
Tue Mar 21 15:37:29 2023:DEBUG:setData: Setting CFC11_emissions[2211]=0.287742
Tue Mar 21 15:37:29 2023:DEBUG:setData: Setting CFC11_emissions[2212]=0.280364
Tue Mar 21 15:37:29 2023:DEBUG:setData: Setting CFC11_emissions[2213]=0.272986
Tue Mar 21 15:37:29 2023:DEBUG:setData: Setting CFC11_emissions[2214]=0.265608
Tue Mar 21 15:37:29 2023:DEBUG:setData: Setting CFC11_emissions[2215]=0.25823
Tue Mar 21 15:37:29 2023:DEBUG:setData: Setting CFC11_emissions[2216]=0.250852
Tue Mar 21 15:37:29 2023:DEBUG:setData: Setting CFC11_emissions[2217]=0.243474
Tue Mar 21 15:37:29 2023:DEBUG:setData: Setting CFC11_emissions[2218]=0.236096
Tue Mar 21 15:37:29 2023:DEBUG:setData: Setting CFC11_emissions[2219]=0.228718
Tue Mar 21 15:37:29 2023:DEBUG:setData: Setting CFC11_emissions[2220]=0.22134
Tue Mar 21 15:37:29 2023:DEBUG:setData: Setting CFC11_emissions[2221]=0.213962
Tue Mar 21 15:37:29 2023:DEBUG:setData: Setting CFC11_emissions[2222]=0.206584
Tue Mar 21 15:37:29 2023:DEBUG:setData: Setting CFC11_emissions[2223]=0.199206
Tue Mar 21 15:37:29 2023:DEBUG:setData: Setting CFC11_emissions[2224]=0.191828
Tue Mar 21 15:37:29 2023:DEBUG:setData: Setting CFC11_emissions[2225]=0.18445
Tue Mar 21 15:37:29 2023:DEBUG:setData: Setting CFC11_emissions[2226]=0.177072
Tue Mar 21 15:37:29 2023:DEBUG:setData: Setting CFC11_emissions[2227]=0.169694
Tue Mar 21 15:37:29 2023:DEBUG:setData: Setting CFC11_emissions[2228]=0.162316
Tue Mar 21 15:37:29 2023:DEBUG:setData: Setting CFC11_emissions[2229]=0.154938
Tue Mar 21 15:37:29 2023:DEBUG:setData: Setting CFC11_emissions[2230]=0.14756
Tue Mar 21 15:37:29 2023:DEBUG:setData: Setting CFC11_emissions[2231]=0.140182
Tue Mar 21 15:37:29 2023:DEBUG:setData: Setting CFC11_emissions[2232]=0.132804
Tue Mar 21 15:37:29 2023:DEBUG:setData: Setting CFC11_emissions[2233]=0.125426
Tue Mar 21 15:37:29 2023:DEBUG:setData: Setting CFC11_emissions[2234]=0.118048
Tue Mar 21 15:37:29 2023:DEBUG:setData: Setting CFC11_emissions[2235]=0.11067
Tue Mar 21 15:37:29 2023:DEBUG:setData: Setting CFC11_emissions[2236]=0.103292
Tue Mar 21 15:37:29 2023:DEBUG:setData: Setting CFC11_emissions[2237]=0.095914
Tue Mar 21 15:37:29 2023:DEBUG:setData: Setting CFC11_emissions[2238]=0.088536
Tue Mar 21 15:37:29 2023:DEBUG:setData: Setting CFC11_emissions[2239]=0.081158
Tue Mar 21 15:37:29 2023:DEBUG:setData: Setting CFC11_emissions[2240]=0.07378
Tue Mar 21 15:37:29 2023:DEBUG:setData: Setting CFC11_emissions[2241]=0.066402
Tue Mar 21 15:37:29 2023:DEBUG:setData: Setting CFC11_emissions[2242]=0.059024
Tue Mar 21 15:37:29 2023:DEBUG:setData: Setting CFC11_emissions[2243]=0.051646
Tue Mar 21 15:37:29 2023:DEBUG:setData: Setting CFC11_emissions[2244]=0.044268
Tue Mar 21 15:37:29 2023:DEBUG:setData: Setting CFC11_emissions[2245]=0.03689
Tue Mar 21 15:37:29 2023:DEBUG:setData: Setting CFC11_emissions[2246]=0.029512
Tue Mar 21 15:37:29 2023:DEBUG:setData: Setting CFC11_emissions[2247]=0.022134
Tue Mar 21 15:37:29 2023:DEBUG:setData: Setting CFC11_emissions[2248]=0.014756
Tue Mar 21 15:37:29 2023:DEBUG:setData: Setting CFC11_emissions[2249]=0.007378
Tue Mar 21 15:37:29 2023:DEBUG:setData: Setting CFC11_emissions[2250]=0
Tue Mar 21 15:37:29 2023:DEBUG:setData: Setting CFC11_emissions[2251]=0
Tue Mar 21 15:37:29 2023:DEBUG:setData: Setting CFC11_emissions[2252]=0
Tue Mar 21 15:37:29 2023:DEBUG:setData: Setting CFC11_emissions[2253]=0
Tue Mar 21 15:37:29 2023:DEBUG:setData: Setting CFC11_emissions[2254]=0
Tue Mar 21 15:37:29 2023:DEBUG:setData: Setting CFC11_emissions[2255]=0
Tue Mar 21 15:37:29 2023:DEBUG:setData: Setting CFC11_emissions[2256]=0
Tue Mar 21 15:37:29 2023:DEBUG:setData: Setting CFC11_emissions[2257]=0
Tue Mar 21 15:37:29 2023:DEBUG:setData: Setting CFC11_emissions[2258]=0
Tue Mar 21 15:37:29 2023:DEBUG:setData: Setting CFC11_emissions[2259]=0
Tue Mar 21 15:37:29 2023:DEBUG:setData: Setting CFC11_emissions[2260]=0
Tue Mar 21 15:37:29 2023:DEBUG:setData: Setting CFC11_emissions[2261]=0
Tue Mar 21 15:37:29 2023:DEBUG:setData: Setting CFC11_emissions[2262]=0
Tue Mar 21 15:37:29 2023:DEBUG:setData: Setting CFC11_emissions[2263]=0
Tue Mar 21 15:37:29 2023:DEBUG:setData: Setting CFC11_emissions[2264]=0
Tue Mar 21 15:37:29 2023:DEBUG:setData: Setting CFC11_emissions[2265]=0
Tue Mar 21 15:37:29 2023:DEBUG:setData: Setting CFC11_emissions[2266]=0
Tue Mar 21 15:37:29 2023:DEBUG:setData: Setting CFC11_emissions[2267]=0
Tue Mar 21 15:37:29 2023:DEBUG:setData: Setting CFC11_emissions[2268]=0
Tue Mar 21 15:37:29 2023:DEBUG:setData: Setting CFC11_emissions[2269]=0
Tue Mar 21 15:37:29 2023:DEBUG:setData: Setting CFC11_emissions[2270]=0
Tue Mar 21 15:37:29 2023:DEBUG:setData: Setting CFC11_emissions[2271]=0
Tue Mar 21 15:37:29 2023:DEBUG:setData: Setting CFC11_emissions[2272]=0
Tue Mar 21 15:37:29 2023:DEBUG:setData: Setting CFC11_emissions[2273]=0
Tue Mar 21 15:37:29 2023:DEBUG:setData: Setting CFC11_emissions[2274]=0
Tue Mar 21 15:37:29 2023:DEBUG:setData: Setting CFC11_emissions[2275]=0
Tue Mar 21 15:37:29 2023:DEBUG:setData: Setting CFC11_emissions[2276]=0
Tue Mar 21 15:37:29 2023:DEBUG:setData: Setting CFC11_emissions[2277]=0
Tue Mar 21 15:37:29 2023:DEBUG:setData: Setting CFC11_emissions[2278]=0
Tue Mar 21 15:37:29 2023:DEBUG:setData: Setting CFC11_emissions[2279]=0
Tue Mar 21 15:37:29 2023:DEBUG:setData: Setting CFC11_emissions[2280]=0
Tue Mar 21 15:37:29 2023:DEBUG:setData: Setting CFC11_emissions[2281]=0
Tue Mar 21 15:37:29 2023:DEBUG:setData: Setting CFC11_emissions[2282]=0
Tue Mar 21 15:37:29 2023:DEBUG:setData: Setting CFC11_emissions[2283]=0
Tue Mar 21 15:37:29 2023:DEBUG:setData: Setting CFC11_emissions[2284]=0
Tue Mar 21 15:37:29 2023:DEBUG:setData: Setting CFC11_emissions[2285]=0
Tue Mar 21 15:37:29 2023:DEBUG:setData: Setting CFC11_emissions[2286]=0
Tue Mar 21 15:37:29 2023:DEBUG:setData: Setting CFC11_emissions[2287]=0
Tue Mar 21 15:37:29 2023:DEBUG:setData: Setting CFC11_emissions[2288]=0
Tue Mar 21 15:37:29 2023:DEBUG:setData: Setting CFC11_emissions[2289]=0
Tue Mar 21 15:37:29 2023:DEBUG:setData: Setting CFC11_emissions[2290]=0
Tue Mar 21 15:37:29 2023:DEBUG:setData: Setting CFC11_emissions[2291]=0
Tue Mar 21 15:37:29 2023:DEBUG:setData: Setting CFC11_emissions[2292]=0
Tue Mar 21 15:37:29 2023:DEBUG:setData: Setting CFC11_emissions[2293]=0
Tue Mar 21 15:37:29 2023:DEBUG:setData: Setting CFC11_emissions[2294]=0
Tue Mar 21 15:37:29 2023:DEBUG:setData: Setting CFC11_emissions[2295]=0
Tue Mar 21 15:37:29 2023:DEBUG:setData: Setting CFC11_emissions[2296]=0
Tue Mar 21 15:37:29 2023:DEBUG:setData: Setting CFC11_emissions[2297]=0
Tue Mar 21 15:37:29 2023:DEBUG:setData: Setting CFC11_emissions[2298]=0
Tue Mar 21 15:37:29 2023:DEBUG:setData: Setting CFC11_emissions[2299]=0
Tue Mar 21 15:37:29 2023:DEBUG:setData: Setting CFC11_emissions[2300]=0
Tue Mar 21 15:37:29 2023:DEBUG:setData: Setting CFC11_emissions[2301]=0
Tue Mar 21 15:37:29 2023:DEBUG:setData: Setting CFC11_emissions[2302]=0
Tue Mar 21 15:37:29 2023:DEBUG:setData: Setting CFC11_emissions[2303]=0
Tue Mar 21 15:37:29 2023:DEBUG:setData: Setting CFC11_emissions[2304]=0
Tue Mar 21 15:37:29 2023:DEBUG:setData: Setting CFC11_emissions[2305]=0
Tue Mar 21 15:37:29 2023:DEBUG:setData: Setting CFC11_emissions[2306]=0
Tue Mar 21 15:37:29 2023:DEBUG:setData: Setting CFC11_emissions[2307]=0
Tue Mar 21 15:37:29 2023:DEBUG:setData: Setting CFC11_emissions[2308]=0
Tue Mar 21 15:37:29 2023:DEBUG:setData: Setting CFC11_emissions[2309]=0
Tue Mar 21 15:37:29 2023:DEBUG:setData: Setting CFC11_emissions[2310]=0
Tue Mar 21 15:37:29 2023:DEBUG:setData: Setting CFC11_emissions[2311]=0
Tue Mar 21 15:37:29 2023:DEBUG:setData: Setting CFC11_emissions[2312]=0
Tue Mar 21 15:37:29 2023:DEBUG:setData: Setting CFC11_emissions[2313]=0
Tue Mar 21 15:37:29 2023:DEBUG:setData: Setting CFC11_emissions[2314]=0
Tue Mar 21 15:37:29 2023:DEBUG:setData: Setting CFC11_emissions[2315]=0
Tue Mar 21 15:37:29 2023:DEBUG:setData: Setting CFC11_emissions[2316]=0
Tue Mar 21 15:37:29 2023:DEBUG:setData: Setting CFC11_emissions[2317]=0
Tue Mar 21 15:37:29 2023:DEBUG:setData: Setting CFC11_emissions[2318]=0
Tue Mar 21 15:37:29 2023:DEBUG:setData: Setting CFC11_emissions[2319]=0
Tue Mar 21 15:37:29 2023:DEBUG:setData: Setting CFC11_emissions[2320]=0
Tue Mar 21 15:37:29 2023:DEBUG:setData: Setting CFC11_emissions[2321]=0
Tue Mar 21 15:37:29 2023:DEBUG:setData: Setting CFC11_emissions[2322]=0
Tue Mar 21 15:37:29 2023:DEBUG:setData: Setting CFC11_emissions[2323]=0
Tue Mar 21 15:37:29 2023:DEBUG:setData: Setting CFC11_emissions[2324]=0
Tue Mar 21 15:37:29 2023:DEBUG:setData: Setting CFC11_emissions[2325]=0
Tue Mar 21 15:37:29 2023:DEBUG:setData: Setting CFC11_emissions[2326]=0
Tue Mar 21 15:37:29 2023:DEBUG:setData: Setting CFC11_emissions[2327]=0
Tue Mar 21 15:37:29 2023:DEBUG:setData: Setting CFC11_emissions[2328]=0
Tue Mar 21 15:37:29 2023:DEBUG:setData: Setting CFC11_emissions[2329]=0
Tue Mar 21 15:37:29 2023:DEBUG:setData: Setting CFC11_emissions[2330]=0
Tue Mar 21 15:37:29 2023:DEBUG:setData: Setting CFC11_emissions[2331]=0
Tue Mar 21 15:37:29 2023:DEBUG:setData: Setting CFC11_emissions[2332]=0
Tue Mar 21 15:37:29 2023:DEBUG:setData: Setting CFC11_emissions[2333]=0
Tue Mar 21 15:37:29 2023:DEBUG:setData: Setting CFC11_emissions[2334]=0
Tue Mar 21 15:37:29 2023:DEBUG:setData: Setting CFC11_emissions[2335]=0
Tue Mar 21 15:37:29 2023:DEBUG:setData: Setting CFC11_emissions[2336]=0
Tue Mar 21 15:37:29 2023:DEBUG:setData: Setting CFC11_emissions[2337]=0
Tue Mar 21 15:37:29 2023:DEBUG:setData: Setting CFC11_emissions[2338]=0
Tue Mar 21 15:37:29 2023:DEBUG:setData: Setting CFC11_emissions[2339]=0
Tue Mar 21 15:37:29 2023:DEBUG:setData: Setting CFC11_emissions[2340]=0
Tue Mar 21 15:37:29 2023:DEBUG:setData: Setting CFC11_emissions[2341]=0
Tue Mar 21 15:37:29 2023:DEBUG:setData: Setting CFC11_emissions[2342]=0
Tue Mar 21 15:37:29 2023:DEBUG:setData: Setting CFC11_emissions[2343]=0
Tue Mar 21 15:37:29 2023:DEBUG:setData: Setting CFC11_emissions[2344]=0
Tue Mar 21 15:37:29 2023:DEBUG:setData: Setting CFC11_emissions[2345]=0
Tue Mar 21 15:37:29 2023:DEBUG:setData: Setting CFC11_emissions[2346]=0
Tue Mar 21 15:37:29 2023:DEBUG:setData: Setting CFC11_emissions[2347]=0
Tue Mar 21 15:37:29 2023:DEBUG:setData: Setting CFC11_emissions[2348]=0
Tue Mar 21 15:37:29 2023:DEBUG:setData: Setting CFC11_emissions[2349]=0
Tue Mar 21 15:37:29 2023:DEBUG:setData: Setting CFC11_emissions[2350]=0
Tue Mar 21 15:37:29 2023:DEBUG:setData: Setting CFC11_emissions[2351]=0
Tue Mar 21 15:37:29 2023:DEBUG:setData: Setting CFC11_emissions[2352]=0
Tue Mar 21 15:37:29 2023:DEBUG:setData: Setting CFC11_emissions[2353]=0
Tue Mar 21 15:37:29 2023:DEBUG:setData: Setting CFC11_emissions[2354]=0
Tue Mar 21 15:37:29 2023:DEBUG:setData: Setting CFC11_emissions[2355]=0
Tue Mar 21 15:37:29 2023:DEBUG:setData: Setting CFC11_emissions[2356]=0
Tue Mar 21 15:37:29 2023:DEBUG:setData: Setting CFC11_emissions[2357]=0
Tue Mar 21 15:37:29 2023:DEBUG:setData: Setting CFC11_emissions[2358]=0
Tue Mar 21 15:37:29 2023:DEBUG:setData: Setting CFC11_emissions[2359]=0
Tue Mar 21 15:37:29 2023:DEBUG:setData: Setting CFC11_emissions[2360]=0
Tue Mar 21 15:37:29 2023:DEBUG:setData: Setting CFC11_emissions[2361]=0
Tue Mar 21 15:37:29 2023:DEBUG:setData: Setting CFC11_emissions[2362]=0
Tue Mar 21 15:37:29 2023:DEBUG:setData: Setting CFC11_emissions[2363]=0
Tue Mar 21 15:37:29 2023:DEBUG:setData: Setting CFC11_emissions[2364]=0
Tue Mar 21 15:37:29 2023:DEBUG:setData: Setting CFC11_emissions[2365]=0
Tue Mar 21 15:37:29 2023:DEBUG:setData: Setting CFC11_emissions[2366]=0
Tue Mar 21 15:37:29 2023:DEBUG:setData: Setting CFC11_emissions[2367]=0
Tue Mar 21 15:37:29 2023:DEBUG:setData: Setting CFC11_emissions[2368]=0
Tue Mar 21 15:37:29 2023:DEBUG:setData: Setting CFC11_emissions[2369]=0
Tue Mar 21 15:37:29 2023:DEBUG:setData: Setting CFC11_emissions[2370]=0
Tue Mar 21 15:37:29 2023:DEBUG:setData: Setting CFC11_emissions[2371]=0
Tue Mar 21 15:37:29 2023:DEBUG:setData: Setting CFC11_emissions[2372]=0
Tue Mar 21 15:37:29 2023:DEBUG:setData: Setting CFC11_emissions[2373]=0
Tue Mar 21 15:37:29 2023:DEBUG:setData: Setting CFC11_emissions[2374]=0
Tue Mar 21 15:37:29 2023:DEBUG:setData: Setting CFC11_emissions[2375]=0
Tue Mar 21 15:37:29 2023:DEBUG:setData: Setting CFC11_emissions[2376]=0
Tue Mar 21 15:37:29 2023:DEBUG:setData: Setting CFC11_emissions[2377]=0
Tue Mar 21 15:37:29 2023:DEBUG:setData: Setting CFC11_emissions[2378]=0
Tue Mar 21 15:37:29 2023:DEBUG:setData: Setting CFC11_emissions[2379]=0
Tue Mar 21 15:37:29 2023:DEBUG:setData: Setting CFC11_emissions[2380]=0
Tue Mar 21 15:37:29 2023:DEBUG:setData: Setting CFC11_emissions[2381]=0
Tue Mar 21 15:37:29 2023:DEBUG:setData: Setting CFC11_emissions[2382]=0
Tue Mar 21 15:37:29 2023:DEBUG:setData: Setting CFC11_emissions[2383]=0
Tue Mar 21 15:37:29 2023:DEBUG:setData: Setting CFC11_emissions[2384]=0
Tue Mar 21 15:37:29 2023:DEBUG:setData: Setting CFC11_emissions[2385]=0
Tue Mar 21 15:37:29 2023:DEBUG:setData: Setting CFC11_emissions[2386]=0
Tue Mar 21 15:37:29 2023:DEBUG:setData: Setting CFC11_emissions[2387]=0
Tue Mar 21 15:37:29 2023:DEBUG:setData: Setting CFC11_emissions[2388]=0
Tue Mar 21 15:37:29 2023:DEBUG:setData: Setting CFC11_emissions[2389]=0
Tue Mar 21 15:37:29 2023:DEBUG:setData: Setting CFC11_emissions[2390]=0
Tue Mar 21 15:37:29 2023:DEBUG:setData: Setting CFC11_emissions[2391]=0
Tue Mar 21 15:37:29 2023:DEBUG:setData: Setting CFC11_emissions[2392]=0
Tue Mar 21 15:37:29 2023:DEBUG:setData: Setting CFC11_emissions[2393]=0
Tue Mar 21 15:37:29 2023:DEBUG:setData: Setting CFC11_emissions[2394]=0
Tue Mar 21 15:37:29 2023:DEBUG:setData: Setting CFC11_emissions[2395]=0
Tue Mar 21 15:37:29 2023:DEBUG:setData: Setting CFC11_emissions[2396]=0
Tue Mar 21 15:37:29 2023:DEBUG:setData: Setting CFC11_emissions[2397]=0
Tue Mar 21 15:37:29 2023:DEBUG:setData: Setting CFC11_emissions[2398]=0
Tue Mar 21 15:37:29 2023:DEBUG:setData: Setting CFC11_emissions[2399]=0
Tue Mar 21 15:37:29 2023:DEBUG:setData: Setting CFC11_emissions[2400]=0
Tue Mar 21 15:37:29 2023:DEBUG:setData: Setting CFC11_emissions[2401]=0
Tue Mar 21 15:37:29 2023:DEBUG:setData: Setting CFC11_emissions[2402]=0
Tue Mar 21 15:37:29 2023:DEBUG:setData: Setting CFC11_emissions[2403]=0
Tue Mar 21 15:37:29 2023:DEBUG:setData: Setting CFC11_emissions[2404]=0
Tue Mar 21 15:37:29 2023:DEBUG:setData: Setting CFC11_emissions[2405]=0
Tue Mar 21 15:37:29 2023:DEBUG:setData: Setting CFC11_emissions[2406]=0
Tue Mar 21 15:37:29 2023:DEBUG:setData: Setting CFC11_emissions[2407]=0
Tue Mar 21 15:37:29 2023:DEBUG:setData: Setting CFC11_emissions[2408]=0
Tue Mar 21 15:37:29 2023:DEBUG:setData: Setting CFC11_emissions[2409]=0
Tue Mar 21 15:37:29 2023:DEBUG:setData: Setting CFC11_emissions[2410]=0
Tue Mar 21 15:37:29 2023:DEBUG:setData: Setting CFC11_emissions[2411]=0
Tue Mar 21 15:37:29 2023:DEBUG:setData: Setting CFC11_emissions[2412]=0
Tue Mar 21 15:37:29 2023:DEBUG:setData: Setting CFC11_emissions[2413]=0
Tue Mar 21 15:37:29 2023:DEBUG:setData: Setting CFC11_emissions[2414]=0
Tue Mar 21 15:37:29 2023:DEBUG:setData: Setting CFC11_emissions[2415]=0
Tue Mar 21 15:37:29 2023:DEBUG:setData: Setting CFC11_emissions[2416]=0
Tue Mar 21 15:37:29 2023:DEBUG:setData: Setting CFC11_emissions[2417]=0
Tue Mar 21 15:37:29 2023:DEBUG:setData: Setting CFC11_emissions[2418]=0
Tue Mar 21 15:37:29 2023:DEBUG:setData: Setting CFC11_emissions[2419]=0
Tue Mar 21 15:37:29 2023:DEBUG:setData: Setting CFC11_emissions[2420]=0
Tue Mar 21 15:37:29 2023:DEBUG:setData: Setting CFC11_emissions[2421]=0
Tue Mar 21 15:37:29 2023:DEBUG:setData: Setting CFC11_emissions[2422]=0
Tue Mar 21 15:37:29 2023:DEBUG:setData: Setting CFC11_emissions[2423]=0
Tue Mar 21 15:37:29 2023:DEBUG:setData: Setting CFC11_emissions[2424]=0
Tue Mar 21 15:37:29 2023:DEBUG:setData: Setting CFC11_emissions[2425]=0
Tue Mar 21 15:37:29 2023:DEBUG:setData: Setting CFC11_emissions[2426]=0
Tue Mar 21 15:37:29 2023:DEBUG:setData: Setting CFC11_emissions[2427]=0
Tue Mar 21 15:37:29 2023:DEBUG:setData: Setting CFC11_emissions[2428]=0
Tue Mar 21 15:37:29 2023:DEBUG:setData: Setting CFC11_emissions[2429]=0
Tue Mar 21 15:37:29 2023:DEBUG:setData: Setting CFC11_emissions[2430]=0
Tue Mar 21 15:37:29 2023:DEBUG:setData: Setting CFC11_emissions[2431]=0
Tue Mar 21 15:37:29 2023:DEBUG:setData: Setting CFC11_emissions[2432]=0
Tue Mar 21 15:37:29 2023:DEBUG:setData: Setting CFC11_emissions[2433]=0
Tue Mar 21 15:37:29 2023:DEBUG:setData: Setting CFC11_emissions[2434]=0
Tue Mar 21 15:37:29 2023:DEBUG:setData: Setting CFC11_emissions[2435]=0
Tue Mar 21 15:37:29 2023:DEBUG:setData: Setting CFC11_emissions[2436]=0
Tue Mar 21 15:37:29 2023:DEBUG:setData: Setting CFC11_emissions[2437]=0
Tue Mar 21 15:37:29 2023:DEBUG:setData: Setting CFC11_emissions[2438]=0
Tue Mar 21 15:37:29 2023:DEBUG:setData: Setting CFC11_emissions[2439]=0
Tue Mar 21 15:37:29 2023:DEBUG:setData: Setting CFC11_emissions[2440]=0
Tue Mar 21 15:37:29 2023:DEBUG:setData: Setting CFC11_emissions[2441]=0
Tue Mar 21 15:37:29 2023:DEBUG:setData: Setting CFC11_emissions[2442]=0
Tue Mar 21 15:37:29 2023:DEBUG:setData: Setting CFC11_emissions[2443]=0
Tue Mar 21 15:37:29 2023:DEBUG:setData: Setting CFC11_emissions[2444]=0
Tue Mar 21 15:37:29 2023:DEBUG:setData: Setting CFC11_emissions[2445]=0
Tue Mar 21 15:37:29 2023:DEBUG:setData: Setting CFC11_emissions[2446]=0
Tue Mar 21 15:37:29 2023:DEBUG:setData: Setting CFC11_emissions[2447]=0
Tue Mar 21 15:37:29 2023:DEBUG:setData: Setting CFC11_emissions[2448]=0
Tue Mar 21 15:37:29 2023:DEBUG:setData: Setting CFC11_emissions[2449]=0
Tue Mar 21 15:37:29 2023:DEBUG:setData: Setting CFC11_emissions[2450]=0
Tue Mar 21 15:37:29 2023:DEBUG:setData: Setting CFC11_emissions[2451]=0
Tue Mar 21 15:37:29 2023:DEBUG:setData: Setting CFC11_emissions[2452]=0
Tue Mar 21 15:37:29 2023:DEBUG:setData: Setting CFC11_emissions[2453]=0
Tue Mar 21 15:37:29 2023:DEBUG:setData: Setting CFC11_emissions[2454]=0
Tue Mar 21 15:37:29 2023:DEBUG:setData: Setting CFC11_emissions[2455]=0
Tue Mar 21 15:37:29 2023:DEBUG:setData: Setting CFC11_emissions[2456]=0
Tue Mar 21 15:37:29 2023:DEBUG:setData: Setting CFC11_emissions[2457]=0
Tue Mar 21 15:37:29 2023:DEBUG:setData: Setting CFC11_emissions[2458]=0
Tue Mar 21 15:37:29 2023:DEBUG:setData: Setting CFC11_emissions[2459]=0
Tue Mar 21 15:37:29 2023:DEBUG:setData: Setting CFC11_emissions[2460]=0
Tue Mar 21 15:37:29 2023:DEBUG:setData: Setting CFC11_emissions[2461]=0
Tue Mar 21 15:37:29 2023:DEBUG:setData: Setting CFC11_emissions[2462]=0
Tue Mar 21 15:37:29 2023:DEBUG:setData: Setting CFC11_emissions[2463]=0
Tue Mar 21 15:37:29 2023:DEBUG:setData: Setting CFC11_emissions[2464]=0
Tue Mar 21 15:37:29 2023:DEBUG:setData: Setting CFC11_emissions[2465]=0
Tue Mar 21 15:37:29 2023:DEBUG:setData: Setting CFC11_emissions[2466]=0
Tue Mar 21 15:37:29 2023:DEBUG:setData: Setting CFC11_emissions[2467]=0
Tue Mar 21 15:37:29 2023:DEBUG:setData: Setting CFC11_emissions[2468]=0
Tue Mar 21 15:37:29 2023:DEBUG:setData: Setting CFC11_emissions[2469]=0
Tue Mar 21 15:37:29 2023:DEBUG:setData: Setting CFC11_emissions[2470]=0
Tue Mar 21 15:37:29 2023:DEBUG:setData: Setting CFC11_emissions[2471]=0
Tue Mar 21 15:37:29 2023:DEBUG:setData: Setting CFC11_emissions[2472]=0
Tue Mar 21 15:37:29 2023:DEBUG:setData: Setting CFC11_emissions[2473]=0
Tue Mar 21 15:37:29 2023:DEBUG:setData: Setting CFC11_emissions[2474]=0
Tue Mar 21 15:37:29 2023:DEBUG:setData: Setting CFC11_emissions[2475]=0
Tue Mar 21 15:37:29 2023:DEBUG:setData: Setting CFC11_emissions[2476]=0
Tue Mar 21 15:37:29 2023:DEBUG:setData: Setting CFC11_emissions[2477]=0
Tue Mar 21 15:37:29 2023:DEBUG:setData: Setting CFC11_emissions[2478]=0
Tue Mar 21 15:37:29 2023:DEBUG:setData: Setting CFC11_emissions[2479]=0
Tue Mar 21 15:37:29 2023:DEBUG:setData: Setting CFC11_emissions[2480]=0
Tue Mar 21 15:37:29 2023:DEBUG:setData: Setting CFC11_emissions[2481]=0
Tue Mar 21 15:37:29 2023:DEBUG:setData: Setting CFC11_emissions[2482]=0
Tue Mar 21 15:37:29 2023:DEBUG:setData: Setting CFC11_emissions[2483]=0
Tue Mar 21 15:37:29 2023:DEBUG:setData: Setting CFC11_emissions[2484]=0
Tue Mar 21 15:37:29 2023:DEBUG:setData: Setting CFC11_emissions[2485]=0
Tue Mar 21 15:37:29 2023:DEBUG:setData: Setting CFC11_emissions[2486]=0
Tue Mar 21 15:37:29 2023:DEBUG:setData: Setting CFC11_emissions[2487]=0
Tue Mar 21 15:37:29 2023:DEBUG:setData: Setting CFC11_emissions[2488]=0
Tue Mar 21 15:37:29 2023:DEBUG:setData: Setting CFC11_emissions[2489]=0
Tue Mar 21 15:37:29 2023:DEBUG:setData: Setting CFC11_emissions[2490]=0
Tue Mar 21 15:37:29 2023:DEBUG:setData: Setting CFC11_emissions[2491]=0
Tue Mar 21 15:37:29 2023:DEBUG:setData: Setting CFC11_emissions[2492]=0
Tue Mar 21 15:37:29 2023:DEBUG:setData: Setting CFC11_emissions[2493]=0
Tue Mar 21 15:37:29 2023:DEBUG:setData: Setting CFC11_emissions[2494]=0
Tue Mar 21 15:37:29 2023:DEBUG:setData: Setting CFC11_emissions[2495]=0
Tue Mar 21 15:37:29 2023:DEBUG:setData: Setting CFC11_emissions[2496]=0
Tue Mar 21 15:37:29 2023:DEBUG:setData: Setting CFC11_emissions[2497]=0
Tue Mar 21 15:37:29 2023:DEBUG:setData: Setting CFC11_emissions[2498]=0
Tue Mar 21 15:37:29 2023:DEBUG:setData: Setting CFC11_emissions[2499]=0
Tue Mar 21 15:37:29 2023:DEBUG:setData: Setting CFC11_emissions[2500]=0
Tue Mar 21 15:37:29 2023:DEBUG:setData: Setting molarMass[-1]=137.35
Tue Mar 21 15:37:29 2023:DEBUG:prepareToRun: prepareToRun 
Tue Mar 21 15:37:30 2023:DEBUG:run: date: 1746 concentration: 0 pptv
Tue Mar 21 15:37:30 2023:DEBUG:run: date: 1747 concentration: 0 pptv
Tue Mar 21 15:37:30 2023:DEBUG:run: date: 1748 concentration: 0 pptv
Tue Mar 21 15:37:30 2023:DEBUG:run: date: 1749 concentration: 0 pptv
Tue Mar 21 15:37:30 2023:DEBUG:run: date: 1750 concentration: 0 pptv
Tue Mar 21 15:37:30 2023:DEBUG:run: date: 1751 concentration: 0 pptv
Tue Mar 21 15:37:30 2023:DEBUG:run: date: 1752 concentration: 0 pptv
Tue Mar 21 15:37:30 2023:DEBUG:run: date: 1753 concentration: 0 pptv
Tue Mar 21 15:37:30 2023:DEBUG:run: date: 1754 concentration: 0 pptv
Tue Mar 21 15:37:30 2023:DEBUG:run: date: 1755 concentration: 0 pptv
Tue Mar 21 15:37:30 2023:DEBUG:run: date: 1756 concentration: 0 pptv
Tue Mar 21 15:37:30 2023:DEBUG:run: date: 1757 concentration: 0 pptv
Tue Mar 21 15:37:30 2023:DEBUG:run: date: 1758 concentration: 0 pptv
Tue Mar 21 15:37:30 2023:DEBUG:run: date: 1759 concentration: 0 pptv
Tue Mar 21 15:37:30 2023:DEBUG:run: date: 1760 concentration: 0 pptv
Tue Mar 21 15:37:30 2023:DEBUG:run: date: 1761 concentration: 0 pptv
Tue Mar 21 15:37:30 2023:DEBUG:run: date: 1762 concentration: 0 pptv
Tue Mar 21 15:37:30 2023:DEBUG:run: date: 1763 concentration: 0 pptv
Tue Mar 21 15:37:30 2023:DEBUG:run: date: 1764 concentration: 0 pptv
Tue Mar 21 15:37:30 2023:DEBUG:run: date: 1765 concentration: 0 pptv
Tue Mar 21 15:37:30 2023:DEBUG:run: date: 1766 concentration: 0 pptv
Tue Mar 21 15:37:30 2023:DEBUG:run: date: 1767 concentration: 0 pptv
Tue Mar 21 15:37:30 2023:DEBUG:run: date: 1768 concentration: 0 pptv
Tue Mar 21 15:37:30 2023:DEBUG:run: date: 1769 concentration: 0 pptv
Tue Mar 21 15:37:30 2023:DEBUG:run: date: 1770 concentration: 0 pptv
Tue Mar 21 15:37:30 2023:DEBUG:run: date: 1771 concentration: 0 pptv
Tue Mar 21 15:37:30 2023:DEBUG:run: date: 1772 concentration: 0 pptv
Tue Mar 21 15:37:30 2023:DEBUG:run: date: 1773 concentration: 0 pptv
Tue Mar 21 15:37:30 2023:DEBUG:run: date: 1774 concentration: 0 pptv
Tue Mar 21 15:37:30 2023:DEBUG:run: date: 1775 concentration: 0 pptv
Tue Mar 21 15:37:30 2023:DEBUG:run: date: 1776 concentration: 0 pptv
Tue Mar 21 15:37:30 2023:DEBUG:run: date: 1777 concentration: 0 pptv
Tue Mar 21 15:37:30 2023:DEBUG:run: date: 1778 concentration: 0 pptv
Tue Mar 21 15:37:30 2023:DEBUG:run: date: 1779 concentration: 0 pptv
Tue Mar 21 15:37:30 2023:DEBUG:run: date: 1780 concentration: 0 pptv
Tue Mar 21 15:37:30 2023:DEBUG:run: date: 1781 concentration: 0 pptv
Tue Mar 21 15:37:30 2023:DEBUG:run: date: 1782 concentration: 0 pptv
Tue Mar 21 15:37:30 2023:DEBUG:run: date: 1783 concentration: 0 pptv
Tue Mar 21 15:37:30 2023:DEBUG:run: date: 1784 concentration: 0 pptv
Tue Mar 21 15:37:30 2023:DEBUG:run: date: 1785 concentration: 0 pptv
Tue Mar 21 15:37:30 2023:DEBUG:run: date: 1786 concentration: 0 pptv
Tue Mar 21 15:37:30 2023:DEBUG:run: date: 1787 concentration: 0 pptv
Tue Mar 21 15:37:30 2023:DEBUG:run: date: 1788 concentration: 0 pptv
Tue Mar 21 15:37:30 2023:DEBUG:run: date: 1789 concentration: 0 pptv
Tue Mar 21 15:37:30 2023:DEBUG:run: date: 1790 concentration: 0 pptv
Tue Mar 21 15:37:30 2023:DEBUG:run: date: 1791 concentration: 0 pptv
Tue Mar 21 15:37:30 2023:DEBUG:run: date: 1792 concentration: 0 pptv
Tue Mar 21 15:37:30 2023:DEBUG:run: date: 1793 concentration: 0 pptv
Tue Mar 21 15:37:30 2023:DEBUG:run: date: 1794 concentration: 0 pptv
Tue Mar 21 15:37:30 2023:DEBUG:run: date: 1795 concentration: 0 pptv
Tue Mar 21 15:37:30 2023:DEBUG:run: date: 1796 concentration: 0 pptv
Tue Mar 21 15:37:30 2023:DEBUG:run: date: 1797 concentration: 0 pptv
Tue Mar 21 15:37:30 2023:DEBUG:run: date: 1798 concentration: 0 pptv
Tue Mar 21 15:37:30 2023:DEBUG:run: date: 1799 concentration: 0 pptv
Tue Mar 21 15:37:30 2023:DEBUG:run: date: 1800 concentration: 0 pptv
Tue Mar 21 15:37:30 2023:DEBUG:run: date: 1801 concentration: 0 pptv
Tue Mar 21 15:37:30 2023:DEBUG:run: date: 1802 concentration: 0 pptv
Tue Mar 21 15:37:30 2023:DEBUG:run: date: 1803 concentration: 0 pptv
Tue Mar 21 15:37:30 2023:DEBUG:run: date: 1804 concentration: 0 pptv
Tue Mar 21 15:37:30 2023:DEBUG:run: date: 1805 concentration: 0 pptv
Tue Mar 21 15:37:30 2023:DEBUG:run: date: 1806 concentration: 0 pptv
Tue Mar 21 15:37:30 2023:DEBUG:run: date: 1807 concentration: 0 pptv
Tue Mar 21 15:37:30 2023:DEBUG:run: date: 1808 concentration: 0 pptv
Tue Mar 21 15:37:30 2023:DEBUG:run: date: 1809 concentration: 0 pptv
Tue Mar 21 15:37:30 2023:DEBUG:run: date: 1810 concentration: 0 pptv
Tue Mar 21 15:37:30 2023:DEBUG:run: date: 1811 concentration: 0 pptv
Tue Mar 21 15:37:30 2023:DEBUG:run: date: 1812 concentration: 0 pptv
Tue Mar 21 15:37:30 2023:DEBUG:run: date: 1813 concentration: 0 pptv
Tue Mar 21 15:37:30 2023:DEBUG:run: date: 1814 concentration: 0 pptv
Tue Mar 21 15:37:30 2023:DEBUG:run: date: 1815 concentration: 0 pptv
Tue Mar 21 15:37:30 2023:DEBUG:run: date: 1816 concentration: 0 pptv
Tue Mar 21 15:37:30 2023:DEBUG:run: date: 1817 concentration: 0 pptv
Tue Mar 21 15:37:30 2023:DEBUG:run: date: 1818 concentration: 0 pptv
Tue Mar 21 15:37:30 2023:DEBUG:run: date: 1819 concentration: 0 pptv
Tue Mar 21 15:37:30 2023:DEBUG:run: date: 1820 concentration: 0 pptv
Tue Mar 21 15:37:30 2023:DEBUG:run: date: 1821 concentration: 0 pptv
Tue Mar 21 15:37:30 2023:DEBUG:run: date: 1822 concentration: 0 pptv
Tue Mar 21 15:37:30 2023:DEBUG:run: date: 1823 concentration: 0 pptv
Tue Mar 21 15:37:30 2023:DEBUG:run: date: 1824 concentration: 0 pptv
Tue Mar 21 15:37:30 2023:DEBUG:run: date: 1825 concentration: 0 pptv
Tue Mar 21 15:37:30 2023:DEBUG:run: date: 1826 concentration: 0 pptv
Tue Mar 21 15:37:30 2023:DEBUG:run: date: 1827 concentration: 0 pptv
Tue Mar 21 15:37:30 2023:DEBUG:run: date: 1828 concentration: 0 pptv
Tue Mar 21 15:37:30 2023:DEBUG:run: date: 1829 concentration: 0 pptv
Tue Mar 21 15:37:30 2023:DEBUG:run: date: 1830 concentration: 0 pptv
Tue Mar 21 15:37:30 2023:DEBUG:run: date: 1831 concentration: 0 pptv
Tue Mar 21 15:37:30 2023:DEBUG:run: date: 1832 concentration: 0 pptv
Tue Mar 21 15:37:30 2023:DEBUG:run: date: 1833 concentration: 0 pptv
Tue Mar 21 15:37:30 2023:DEBUG:run: date: 1834 concentration: 0 pptv
Tue Mar 21 15:37:30 2023:DEBUG:run: date: 1835 concentration: 0 pptv
Tue Mar 21 15:37:30 2023:DEBUG:run: date: 1836 concentration: 0 pptv
Tue Mar 21 15:37:30 2023:DEBUG:run: date: 1837 concentration: 0 pptv
Tue Mar 21 15:37:30 2023:DEBUG:run: date: 1838 concentration: 0 pptv
Tue Mar 21 15:37:30 2023:DEBUG:run: date: 1839 concentration: 0 pptv
Tue Mar 21 15:37:30 2023:DEBUG:run: date: 1840 concentration: 0 pptv
Tue Mar 21 15:37:30 2023:DEBUG:run: date: 1841 concentration: 0 pptv
Tue Mar 21 15:37:30 2023:DEBUG:run: date: 1842 concentration: 0 pptv
Tue Mar 21 15:37:30 2023:DEBUG:run: date: 1843 concentration: 0 pptv
Tue Mar 21 15:37:30 2023:DEBUG:run: date: 1844 concentration: 0 pptv
Tue Mar 21 15:37:30 2023:DEBUG:run: date: 1845 concentration: 0 pptv
Tue Mar 21 15:37:30 2023:DEBUG:run: date: 1846 concentration: 0 pptv
Tue Mar 21 15:37:30 2023:DEBUG:run: date: 1847 concentration: 0 pptv
Tue Mar 21 15:37:30 2023:DEBUG:run: date: 1848 concentration: 0 pptv
Tue Mar 21 15:37:30 2023:DEBUG:run: date: 1849 concentration: 0 pptv
Tue Mar 21 15:37:30 2023:DEBUG:run: date: 1850 concentration: 0 pptv
Tue Mar 21 15:37:30 2023:DEBUG:run: date: 1851 concentration: 0 pptv
Tue Mar 21 15:37:30 2023:DEBUG:run: date: 1852 concentration: 0 pptv
Tue Mar 21 15:37:30 2023:DEBUG:run: date: 1853 concentration: 0 pptv
Tue Mar 21 15:37:30 2023:DEBUG:run: date: 1854 concentration: 0 pptv
Tue Mar 21 15:37:30 2023:DEBUG:run: date: 1855 concentration: 0 pptv
Tue Mar 21 15:37:30 2023:DEBUG:run: date: 1856 concentration: 0 pptv
Tue Mar 21 15:37:30 2023:DEBUG:run: date: 1857 concentration: 0 pptv
Tue Mar 21 15:37:30 2023:DEBUG:run: date: 1858 concentration: 0 pptv
Tue Mar 21 15:37:30 2023:DEBUG:run: date: 1859 concentration: 0 pptv
Tue Mar 21 15:37:30 2023:DEBUG:run: date: 1860 concentration: 0 pptv
Tue Mar 21 15:37:30 2023:DEBUG:run: date: 1861 concentration: 0 pptv
Tue Mar 21 15:37:30 2023:DEBUG:run: date: 1862 concentration: 0 pptv
Tue Mar 21 15:37:30 2023:DEBUG:run: date: 1863 concentration: 0 pptv
Tue Mar 21 15:37:30 2023:DEBUG:run: date: 1864 concentration: 0 pptv
Tue Mar 21 15:37:30 2023:DEBUG:run: date: 1865 concentration: 0 pptv
Tue Mar 21 15:37:30 2023:DEBUG:run: date: 1866 concentration: 0 pptv
Tue Mar 21 15:37:30 2023:DEBUG:run: date: 1867 concentration: 0 pptv
Tue Mar 21 15:37:30 2023:DEBUG:run: date: 1868 concentration: 0 pptv
Tue Mar 21 15:37:30 2023:DEBUG:run: date: 1869 concentration: 0 pptv
Tue Mar 21 15:37:30 2023:DEBUG:run: date: 1870 concentration: 0 pptv
Tue Mar 21 15:37:30 2023:DEBUG:run: date: 1871 concentration: 0 pptv
Tue Mar 21 15:37:30 2023:DEBUG:run: date: 1872 concentration: 0 pptv
Tue Mar 21 15:37:30 2023:DEBUG:run: date: 1873 concentration: 0 pptv
Tue Mar 21 15:37:30 2023:DEBUG:run: date: 1874 concentration: 0 pptv
Tue Mar 21 15:37:30 2023:DEBUG:run: date: 1875 concentration: 0 pptv
Tue Mar 21 15:37:30 2023:DEBUG:run: date: 1876 concentration: 0 pptv
Tue Mar 21 15:37:30 2023:DEBUG:run: date: 1877 concentration: 0 pptv
Tue Mar 21 15:37:30 2023:DEBUG:run: date: 1878 concentration: 0 pptv
Tue Mar 21 15:37:30 2023:DEBUG:run: date: 1879 concentration: 0 pptv
Tue Mar 21 15:37:30 2023:DEBUG:run: date: 1880 concentration: 0 pptv
Tue Mar 21 15:37:30 2023:DEBUG:run: date: 1881 concentration: 0 pptv
Tue Mar 21 15:37:30 2023:DEBUG:run: date: 1882 concentration: 0 pptv
Tue Mar 21 15:37:30 2023:DEBUG:run: date: 1883 concentration: 0 pptv
Tue Mar 21 15:37:30 2023:DEBUG:run: date: 1884 concentration: 0 pptv
Tue Mar 21 15:37:30 2023:DEBUG:run: date: 1885 concentration: 0 pptv
Tue Mar 21 15:37:30 2023:DEBUG:run: date: 1886 concentration: 0 pptv
Tue Mar 21 15:37:30 2023:DEBUG:run: date: 1887 concentration: 0 pptv
Tue Mar 21 15:37:30 2023:DEBUG:run: date: 1888 concentration: 0 pptv
Tue Mar 21 15:37:30 2023:DEBUG:run: date: 1889 concentration: 0 pptv
Tue Mar 21 15:37:30 2023:DEBUG:run: date: 1890 concentration: 0 pptv
Tue Mar 21 15:37:30 2023:DEBUG:run: date: 1891 concentration: 0 pptv
Tue Mar 21 15:37:30 2023:DEBUG:run: date: 1892 concentration: 0 pptv
Tue Mar 21 15:37:30 2023:DEBUG:run: date: 1893 concentration: 0 pptv
Tue Mar 21 15:37:30 2023:DEBUG:run: date: 1894 concentration: 0 pptv
Tue Mar 21 15:37:30 2023:DEBUG:run: date: 1895 concentration: 0 pptv
Tue Mar 21 15:37:30 2023:DEBUG:run: date: 1896 concentration: 0 pptv
Tue Mar 21 15:37:30 2023:DEBUG:run: date: 1897 concentration: 0 pptv
Tue Mar 21 15:37:31 2023:DEBUG:run: date: 1898 concentration: 0 pptv
Tue Mar 21 15:37:31 2023:DEBUG:run: date: 1899 concentration: 0 pptv
Tue Mar 21 15:37:31 2023:DEBUG:run: date: 1900 concentration: 0 pptv
Tue Mar 21 15:37:31 2023:DEBUG:run: date: 1901 concentration: 0 pptv
Tue Mar 21 15:37:31 2023:DEBUG:run: date: 1902 concentration: 0 pptv
Tue Mar 21 15:37:31 2023:DEBUG:run: date: 1903 concentration: 0 pptv
Tue Mar 21 15:37:31 2023:DEBUG:run: date: 1904 concentration: 0 pptv
Tue Mar 21 15:37:31 2023:DEBUG:run: date: 1905 concentration: 0 pptv
Tue Mar 21 15:37:31 2023:DEBUG:run: date: 1906 concentration: 0 pptv
Tue Mar 21 15:37:31 2023:DEBUG:run: date: 1907 concentration: 0 pptv
Tue Mar 21 15:37:31 2023:DEBUG:run: date: 1908 concentration: 0 pptv
Tue Mar 21 15:37:31 2023:DEBUG:run: date: 1909 concentration: 0 pptv
Tue Mar 21 15:37:31 2023:DEBUG:run: date: 1910 concentration: 0 pptv
Tue Mar 21 15:37:31 2023:DEBUG:run: date: 1911 concentration: 0 pptv
Tue Mar 21 15:37:31 2023:DEBUG:run: date: 1912 concentration: 0 pptv
Tue Mar 21 15:37:31 2023:DEBUG:run: date: 1913 concentration: 0 pptv
Tue Mar 21 15:37:31 2023:DEBUG:run: date: 1914 concentration: 0 pptv
Tue Mar 21 15:37:31 2023:DEBUG:run: date: 1915 concentration: 0 pptv
Tue Mar 21 15:37:31 2023:DEBUG:run: date: 1916 concentration: 0 pptv
Tue Mar 21 15:37:31 2023:DEBUG:run: date: 1917 concentration: 0 pptv
Tue Mar 21 15:37:31 2023:DEBUG:run: date: 1918 concentration: 0 pptv
Tue Mar 21 15:37:31 2023:DEBUG:run: date: 1919 concentration: 0 pptv
Tue Mar 21 15:37:31 2023:DEBUG:run: date: 1920 concentration: 0 pptv
Tue Mar 21 15:37:31 2023:DEBUG:run: date: 1921 concentration: 0 pptv
Tue Mar 21 15:37:31 2023:DEBUG:run: date: 1922 concentration: 0 pptv
Tue Mar 21 15:37:31 2023:DEBUG:run: date: 1923 concentration: 0 pptv
Tue Mar 21 15:37:31 2023:DEBUG:run: date: 1924 concentration: 0 pptv
Tue Mar 21 15:37:31 2023:DEBUG:run: date: 1925 concentration: 0 pptv
Tue Mar 21 15:37:31 2023:DEBUG:run: date: 1926 concentration: 0 pptv
Tue Mar 21 15:37:31 2023:DEBUG:run: date: 1927 concentration: 0 pptv
Tue Mar 21 15:37:31 2023:DEBUG:run: date: 1928 concentration: 0 pptv
Tue Mar 21 15:37:31 2023:DEBUG:run: date: 1929 concentration: 0 pptv
Tue Mar 21 15:37:31 2023:DEBUG:run: date: 1930 concentration: 0 pptv
Tue Mar 21 15:37:31 2023:DEBUG:run: date: 1931 concentration: 0 pptv
Tue Mar 21 15:37:31 2023:DEBUG:run: date: 1932 concentration: 0 pptv
Tue Mar 21 15:37:31 2023:DEBUG:run: date: 1933 concentration: 0 pptv
Tue Mar 21 15:37:31 2023:DEBUG:run: date: 1934 concentration: 0 pptv
Tue Mar 21 15:37:31 2023:DEBUG:run: date: 1935 concentration: 0 pptv
Tue Mar 21 15:37:31 2023:DEBUG:run: date: 1936 concentration: 0 pptv
Tue Mar 21 15:37:31 2023:DEBUG:run: date: 1937 concentration: 0 pptv
Tue Mar 21 15:37:31 2023:DEBUG:run: date: 1938 concentration: 0 pptv
Tue Mar 21 15:37:31 2023:DEBUG:run: date: 1939 concentration: 0 pptv
Tue Mar 21 15:37:31 2023:DEBUG:run: date: 1940 concentration: 0 pptv
Tue Mar 21 15:37:31 2023:DEBUG:run: date: 1941 concentration: 0 pptv
Tue Mar 21 15:37:31 2023:DEBUG:run: date: 1942 concentration: 0 pptv
Tue Mar 21 15:37:31 2023:DEBUG:run: date: 1943 concentration: 0.00225819 pptv
Tue Mar 21 15:37:31 2023:DEBUG:run: date: 1944 concentration: 0.0411171 pptv
Tue Mar 21 15:37:31 2023:DEBUG:run: date: 1945 concentration: 0.178594 pptv
Tue Mar 21 15:37:31 2023:DEBUG:run: date: 1946 concentration: 0.372298 pptv
Tue Mar 21 15:37:31 2023:DEBUG:run: date: 1947 concentration: 0.557687 pptv
Tue Mar 21 15:37:31 2023:DEBUG:run: date: 1948 concentration: 0.739696 pptv
Tue Mar 21 15:37:31 2023:DEBUG:run: date: 1949 concentration: 0.945896 pptv
Tue Mar 21 15:37:31 2023:DEBUG:run: date: 1950 concentration: 1.25097 pptv
Tue Mar 21 15:37:31 2023:DEBUG:run: date: 1951 concentration: 1.7055 pptv
Tue Mar 21 15:37:31 2023:DEBUG:run: date: 1952 concentration: 2.31121 pptv
Tue Mar 21 15:37:31 2023:DEBUG:run: date: 1953 concentration: 3.0685 pptv
Tue Mar 21 15:37:31 2023:DEBUG:run: date: 1954 concentration: 4.00961 pptv
Tue Mar 21 15:37:31 2023:DEBUG:run: date: 1955 concentration: 5.15065 pptv
Tue Mar 21 15:37:31 2023:DEBUG:run: date: 1956 concentration: 6.37939 pptv
Tue Mar 21 15:37:31 2023:DEBUG:run: date: 1957 concentration: 7.55411 pptv
Tue Mar 21 15:37:31 2023:DEBUG:run: date: 1958 concentration: 8.77802 pptv
Tue Mar 21 15:37:31 2023:DEBUG:run: date: 1959 concentration: 10.3254 pptv
Tue Mar 21 15:37:31 2023:DEBUG:run: date: 1960 concentration: 12.3499 pptv
Tue Mar 21 15:37:31 2023:DEBUG:run: date: 1961 concentration: 14.9034 pptv
Tue Mar 21 15:37:31 2023:DEBUG:run: date: 1962 concentration: 18.0246 pptv
Tue Mar 21 15:37:31 2023:DEBUG:run: date: 1963 concentration: 21.702 pptv
Tue Mar 21 15:37:31 2023:DEBUG:run: date: 1964 concentration: 25.8773 pptv
Tue Mar 21 15:37:31 2023:DEBUG:run: date: 1965 concentration: 30.5424 pptv
Tue Mar 21 15:37:31 2023:DEBUG:run: date: 1966 concentration: 35.7913 pptv
Tue Mar 21 15:37:31 2023:DEBUG:run: date: 1967 concentration: 41.782 pptv
Tue Mar 21 15:37:31 2023:DEBUG:run: date: 1968 concentration: 48.6696 pptv
Tue Mar 21 15:37:31 2023:DEBUG:run: date: 1969 concentration: 56.4295 pptv
Tue Mar 21 15:37:31 2023:DEBUG:run: date: 1970 concentration: 65.0053 pptv
Tue Mar 21 15:37:31 2023:DEBUG:run: date: 1971 concentration: 74.635 pptv
Tue Mar 21 15:37:31 2023:DEBUG:run: date: 1972 concentration: 85.5645 pptv
Tue Mar 21 15:37:31 2023:DEBUG:run: date: 1973 concentration: 97.2075 pptv
Tue Mar 21 15:37:31 2023:DEBUG:run: date: 1974 concentration: 108.696 pptv
Tue Mar 21 15:37:31 2023:DEBUG:run: date: 1975 concentration: 119.817 pptv
Tue Mar 21 15:37:31 2023:DEBUG:run: date: 1976 concentration: 130.355 pptv
Tue Mar 21 15:37:31 2023:DEBUG:run: date: 1977 concentration: 139.735 pptv
Tue Mar 21 15:37:31 2023:DEBUG:run: date: 1978 concentration: 147.803 pptv
Tue Mar 21 15:37:31 2023:DEBUG:run: date: 1979 concentration: 155.401 pptv
Tue Mar 21 15:37:31 2023:DEBUG:run: date: 1980 concentration: 163.03 pptv
Tue Mar 21 15:37:31 2023:DEBUG:run: date: 1981 concentration: 170.288 pptv
Tue Mar 21 15:37:31 2023:DEBUG:run: date: 1982 concentration: 177.655 pptv
Tue Mar 21 15:37:31 2023:DEBUG:run: date: 1983 concentration: 187.883 pptv
Tue Mar 21 15:37:31 2023:DEBUG:run: date: 1984 concentration: 197.859 pptv
Tue Mar 21 15:37:31 2023:DEBUG:run: date: 1985 concentration: 206.384 pptv
Tue Mar 21 15:37:31 2023:DEBUG:run: date: 1986 concentration: 216.377 pptv
Tue Mar 21 15:37:31 2023:DEBUG:run: date: 1987 concentration: 226.709 pptv
Tue Mar 21 15:37:31 2023:DEBUG:run: date: 1988 concentration: 234.703 pptv
Tue Mar 21 15:37:31 2023:DEBUG:run: date: 1989 concentration: 239.405 pptv
Tue Mar 21 15:37:31 2023:DEBUG:run: date: 1990 concentration: 242.474 pptv
Tue Mar 21 15:37:31 2023:DEBUG:run: date: 1991 concentration: 243.538 pptv
Tue Mar 21 15:37:31 2023:DEBUG:run: date: 1992 concentration: 242.462 pptv
Tue Mar 21 15:37:31 2023:DEBUG:run: date: 1993 concentration: 240.507 pptv
Tue Mar 21 15:37:31 2023:DEBUG:run: date: 1994 concentration: 238.657 pptv
Tue Mar 21 15:37:31 2023:DEBUG:run: date: 1995 concentration: 236.863 pptv
Tue Mar 21 15:37:31 2023:DEBUG:run: date: 1996 concentration: 235.069 pptv
Tue Mar 21 15:37:31 2023:DEBUG:run: date: 1997 concentration: 233.357 pptv
Tue Mar 21 15:37:31 2023:DEBUG:run: date: 1998 concentration: 231.682 pptv
Tue Mar 21 15:37:31 2023:DEBUG:run: date: 1999 concentration: 229.899 pptv
Tue Mar 21 15:37:31 2023:DEBUG:run: date: 2000 concentration: 227.9 pptv
Tue Mar 21 15:37:31 2023:DEBUG:run: date: 2001 concentration: 225.622 pptv
Tue Mar 21 15:37:31 2023:DEBUG:run: date: 2002 concentration: 223.203 pptv
Tue Mar 21 15:37:31 2023:DEBUG:run: date: 2003 concentration: 220.789 pptv
Tue Mar 21 15:37:31 2023:DEBUG:run: date: 2004 concentration: 218.375 pptv
Tue Mar 21 15:37:31 2023:DEBUG:run: date: 2005 concentration: 215.989 pptv
Tue Mar 21 15:37:31 2023:DEBUG:run: date: 2006 concentration: 213.764 pptv
Tue Mar 21 15:37:31 2023:DEBUG:run: date: 2007 concentration: 211.656 pptv
Tue Mar 21 15:37:31 2023:DEBUG:run: date: 2008 concentration: 209.527 pptv
Tue Mar 21 15:37:31 2023:DEBUG:run: date: 2009 concentration: 207.325 pptv
Tue Mar 21 15:37:31 2023:DEBUG:run: date: 2010 concentration: 205.123 pptv
Tue Mar 21 15:37:31 2023:DEBUG:run: date: 2011 concentration: 203.112 pptv
Tue Mar 21 15:37:31 2023:DEBUG:run: date: 2012 concentration: 201.457 pptv
Tue Mar 21 15:37:31 2023:DEBUG:run: date: 2013 concentration: 200.06 pptv
Tue Mar 21 15:37:31 2023:DEBUG:run: date: 2014 concentration: 197.861 pptv
Tue Mar 21 15:37:31 2023:DEBUG:run: date: 2015 concentration: 195.255 pptv
Tue Mar 21 15:37:31 2023:DEBUG:run: date: 2016 concentration: 192.639 pptv
Tue Mar 21 15:37:31 2023:DEBUG:run: date: 2017 concentration: 190.013 pptv
Tue Mar 21 15:37:31 2023:DEBUG:run: date: 2018 concentration: 187.377 pptv
Tue Mar 21 15:37:31 2023:DEBUG:run: date: 2019 concentration: 184.732 pptv
Tue Mar 21 15:37:31 2023:DEBUG:run: date: 2020 concentration: 182.076 pptv
Tue Mar 21 15:37:31 2023:DEBUG:run: date: 2021 concentration: 179.43 pptv
Tue Mar 21 15:37:31 2023:DEBUG:run: date: 2022 concentration: 176.792 pptv
Tue Mar 21 15:37:31 2023:DEBUG:run: date: 2023 concentration: 174.164 pptv
Tue Mar 21 15:37:31 2023:DEBUG:run: date: 2024 concentration: 171.544 pptv
Tue Mar 21 15:37:31 2023:DEBUG:run: date: 2025 concentration: 168.932 pptv
Tue Mar 21 15:37:31 2023:DEBUG:run: date: 2026 concentration: 166.328 pptv
Tue Mar 21 15:37:31 2023:DEBUG:run: date: 2027 concentration: 163.732 pptv
Tue Mar 21 15:37:31 2023:DEBUG:run: date: 2028 concentration: 161.144 pptv
Tue Mar 21 15:37:31 2023:DEBUG:run: date: 2029 concentration: 158.564 pptv
Tue Mar 21 15:37:31 2023:DEBUG:run: date: 2030 concentration: 155.991 pptv
Tue Mar 21 15:37:31 2023:DEBUG:run: date: 2031 concentration: 153.443 pptv
Tue Mar 21 15:37:31 2023:DEBUG:run: date: 2032 concentration: 150.919 pptv
Tue Mar 21 15:37:31 2023:DEBUG:run: date: 2033 concentration: 148.418 pptv
Tue Mar 21 15:37:31 2023:DEBUG:run: date: 2034 concentration: 145.94 pptv
Tue Mar 21 15:37:31 2023:DEBUG:run: date: 2035 concentration: 143.485 pptv
Tue Mar 21 15:37:31 2023:DEBUG:run: date: 2036 concentration: 141.051 pptv
Tue Mar 21 15:37:31 2023:DEBUG:run: date: 2037 concentration: 138.639 pptv
Tue Mar 21 15:37:31 2023:DEBUG:run: date: 2038 concentration: 136.249 pptv
Tue Mar 21 15:37:31 2023:DEBUG:run: date: 2039 concentration: 133.878 pptv
Tue Mar 21 15:37:31 2023:DEBUG:run: date: 2040 concentration: 131.528 pptv
Tue Mar 21 15:37:31 2023:DEBUG:run: date: 2041 concentration: 129.209 pptv
Tue Mar 21 15:37:31 2023:DEBUG:run: date: 2042 concentration: 126.92 pptv
Tue Mar 21 15:37:31 2023:DEBUG:run: date: 2043 concentration: 124.66 pptv
Tue Mar 21 15:37:31 2023:DEBUG:run: date: 2044 concentration: 122.429 pptv
Tue Mar 21 15:37:31 2023:DEBUG:run: date: 2045 concentration: 120.227 pptv
Tue Mar 21 15:37:31 2023:DEBUG:run: date: 2046 concentration: 118.052 pptv
Tue Mar 21 15:37:31 2023:DEBUG:run: date: 2047 concentration: 115.905 pptv
Tue Mar 21 15:37:31 2023:DEBUG:run: date: 2048 concentration: 113.783 pptv
Tue Mar 21 15:37:31 2023:DEBUG:run: date: 2049 concentration: 111.688 pptv
Tue Mar 21 15:37:31 2023:DEBUG:run: date: 2050 concentration: 109.618 pptv
Tue Mar 21 15:37:31 2023:DEBUG:run: date: 2051 concentration: 107.58 pptv
Tue Mar 21 15:37:31 2023:DEBUG:run: date: 2052 concentration: 105.573 pptv
Tue Mar 21 15:37:31 2023:DEBUG:run: date: 2053 concentration: 103.597 pptv
Tue Mar 21 15:37:31 2023:DEBUG:run: date: 2054 concentration: 101.65 pptv
Tue Mar 21 15:37:31 2023:DEBUG:run: date: 2055 concentration: 99.7333 pptv
Tue Mar 21 15:37:31 2023:DEBUG:run: date: 2056 concentration: 97.845 pptv
Tue Mar 21 15:37:31 2023:DEBUG:run: date: 2057 concentration: 95.9847 pptv
Tue Mar 21 15:37:31 2023:DEBUG:run: date: 2058 concentration: 94.1517 pptv
Tue Mar 21 15:37:31 2023:DEBUG:run: date: 2059 concentration: 92.3456 pptv
Tue Mar 21 15:37:31 2023:DEBUG:run: date: 2060 concentration: 90.5657 pptv
Tue Mar 21 15:37:31 2023:DEBUG:run: date: 2061 concentration: 88.8162 pptv
Tue Mar 21 15:37:31 2023:DEBUG:run: date: 2062 concentration: 87.0964 pptv
Tue Mar 21 15:37:31 2023:DEBUG:run: date: 2063 concentration: 85.4056 pptv
Tue Mar 21 15:37:31 2023:DEBUG:run: date: 2064 concentration: 83.7432 pptv
Tue Mar 21 15:37:31 2023:DEBUG:run: date: 2065 concentration: 82.1086 pptv
Tue Mar 21 15:37:31 2023:DEBUG:run: date: 2066 concentration: 80.5011 pptv
Tue Mar 21 15:37:31 2023:DEBUG:run: date: 2067 concentration: 78.9203 pptv
Tue Mar 21 15:37:31 2023:DEBUG:run: date: 2068 concentration: 77.3654 pptv
Tue Mar 21 15:37:31 2023:DEBUG:run: date: 2069 concentration: 75.8359 pptv
Tue Mar 21 15:37:31 2023:DEBUG:run: date: 2070 concentration: 74.3313 pptv
Tue Mar 21 15:37:31 2023:DEBUG:run: date: 2071 concentration: 72.8541 pptv
Tue Mar 21 15:37:31 2023:DEBUG:run: date: 2072 concentration: 71.4037 pptv
Tue Mar 21 15:37:31 2023:DEBUG:run: date: 2073 concentration: 69.9795 pptv
Tue Mar 21 15:37:31 2023:DEBUG:run: date: 2074 concentration: 68.5808 pptv
Tue Mar 21 15:37:31 2023:DEBUG:run: date: 2075 concentration: 67.2073 pptv
Tue Mar 21 15:37:31 2023:DEBUG:run: date: 2076 concentration: 65.8582 pptv
Tue Mar 21 15:37:31 2023:DEBUG:run: date: 2077 concentration: 64.5331 pptv
Tue Mar 21 15:37:31 2023:DEBUG:run: date: 2078 concentration: 63.2314 pptv
Tue Mar 21 15:37:31 2023:DEBUG:run: date: 2079 concentration: 61.9527 pptv
Tue Mar 21 15:37:31 2023:DEBUG:run: date: 2080 concentration: 60.6964 pptv
Tue Mar 21 15:37:31 2023:DEBUG:run: date: 2081 concentration: 59.464 pptv
Tue Mar 21 15:37:31 2023:DEBUG:run: date: 2082 concentration: 58.255 pptv
Tue Mar 21 15:37:31 2023:DEBUG:run: date: 2083 concentration: 57.0688 pptv
Tue Mar 21 15:37:31 2023:DEBUG:run: date: 2084 concentration: 55.9051 pptv
Tue Mar 21 15:37:31 2023:DEBUG:run: date: 2085 concentration: 54.7632 pptv
Tue Mar 21 15:37:31 2023:DEBUG:run: date: 2086 concentration: 53.6428 pptv
Tue Mar 21 15:37:32 2023:DEBUG:run: date: 2087 concentration: 52.5432 pptv
Tue Mar 21 15:37:32 2023:DEBUG:run: date: 2088 concentration: 51.4642 pptv
Tue Mar 21 15:37:32 2023:DEBUG:run: date: 2089 concentration: 50.4051 pptv
Tue Mar 21 15:37:32 2023:DEBUG:run: date: 2090 concentration: 49.3657 pptv
Tue Mar 21 15:37:32 2023:DEBUG:run: date: 2091 concentration: 48.3467 pptv
Tue Mar 21 15:37:32 2023:DEBUG:run: date: 2092 concentration: 47.3477 pptv
Tue Mar 21 15:37:32 2023:DEBUG:run: date: 2093 concentration: 46.3682 pptv
Tue Mar 21 15:37:32 2023:DEBUG:run: date: 2094 concentration: 45.4079 pptv
Tue Mar 21 15:37:32 2023:DEBUG:run: date: 2095 concentration: 44.4662 pptv
Tue Mar 21 15:37:32 2023:DEBUG:run: date: 2096 concentration: 43.5429 pptv
Tue Mar 21 15:37:32 2023:DEBUG:run: date: 2097 concentration: 42.6374 pptv
Tue Mar 21 15:37:32 2023:DEBUG:run: date: 2098 concentration: 41.7494 pptv
Tue Mar 21 15:37:32 2023:DEBUG:run: date: 2099 concentration: 40.8786 pptv
Tue Mar 21 15:37:32 2023:DEBUG:run: date: 2100 concentration: 40.0245 pptv
Tue Mar 21 15:37:32 2023:DEBUG:run: date: 2101 concentration: 39.1888 pptv
Tue Mar 21 15:37:32 2023:DEBUG:run: date: 2102 concentration: 38.3712 pptv
Tue Mar 21 15:37:32 2023:DEBUG:run: date: 2103 concentration: 37.5713 pptv
Tue Mar 21 15:37:32 2023:DEBUG:run: date: 2104 concentration: 36.7887 pptv
Tue Mar 21 15:37:32 2023:DEBUG:run: date: 2105 concentration: 36.023 pptv
Tue Mar 21 15:37:32 2023:DEBUG:run: date: 2106 concentration: 35.2738 pptv
Tue Mar 21 15:37:32 2023:DEBUG:run: date: 2107 concentration: 34.5408 pptv
Tue Mar 21 15:37:32 2023:DEBUG:run: date: 2108 concentration: 33.8236 pptv
Tue Mar 21 15:37:32 2023:DEBUG:run: date: 2109 concentration: 33.1219 pptv
Tue Mar 21 15:37:32 2023:DEBUG:run: date: 2110 concentration: 32.4353 pptv
Tue Mar 21 15:37:32 2023:DEBUG:run: date: 2111 concentration: 31.7635 pptv
Tue Mar 21 15:37:32 2023:DEBUG:run: date: 2112 concentration: 31.1061 pptv
Tue Mar 21 15:37:32 2023:DEBUG:run: date: 2113 concentration: 30.4629 pptv
Tue Mar 21 15:37:32 2023:DEBUG:run: date: 2114 concentration: 29.8336 pptv
Tue Mar 21 15:37:32 2023:DEBUG:run: date: 2115 concentration: 29.2178 pptv
Tue Mar 21 15:37:32 2023:DEBUG:run: date: 2116 concentration: 28.6152 pptv
Tue Mar 21 15:37:32 2023:DEBUG:run: date: 2117 concentration: 28.0256 pptv
Tue Mar 21 15:37:32 2023:DEBUG:run: date: 2118 concentration: 27.4486 pptv
Tue Mar 21 15:37:32 2023:DEBUG:run: date: 2119 concentration: 26.884 pptv
Tue Mar 21 15:37:32 2023:DEBUG:run: date: 2120 concentration: 26.3316 pptv
Tue Mar 21 15:37:32 2023:DEBUG:run: date: 2121 concentration: 25.7909 pptv
Tue Mar 21 15:37:32 2023:DEBUG:run: date: 2122 concentration: 25.2619 pptv
Tue Mar 21 15:37:32 2023:DEBUG:run: date: 2123 concentration: 24.7442 pptv
Tue Mar 21 15:37:32 2023:DEBUG:run: date: 2124 concentration: 24.2376 pptv
Tue Mar 21 15:37:32 2023:DEBUG:run: date: 2125 concentration: 23.7418 pptv
Tue Mar 21 15:37:32 2023:DEBUG:run: date: 2126 concentration: 23.2566 pptv
Tue Mar 21 15:37:32 2023:DEBUG:run: date: 2127 concentration: 22.7818 pptv
Tue Mar 21 15:37:32 2023:DEBUG:run: date: 2128 concentration: 22.3171 pptv
Tue Mar 21 15:37:32 2023:DEBUG:run: date: 2129 concentration: 21.8624 pptv
Tue Mar 21 15:37:32 2023:DEBUG:run: date: 2130 concentration: 21.4173 pptv
Tue Mar 21 15:37:32 2023:DEBUG:run: date: 2131 concentration: 20.9818 pptv
Tue Mar 21 15:37:32 2023:DEBUG:run: date: 2132 concentration: 20.5555 pptv
Tue Mar 21 15:37:32 2023:DEBUG:run: date: 2133 concentration: 20.1382 pptv
Tue Mar 21 15:37:32 2023:DEBUG:run: date: 2134 concentration: 19.7299 pptv
Tue Mar 21 15:37:32 2023:DEBUG:run: date: 2135 concentration: 19.3302 pptv
Tue Mar 21 15:37:32 2023:DEBUG:run: date: 2136 concentration: 18.9391 pptv
Tue Mar 21 15:37:32 2023:DEBUG:run: date: 2137 concentration: 18.5562 pptv
Tue Mar 21 15:37:32 2023:DEBUG:run: date: 2138 concentration: 18.1814 pptv
Tue Mar 21 15:37:32 2023:DEBUG:run: date: 2139 concentration: 17.8146 pptv
Tue Mar 21 15:37:32 2023:DEBUG:run: date: 2140 concentration: 17.4556 pptv
Tue Mar 21 15:37:32 2023:DEBUG:run: date: 2141 concentration: 17.1041 pptv
Tue Mar 21 15:37:32 2023:DEBUG:run: date: 2142 concentration: 16.7601 pptv
Tue Mar 21 15:37:32 2023:DEBUG:run: date: 2143 concentration: 16.4233 pptv
Tue Mar 21 15:37:32 2023:DEBUG:run: date: 2144 concentration: 16.0937 pptv
Tue Mar 21 15:37:32 2023:DEBUG:run: date: 2145 concentration: 15.771 pptv
Tue Mar 21 15:37:32 2023:DEBUG:run: date: 2146 concentration: 15.4551 pptv
Tue Mar 21 15:37:32 2023:DEBUG:run: date: 2147 concentration: 15.1458 pptv
Tue Mar 21 15:37:32 2023:DEBUG:run: date: 2148 concentration: 14.843 pptv
Tue Mar 21 15:37:32 2023:DEBUG:run: date: 2149 concentration: 14.5466 pptv
Tue Mar 21 15:37:32 2023:DEBUG:run: date: 2150 concentration: 14.2565 pptv
Tue Mar 21 15:37:32 2023:DEBUG:run: date: 2151 concentration: 13.9724 pptv
Tue Mar 21 15:37:32 2023:DEBUG:run: date: 2152 concentration: 13.6942 pptv
Tue Mar 21 15:37:32 2023:DEBUG:run: date: 2153 concentration: 13.4219 pptv
Tue Mar 21 15:37:32 2023:DEBUG:run: date: 2154 concentration: 13.1552 pptv
Tue Mar 21 15:37:32 2023:DEBUG:run: date: 2155 concentration: 12.8942 pptv
Tue Mar 21 15:37:32 2023:DEBUG:run: date: 2156 concentration: 12.6385 pptv
Tue Mar 21 15:37:32 2023:DEBUG:run: date: 2157 concentration: 12.3882 pptv
Tue Mar 21 15:37:32 2023:DEBUG:run: date: 2158 concentration: 12.1431 pptv
Tue Mar 21 15:37:32 2023:DEBUG:run: date: 2159 concentration: 11.9031 pptv
Tue Mar 21 15:37:32 2023:DEBUG:run: date: 2160 concentration: 11.6681 pptv
Tue Mar 21 15:37:32 2023:DEBUG:run: date: 2161 concentration: 11.4379 pptv
Tue Mar 21 15:37:32 2023:DEBUG:run: date: 2162 concentration: 11.2125 pptv
Tue Mar 21 15:37:32 2023:DEBUG:run: date: 2163 concentration: 10.9918 pptv
Tue Mar 21 15:37:32 2023:DEBUG:run: date: 2164 concentration: 10.7756 pptv
Tue Mar 21 15:37:32 2023:DEBUG:run: date: 2165 concentration: 10.5638 pptv
Tue Mar 21 15:37:32 2023:DEBUG:run: date: 2166 concentration: 10.3565 pptv
Tue Mar 21 15:37:32 2023:DEBUG:run: date: 2167 concentration: 10.1534 pptv
Tue Mar 21 15:37:32 2023:DEBUG:run: date: 2168 concentration: 9.95443 pptv
Tue Mar 21 15:37:32 2023:DEBUG:run: date: 2169 concentration: 9.75956 pptv
Tue Mar 21 15:37:32 2023:DEBUG:run: date: 2170 concentration: 9.56869 pptv
Tue Mar 21 15:37:32 2023:DEBUG:run: date: 2171 concentration: 9.38171 pptv
Tue Mar 21 15:37:32 2023:DEBUG:run: date: 2172 concentration: 9.19855 pptv
Tue Mar 21 15:37:32 2023:DEBUG:run: date: 2173 concentration: 9.01912 pptv
Tue Mar 21 15:37:32 2023:DEBUG:run: date: 2174 concentration: 8.84333 pptv
Tue Mar 21 15:37:32 2023:DEBUG:run: date: 2175 concentration: 8.67112 pptv
Tue Mar 21 15:37:32 2023:DEBUG:run: date: 2176 concentration: 8.50239 pptv
Tue Mar 21 15:37:32 2023:DEBUG:run: date: 2177 concentration: 8.33708 pptv
Tue Mar 21 15:37:32 2023:DEBUG:run: date: 2178 concentration: 8.1751 pptv
Tue Mar 21 15:37:32 2023:DEBUG:run: date: 2179 concentration: 8.01639 pptv
Tue Mar 21 15:37:32 2023:DEBUG:run: date: 2180 concentration: 7.86087 pptv
Tue Mar 21 15:37:32 2023:DEBUG:run: date: 2181 concentration: 7.70848 pptv
Tue Mar 21 15:37:32 2023:DEBUG:run: date: 2182 concentration: 7.55914 pptv
Tue Mar 21 15:37:32 2023:DEBUG:run: date: 2183 concentration: 7.41278 pptv
Tue Mar 21 15:37:32 2023:DEBUG:run: date: 2184 concentration: 7.26935 pptv
Tue Mar 21 15:37:32 2023:DEBUG:run: date: 2185 concentration: 7.12877 pptv
Tue Mar 21 15:37:32 2023:DEBUG:run: date: 2186 concentration: 6.99099 pptv
Tue Mar 21 15:37:32 2023:DEBUG:run: date: 2187 concentration: 6.85594 pptv
Tue Mar 21 15:37:32 2023:DEBUG:run: date: 2188 concentration: 6.72357 pptv
Tue Mar 21 15:37:32 2023:DEBUG:run: date: 2189 concentration: 6.59381 pptv
Tue Mar 21 15:37:32 2023:DEBUG:run: date: 2190 concentration: 6.4666 pptv
Tue Mar 21 15:37:32 2023:DEBUG:run: date: 2191 concentration: 6.3419 pptv
Tue Mar 21 15:37:32 2023:DEBUG:run: date: 2192 concentration: 6.21964 pptv
Tue Mar 21 15:37:32 2023:DEBUG:run: date: 2193 concentration: 6.09977 pptv
Tue Mar 21 15:37:32 2023:DEBUG:run: date: 2194 concentration: 5.98224 pptv
Tue Mar 21 15:37:32 2023:DEBUG:run: date: 2195 concentration: 5.867 pptv
Tue Mar 21 15:37:32 2023:DEBUG:run: date: 2196 concentration: 5.754 pptv
Tue Mar 21 15:37:32 2023:DEBUG:run: date: 2197 concentration: 5.64319 pptv
Tue Mar 21 15:37:32 2023:DEBUG:run: date: 2198 concentration: 5.53451 pptv
Tue Mar 21 15:37:32 2023:DEBUG:run: date: 2199 concentration: 5.42793 pptv
Tue Mar 21 15:37:32 2023:DEBUG:run: date: 2200 concentration: 5.3234 pptv
Tue Mar 21 15:37:32 2023:DEBUG:run: date: 2201 concentration: 5.22087 pptv
Tue Mar 21 15:37:32 2023:DEBUG:run: date: 2202 concentration: 5.12029 pptv
Tue Mar 21 15:37:32 2023:DEBUG:run: date: 2203 concentration: 5.02164 pptv
Tue Mar 21 15:37:32 2023:DEBUG:run: date: 2204 concentration: 4.92485 pptv
Tue Mar 21 15:37:32 2023:DEBUG:run: date: 2205 concentration: 4.8299 pptv
Tue Mar 21 15:37:32 2023:DEBUG:run: date: 2206 concentration: 4.73674 pptv
Tue Mar 21 15:37:32 2023:DEBUG:run: date: 2207 concentration: 4.64533 pptv
Tue Mar 21 15:37:32 2023:DEBUG:run: date: 2208 concentration: 4.55563 pptv
Tue Mar 21 15:37:32 2023:DEBUG:run: date: 2209 concentration: 4.46761 pptv
Tue Mar 21 15:37:32 2023:DEBUG:run: date: 2210 concentration: 4.38123 pptv
Tue Mar 21 15:37:32 2023:DEBUG:run: date: 2211 concentration: 4.29646 pptv
Tue Mar 21 15:37:32 2023:DEBUG:run: date: 2212 concentration: 4.21325 pptv
Tue Mar 21 15:37:32 2023:DEBUG:run: date: 2213 concentration: 4.13157 pptv
Tue Mar 21 15:37:32 2023:DEBUG:run: date: 2214 concentration: 4.0514 pptv
Tue Mar 21 15:37:32 2023:DEBUG:run: date: 2215 concentration: 3.97269 pptv
Tue Mar 21 15:37:32 2023:DEBUG:run: date: 2216 concentration: 3.89542 pptv
Tue Mar 21 15:37:32 2023:DEBUG:run: date: 2217 concentration: 3.81955 pptv
Tue Mar 21 15:37:32 2023:DEBUG:run: date: 2218 concentration: 3.74505 pptv
Tue Mar 21 15:37:32 2023:DEBUG:run: date: 2219 concentration: 3.67189 pptv
Tue Mar 21 15:37:32 2023:DEBUG:run: date: 2220 concentration: 3.60005 pptv
Tue Mar 21 15:37:32 2023:DEBUG:run: date: 2221 concentration: 3.52949 pptv
Tue Mar 21 15:37:32 2023:DEBUG:run: date: 2222 concentration: 3.46018 pptv
Tue Mar 21 15:37:32 2023:DEBUG:run: date: 2223 concentration: 3.39211 pptv
Tue Mar 21 15:37:32 2023:DEBUG:run: date: 2224 concentration: 3.32523 pptv
Tue Mar 21 15:37:32 2023:DEBUG:run: date: 2225 concentration: 3.25953 pptv
Tue Mar 21 15:37:32 2023:DEBUG:run: date: 2226 concentration: 3.19498 pptv
Tue Mar 21 15:37:32 2023:DEBUG:run: date: 2227 concentration: 3.13155 pptv
Tue Mar 21 15:37:32 2023:DEBUG:run: date: 2228 concentration: 3.06922 pptv
Tue Mar 21 15:37:32 2023:DEBUG:run: date: 2229 concentration: 3.00797 pptv
Tue Mar 21 15:37:32 2023:DEBUG:run: date: 2230 concentration: 2.94776 pptv
Tue Mar 21 15:37:32 2023:DEBUG:run: date: 2231 concentration: 2.88859 pptv
Tue Mar 21 15:37:32 2023:DEBUG:run: date: 2232 concentration: 2.83042 pptv
Tue Mar 21 15:37:32 2023:DEBUG:run: date: 2233 concentration: 2.77323 pptv
Tue Mar 21 15:37:32 2023:DEBUG:run: date: 2234 concentration: 2.717 pptv
Tue Mar 21 15:37:32 2023:DEBUG:run: date: 2235 concentration: 2.66172 pptv
Tue Mar 21 15:37:32 2023:DEBUG:run: date: 2236 concentration: 2.60735 pptv
Tue Mar 21 15:37:32 2023:DEBUG:run: date: 2237 concentration: 2.55389 pptv
Tue Mar 21 15:37:32 2023:DEBUG:run: date: 2238 concentration: 2.5013 pptv
Tue Mar 21 15:37:32 2023:DEBUG:run: date: 2239 concentration: 2.44958 pptv
Tue Mar 21 15:37:32 2023:DEBUG:run: date: 2240 concentration: 2.39869 pptv
Tue Mar 21 15:37:32 2023:DEBUG:run: date: 2241 concentration: 2.34863 pptv
Tue Mar 21 15:37:32 2023:DEBUG:run: date: 2242 concentration: 2.29938 pptv
Tue Mar 21 15:37:32 2023:DEBUG:run: date: 2243 concentration: 2.25091 pptv
Tue Mar 21 15:37:32 2023:DEBUG:run: date: 2244 concentration: 2.20321 pptv
Tue Mar 21 15:37:32 2023:DEBUG:run: date: 2245 concentration: 2.15627 pptv
Tue Mar 21 15:37:32 2023:DEBUG:run: date: 2246 concentration: 2.11006 pptv
Tue Mar 21 15:37:32 2023:DEBUG:run: date: 2247 concentration: 2.06457 pptv
Tue Mar 21 15:37:32 2023:DEBUG:run: date: 2248 concentration: 2.01979 pptv
Tue Mar 21 15:37:32 2023:DEBUG:run: date: 2249 concentration: 1.9757 pptv
Tue Mar 21 15:37:32 2023:DEBUG:run: date: 2250 concentration: 1.93228 pptv
Tue Mar 21 15:37:32 2023:DEBUG:run: date: 2251 concentration: 1.88981 pptv
Tue Mar 21 15:37:32 2023:DEBUG:run: date: 2252 concentration: 1.84828 pptv
Tue Mar 21 15:37:32 2023:DEBUG:run: date: 2253 concentration: 1.80766 pptv
Tue Mar 21 15:37:32 2023:DEBUG:run: date: 2254 concentration: 1.76793 pptv
Tue Mar 21 15:37:32 2023:DEBUG:run: date: 2255 concentration: 1.72908 pptv
Tue Mar 21 15:37:32 2023:DEBUG:run: date: 2256 concentration: 1.69108 pptv
Tue Mar 21 15:37:32 2023:DEBUG:run: date: 2257 concentration: 1.65391 pptv
Tue Mar 21 15:37:32 2023:DEBUG:run: date: 2258 concentration: 1.61756 pptv
Tue Mar 21 15:37:32 2023:DEBUG:run: date: 2259 concentration: 1.58201 pptv
Tue Mar 21 15:37:32 2023:DEBUG:run: date: 2260 concentration: 1.54725 pptv
Tue Mar 21 15:37:32 2023:DEBUG:run: date: 2261 concentration: 1.51324 pptv
Tue Mar 21 15:37:32 2023:DEBUG:run: date: 2262 concentration: 1.47998 pptv
Tue Mar 21 15:37:32 2023:DEBUG:run: date: 2263 concentration: 1.44746 pptv
Tue Mar 21 15:37:32 2023:DEBUG:run: date: 2264 concentration: 1.41565 pptv
Tue Mar 21 15:37:32 2023:DEBUG:run: date: 2265 concentration: 1.38454 pptv
Tue Mar 21 15:37:32 2023:DEBUG:run: date: 2266 concentration: 1.35411 pptv
Tue Mar 21 15:37:32 2023:DEBUG:run: date: 2267 concentration: 1.32435 pptv
Tue Mar 21 15:37:32 2023:DEBUG:run: date: 2268 concentration: 1.29524 pptv
Tue Mar 21 15:37:32 2023:DEBUG:run: date: 2269 concentration: 1.26678 pptv
Tue Mar 21 15:37:32 2023:DEBUG:run: date: 2270 concentration: 1.23894 pptv
Tue Mar 21 15:37:32 2023:DEBUG:run: date: 2271 concentration: 1.21171 pptv
Tue Mar 21 15:37:32 2023:DEBUG:run: date: 2272 concentration: 1.18508 pptv
Tue Mar 21 15:37:32 2023:DEBUG:run: date: 2273 concentration: 1.15903 pptv
Tue Mar 21 15:37:32 2023:DEBUG:run: date: 2274 concentration: 1.13356 pptv
Tue Mar 21 15:37:32 2023:DEBUG:run: date: 2275 concentration: 1.10865 pptv
Tue Mar 21 15:37:32 2023:DEBUG:run: date: 2276 concentration: 1.08429 pptv
Tue Mar 21 15:37:32 2023:DEBUG:run: date: 2277 concentration: 1.06046 pptv
Tue Mar 21 15:37:32 2023:DEBUG:run: date: 2278 concentration: 1.03715 pptv
Tue Mar 21 15:37:32 2023:DEBUG:run: date: 2279 concentration: 1.01436 pptv
Tue Mar 21 15:37:32 2023:DEBUG:run: date: 2280 concentration: 0.992064 pptv
Tue Mar 21 15:37:32 2023:DEBUG:run: date: 2281 concentration: 0.970261 pptv
Tue Mar 21 15:37:32 2023:DEBUG:run: date: 2282 concentration: 0.948937 pptv
Tue Mar 21 15:37:32 2023:DEBUG:run: date: 2283 concentration: 0.928082 pptv
Tue Mar 21 15:37:32 2023:DEBUG:run: date: 2284 concentration: 0.907686 pptv
Tue Mar 21 15:37:32 2023:DEBUG:run: date: 2285 concentration: 0.887738 pptv
Tue Mar 21 15:37:32 2023:DEBUG:run: date: 2286 concentration: 0.868228 pptv
Tue Mar 21 15:37:32 2023:DEBUG:run: date: 2287 concentration: 0.849146 pptv
Tue Mar 21 15:37:32 2023:DEBUG:run: date: 2288 concentration: 0.830485 pptv
Tue Mar 21 15:37:32 2023:DEBUG:run: date: 2289 concentration: 0.812233 pptv
Tue Mar 21 15:37:32 2023:DEBUG:run: date: 2290 concentration: 0.794382 pptv
Tue Mar 21 15:37:32 2023:DEBUG:run: date: 2291 concentration: 0.776924 pptv
Tue Mar 21 15:37:32 2023:DEBUG:run: date: 2292 concentration: 0.75985 pptv
Tue Mar 21 15:37:32 2023:DEBUG:run: date: 2293 concentration: 0.74315 pptv
Tue Mar 21 15:37:32 2023:DEBUG:run: date: 2294 concentration: 0.726818 pptv
Tue Mar 21 15:37:32 2023:DEBUG:run: date: 2295 concentration: 0.710845 pptv
Tue Mar 21 15:37:32 2023:DEBUG:run: date: 2296 concentration: 0.695222 pptv
Tue Mar 21 15:37:32 2023:DEBUG:run: date: 2297 concentration: 0.679943 pptv
Tue Mar 21 15:37:32 2023:DEBUG:run: date: 2298 concentration: 0.665 pptv
Tue Mar 21 15:37:32 2023:DEBUG:run: date: 2299 concentration: 0.650385 pptv
Tue Mar 21 15:37:32 2023:DEBUG:run: date: 2300 concentration: 0.636092 pptv
