Tue Mar 21 15:37:28 2023:NOTICE:printLogHeader: hector version 2.5.0
Tue Mar 21 15:37:29 2023:DEBUG:setData: Setting tau[-1]=300
Tue Mar 21 15:37:29 2023:DEBUG:setData: Setting rho[-1]=0.00031
Tue Mar 21 15:37:29 2023:DEBUG:setData: Setting CFC114_emissions[1765]=0
Tue Mar 21 15:37:29 2023:DEBUG:setData: Setting CFC114_emissions[1766]=0
Tue Mar 21 15:37:29 2023:DEBUG:setData: Setting CFC114_emissions[1767]=0
Tue Mar 21 15:37:29 2023:DEBUG:setData: Setting CFC114_emissions[1768]=0
Tue Mar 21 15:37:29 2023:DEBUG:setData: Setting CFC114_emissions[1769]=0
Tue Mar 21 15:37:29 2023:DEBUG:setData: Setting CFC114_emissions[1770]=0
Tue Mar 21 15:37:29 2023:DEBUG:setData: Setting CFC114_emissions[1771]=0
Tue Mar 21 15:37:29 2023:DEBUG:setData: Setting CFC114_emissions[1772]=0
Tue Mar 21 15:37:29 2023:DEBUG:setData: Setting CFC114_emissions[1773]=0
Tue Mar 21 15:37:29 2023:DEBUG:setData: Setting CFC114_emissions[1774]=0
Tue Mar 21 15:37:29 2023:DEBUG:setData: Setting CFC114_emissions[1775]=0
Tue Mar 21 15:37:29 2023:DEBUG:setData: Setting CFC114_emissions[1776]=0
Tue Mar 21 15:37:29 2023:DEBUG:setData: Setting CFC114_emissions[1777]=0
Tue Mar 21 15:37:29 2023:DEBUG:setData: Setting CFC114_emissions[1778]=0
Tue Mar 21 15:37:29 2023:DEBUG:setData: Setting CFC114_emissions[1779]=0
Tue Mar 21 15:37:29 2023:DEBUG:setData: Setting CFC114_emissions[1780]=0
Tue Mar 21 15:37:29 2023:DEBUG:setData: Setting CFC114_emissions[1781]=0
Tue Mar 21 15:37:29 2023:DEBUG:setData: Setting CFC114_emissions[1782]=0
Tue Mar 21 15:37:29 2023:DEBUG:setData: Setting CFC114_emissions[1783]=0
Tue Mar 21 15:37:29 2023:DEBUG:setData: Setting CFC114_emissions[1784]=0
Tue Mar 21 15:37:29 2023:DEBUG:setData: Setting CFC114_emissions[1785]=0
Tue Mar 21 15:37:29 2023:DEBUG:setData: Setting CFC114_emissions[1786]=0
Tue Mar 21 15:37:29 2023:DEBUG:setData: Setting CFC114_emissions[1787]=0
Tue Mar 21 15:37:29 2023:DEBUG:setData: Setting CFC114_emissions[1788]=0
Tue Mar 21 15:37:29 2023:DEBUG:setData: Setting CFC114_emissions[1789]=0
Tue Mar 21 15:37:29 2023:DEBUG:setData: Setting CFC114_emissions[1790]=0
Tue Mar 21 15:37:29 2023:DEBUG:setData: Setting CFC114_emissions[1791]=0
Tue Mar 21 15:37:29 2023:DEBUG:setData: Setting CFC114_emissions[1792]=0
Tue Mar 21 15:37:29 2023:DEBUG:setData: Setting CFC114_emissions[1793]=0
Tue Mar 21 15:37:29 2023:DEBUG:setData: Setting CFC114_emissions[1794]=0
Tue Mar 21 15:37:29 2023:DEBUG:setData: Setting CFC114_emissions[1795]=0
Tue Mar 21 15:37:29 2023:DEBUG:setData: Setting CFC114_emissions[1796]=0
Tue Mar 21 15:37:29 2023:DEBUG:setData: Setting CFC114_emissions[1797]=0
Tue Mar 21 15:37:29 2023:DEBUG:setData: Setting CFC114_emissions[1798]=0
Tue Mar 21 15:37:29 2023:DEBUG:setData: Setting CFC114_emissions[1799]=0
Tue Mar 21 15:37:29 2023:DEBUG:setData: Setting CFC114_emissions[1800]=0
Tue Mar 21 15:37:29 2023:DEBUG:setData: Setting CFC114_emissions[1801]=0
Tue Mar 21 15:37:29 2023:DEBUG:setData: Setting CFC114_emissions[1802]=0
Tue Mar 21 15:37:29 2023:DEBUG:setData: Setting CFC114_emissions[1803]=0
Tue Mar 21 15:37:29 2023:DEBUG:setData: Setting CFC114_emissions[1804]=0
Tue Mar 21 15:37:29 2023:DEBUG:setData: Setting CFC114_emissions[1805]=0
Tue Mar 21 15:37:29 2023:DEBUG:setData: Setting CFC114_emissions[1806]=0
Tue Mar 21 15:37:29 2023:DEBUG:setData: Setting CFC114_emissions[1807]=0
Tue Mar 21 15:37:29 2023:DEBUG:setData: Setting CFC114_emissions[1808]=0
Tue Mar 21 15:37:29 2023:DEBUG:setData: Setting CFC114_emissions[1809]=0
Tue Mar 21 15:37:29 2023:DEBUG:setData: Setting CFC114_emissions[1810]=0
Tue Mar 21 15:37:29 2023:DEBUG:setData: Setting CFC114_emissions[1811]=0
Tue Mar 21 15:37:29 2023:DEBUG:setData: Setting CFC114_emissions[1812]=0
Tue Mar 21 15:37:29 2023:DEBUG:setData: Setting CFC114_emissions[1813]=0
Tue Mar 21 15:37:29 2023:DEBUG:setData: Setting CFC114_emissions[1814]=0
Tue Mar 21 15:37:29 2023:DEBUG:setData: Setting CFC114_emissions[1815]=0
Tue Mar 21 15:37:29 2023:DEBUG:setData: Setting CFC114_emissions[1816]=0
Tue Mar 21 15:37:29 2023:DEBUG:setData: Setting CFC114_emissions[1817]=0
Tue Mar 21 15:37:29 2023:DEBUG:setData: Setting CFC114_emissions[1818]=0
Tue Mar 21 15:37:29 2023:DEBUG:setData: Setting CFC114_emissions[1819]=0
Tue Mar 21 15:37:29 2023:DEBUG:setData: Setting CFC114_emissions[1820]=0
Tue Mar 21 15:37:29 2023:DEBUG:setData: Setting CFC114_emissions[1821]=0
Tue Mar 21 15:37:29 2023:DEBUG:setData: Setting CFC114_emissions[1822]=0
Tue Mar 21 15:37:29 2023:DEBUG:setData: Setting CFC114_emissions[1823]=0
Tue Mar 21 15:37:29 2023:DEBUG:setData: Setting CFC114_emissions[1824]=0
Tue Mar 21 15:37:29 2023:DEBUG:setData: Setting CFC114_emissions[1825]=0
Tue Mar 21 15:37:29 2023:DEBUG:setData: Setting CFC114_emissions[1826]=0
Tue Mar 21 15:37:29 2023:DEBUG:setData: Setting CFC114_emissions[1827]=0
Tue Mar 21 15:37:29 2023:DEBUG:setData: Setting CFC114_emissions[1828]=0
Tue Mar 21 15:37:29 2023:DEBUG:setData: Setting CFC114_emissions[1829]=0
Tue Mar 21 15:37:29 2023:DEBUG:setData: Setting CFC114_emissions[1830]=0
Tue Mar 21 15:37:29 2023:DEBUG:setData: Setting CFC114_emissions[1831]=0
Tue Mar 21 15:37:29 2023:DEBUG:setData: Setting CFC114_emissions[1832]=0
Tue Mar 21 15:37:29 2023:DEBUG:setData: Setting CFC114_emissions[1833]=0
Tue Mar 21 15:37:29 2023:DEBUG:setData: Setting CFC114_emissions[1834]=0
Tue Mar 21 15:37:29 2023:DEBUG:setData: Setting CFC114_emissions[1835]=0
Tue Mar 21 15:37:29 2023:DEBUG:setData: Setting CFC114_emissions[1836]=0
Tue Mar 21 15:37:29 2023:DEBUG:setData: Setting CFC114_emissions[1837]=0
Tue Mar 21 15:37:29 2023:DEBUG:setData: Setting CFC114_emissions[1838]=0
Tue Mar 21 15:37:29 2023:DEBUG:setData: Setting CFC114_emissions[1839]=0
Tue Mar 21 15:37:29 2023:DEBUG:setData: Setting CFC114_emissions[1840]=0
Tue Mar 21 15:37:29 2023:DEBUG:setData: Setting CFC114_emissions[1841]=0
Tue Mar 21 15:37:29 2023:DEBUG:setData: Setting CFC114_emissions[1842]=0
Tue Mar 21 15:37:29 2023:DEBUG:setData: Setting CFC114_emissions[1843]=0
Tue Mar 21 15:37:29 2023:DEBUG:setData: Setting CFC114_emissions[1844]=0
Tue Mar 21 15:37:29 2023:DEBUG:setData: Setting CFC114_emissions[1845]=0
Tue Mar 21 15:37:29 2023:DEBUG:setData: Setting CFC114_emissions[1846]=0
Tue Mar 21 15:37:29 2023:DEBUG:setData: Setting CFC114_emissions[1847]=0
Tue Mar 21 15:37:29 2023:DEBUG:setData: Setting CFC114_emissions[1848]=0
Tue Mar 21 15:37:29 2023:DEBUG:setData: Setting CFC114_emissions[1849]=0
Tue Mar 21 15:37:29 2023:DEBUG:setData: Setting CFC114_emissions[1850]=0
Tue Mar 21 15:37:29 2023:DEBUG:setData: Setting CFC114_emissions[1851]=0
Tue Mar 21 15:37:29 2023:DEBUG:setData: Setting CFC114_emissions[1852]=0
Tue Mar 21 15:37:29 2023:DEBUG:setData: Setting CFC114_emissions[1853]=0
Tue Mar 21 15:37:29 2023:DEBUG:setData: Setting CFC114_emissions[1854]=0
Tue Mar 21 15:37:29 2023:DEBUG:setData: Setting CFC114_emissions[1855]=0
Tue Mar 21 15:37:29 2023:DEBUG:setData: Setting CFC114_emissions[1856]=0
Tue Mar 21 15:37:29 2023:DEBUG:setData: Setting CFC114_emissions[1857]=0
Tue Mar 21 15:37:29 2023:DEBUG:setData: Setting CFC114_emissions[1858]=0
Tue Mar 21 15:37:29 2023:DEBUG:setData: Setting CFC114_emissions[1859]=0
Tue Mar 21 15:37:29 2023:DEBUG:setData: Setting CFC114_emissions[1860]=0
Tue Mar 21 15:37:29 2023:DEBUG:setData: Setting CFC114_emissions[1861]=0
Tue Mar 21 15:37:29 2023:DEBUG:setData: Setting CFC114_emissions[1862]=0
Tue Mar 21 15:37:29 2023:DEBUG:setData: Setting CFC114_emissions[1863]=0
Tue Mar 21 15:37:29 2023:DEBUG:setData: Setting CFC114_emissions[1864]=0
Tue Mar 21 15:37:29 2023:DEBUG:setData: Setting CFC114_emissions[1865]=0
Tue Mar 21 15:37:29 2023:DEBUG:setData: Setting CFC114_emissions[1866]=0
Tue Mar 21 15:37:29 2023:DEBUG:setData: Setting CFC114_emissions[1867]=0
Tue Mar 21 15:37:29 2023:DEBUG:setData: Setting CFC114_emissions[1868]=0
Tue Mar 21 15:37:29 2023:DEBUG:setData: Setting CFC114_emissions[1869]=0
Tue Mar 21 15:37:29 2023:DEBUG:setData: Setting CFC114_emissions[1870]=0
Tue Mar 21 15:37:29 2023:DEBUG:setData: Setting CFC114_emissions[1871]=0
Tue Mar 21 15:37:29 2023:DEBUG:setData: Setting CFC114_emissions[1872]=0
Tue Mar 21 15:37:29 2023:DEBUG:setData: Setting CFC114_emissions[1873]=0
Tue Mar 21 15:37:29 2023:DEBUG:setData: Setting CFC114_emissions[1874]=0
Tue Mar 21 15:37:29 2023:DEBUG:setData: Setting CFC114_emissions[1875]=0
Tue Mar 21 15:37:29 2023:DEBUG:setData: Setting CFC114_emissions[1876]=0
Tue Mar 21 15:37:29 2023:DEBUG:setData: Setting CFC114_emissions[1877]=0
Tue Mar 21 15:37:29 2023:DEBUG:setData: Setting CFC114_emissions[1878]=0
Tue Mar 21 15:37:29 2023:DEBUG:setData: Setting CFC114_emissions[1879]=0
Tue Mar 21 15:37:29 2023:DEBUG:setData: Setting CFC114_emissions[1880]=0
Tue Mar 21 15:37:29 2023:DEBUG:setData: Setting CFC114_emissions[1881]=0
Tue Mar 21 15:37:29 2023:DEBUG:setData: Setting CFC114_emissions[1882]=0
Tue Mar 21 15:37:29 2023:DEBUG:setData: Setting CFC114_emissions[1883]=0
Tue Mar 21 15:37:29 2023:DEBUG:setData: Setting CFC114_emissions[1884]=0
Tue Mar 21 15:37:29 2023:DEBUG:setData: Setting CFC114_emissions[1885]=0
Tue Mar 21 15:37:29 2023:DEBUG:setData: Setting CFC114_emissions[1886]=0
Tue Mar 21 15:37:29 2023:DEBUG:setData: Setting CFC114_emissions[1887]=0
Tue Mar 21 15:37:29 2023:DEBUG:setData: Setting CFC114_emissions[1888]=0
Tue Mar 21 15:37:29 2023:DEBUG:setData: Setting CFC114_emissions[1889]=0
Tue Mar 21 15:37:29 2023:DEBUG:setData: Setting CFC114_emissions[1890]=0
Tue Mar 21 15:37:29 2023:DEBUG:setData: Setting CFC114_emissions[1891]=0
Tue Mar 21 15:37:29 2023:DEBUG:setData: Setting CFC114_emissions[1892]=0
Tue Mar 21 15:37:29 2023:DEBUG:setData: Setting CFC114_emissions[1893]=0
Tue Mar 21 15:37:29 2023:DEBUG:setData: Setting CFC114_emissions[1894]=0
Tue Mar 21 15:37:29 2023:DEBUG:setData: Setting CFC114_emissions[1895]=0
Tue Mar 21 15:37:29 2023:DEBUG:setData: Setting CFC114_emissions[1896]=0
Tue Mar 21 15:37:29 2023:DEBUG:setData: Setting CFC114_emissions[1897]=0
Tue Mar 21 15:37:29 2023:DEBUG:setData: Setting CFC114_emissions[1898]=0
Tue Mar 21 15:37:29 2023:DEBUG:setData: Setting CFC114_emissions[1899]=0
Tue Mar 21 15:37:29 2023:DEBUG:setData: Setting CFC114_emissions[1900]=0
Tue Mar 21 15:37:29 2023:DEBUG:setData: Setting CFC114_emissions[1901]=0
Tue Mar 21 15:37:29 2023:DEBUG:setData: Setting CFC114_emissions[1902]=0
Tue Mar 21 15:37:29 2023:DEBUG:setData: Setting CFC114_emissions[1903]=0
Tue Mar 21 15:37:29 2023:DEBUG:setData: Setting CFC114_emissions[1904]=0
Tue Mar 21 15:37:29 2023:DEBUG:setData: Setting CFC114_emissions[1905]=0
Tue Mar 21 15:37:29 2023:DEBUG:setData: Setting CFC114_emissions[1906]=0
Tue Mar 21 15:37:29 2023:DEBUG:setData: Setting CFC114_emissions[1907]=0
Tue Mar 21 15:37:29 2023:DEBUG:setData: Setting CFC114_emissions[1908]=0
Tue Mar 21 15:37:29 2023:DEBUG:setData: Setting CFC114_emissions[1909]=0
Tue Mar 21 15:37:29 2023:DEBUG:setData: Setting CFC114_emissions[1910]=0
Tue Mar 21 15:37:29 2023:DEBUG:setData: Setting CFC114_emissions[1911]=0
Tue Mar 21 15:37:29 2023:DEBUG:setData: Setting CFC114_emissions[1912]=0
Tue Mar 21 15:37:29 2023:DEBUG:setData: Setting CFC114_emissions[1913]=0
Tue Mar 21 15:37:29 2023:DEBUG:setData: Setting CFC114_emissions[1914]=0
Tue Mar 21 15:37:29 2023:DEBUG:setData: Setting CFC114_emissions[1915]=0
Tue Mar 21 15:37:29 2023:DEBUG:setData: Setting CFC114_emissions[1916]=0
Tue Mar 21 15:37:29 2023:DEBUG:setData: Setting CFC114_emissions[1917]=0
Tue Mar 21 15:37:29 2023:DEBUG:setData: Setting CFC114_emissions[1918]=0
Tue Mar 21 15:37:29 2023:DEBUG:setData: Setting CFC114_emissions[1919]=0
Tue Mar 21 15:37:29 2023:DEBUG:setData: Setting CFC114_emissions[1920]=0
Tue Mar 21 15:37:29 2023:DEBUG:setData: Setting CFC114_emissions[1921]=0
Tue Mar 21 15:37:29 2023:DEBUG:setData: Setting CFC114_emissions[1922]=0
Tue Mar 21 15:37:29 2023:DEBUG:setData: Setting CFC114_emissions[1923]=0
Tue Mar 21 15:37:29 2023:DEBUG:setData: Setting CFC114_emissions[1924]=0
Tue Mar 21 15:37:29 2023:DEBUG:setData: Setting CFC114_emissions[1925]=0
Tue Mar 21 15:37:29 2023:DEBUG:setData: Setting CFC114_emissions[1926]=0
Tue Mar 21 15:37:29 2023:DEBUG:setData: Setting CFC114_emissions[1927]=0
Tue Mar 21 15:37:29 2023:DEBUG:setData: Setting CFC114_emissions[1928]=0
Tue Mar 21 15:37:29 2023:DEBUG:setData: Setting CFC114_emissions[1929]=0
Tue Mar 21 15:37:29 2023:DEBUG:setData: Setting CFC114_emissions[1930]=0
Tue Mar 21 15:37:29 2023:DEBUG:setData: Setting CFC114_emissions[1931]=0
Tue Mar 21 15:37:29 2023:DEBUG:setData: Setting CFC114_emissions[1932]=0
Tue Mar 21 15:37:29 2023:DEBUG:setData: Setting CFC114_emissions[1933]=0
Tue Mar 21 15:37:29 2023:DEBUG:setData: Setting CFC114_emissions[1934]=0
Tue Mar 21 15:37:29 2023:DEBUG:setData: Setting CFC114_emissions[1935]=0
Tue Mar 21 15:37:29 2023:DEBUG:setData: Setting CFC114_emissions[1936]=0
Tue Mar 21 15:37:29 2023:DEBUG:setData: Setting CFC114_emissions[1937]=0.006390022
Tue Mar 21 15:37:29 2023:DEBUG:setData: Setting CFC114_emissions[1938]=0.1328808
Tue Mar 21 15:37:29 2023:DEBUG:setData: Setting CFC114_emissions[1939]=0.68779311
Tue Mar 21 15:37:29 2023:DEBUG:setData: Setting CFC114_emissions[1940]=1.4928916
Tue Mar 21 15:37:29 2023:DEBUG:setData: Setting CFC114_emissions[1941]=2.2339929
Tue Mar 21 15:37:29 2023:DEBUG:setData: Setting CFC114_emissions[1942]=2.976471
Tue Mar 21 15:37:29 2023:DEBUG:setData: Setting CFC114_emissions[1943]=3.7199961
Tue Mar 21 15:37:29 2023:DEBUG:setData: Setting CFC114_emissions[1944]=4.4638059
Tue Mar 21 15:37:29 2023:DEBUG:setData: Setting CFC114_emissions[1945]=5.2077233
Tue Mar 21 15:37:29 2023:DEBUG:setData: Setting CFC114_emissions[1946]=5.9856104
Tue Mar 21 15:37:29 2023:DEBUG:setData: Setting CFC114_emissions[1947]=6.4443541
Tue Mar 21 15:37:29 2023:DEBUG:setData: Setting CFC114_emissions[1948]=6.6649072
Tue Mar 21 15:37:29 2023:DEBUG:setData: Setting CFC114_emissions[1949]=7.1640705
Tue Mar 21 15:37:29 2023:DEBUG:setData: Setting CFC114_emissions[1950]=7.4706053
Tue Mar 21 15:37:29 2023:DEBUG:setData: Setting CFC114_emissions[1951]=7.5542237
Tue Mar 21 15:37:29 2023:DEBUG:setData: Setting CFC114_emissions[1952]=7.6734014
Tue Mar 21 15:37:29 2023:DEBUG:setData: Setting CFC114_emissions[1953]=7.7034458
Tue Mar 21 15:37:29 2023:DEBUG:setData: Setting CFC114_emissions[1954]=7.760213
Tue Mar 21 15:37:29 2023:DEBUG:setData: Setting CFC114_emissions[1955]=7.6370702
Tue Mar 21 15:37:29 2023:DEBUG:setData: Setting CFC114_emissions[1956]=7.5430316
Tue Mar 21 15:37:29 2023:DEBUG:setData: Setting CFC114_emissions[1957]=7.3765313
Tue Mar 21 15:37:29 2023:DEBUG:setData: Setting CFC114_emissions[1958]=6.9087313
Tue Mar 21 15:37:29 2023:DEBUG:setData: Setting CFC114_emissions[1959]=6.8760458
Tue Mar 21 15:37:29 2023:DEBUG:setData: Setting CFC114_emissions[1960]=7.2392631
Tue Mar 21 15:37:29 2023:DEBUG:setData: Setting CFC114_emissions[1961]=7.4514735
Tue Mar 21 15:37:29 2023:DEBUG:setData: Setting CFC114_emissions[1962]=7.5805279
Tue Mar 21 15:37:29 2023:DEBUG:setData: Setting CFC114_emissions[1963]=7.9110854
Tue Mar 21 15:37:29 2023:DEBUG:setData: Setting CFC114_emissions[1964]=8.4778946
Tue Mar 21 15:37:29 2023:DEBUG:setData: Setting CFC114_emissions[1965]=9.0358315
Tue Mar 21 15:37:29 2023:DEBUG:setData: Setting CFC114_emissions[1966]=9.5008952
Tue Mar 21 15:37:29 2023:DEBUG:setData: Setting CFC114_emissions[1967]=9.9208119
Tue Mar 21 15:37:29 2023:DEBUG:setData: Setting CFC114_emissions[1968]=10.295172
Tue Mar 21 15:37:29 2023:DEBUG:setData: Setting CFC114_emissions[1969]=10.638634
Tue Mar 21 15:37:29 2023:DEBUG:setData: Setting CFC114_emissions[1970]=11.00827
Tue Mar 21 15:37:29 2023:DEBUG:setData: Setting CFC114_emissions[1971]=11.452529
Tue Mar 21 15:37:29 2023:DEBUG:setData: Setting CFC114_emissions[1972]=11.97792
Tue Mar 21 15:37:29 2023:DEBUG:setData: Setting CFC114_emissions[1973]=12.585161
Tue Mar 21 15:37:29 2023:DEBUG:setData: Setting CFC114_emissions[1974]=13.447442
Tue Mar 21 15:37:29 2023:DEBUG:setData: Setting CFC114_emissions[1975]=14.538442
Tue Mar 21 15:37:29 2023:DEBUG:setData: Setting CFC114_emissions[1976]=15.386466
Tue Mar 21 15:37:29 2023:DEBUG:setData: Setting CFC114_emissions[1977]=15.71703
Tue Mar 21 15:37:29 2023:DEBUG:setData: Setting CFC114_emissions[1978]=15.529417
Tue Mar 21 15:37:29 2023:DEBUG:setData: Setting CFC114_emissions[1979]=14.991238
Tue Mar 21 15:37:29 2023:DEBUG:setData: Setting CFC114_emissions[1980]=14.760861
Tue Mar 21 15:37:29 2023:DEBUG:setData: Setting CFC114_emissions[1981]=13.920115
Tue Mar 21 15:37:29 2023:DEBUG:setData: Setting CFC114_emissions[1982]=13.885459
Tue Mar 21 15:37:29 2023:DEBUG:setData: Setting CFC114_emissions[1983]=15.564841
Tue Mar 21 15:37:29 2023:DEBUG:setData: Setting CFC114_emissions[1984]=17.177696
Tue Mar 21 15:37:29 2023:DEBUG:setData: Setting CFC114_emissions[1985]=18.042992
Tue Mar 21 15:37:29 2023:DEBUG:setData: Setting CFC114_emissions[1986]=17.343175
Tue Mar 21 15:37:29 2023:DEBUG:setData: Setting CFC114_emissions[1987]=15.986362
Tue Mar 21 15:37:29 2023:DEBUG:setData: Setting CFC114_emissions[1988]=14.052169
Tue Mar 21 15:37:29 2023:DEBUG:setData: Setting CFC114_emissions[1989]=10.119863
Tue Mar 21 15:37:29 2023:DEBUG:setData: Setting CFC114_emissions[1990]=7.0905085
Tue Mar 21 15:37:29 2023:DEBUG:setData: Setting CFC114_emissions[1991]=6.9542228
Tue Mar 21 15:37:29 2023:DEBUG:setData: Setting CFC114_emissions[1992]=5.3089984
Tue Mar 21 15:37:29 2023:DEBUG:setData: Setting CFC114_emissions[1993]=3.463778
Tue Mar 21 15:37:29 2023:DEBUG:setData: Setting CFC114_emissions[1994]=4.6095776
Tue Mar 21 15:37:29 2023:DEBUG:setData: Setting CFC114_emissions[1995]=5.7076242
Tue Mar 21 15:37:29 2023:DEBUG:setData: Setting CFC114_emissions[1996]=4.6522227
Tue Mar 21 15:37:29 2023:DEBUG:setData: Setting CFC114_emissions[1997]=3.7691062
Tue Mar 21 15:37:29 2023:DEBUG:setData: Setting CFC114_emissions[1998]=3.9615346
Tue Mar 21 15:37:29 2023:DEBUG:setData: Setting CFC114_emissions[1999]=3.9749853
Tue Mar 21 15:37:29 2023:DEBUG:setData: Setting CFC114_emissions[2000]=3.9867142
Tue Mar 21 15:37:29 2023:DEBUG:setData: Setting CFC114_emissions[2001]=3.2771364
Tue Mar 21 15:37:29 2023:DEBUG:setData: Setting CFC114_emissions[2002]=2.420559
Tue Mar 21 15:37:29 2023:DEBUG:setData: Setting CFC114_emissions[2003]=1.7336337
Tue Mar 21 15:37:29 2023:DEBUG:setData: Setting CFC114_emissions[2004]=1.4729969
Tue Mar 21 15:37:29 2023:DEBUG:setData: Setting CFC114_emissions[2005]=1.8139658
Tue Mar 21 15:37:29 2023:DEBUG:setData: Setting CFC114_emissions[2006]=1.7510311
Tue Mar 21 15:37:29 2023:DEBUG:setData: Setting CFC114_emissions[2007]=1.5545493
Tue Mar 21 15:37:29 2023:DEBUG:setData: Setting CFC114_emissions[2008]=1.9164483
Tue Mar 21 15:37:29 2023:DEBUG:setData: Setting CFC114_emissions[2009]=1.6755174
Tue Mar 21 15:37:29 2023:DEBUG:setData: Setting CFC114_emissions[2010]=1.4644148
Tue Mar 21 15:37:29 2023:DEBUG:setData: Setting CFC114_emissions[2011]=2.0468287
Tue Mar 21 15:37:29 2023:DEBUG:setData: Setting CFC114_emissions[2012]=2.0520518
Tue Mar 21 15:37:29 2023:DEBUG:setData: Setting CFC114_emissions[2013]=1.9408617
Tue Mar 21 15:37:29 2023:DEBUG:setData: Setting CFC114_emissions[2014]=1.6696
Tue Mar 21 15:37:29 2023:DEBUG:setData: Setting CFC114_emissions[2015]=1.6696
Tue Mar 21 15:37:29 2023:DEBUG:setData: Setting CFC114_emissions[2016]=1.515231454
Tue Mar 21 15:37:29 2023:DEBUG:setData: Setting CFC114_emissions[2017]=1.360862908
Tue Mar 21 15:37:29 2023:DEBUG:setData: Setting CFC114_emissions[2018]=1.206494362
Tue Mar 21 15:37:29 2023:DEBUG:setData: Setting CFC114_emissions[2019]=1.052125816
Tue Mar 21 15:37:29 2023:DEBUG:setData: Setting CFC114_emissions[2020]=0.89775727
Tue Mar 21 15:37:29 2023:DEBUG:setData: Setting CFC114_emissions[2021]=0.833926213
Tue Mar 21 15:37:29 2023:DEBUG:setData: Setting CFC114_emissions[2022]=0.770095156
Tue Mar 21 15:37:29 2023:DEBUG:setData: Setting CFC114_emissions[2023]=0.706264099
Tue Mar 21 15:37:29 2023:DEBUG:setData: Setting CFC114_emissions[2024]=0.642433042
Tue Mar 21 15:37:29 2023:DEBUG:setData: Setting CFC114_emissions[2025]=0.578601985
Tue Mar 21 15:37:29 2023:DEBUG:setData: Setting CFC114_emissions[2026]=0.514770928
Tue Mar 21 15:37:29 2023:DEBUG:setData: Setting CFC114_emissions[2027]=0.450939871
Tue Mar 21 15:37:29 2023:DEBUG:setData: Setting CFC114_emissions[2028]=0.387108814
Tue Mar 21 15:37:29 2023:DEBUG:setData: Setting CFC114_emissions[2029]=0.323277757
Tue Mar 21 15:37:29 2023:DEBUG:setData: Setting CFC114_emissions[2030]=0.2594467
Tue Mar 21 15:37:29 2023:DEBUG:setData: Setting CFC114_emissions[2031]=0.241007612
Tue Mar 21 15:37:29 2023:DEBUG:setData: Setting CFC114_emissions[2032]=0.222568525
Tue Mar 21 15:37:29 2023:DEBUG:setData: Setting CFC114_emissions[2033]=0.204129437
Tue Mar 21 15:37:29 2023:DEBUG:setData: Setting CFC114_emissions[2034]=0.18569035
Tue Mar 21 15:37:29 2023:DEBUG:setData: Setting CFC114_emissions[2035]=0.167251262
Tue Mar 21 15:37:29 2023:DEBUG:setData: Setting CFC114_emissions[2036]=0.148812174
Tue Mar 21 15:37:29 2023:DEBUG:setData: Setting CFC114_emissions[2037]=0.130373087
Tue Mar 21 15:37:29 2023:DEBUG:setData: Setting CFC114_emissions[2038]=0.111933999
Tue Mar 21 15:37:29 2023:DEBUG:setData: Setting CFC114_emissions[2039]=0.093494912
Tue Mar 21 15:37:29 2023:DEBUG:setData: Setting CFC114_emissions[2040]=0.075055824
Tue Mar 21 15:37:29 2023:DEBUG:setData: Setting CFC114_emissions[2041]=0.0697235
Tue Mar 21 15:37:29 2023:DEBUG:setData: Setting CFC114_emissions[2042]=0.064391176
Tue Mar 21 15:37:29 2023:DEBUG:setData: Setting CFC114_emissions[2043]=0.059058851
Tue Mar 21 15:37:29 2023:DEBUG:setData: Setting CFC114_emissions[2044]=0.053726527
Tue Mar 21 15:37:29 2023:DEBUG:setData: Setting CFC114_emissions[2045]=0.048394203
Tue Mar 21 15:37:29 2023:DEBUG:setData: Setting CFC114_emissions[2046]=0.043061879
Tue Mar 21 15:37:29 2023:DEBUG:setData: Setting CFC114_emissions[2047]=0.037729555
Tue Mar 21 15:37:29 2023:DEBUG:setData: Setting CFC114_emissions[2048]=0.03239723
Tue Mar 21 15:37:29 2023:DEBUG:setData: Setting CFC114_emissions[2049]=0.027064906
Tue Mar 21 15:37:29 2023:DEBUG:setData: Setting CFC114_emissions[2050]=0.021732582
Tue Mar 21 15:37:29 2023:DEBUG:setData: Setting CFC114_emissions[2051]=0.020186656
Tue Mar 21 15:37:29 2023:DEBUG:setData: Setting CFC114_emissions[2052]=0.01864073
Tue Mar 21 15:37:29 2023:DEBUG:setData: Setting CFC114_emissions[2053]=0.017094804
Tue Mar 21 15:37:29 2023:DEBUG:setData: Setting CFC114_emissions[2054]=0.015548878
Tue Mar 21 15:37:29 2023:DEBUG:setData: Setting CFC114_emissions[2055]=0.014002952
Tue Mar 21 15:37:29 2023:DEBUG:setData: Setting CFC114_emissions[2056]=0.012457026
Tue Mar 21 15:37:29 2023:DEBUG:setData: Setting CFC114_emissions[2057]=0.0109111
Tue Mar 21 15:37:29 2023:DEBUG:setData: Setting CFC114_emissions[2058]=0.009365174
Tue Mar 21 15:37:29 2023:DEBUG:setData: Setting CFC114_emissions[2059]=0.007819249
Tue Mar 21 15:37:29 2023:DEBUG:setData: Setting CFC114_emissions[2060]=0.006273323
Tue Mar 21 15:37:29 2023:DEBUG:setData: Setting CFC114_emissions[2061]=0.005825228
Tue Mar 21 15:37:29 2023:DEBUG:setData: Setting CFC114_emissions[2062]=0.005377134
Tue Mar 21 15:37:29 2023:DEBUG:setData: Setting CFC114_emissions[2063]=0.004929039
Tue Mar 21 15:37:29 2023:DEBUG:setData: Setting CFC114_emissions[2064]=0.004480945
Tue Mar 21 15:37:29 2023:DEBUG:setData: Setting CFC114_emissions[2065]=0.00403285
Tue Mar 21 15:37:29 2023:DEBUG:setData: Setting CFC114_emissions[2066]=0.003584756
Tue Mar 21 15:37:29 2023:DEBUG:setData: Setting CFC114_emissions[2067]=0.003136661
Tue Mar 21 15:37:29 2023:DEBUG:setData: Setting CFC114_emissions[2068]=0.002688567
Tue Mar 21 15:37:29 2023:DEBUG:setData: Setting CFC114_emissions[2069]=0.002240472
Tue Mar 21 15:37:29 2023:DEBUG:setData: Setting CFC114_emissions[2070]=0.001792378
Tue Mar 21 15:37:29 2023:DEBUG:setData: Setting CFC114_emissions[2071]=0.00165795
Tue Mar 21 15:37:29 2023:DEBUG:setData: Setting CFC114_emissions[2072]=0.001523521
Tue Mar 21 15:37:29 2023:DEBUG:setData: Setting CFC114_emissions[2073]=0.001389093
Tue Mar 21 15:37:29 2023:DEBUG:setData: Setting CFC114_emissions[2074]=0.001254665
Tue Mar 21 15:37:29 2023:DEBUG:setData: Setting CFC114_emissions[2075]=0.001120236
Tue Mar 21 15:37:29 2023:DEBUG:setData: Setting CFC114_emissions[2076]=0.000985808
Tue Mar 21 15:37:29 2023:DEBUG:setData: Setting CFC114_emissions[2077]=0.000851379
Tue Mar 21 15:37:29 2023:DEBUG:setData: Setting CFC114_emissions[2078]=0.000716951
Tue Mar 21 15:37:29 2023:DEBUG:setData: Setting CFC114_emissions[2079]=0.000582523
Tue Mar 21 15:37:29 2023:DEBUG:setData: Setting CFC114_emissions[2080]=0.000448094
Tue Mar 21 15:37:29 2023:DEBUG:setData: Setting CFC114_emissions[2081]=0.00042569
Tue Mar 21 15:37:29 2023:DEBUG:setData: Setting CFC114_emissions[2082]=0.000403285
Tue Mar 21 15:37:29 2023:DEBUG:setData: Setting CFC114_emissions[2083]=0.00038088
Tue Mar 21 15:37:29 2023:DEBUG:setData: Setting CFC114_emissions[2084]=0.000358476
Tue Mar 21 15:37:29 2023:DEBUG:setData: Setting CFC114_emissions[2085]=0.000336071
Tue Mar 21 15:37:29 2023:DEBUG:setData: Setting CFC114_emissions[2086]=0.000313666
Tue Mar 21 15:37:29 2023:DEBUG:setData: Setting CFC114_emissions[2087]=0.000291261
Tue Mar 21 15:37:29 2023:DEBUG:setData: Setting CFC114_emissions[2088]=0.000268857
Tue Mar 21 15:37:29 2023:DEBUG:setData: Setting CFC114_emissions[2089]=0.000246452
Tue Mar 21 15:37:29 2023:DEBUG:setData: Setting CFC114_emissions[2090]=0.000224047
Tue Mar 21 15:37:29 2023:DEBUG:setData: Setting CFC114_emissions[2091]=0.000201643
Tue Mar 21 15:37:29 2023:DEBUG:setData: Setting CFC114_emissions[2092]=0.000179238
Tue Mar 21 15:37:29 2023:DEBUG:setData: Setting CFC114_emissions[2093]=0.000156833
Tue Mar 21 15:37:29 2023:DEBUG:setData: Setting CFC114_emissions[2094]=0.000134428
Tue Mar 21 15:37:29 2023:DEBUG:setData: Setting CFC114_emissions[2095]=0.000112024
Tue Mar 21 15:37:29 2023:DEBUG:setData: Setting CFC114_emissions[2096]=0.0000896
Tue Mar 21 15:37:29 2023:DEBUG:setData: Setting CFC114_emissions[2097]=0.0000672
Tue Mar 21 15:37:29 2023:DEBUG:setData: Setting CFC114_emissions[2098]=0.0000448
Tue Mar 21 15:37:29 2023:DEBUG:setData: Setting CFC114_emissions[2099]=0.0000224
Tue Mar 21 15:37:29 2023:DEBUG:setData: Setting CFC114_emissions[2100]=0
Tue Mar 21 15:37:29 2023:DEBUG:setData: Setting CFC114_emissions[2101]=0
Tue Mar 21 15:37:29 2023:DEBUG:setData: Setting CFC114_emissions[2102]=0
Tue Mar 21 15:37:29 2023:DEBUG:setData: Setting CFC114_emissions[2103]=0
Tue Mar 21 15:37:29 2023:DEBUG:setData: Setting CFC114_emissions[2104]=0
Tue Mar 21 15:37:29 2023:DEBUG:setData: Setting CFC114_emissions[2105]=0
Tue Mar 21 15:37:29 2023:DEBUG:setData: Setting CFC114_emissions[2106]=0
Tue Mar 21 15:37:29 2023:DEBUG:setData: Setting CFC114_emissions[2107]=0
Tue Mar 21 15:37:29 2023:DEBUG:setData: Setting CFC114_emissions[2108]=0
Tue Mar 21 15:37:29 2023:DEBUG:setData: Setting CFC114_emissions[2109]=0
Tue Mar 21 15:37:29 2023:DEBUG:setData: Setting CFC114_emissions[2110]=0
Tue Mar 21 15:37:29 2023:DEBUG:setData: Setting CFC114_emissions[2111]=0
Tue Mar 21 15:37:29 2023:DEBUG:setData: Setting CFC114_emissions[2112]=0
Tue Mar 21 15:37:29 2023:DEBUG:setData: Setting CFC114_emissions[2113]=0
Tue Mar 21 15:37:29 2023:DEBUG:setData: Setting CFC114_emissions[2114]=0
Tue Mar 21 15:37:29 2023:DEBUG:setData: Setting CFC114_emissions[2115]=0
Tue Mar 21 15:37:29 2023:DEBUG:setData: Setting CFC114_emissions[2116]=0
Tue Mar 21 15:37:29 2023:DEBUG:setData: Setting CFC114_emissions[2117]=0
Tue Mar 21 15:37:29 2023:DEBUG:setData: Setting CFC114_emissions[2118]=0
Tue Mar 21 15:37:29 2023:DEBUG:setData: Setting CFC114_emissions[2119]=0
Tue Mar 21 15:37:29 2023:DEBUG:setData: Setting CFC114_emissions[2120]=0
Tue Mar 21 15:37:29 2023:DEBUG:setData: Setting CFC114_emissions[2121]=0
Tue Mar 21 15:37:29 2023:DEBUG:setData: Setting CFC114_emissions[2122]=0
Tue Mar 21 15:37:29 2023:DEBUG:setData: Setting CFC114_emissions[2123]=0
Tue Mar 21 15:37:29 2023:DEBUG:setData: Setting CFC114_emissions[2124]=0
Tue Mar 21 15:37:29 2023:DEBUG:setData: Setting CFC114_emissions[2125]=0
Tue Mar 21 15:37:29 2023:DEBUG:setData: Setting CFC114_emissions[2126]=0
Tue Mar 21 15:37:29 2023:DEBUG:setData: Setting CFC114_emissions[2127]=0
Tue Mar 21 15:37:29 2023:DEBUG:setData: Setting CFC114_emissions[2128]=0
Tue Mar 21 15:37:29 2023:DEBUG:setData: Setting CFC114_emissions[2129]=0
Tue Mar 21 15:37:29 2023:DEBUG:setData: Setting CFC114_emissions[2130]=0
Tue Mar 21 15:37:29 2023:DEBUG:setData: Setting CFC114_emissions[2131]=0
Tue Mar 21 15:37:29 2023:DEBUG:setData: Setting CFC114_emissions[2132]=0
Tue Mar 21 15:37:29 2023:DEBUG:setData: Setting CFC114_emissions[2133]=0
Tue Mar 21 15:37:29 2023:DEBUG:setData: Setting CFC114_emissions[2134]=0
Tue Mar 21 15:37:29 2023:DEBUG:setData: Setting CFC114_emissions[2135]=0
Tue Mar 21 15:37:29 2023:DEBUG:setData: Setting CFC114_emissions[2136]=0
Tue Mar 21 15:37:29 2023:DEBUG:setData: Setting CFC114_emissions[2137]=0
Tue Mar 21 15:37:29 2023:DEBUG:setData: Setting CFC114_emissions[2138]=0
Tue Mar 21 15:37:29 2023:DEBUG:setData: Setting CFC114_emissions[2139]=0
Tue Mar 21 15:37:29 2023:DEBUG:setData: Setting CFC114_emissions[2140]=0
Tue Mar 21 15:37:29 2023:DEBUG:setData: Setting CFC114_emissions[2141]=0
Tue Mar 21 15:37:29 2023:DEBUG:setData: Setting CFC114_emissions[2142]=0
Tue Mar 21 15:37:29 2023:DEBUG:setData: Setting CFC114_emissions[2143]=0
Tue Mar 21 15:37:29 2023:DEBUG:setData: Setting CFC114_emissions[2144]=0
Tue Mar 21 15:37:29 2023:DEBUG:setData: Setting CFC114_emissions[2145]=0
Tue Mar 21 15:37:29 2023:DEBUG:setData: Setting CFC114_emissions[2146]=0
Tue Mar 21 15:37:29 2023:DEBUG:setData: Setting CFC114_emissions[2147]=0
Tue Mar 21 15:37:29 2023:DEBUG:setData: Setting CFC114_emissions[2148]=0
Tue Mar 21 15:37:29 2023:DEBUG:setData: Setting CFC114_emissions[2149]=0
Tue Mar 21 15:37:29 2023:DEBUG:setData: Setting CFC114_emissions[2150]=0
Tue Mar 21 15:37:29 2023:DEBUG:setData: Setting CFC114_emissions[2151]=0
Tue Mar 21 15:37:29 2023:DEBUG:setData: Setting CFC114_emissions[2152]=0
Tue Mar 21 15:37:29 2023:DEBUG:setData: Setting CFC114_emissions[2153]=0
Tue Mar 21 15:37:29 2023:DEBUG:setData: Setting CFC114_emissions[2154]=0
Tue Mar 21 15:37:29 2023:DEBUG:setData: Setting CFC114_emissions[2155]=0
Tue Mar 21 15:37:29 2023:DEBUG:setData: Setting CFC114_emissions[2156]=0
Tue Mar 21 15:37:29 2023:DEBUG:setData: Setting CFC114_emissions[2157]=0
Tue Mar 21 15:37:29 2023:DEBUG:setData: Setting CFC114_emissions[2158]=0
Tue Mar 21 15:37:29 2023:DEBUG:setData: Setting CFC114_emissions[2159]=0
Tue Mar 21 15:37:29 2023:DEBUG:setData: Setting CFC114_emissions[2160]=0
Tue Mar 21 15:37:29 2023:DEBUG:setData: Setting CFC114_emissions[2161]=0
Tue Mar 21 15:37:29 2023:DEBUG:setData: Setting CFC114_emissions[2162]=0
Tue Mar 21 15:37:29 2023:DEBUG:setData: Setting CFC114_emissions[2163]=0
Tue Mar 21 15:37:29 2023:DEBUG:setData: Setting CFC114_emissions[2164]=0
Tue Mar 21 15:37:29 2023:DEBUG:setData: Setting CFC114_emissions[2165]=0
Tue Mar 21 15:37:29 2023:DEBUG:setData: Setting CFC114_emissions[2166]=0
Tue Mar 21 15:37:29 2023:DEBUG:setData: Setting CFC114_emissions[2167]=0
Tue Mar 21 15:37:29 2023:DEBUG:setData: Setting CFC114_emissions[2168]=0
Tue Mar 21 15:37:29 2023:DEBUG:setData: Setting CFC114_emissions[2169]=0
Tue Mar 21 15:37:29 2023:DEBUG:setData: Setting CFC114_emissions[2170]=0
Tue Mar 21 15:37:29 2023:DEBUG:setData: Setting CFC114_emissions[2171]=0
Tue Mar 21 15:37:29 2023:DEBUG:setData: Setting CFC114_emissions[2172]=0
Tue Mar 21 15:37:29 2023:DEBUG:setData: Setting CFC114_emissions[2173]=0
Tue Mar 21 15:37:29 2023:DEBUG:setData: Setting CFC114_emissions[2174]=0
Tue Mar 21 15:37:29 2023:DEBUG:setData: Setting CFC114_emissions[2175]=0
Tue Mar 21 15:37:29 2023:DEBUG:setData: Setting CFC114_emissions[2176]=0
Tue Mar 21 15:37:29 2023:DEBUG:setData: Setting CFC114_emissions[2177]=0
Tue Mar 21 15:37:29 2023:DEBUG:setData: Setting CFC114_emissions[2178]=0
Tue Mar 21 15:37:29 2023:DEBUG:setData: Setting CFC114_emissions[2179]=0
Tue Mar 21 15:37:29 2023:DEBUG:setData: Setting CFC114_emissions[2180]=0
Tue Mar 21 15:37:29 2023:DEBUG:setData: Setting CFC114_emissions[2181]=0
Tue Mar 21 15:37:29 2023:DEBUG:setData: Setting CFC114_emissions[2182]=0
Tue Mar 21 15:37:29 2023:DEBUG:setData: Setting CFC114_emissions[2183]=0
Tue Mar 21 15:37:29 2023:DEBUG:setData: Setting CFC114_emissions[2184]=0
Tue Mar 21 15:37:29 2023:DEBUG:setData: Setting CFC114_emissions[2185]=0
Tue Mar 21 15:37:29 2023:DEBUG:setData: Setting CFC114_emissions[2186]=0
Tue Mar 21 15:37:29 2023:DEBUG:setData: Setting CFC114_emissions[2187]=0
Tue Mar 21 15:37:29 2023:DEBUG:setData: Setting CFC114_emissions[2188]=0
Tue Mar 21 15:37:29 2023:DEBUG:setData: Setting CFC114_emissions[2189]=0
Tue Mar 21 15:37:29 2023:DEBUG:setData: Setting CFC114_emissions[2190]=0
Tue Mar 21 15:37:29 2023:DEBUG:setData: Setting CFC114_emissions[2191]=0
Tue Mar 21 15:37:29 2023:DEBUG:setData: Setting CFC114_emissions[2192]=0
Tue Mar 21 15:37:29 2023:DEBUG:setData: Setting CFC114_emissions[2193]=0
Tue Mar 21 15:37:29 2023:DEBUG:setData: Setting CFC114_emissions[2194]=0
Tue Mar 21 15:37:29 2023:DEBUG:setData: Setting CFC114_emissions[2195]=0
Tue Mar 21 15:37:29 2023:DEBUG:setData: Setting CFC114_emissions[2196]=0
Tue Mar 21 15:37:29 2023:DEBUG:setData: Setting CFC114_emissions[2197]=0
Tue Mar 21 15:37:29 2023:DEBUG:setData: Setting CFC114_emissions[2198]=0
Tue Mar 21 15:37:29 2023:DEBUG:setData: Setting CFC114_emissions[2199]=0
Tue Mar 21 15:37:29 2023:DEBUG:setData: Setting CFC114_emissions[2200]=0
Tue Mar 21 15:37:29 2023:DEBUG:setData: Setting CFC114_emissions[2201]=0
Tue Mar 21 15:37:29 2023:DEBUG:setData: Setting CFC114_emissions[2202]=0
Tue Mar 21 15:37:29 2023:DEBUG:setData: Setting CFC114_emissions[2203]=0
Tue Mar 21 15:37:29 2023:DEBUG:setData: Setting CFC114_emissions[2204]=0
Tue Mar 21 15:37:29 2023:DEBUG:setData: Setting CFC114_emissions[2205]=0
Tue Mar 21 15:37:29 2023:DEBUG:setData: Setting CFC114_emissions[2206]=0
Tue Mar 21 15:37:29 2023:DEBUG:setData: Setting CFC114_emissions[2207]=0
Tue Mar 21 15:37:29 2023:DEBUG:setData: Setting CFC114_emissions[2208]=0
Tue Mar 21 15:37:29 2023:DEBUG:setData: Setting CFC114_emissions[2209]=0
Tue Mar 21 15:37:29 2023:DEBUG:setData: Setting CFC114_emissions[2210]=0
Tue Mar 21 15:37:29 2023:DEBUG:setData: Setting CFC114_emissions[2211]=0
Tue Mar 21 15:37:29 2023:DEBUG:setData: Setting CFC114_emissions[2212]=0
Tue Mar 21 15:37:29 2023:DEBUG:setData: Setting CFC114_emissions[2213]=0
Tue Mar 21 15:37:29 2023:DEBUG:setData: Setting CFC114_emissions[2214]=0
Tue Mar 21 15:37:29 2023:DEBUG:setData: Setting CFC114_emissions[2215]=0
Tue Mar 21 15:37:29 2023:DEBUG:setData: Setting CFC114_emissions[2216]=0
Tue Mar 21 15:37:29 2023:DEBUG:setData: Setting CFC114_emissions[2217]=0
Tue Mar 21 15:37:29 2023:DEBUG:setData: Setting CFC114_emissions[2218]=0
Tue Mar 21 15:37:29 2023:DEBUG:setData: Setting CFC114_emissions[2219]=0
Tue Mar 21 15:37:29 2023:DEBUG:setData: Setting CFC114_emissions[2220]=0
Tue Mar 21 15:37:29 2023:DEBUG:setData: Setting CFC114_emissions[2221]=0
Tue Mar 21 15:37:29 2023:DEBUG:setData: Setting CFC114_emissions[2222]=0
Tue Mar 21 15:37:29 2023:DEBUG:setData: Setting CFC114_emissions[2223]=0
Tue Mar 21 15:37:29 2023:DEBUG:setData: Setting CFC114_emissions[2224]=0
Tue Mar 21 15:37:29 2023:DEBUG:setData: Setting CFC114_emissions[2225]=0
Tue Mar 21 15:37:29 2023:DEBUG:setData: Setting CFC114_emissions[2226]=0
Tue Mar 21 15:37:29 2023:DEBUG:setData: Setting CFC114_emissions[2227]=0
Tue Mar 21 15:37:29 2023:DEBUG:setData: Setting CFC114_emissions[2228]=0
Tue Mar 21 15:37:29 2023:DEBUG:setData: Setting CFC114_emissions[2229]=0
Tue Mar 21 15:37:29 2023:DEBUG:setData: Setting CFC114_emissions[2230]=0
Tue Mar 21 15:37:29 2023:DEBUG:setData: Setting CFC114_emissions[2231]=0
Tue Mar 21 15:37:29 2023:DEBUG:setData: Setting CFC114_emissions[2232]=0
Tue Mar 21 15:37:29 2023:DEBUG:setData: Setting CFC114_emissions[2233]=0
Tue Mar 21 15:37:29 2023:DEBUG:setData: Setting CFC114_emissions[2234]=0
Tue Mar 21 15:37:29 2023:DEBUG:setData: Setting CFC114_emissions[2235]=0
Tue Mar 21 15:37:29 2023:DEBUG:setData: Setting CFC114_emissions[2236]=0
Tue Mar 21 15:37:29 2023:DEBUG:setData: Setting CFC114_emissions[2237]=0
Tue Mar 21 15:37:29 2023:DEBUG:setData: Setting CFC114_emissions[2238]=0
Tue Mar 21 15:37:29 2023:DEBUG:setData: Setting CFC114_emissions[2239]=0
Tue Mar 21 15:37:29 2023:DEBUG:setData: Setting CFC114_emissions[2240]=0
Tue Mar 21 15:37:29 2023:DEBUG:setData: Setting CFC114_emissions[2241]=0
Tue Mar 21 15:37:29 2023:DEBUG:setData: Setting CFC114_emissions[2242]=0
Tue Mar 21 15:37:29 2023:DEBUG:setData: Setting CFC114_emissions[2243]=0
Tue Mar 21 15:37:29 2023:DEBUG:setData: Setting CFC114_emissions[2244]=0
Tue Mar 21 15:37:29 2023:DEBUG:setData: Setting CFC114_emissions[2245]=0
Tue Mar 21 15:37:29 2023:DEBUG:setData: Setting CFC114_emissions[2246]=0
Tue Mar 21 15:37:29 2023:DEBUG:setData: Setting CFC114_emissions[2247]=0
Tue Mar 21 15:37:29 2023:DEBUG:setData: Setting CFC114_emissions[2248]=0
Tue Mar 21 15:37:29 2023:DEBUG:setData: Setting CFC114_emissions[2249]=0
Tue Mar 21 15:37:29 2023:DEBUG:setData: Setting CFC114_emissions[2250]=0
Tue Mar 21 15:37:29 2023:DEBUG:setData: Setting CFC114_emissions[2251]=0
Tue Mar 21 15:37:29 2023:DEBUG:setData: Setting CFC114_emissions[2252]=0
Tue Mar 21 15:37:29 2023:DEBUG:setData: Setting CFC114_emissions[2253]=0
Tue Mar 21 15:37:29 2023:DEBUG:setData: Setting CFC114_emissions[2254]=0
Tue Mar 21 15:37:29 2023:DEBUG:setData: Setting CFC114_emissions[2255]=0
Tue Mar 21 15:37:29 2023:DEBUG:setData: Setting CFC114_emissions[2256]=0
Tue Mar 21 15:37:29 2023:DEBUG:setData: Setting CFC114_emissions[2257]=0
Tue Mar 21 15:37:29 2023:DEBUG:setData: Setting CFC114_emissions[2258]=0
Tue Mar 21 15:37:29 2023:DEBUG:setData: Setting CFC114_emissions[2259]=0
Tue Mar 21 15:37:29 2023:DEBUG:setData: Setting CFC114_emissions[2260]=0
Tue Mar 21 15:37:29 2023:DEBUG:setData: Setting CFC114_emissions[2261]=0
Tue Mar 21 15:37:29 2023:DEBUG:setData: Setting CFC114_emissions[2262]=0
Tue Mar 21 15:37:29 2023:DEBUG:setData: Setting CFC114_emissions[2263]=0
Tue Mar 21 15:37:29 2023:DEBUG:setData: Setting CFC114_emissions[2264]=0
Tue Mar 21 15:37:29 2023:DEBUG:setData: Setting CFC114_emissions[2265]=0
Tue Mar 21 15:37:29 2023:DEBUG:setData: Setting CFC114_emissions[2266]=0
Tue Mar 21 15:37:29 2023:DEBUG:setData: Setting CFC114_emissions[2267]=0
Tue Mar 21 15:37:29 2023:DEBUG:setData: Setting CFC114_emissions[2268]=0
Tue Mar 21 15:37:29 2023:DEBUG:setData: Setting CFC114_emissions[2269]=0
Tue Mar 21 15:37:29 2023:DEBUG:setData: Setting CFC114_emissions[2270]=0
Tue Mar 21 15:37:29 2023:DEBUG:setData: Setting CFC114_emissions[2271]=0
Tue Mar 21 15:37:29 2023:DEBUG:setData: Setting CFC114_emissions[2272]=0
Tue Mar 21 15:37:29 2023:DEBUG:setData: Setting CFC114_emissions[2273]=0
Tue Mar 21 15:37:29 2023:DEBUG:setData: Setting CFC114_emissions[2274]=0
Tue Mar 21 15:37:29 2023:DEBUG:setData: Setting CFC114_emissions[2275]=0
Tue Mar 21 15:37:29 2023:DEBUG:setData: Setting CFC114_emissions[2276]=0
Tue Mar 21 15:37:29 2023:DEBUG:setData: Setting CFC114_emissions[2277]=0
Tue Mar 21 15:37:29 2023:DEBUG:setData: Setting CFC114_emissions[2278]=0
Tue Mar 21 15:37:29 2023:DEBUG:setData: Setting CFC114_emissions[2279]=0
Tue Mar 21 15:37:29 2023:DEBUG:setData: Setting CFC114_emissions[2280]=0
Tue Mar 21 15:37:29 2023:DEBUG:setData: Setting CFC114_emissions[2281]=0
Tue Mar 21 15:37:29 2023:DEBUG:setData: Setting CFC114_emissions[2282]=0
Tue Mar 21 15:37:29 2023:DEBUG:setData: Setting CFC114_emissions[2283]=0
Tue Mar 21 15:37:29 2023:DEBUG:setData: Setting CFC114_emissions[2284]=0
Tue Mar 21 15:37:29 2023:DEBUG:setData: Setting CFC114_emissions[2285]=0
Tue Mar 21 15:37:29 2023:DEBUG:setData: Setting CFC114_emissions[2286]=0
Tue Mar 21 15:37:29 2023:DEBUG:setData: Setting CFC114_emissions[2287]=0
Tue Mar 21 15:37:29 2023:DEBUG:setData: Setting CFC114_emissions[2288]=0
Tue Mar 21 15:37:29 2023:DEBUG:setData: Setting CFC114_emissions[2289]=0
Tue Mar 21 15:37:29 2023:DEBUG:setData: Setting CFC114_emissions[2290]=0
Tue Mar 21 15:37:29 2023:DEBUG:setData: Setting CFC114_emissions[2291]=0
Tue Mar 21 15:37:29 2023:DEBUG:setData: Setting CFC114_emissions[2292]=0
Tue Mar 21 15:37:29 2023:DEBUG:setData: Setting CFC114_emissions[2293]=0
Tue Mar 21 15:37:29 2023:DEBUG:setData: Setting CFC114_emissions[2294]=0
Tue Mar 21 15:37:29 2023:DEBUG:setData: Setting CFC114_emissions[2295]=0
Tue Mar 21 15:37:29 2023:DEBUG:setData: Setting CFC114_emissions[2296]=0
Tue Mar 21 15:37:29 2023:DEBUG:setData: Setting CFC114_emissions[2297]=0
Tue Mar 21 15:37:29 2023:DEBUG:setData: Setting CFC114_emissions[2298]=0
Tue Mar 21 15:37:29 2023:DEBUG:setData: Setting CFC114_emissions[2299]=0
Tue Mar 21 15:37:29 2023:DEBUG:setData: Setting CFC114_emissions[2300]=0
Tue Mar 21 15:37:29 2023:DEBUG:setData: Setting CFC114_emissions[2301]=0
Tue Mar 21 15:37:29 2023:DEBUG:setData: Setting CFC114_emissions[2302]=0
Tue Mar 21 15:37:29 2023:DEBUG:setData: Setting CFC114_emissions[2303]=0
Tue Mar 21 15:37:29 2023:DEBUG:setData: Setting CFC114_emissions[2304]=0
Tue Mar 21 15:37:29 2023:DEBUG:setData: Setting CFC114_emissions[2305]=0
Tue Mar 21 15:37:29 2023:DEBUG:setData: Setting CFC114_emissions[2306]=0
Tue Mar 21 15:37:29 2023:DEBUG:setData: Setting CFC114_emissions[2307]=0
Tue Mar 21 15:37:29 2023:DEBUG:setData: Setting CFC114_emissions[2308]=0
Tue Mar 21 15:37:29 2023:DEBUG:setData: Setting CFC114_emissions[2309]=0
Tue Mar 21 15:37:29 2023:DEBUG:setData: Setting CFC114_emissions[2310]=0
Tue Mar 21 15:37:29 2023:DEBUG:setData: Setting CFC114_emissions[2311]=0
Tue Mar 21 15:37:29 2023:DEBUG:setData: Setting CFC114_emissions[2312]=0
Tue Mar 21 15:37:29 2023:DEBUG:setData: Setting CFC114_emissions[2313]=0
Tue Mar 21 15:37:29 2023:DEBUG:setData: Setting CFC114_emissions[2314]=0
Tue Mar 21 15:37:29 2023:DEBUG:setData: Setting CFC114_emissions[2315]=0
Tue Mar 21 15:37:29 2023:DEBUG:setData: Setting CFC114_emissions[2316]=0
Tue Mar 21 15:37:29 2023:DEBUG:setData: Setting CFC114_emissions[2317]=0
Tue Mar 21 15:37:29 2023:DEBUG:setData: Setting CFC114_emissions[2318]=0
Tue Mar 21 15:37:29 2023:DEBUG:setData: Setting CFC114_emissions[2319]=0
Tue Mar 21 15:37:29 2023:DEBUG:setData: Setting CFC114_emissions[2320]=0
Tue Mar 21 15:37:29 2023:DEBUG:setData: Setting CFC114_emissions[2321]=0
Tue Mar 21 15:37:29 2023:DEBUG:setData: Setting CFC114_emissions[2322]=0
Tue Mar 21 15:37:29 2023:DEBUG:setData: Setting CFC114_emissions[2323]=0
Tue Mar 21 15:37:29 2023:DEBUG:setData: Setting CFC114_emissions[2324]=0
Tue Mar 21 15:37:29 2023:DEBUG:setData: Setting CFC114_emissions[2325]=0
Tue Mar 21 15:37:29 2023:DEBUG:setData: Setting CFC114_emissions[2326]=0
Tue Mar 21 15:37:29 2023:DEBUG:setData: Setting CFC114_emissions[2327]=0
Tue Mar 21 15:37:29 2023:DEBUG:setData: Setting CFC114_emissions[2328]=0
Tue Mar 21 15:37:29 2023:DEBUG:setData: Setting CFC114_emissions[2329]=0
Tue Mar 21 15:37:29 2023:DEBUG:setData: Setting CFC114_emissions[2330]=0
Tue Mar 21 15:37:29 2023:DEBUG:setData: Setting CFC114_emissions[2331]=0
Tue Mar 21 15:37:29 2023:DEBUG:setData: Setting CFC114_emissions[2332]=0
Tue Mar 21 15:37:29 2023:DEBUG:setData: Setting CFC114_emissions[2333]=0
Tue Mar 21 15:37:29 2023:DEBUG:setData: Setting CFC114_emissions[2334]=0
Tue Mar 21 15:37:29 2023:DEBUG:setData: Setting CFC114_emissions[2335]=0
Tue Mar 21 15:37:29 2023:DEBUG:setData: Setting CFC114_emissions[2336]=0
Tue Mar 21 15:37:29 2023:DEBUG:setData: Setting CFC114_emissions[2337]=0
Tue Mar 21 15:37:29 2023:DEBUG:setData: Setting CFC114_emissions[2338]=0
Tue Mar 21 15:37:29 2023:DEBUG:setData: Setting CFC114_emissions[2339]=0
Tue Mar 21 15:37:29 2023:DEBUG:setData: Setting CFC114_emissions[2340]=0
Tue Mar 21 15:37:29 2023:DEBUG:setData: Setting CFC114_emissions[2341]=0
Tue Mar 21 15:37:29 2023:DEBUG:setData: Setting CFC114_emissions[2342]=0
Tue Mar 21 15:37:29 2023:DEBUG:setData: Setting CFC114_emissions[2343]=0
Tue Mar 21 15:37:29 2023:DEBUG:setData: Setting CFC114_emissions[2344]=0
Tue Mar 21 15:37:29 2023:DEBUG:setData: Setting CFC114_emissions[2345]=0
Tue Mar 21 15:37:29 2023:DEBUG:setData: Setting CFC114_emissions[2346]=0
Tue Mar 21 15:37:29 2023:DEBUG:setData: Setting CFC114_emissions[2347]=0
Tue Mar 21 15:37:29 2023:DEBUG:setData: Setting CFC114_emissions[2348]=0
Tue Mar 21 15:37:29 2023:DEBUG:setData: Setting CFC114_emissions[2349]=0
Tue Mar 21 15:37:29 2023:DEBUG:setData: Setting CFC114_emissions[2350]=0
Tue Mar 21 15:37:29 2023:DEBUG:setData: Setting CFC114_emissions[2351]=0
Tue Mar 21 15:37:29 2023:DEBUG:setData: Setting CFC114_emissions[2352]=0
Tue Mar 21 15:37:29 2023:DEBUG:setData: Setting CFC114_emissions[2353]=0
Tue Mar 21 15:37:29 2023:DEBUG:setData: Setting CFC114_emissions[2354]=0
Tue Mar 21 15:37:29 2023:DEBUG:setData: Setting CFC114_emissions[2355]=0
Tue Mar 21 15:37:29 2023:DEBUG:setData: Setting CFC114_emissions[2356]=0
Tue Mar 21 15:37:29 2023:DEBUG:setData: Setting CFC114_emissions[2357]=0
Tue Mar 21 15:37:29 2023:DEBUG:setData: Setting CFC114_emissions[2358]=0
Tue Mar 21 15:37:29 2023:DEBUG:setData: Setting CFC114_emissions[2359]=0
Tue Mar 21 15:37:29 2023:DEBUG:setData: Setting CFC114_emissions[2360]=0
Tue Mar 21 15:37:29 2023:DEBUG:setData: Setting CFC114_emissions[2361]=0
Tue Mar 21 15:37:29 2023:DEBUG:setData: Setting CFC114_emissions[2362]=0
Tue Mar 21 15:37:29 2023:DEBUG:setData: Setting CFC114_emissions[2363]=0
Tue Mar 21 15:37:29 2023:DEBUG:setData: Setting CFC114_emissions[2364]=0
Tue Mar 21 15:37:29 2023:DEBUG:setData: Setting CFC114_emissions[2365]=0
Tue Mar 21 15:37:29 2023:DEBUG:setData: Setting CFC114_emissions[2366]=0
Tue Mar 21 15:37:29 2023:DEBUG:setData: Setting CFC114_emissions[2367]=0
Tue Mar 21 15:37:29 2023:DEBUG:setData: Setting CFC114_emissions[2368]=0
Tue Mar 21 15:37:29 2023:DEBUG:setData: Setting CFC114_emissions[2369]=0
Tue Mar 21 15:37:29 2023:DEBUG:setData: Setting CFC114_emissions[2370]=0
Tue Mar 21 15:37:29 2023:DEBUG:setData: Setting CFC114_emissions[2371]=0
Tue Mar 21 15:37:29 2023:DEBUG:setData: Setting CFC114_emissions[2372]=0
Tue Mar 21 15:37:29 2023:DEBUG:setData: Setting CFC114_emissions[2373]=0
Tue Mar 21 15:37:29 2023:DEBUG:setData: Setting CFC114_emissions[2374]=0
Tue Mar 21 15:37:29 2023:DEBUG:setData: Setting CFC114_emissions[2375]=0
Tue Mar 21 15:37:29 2023:DEBUG:setData: Setting CFC114_emissions[2376]=0
Tue Mar 21 15:37:29 2023:DEBUG:setData: Setting CFC114_emissions[2377]=0
Tue Mar 21 15:37:29 2023:DEBUG:setData: Setting CFC114_emissions[2378]=0
Tue Mar 21 15:37:29 2023:DEBUG:setData: Setting CFC114_emissions[2379]=0
Tue Mar 21 15:37:29 2023:DEBUG:setData: Setting CFC114_emissions[2380]=0
Tue Mar 21 15:37:29 2023:DEBUG:setData: Setting CFC114_emissions[2381]=0
Tue Mar 21 15:37:29 2023:DEBUG:setData: Setting CFC114_emissions[2382]=0
Tue Mar 21 15:37:29 2023:DEBUG:setData: Setting CFC114_emissions[2383]=0
Tue Mar 21 15:37:29 2023:DEBUG:setData: Setting CFC114_emissions[2384]=0
Tue Mar 21 15:37:29 2023:DEBUG:setData: Setting CFC114_emissions[2385]=0
Tue Mar 21 15:37:29 2023:DEBUG:setData: Setting CFC114_emissions[2386]=0
Tue Mar 21 15:37:29 2023:DEBUG:setData: Setting CFC114_emissions[2387]=0
Tue Mar 21 15:37:29 2023:DEBUG:setData: Setting CFC114_emissions[2388]=0
Tue Mar 21 15:37:29 2023:DEBUG:setData: Setting CFC114_emissions[2389]=0
Tue Mar 21 15:37:29 2023:DEBUG:setData: Setting CFC114_emissions[2390]=0
Tue Mar 21 15:37:29 2023:DEBUG:setData: Setting CFC114_emissions[2391]=0
Tue Mar 21 15:37:29 2023:DEBUG:setData: Setting CFC114_emissions[2392]=0
Tue Mar 21 15:37:29 2023:DEBUG:setData: Setting CFC114_emissions[2393]=0
Tue Mar 21 15:37:29 2023:DEBUG:setData: Setting CFC114_emissions[2394]=0
Tue Mar 21 15:37:29 2023:DEBUG:setData: Setting CFC114_emissions[2395]=0
Tue Mar 21 15:37:29 2023:DEBUG:setData: Setting CFC114_emissions[2396]=0
Tue Mar 21 15:37:29 2023:DEBUG:setData: Setting CFC114_emissions[2397]=0
Tue Mar 21 15:37:29 2023:DEBUG:setData: Setting CFC114_emissions[2398]=0
Tue Mar 21 15:37:29 2023:DEBUG:setData: Setting CFC114_emissions[2399]=0
Tue Mar 21 15:37:29 2023:DEBUG:setData: Setting CFC114_emissions[2400]=0
Tue Mar 21 15:37:29 2023:DEBUG:setData: Setting CFC114_emissions[2401]=0
Tue Mar 21 15:37:29 2023:DEBUG:setData: Setting CFC114_emissions[2402]=0
Tue Mar 21 15:37:29 2023:DEBUG:setData: Setting CFC114_emissions[2403]=0
Tue Mar 21 15:37:29 2023:DEBUG:setData: Setting CFC114_emissions[2404]=0
Tue Mar 21 15:37:29 2023:DEBUG:setData: Setting CFC114_emissions[2405]=0
Tue Mar 21 15:37:29 2023:DEBUG:setData: Setting CFC114_emissions[2406]=0
Tue Mar 21 15:37:29 2023:DEBUG:setData: Setting CFC114_emissions[2407]=0
Tue Mar 21 15:37:29 2023:DEBUG:setData: Setting CFC114_emissions[2408]=0
Tue Mar 21 15:37:29 2023:DEBUG:setData: Setting CFC114_emissions[2409]=0
Tue Mar 21 15:37:29 2023:DEBUG:setData: Setting CFC114_emissions[2410]=0
Tue Mar 21 15:37:29 2023:DEBUG:setData: Setting CFC114_emissions[2411]=0
Tue Mar 21 15:37:29 2023:DEBUG:setData: Setting CFC114_emissions[2412]=0
Tue Mar 21 15:37:29 2023:DEBUG:setData: Setting CFC114_emissions[2413]=0
Tue Mar 21 15:37:29 2023:DEBUG:setData: Setting CFC114_emissions[2414]=0
Tue Mar 21 15:37:29 2023:DEBUG:setData: Setting CFC114_emissions[2415]=0
Tue Mar 21 15:37:29 2023:DEBUG:setData: Setting CFC114_emissions[2416]=0
Tue Mar 21 15:37:29 2023:DEBUG:setData: Setting CFC114_emissions[2417]=0
Tue Mar 21 15:37:29 2023:DEBUG:setData: Setting CFC114_emissions[2418]=0
Tue Mar 21 15:37:29 2023:DEBUG:setData: Setting CFC114_emissions[2419]=0
Tue Mar 21 15:37:29 2023:DEBUG:setData: Setting CFC114_emissions[2420]=0
Tue Mar 21 15:37:29 2023:DEBUG:setData: Setting CFC114_emissions[2421]=0
Tue Mar 21 15:37:29 2023:DEBUG:setData: Setting CFC114_emissions[2422]=0
Tue Mar 21 15:37:29 2023:DEBUG:setData: Setting CFC114_emissions[2423]=0
Tue Mar 21 15:37:29 2023:DEBUG:setData: Setting CFC114_emissions[2424]=0
Tue Mar 21 15:37:29 2023:DEBUG:setData: Setting CFC114_emissions[2425]=0
Tue Mar 21 15:37:29 2023:DEBUG:setData: Setting CFC114_emissions[2426]=0
Tue Mar 21 15:37:29 2023:DEBUG:setData: Setting CFC114_emissions[2427]=0
Tue Mar 21 15:37:29 2023:DEBUG:setData: Setting CFC114_emissions[2428]=0
Tue Mar 21 15:37:29 2023:DEBUG:setData: Setting CFC114_emissions[2429]=0
Tue Mar 21 15:37:29 2023:DEBUG:setData: Setting CFC114_emissions[2430]=0
Tue Mar 21 15:37:29 2023:DEBUG:setData: Setting CFC114_emissions[2431]=0
Tue Mar 21 15:37:29 2023:DEBUG:setData: Setting CFC114_emissions[2432]=0
Tue Mar 21 15:37:29 2023:DEBUG:setData: Setting CFC114_emissions[2433]=0
Tue Mar 21 15:37:29 2023:DEBUG:setData: Setting CFC114_emissions[2434]=0
Tue Mar 21 15:37:29 2023:DEBUG:setData: Setting CFC114_emissions[2435]=0
Tue Mar 21 15:37:29 2023:DEBUG:setData: Setting CFC114_emissions[2436]=0
Tue Mar 21 15:37:29 2023:DEBUG:setData: Setting CFC114_emissions[2437]=0
Tue Mar 21 15:37:29 2023:DEBUG:setData: Setting CFC114_emissions[2438]=0
Tue Mar 21 15:37:29 2023:DEBUG:setData: Setting CFC114_emissions[2439]=0
Tue Mar 21 15:37:29 2023:DEBUG:setData: Setting CFC114_emissions[2440]=0
Tue Mar 21 15:37:29 2023:DEBUG:setData: Setting CFC114_emissions[2441]=0
Tue Mar 21 15:37:29 2023:DEBUG:setData: Setting CFC114_emissions[2442]=0
Tue Mar 21 15:37:29 2023:DEBUG:setData: Setting CFC114_emissions[2443]=0
Tue Mar 21 15:37:29 2023:DEBUG:setData: Setting CFC114_emissions[2444]=0
Tue Mar 21 15:37:29 2023:DEBUG:setData: Setting CFC114_emissions[2445]=0
Tue Mar 21 15:37:29 2023:DEBUG:setData: Setting CFC114_emissions[2446]=0
Tue Mar 21 15:37:29 2023:DEBUG:setData: Setting CFC114_emissions[2447]=0
Tue Mar 21 15:37:29 2023:DEBUG:setData: Setting CFC114_emissions[2448]=0
Tue Mar 21 15:37:29 2023:DEBUG:setData: Setting CFC114_emissions[2449]=0
Tue Mar 21 15:37:29 2023:DEBUG:setData: Setting CFC114_emissions[2450]=0
Tue Mar 21 15:37:29 2023:DEBUG:setData: Setting CFC114_emissions[2451]=0
Tue Mar 21 15:37:29 2023:DEBUG:setData: Setting CFC114_emissions[2452]=0
Tue Mar 21 15:37:29 2023:DEBUG:setData: Setting CFC114_emissions[2453]=0
Tue Mar 21 15:37:29 2023:DEBUG:setData: Setting CFC114_emissions[2454]=0
Tue Mar 21 15:37:29 2023:DEBUG:setData: Setting CFC114_emissions[2455]=0
Tue Mar 21 15:37:29 2023:DEBUG:setData: Setting CFC114_emissions[2456]=0
Tue Mar 21 15:37:29 2023:DEBUG:setData: Setting CFC114_emissions[2457]=0
Tue Mar 21 15:37:29 2023:DEBUG:setData: Setting CFC114_emissions[2458]=0
Tue Mar 21 15:37:29 2023:DEBUG:setData: Setting CFC114_emissions[2459]=0
Tue Mar 21 15:37:29 2023:DEBUG:setData: Setting CFC114_emissions[2460]=0
Tue Mar 21 15:37:29 2023:DEBUG:setData: Setting CFC114_emissions[2461]=0
Tue Mar 21 15:37:29 2023:DEBUG:setData: Setting CFC114_emissions[2462]=0
Tue Mar 21 15:37:29 2023:DEBUG:setData: Setting CFC114_emissions[2463]=0
Tue Mar 21 15:37:29 2023:DEBUG:setData: Setting CFC114_emissions[2464]=0
Tue Mar 21 15:37:29 2023:DEBUG:setData: Setting CFC114_emissions[2465]=0
Tue Mar 21 15:37:29 2023:DEBUG:setData: Setting CFC114_emissions[2466]=0
Tue Mar 21 15:37:29 2023:DEBUG:setData: Setting CFC114_emissions[2467]=0
Tue Mar 21 15:37:29 2023:DEBUG:setData: Setting CFC114_emissions[2468]=0
Tue Mar 21 15:37:29 2023:DEBUG:setData: Setting CFC114_emissions[2469]=0
Tue Mar 21 15:37:29 2023:DEBUG:setData: Setting CFC114_emissions[2470]=0
Tue Mar 21 15:37:29 2023:DEBUG:setData: Setting CFC114_emissions[2471]=0
Tue Mar 21 15:37:29 2023:DEBUG:setData: Setting CFC114_emissions[2472]=0
Tue Mar 21 15:37:29 2023:DEBUG:setData: Setting CFC114_emissions[2473]=0
Tue Mar 21 15:37:29 2023:DEBUG:setData: Setting CFC114_emissions[2474]=0
Tue Mar 21 15:37:29 2023:DEBUG:setData: Setting CFC114_emissions[2475]=0
Tue Mar 21 15:37:29 2023:DEBUG:setData: Setting CFC114_emissions[2476]=0
Tue Mar 21 15:37:29 2023:DEBUG:setData: Setting CFC114_emissions[2477]=0
Tue Mar 21 15:37:29 2023:DEBUG:setData: Setting CFC114_emissions[2478]=0
Tue Mar 21 15:37:29 2023:DEBUG:setData: Setting CFC114_emissions[2479]=0
Tue Mar 21 15:37:29 2023:DEBUG:setData: Setting CFC114_emissions[2480]=0
Tue Mar 21 15:37:29 2023:DEBUG:setData: Setting CFC114_emissions[2481]=0
Tue Mar 21 15:37:29 2023:DEBUG:setData: Setting CFC114_emissions[2482]=0
Tue Mar 21 15:37:29 2023:DEBUG:setData: Setting CFC114_emissions[2483]=0
Tue Mar 21 15:37:29 2023:DEBUG:setData: Setting CFC114_emissions[2484]=0
Tue Mar 21 15:37:29 2023:DEBUG:setData: Setting CFC114_emissions[2485]=0
Tue Mar 21 15:37:29 2023:DEBUG:setData: Setting CFC114_emissions[2486]=0
Tue Mar 21 15:37:29 2023:DEBUG:setData: Setting CFC114_emissions[2487]=0
Tue Mar 21 15:37:29 2023:DEBUG:setData: Setting CFC114_emissions[2488]=0
Tue Mar 21 15:37:29 2023:DEBUG:setData: Setting CFC114_emissions[2489]=0
Tue Mar 21 15:37:29 2023:DEBUG:setData: Setting CFC114_emissions[2490]=0
Tue Mar 21 15:37:29 2023:DEBUG:setData: Setting CFC114_emissions[2491]=0
Tue Mar 21 15:37:29 2023:DEBUG:setData: Setting CFC114_emissions[2492]=0
Tue Mar 21 15:37:29 2023:DEBUG:setData: Setting CFC114_emissions[2493]=0
Tue Mar 21 15:37:29 2023:DEBUG:setData: Setting CFC114_emissions[2494]=0
Tue Mar 21 15:37:29 2023:DEBUG:setData: Setting CFC114_emissions[2495]=0
Tue Mar 21 15:37:29 2023:DEBUG:setData: Setting CFC114_emissions[2496]=0
Tue Mar 21 15:37:29 2023:DEBUG:setData: Setting CFC114_emissions[2497]=0
Tue Mar 21 15:37:29 2023:DEBUG:setData: Setting CFC114_emissions[2498]=0
Tue Mar 21 15:37:29 2023:DEBUG:setData: Setting CFC114_emissions[2499]=0
Tue Mar 21 15:37:29 2023:DEBUG:setData: Setting CFC114_emissions[2500]=0
Tue Mar 21 15:37:29 2023:DEBUG:setData: Setting molarMass[-1]=170.9
Tue Mar 21 15:37:29 2023:DEBUG:prepareToRun: prepareToRun 
Tue Mar 21 15:37:30 2023:DEBUG:run: date: 1746 concentration: 0 pptv
Tue Mar 21 15:37:30 2023:DEBUG:run: date: 1747 concentration: 0 pptv
Tue Mar 21 15:37:30 2023:DEBUG:run: date: 1748 concentration: 0 pptv
Tue Mar 21 15:37:30 2023:DEBUG:run: date: 1749 concentration: 0 pptv
Tue Mar 21 15:37:30 2023:DEBUG:run: date: 1750 concentration: 0 pptv
Tue Mar 21 15:37:30 2023:DEBUG:run: date: 1751 concentration: 0 pptv
Tue Mar 21 15:37:30 2023:DEBUG:run: date: 1752 concentration: 0 pptv
Tue Mar 21 15:37:30 2023:DEBUG:run: date: 1753 concentration: 0 pptv
Tue Mar 21 15:37:30 2023:DEBUG:run: date: 1754 concentration: 0 pptv
Tue Mar 21 15:37:30 2023:DEBUG:run: date: 1755 concentration: 0 pptv
Tue Mar 21 15:37:30 2023:DEBUG:run: date: 1756 concentration: 0 pptv
Tue Mar 21 15:37:30 2023:DEBUG:run: date: 1757 concentration: 0 pptv
Tue Mar 21 15:37:30 2023:DEBUG:run: date: 1758 concentration: 0 pptv
Tue Mar 21 15:37:30 2023:DEBUG:run: date: 1759 concentration: 0 pptv
Tue Mar 21 15:37:30 2023:DEBUG:run: date: 1760 concentration: 0 pptv
Tue Mar 21 15:37:30 2023:DEBUG:run: date: 1761 concentration: 0 pptv
Tue Mar 21 15:37:30 2023:DEBUG:run: date: 1762 concentration: 0 pptv
Tue Mar 21 15:37:30 2023:DEBUG:run: date: 1763 concentration: 0 pptv
Tue Mar 21 15:37:30 2023:DEBUG:run: date: 1764 concentration: 0 pptv
Tue Mar 21 15:37:30 2023:DEBUG:run: date: 1765 concentration: 0 pptv
Tue Mar 21 15:37:30 2023:DEBUG:run: date: 1766 concentration: 0 pptv
Tue Mar 21 15:37:30 2023:DEBUG:run: date: 1767 concentration: 0 pptv
Tue Mar 21 15:37:30 2023:DEBUG:run: date: 1768 concentration: 0 pptv
Tue Mar 21 15:37:30 2023:DEBUG:run: date: 1769 concentration: 0 pptv
Tue Mar 21 15:37:30 2023:DEBUG:run: date: 1770 concentration: 0 pptv
Tue Mar 21 15:37:30 2023:DEBUG:run: date: 1771 concentration: 0 pptv
Tue Mar 21 15:37:30 2023:DEBUG:run: date: 1772 concentration: 0 pptv
Tue Mar 21 15:37:30 2023:DEBUG:run: date: 1773 concentration: 0 pptv
Tue Mar 21 15:37:30 2023:DEBUG:run: date: 1774 concentration: 0 pptv
Tue Mar 21 15:37:30 2023:DEBUG:run: date: 1775 concentration: 0 pptv
Tue Mar 21 15:37:30 2023:DEBUG:run: date: 1776 concentration: 0 pptv
Tue Mar 21 15:37:30 2023:DEBUG:run: date: 1777 concentration: 0 pptv
Tue Mar 21 15:37:30 2023:DEBUG:run: date: 1778 concentration: 0 pptv
Tue Mar 21 15:37:30 2023:DEBUG:run: date: 1779 concentration: 0 pptv
Tue Mar 21 15:37:30 2023:DEBUG:run: date: 1780 concentration: 0 pptv
Tue Mar 21 15:37:30 2023:DEBUG:run: date: 1781 concentration: 0 pptv
Tue Mar 21 15:37:30 2023:DEBUG:run: date: 1782 concentration: 0 pptv
Tue Mar 21 15:37:30 2023:DEBUG:run: date: 1783 concentration: 0 pptv
Tue Mar 21 15:37:30 2023:DEBUG:run: date: 1784 concentration: 0 pptv
Tue Mar 21 15:37:30 2023:DEBUG:run: date: 1785 concentration: 0 pptv
Tue Mar 21 15:37:30 2023:DEBUG:run: date: 1786 concentration: 0 pptv
Tue Mar 21 15:37:30 2023:DEBUG:run: date: 1787 concentration: 0 pptv
Tue Mar 21 15:37:30 2023:DEBUG:run: date: 1788 concentration: 0 pptv
Tue Mar 21 15:37:30 2023:DEBUG:run: date: 1789 concentration: 0 pptv
Tue Mar 21 15:37:30 2023:DEBUG:run: date: 1790 concentration: 0 pptv
Tue Mar 21 15:37:30 2023:DEBUG:run: date: 1791 concentration: 0 pptv
Tue Mar 21 15:37:30 2023:DEBUG:run: date: 1792 concentration: 0 pptv
Tue Mar 21 15:37:30 2023:DEBUG:run: date: 1793 concentration: 0 pptv
Tue Mar 21 15:37:30 2023:DEBUG:run: date: 1794 concentration: 0 pptv
Tue Mar 21 15:37:30 2023:DEBUG:run: date: 1795 concentration: 0 pptv
Tue Mar 21 15:37:30 2023:DEBUG:run: date: 1796 concentration: 0 pptv
Tue Mar 21 15:37:30 2023:DEBUG:run: date: 1797 concentration: 0 pptv
Tue Mar 21 15:37:30 2023:DEBUG:run: date: 1798 concentration: 0 pptv
Tue Mar 21 15:37:30 2023:DEBUG:run: date: 1799 concentration: 0 pptv
Tue Mar 21 15:37:30 2023:DEBUG:run: date: 1800 concentration: 0 pptv
Tue Mar 21 15:37:30 2023:DEBUG:run: date: 1801 concentration: 0 pptv
Tue Mar 21 15:37:30 2023:DEBUG:run: date: 1802 concentration: 0 pptv
Tue Mar 21 15:37:30 2023:DEBUG:run: date: 1803 concentration: 0 pptv
Tue Mar 21 15:37:30 2023:DEBUG:run: date: 1804 concentration: 0 pptv
Tue Mar 21 15:37:30 2023:DEBUG:run: date: 1805 concentration: 0 pptv
Tue Mar 21 15:37:30 2023:DEBUG:run: date: 1806 concentration: 0 pptv
Tue Mar 21 15:37:30 2023:DEBUG:run: date: 1807 concentration: 0 pptv
Tue Mar 21 15:37:30 2023:DEBUG:run: date: 1808 concentration: 0 pptv
Tue Mar 21 15:37:30 2023:DEBUG:run: date: 1809 concentration: 0 pptv
Tue Mar 21 15:37:30 2023:DEBUG:run: date: 1810 concentration: 0 pptv
Tue Mar 21 15:37:30 2023:DEBUG:run: date: 1811 concentration: 0 pptv
Tue Mar 21 15:37:30 2023:DEBUG:run: date: 1812 concentration: 0 pptv
Tue Mar 21 15:37:30 2023:DEBUG:run: date: 1813 concentration: 0 pptv
Tue Mar 21 15:37:30 2023:DEBUG:run: date: 1814 concentration: 0 pptv
Tue Mar 21 15:37:30 2023:DEBUG:run: date: 1815 concentration: 0 pptv
Tue Mar 21 15:37:30 2023:DEBUG:run: date: 1816 concentration: 0 pptv
Tue Mar 21 15:37:30 2023:DEBUG:run: date: 1817 concentration: 0 pptv
Tue Mar 21 15:37:30 2023:DEBUG:run: date: 1818 concentration: 0 pptv
Tue Mar 21 15:37:30 2023:DEBUG:run: date: 1819 concentration: 0 pptv
Tue Mar 21 15:37:30 2023:DEBUG:run: date: 1820 concentration: 0 pptv
Tue Mar 21 15:37:30 2023:DEBUG:run: date: 1821 concentration: 0 pptv
Tue Mar 21 15:37:30 2023:DEBUG:run: date: 1822 concentration: 0 pptv
Tue Mar 21 15:37:30 2023:DEBUG:run: date: 1823 concentration: 0 pptv
Tue Mar 21 15:37:30 2023:DEBUG:run: date: 1824 concentration: 0 pptv
Tue Mar 21 15:37:30 2023:DEBUG:run: date: 1825 concentration: 0 pptv
Tue Mar 21 15:37:30 2023:DEBUG:run: date: 1826 concentration: 0 pptv
Tue Mar 21 15:37:30 2023:DEBUG:run: date: 1827 concentration: 0 pptv
Tue Mar 21 15:37:30 2023:DEBUG:run: date: 1828 concentration: 0 pptv
Tue Mar 21 15:37:30 2023:DEBUG:run: date: 1829 concentration: 0 pptv
Tue Mar 21 15:37:30 2023:DEBUG:run: date: 1830 concentration: 0 pptv
Tue Mar 21 15:37:30 2023:DEBUG:run: date: 1831 concentration: 0 pptv
Tue Mar 21 15:37:30 2023:DEBUG:run: date: 1832 concentration: 0 pptv
Tue Mar 21 15:37:30 2023:DEBUG:run: date: 1833 concentration: 0 pptv
Tue Mar 21 15:37:30 2023:DEBUG:run: date: 1834 concentration: 0 pptv
Tue Mar 21 15:37:30 2023:DEBUG:run: date: 1835 concentration: 0 pptv
Tue Mar 21 15:37:30 2023:DEBUG:run: date: 1836 concentration: 0 pptv
Tue Mar 21 15:37:30 2023:DEBUG:run: date: 1837 concentration: 0 pptv
Tue Mar 21 15:37:30 2023:DEBUG:run: date: 1838 concentration: 0 pptv
Tue Mar 21 15:37:30 2023:DEBUG:run: date: 1839 concentration: 0 pptv
Tue Mar 21 15:37:30 2023:DEBUG:run: date: 1840 concentration: 0 pptv
Tue Mar 21 15:37:30 2023:DEBUG:run: date: 1841 concentration: 0 pptv
Tue Mar 21 15:37:30 2023:DEBUG:run: date: 1842 concentration: 0 pptv
Tue Mar 21 15:37:30 2023:DEBUG:run: date: 1843 concentration: 0 pptv
Tue Mar 21 15:37:30 2023:DEBUG:run: date: 1844 concentration: 0 pptv
Tue Mar 21 15:37:30 2023:DEBUG:run: date: 1845 concentration: 0 pptv
Tue Mar 21 15:37:30 2023:DEBUG:run: date: 1846 concentration: 0 pptv
Tue Mar 21 15:37:30 2023:DEBUG:run: date: 1847 concentration: 0 pptv
Tue Mar 21 15:37:30 2023:DEBUG:run: date: 1848 concentration: 0 pptv
Tue Mar 21 15:37:30 2023:DEBUG:run: date: 1849 concentration: 0 pptv
Tue Mar 21 15:37:30 2023:DEBUG:run: date: 1850 concentration: 0 pptv
Tue Mar 21 15:37:30 2023:DEBUG:run: date: 1851 concentration: 0 pptv
Tue Mar 21 15:37:30 2023:DEBUG:run: date: 1852 concentration: 0 pptv
Tue Mar 21 15:37:30 2023:DEBUG:run: date: 1853 concentration: 0 pptv
Tue Mar 21 15:37:30 2023:DEBUG:run: date: 1854 concentration: 0 pptv
Tue Mar 21 15:37:30 2023:DEBUG:run: date: 1855 concentration: 0 pptv
Tue Mar 21 15:37:30 2023:DEBUG:run: date: 1856 concentration: 0 pptv
Tue Mar 21 15:37:30 2023:DEBUG:run: date: 1857 concentration: 0 pptv
Tue Mar 21 15:37:30 2023:DEBUG:run: date: 1858 concentration: 0 pptv
Tue Mar 21 15:37:30 2023:DEBUG:run: date: 1859 concentration: 0 pptv
Tue Mar 21 15:37:30 2023:DEBUG:run: date: 1860 concentration: 0 pptv
Tue Mar 21 15:37:30 2023:DEBUG:run: date: 1861 concentration: 0 pptv
Tue Mar 21 15:37:30 2023:DEBUG:run: date: 1862 concentration: 0 pptv
Tue Mar 21 15:37:30 2023:DEBUG:run: date: 1863 concentration: 0 pptv
Tue Mar 21 15:37:30 2023:DEBUG:run: date: 1864 concentration: 0 pptv
Tue Mar 21 15:37:30 2023:DEBUG:run: date: 1865 concentration: 0 pptv
Tue Mar 21 15:37:30 2023:DEBUG:run: date: 1866 concentration: 0 pptv
Tue Mar 21 15:37:30 2023:DEBUG:run: date: 1867 concentration: 0 pptv
Tue Mar 21 15:37:30 2023:DEBUG:run: date: 1868 concentration: 0 pptv
Tue Mar 21 15:37:30 2023:DEBUG:run: date: 1869 concentration: 0 pptv
Tue Mar 21 15:37:30 2023:DEBUG:run: date: 1870 concentration: 0 pptv
Tue Mar 21 15:37:30 2023:DEBUG:run: date: 1871 concentration: 0 pptv
Tue Mar 21 15:37:30 2023:DEBUG:run: date: 1872 concentration: 0 pptv
Tue Mar 21 15:37:30 2023:DEBUG:run: date: 1873 concentration: 0 pptv
Tue Mar 21 15:37:30 2023:DEBUG:run: date: 1874 concentration: 0 pptv
Tue Mar 21 15:37:30 2023:DEBUG:run: date: 1875 concentration: 0 pptv
Tue Mar 21 15:37:30 2023:DEBUG:run: date: 1876 concentration: 0 pptv
Tue Mar 21 15:37:30 2023:DEBUG:run: date: 1877 concentration: 0 pptv
Tue Mar 21 15:37:30 2023:DEBUG:run: date: 1878 concentration: 0 pptv
Tue Mar 21 15:37:30 2023:DEBUG:run: date: 1879 concentration: 0 pptv
Tue Mar 21 15:37:30 2023:DEBUG:run: date: 1880 concentration: 0 pptv
Tue Mar 21 15:37:30 2023:DEBUG:run: date: 1881 concentration: 0 pptv
Tue Mar 21 15:37:30 2023:DEBUG:run: date: 1882 concentration: 0 pptv
Tue Mar 21 15:37:30 2023:DEBUG:run: date: 1883 concentration: 0 pptv
Tue Mar 21 15:37:30 2023:DEBUG:run: date: 1884 concentration: 0 pptv
Tue Mar 21 15:37:30 2023:DEBUG:run: date: 1885 concentration: 0 pptv
Tue Mar 21 15:37:30 2023:DEBUG:run: date: 1886 concentration: 0 pptv
Tue Mar 21 15:37:30 2023:DEBUG:run: date: 1887 concentration: 0 pptv
Tue Mar 21 15:37:30 2023:DEBUG:run: date: 1888 concentration: 0 pptv
Tue Mar 21 15:37:30 2023:DEBUG:run: date: 1889 concentration: 0 pptv
Tue Mar 21 15:37:30 2023:DEBUG:run: date: 1890 concentration: 0 pptv
Tue Mar 21 15:37:30 2023:DEBUG:run: date: 1891 concentration: 0 pptv
Tue Mar 21 15:37:30 2023:DEBUG:run: date: 1892 concentration: 0 pptv
Tue Mar 21 15:37:30 2023:DEBUG:run: date: 1893 concentration: 0 pptv
Tue Mar 21 15:37:30 2023:DEBUG:run: date: 1894 concentration: 0 pptv
Tue Mar 21 15:37:30 2023:DEBUG:run: date: 1895 concentration: 0 pptv
Tue Mar 21 15:37:30 2023:DEBUG:run: date: 1896 concentration: 0 pptv
Tue Mar 21 15:37:30 2023:DEBUG:run: date: 1897 concentration: 0 pptv
Tue Mar 21 15:37:31 2023:DEBUG:run: date: 1898 concentration: 0 pptv
Tue Mar 21 15:37:31 2023:DEBUG:run: date: 1899 concentration: 0 pptv
Tue Mar 21 15:37:31 2023:DEBUG:run: date: 1900 concentration: 0 pptv
Tue Mar 21 15:37:31 2023:DEBUG:run: date: 1901 concentration: 0 pptv
Tue Mar 21 15:37:31 2023:DEBUG:run: date: 1902 concentration: 0 pptv
Tue Mar 21 15:37:31 2023:DEBUG:run: date: 1903 concentration: 0 pptv
Tue Mar 21 15:37:31 2023:DEBUG:run: date: 1904 concentration: 0 pptv
Tue Mar 21 15:37:31 2023:DEBUG:run: date: 1905 concentration: 0 pptv
Tue Mar 21 15:37:31 2023:DEBUG:run: date: 1906 concentration: 0 pptv
Tue Mar 21 15:37:31 2023:DEBUG:run: date: 1907 concentration: 0 pptv
Tue Mar 21 15:37:31 2023:DEBUG:run: date: 1908 concentration: 0 pptv
Tue Mar 21 15:37:31 2023:DEBUG:run: date: 1909 concentration: 0 pptv
Tue Mar 21 15:37:31 2023:DEBUG:run: date: 1910 concentration: 0 pptv
Tue Mar 21 15:37:31 2023:DEBUG:run: date: 1911 concentration: 0 pptv
Tue Mar 21 15:37:31 2023:DEBUG:run: date: 1912 concentration: 0 pptv
Tue Mar 21 15:37:31 2023:DEBUG:run: date: 1913 concentration: 0 pptv
Tue Mar 21 15:37:31 2023:DEBUG:run: date: 1914 concentration: 0 pptv
Tue Mar 21 15:37:31 2023:DEBUG:run: date: 1915 concentration: 0 pptv
Tue Mar 21 15:37:31 2023:DEBUG:run: date: 1916 concentration: 0 pptv
Tue Mar 21 15:37:31 2023:DEBUG:run: date: 1917 concentration: 0 pptv
Tue Mar 21 15:37:31 2023:DEBUG:run: date: 1918 concentration: 0 pptv
Tue Mar 21 15:37:31 2023:DEBUG:run: date: 1919 concentration: 0 pptv
Tue Mar 21 15:37:31 2023:DEBUG:run: date: 1920 concentration: 0 pptv
Tue Mar 21 15:37:31 2023:DEBUG:run: date: 1921 concentration: 0 pptv
Tue Mar 21 15:37:31 2023:DEBUG:run: date: 1922 concentration: 0 pptv
Tue Mar 21 15:37:31 2023:DEBUG:run: date: 1923 concentration: 0 pptv
Tue Mar 21 15:37:31 2023:DEBUG:run: date: 1924 concentration: 0 pptv
Tue Mar 21 15:37:31 2023:DEBUG:run: date: 1925 concentration: 0 pptv
Tue Mar 21 15:37:31 2023:DEBUG:run: date: 1926 concentration: 0 pptv
Tue Mar 21 15:37:31 2023:DEBUG:run: date: 1927 concentration: 0 pptv
Tue Mar 21 15:37:31 2023:DEBUG:run: date: 1928 concentration: 0 pptv
Tue Mar 21 15:37:31 2023:DEBUG:run: date: 1929 concentration: 0 pptv
Tue Mar 21 15:37:31 2023:DEBUG:run: date: 1930 concentration: 0 pptv
Tue Mar 21 15:37:31 2023:DEBUG:run: date: 1931 concentration: 0 pptv
Tue Mar 21 15:37:31 2023:DEBUG:run: date: 1932 concentration: 0 pptv
Tue Mar 21 15:37:31 2023:DEBUG:run: date: 1933 concentration: 0 pptv
Tue Mar 21 15:37:31 2023:DEBUG:run: date: 1934 concentration: 0 pptv
Tue Mar 21 15:37:31 2023:DEBUG:run: date: 1935 concentration: 0 pptv
Tue Mar 21 15:37:31 2023:DEBUG:run: date: 1936 concentration: 0 pptv
Tue Mar 21 15:37:31 2023:DEBUG:run: date: 1937 concentration: 0.000207379 pptv
Tue Mar 21 15:37:31 2023:DEBUG:run: date: 1938 concentration: 0.00451914 pptv
Tue Mar 21 15:37:31 2023:DEBUG:run: date: 1939 concentration: 0.0268254 pptv
Tue Mar 21 15:37:31 2023:DEBUG:run: date: 1940 concentration: 0.0751857 pptv
Tue Mar 21 15:37:31 2023:DEBUG:run: date: 1941 concentration: 0.147436 pptv
Tue Mar 21 15:37:31 2023:DEBUG:run: date: 1942 concentration: 0.243543 pptv
Tue Mar 21 15:37:31 2023:DEBUG:run: date: 1943 concentration: 0.363459 pptv
Tue Mar 21 15:37:31 2023:DEBUG:run: date: 1944 concentration: 0.507116 pptv
Tue Mar 21 15:37:31 2023:DEBUG:run: date: 1945 concentration: 0.674437 pptv
Tue Mar 21 15:37:31 2023:DEBUG:run: date: 1946 concentration: 0.866447 pptv
Tue Mar 21 15:37:31 2023:DEBUG:run: date: 1947 concentration: 1.07271 pptv
Tue Mar 21 15:37:31 2023:DEBUG:run: date: 1948 concentration: 1.28544 pptv
Tue Mar 21 15:37:31 2023:DEBUG:run: date: 1949 concentration: 1.51366 pptv
Tue Mar 21 15:37:31 2023:DEBUG:run: date: 1950 concentration: 1.75107 pptv
Tue Mar 21 15:37:31 2023:DEBUG:run: date: 1951 concentration: 1.9904 pptv
Tue Mar 21 15:37:31 2023:DEBUG:run: date: 1952 concentration: 2.23281 pptv
Tue Mar 21 15:37:31 2023:DEBUG:run: date: 1953 concentration: 2.47538 pptv
Tue Mar 21 15:37:31 2023:DEBUG:run: date: 1954 concentration: 2.71899 pptv
Tue Mar 21 15:37:31 2023:DEBUG:run: date: 1955 concentration: 2.95779 pptv
Tue Mar 21 15:37:31 2023:DEBUG:run: date: 1956 concentration: 3.19275 pptv
Tue Mar 21 15:37:31 2023:DEBUG:run: date: 1957 concentration: 3.42152 pptv
Tue Mar 21 15:37:31 2023:DEBUG:run: date: 1958 concentration: 3.63434 pptv
Tue Mar 21 15:37:31 2023:DEBUG:run: date: 1959 concentration: 3.8454 pptv
Tue Mar 21 15:37:31 2023:DEBUG:run: date: 1960 concentration: 4.06754 pptv
Tue Mar 21 15:37:31 2023:DEBUG:run: date: 1961 concentration: 4.29583 pptv
Tue Mar 21 15:37:31 2023:DEBUG:run: date: 1962 concentration: 4.52755 pptv
Tue Mar 21 15:37:31 2023:DEBUG:run: date: 1963 concentration: 4.76923 pptv
Tue Mar 21 15:37:31 2023:DEBUG:run: date: 1964 concentration: 5.02849 pptv
Tue Mar 21 15:37:31 2023:DEBUG:run: date: 1965 concentration: 5.30501 pptv
Tue Mar 21 15:37:31 2023:DEBUG:run: date: 1966 concentration: 5.59569 pptv
Tue Mar 21 15:37:31 2023:DEBUG:run: date: 1967 concentration: 5.89903 pptv
Tue Mar 21 15:37:31 2023:DEBUG:run: date: 1968 concentration: 6.21352 pptv
Tue Mar 21 15:37:31 2023:DEBUG:run: date: 1969 concentration: 6.5381 pptv
Tue Mar 21 15:37:31 2023:DEBUG:run: date: 1970 concentration: 6.8736 pptv
Tue Mar 21 15:37:31 2023:DEBUG:run: date: 1971 concentration: 7.2224 pptv
Tue Mar 21 15:37:31 2023:DEBUG:run: date: 1972 concentration: 7.58709 pptv
Tue Mar 21 15:37:31 2023:DEBUG:run: date: 1973 concentration: 7.97028 pptv
Tue Mar 21 15:37:31 2023:DEBUG:run: date: 1974 concentration: 8.38017 pptv
Tue Mar 21 15:37:31 2023:DEBUG:run: date: 1975 concentration: 8.82411 pptv
Tue Mar 21 15:37:31 2023:DEBUG:run: date: 1976 concentration: 9.29409 pptv
Tue Mar 21 15:37:31 2023:DEBUG:run: date: 1977 concentration: 9.77323 pptv
Tue Mar 21 15:37:31 2023:DEBUG:run: date: 1978 concentration: 10.2447 pptv
Tue Mar 21 15:37:31 2023:DEBUG:run: date: 1979 concentration: 10.6971 pptv
Tue Mar 21 15:37:31 2023:DEBUG:run: date: 1980 concentration: 11.1406 pptv
Tue Mar 21 15:37:31 2023:DEBUG:run: date: 1981 concentration: 11.5552 pptv
Tue Mar 21 15:37:31 2023:DEBUG:run: date: 1982 concentration: 11.9674 pptv
Tue Mar 21 15:37:31 2023:DEBUG:run: date: 1983 concentration: 12.4327 pptv
Tue Mar 21 15:37:31 2023:DEBUG:run: date: 1984 concentration: 12.9488 pptv
Tue Mar 21 15:37:31 2023:DEBUG:run: date: 1985 concentration: 13.4913 pptv
Tue Mar 21 15:37:31 2023:DEBUG:run: date: 1986 concentration: 14.0093 pptv
Tue Mar 21 15:37:31 2023:DEBUG:run: date: 1987 concentration: 14.4814 pptv
Tue Mar 21 15:37:31 2023:DEBUG:run: date: 1988 concentration: 14.8893 pptv
Tue Mar 21 15:37:31 2023:DEBUG:run: date: 1989 concentration: 15.1682 pptv
Tue Mar 21 15:37:31 2023:DEBUG:run: date: 1990 concentration: 15.3478 pptv
Tue Mar 21 15:37:31 2023:DEBUG:run: date: 1991 concentration: 15.5224 pptv
Tue Mar 21 15:37:31 2023:DEBUG:run: date: 1992 concentration: 15.6431 pptv
Tue Mar 21 15:37:31 2023:DEBUG:run: date: 1993 concentration: 15.7034 pptv
Tue Mar 21 15:37:31 2023:DEBUG:run: date: 1994 concentration: 15.8008 pptv
Tue Mar 21 15:37:31 2023:DEBUG:run: date: 1995 concentration: 15.9334 pptv
Tue Mar 21 15:37:31 2023:DEBUG:run: date: 1996 concentration: 16.0314 pptv
Tue Mar 21 15:37:31 2023:DEBUG:run: date: 1997 concentration: 16.1003 pptv
Tue Mar 21 15:37:31 2023:DEBUG:run: date: 1998 concentration: 16.1753 pptv
Tue Mar 21 15:37:31 2023:DEBUG:run: date: 1999 concentration: 16.2505 pptv
Tue Mar 21 15:37:31 2023:DEBUG:run: date: 2000 concentration: 16.3258 pptv
Tue Mar 21 15:37:31 2023:DEBUG:run: date: 2001 concentration: 16.3778 pptv
Tue Mar 21 15:37:31 2023:DEBUG:run: date: 2002 concentration: 16.4019 pptv
Tue Mar 21 15:37:31 2023:DEBUG:run: date: 2003 concentration: 16.4036 pptv
Tue Mar 21 15:37:31 2023:DEBUG:run: date: 2004 concentration: 16.3968 pptv
Tue Mar 21 15:37:31 2023:DEBUG:run: date: 2005 concentration: 16.4011 pptv
Tue Mar 21 15:37:31 2023:DEBUG:run: date: 2006 concentration: 16.4033 pptv
Tue Mar 21 15:37:31 2023:DEBUG:run: date: 2007 concentration: 16.3992 pptv
Tue Mar 21 15:37:31 2023:DEBUG:run: date: 2008 concentration: 16.4068 pptv
Tue Mar 21 15:37:31 2023:DEBUG:run: date: 2009 concentration: 16.4066 pptv
Tue Mar 21 15:37:31 2023:DEBUG:run: date: 2010 concentration: 16.3995 pptv
Tue Mar 21 15:37:31 2023:DEBUG:run: date: 2011 concentration: 16.4114 pptv
Tue Mar 21 15:37:31 2023:DEBUG:run: date: 2012 concentration: 16.4234 pptv
Tue Mar 21 15:37:31 2023:DEBUG:run: date: 2013 concentration: 16.4317 pptv
Tue Mar 21 15:37:31 2023:DEBUG:run: date: 2014 concentration: 16.4312 pptv
Tue Mar 21 15:37:31 2023:DEBUG:run: date: 2015 concentration: 16.4307 pptv
Tue Mar 21 15:37:31 2023:DEBUG:run: date: 2016 concentration: 16.4252 pptv
Tue Mar 21 15:37:31 2023:DEBUG:run: date: 2017 concentration: 16.4147 pptv
Tue Mar 21 15:37:31 2023:DEBUG:run: date: 2018 concentration: 16.3992 pptv
Tue Mar 21 15:37:31 2023:DEBUG:run: date: 2019 concentration: 16.3788 pptv
Tue Mar 21 15:37:31 2023:DEBUG:run: date: 2020 concentration: 16.3534 pptv
Tue Mar 21 15:37:31 2023:DEBUG:run: date: 2021 concentration: 16.3261 pptv
Tue Mar 21 15:37:31 2023:DEBUG:run: date: 2022 concentration: 16.2967 pptv
Tue Mar 21 15:37:31 2023:DEBUG:run: date: 2023 concentration: 16.2654 pptv
Tue Mar 21 15:37:31 2023:DEBUG:run: date: 2024 concentration: 16.2322 pptv
Tue Mar 21 15:37:31 2023:DEBUG:run: date: 2025 concentration: 16.1969 pptv
Tue Mar 21 15:37:31 2023:DEBUG:run: date: 2026 concentration: 16.1597 pptv
Tue Mar 21 15:37:31 2023:DEBUG:run: date: 2027 concentration: 16.1206 pptv
Tue Mar 21 15:37:31 2023:DEBUG:run: date: 2028 concentration: 16.0795 pptv
Tue Mar 21 15:37:31 2023:DEBUG:run: date: 2029 concentration: 16.0365 pptv
Tue Mar 21 15:37:31 2023:DEBUG:run: date: 2030 concentration: 15.9915 pptv
Tue Mar 21 15:37:31 2023:DEBUG:run: date: 2031 concentration: 15.9461 pptv
Tue Mar 21 15:37:31 2023:DEBUG:run: date: 2032 concentration: 15.9003 pptv
Tue Mar 21 15:37:31 2023:DEBUG:run: date: 2033 concentration: 15.854 pptv
Tue Mar 21 15:37:31 2023:DEBUG:run: date: 2034 concentration: 15.8073 pptv
Tue Mar 21 15:37:31 2023:DEBUG:run: date: 2035 concentration: 15.7601 pptv
Tue Mar 21 15:37:31 2023:DEBUG:run: date: 2036 concentration: 15.7125 pptv
Tue Mar 21 15:37:31 2023:DEBUG:run: date: 2037 concentration: 15.6644 pptv
Tue Mar 21 15:37:31 2023:DEBUG:run: date: 2038 concentration: 15.6159 pptv
Tue Mar 21 15:37:31 2023:DEBUG:run: date: 2039 concentration: 15.567 pptv
Tue Mar 21 15:37:31 2023:DEBUG:run: date: 2040 concentration: 15.5176 pptv
Tue Mar 21 15:37:31 2023:DEBUG:run: date: 2041 concentration: 15.4683 pptv
Tue Mar 21 15:37:31 2023:DEBUG:run: date: 2042 concentration: 15.4189 pptv
Tue Mar 21 15:37:31 2023:DEBUG:run: date: 2043 concentration: 15.3695 pptv
Tue Mar 21 15:37:31 2023:DEBUG:run: date: 2044 concentration: 15.3201 pptv
Tue Mar 21 15:37:31 2023:DEBUG:run: date: 2045 concentration: 15.2707 pptv
Tue Mar 21 15:37:31 2023:DEBUG:run: date: 2046 concentration: 15.2212 pptv
Tue Mar 21 15:37:31 2023:DEBUG:run: date: 2047 concentration: 15.1718 pptv
Tue Mar 21 15:37:31 2023:DEBUG:run: date: 2048 concentration: 15.1224 pptv
Tue Mar 21 15:37:31 2023:DEBUG:run: date: 2049 concentration: 15.0729 pptv
Tue Mar 21 15:37:31 2023:DEBUG:run: date: 2050 concentration: 15.0235 pptv
Tue Mar 21 15:37:31 2023:DEBUG:run: date: 2051 concentration: 14.9741 pptv
Tue Mar 21 15:37:31 2023:DEBUG:run: date: 2052 concentration: 14.9249 pptv
Tue Mar 21 15:37:31 2023:DEBUG:run: date: 2053 concentration: 14.8758 pptv
Tue Mar 21 15:37:31 2023:DEBUG:run: date: 2054 concentration: 14.8268 pptv
Tue Mar 21 15:37:31 2023:DEBUG:run: date: 2055 concentration: 14.7779 pptv
Tue Mar 21 15:37:31 2023:DEBUG:run: date: 2056 concentration: 14.7291 pptv
Tue Mar 21 15:37:31 2023:DEBUG:run: date: 2057 concentration: 14.6805 pptv
Tue Mar 21 15:37:31 2023:DEBUG:run: date: 2058 concentration: 14.6319 pptv
Tue Mar 21 15:37:31 2023:DEBUG:run: date: 2059 concentration: 14.5835 pptv
Tue Mar 21 15:37:31 2023:DEBUG:run: date: 2060 concentration: 14.5352 pptv
Tue Mar 21 15:37:31 2023:DEBUG:run: date: 2061 concentration: 14.487 pptv
Tue Mar 21 15:37:31 2023:DEBUG:run: date: 2062 concentration: 14.439 pptv
Tue Mar 21 15:37:31 2023:DEBUG:run: date: 2063 concentration: 14.3911 pptv
Tue Mar 21 15:37:31 2023:DEBUG:run: date: 2064 concentration: 14.3433 pptv
Tue Mar 21 15:37:31 2023:DEBUG:run: date: 2065 concentration: 14.2957 pptv
Tue Mar 21 15:37:31 2023:DEBUG:run: date: 2066 concentration: 14.2483 pptv
Tue Mar 21 15:37:31 2023:DEBUG:run: date: 2067 concentration: 14.2009 pptv
Tue Mar 21 15:37:31 2023:DEBUG:run: date: 2068 concentration: 14.1538 pptv
Tue Mar 21 15:37:31 2023:DEBUG:run: date: 2069 concentration: 14.1067 pptv
Tue Mar 21 15:37:31 2023:DEBUG:run: date: 2070 concentration: 14.0599 pptv
Tue Mar 21 15:37:31 2023:DEBUG:run: date: 2071 concentration: 14.0131 pptv
Tue Mar 21 15:37:31 2023:DEBUG:run: date: 2072 concentration: 13.9665 pptv
Tue Mar 21 15:37:31 2023:DEBUG:run: date: 2073 concentration: 13.9201 pptv
Tue Mar 21 15:37:31 2023:DEBUG:run: date: 2074 concentration: 13.8738 pptv
Tue Mar 21 15:37:31 2023:DEBUG:run: date: 2075 concentration: 13.8277 pptv
Tue Mar 21 15:37:31 2023:DEBUG:run: date: 2076 concentration: 13.7817 pptv
Tue Mar 21 15:37:31 2023:DEBUG:run: date: 2077 concentration: 13.7359 pptv
Tue Mar 21 15:37:31 2023:DEBUG:run: date: 2078 concentration: 13.6902 pptv
Tue Mar 21 15:37:31 2023:DEBUG:run: date: 2079 concentration: 13.6447 pptv
Tue Mar 21 15:37:31 2023:DEBUG:run: date: 2080 concentration: 13.5993 pptv
Tue Mar 21 15:37:31 2023:DEBUG:run: date: 2081 concentration: 13.554 pptv
Tue Mar 21 15:37:31 2023:DEBUG:run: date: 2082 concentration: 13.5089 pptv
Tue Mar 21 15:37:31 2023:DEBUG:run: date: 2083 concentration: 13.464 pptv
Tue Mar 21 15:37:31 2023:DEBUG:run: date: 2084 concentration: 13.4192 pptv
Tue Mar 21 15:37:31 2023:DEBUG:run: date: 2085 concentration: 13.3745 pptv
Tue Mar 21 15:37:31 2023:DEBUG:run: date: 2086 concentration: 13.3301 pptv
Tue Mar 21 15:37:32 2023:DEBUG:run: date: 2087 concentration: 13.2857 pptv
Tue Mar 21 15:37:32 2023:DEBUG:run: date: 2088 concentration: 13.2415 pptv
Tue Mar 21 15:37:32 2023:DEBUG:run: date: 2089 concentration: 13.1974 pptv
Tue Mar 21 15:37:32 2023:DEBUG:run: date: 2090 concentration: 13.1535 pptv
Tue Mar 21 15:37:32 2023:DEBUG:run: date: 2091 concentration: 13.1098 pptv
Tue Mar 21 15:37:32 2023:DEBUG:run: date: 2092 concentration: 13.0661 pptv
Tue Mar 21 15:37:32 2023:DEBUG:run: date: 2093 concentration: 13.0227 pptv
Tue Mar 21 15:37:32 2023:DEBUG:run: date: 2094 concentration: 12.9793 pptv
Tue Mar 21 15:37:32 2023:DEBUG:run: date: 2095 concentration: 12.9361 pptv
Tue Mar 21 15:37:32 2023:DEBUG:run: date: 2096 concentration: 12.8931 pptv
Tue Mar 21 15:37:32 2023:DEBUG:run: date: 2097 concentration: 12.8502 pptv
Tue Mar 21 15:37:32 2023:DEBUG:run: date: 2098 concentration: 12.8074 pptv
Tue Mar 21 15:37:32 2023:DEBUG:run: date: 2099 concentration: 12.7648 pptv
Tue Mar 21 15:37:32 2023:DEBUG:run: date: 2100 concentration: 12.7223 pptv
Tue Mar 21 15:37:32 2023:DEBUG:run: date: 2101 concentration: 12.68 pptv
Tue Mar 21 15:37:32 2023:DEBUG:run: date: 2102 concentration: 12.6378 pptv
Tue Mar 21 15:37:32 2023:DEBUG:run: date: 2103 concentration: 12.5957 pptv
Tue Mar 21 15:37:32 2023:DEBUG:run: date: 2104 concentration: 12.5538 pptv
Tue Mar 21 15:37:32 2023:DEBUG:run: date: 2105 concentration: 12.5121 pptv
Tue Mar 21 15:37:32 2023:DEBUG:run: date: 2106 concentration: 12.4704 pptv
Tue Mar 21 15:37:32 2023:DEBUG:run: date: 2107 concentration: 12.4289 pptv
Tue Mar 21 15:37:32 2023:DEBUG:run: date: 2108 concentration: 12.3876 pptv
Tue Mar 21 15:37:32 2023:DEBUG:run: date: 2109 concentration: 12.3463 pptv
Tue Mar 21 15:37:32 2023:DEBUG:run: date: 2110 concentration: 12.3052 pptv
Tue Mar 21 15:37:32 2023:DEBUG:run: date: 2111 concentration: 12.2643 pptv
Tue Mar 21 15:37:32 2023:DEBUG:run: date: 2112 concentration: 12.2235 pptv
Tue Mar 21 15:37:32 2023:DEBUG:run: date: 2113 concentration: 12.1828 pptv
Tue Mar 21 15:37:32 2023:DEBUG:run: date: 2114 concentration: 12.1423 pptv
Tue Mar 21 15:37:32 2023:DEBUG:run: date: 2115 concentration: 12.1019 pptv
Tue Mar 21 15:37:32 2023:DEBUG:run: date: 2116 concentration: 12.0616 pptv
Tue Mar 21 15:37:32 2023:DEBUG:run: date: 2117 concentration: 12.0215 pptv
Tue Mar 21 15:37:32 2023:DEBUG:run: date: 2118 concentration: 11.9814 pptv
Tue Mar 21 15:37:32 2023:DEBUG:run: date: 2119 concentration: 11.9416 pptv
Tue Mar 21 15:37:32 2023:DEBUG:run: date: 2120 concentration: 11.9018 pptv
Tue Mar 21 15:37:32 2023:DEBUG:run: date: 2121 concentration: 11.8622 pptv
Tue Mar 21 15:37:32 2023:DEBUG:run: date: 2122 concentration: 11.8228 pptv
Tue Mar 21 15:37:32 2023:DEBUG:run: date: 2123 concentration: 11.7834 pptv
Tue Mar 21 15:37:32 2023:DEBUG:run: date: 2124 concentration: 11.7442 pptv
Tue Mar 21 15:37:32 2023:DEBUG:run: date: 2125 concentration: 11.7051 pptv
Tue Mar 21 15:37:32 2023:DEBUG:run: date: 2126 concentration: 11.6662 pptv
Tue Mar 21 15:37:32 2023:DEBUG:run: date: 2127 concentration: 11.6273 pptv
Tue Mar 21 15:37:32 2023:DEBUG:run: date: 2128 concentration: 11.5886 pptv
Tue Mar 21 15:37:32 2023:DEBUG:run: date: 2129 concentration: 11.5501 pptv
Tue Mar 21 15:37:32 2023:DEBUG:run: date: 2130 concentration: 11.5116 pptv
Tue Mar 21 15:37:32 2023:DEBUG:run: date: 2131 concentration: 11.4733 pptv
Tue Mar 21 15:37:32 2023:DEBUG:run: date: 2132 concentration: 11.4352 pptv
Tue Mar 21 15:37:32 2023:DEBUG:run: date: 2133 concentration: 11.3971 pptv
Tue Mar 21 15:37:32 2023:DEBUG:run: date: 2134 concentration: 11.3592 pptv
Tue Mar 21 15:37:32 2023:DEBUG:run: date: 2135 concentration: 11.3214 pptv
Tue Mar 21 15:37:32 2023:DEBUG:run: date: 2136 concentration: 11.2837 pptv
Tue Mar 21 15:37:32 2023:DEBUG:run: date: 2137 concentration: 11.2462 pptv
Tue Mar 21 15:37:32 2023:DEBUG:run: date: 2138 concentration: 11.2087 pptv
Tue Mar 21 15:37:32 2023:DEBUG:run: date: 2139 concentration: 11.1714 pptv
Tue Mar 21 15:37:32 2023:DEBUG:run: date: 2140 concentration: 11.1343 pptv
Tue Mar 21 15:37:32 2023:DEBUG:run: date: 2141 concentration: 11.0972 pptv
Tue Mar 21 15:37:32 2023:DEBUG:run: date: 2142 concentration: 11.0603 pptv
Tue Mar 21 15:37:32 2023:DEBUG:run: date: 2143 concentration: 11.0235 pptv
Tue Mar 21 15:37:32 2023:DEBUG:run: date: 2144 concentration: 10.9868 pptv
Tue Mar 21 15:37:32 2023:DEBUG:run: date: 2145 concentration: 10.9502 pptv
Tue Mar 21 15:37:32 2023:DEBUG:run: date: 2146 concentration: 10.9138 pptv
Tue Mar 21 15:37:32 2023:DEBUG:run: date: 2147 concentration: 10.8775 pptv
Tue Mar 21 15:37:32 2023:DEBUG:run: date: 2148 concentration: 10.8413 pptv
Tue Mar 21 15:37:32 2023:DEBUG:run: date: 2149 concentration: 10.8052 pptv
Tue Mar 21 15:37:32 2023:DEBUG:run: date: 2150 concentration: 10.7692 pptv
Tue Mar 21 15:37:32 2023:DEBUG:run: date: 2151 concentration: 10.7334 pptv
Tue Mar 21 15:37:32 2023:DEBUG:run: date: 2152 concentration: 10.6977 pptv
Tue Mar 21 15:37:32 2023:DEBUG:run: date: 2153 concentration: 10.6621 pptv
Tue Mar 21 15:37:32 2023:DEBUG:run: date: 2154 concentration: 10.6266 pptv
Tue Mar 21 15:37:32 2023:DEBUG:run: date: 2155 concentration: 10.5912 pptv
Tue Mar 21 15:37:32 2023:DEBUG:run: date: 2156 concentration: 10.556 pptv
Tue Mar 21 15:37:32 2023:DEBUG:run: date: 2157 concentration: 10.5209 pptv
Tue Mar 21 15:37:32 2023:DEBUG:run: date: 2158 concentration: 10.4858 pptv
Tue Mar 21 15:37:32 2023:DEBUG:run: date: 2159 concentration: 10.4509 pptv
Tue Mar 21 15:37:32 2023:DEBUG:run: date: 2160 concentration: 10.4162 pptv
Tue Mar 21 15:37:32 2023:DEBUG:run: date: 2161 concentration: 10.3815 pptv
Tue Mar 21 15:37:32 2023:DEBUG:run: date: 2162 concentration: 10.347 pptv
Tue Mar 21 15:37:32 2023:DEBUG:run: date: 2163 concentration: 10.3125 pptv
Tue Mar 21 15:37:32 2023:DEBUG:run: date: 2164 concentration: 10.2782 pptv
Tue Mar 21 15:37:32 2023:DEBUG:run: date: 2165 concentration: 10.244 pptv
Tue Mar 21 15:37:32 2023:DEBUG:run: date: 2166 concentration: 10.2099 pptv
Tue Mar 21 15:37:32 2023:DEBUG:run: date: 2167 concentration: 10.1759 pptv
Tue Mar 21 15:37:32 2023:DEBUG:run: date: 2168 concentration: 10.1421 pptv
Tue Mar 21 15:37:32 2023:DEBUG:run: date: 2169 concentration: 10.1083 pptv
Tue Mar 21 15:37:32 2023:DEBUG:run: date: 2170 concentration: 10.0747 pptv
Tue Mar 21 15:37:32 2023:DEBUG:run: date: 2171 concentration: 10.0412 pptv
Tue Mar 21 15:37:32 2023:DEBUG:run: date: 2172 concentration: 10.0077 pptv
Tue Mar 21 15:37:32 2023:DEBUG:run: date: 2173 concentration: 9.97444 pptv
Tue Mar 21 15:37:32 2023:DEBUG:run: date: 2174 concentration: 9.94125 pptv
Tue Mar 21 15:37:32 2023:DEBUG:run: date: 2175 concentration: 9.90817 pptv
Tue Mar 21 15:37:32 2023:DEBUG:run: date: 2176 concentration: 9.87519 pptv
Tue Mar 21 15:37:32 2023:DEBUG:run: date: 2177 concentration: 9.84233 pptv
Tue Mar 21 15:37:32 2023:DEBUG:run: date: 2178 concentration: 9.80958 pptv
Tue Mar 21 15:37:32 2023:DEBUG:run: date: 2179 concentration: 9.77693 pptv
Tue Mar 21 15:37:32 2023:DEBUG:run: date: 2180 concentration: 9.7444 pptv
Tue Mar 21 15:37:32 2023:DEBUG:run: date: 2181 concentration: 9.71197 pptv
Tue Mar 21 15:37:32 2023:DEBUG:run: date: 2182 concentration: 9.67965 pptv
Tue Mar 21 15:37:32 2023:DEBUG:run: date: 2183 concentration: 9.64744 pptv
Tue Mar 21 15:37:32 2023:DEBUG:run: date: 2184 concentration: 9.61534 pptv
Tue Mar 21 15:37:32 2023:DEBUG:run: date: 2185 concentration: 9.58334 pptv
Tue Mar 21 15:37:32 2023:DEBUG:run: date: 2186 concentration: 9.55145 pptv
Tue Mar 21 15:37:32 2023:DEBUG:run: date: 2187 concentration: 9.51966 pptv
Tue Mar 21 15:37:32 2023:DEBUG:run: date: 2188 concentration: 9.48798 pptv
Tue Mar 21 15:37:32 2023:DEBUG:run: date: 2189 concentration: 9.45641 pptv
Tue Mar 21 15:37:32 2023:DEBUG:run: date: 2190 concentration: 9.42494 pptv
Tue Mar 21 15:37:32 2023:DEBUG:run: date: 2191 concentration: 9.39357 pptv
Tue Mar 21 15:37:32 2023:DEBUG:run: date: 2192 concentration: 9.36232 pptv
Tue Mar 21 15:37:32 2023:DEBUG:run: date: 2193 concentration: 9.33116 pptv
Tue Mar 21 15:37:32 2023:DEBUG:run: date: 2194 concentration: 9.30011 pptv
Tue Mar 21 15:37:32 2023:DEBUG:run: date: 2195 concentration: 9.26916 pptv
Tue Mar 21 15:37:32 2023:DEBUG:run: date: 2196 concentration: 9.23831 pptv
Tue Mar 21 15:37:32 2023:DEBUG:run: date: 2197 concentration: 9.20757 pptv
Tue Mar 21 15:37:32 2023:DEBUG:run: date: 2198 concentration: 9.17693 pptv
Tue Mar 21 15:37:32 2023:DEBUG:run: date: 2199 concentration: 9.14639 pptv
Tue Mar 21 15:37:32 2023:DEBUG:run: date: 2200 concentration: 9.11595 pptv
Tue Mar 21 15:37:32 2023:DEBUG:run: date: 2201 concentration: 9.08562 pptv
Tue Mar 21 15:37:32 2023:DEBUG:run: date: 2202 concentration: 9.05538 pptv
Tue Mar 21 15:37:32 2023:DEBUG:run: date: 2203 concentration: 9.02525 pptv
Tue Mar 21 15:37:32 2023:DEBUG:run: date: 2204 concentration: 8.99521 pptv
Tue Mar 21 15:37:32 2023:DEBUG:run: date: 2205 concentration: 8.96528 pptv
Tue Mar 21 15:37:32 2023:DEBUG:run: date: 2206 concentration: 8.93544 pptv
Tue Mar 21 15:37:32 2023:DEBUG:run: date: 2207 concentration: 8.90571 pptv
Tue Mar 21 15:37:32 2023:DEBUG:run: date: 2208 concentration: 8.87607 pptv
Tue Mar 21 15:37:32 2023:DEBUG:run: date: 2209 concentration: 8.84654 pptv
Tue Mar 21 15:37:32 2023:DEBUG:run: date: 2210 concentration: 8.8171 pptv
Tue Mar 21 15:37:32 2023:DEBUG:run: date: 2211 concentration: 8.78776 pptv
Tue Mar 21 15:37:32 2023:DEBUG:run: date: 2212 concentration: 8.75851 pptv
Tue Mar 21 15:37:32 2023:DEBUG:run: date: 2213 concentration: 8.72936 pptv
Tue Mar 21 15:37:32 2023:DEBUG:run: date: 2214 concentration: 8.70032 pptv
Tue Mar 21 15:37:32 2023:DEBUG:run: date: 2215 concentration: 8.67136 pptv
Tue Mar 21 15:37:32 2023:DEBUG:run: date: 2216 concentration: 8.64251 pptv
Tue Mar 21 15:37:32 2023:DEBUG:run: date: 2217 concentration: 8.61375 pptv
Tue Mar 21 15:37:32 2023:DEBUG:run: date: 2218 concentration: 8.58508 pptv
Tue Mar 21 15:37:32 2023:DEBUG:run: date: 2219 concentration: 8.55651 pptv
Tue Mar 21 15:37:32 2023:DEBUG:run: date: 2220 concentration: 8.52804 pptv
Tue Mar 21 15:37:32 2023:DEBUG:run: date: 2221 concentration: 8.49966 pptv
Tue Mar 21 15:37:32 2023:DEBUG:run: date: 2222 concentration: 8.47137 pptv
Tue Mar 21 15:37:32 2023:DEBUG:run: date: 2223 concentration: 8.44318 pptv
Tue Mar 21 15:37:32 2023:DEBUG:run: date: 2224 concentration: 8.41509 pptv
Tue Mar 21 15:37:32 2023:DEBUG:run: date: 2225 concentration: 8.38708 pptv
Tue Mar 21 15:37:32 2023:DEBUG:run: date: 2226 concentration: 8.35917 pptv
Tue Mar 21 15:37:32 2023:DEBUG:run: date: 2227 concentration: 8.33135 pptv
Tue Mar 21 15:37:32 2023:DEBUG:run: date: 2228 concentration: 8.30363 pptv
Tue Mar 21 15:37:32 2023:DEBUG:run: date: 2229 concentration: 8.276 pptv
Tue Mar 21 15:37:32 2023:DEBUG:run: date: 2230 concentration: 8.24846 pptv
Tue Mar 21 15:37:32 2023:DEBUG:run: date: 2231 concentration: 8.22101 pptv
Tue Mar 21 15:37:32 2023:DEBUG:run: date: 2232 concentration: 8.19365 pptv
Tue Mar 21 15:37:32 2023:DEBUG:run: date: 2233 concentration: 8.16638 pptv
Tue Mar 21 15:37:32 2023:DEBUG:run: date: 2234 concentration: 8.13921 pptv
Tue Mar 21 15:37:32 2023:DEBUG:run: date: 2235 concentration: 8.11212 pptv
Tue Mar 21 15:37:32 2023:DEBUG:run: date: 2236 concentration: 8.08512 pptv
Tue Mar 21 15:37:32 2023:DEBUG:run: date: 2237 concentration: 8.05822 pptv
Tue Mar 21 15:37:32 2023:DEBUG:run: date: 2238 concentration: 8.0314 pptv
Tue Mar 21 15:37:32 2023:DEBUG:run: date: 2239 concentration: 8.00468 pptv
Tue Mar 21 15:37:32 2023:DEBUG:run: date: 2240 concentration: 7.97804 pptv
Tue Mar 21 15:37:32 2023:DEBUG:run: date: 2241 concentration: 7.95149 pptv
Tue Mar 21 15:37:32 2023:DEBUG:run: date: 2242 concentration: 7.92503 pptv
Tue Mar 21 15:37:32 2023:DEBUG:run: date: 2243 concentration: 7.89866 pptv
Tue Mar 21 15:37:32 2023:DEBUG:run: date: 2244 concentration: 7.87237 pptv
Tue Mar 21 15:37:32 2023:DEBUG:run: date: 2245 concentration: 7.84617 pptv
Tue Mar 21 15:37:32 2023:DEBUG:run: date: 2246 concentration: 7.82006 pptv
Tue Mar 21 15:37:32 2023:DEBUG:run: date: 2247 concentration: 7.79404 pptv
Tue Mar 21 15:37:32 2023:DEBUG:run: date: 2248 concentration: 7.7681 pptv
Tue Mar 21 15:37:32 2023:DEBUG:run: date: 2249 concentration: 7.74225 pptv
Tue Mar 21 15:37:32 2023:DEBUG:run: date: 2250 concentration: 7.71649 pptv
Tue Mar 21 15:37:32 2023:DEBUG:run: date: 2251 concentration: 7.69081 pptv
Tue Mar 21 15:37:32 2023:DEBUG:run: date: 2252 concentration: 7.66522 pptv
Tue Mar 21 15:37:32 2023:DEBUG:run: date: 2253 concentration: 7.63971 pptv
Tue Mar 21 15:37:32 2023:DEBUG:run: date: 2254 concentration: 7.61428 pptv
Tue Mar 21 15:37:32 2023:DEBUG:run: date: 2255 concentration: 7.58895 pptv
Tue Mar 21 15:37:32 2023:DEBUG:run: date: 2256 concentration: 7.56369 pptv
Tue Mar 21 15:37:32 2023:DEBUG:run: date: 2257 concentration: 7.53852 pptv
Tue Mar 21 15:37:32 2023:DEBUG:run: date: 2258 concentration: 7.51343 pptv
Tue Mar 21 15:37:32 2023:DEBUG:run: date: 2259 concentration: 7.48843 pptv
Tue Mar 21 15:37:32 2023:DEBUG:run: date: 2260 concentration: 7.46351 pptv
Tue Mar 21 15:37:32 2023:DEBUG:run: date: 2261 concentration: 7.43867 pptv
Tue Mar 21 15:37:32 2023:DEBUG:run: date: 2262 concentration: 7.41392 pptv
Tue Mar 21 15:37:32 2023:DEBUG:run: date: 2263 concentration: 7.38925 pptv
Tue Mar 21 15:37:32 2023:DEBUG:run: date: 2264 concentration: 7.36466 pptv
Tue Mar 21 15:37:32 2023:DEBUG:run: date: 2265 concentration: 7.34015 pptv
Tue Mar 21 15:37:32 2023:DEBUG:run: date: 2266 concentration: 7.31572 pptv
Tue Mar 21 15:37:32 2023:DEBUG:run: date: 2267 concentration: 7.29138 pptv
Tue Mar 21 15:37:32 2023:DEBUG:run: date: 2268 concentration: 7.26711 pptv
Tue Mar 21 15:37:32 2023:DEBUG:run: date: 2269 concentration: 7.24293 pptv
Tue Mar 21 15:37:32 2023:DEBUG:run: date: 2270 concentration: 7.21883 pptv
Tue Mar 21 15:37:32 2023:DEBUG:run: date: 2271 concentration: 7.19481 pptv
Tue Mar 21 15:37:32 2023:DEBUG:run: date: 2272 concentration: 7.17086 pptv
Tue Mar 21 15:37:32 2023:DEBUG:run: date: 2273 concentration: 7.147 pptv
Tue Mar 21 15:37:32 2023:DEBUG:run: date: 2274 concentration: 7.12322 pptv
Tue Mar 21 15:37:32 2023:DEBUG:run: date: 2275 concentration: 7.09951 pptv
Tue Mar 21 15:37:32 2023:DEBUG:run: date: 2276 concentration: 7.07589 pptv
Tue Mar 21 15:37:32 2023:DEBUG:run: date: 2277 concentration: 7.05234 pptv
Tue Mar 21 15:37:32 2023:DEBUG:run: date: 2278 concentration: 7.02887 pptv
Tue Mar 21 15:37:32 2023:DEBUG:run: date: 2279 concentration: 7.00548 pptv
Tue Mar 21 15:37:32 2023:DEBUG:run: date: 2280 concentration: 6.98217 pptv
Tue Mar 21 15:37:32 2023:DEBUG:run: date: 2281 concentration: 6.95893 pptv
Tue Mar 21 15:37:32 2023:DEBUG:run: date: 2282 concentration: 6.93577 pptv
Tue Mar 21 15:37:32 2023:DEBUG:run: date: 2283 concentration: 6.91269 pptv
Tue Mar 21 15:37:32 2023:DEBUG:run: date: 2284 concentration: 6.88969 pptv
Tue Mar 21 15:37:32 2023:DEBUG:run: date: 2285 concentration: 6.86676 pptv
Tue Mar 21 15:37:32 2023:DEBUG:run: date: 2286 concentration: 6.84391 pptv
Tue Mar 21 15:37:32 2023:DEBUG:run: date: 2287 concentration: 6.82114 pptv
Tue Mar 21 15:37:32 2023:DEBUG:run: date: 2288 concentration: 6.79844 pptv
Tue Mar 21 15:37:32 2023:DEBUG:run: date: 2289 concentration: 6.77581 pptv
Tue Mar 21 15:37:32 2023:DEBUG:run: date: 2290 concentration: 6.75326 pptv
Tue Mar 21 15:37:32 2023:DEBUG:run: date: 2291 concentration: 6.73079 pptv
Tue Mar 21 15:37:32 2023:DEBUG:run: date: 2292 concentration: 6.70839 pptv
Tue Mar 21 15:37:32 2023:DEBUG:run: date: 2293 concentration: 6.68607 pptv
Tue Mar 21 15:37:32 2023:DEBUG:run: date: 2294 concentration: 6.66382 pptv
Tue Mar 21 15:37:32 2023:DEBUG:run: date: 2295 concentration: 6.64164 pptv
Tue Mar 21 15:37:32 2023:DEBUG:run: date: 2296 concentration: 6.61954 pptv
Tue Mar 21 15:37:32 2023:DEBUG:run: date: 2297 concentration: 6.59751 pptv
Tue Mar 21 15:37:32 2023:DEBUG:run: date: 2298 concentration: 6.57556 pptv
Tue Mar 21 15:37:32 2023:DEBUG:run: date: 2299 concentration: 6.55367 pptv
Tue Mar 21 15:37:32 2023:DEBUG:run: date: 2300 concentration: 6.53187 pptv
