Tue Mar 21 15:37:28 2023:NOTICE:printLogHeader: hector version 2.5.0
Tue Mar 21 15:37:29 2023:DEBUG:setData: Setting tau[-1]=0.7
Tue Mar 21 15:37:29 2023:DEBUG:setData: Setting rho[-1]=0.00001
Tue Mar 21 15:37:29 2023:DEBUG:setData: Setting H0[-1]=5.8
Tue Mar 21 15:37:29 2023:DEBUG:setData: Setting CH3Br_emissions[1765]=105.07293
Tue Mar 21 15:37:29 2023:DEBUG:setData: Setting CH3Br_emissions[1766]=105.07758
Tue Mar 21 15:37:29 2023:DEBUG:setData: Setting CH3Br_emissions[1767]=105.08566
Tue Mar 21 15:37:29 2023:DEBUG:setData: Setting CH3Br_emissions[1768]=105.04673
Tue Mar 21 15:37:29 2023:DEBUG:setData: Setting CH3Br_emissions[1769]=105.0767
Tue Mar 21 15:37:29 2023:DEBUG:setData: Setting CH3Br_emissions[1770]=105.04544
Tue Mar 21 15:37:29 2023:DEBUG:setData: Setting CH3Br_emissions[1771]=105.07227
Tue Mar 21 15:37:29 2023:DEBUG:setData: Setting CH3Br_emissions[1772]=105.08887
Tue Mar 21 15:37:29 2023:DEBUG:setData: Setting CH3Br_emissions[1773]=105.06952
Tue Mar 21 15:37:29 2023:DEBUG:setData: Setting CH3Br_emissions[1774]=105.0265
Tue Mar 21 15:37:29 2023:DEBUG:setData: Setting CH3Br_emissions[1775]=105.05246
Tue Mar 21 15:37:29 2023:DEBUG:setData: Setting CH3Br_emissions[1776]=105.03944
Tue Mar 21 15:37:29 2023:DEBUG:setData: Setting CH3Br_emissions[1777]=105.05273
Tue Mar 21 15:37:29 2023:DEBUG:setData: Setting CH3Br_emissions[1778]=105.04465
Tue Mar 21 15:37:29 2023:DEBUG:setData: Setting CH3Br_emissions[1779]=105.03691
Tue Mar 21 15:37:29 2023:DEBUG:setData: Setting CH3Br_emissions[1780]=104.98817
Tue Mar 21 15:37:29 2023:DEBUG:setData: Setting CH3Br_emissions[1781]=105.04236
Tue Mar 21 15:37:29 2023:DEBUG:setData: Setting CH3Br_emissions[1782]=105.03125
Tue Mar 21 15:37:29 2023:DEBUG:setData: Setting CH3Br_emissions[1783]=105.0436
Tue Mar 21 15:37:29 2023:DEBUG:setData: Setting CH3Br_emissions[1784]=105.05531
Tue Mar 21 15:37:29 2023:DEBUG:setData: Setting CH3Br_emissions[1785]=105.02817
Tue Mar 21 15:37:29 2023:DEBUG:setData: Setting CH3Br_emissions[1786]=105.02684
Tue Mar 21 15:37:29 2023:DEBUG:setData: Setting CH3Br_emissions[1787]=105.03415
Tue Mar 21 15:37:29 2023:DEBUG:setData: Setting CH3Br_emissions[1788]=104.9922
Tue Mar 21 15:37:29 2023:DEBUG:setData: Setting CH3Br_emissions[1789]=105.0242
Tue Mar 21 15:37:29 2023:DEBUG:setData: Setting CH3Br_emissions[1790]=104.99139
Tue Mar 21 15:37:29 2023:DEBUG:setData: Setting CH3Br_emissions[1791]=105.02128
Tue Mar 21 15:37:29 2023:DEBUG:setData: Setting CH3Br_emissions[1792]=105.04466
Tue Mar 21 15:37:29 2023:DEBUG:setData: Setting CH3Br_emissions[1793]=105.02605
Tue Mar 21 15:37:29 2023:DEBUG:setData: Setting CH3Br_emissions[1794]=104.98417
Tue Mar 21 15:37:29 2023:DEBUG:setData: Setting CH3Br_emissions[1795]=105.01093
Tue Mar 21 15:37:29 2023:DEBUG:setData: Setting CH3Br_emissions[1796]=104.99978
Tue Mar 21 15:37:29 2023:DEBUG:setData: Setting CH3Br_emissions[1797]=105.01623
Tue Mar 21 15:37:29 2023:DEBUG:setData: Setting CH3Br_emissions[1798]=105.0081
Tue Mar 21 15:37:29 2023:DEBUG:setData: Setting CH3Br_emissions[1799]=104.99068
Tue Mar 21 15:37:29 2023:DEBUG:setData: Setting CH3Br_emissions[1800]=104.95838
Tue Mar 21 15:37:29 2023:DEBUG:setData: Setting CH3Br_emissions[1801]=105.01099
Tue Mar 21 15:37:29 2023:DEBUG:setData: Setting CH3Br_emissions[1802]=104.99468
Tue Mar 21 15:37:29 2023:DEBUG:setData: Setting CH3Br_emissions[1803]=105.0108
Tue Mar 21 15:37:29 2023:DEBUG:setData: Setting CH3Br_emissions[1804]=105.0121
Tue Mar 21 15:37:29 2023:DEBUG:setData: Setting CH3Br_emissions[1805]=104.98963
Tue Mar 21 15:37:29 2023:DEBUG:setData: Setting CH3Br_emissions[1806]=104.98239
Tue Mar 21 15:37:29 2023:DEBUG:setData: Setting CH3Br_emissions[1807]=104.99423
Tue Mar 21 15:37:29 2023:DEBUG:setData: Setting CH3Br_emissions[1808]=104.95199
Tue Mar 21 15:37:29 2023:DEBUG:setData: Setting CH3Br_emissions[1809]=104.979
Tue Mar 21 15:37:29 2023:DEBUG:setData: Setting CH3Br_emissions[1810]=104.93988
Tue Mar 21 15:37:29 2023:DEBUG:setData: Setting CH3Br_emissions[1811]=104.96903
Tue Mar 21 15:37:29 2023:DEBUG:setData: Setting CH3Br_emissions[1812]=104.99029
Tue Mar 21 15:37:29 2023:DEBUG:setData: Setting CH3Br_emissions[1813]=104.97005
Tue Mar 21 15:37:29 2023:DEBUG:setData: Setting CH3Br_emissions[1814]=104.93884
Tue Mar 21 15:37:29 2023:DEBUG:setData: Setting CH3Br_emissions[1815]=104.94955
Tue Mar 21 15:37:29 2023:DEBUG:setData: Setting CH3Br_emissions[1816]=104.93504
Tue Mar 21 15:37:29 2023:DEBUG:setData: Setting CH3Br_emissions[1817]=104.95336
Tue Mar 21 15:37:29 2023:DEBUG:setData: Setting CH3Br_emissions[1818]=104.94012
Tue Mar 21 15:37:29 2023:DEBUG:setData: Setting CH3Br_emissions[1819]=104.92235
Tue Mar 21 15:37:29 2023:DEBUG:setData: Setting CH3Br_emissions[1820]=104.88909
Tue Mar 21 15:37:29 2023:DEBUG:setData: Setting CH3Br_emissions[1821]=104.93899
Tue Mar 21 15:37:29 2023:DEBUG:setData: Setting CH3Br_emissions[1822]=104.92104
Tue Mar 21 15:37:29 2023:DEBUG:setData: Setting CH3Br_emissions[1823]=104.94096
Tue Mar 21 15:37:29 2023:DEBUG:setData: Setting CH3Br_emissions[1824]=104.93425
Tue Mar 21 15:37:29 2023:DEBUG:setData: Setting CH3Br_emissions[1825]=104.91652
Tue Mar 21 15:37:29 2023:DEBUG:setData: Setting CH3Br_emissions[1826]=104.90841
Tue Mar 21 15:37:29 2023:DEBUG:setData: Setting CH3Br_emissions[1827]=104.91515
Tue Mar 21 15:37:29 2023:DEBUG:setData: Setting CH3Br_emissions[1828]=104.87222
Tue Mar 21 15:37:29 2023:DEBUG:setData: Setting CH3Br_emissions[1829]=104.90025
Tue Mar 21 15:37:29 2023:DEBUG:setData: Setting CH3Br_emissions[1830]=104.8667
Tue Mar 21 15:37:29 2023:DEBUG:setData: Setting CH3Br_emissions[1831]=104.89174
Tue Mar 21 15:37:29 2023:DEBUG:setData: Setting CH3Br_emissions[1832]=104.90924
Tue Mar 21 15:37:29 2023:DEBUG:setData: Setting CH3Br_emissions[1833]=104.89175
Tue Mar 21 15:37:29 2023:DEBUG:setData: Setting CH3Br_emissions[1834]=104.854
Tue Mar 21 15:37:29 2023:DEBUG:setData: Setting CH3Br_emissions[1835]=104.8698
Tue Mar 21 15:37:29 2023:DEBUG:setData: Setting CH3Br_emissions[1836]=104.84901
Tue Mar 21 15:37:29 2023:DEBUG:setData: Setting CH3Br_emissions[1837]=104.86946
Tue Mar 21 15:37:29 2023:DEBUG:setData: Setting CH3Br_emissions[1838]=104.85548
Tue Mar 21 15:37:29 2023:DEBUG:setData: Setting CH3Br_emissions[1839]=104.83788
Tue Mar 21 15:37:29 2023:DEBUG:setData: Setting CH3Br_emissions[1840]=104.80755
Tue Mar 21 15:37:29 2023:DEBUG:setData: Setting CH3Br_emissions[1841]=104.84789
Tue Mar 21 15:37:29 2023:DEBUG:setData: Setting CH3Br_emissions[1842]=104.84034
Tue Mar 21 15:37:29 2023:DEBUG:setData: Setting CH3Br_emissions[1843]=104.85726
Tue Mar 21 15:37:29 2023:DEBUG:setData: Setting CH3Br_emissions[1844]=104.85117
Tue Mar 21 15:37:29 2023:DEBUG:setData: Setting CH3Br_emissions[1845]=104.83257
Tue Mar 21 15:37:29 2023:DEBUG:setData: Setting CH3Br_emissions[1846]=104.82423
Tue Mar 21 15:37:29 2023:DEBUG:setData: Setting CH3Br_emissions[1847]=104.82758
Tue Mar 21 15:37:29 2023:DEBUG:setData: Setting CH3Br_emissions[1848]=104.78829
Tue Mar 21 15:37:29 2023:DEBUG:setData: Setting CH3Br_emissions[1849]=104.81678
Tue Mar 21 15:37:29 2023:DEBUG:setData: Setting CH3Br_emissions[1850]=104.93295
Tue Mar 21 15:37:29 2023:DEBUG:setData: Setting CH3Br_emissions[1851]=104.96457
Tue Mar 21 15:37:29 2023:DEBUG:setData: Setting CH3Br_emissions[1852]=104.98199
Tue Mar 21 15:37:29 2023:DEBUG:setData: Setting CH3Br_emissions[1853]=104.9693
Tue Mar 21 15:37:29 2023:DEBUG:setData: Setting CH3Br_emissions[1854]=104.9226
Tue Mar 21 15:37:29 2023:DEBUG:setData: Setting CH3Br_emissions[1855]=104.95064
Tue Mar 21 15:37:29 2023:DEBUG:setData: Setting CH3Br_emissions[1856]=104.92886
Tue Mar 21 15:37:29 2023:DEBUG:setData: Setting CH3Br_emissions[1857]=104.94976
Tue Mar 21 15:37:29 2023:DEBUG:setData: Setting CH3Br_emissions[1858]=104.93987
Tue Mar 21 15:37:29 2023:DEBUG:setData: Setting CH3Br_emissions[1859]=104.91443
Tue Mar 21 15:37:29 2023:DEBUG:setData: Setting CH3Br_emissions[1860]=104.89112
Tue Mar 21 15:37:29 2023:DEBUG:setData: Setting CH3Br_emissions[1861]=104.94268
Tue Mar 21 15:37:29 2023:DEBUG:setData: Setting CH3Br_emissions[1862]=104.93302
Tue Mar 21 15:37:29 2023:DEBUG:setData: Setting CH3Br_emissions[1863]=104.9509
Tue Mar 21 15:37:29 2023:DEBUG:setData: Setting CH3Br_emissions[1864]=104.94467
Tue Mar 21 15:37:29 2023:DEBUG:setData: Setting CH3Br_emissions[1865]=104.93017
Tue Mar 21 15:37:29 2023:DEBUG:setData: Setting CH3Br_emissions[1866]=104.92398
Tue Mar 21 15:37:29 2023:DEBUG:setData: Setting CH3Br_emissions[1867]=104.93094
Tue Mar 21 15:37:29 2023:DEBUG:setData: Setting CH3Br_emissions[1868]=104.89186
Tue Mar 21 15:37:29 2023:DEBUG:setData: Setting CH3Br_emissions[1869]=104.93014
Tue Mar 21 15:37:29 2023:DEBUG:setData: Setting CH3Br_emissions[1870]=104.89317
Tue Mar 21 15:37:29 2023:DEBUG:setData: Setting CH3Br_emissions[1871]=104.92871
Tue Mar 21 15:37:29 2023:DEBUG:setData: Setting CH3Br_emissions[1872]=104.95075
Tue Mar 21 15:37:29 2023:DEBUG:setData: Setting CH3Br_emissions[1873]=104.93223
Tue Mar 21 15:37:29 2023:DEBUG:setData: Setting CH3Br_emissions[1874]=104.88493
Tue Mar 21 15:37:29 2023:DEBUG:setData: Setting CH3Br_emissions[1875]=104.93101
Tue Mar 21 15:37:29 2023:DEBUG:setData: Setting CH3Br_emissions[1876]=104.90175
Tue Mar 21 15:37:29 2023:DEBUG:setData: Setting CH3Br_emissions[1877]=104.92824
Tue Mar 21 15:37:29 2023:DEBUG:setData: Setting CH3Br_emissions[1878]=104.92472
Tue Mar 21 15:37:29 2023:DEBUG:setData: Setting CH3Br_emissions[1879]=104.88028
Tue Mar 21 15:37:29 2023:DEBUG:setData: Setting CH3Br_emissions[1880]=104.88174
Tue Mar 21 15:37:29 2023:DEBUG:setData: Setting CH3Br_emissions[1881]=104.92914
Tue Mar 21 15:37:29 2023:DEBUG:setData: Setting CH3Br_emissions[1882]=104.92759
Tue Mar 21 15:37:29 2023:DEBUG:setData: Setting CH3Br_emissions[1883]=104.95902
Tue Mar 21 15:37:29 2023:DEBUG:setData: Setting CH3Br_emissions[1884]=104.93535
Tue Mar 21 15:37:29 2023:DEBUG:setData: Setting CH3Br_emissions[1885]=104.93798
Tue Mar 21 15:37:29 2023:DEBUG:setData: Setting CH3Br_emissions[1886]=104.9357
Tue Mar 21 15:37:29 2023:DEBUG:setData: Setting CH3Br_emissions[1887]=104.94903
Tue Mar 21 15:37:29 2023:DEBUG:setData: Setting CH3Br_emissions[1888]=104.91459
Tue Mar 21 15:37:29 2023:DEBUG:setData: Setting CH3Br_emissions[1889]=104.95877
Tue Mar 21 15:37:29 2023:DEBUG:setData: Setting CH3Br_emissions[1890]=104.9317
Tue Mar 21 15:37:29 2023:DEBUG:setData: Setting CH3Br_emissions[1891]=104.97344
Tue Mar 21 15:37:29 2023:DEBUG:setData: Setting CH3Br_emissions[1892]=104.99082
Tue Mar 21 15:37:29 2023:DEBUG:setData: Setting CH3Br_emissions[1893]=104.97994
Tue Mar 21 15:37:29 2023:DEBUG:setData: Setting CH3Br_emissions[1894]=104.93101
Tue Mar 21 15:37:29 2023:DEBUG:setData: Setting CH3Br_emissions[1895]=104.96751
Tue Mar 21 15:37:29 2023:DEBUG:setData: Setting CH3Br_emissions[1896]=104.96751
Tue Mar 21 15:37:29 2023:DEBUG:setData: Setting CH3Br_emissions[1897]=104.99693
Tue Mar 21 15:37:29 2023:DEBUG:setData: Setting CH3Br_emissions[1898]=105.01512
Tue Mar 21 15:37:29 2023:DEBUG:setData: Setting CH3Br_emissions[1899]=104.97653
Tue Mar 21 15:37:29 2023:DEBUG:setData: Setting CH3Br_emissions[1900]=104.98481
Tue Mar 21 15:37:29 2023:DEBUG:setData: Setting CH3Br_emissions[1901]=105.04131
Tue Mar 21 15:37:29 2023:DEBUG:setData: Setting CH3Br_emissions[1902]=105.04898
Tue Mar 21 15:37:29 2023:DEBUG:setData: Setting CH3Br_emissions[1903]=105.09555
Tue Mar 21 15:37:29 2023:DEBUG:setData: Setting CH3Br_emissions[1904]=105.07939
Tue Mar 21 15:37:29 2023:DEBUG:setData: Setting CH3Br_emissions[1905]=105.08907
Tue Mar 21 15:37:29 2023:DEBUG:setData: Setting CH3Br_emissions[1906]=105.10645
Tue Mar 21 15:37:29 2023:DEBUG:setData: Setting CH3Br_emissions[1907]=105.14627
Tue Mar 21 15:37:29 2023:DEBUG:setData: Setting CH3Br_emissions[1908]=105.12414
Tue Mar 21 15:37:29 2023:DEBUG:setData: Setting CH3Br_emissions[1909]=105.16533
Tue Mar 21 15:37:29 2023:DEBUG:setData: Setting CH3Br_emissions[1910]=105.14442
Tue Mar 21 15:37:29 2023:DEBUG:setData: Setting CH3Br_emissions[1911]=105.20214
Tue Mar 21 15:37:29 2023:DEBUG:setData: Setting CH3Br_emissions[1912]=105.23472
Tue Mar 21 15:37:29 2023:DEBUG:setData: Setting CH3Br_emissions[1913]=105.25437
Tue Mar 21 15:37:29 2023:DEBUG:setData: Setting CH3Br_emissions[1914]=105.19867
Tue Mar 21 15:37:29 2023:DEBUG:setData: Setting CH3Br_emissions[1915]=105.2716
Tue Mar 21 15:37:29 2023:DEBUG:setData: Setting CH3Br_emissions[1916]=105.29863
Tue Mar 21 15:37:29 2023:DEBUG:setData: Setting CH3Br_emissions[1917]=105.37275
Tue Mar 21 15:37:29 2023:DEBUG:setData: Setting CH3Br_emissions[1918]=105.37311
Tue Mar 21 15:37:29 2023:DEBUG:setData: Setting CH3Br_emissions[1919]=105.33647
Tue Mar 21 15:37:29 2023:DEBUG:setData: Setting CH3Br_emissions[1920]=105.40157
Tue Mar 21 15:37:29 2023:DEBUG:setData: Setting CH3Br_emissions[1921]=105.42979
Tue Mar 21 15:37:29 2023:DEBUG:setData: Setting CH3Br_emissions[1922]=105.47367
Tue Mar 21 15:37:29 2023:DEBUG:setData: Setting CH3Br_emissions[1923]=105.54539
Tue Mar 21 15:37:29 2023:DEBUG:setData: Setting CH3Br_emissions[1924]=105.55899
Tue Mar 21 15:37:29 2023:DEBUG:setData: Setting CH3Br_emissions[1925]=105.60265
Tue Mar 21 15:37:29 2023:DEBUG:setData: Setting CH3Br_emissions[1926]=105.65209
Tue Mar 21 15:37:29 2023:DEBUG:setData: Setting CH3Br_emissions[1927]=105.65063
Tue Mar 21 15:37:29 2023:DEBUG:setData: Setting CH3Br_emissions[1928]=105.59392
Tue Mar 21 15:37:29 2023:DEBUG:setData: Setting CH3Br_emissions[1929]=105.60372
Tue Mar 21 15:37:29 2023:DEBUG:setData: Setting CH3Br_emissions[1930]=105.91829
Tue Mar 21 15:37:29 2023:DEBUG:setData: Setting CH3Br_emissions[1931]=106.6887
Tue Mar 21 15:37:29 2023:DEBUG:setData: Setting CH3Br_emissions[1932]=107.41813
Tue Mar 21 15:37:29 2023:DEBUG:setData: Setting CH3Br_emissions[1933]=108.09758
Tue Mar 21 15:37:29 2023:DEBUG:setData: Setting CH3Br_emissions[1934]=108.91202
Tue Mar 21 15:37:29 2023:DEBUG:setData: Setting CH3Br_emissions[1935]=109.70014
Tue Mar 21 15:37:29 2023:DEBUG:setData: Setting CH3Br_emissions[1936]=110.56758
Tue Mar 21 15:37:29 2023:DEBUG:setData: Setting CH3Br_emissions[1937]=111.3625
Tue Mar 21 15:37:29 2023:DEBUG:setData: Setting CH3Br_emissions[1938]=112.0603
Tue Mar 21 15:37:29 2023:DEBUG:setData: Setting CH3Br_emissions[1939]=112.8293
Tue Mar 21 15:37:29 2023:DEBUG:setData: Setting CH3Br_emissions[1940]=113.75015
Tue Mar 21 15:37:29 2023:DEBUG:setData: Setting CH3Br_emissions[1941]=114.54353
Tue Mar 21 15:37:29 2023:DEBUG:setData: Setting CH3Br_emissions[1942]=115.26991
Tue Mar 21 15:37:29 2023:DEBUG:setData: Setting CH3Br_emissions[1943]=116.04761
Tue Mar 21 15:37:29 2023:DEBUG:setData: Setting CH3Br_emissions[1944]=116.85265
Tue Mar 21 15:37:29 2023:DEBUG:setData: Setting CH3Br_emissions[1945]=117.6118
Tue Mar 21 15:37:29 2023:DEBUG:setData: Setting CH3Br_emissions[1946]=118.39896
Tue Mar 21 15:37:29 2023:DEBUG:setData: Setting CH3Br_emissions[1947]=119.2973
Tue Mar 21 15:37:29 2023:DEBUG:setData: Setting CH3Br_emissions[1948]=120.08364
Tue Mar 21 15:37:29 2023:DEBUG:setData: Setting CH3Br_emissions[1949]=120.70601
Tue Mar 21 15:37:29 2023:DEBUG:setData: Setting CH3Br_emissions[1950]=121.62274
Tue Mar 21 15:37:29 2023:DEBUG:setData: Setting CH3Br_emissions[1951]=122.51807
Tue Mar 21 15:37:29 2023:DEBUG:setData: Setting CH3Br_emissions[1952]=123.26435
Tue Mar 21 15:37:29 2023:DEBUG:setData: Setting CH3Br_emissions[1953]=124.06078
Tue Mar 21 15:37:29 2023:DEBUG:setData: Setting CH3Br_emissions[1954]=124.75392
Tue Mar 21 15:37:29 2023:DEBUG:setData: Setting CH3Br_emissions[1955]=125.74327
Tue Mar 21 15:37:29 2023:DEBUG:setData: Setting CH3Br_emissions[1956]=126.58168
Tue Mar 21 15:37:29 2023:DEBUG:setData: Setting CH3Br_emissions[1957]=127.41838
Tue Mar 21 15:37:29 2023:DEBUG:setData: Setting CH3Br_emissions[1958]=128.42262
Tue Mar 21 15:37:29 2023:DEBUG:setData: Setting CH3Br_emissions[1959]=129.47587
Tue Mar 21 15:37:29 2023:DEBUG:setData: Setting CH3Br_emissions[1960]=130.53321
Tue Mar 21 15:37:29 2023:DEBUG:setData: Setting CH3Br_emissions[1961]=131.26152
Tue Mar 21 15:37:29 2023:DEBUG:setData: Setting CH3Br_emissions[1962]=132.4011
Tue Mar 21 15:37:29 2023:DEBUG:setData: Setting CH3Br_emissions[1963]=132.99126
Tue Mar 21 15:37:29 2023:DEBUG:setData: Setting CH3Br_emissions[1964]=134.07707
Tue Mar 21 15:37:29 2023:DEBUG:setData: Setting CH3Br_emissions[1965]=135.19804
Tue Mar 21 15:37:29 2023:DEBUG:setData: Setting CH3Br_emissions[1966]=136.46754
Tue Mar 21 15:37:29 2023:DEBUG:setData: Setting CH3Br_emissions[1967]=137.66763
Tue Mar 21 15:37:29 2023:DEBUG:setData: Setting CH3Br_emissions[1968]=139.24379
Tue Mar 21 15:37:29 2023:DEBUG:setData: Setting CH3Br_emissions[1969]=140.05867
Tue Mar 21 15:37:29 2023:DEBUG:setData: Setting CH3Br_emissions[1970]=141.52757
Tue Mar 21 15:37:29 2023:DEBUG:setData: Setting CH3Br_emissions[1971]=143.1196
Tue Mar 21 15:37:29 2023:DEBUG:setData: Setting CH3Br_emissions[1972]=144.52172
Tue Mar 21 15:37:29 2023:DEBUG:setData: Setting CH3Br_emissions[1973]=146.54158
Tue Mar 21 15:37:29 2023:DEBUG:setData: Setting CH3Br_emissions[1974]=147.80664
Tue Mar 21 15:37:29 2023:DEBUG:setData: Setting CH3Br_emissions[1975]=148.91662
Tue Mar 21 15:37:29 2023:DEBUG:setData: Setting CH3Br_emissions[1976]=150.23158
Tue Mar 21 15:37:29 2023:DEBUG:setData: Setting CH3Br_emissions[1977]=152.04264
Tue Mar 21 15:37:29 2023:DEBUG:setData: Setting CH3Br_emissions[1978]=153.91731
Tue Mar 21 15:37:29 2023:DEBUG:setData: Setting CH3Br_emissions[1979]=155.58904
Tue Mar 21 15:37:29 2023:DEBUG:setData: Setting CH3Br_emissions[1980]=157.04196
Tue Mar 21 15:37:29 2023:DEBUG:setData: Setting CH3Br_emissions[1981]=158.51506
Tue Mar 21 15:37:29 2023:DEBUG:setData: Setting CH3Br_emissions[1982]=159.18065
Tue Mar 21 15:37:29 2023:DEBUG:setData: Setting CH3Br_emissions[1983]=160.09109
Tue Mar 21 15:37:29 2023:DEBUG:setData: Setting CH3Br_emissions[1984]=162.15076
Tue Mar 21 15:37:29 2023:DEBUG:setData: Setting CH3Br_emissions[1985]=164.43684
Tue Mar 21 15:37:29 2023:DEBUG:setData: Setting CH3Br_emissions[1986]=166.53505
Tue Mar 21 15:37:29 2023:DEBUG:setData: Setting CH3Br_emissions[1987]=168.70781
Tue Mar 21 15:37:29 2023:DEBUG:setData: Setting CH3Br_emissions[1988]=171.54521
Tue Mar 21 15:37:29 2023:DEBUG:setData: Setting CH3Br_emissions[1989]=174.22363
Tue Mar 21 15:37:29 2023:DEBUG:setData: Setting CH3Br_emissions[1990]=176.36773
Tue Mar 21 15:37:29 2023:DEBUG:setData: Setting CH3Br_emissions[1991]=177.30503
Tue Mar 21 15:37:29 2023:DEBUG:setData: Setting CH3Br_emissions[1992]=179.3441
Tue Mar 21 15:37:29 2023:DEBUG:setData: Setting CH3Br_emissions[1993]=179.76429
Tue Mar 21 15:37:29 2023:DEBUG:setData: Setting CH3Br_emissions[1994]=178.03958
Tue Mar 21 15:37:29 2023:DEBUG:setData: Setting CH3Br_emissions[1995]=180.13151
Tue Mar 21 15:37:29 2023:DEBUG:setData: Setting CH3Br_emissions[1996]=183.444
Tue Mar 21 15:37:29 2023:DEBUG:setData: Setting CH3Br_emissions[1997]=180.149
Tue Mar 21 15:37:29 2023:DEBUG:setData: Setting CH3Br_emissions[1998]=176.1082
Tue Mar 21 15:37:29 2023:DEBUG:setData: Setting CH3Br_emissions[1999]=168.37661
Tue Mar 21 15:37:29 2023:DEBUG:setData: Setting CH3Br_emissions[2000]=165.25876
Tue Mar 21 15:37:29 2023:DEBUG:setData: Setting CH3Br_emissions[2001]=165.599
Tue Mar 21 15:37:29 2023:DEBUG:setData: Setting CH3Br_emissions[2002]=161.14055
Tue Mar 21 15:37:29 2023:DEBUG:setData: Setting CH3Br_emissions[2003]=158.92828
Tue Mar 21 15:37:29 2023:DEBUG:setData: Setting CH3Br_emissions[2004]=156.21655
Tue Mar 21 15:37:29 2023:DEBUG:setData: Setting CH3Br_emissions[2005]=154.12291
Tue Mar 21 15:37:29 2023:DEBUG:setData: Setting CH3Br_emissions[2006]=152.41471
Tue Mar 21 15:37:29 2023:DEBUG:setData: Setting CH3Br_emissions[2007]=147.28895
Tue Mar 21 15:37:29 2023:DEBUG:setData: Setting CH3Br_emissions[2008]=144.47281
Tue Mar 21 15:37:29 2023:DEBUG:setData: Setting CH3Br_emissions[2009]=144.24254
Tue Mar 21 15:37:29 2023:DEBUG:setData: Setting CH3Br_emissions[2010]=142.6745
Tue Mar 21 15:37:29 2023:DEBUG:setData: Setting CH3Br_emissions[2011]=140.42156
Tue Mar 21 15:37:29 2023:DEBUG:setData: Setting CH3Br_emissions[2012]=136.71475
Tue Mar 21 15:37:29 2023:DEBUG:setData: Setting CH3Br_emissions[2013]=133.39273
Tue Mar 21 15:37:29 2023:DEBUG:setData: Setting CH3Br_emissions[2014]=133.6791
Tue Mar 21 15:37:29 2023:DEBUG:setData: Setting CH3Br_emissions[2015]=133.823
Tue Mar 21 15:37:29 2023:DEBUG:setData: Setting CH3Br_emissions[2016]=133.77542
Tue Mar 21 15:37:29 2023:DEBUG:setData: Setting CH3Br_emissions[2017]=133.72784
Tue Mar 21 15:37:29 2023:DEBUG:setData: Setting CH3Br_emissions[2018]=133.68026
Tue Mar 21 15:37:29 2023:DEBUG:setData: Setting CH3Br_emissions[2019]=133.63268
Tue Mar 21 15:37:29 2023:DEBUG:setData: Setting CH3Br_emissions[2020]=133.5851
Tue Mar 21 15:37:29 2023:DEBUG:setData: Setting CH3Br_emissions[2021]=133.57155
Tue Mar 21 15:37:29 2023:DEBUG:setData: Setting CH3Br_emissions[2022]=133.558
Tue Mar 21 15:37:29 2023:DEBUG:setData: Setting CH3Br_emissions[2023]=133.54445
Tue Mar 21 15:37:29 2023:DEBUG:setData: Setting CH3Br_emissions[2024]=133.5309
Tue Mar 21 15:37:29 2023:DEBUG:setData: Setting CH3Br_emissions[2025]=133.51735
Tue Mar 21 15:37:29 2023:DEBUG:setData: Setting CH3Br_emissions[2026]=133.5038
Tue Mar 21 15:37:29 2023:DEBUG:setData: Setting CH3Br_emissions[2027]=133.49025
Tue Mar 21 15:37:29 2023:DEBUG:setData: Setting CH3Br_emissions[2028]=133.4767
Tue Mar 21 15:37:29 2023:DEBUG:setData: Setting CH3Br_emissions[2029]=133.46315
Tue Mar 21 15:37:29 2023:DEBUG:setData: Setting CH3Br_emissions[2030]=133.4496
Tue Mar 21 15:37:29 2023:DEBUG:setData: Setting CH3Br_emissions[2031]=133.29531
Tue Mar 21 15:37:29 2023:DEBUG:setData: Setting CH3Br_emissions[2032]=133.14102
Tue Mar 21 15:37:29 2023:DEBUG:setData: Setting CH3Br_emissions[2033]=132.98673
Tue Mar 21 15:37:29 2023:DEBUG:setData: Setting CH3Br_emissions[2034]=132.83244
Tue Mar 21 15:37:29 2023:DEBUG:setData: Setting CH3Br_emissions[2035]=132.67815
Tue Mar 21 15:37:29 2023:DEBUG:setData: Setting CH3Br_emissions[2036]=132.52386
Tue Mar 21 15:37:29 2023:DEBUG:setData: Setting CH3Br_emissions[2037]=132.36957
Tue Mar 21 15:37:29 2023:DEBUG:setData: Setting CH3Br_emissions[2038]=132.21528
Tue Mar 21 15:37:29 2023:DEBUG:setData: Setting CH3Br_emissions[2039]=132.06099
Tue Mar 21 15:37:29 2023:DEBUG:setData: Setting CH3Br_emissions[2040]=131.9067
Tue Mar 21 15:37:29 2023:DEBUG:setData: Setting CH3Br_emissions[2041]=131.72605
Tue Mar 21 15:37:29 2023:DEBUG:setData: Setting CH3Br_emissions[2042]=131.5454
Tue Mar 21 15:37:29 2023:DEBUG:setData: Setting CH3Br_emissions[2043]=131.36475
Tue Mar 21 15:37:29 2023:DEBUG:setData: Setting CH3Br_emissions[2044]=131.1841
Tue Mar 21 15:37:29 2023:DEBUG:setData: Setting CH3Br_emissions[2045]=131.00345
Tue Mar 21 15:37:29 2023:DEBUG:setData: Setting CH3Br_emissions[2046]=130.8228
Tue Mar 21 15:37:29 2023:DEBUG:setData: Setting CH3Br_emissions[2047]=130.64215
Tue Mar 21 15:37:29 2023:DEBUG:setData: Setting CH3Br_emissions[2048]=130.4615
Tue Mar 21 15:37:29 2023:DEBUG:setData: Setting CH3Br_emissions[2049]=130.28085
Tue Mar 21 15:37:29 2023:DEBUG:setData: Setting CH3Br_emissions[2050]=130.1002
Tue Mar 21 15:37:29 2023:DEBUG:setData: Setting CH3Br_emissions[2051]=129.60438
Tue Mar 21 15:37:29 2023:DEBUG:setData: Setting CH3Br_emissions[2052]=129.10856
Tue Mar 21 15:37:29 2023:DEBUG:setData: Setting CH3Br_emissions[2053]=128.61274
Tue Mar 21 15:37:29 2023:DEBUG:setData: Setting CH3Br_emissions[2054]=128.11692
Tue Mar 21 15:37:29 2023:DEBUG:setData: Setting CH3Br_emissions[2055]=127.6211
Tue Mar 21 15:37:29 2023:DEBUG:setData: Setting CH3Br_emissions[2056]=127.12528
Tue Mar 21 15:37:29 2023:DEBUG:setData: Setting CH3Br_emissions[2057]=126.62946
Tue Mar 21 15:37:29 2023:DEBUG:setData: Setting CH3Br_emissions[2058]=126.13364
Tue Mar 21 15:37:29 2023:DEBUG:setData: Setting CH3Br_emissions[2059]=125.63782
Tue Mar 21 15:37:29 2023:DEBUG:setData: Setting CH3Br_emissions[2060]=125.142
Tue Mar 21 15:37:29 2023:DEBUG:setData: Setting CH3Br_emissions[2061]=124.79645
Tue Mar 21 15:37:29 2023:DEBUG:setData: Setting CH3Br_emissions[2062]=124.4509
Tue Mar 21 15:37:29 2023:DEBUG:setData: Setting CH3Br_emissions[2063]=124.10535
Tue Mar 21 15:37:29 2023:DEBUG:setData: Setting CH3Br_emissions[2064]=123.7598
Tue Mar 21 15:37:29 2023:DEBUG:setData: Setting CH3Br_emissions[2065]=123.41425
Tue Mar 21 15:37:29 2023:DEBUG:setData: Setting CH3Br_emissions[2066]=123.0687
Tue Mar 21 15:37:29 2023:DEBUG:setData: Setting CH3Br_emissions[2067]=122.72315
Tue Mar 21 15:37:29 2023:DEBUG:setData: Setting CH3Br_emissions[2068]=122.3776
Tue Mar 21 15:37:29 2023:DEBUG:setData: Setting CH3Br_emissions[2069]=122.03205
Tue Mar 21 15:37:29 2023:DEBUG:setData: Setting CH3Br_emissions[2070]=121.6865
Tue Mar 21 15:37:29 2023:DEBUG:setData: Setting CH3Br_emissions[2071]=121.05505
Tue Mar 21 15:37:29 2023:DEBUG:setData: Setting CH3Br_emissions[2072]=120.4236
Tue Mar 21 15:37:29 2023:DEBUG:setData: Setting CH3Br_emissions[2073]=119.79215
Tue Mar 21 15:37:29 2023:DEBUG:setData: Setting CH3Br_emissions[2074]=119.1607
Tue Mar 21 15:37:29 2023:DEBUG:setData: Setting CH3Br_emissions[2075]=118.52925
Tue Mar 21 15:37:29 2023:DEBUG:setData: Setting CH3Br_emissions[2076]=117.8978
Tue Mar 21 15:37:29 2023:DEBUG:setData: Setting CH3Br_emissions[2077]=117.26635
Tue Mar 21 15:37:29 2023:DEBUG:setData: Setting CH3Br_emissions[2078]=116.6349
Tue Mar 21 15:37:29 2023:DEBUG:setData: Setting CH3Br_emissions[2079]=116.00345
Tue Mar 21 15:37:29 2023:DEBUG:setData: Setting CH3Br_emissions[2080]=115.372
Tue Mar 21 15:37:29 2023:DEBUG:setData: Setting CH3Br_emissions[2081]=115.2556
Tue Mar 21 15:37:29 2023:DEBUG:setData: Setting CH3Br_emissions[2082]=115.1392
Tue Mar 21 15:37:29 2023:DEBUG:setData: Setting CH3Br_emissions[2083]=115.0228
Tue Mar 21 15:37:29 2023:DEBUG:setData: Setting CH3Br_emissions[2084]=114.9064
Tue Mar 21 15:37:29 2023:DEBUG:setData: Setting CH3Br_emissions[2085]=114.79
Tue Mar 21 15:37:29 2023:DEBUG:setData: Setting CH3Br_emissions[2086]=114.6736
Tue Mar 21 15:37:29 2023:DEBUG:setData: Setting CH3Br_emissions[2087]=114.5572
Tue Mar 21 15:37:29 2023:DEBUG:setData: Setting CH3Br_emissions[2088]=114.4408
Tue Mar 21 15:37:29 2023:DEBUG:setData: Setting CH3Br_emissions[2089]=114.3244
Tue Mar 21 15:37:29 2023:DEBUG:setData: Setting CH3Br_emissions[2090]=114.208
Tue Mar 21 15:37:29 2023:DEBUG:setData: Setting CH3Br_emissions[2091]=114.15364
Tue Mar 21 15:37:29 2023:DEBUG:setData: Setting CH3Br_emissions[2092]=114.09928
Tue Mar 21 15:37:29 2023:DEBUG:setData: Setting CH3Br_emissions[2093]=114.04492
Tue Mar 21 15:37:29 2023:DEBUG:setData: Setting CH3Br_emissions[2094]=113.99056
Tue Mar 21 15:37:29 2023:DEBUG:setData: Setting CH3Br_emissions[2095]=113.9362
Tue Mar 21 15:37:29 2023:DEBUG:setData: Setting CH3Br_emissions[2096]=113.88184
Tue Mar 21 15:37:29 2023:DEBUG:setData: Setting CH3Br_emissions[2097]=113.82748
Tue Mar 21 15:37:29 2023:DEBUG:setData: Setting CH3Br_emissions[2098]=113.77312
Tue Mar 21 15:37:29 2023:DEBUG:setData: Setting CH3Br_emissions[2099]=113.71876
Tue Mar 21 15:37:29 2023:DEBUG:setData: Setting CH3Br_emissions[2100]=113.6644
Tue Mar 21 15:37:29 2023:DEBUG:setData: Setting CH3Br_emissions[2101]=112.9066373
Tue Mar 21 15:37:29 2023:DEBUG:setData: Setting CH3Br_emissions[2102]=112.1488747
Tue Mar 21 15:37:29 2023:DEBUG:setData: Setting CH3Br_emissions[2103]=111.391112
Tue Mar 21 15:37:29 2023:DEBUG:setData: Setting CH3Br_emissions[2104]=110.6333493
Tue Mar 21 15:37:29 2023:DEBUG:setData: Setting CH3Br_emissions[2105]=109.8755867
Tue Mar 21 15:37:29 2023:DEBUG:setData: Setting CH3Br_emissions[2106]=109.117824
Tue Mar 21 15:37:29 2023:DEBUG:setData: Setting CH3Br_emissions[2107]=108.3600613
Tue Mar 21 15:37:29 2023:DEBUG:setData: Setting CH3Br_emissions[2108]=107.6022987
Tue Mar 21 15:37:29 2023:DEBUG:setData: Setting CH3Br_emissions[2109]=106.844536
Tue Mar 21 15:37:29 2023:DEBUG:setData: Setting CH3Br_emissions[2110]=106.0867733
Tue Mar 21 15:37:29 2023:DEBUG:setData: Setting CH3Br_emissions[2111]=105.3290107
Tue Mar 21 15:37:29 2023:DEBUG:setData: Setting CH3Br_emissions[2112]=104.571248
Tue Mar 21 15:37:29 2023:DEBUG:setData: Setting CH3Br_emissions[2113]=103.8134853
Tue Mar 21 15:37:29 2023:DEBUG:setData: Setting CH3Br_emissions[2114]=103.0557227
Tue Mar 21 15:37:29 2023:DEBUG:setData: Setting CH3Br_emissions[2115]=102.29796
Tue Mar 21 15:37:29 2023:DEBUG:setData: Setting CH3Br_emissions[2116]=101.5401973
Tue Mar 21 15:37:29 2023:DEBUG:setData: Setting CH3Br_emissions[2117]=100.7824347
Tue Mar 21 15:37:29 2023:DEBUG:setData: Setting CH3Br_emissions[2118]=100.024672
Tue Mar 21 15:37:29 2023:DEBUG:setData: Setting CH3Br_emissions[2119]=99.26690933
Tue Mar 21 15:37:29 2023:DEBUG:setData: Setting CH3Br_emissions[2120]=98.50914667
Tue Mar 21 15:37:29 2023:DEBUG:setData: Setting CH3Br_emissions[2121]=97.751384
Tue Mar 21 15:37:29 2023:DEBUG:setData: Setting CH3Br_emissions[2122]=96.99362133
Tue Mar 21 15:37:29 2023:DEBUG:setData: Setting CH3Br_emissions[2123]=96.23585867
Tue Mar 21 15:37:29 2023:DEBUG:setData: Setting CH3Br_emissions[2124]=95.478096
Tue Mar 21 15:37:29 2023:DEBUG:setData: Setting CH3Br_emissions[2125]=94.72033333
Tue Mar 21 15:37:29 2023:DEBUG:setData: Setting CH3Br_emissions[2126]=93.96257067
Tue Mar 21 15:37:29 2023:DEBUG:setData: Setting CH3Br_emissions[2127]=93.204808
Tue Mar 21 15:37:29 2023:DEBUG:setData: Setting CH3Br_emissions[2128]=92.44704533
Tue Mar 21 15:37:29 2023:DEBUG:setData: Setting CH3Br_emissions[2129]=91.68928267
Tue Mar 21 15:37:29 2023:DEBUG:setData: Setting CH3Br_emissions[2130]=90.93152
Tue Mar 21 15:37:29 2023:DEBUG:setData: Setting CH3Br_emissions[2131]=90.17375733
Tue Mar 21 15:37:29 2023:DEBUG:setData: Setting CH3Br_emissions[2132]=89.41599467
Tue Mar 21 15:37:29 2023:DEBUG:setData: Setting CH3Br_emissions[2133]=88.658232
Tue Mar 21 15:37:29 2023:DEBUG:setData: Setting CH3Br_emissions[2134]=87.90046933
Tue Mar 21 15:37:29 2023:DEBUG:setData: Setting CH3Br_emissions[2135]=87.14270667
Tue Mar 21 15:37:29 2023:DEBUG:setData: Setting CH3Br_emissions[2136]=86.384944
Tue Mar 21 15:37:29 2023:DEBUG:setData: Setting CH3Br_emissions[2137]=85.62718133
Tue Mar 21 15:37:29 2023:DEBUG:setData: Setting CH3Br_emissions[2138]=84.86941867
Tue Mar 21 15:37:29 2023:DEBUG:setData: Setting CH3Br_emissions[2139]=84.111656
Tue Mar 21 15:37:29 2023:DEBUG:setData: Setting CH3Br_emissions[2140]=83.35389333
Tue Mar 21 15:37:29 2023:DEBUG:setData: Setting CH3Br_emissions[2141]=82.59613067
Tue Mar 21 15:37:29 2023:DEBUG:setData: Setting CH3Br_emissions[2142]=81.838368
Tue Mar 21 15:37:29 2023:DEBUG:setData: Setting CH3Br_emissions[2143]=81.08060533
Tue Mar 21 15:37:29 2023:DEBUG:setData: Setting CH3Br_emissions[2144]=80.32284267
Tue Mar 21 15:37:29 2023:DEBUG:setData: Setting CH3Br_emissions[2145]=79.56508
Tue Mar 21 15:37:29 2023:DEBUG:setData: Setting CH3Br_emissions[2146]=78.80731733
Tue Mar 21 15:37:29 2023:DEBUG:setData: Setting CH3Br_emissions[2147]=78.04955467
Tue Mar 21 15:37:29 2023:DEBUG:setData: Setting CH3Br_emissions[2148]=77.291792
Tue Mar 21 15:37:29 2023:DEBUG:setData: Setting CH3Br_emissions[2149]=76.53402933
Tue Mar 21 15:37:29 2023:DEBUG:setData: Setting CH3Br_emissions[2150]=75.77626667
Tue Mar 21 15:37:29 2023:DEBUG:setData: Setting CH3Br_emissions[2151]=75.018504
Tue Mar 21 15:37:29 2023:DEBUG:setData: Setting CH3Br_emissions[2152]=74.26074133
Tue Mar 21 15:37:29 2023:DEBUG:setData: Setting CH3Br_emissions[2153]=73.50297867
Tue Mar 21 15:37:29 2023:DEBUG:setData: Setting CH3Br_emissions[2154]=72.745216
Tue Mar 21 15:37:29 2023:DEBUG:setData: Setting CH3Br_emissions[2155]=71.98745333
Tue Mar 21 15:37:29 2023:DEBUG:setData: Setting CH3Br_emissions[2156]=71.22969067
Tue Mar 21 15:37:29 2023:DEBUG:setData: Setting CH3Br_emissions[2157]=70.471928
Tue Mar 21 15:37:29 2023:DEBUG:setData: Setting CH3Br_emissions[2158]=69.71416533
Tue Mar 21 15:37:29 2023:DEBUG:setData: Setting CH3Br_emissions[2159]=68.95640267
Tue Mar 21 15:37:29 2023:DEBUG:setData: Setting CH3Br_emissions[2160]=68.19864
Tue Mar 21 15:37:29 2023:DEBUG:setData: Setting CH3Br_emissions[2161]=67.44087733
Tue Mar 21 15:37:29 2023:DEBUG:setData: Setting CH3Br_emissions[2162]=66.68311467
Tue Mar 21 15:37:29 2023:DEBUG:setData: Setting CH3Br_emissions[2163]=65.925352
Tue Mar 21 15:37:29 2023:DEBUG:setData: Setting CH3Br_emissions[2164]=65.16758933
Tue Mar 21 15:37:29 2023:DEBUG:setData: Setting CH3Br_emissions[2165]=64.40982667
Tue Mar 21 15:37:29 2023:DEBUG:setData: Setting CH3Br_emissions[2166]=63.652064
Tue Mar 21 15:37:29 2023:DEBUG:setData: Setting CH3Br_emissions[2167]=62.89430133
Tue Mar 21 15:37:29 2023:DEBUG:setData: Setting CH3Br_emissions[2168]=62.13653867
Tue Mar 21 15:37:29 2023:DEBUG:setData: Setting CH3Br_emissions[2169]=61.378776
Tue Mar 21 15:37:29 2023:DEBUG:setData: Setting CH3Br_emissions[2170]=60.62101333
Tue Mar 21 15:37:29 2023:DEBUG:setData: Setting CH3Br_emissions[2171]=59.86325067
Tue Mar 21 15:37:29 2023:DEBUG:setData: Setting CH3Br_emissions[2172]=59.105488
Tue Mar 21 15:37:29 2023:DEBUG:setData: Setting CH3Br_emissions[2173]=58.34772533
Tue Mar 21 15:37:29 2023:DEBUG:setData: Setting CH3Br_emissions[2174]=57.58996267
Tue Mar 21 15:37:29 2023:DEBUG:setData: Setting CH3Br_emissions[2175]=56.8322
Tue Mar 21 15:37:29 2023:DEBUG:setData: Setting CH3Br_emissions[2176]=56.07443733
Tue Mar 21 15:37:29 2023:DEBUG:setData: Setting CH3Br_emissions[2177]=55.31667467
Tue Mar 21 15:37:29 2023:DEBUG:setData: Setting CH3Br_emissions[2178]=54.558912
Tue Mar 21 15:37:29 2023:DEBUG:setData: Setting CH3Br_emissions[2179]=53.80114933
Tue Mar 21 15:37:29 2023:DEBUG:setData: Setting CH3Br_emissions[2180]=53.04338667
Tue Mar 21 15:37:29 2023:DEBUG:setData: Setting CH3Br_emissions[2181]=52.285624
Tue Mar 21 15:37:29 2023:DEBUG:setData: Setting CH3Br_emissions[2182]=51.52786133
Tue Mar 21 15:37:29 2023:DEBUG:setData: Setting CH3Br_emissions[2183]=50.77009867
Tue Mar 21 15:37:29 2023:DEBUG:setData: Setting CH3Br_emissions[2184]=50.012336
Tue Mar 21 15:37:29 2023:DEBUG:setData: Setting CH3Br_emissions[2185]=49.25457333
Tue Mar 21 15:37:29 2023:DEBUG:setData: Setting CH3Br_emissions[2186]=48.49681067
Tue Mar 21 15:37:29 2023:DEBUG:setData: Setting CH3Br_emissions[2187]=47.739048
Tue Mar 21 15:37:29 2023:DEBUG:setData: Setting CH3Br_emissions[2188]=46.98128533
Tue Mar 21 15:37:29 2023:DEBUG:setData: Setting CH3Br_emissions[2189]=46.22352267
Tue Mar 21 15:37:29 2023:DEBUG:setData: Setting CH3Br_emissions[2190]=45.46576
Tue Mar 21 15:37:29 2023:DEBUG:setData: Setting CH3Br_emissions[2191]=44.70799733
Tue Mar 21 15:37:29 2023:DEBUG:setData: Setting CH3Br_emissions[2192]=43.95023467
Tue Mar 21 15:37:29 2023:DEBUG:setData: Setting CH3Br_emissions[2193]=43.192472
Tue Mar 21 15:37:29 2023:DEBUG:setData: Setting CH3Br_emissions[2194]=42.43470933
Tue Mar 21 15:37:29 2023:DEBUG:setData: Setting CH3Br_emissions[2195]=41.67694667
Tue Mar 21 15:37:29 2023:DEBUG:setData: Setting CH3Br_emissions[2196]=40.919184
Tue Mar 21 15:37:29 2023:DEBUG:setData: Setting CH3Br_emissions[2197]=40.16142133
Tue Mar 21 15:37:29 2023:DEBUG:setData: Setting CH3Br_emissions[2198]=39.40365867
Tue Mar 21 15:37:29 2023:DEBUG:setData: Setting CH3Br_emissions[2199]=38.645896
Tue Mar 21 15:37:29 2023:DEBUG:setData: Setting CH3Br_emissions[2200]=37.88813333
Tue Mar 21 15:37:29 2023:DEBUG:setData: Setting CH3Br_emissions[2201]=37.13037067
Tue Mar 21 15:37:29 2023:DEBUG:setData: Setting CH3Br_emissions[2202]=36.372608
Tue Mar 21 15:37:29 2023:DEBUG:setData: Setting CH3Br_emissions[2203]=35.61484533
Tue Mar 21 15:37:29 2023:DEBUG:setData: Setting CH3Br_emissions[2204]=34.85708267
Tue Mar 21 15:37:29 2023:DEBUG:setData: Setting CH3Br_emissions[2205]=34.09932
Tue Mar 21 15:37:29 2023:DEBUG:setData: Setting CH3Br_emissions[2206]=33.34155733
Tue Mar 21 15:37:29 2023:DEBUG:setData: Setting CH3Br_emissions[2207]=32.58379467
Tue Mar 21 15:37:29 2023:DEBUG:setData: Setting CH3Br_emissions[2208]=31.826032
Tue Mar 21 15:37:29 2023:DEBUG:setData: Setting CH3Br_emissions[2209]=31.06826933
Tue Mar 21 15:37:29 2023:DEBUG:setData: Setting CH3Br_emissions[2210]=30.31050667
Tue Mar 21 15:37:29 2023:DEBUG:setData: Setting CH3Br_emissions[2211]=29.552744
Tue Mar 21 15:37:29 2023:DEBUG:setData: Setting CH3Br_emissions[2212]=28.79498133
Tue Mar 21 15:37:29 2023:DEBUG:setData: Setting CH3Br_emissions[2213]=28.03721867
Tue Mar 21 15:37:29 2023:DEBUG:setData: Setting CH3Br_emissions[2214]=27.279456
Tue Mar 21 15:37:29 2023:DEBUG:setData: Setting CH3Br_emissions[2215]=26.52169333
Tue Mar 21 15:37:29 2023:DEBUG:setData: Setting CH3Br_emissions[2216]=25.76393067
Tue Mar 21 15:37:29 2023:DEBUG:setData: Setting CH3Br_emissions[2217]=25.006168
Tue Mar 21 15:37:29 2023:DEBUG:setData: Setting CH3Br_emissions[2218]=24.24840533
Tue Mar 21 15:37:29 2023:DEBUG:setData: Setting CH3Br_emissions[2219]=23.49064267
Tue Mar 21 15:37:29 2023:DEBUG:setData: Setting CH3Br_emissions[2220]=22.73288
Tue Mar 21 15:37:29 2023:DEBUG:setData: Setting CH3Br_emissions[2221]=21.97511733
Tue Mar 21 15:37:29 2023:DEBUG:setData: Setting CH3Br_emissions[2222]=21.21735467
Tue Mar 21 15:37:29 2023:DEBUG:setData: Setting CH3Br_emissions[2223]=20.459592
Tue Mar 21 15:37:29 2023:DEBUG:setData: Setting CH3Br_emissions[2224]=19.70182933
Tue Mar 21 15:37:29 2023:DEBUG:setData: Setting CH3Br_emissions[2225]=18.94406667
Tue Mar 21 15:37:29 2023:DEBUG:setData: Setting CH3Br_emissions[2226]=18.186304
Tue Mar 21 15:37:29 2023:DEBUG:setData: Setting CH3Br_emissions[2227]=17.42854133
Tue Mar 21 15:37:29 2023:DEBUG:setData: Setting CH3Br_emissions[2228]=16.67077867
Tue Mar 21 15:37:29 2023:DEBUG:setData: Setting CH3Br_emissions[2229]=15.913016
Tue Mar 21 15:37:29 2023:DEBUG:setData: Setting CH3Br_emissions[2230]=15.15525333
Tue Mar 21 15:37:29 2023:DEBUG:setData: Setting CH3Br_emissions[2231]=14.39749067
Tue Mar 21 15:37:29 2023:DEBUG:setData: Setting CH3Br_emissions[2232]=13.639728
Tue Mar 21 15:37:29 2023:DEBUG:setData: Setting CH3Br_emissions[2233]=12.88196533
Tue Mar 21 15:37:29 2023:DEBUG:setData: Setting CH3Br_emissions[2234]=12.12420267
Tue Mar 21 15:37:29 2023:DEBUG:setData: Setting CH3Br_emissions[2235]=11.36644
Tue Mar 21 15:37:29 2023:DEBUG:setData: Setting CH3Br_emissions[2236]=10.60867733
Tue Mar 21 15:37:29 2023:DEBUG:setData: Setting CH3Br_emissions[2237]=9.850914667
Tue Mar 21 15:37:29 2023:DEBUG:setData: Setting CH3Br_emissions[2238]=9.093152
Tue Mar 21 15:37:29 2023:DEBUG:setData: Setting CH3Br_emissions[2239]=8.335389333
Tue Mar 21 15:37:29 2023:DEBUG:setData: Setting CH3Br_emissions[2240]=7.577626667
Tue Mar 21 15:37:29 2023:DEBUG:setData: Setting CH3Br_emissions[2241]=6.819864
Tue Mar 21 15:37:29 2023:DEBUG:setData: Setting CH3Br_emissions[2242]=6.062101333
Tue Mar 21 15:37:29 2023:DEBUG:setData: Setting CH3Br_emissions[2243]=5.304338667
Tue Mar 21 15:37:29 2023:DEBUG:setData: Setting CH3Br_emissions[2244]=4.546576
Tue Mar 21 15:37:29 2023:DEBUG:setData: Setting CH3Br_emissions[2245]=3.788813333
Tue Mar 21 15:37:29 2023:DEBUG:setData: Setting CH3Br_emissions[2246]=3.031050667
Tue Mar 21 15:37:29 2023:DEBUG:setData: Setting CH3Br_emissions[2247]=2.273288
Tue Mar 21 15:37:29 2023:DEBUG:setData: Setting CH3Br_emissions[2248]=1.515525333
Tue Mar 21 15:37:29 2023:DEBUG:setData: Setting CH3Br_emissions[2249]=0.757762667
Tue Mar 21 15:37:29 2023:DEBUG:setData: Setting CH3Br_emissions[2250]=0
Tue Mar 21 15:37:29 2023:DEBUG:setData: Setting CH3Br_emissions[2251]=0
Tue Mar 21 15:37:29 2023:DEBUG:setData: Setting CH3Br_emissions[2252]=0
Tue Mar 21 15:37:29 2023:DEBUG:setData: Setting CH3Br_emissions[2253]=0
Tue Mar 21 15:37:29 2023:DEBUG:setData: Setting CH3Br_emissions[2254]=0
Tue Mar 21 15:37:29 2023:DEBUG:setData: Setting CH3Br_emissions[2255]=0
Tue Mar 21 15:37:29 2023:DEBUG:setData: Setting CH3Br_emissions[2256]=0
Tue Mar 21 15:37:29 2023:DEBUG:setData: Setting CH3Br_emissions[2257]=0
Tue Mar 21 15:37:29 2023:DEBUG:setData: Setting CH3Br_emissions[2258]=0
Tue Mar 21 15:37:29 2023:DEBUG:setData: Setting CH3Br_emissions[2259]=0
Tue Mar 21 15:37:29 2023:DEBUG:setData: Setting CH3Br_emissions[2260]=0
Tue Mar 21 15:37:29 2023:DEBUG:setData: Setting CH3Br_emissions[2261]=0
Tue Mar 21 15:37:29 2023:DEBUG:setData: Setting CH3Br_emissions[2262]=0
Tue Mar 21 15:37:29 2023:DEBUG:setData: Setting CH3Br_emissions[2263]=0
Tue Mar 21 15:37:29 2023:DEBUG:setData: Setting CH3Br_emissions[2264]=0
Tue Mar 21 15:37:29 2023:DEBUG:setData: Setting CH3Br_emissions[2265]=0
Tue Mar 21 15:37:29 2023:DEBUG:setData: Setting CH3Br_emissions[2266]=0
Tue Mar 21 15:37:29 2023:DEBUG:setData: Setting CH3Br_emissions[2267]=0
Tue Mar 21 15:37:29 2023:DEBUG:setData: Setting CH3Br_emissions[2268]=0
Tue Mar 21 15:37:29 2023:DEBUG:setData: Setting CH3Br_emissions[2269]=0
Tue Mar 21 15:37:29 2023:DEBUG:setData: Setting CH3Br_emissions[2270]=0
Tue Mar 21 15:37:29 2023:DEBUG:setData: Setting CH3Br_emissions[2271]=0
Tue Mar 21 15:37:29 2023:DEBUG:setData: Setting CH3Br_emissions[2272]=0
Tue Mar 21 15:37:29 2023:DEBUG:setData: Setting CH3Br_emissions[2273]=0
Tue Mar 21 15:37:29 2023:DEBUG:setData: Setting CH3Br_emissions[2274]=0
Tue Mar 21 15:37:29 2023:DEBUG:setData: Setting CH3Br_emissions[2275]=0
Tue Mar 21 15:37:29 2023:DEBUG:setData: Setting CH3Br_emissions[2276]=0
Tue Mar 21 15:37:29 2023:DEBUG:setData: Setting CH3Br_emissions[2277]=0
Tue Mar 21 15:37:29 2023:DEBUG:setData: Setting CH3Br_emissions[2278]=0
Tue Mar 21 15:37:29 2023:DEBUG:setData: Setting CH3Br_emissions[2279]=0
Tue Mar 21 15:37:29 2023:DEBUG:setData: Setting CH3Br_emissions[2280]=0
Tue Mar 21 15:37:29 2023:DEBUG:setData: Setting CH3Br_emissions[2281]=0
Tue Mar 21 15:37:29 2023:DEBUG:setData: Setting CH3Br_emissions[2282]=0
Tue Mar 21 15:37:29 2023:DEBUG:setData: Setting CH3Br_emissions[2283]=0
Tue Mar 21 15:37:29 2023:DEBUG:setData: Setting CH3Br_emissions[2284]=0
Tue Mar 21 15:37:29 2023:DEBUG:setData: Setting CH3Br_emissions[2285]=0
Tue Mar 21 15:37:29 2023:DEBUG:setData: Setting CH3Br_emissions[2286]=0
Tue Mar 21 15:37:29 2023:DEBUG:setData: Setting CH3Br_emissions[2287]=0
Tue Mar 21 15:37:29 2023:DEBUG:setData: Setting CH3Br_emissions[2288]=0
Tue Mar 21 15:37:29 2023:DEBUG:setData: Setting CH3Br_emissions[2289]=0
Tue Mar 21 15:37:29 2023:DEBUG:setData: Setting CH3Br_emissions[2290]=0
Tue Mar 21 15:37:29 2023:DEBUG:setData: Setting CH3Br_emissions[2291]=0
Tue Mar 21 15:37:29 2023:DEBUG:setData: Setting CH3Br_emissions[2292]=0
Tue Mar 21 15:37:29 2023:DEBUG:setData: Setting CH3Br_emissions[2293]=0
Tue Mar 21 15:37:29 2023:DEBUG:setData: Setting CH3Br_emissions[2294]=0
Tue Mar 21 15:37:29 2023:DEBUG:setData: Setting CH3Br_emissions[2295]=0
Tue Mar 21 15:37:29 2023:DEBUG:setData: Setting CH3Br_emissions[2296]=0
Tue Mar 21 15:37:29 2023:DEBUG:setData: Setting CH3Br_emissions[2297]=0
Tue Mar 21 15:37:29 2023:DEBUG:setData: Setting CH3Br_emissions[2298]=0
Tue Mar 21 15:37:29 2023:DEBUG:setData: Setting CH3Br_emissions[2299]=0
Tue Mar 21 15:37:29 2023:DEBUG:setData: Setting CH3Br_emissions[2300]=0
Tue Mar 21 15:37:29 2023:DEBUG:setData: Setting CH3Br_emissions[2301]=0
Tue Mar 21 15:37:29 2023:DEBUG:setData: Setting CH3Br_emissions[2302]=0
Tue Mar 21 15:37:29 2023:DEBUG:setData: Setting CH3Br_emissions[2303]=0
Tue Mar 21 15:37:29 2023:DEBUG:setData: Setting CH3Br_emissions[2304]=0
Tue Mar 21 15:37:29 2023:DEBUG:setData: Setting CH3Br_emissions[2305]=0
Tue Mar 21 15:37:29 2023:DEBUG:setData: Setting CH3Br_emissions[2306]=0
Tue Mar 21 15:37:29 2023:DEBUG:setData: Setting CH3Br_emissions[2307]=0
Tue Mar 21 15:37:29 2023:DEBUG:setData: Setting CH3Br_emissions[2308]=0
Tue Mar 21 15:37:29 2023:DEBUG:setData: Setting CH3Br_emissions[2309]=0
Tue Mar 21 15:37:29 2023:DEBUG:setData: Setting CH3Br_emissions[2310]=0
Tue Mar 21 15:37:29 2023:DEBUG:setData: Setting CH3Br_emissions[2311]=0
Tue Mar 21 15:37:29 2023:DEBUG:setData: Setting CH3Br_emissions[2312]=0
Tue Mar 21 15:37:29 2023:DEBUG:setData: Setting CH3Br_emissions[2313]=0
Tue Mar 21 15:37:29 2023:DEBUG:setData: Setting CH3Br_emissions[2314]=0
Tue Mar 21 15:37:29 2023:DEBUG:setData: Setting CH3Br_emissions[2315]=0
Tue Mar 21 15:37:29 2023:DEBUG:setData: Setting CH3Br_emissions[2316]=0
Tue Mar 21 15:37:29 2023:DEBUG:setData: Setting CH3Br_emissions[2317]=0
Tue Mar 21 15:37:29 2023:DEBUG:setData: Setting CH3Br_emissions[2318]=0
Tue Mar 21 15:37:29 2023:DEBUG:setData: Setting CH3Br_emissions[2319]=0
Tue Mar 21 15:37:29 2023:DEBUG:setData: Setting CH3Br_emissions[2320]=0
Tue Mar 21 15:37:29 2023:DEBUG:setData: Setting CH3Br_emissions[2321]=0
Tue Mar 21 15:37:29 2023:DEBUG:setData: Setting CH3Br_emissions[2322]=0
Tue Mar 21 15:37:29 2023:DEBUG:setData: Setting CH3Br_emissions[2323]=0
Tue Mar 21 15:37:29 2023:DEBUG:setData: Setting CH3Br_emissions[2324]=0
Tue Mar 21 15:37:29 2023:DEBUG:setData: Setting CH3Br_emissions[2325]=0
Tue Mar 21 15:37:29 2023:DEBUG:setData: Setting CH3Br_emissions[2326]=0
Tue Mar 21 15:37:29 2023:DEBUG:setData: Setting CH3Br_emissions[2327]=0
Tue Mar 21 15:37:29 2023:DEBUG:setData: Setting CH3Br_emissions[2328]=0
Tue Mar 21 15:37:29 2023:DEBUG:setData: Setting CH3Br_emissions[2329]=0
Tue Mar 21 15:37:29 2023:DEBUG:setData: Setting CH3Br_emissions[2330]=0
Tue Mar 21 15:37:29 2023:DEBUG:setData: Setting CH3Br_emissions[2331]=0
Tue Mar 21 15:37:29 2023:DEBUG:setData: Setting CH3Br_emissions[2332]=0
Tue Mar 21 15:37:29 2023:DEBUG:setData: Setting CH3Br_emissions[2333]=0
Tue Mar 21 15:37:29 2023:DEBUG:setData: Setting CH3Br_emissions[2334]=0
Tue Mar 21 15:37:29 2023:DEBUG:setData: Setting CH3Br_emissions[2335]=0
Tue Mar 21 15:37:29 2023:DEBUG:setData: Setting CH3Br_emissions[2336]=0
Tue Mar 21 15:37:29 2023:DEBUG:setData: Setting CH3Br_emissions[2337]=0
Tue Mar 21 15:37:29 2023:DEBUG:setData: Setting CH3Br_emissions[2338]=0
Tue Mar 21 15:37:29 2023:DEBUG:setData: Setting CH3Br_emissions[2339]=0
Tue Mar 21 15:37:29 2023:DEBUG:setData: Setting CH3Br_emissions[2340]=0
Tue Mar 21 15:37:29 2023:DEBUG:setData: Setting CH3Br_emissions[2341]=0
Tue Mar 21 15:37:29 2023:DEBUG:setData: Setting CH3Br_emissions[2342]=0
Tue Mar 21 15:37:29 2023:DEBUG:setData: Setting CH3Br_emissions[2343]=0
Tue Mar 21 15:37:29 2023:DEBUG:setData: Setting CH3Br_emissions[2344]=0
Tue Mar 21 15:37:29 2023:DEBUG:setData: Setting CH3Br_emissions[2345]=0
Tue Mar 21 15:37:29 2023:DEBUG:setData: Setting CH3Br_emissions[2346]=0
Tue Mar 21 15:37:29 2023:DEBUG:setData: Setting CH3Br_emissions[2347]=0
Tue Mar 21 15:37:29 2023:DEBUG:setData: Setting CH3Br_emissions[2348]=0
Tue Mar 21 15:37:29 2023:DEBUG:setData: Setting CH3Br_emissions[2349]=0
Tue Mar 21 15:37:29 2023:DEBUG:setData: Setting CH3Br_emissions[2350]=0
Tue Mar 21 15:37:29 2023:DEBUG:setData: Setting CH3Br_emissions[2351]=0
Tue Mar 21 15:37:29 2023:DEBUG:setData: Setting CH3Br_emissions[2352]=0
Tue Mar 21 15:37:29 2023:DEBUG:setData: Setting CH3Br_emissions[2353]=0
Tue Mar 21 15:37:29 2023:DEBUG:setData: Setting CH3Br_emissions[2354]=0
Tue Mar 21 15:37:29 2023:DEBUG:setData: Setting CH3Br_emissions[2355]=0
Tue Mar 21 15:37:29 2023:DEBUG:setData: Setting CH3Br_emissions[2356]=0
Tue Mar 21 15:37:29 2023:DEBUG:setData: Setting CH3Br_emissions[2357]=0
Tue Mar 21 15:37:29 2023:DEBUG:setData: Setting CH3Br_emissions[2358]=0
Tue Mar 21 15:37:29 2023:DEBUG:setData: Setting CH3Br_emissions[2359]=0
Tue Mar 21 15:37:29 2023:DEBUG:setData: Setting CH3Br_emissions[2360]=0
Tue Mar 21 15:37:29 2023:DEBUG:setData: Setting CH3Br_emissions[2361]=0
Tue Mar 21 15:37:29 2023:DEBUG:setData: Setting CH3Br_emissions[2362]=0
Tue Mar 21 15:37:29 2023:DEBUG:setData: Setting CH3Br_emissions[2363]=0
Tue Mar 21 15:37:29 2023:DEBUG:setData: Setting CH3Br_emissions[2364]=0
Tue Mar 21 15:37:29 2023:DEBUG:setData: Setting CH3Br_emissions[2365]=0
Tue Mar 21 15:37:29 2023:DEBUG:setData: Setting CH3Br_emissions[2366]=0
Tue Mar 21 15:37:29 2023:DEBUG:setData: Setting CH3Br_emissions[2367]=0
Tue Mar 21 15:37:29 2023:DEBUG:setData: Setting CH3Br_emissions[2368]=0
Tue Mar 21 15:37:29 2023:DEBUG:setData: Setting CH3Br_emissions[2369]=0
Tue Mar 21 15:37:29 2023:DEBUG:setData: Setting CH3Br_emissions[2370]=0
Tue Mar 21 15:37:29 2023:DEBUG:setData: Setting CH3Br_emissions[2371]=0
Tue Mar 21 15:37:29 2023:DEBUG:setData: Setting CH3Br_emissions[2372]=0
Tue Mar 21 15:37:29 2023:DEBUG:setData: Setting CH3Br_emissions[2373]=0
Tue Mar 21 15:37:29 2023:DEBUG:setData: Setting CH3Br_emissions[2374]=0
Tue Mar 21 15:37:29 2023:DEBUG:setData: Setting CH3Br_emissions[2375]=0
Tue Mar 21 15:37:29 2023:DEBUG:setData: Setting CH3Br_emissions[2376]=0
Tue Mar 21 15:37:29 2023:DEBUG:setData: Setting CH3Br_emissions[2377]=0
Tue Mar 21 15:37:29 2023:DEBUG:setData: Setting CH3Br_emissions[2378]=0
Tue Mar 21 15:37:29 2023:DEBUG:setData: Setting CH3Br_emissions[2379]=0
Tue Mar 21 15:37:29 2023:DEBUG:setData: Setting CH3Br_emissions[2380]=0
Tue Mar 21 15:37:29 2023:DEBUG:setData: Setting CH3Br_emissions[2381]=0
Tue Mar 21 15:37:29 2023:DEBUG:setData: Setting CH3Br_emissions[2382]=0
Tue Mar 21 15:37:29 2023:DEBUG:setData: Setting CH3Br_emissions[2383]=0
Tue Mar 21 15:37:29 2023:DEBUG:setData: Setting CH3Br_emissions[2384]=0
Tue Mar 21 15:37:29 2023:DEBUG:setData: Setting CH3Br_emissions[2385]=0
Tue Mar 21 15:37:29 2023:DEBUG:setData: Setting CH3Br_emissions[2386]=0
Tue Mar 21 15:37:29 2023:DEBUG:setData: Setting CH3Br_emissions[2387]=0
Tue Mar 21 15:37:29 2023:DEBUG:setData: Setting CH3Br_emissions[2388]=0
Tue Mar 21 15:37:29 2023:DEBUG:setData: Setting CH3Br_emissions[2389]=0
Tue Mar 21 15:37:29 2023:DEBUG:setData: Setting CH3Br_emissions[2390]=0
Tue Mar 21 15:37:29 2023:DEBUG:setData: Setting CH3Br_emissions[2391]=0
Tue Mar 21 15:37:29 2023:DEBUG:setData: Setting CH3Br_emissions[2392]=0
Tue Mar 21 15:37:29 2023:DEBUG:setData: Setting CH3Br_emissions[2393]=0
Tue Mar 21 15:37:29 2023:DEBUG:setData: Setting CH3Br_emissions[2394]=0
Tue Mar 21 15:37:29 2023:DEBUG:setData: Setting CH3Br_emissions[2395]=0
Tue Mar 21 15:37:29 2023:DEBUG:setData: Setting CH3Br_emissions[2396]=0
Tue Mar 21 15:37:29 2023:DEBUG:setData: Setting CH3Br_emissions[2397]=0
Tue Mar 21 15:37:29 2023:DEBUG:setData: Setting CH3Br_emissions[2398]=0
Tue Mar 21 15:37:29 2023:DEBUG:setData: Setting CH3Br_emissions[2399]=0
Tue Mar 21 15:37:29 2023:DEBUG:setData: Setting CH3Br_emissions[2400]=0
Tue Mar 21 15:37:29 2023:DEBUG:setData: Setting CH3Br_emissions[2401]=0
Tue Mar 21 15:37:29 2023:DEBUG:setData: Setting CH3Br_emissions[2402]=0
Tue Mar 21 15:37:29 2023:DEBUG:setData: Setting CH3Br_emissions[2403]=0
Tue Mar 21 15:37:29 2023:DEBUG:setData: Setting CH3Br_emissions[2404]=0
Tue Mar 21 15:37:29 2023:DEBUG:setData: Setting CH3Br_emissions[2405]=0
Tue Mar 21 15:37:29 2023:DEBUG:setData: Setting CH3Br_emissions[2406]=0
Tue Mar 21 15:37:29 2023:DEBUG:setData: Setting CH3Br_emissions[2407]=0
Tue Mar 21 15:37:29 2023:DEBUG:setData: Setting CH3Br_emissions[2408]=0
Tue Mar 21 15:37:29 2023:DEBUG:setData: Setting CH3Br_emissions[2409]=0
Tue Mar 21 15:37:29 2023:DEBUG:setData: Setting CH3Br_emissions[2410]=0
Tue Mar 21 15:37:29 2023:DEBUG:setData: Setting CH3Br_emissions[2411]=0
Tue Mar 21 15:37:29 2023:DEBUG:setData: Setting CH3Br_emissions[2412]=0
Tue Mar 21 15:37:29 2023:DEBUG:setData: Setting CH3Br_emissions[2413]=0
Tue Mar 21 15:37:29 2023:DEBUG:setData: Setting CH3Br_emissions[2414]=0
Tue Mar 21 15:37:29 2023:DEBUG:setData: Setting CH3Br_emissions[2415]=0
Tue Mar 21 15:37:29 2023:DEBUG:setData: Setting CH3Br_emissions[2416]=0
Tue Mar 21 15:37:29 2023:DEBUG:setData: Setting CH3Br_emissions[2417]=0
Tue Mar 21 15:37:29 2023:DEBUG:setData: Setting CH3Br_emissions[2418]=0
Tue Mar 21 15:37:29 2023:DEBUG:setData: Setting CH3Br_emissions[2419]=0
Tue Mar 21 15:37:29 2023:DEBUG:setData: Setting CH3Br_emissions[2420]=0
Tue Mar 21 15:37:29 2023:DEBUG:setData: Setting CH3Br_emissions[2421]=0
Tue Mar 21 15:37:29 2023:DEBUG:setData: Setting CH3Br_emissions[2422]=0
Tue Mar 21 15:37:29 2023:DEBUG:setData: Setting CH3Br_emissions[2423]=0
Tue Mar 21 15:37:29 2023:DEBUG:setData: Setting CH3Br_emissions[2424]=0
Tue Mar 21 15:37:29 2023:DEBUG:setData: Setting CH3Br_emissions[2425]=0
Tue Mar 21 15:37:29 2023:DEBUG:setData: Setting CH3Br_emissions[2426]=0
Tue Mar 21 15:37:29 2023:DEBUG:setData: Setting CH3Br_emissions[2427]=0
Tue Mar 21 15:37:29 2023:DEBUG:setData: Setting CH3Br_emissions[2428]=0
Tue Mar 21 15:37:29 2023:DEBUG:setData: Setting CH3Br_emissions[2429]=0
Tue Mar 21 15:37:29 2023:DEBUG:setData: Setting CH3Br_emissions[2430]=0
Tue Mar 21 15:37:29 2023:DEBUG:setData: Setting CH3Br_emissions[2431]=0
Tue Mar 21 15:37:29 2023:DEBUG:setData: Setting CH3Br_emissions[2432]=0
Tue Mar 21 15:37:29 2023:DEBUG:setData: Setting CH3Br_emissions[2433]=0
Tue Mar 21 15:37:29 2023:DEBUG:setData: Setting CH3Br_emissions[2434]=0
Tue Mar 21 15:37:29 2023:DEBUG:setData: Setting CH3Br_emissions[2435]=0
Tue Mar 21 15:37:29 2023:DEBUG:setData: Setting CH3Br_emissions[2436]=0
Tue Mar 21 15:37:29 2023:DEBUG:setData: Setting CH3Br_emissions[2437]=0
Tue Mar 21 15:37:29 2023:DEBUG:setData: Setting CH3Br_emissions[2438]=0
Tue Mar 21 15:37:29 2023:DEBUG:setData: Setting CH3Br_emissions[2439]=0
Tue Mar 21 15:37:29 2023:DEBUG:setData: Setting CH3Br_emissions[2440]=0
Tue Mar 21 15:37:29 2023:DEBUG:setData: Setting CH3Br_emissions[2441]=0
Tue Mar 21 15:37:29 2023:DEBUG:setData: Setting CH3Br_emissions[2442]=0
Tue Mar 21 15:37:29 2023:DEBUG:setData: Setting CH3Br_emissions[2443]=0
Tue Mar 21 15:37:29 2023:DEBUG:setData: Setting CH3Br_emissions[2444]=0
Tue Mar 21 15:37:29 2023:DEBUG:setData: Setting CH3Br_emissions[2445]=0
Tue Mar 21 15:37:29 2023:DEBUG:setData: Setting CH3Br_emissions[2446]=0
Tue Mar 21 15:37:29 2023:DEBUG:setData: Setting CH3Br_emissions[2447]=0
Tue Mar 21 15:37:29 2023:DEBUG:setData: Setting CH3Br_emissions[2448]=0
Tue Mar 21 15:37:29 2023:DEBUG:setData: Setting CH3Br_emissions[2449]=0
Tue Mar 21 15:37:29 2023:DEBUG:setData: Setting CH3Br_emissions[2450]=0
Tue Mar 21 15:37:29 2023:DEBUG:setData: Setting CH3Br_emissions[2451]=0
Tue Mar 21 15:37:29 2023:DEBUG:setData: Setting CH3Br_emissions[2452]=0
Tue Mar 21 15:37:29 2023:DEBUG:setData: Setting CH3Br_emissions[2453]=0
Tue Mar 21 15:37:29 2023:DEBUG:setData: Setting CH3Br_emissions[2454]=0
Tue Mar 21 15:37:29 2023:DEBUG:setData: Setting CH3Br_emissions[2455]=0
Tue Mar 21 15:37:29 2023:DEBUG:setData: Setting CH3Br_emissions[2456]=0
Tue Mar 21 15:37:29 2023:DEBUG:setData: Setting CH3Br_emissions[2457]=0
Tue Mar 21 15:37:29 2023:DEBUG:setData: Setting CH3Br_emissions[2458]=0
Tue Mar 21 15:37:29 2023:DEBUG:setData: Setting CH3Br_emissions[2459]=0
Tue Mar 21 15:37:29 2023:DEBUG:setData: Setting CH3Br_emissions[2460]=0
Tue Mar 21 15:37:29 2023:DEBUG:setData: Setting CH3Br_emissions[2461]=0
Tue Mar 21 15:37:29 2023:DEBUG:setData: Setting CH3Br_emissions[2462]=0
Tue Mar 21 15:37:29 2023:DEBUG:setData: Setting CH3Br_emissions[2463]=0
Tue Mar 21 15:37:29 2023:DEBUG:setData: Setting CH3Br_emissions[2464]=0
Tue Mar 21 15:37:29 2023:DEBUG:setData: Setting CH3Br_emissions[2465]=0
Tue Mar 21 15:37:29 2023:DEBUG:setData: Setting CH3Br_emissions[2466]=0
Tue Mar 21 15:37:29 2023:DEBUG:setData: Setting CH3Br_emissions[2467]=0
Tue Mar 21 15:37:29 2023:DEBUG:setData: Setting CH3Br_emissions[2468]=0
Tue Mar 21 15:37:29 2023:DEBUG:setData: Setting CH3Br_emissions[2469]=0
Tue Mar 21 15:37:29 2023:DEBUG:setData: Setting CH3Br_emissions[2470]=0
Tue Mar 21 15:37:29 2023:DEBUG:setData: Setting CH3Br_emissions[2471]=0
Tue Mar 21 15:37:29 2023:DEBUG:setData: Setting CH3Br_emissions[2472]=0
Tue Mar 21 15:37:29 2023:DEBUG:setData: Setting CH3Br_emissions[2473]=0
Tue Mar 21 15:37:29 2023:DEBUG:setData: Setting CH3Br_emissions[2474]=0
Tue Mar 21 15:37:29 2023:DEBUG:setData: Setting CH3Br_emissions[2475]=0
Tue Mar 21 15:37:29 2023:DEBUG:setData: Setting CH3Br_emissions[2476]=0
Tue Mar 21 15:37:29 2023:DEBUG:setData: Setting CH3Br_emissions[2477]=0
Tue Mar 21 15:37:29 2023:DEBUG:setData: Setting CH3Br_emissions[2478]=0
Tue Mar 21 15:37:29 2023:DEBUG:setData: Setting CH3Br_emissions[2479]=0
Tue Mar 21 15:37:29 2023:DEBUG:setData: Setting CH3Br_emissions[2480]=0
Tue Mar 21 15:37:29 2023:DEBUG:setData: Setting CH3Br_emissions[2481]=0
Tue Mar 21 15:37:29 2023:DEBUG:setData: Setting CH3Br_emissions[2482]=0
Tue Mar 21 15:37:29 2023:DEBUG:setData: Setting CH3Br_emissions[2483]=0
Tue Mar 21 15:37:29 2023:DEBUG:setData: Setting CH3Br_emissions[2484]=0
Tue Mar 21 15:37:29 2023:DEBUG:setData: Setting CH3Br_emissions[2485]=0
Tue Mar 21 15:37:29 2023:DEBUG:setData: Setting CH3Br_emissions[2486]=0
Tue Mar 21 15:37:29 2023:DEBUG:setData: Setting CH3Br_emissions[2487]=0
Tue Mar 21 15:37:29 2023:DEBUG:setData: Setting CH3Br_emissions[2488]=0
Tue Mar 21 15:37:29 2023:DEBUG:setData: Setting CH3Br_emissions[2489]=0
Tue Mar 21 15:37:29 2023:DEBUG:setData: Setting CH3Br_emissions[2490]=0
Tue Mar 21 15:37:29 2023:DEBUG:setData: Setting CH3Br_emissions[2491]=0
Tue Mar 21 15:37:29 2023:DEBUG:setData: Setting CH3Br_emissions[2492]=0
Tue Mar 21 15:37:29 2023:DEBUG:setData: Setting CH3Br_emissions[2493]=0
Tue Mar 21 15:37:29 2023:DEBUG:setData: Setting CH3Br_emissions[2494]=0
Tue Mar 21 15:37:29 2023:DEBUG:setData: Setting CH3Br_emissions[2495]=0
Tue Mar 21 15:37:29 2023:DEBUG:setData: Setting CH3Br_emissions[2496]=0
Tue Mar 21 15:37:29 2023:DEBUG:setData: Setting CH3Br_emissions[2497]=0
Tue Mar 21 15:37:29 2023:DEBUG:setData: Setting CH3Br_emissions[2498]=0
Tue Mar 21 15:37:29 2023:DEBUG:setData: Setting CH3Br_emissions[2499]=0
Tue Mar 21 15:37:29 2023:DEBUG:setData: Setting CH3Br_emissions[2500]=0
Tue Mar 21 15:37:29 2023:DEBUG:setData: Setting molarMass[-1]=94.9
Tue Mar 21 15:37:29 2023:DEBUG:prepareToRun: prepareToRun 
Tue Mar 21 15:37:30 2023:DEBUG:run: date: 1746 concentration: 4.66386 pptv
Tue Mar 21 15:37:30 2023:DEBUG:run: date: 1747 concentration: 4.39158 pptv
Tue Mar 21 15:37:30 2023:DEBUG:run: date: 1748 concentration: 4.32633 pptv
Tue Mar 21 15:37:30 2023:DEBUG:run: date: 1749 concentration: 4.31069 pptv
Tue Mar 21 15:37:30 2023:DEBUG:run: date: 1750 concentration: 4.30694 pptv
Tue Mar 21 15:37:30 2023:DEBUG:run: date: 1751 concentration: 4.30605 pptv
Tue Mar 21 15:37:30 2023:DEBUG:run: date: 1752 concentration: 4.30583 pptv
Tue Mar 21 15:37:30 2023:DEBUG:run: date: 1753 concentration: 4.30578 pptv
Tue Mar 21 15:37:30 2023:DEBUG:run: date: 1754 concentration: 4.30577 pptv
Tue Mar 21 15:37:30 2023:DEBUG:run: date: 1755 concentration: 4.30576 pptv
Tue Mar 21 15:37:30 2023:DEBUG:run: date: 1756 concentration: 4.30576 pptv
Tue Mar 21 15:37:30 2023:DEBUG:run: date: 1757 concentration: 4.30576 pptv
Tue Mar 21 15:37:30 2023:DEBUG:run: date: 1758 concentration: 4.30576 pptv
Tue Mar 21 15:37:30 2023:DEBUG:run: date: 1759 concentration: 4.30576 pptv
Tue Mar 21 15:37:30 2023:DEBUG:run: date: 1760 concentration: 4.30576 pptv
Tue Mar 21 15:37:30 2023:DEBUG:run: date: 1761 concentration: 4.30576 pptv
Tue Mar 21 15:37:30 2023:DEBUG:run: date: 1762 concentration: 4.30576 pptv
Tue Mar 21 15:37:30 2023:DEBUG:run: date: 1763 concentration: 4.30576 pptv
Tue Mar 21 15:37:30 2023:DEBUG:run: date: 1764 concentration: 4.30576 pptv
Tue Mar 21 15:37:30 2023:DEBUG:run: date: 1765 concentration: 4.30576 pptv
Tue Mar 21 15:37:30 2023:DEBUG:run: date: 1766 concentration: 4.30591 pptv
Tue Mar 21 15:37:30 2023:DEBUG:run: date: 1767 concentration: 4.30619 pptv
Tue Mar 21 15:37:30 2023:DEBUG:run: date: 1768 concentration: 4.30505 pptv
Tue Mar 21 15:37:30 2023:DEBUG:run: date: 1769 concentration: 4.30571 pptv
Tue Mar 21 15:37:30 2023:DEBUG:run: date: 1770 concentration: 4.30489 pptv
Tue Mar 21 15:37:30 2023:DEBUG:run: date: 1771 concentration: 4.30553 pptv
Tue Mar 21 15:37:30 2023:DEBUG:run: date: 1772 concentration: 4.30621 pptv
Tue Mar 21 15:37:30 2023:DEBUG:run: date: 1773 concentration: 4.30576 pptv
Tue Mar 21 15:37:30 2023:DEBUG:run: date: 1774 concentration: 4.30432 pptv
Tue Mar 21 15:37:30 2023:DEBUG:run: date: 1775 concentration: 4.30478 pptv
Tue Mar 21 15:37:30 2023:DEBUG:run: date: 1776 concentration: 4.30448 pptv
Tue Mar 21 15:37:30 2023:DEBUG:run: date: 1777 concentration: 4.30483 pptv
Tue Mar 21 15:37:30 2023:DEBUG:run: date: 1778 concentration: 4.30466 pptv
Tue Mar 21 15:37:30 2023:DEBUG:run: date: 1779 concentration: 4.30438 pptv
Tue Mar 21 15:37:30 2023:DEBUG:run: date: 1780 concentration: 4.30279 pptv
Tue Mar 21 15:37:30 2023:DEBUG:run: date: 1781 concentration: 4.3041 pptv
Tue Mar 21 15:37:30 2023:DEBUG:run: date: 1782 concentration: 4.30407 pptv
Tue Mar 21 15:37:30 2023:DEBUG:run: date: 1783 concentration: 4.30444 pptv
Tue Mar 21 15:37:30 2023:DEBUG:run: date: 1784 concentration: 4.3049 pptv
Tue Mar 21 15:37:30 2023:DEBUG:run: date: 1785 concentration: 4.30416 pptv
Tue Mar 21 15:37:30 2023:DEBUG:run: date: 1786 concentration: 4.30394 pptv
Tue Mar 21 15:37:30 2023:DEBUG:run: date: 1787 concentration: 4.30412 pptv
Tue Mar 21 15:37:30 2023:DEBUG:run: date: 1788 concentration: 4.30285 pptv
Tue Mar 21 15:37:30 2023:DEBUG:run: date: 1789 concentration: 4.30355 pptv
Tue Mar 21 15:37:30 2023:DEBUG:run: date: 1790 concentration: 4.30269 pptv
Tue Mar 21 15:37:30 2023:DEBUG:run: date: 1791 concentration: 4.30342 pptv
Tue Mar 21 15:37:30 2023:DEBUG:run: date: 1792 concentration: 4.30432 pptv
Tue Mar 21 15:37:30 2023:DEBUG:run: date: 1793 concentration: 4.30396 pptv
Tue Mar 21 15:37:30 2023:DEBUG:run: date: 1794 concentration: 4.30256 pptv
Tue Mar 21 15:37:30 2023:DEBUG:run: date: 1795 concentration: 4.30307 pptv
Tue Mar 21 15:37:30 2023:DEBUG:run: date: 1796 concentration: 4.30284 pptv
Tue Mar 21 15:37:30 2023:DEBUG:run: date: 1797 concentration: 4.3033 pptv
Tue Mar 21 15:37:30 2023:DEBUG:run: date: 1798 concentration: 4.30315 pptv
Tue Mar 21 15:37:30 2023:DEBUG:run: date: 1799 concentration: 4.30257 pptv
Tue Mar 21 15:37:30 2023:DEBUG:run: date: 1800 concentration: 4.30143 pptv
Tue Mar 21 15:37:30 2023:DEBUG:run: date: 1801 concentration: 4.3028 pptv
Tue Mar 21 15:37:30 2023:DEBUG:run: date: 1802 concentration: 4.30261 pptv
Tue Mar 21 15:37:30 2023:DEBUG:run: date: 1803 concentration: 4.30307 pptv
Tue Mar 21 15:37:30 2023:DEBUG:run: date: 1804 concentration: 4.30322 pptv
Tue Mar 21 15:37:30 2023:DEBUG:run: date: 1805 concentration: 4.30256 pptv
Tue Mar 21 15:37:30 2023:DEBUG:run: date: 1806 concentration: 4.30217 pptv
Tue Mar 21 15:37:30 2023:DEBUG:run: date: 1807 concentration: 4.30245 pptv
Tue Mar 21 15:37:30 2023:DEBUG:run: date: 1808 concentration: 4.3012 pptv
Tue Mar 21 15:37:30 2023:DEBUG:run: date: 1809 concentration: 4.30174 pptv
Tue Mar 21 15:37:30 2023:DEBUG:run: date: 1810 concentration: 4.30065 pptv
Tue Mar 21 15:37:30 2023:DEBUG:run: date: 1811 concentration: 4.3013 pptv
Tue Mar 21 15:37:30 2023:DEBUG:run: date: 1812 concentration: 4.30212 pptv
Tue Mar 21 15:37:30 2023:DEBUG:run: date: 1813 concentration: 4.30168 pptv
Tue Mar 21 15:37:30 2023:DEBUG:run: date: 1814 concentration: 4.30061 pptv
Tue Mar 21 15:37:30 2023:DEBUG:run: date: 1815 concentration: 4.30068 pptv
Tue Mar 21 15:37:30 2023:DEBUG:run: date: 1816 concentration: 4.30025 pptv
Tue Mar 21 15:37:30 2023:DEBUG:run: date: 1817 concentration: 4.30072 pptv
Tue Mar 21 15:37:30 2023:DEBUG:run: date: 1818 concentration: 4.30042 pptv
Tue Mar 21 15:37:30 2023:DEBUG:run: date: 1819 concentration: 4.29979 pptv
Tue Mar 21 15:37:30 2023:DEBUG:run: date: 1820 concentration: 4.2986 pptv
Tue Mar 21 15:37:30 2023:DEBUG:run: date: 1821 concentration: 4.29987 pptv
Tue Mar 21 15:37:30 2023:DEBUG:run: date: 1822 concentration: 4.29962 pptv
Tue Mar 21 15:37:30 2023:DEBUG:run: date: 1823 concentration: 4.30018 pptv
Tue Mar 21 15:37:30 2023:DEBUG:run: date: 1824 concentration: 4.3001 pptv
Tue Mar 21 15:37:30 2023:DEBUG:run: date: 1825 concentration: 4.29953 pptv
Tue Mar 21 15:37:30 2023:DEBUG:run: date: 1826 concentration: 4.29914 pptv
Tue Mar 21 15:37:30 2023:DEBUG:run: date: 1827 concentration: 4.29926 pptv
Tue Mar 21 15:37:30 2023:DEBUG:run: date: 1828 concentration: 4.29795 pptv
Tue Mar 21 15:37:30 2023:DEBUG:run: date: 1829 concentration: 4.29851 pptv
Tue Mar 21 15:37:30 2023:DEBUG:run: date: 1830 concentration: 4.2976 pptv
Tue Mar 21 15:37:30 2023:DEBUG:run: date: 1831 concentration: 4.29816 pptv
Tue Mar 21 15:37:30 2023:DEBUG:run: date: 1832 concentration: 4.29884 pptv
Tue Mar 21 15:37:30 2023:DEBUG:run: date: 1833 concentration: 4.29846 pptv
Tue Mar 21 15:37:30 2023:DEBUG:run: date: 1834 concentration: 4.29719 pptv
Tue Mar 21 15:37:30 2023:DEBUG:run: date: 1835 concentration: 4.29738 pptv
Tue Mar 21 15:37:30 2023:DEBUG:run: date: 1836 concentration: 4.29678 pptv
Tue Mar 21 15:37:30 2023:DEBUG:run: date: 1837 concentration: 4.29727 pptv
Tue Mar 21 15:37:30 2023:DEBUG:run: date: 1838 concentration: 4.29695 pptv
Tue Mar 21 15:37:30 2023:DEBUG:run: date: 1839 concentration: 4.29633 pptv
Tue Mar 21 15:37:30 2023:DEBUG:run: date: 1840 concentration: 4.29523 pptv
Tue Mar 21 15:37:30 2023:DEBUG:run: date: 1841 concentration: 4.29623 pptv
Tue Mar 21 15:37:30 2023:DEBUG:run: date: 1842 concentration: 4.29623 pptv
Tue Mar 21 15:37:30 2023:DEBUG:run: date: 1843 concentration: 4.29676 pptv
Tue Mar 21 15:37:30 2023:DEBUG:run: date: 1844 concentration: 4.2967 pptv
Tue Mar 21 15:37:30 2023:DEBUG:run: date: 1845 concentration: 4.2961 pptv
Tue Mar 21 15:37:30 2023:DEBUG:run: date: 1846 concentration: 4.2957 pptv
Tue Mar 21 15:37:30 2023:DEBUG:run: date: 1847 concentration: 4.29571 pptv
Tue Mar 21 15:37:30 2023:DEBUG:run: date: 1848 concentration: 4.29448 pptv
Tue Mar 21 15:37:30 2023:DEBUG:run: date: 1849 concentration: 4.29508 pptv
Tue Mar 21 15:37:30 2023:DEBUG:run: date: 1850 concentration: 4.29884 pptv
Tue Mar 21 15:37:30 2023:DEBUG:run: date: 1851 concentration: 4.30073 pptv
Tue Mar 21 15:37:30 2023:DEBUG:run: date: 1852 concentration: 4.30172 pptv
Tue Mar 21 15:37:30 2023:DEBUG:run: date: 1853 concentration: 4.30157 pptv
Tue Mar 21 15:37:30 2023:DEBUG:run: date: 1854 concentration: 4.30007 pptv
Tue Mar 21 15:37:30 2023:DEBUG:run: date: 1855 concentration: 4.30059 pptv
Tue Mar 21 15:37:30 2023:DEBUG:run: date: 1856 concentration: 4.30003 pptv
Tue Mar 21 15:37:30 2023:DEBUG:run: date: 1857 concentration: 4.30055 pptv
Tue Mar 21 15:37:30 2023:DEBUG:run: date: 1858 concentration: 4.30037 pptv
Tue Mar 21 15:37:30 2023:DEBUG:run: date: 1859 concentration: 4.29953 pptv
Tue Mar 21 15:37:30 2023:DEBUG:run: date: 1860 concentration: 4.29861 pptv
Tue Mar 21 15:37:30 2023:DEBUG:run: date: 1861 concentration: 4.29999 pptv
Tue Mar 21 15:37:30 2023:DEBUG:run: date: 1862 concentration: 4.30002 pptv
Tue Mar 21 15:37:30 2023:DEBUG:run: date: 1863 concentration: 4.30058 pptv
Tue Mar 21 15:37:30 2023:DEBUG:run: date: 1864 concentration: 4.30053 pptv
Tue Mar 21 15:37:30 2023:DEBUG:run: date: 1865 concentration: 4.30006 pptv
Tue Mar 21 15:37:30 2023:DEBUG:run: date: 1866 concentration: 4.29976 pptv
Tue Mar 21 15:37:30 2023:DEBUG:run: date: 1867 concentration: 4.2999 pptv
Tue Mar 21 15:37:30 2023:DEBUG:run: date: 1868 concentration: 4.29872 pptv
Tue Mar 21 15:37:30 2023:DEBUG:run: date: 1869 concentration: 4.29963 pptv
Tue Mar 21 15:37:30 2023:DEBUG:run: date: 1870 concentration: 4.29869 pptv
Tue Mar 21 15:37:30 2023:DEBUG:run: date: 1871 concentration: 4.29957 pptv
Tue Mar 21 15:37:30 2023:DEBUG:run: date: 1872 concentration: 4.30047 pptv
Tue Mar 21 15:37:30 2023:DEBUG:run: date: 1873 concentration: 4.30011 pptv
Tue Mar 21 15:37:30 2023:DEBUG:run: date: 1874 concentration: 4.29855 pptv
Tue Mar 21 15:37:30 2023:DEBUG:run: date: 1875 concentration: 4.29961 pptv
Tue Mar 21 15:37:30 2023:DEBUG:run: date: 1876 concentration: 4.29896 pptv
Tue Mar 21 15:37:30 2023:DEBUG:run: date: 1877 concentration: 4.29962 pptv
Tue Mar 21 15:37:30 2023:DEBUG:run: date: 1878 concentration: 4.29967 pptv
Tue Mar 21 15:37:30 2023:DEBUG:run: date: 1879 concentration: 4.2983 pptv
Tue Mar 21 15:37:30 2023:DEBUG:run: date: 1880 concentration: 4.29802 pptv
Tue Mar 21 15:37:30 2023:DEBUG:run: date: 1881 concentration: 4.29943 pptv
Tue Mar 21 15:37:30 2023:DEBUG:run: date: 1882 concentration: 4.29972 pptv
Tue Mar 21 15:37:30 2023:DEBUG:run: date: 1883 concentration: 4.30077 pptv
Tue Mar 21 15:37:30 2023:DEBUG:run: date: 1884 concentration: 4.30028 pptv
Tue Mar 21 15:37:30 2023:DEBUG:run: date: 1885 concentration: 4.30024 pptv
Tue Mar 21 15:37:30 2023:DEBUG:run: date: 1886 concentration: 4.30016 pptv
Tue Mar 21 15:37:30 2023:DEBUG:run: date: 1887 concentration: 4.30056 pptv
Tue Mar 21 15:37:30 2023:DEBUG:run: date: 1888 concentration: 4.29958 pptv
Tue Mar 21 15:37:30 2023:DEBUG:run: date: 1889 concentration: 4.30073 pptv
Tue Mar 21 15:37:30 2023:DEBUG:run: date: 1890 concentration: 4.30016 pptv
Tue Mar 21 15:37:30 2023:DEBUG:run: date: 1891 concentration: 4.30132 pptv
Tue Mar 21 15:37:30 2023:DEBUG:run: date: 1892 concentration: 4.30214 pptv
Tue Mar 21 15:37:30 2023:DEBUG:run: date: 1893 concentration: 4.302 pptv
Tue Mar 21 15:37:30 2023:DEBUG:run: date: 1894 concentration: 4.30044 pptv
Tue Mar 21 15:37:30 2023:DEBUG:run: date: 1895 concentration: 4.3012 pptv
Tue Mar 21 15:37:30 2023:DEBUG:run: date: 1896 concentration: 4.30139 pptv
Tue Mar 21 15:37:30 2023:DEBUG:run: date: 1897 concentration: 4.30235 pptv
Tue Mar 21 15:37:31 2023:DEBUG:run: date: 1898 concentration: 4.30314 pptv
Tue Mar 21 15:37:31 2023:DEBUG:run: date: 1899 concentration: 4.30213 pptv
Tue Mar 21 15:37:31 2023:DEBUG:run: date: 1900 concentration: 4.30215 pptv
Tue Mar 21 15:37:31 2023:DEBUG:run: date: 1901 concentration: 4.30391 pptv
Tue Mar 21 15:37:31 2023:DEBUG:run: date: 1902 concentration: 4.30457 pptv
Tue Mar 21 15:37:31 2023:DEBUG:run: date: 1903 concentration: 4.30618 pptv
Tue Mar 21 15:37:31 2023:DEBUG:run: date: 1904 concentration: 4.30607 pptv
Tue Mar 21 15:37:31 2023:DEBUG:run: date: 1905 concentration: 4.30634 pptv
Tue Mar 21 15:37:31 2023:DEBUG:run: date: 1906 concentration: 4.30695 pptv
Tue Mar 21 15:37:31 2023:DEBUG:run: date: 1907 concentration: 4.30833 pptv
Tue Mar 21 15:37:31 2023:DEBUG:run: date: 1908 concentration: 4.30797 pptv
Tue Mar 21 15:37:31 2023:DEBUG:run: date: 1909 concentration: 4.30917 pptv
Tue Mar 21 15:37:31 2023:DEBUG:run: date: 1910 concentration: 4.30881 pptv
Tue Mar 21 15:37:31 2023:DEBUG:run: date: 1911 concentration: 4.31052 pptv
Tue Mar 21 15:37:31 2023:DEBUG:run: date: 1912 concentration: 4.31194 pptv
Tue Mar 21 15:37:31 2023:DEBUG:run: date: 1913 concentration: 4.3129 pptv
Tue Mar 21 15:37:31 2023:DEBUG:run: date: 1914 concentration: 4.31139 pptv
Tue Mar 21 15:37:31 2023:DEBUG:run: date: 1915 concentration: 4.3133 pptv
Tue Mar 21 15:37:31 2023:DEBUG:run: date: 1916 concentration: 4.3146 pptv
Tue Mar 21 15:37:31 2023:DEBUG:run: date: 1917 concentration: 4.31722 pptv
Tue Mar 21 15:37:31 2023:DEBUG:run: date: 1918 concentration: 4.31786 pptv
Tue Mar 21 15:37:31 2023:DEBUG:run: date: 1919 concentration: 4.31687 pptv
Tue Mar 21 15:37:31 2023:DEBUG:run: date: 1920 concentration: 4.31867 pptv
Tue Mar 21 15:37:31 2023:DEBUG:run: date: 1921 concentration: 4.31997 pptv
Tue Mar 21 15:37:31 2023:DEBUG:run: date: 1922 concentration: 4.32166 pptv
Tue Mar 21 15:37:31 2023:DEBUG:run: date: 1923 concentration: 4.32429 pptv
Tue Mar 21 15:37:31 2023:DEBUG:run: date: 1924 concentration: 4.32535 pptv
Tue Mar 21 15:37:31 2023:DEBUG:run: date: 1925 concentration: 4.32696 pptv
Tue Mar 21 15:37:31 2023:DEBUG:run: date: 1926 concentration: 4.32889 pptv
Tue Mar 21 15:37:31 2023:DEBUG:run: date: 1927 concentration: 4.32931 pptv
Tue Mar 21 15:37:31 2023:DEBUG:run: date: 1928 concentration: 4.32764 pptv
Tue Mar 21 15:37:31 2023:DEBUG:run: date: 1929 concentration: 4.32754 pptv
Tue Mar 21 15:37:31 2023:DEBUG:run: date: 1930 concentration: 4.33732 pptv
Tue Mar 21 15:37:31 2023:DEBUG:run: date: 1931 concentration: 4.36367 pptv
Tue Mar 21 15:37:31 2023:DEBUG:run: date: 1932 concentration: 4.39271 pptv
Tue Mar 21 15:37:31 2023:DEBUG:run: date: 1933 concentration: 4.42084 pptv
Tue Mar 21 15:37:31 2023:DEBUG:run: date: 1934 concentration: 4.45296 pptv
Tue Mar 21 15:37:31 2023:DEBUG:run: date: 1935 concentration: 4.48522 pptv
Tue Mar 21 15:37:31 2023:DEBUG:run: date: 1936 concentration: 4.51997 pptv
Tue Mar 21 15:37:31 2023:DEBUG:run: date: 1937 concentration: 4.55307 pptv
Tue Mar 21 15:37:31 2023:DEBUG:run: date: 1938 concentration: 4.58274 pptv
Tue Mar 21 15:37:31 2023:DEBUG:run: date: 1939 concentration: 4.61382 pptv
Tue Mar 21 15:37:31 2023:DEBUG:run: date: 1940 concentration: 4.64996 pptv
Tue Mar 21 15:37:31 2023:DEBUG:run: date: 1941 concentration: 4.68334 pptv
Tue Mar 21 15:37:31 2023:DEBUG:run: date: 1942 concentration: 4.71397 pptv
Tue Mar 21 15:37:31 2023:DEBUG:run: date: 1943 concentration: 4.74554 pptv
Tue Mar 21 15:37:31 2023:DEBUG:run: date: 1944 concentration: 4.77819 pptv
Tue Mar 21 15:37:31 2023:DEBUG:run: date: 1945 concentration: 4.80967 pptv
Tue Mar 21 15:37:31 2023:DEBUG:run: date: 1946 concentration: 4.84174 pptv
Tue Mar 21 15:37:31 2023:DEBUG:run: date: 1947 concentration: 4.87742 pptv
Tue Mar 21 15:37:31 2023:DEBUG:run: date: 1948 concentration: 4.91047 pptv
Tue Mar 21 15:37:31 2023:DEBUG:run: date: 1949 concentration: 4.93778 pptv
Tue Mar 21 15:37:31 2023:DEBUG:run: date: 1950 concentration: 4.97289 pptv
Tue Mar 21 15:37:31 2023:DEBUG:run: date: 1951 concentration: 5.0092 pptv
Tue Mar 21 15:37:31 2023:DEBUG:run: date: 1952 concentration: 5.04115 pptv
Tue Mar 21 15:37:31 2023:DEBUG:run: date: 1953 concentration: 5.07363 pptv
Tue Mar 21 15:37:31 2023:DEBUG:run: date: 1954 concentration: 5.10301 pptv
Tue Mar 21 15:37:31 2023:DEBUG:run: date: 1955 concentration: 5.14087 pptv
Tue Mar 21 15:37:31 2023:DEBUG:run: date: 1956 concentration: 5.17607 pptv
Tue Mar 21 15:37:31 2023:DEBUG:run: date: 1957 concentration: 5.21058 pptv
Tue Mar 21 15:37:31 2023:DEBUG:run: date: 1958 concentration: 5.25014 pptv
Tue Mar 21 15:37:31 2023:DEBUG:run: date: 1959 concentration: 5.29244 pptv
Tue Mar 21 15:37:31 2023:DEBUG:run: date: 1960 concentration: 5.33552 pptv
Tue Mar 21 15:37:31 2023:DEBUG:run: date: 1961 concentration: 5.36853 pptv
Tue Mar 21 15:37:31 2023:DEBUG:run: date: 1962 concentration: 5.41195 pptv
Tue Mar 21 15:37:31 2023:DEBUG:run: date: 1963 concentration: 5.44075 pptv
Tue Mar 21 15:37:31 2023:DEBUG:run: date: 1964 concentration: 5.48148 pptv
Tue Mar 21 15:37:31 2023:DEBUG:run: date: 1965 concentration: 5.52617 pptv
Tue Mar 21 15:37:31 2023:DEBUG:run: date: 1966 concentration: 5.57643 pptv
Tue Mar 21 15:37:31 2023:DEBUG:run: date: 1967 concentration: 5.62587 pptv
Tue Mar 21 15:37:31 2023:DEBUG:run: date: 1968 concentration: 5.68683 pptv
Tue Mar 21 15:37:31 2023:DEBUG:run: date: 1969 concentration: 5.72683 pptv
Tue Mar 21 15:37:31 2023:DEBUG:run: date: 1970 concentration: 5.78218 pptv
Tue Mar 21 15:37:31 2023:DEBUG:run: date: 1971 concentration: 5.84505 pptv
Tue Mar 21 15:37:31 2023:DEBUG:run: date: 1972 concentration: 5.90381 pptv
Tue Mar 21 15:37:31 2023:DEBUG:run: date: 1973 concentration: 5.98083 pptv
Tue Mar 21 15:37:31 2023:DEBUG:run: date: 1974 concentration: 6.0387 pptv
Tue Mar 21 15:37:31 2023:DEBUG:run: date: 1975 concentration: 6.08715 pptv
Tue Mar 21 15:37:31 2023:DEBUG:run: date: 1976 concentration: 6.13974 pptv
Tue Mar 21 15:37:31 2023:DEBUG:run: date: 1977 concentration: 6.20877 pptv
Tue Mar 21 15:37:31 2023:DEBUG:run: date: 1978 concentration: 6.28372 pptv
Tue Mar 21 15:37:31 2023:DEBUG:run: date: 1979 concentration: 6.35377 pptv
Tue Mar 21 15:37:31 2023:DEBUG:run: date: 1980 concentration: 6.41583 pptv
Tue Mar 21 15:37:31 2023:DEBUG:run: date: 1981 concentration: 6.4766 pptv
Tue Mar 21 15:37:31 2023:DEBUG:run: date: 1982 concentration: 6.51191 pptv
Tue Mar 21 15:37:31 2023:DEBUG:run: date: 1983 concentration: 6.54873 pptv
Tue Mar 21 15:37:31 2023:DEBUG:run: date: 1984 concentration: 6.62174 pptv
Tue Mar 21 15:37:31 2023:DEBUG:run: date: 1985 concentration: 6.71046 pptv
Tue Mar 21 15:37:31 2023:DEBUG:run: date: 1986 concentration: 6.7971 pptv
Tue Mar 21 15:37:31 2023:DEBUG:run: date: 1987 concentration: 6.88556 pptv
Tue Mar 21 15:37:31 2023:DEBUG:run: date: 1988 concentration: 6.99517 pptv
Tue Mar 21 15:37:31 2023:DEBUG:run: date: 1989 concentration: 7.10489 pptv
Tue Mar 21 15:37:31 2023:DEBUG:run: date: 1990 concentration: 7.198 pptv
Tue Mar 21 15:37:31 2023:DEBUG:run: date: 1991 concentration: 7.24951 pptv
Tue Mar 21 15:37:31 2023:DEBUG:run: date: 1992 concentration: 7.32539 pptv
Tue Mar 21 15:37:31 2023:DEBUG:run: date: 1993 concentration: 7.35667 pptv
Tue Mar 21 15:37:31 2023:DEBUG:run: date: 1994 concentration: 7.31042 pptv
Tue Mar 21 15:37:31 2023:DEBUG:run: date: 1995 concentration: 7.36452 pptv
Tue Mar 21 15:37:31 2023:DEBUG:run: date: 1996 concentration: 7.4807 pptv
Tue Mar 21 15:37:31 2023:DEBUG:run: date: 1997 concentration: 7.40587 pptv
Tue Mar 21 15:37:31 2023:DEBUG:run: date: 1998 concentration: 7.26204 pptv
Tue Mar 21 15:37:31 2023:DEBUG:run: date: 1999 concentration: 6.98667 pptv
Tue Mar 21 15:37:31 2023:DEBUG:run: date: 2000 concentration: 6.82353 pptv
Tue Mar 21 15:37:31 2023:DEBUG:run: date: 2001 concentration: 6.79503 pptv
Tue Mar 21 15:37:31 2023:DEBUG:run: date: 2002 concentration: 6.64928 pptv
Tue Mar 21 15:37:31 2023:DEBUG:run: date: 2003 concentration: 6.54543 pptv
Tue Mar 21 15:37:31 2023:DEBUG:run: date: 2004 concentration: 6.43604 pptv
Tue Mar 21 15:37:31 2023:DEBUG:run: date: 2005 concentration: 6.3446 pptv
Tue Mar 21 15:37:31 2023:DEBUG:run: date: 2006 concentration: 6.26946 pptv
Tue Mar 21 15:37:31 2023:DEBUG:run: date: 2007 concentration: 6.09174 pptv
Tue Mar 21 15:37:31 2023:DEBUG:run: date: 2008 concentration: 5.9614 pptv
Tue Mar 21 15:37:31 2023:DEBUG:run: date: 2009 concentration: 5.92299 pptv
Tue Mar 21 15:37:31 2023:DEBUG:run: date: 2010 concentration: 5.86493 pptv
Tue Mar 21 15:37:31 2023:DEBUG:run: date: 2011 concentration: 5.78082 pptv
Tue Mar 21 15:37:31 2023:DEBUG:run: date: 2012 concentration: 5.64516 pptv
Tue Mar 21 15:37:31 2023:DEBUG:run: date: 2013 concentration: 5.50915 pptv
Tue Mar 21 15:37:31 2023:DEBUG:run: date: 2014 concentration: 5.48547 pptv
Tue Mar 21 15:37:31 2023:DEBUG:run: date: 2015 concentration: 5.48428 pptv
Tue Mar 21 15:37:31 2023:DEBUG:run: date: 2016 concentration: 5.48251 pptv
Tue Mar 21 15:37:31 2023:DEBUG:run: date: 2017 concentration: 5.48061 pptv
Tue Mar 21 15:37:31 2023:DEBUG:run: date: 2018 concentration: 5.47867 pptv
Tue Mar 21 15:37:31 2023:DEBUG:run: date: 2019 concentration: 5.47672 pptv
Tue Mar 21 15:37:31 2023:DEBUG:run: date: 2020 concentration: 5.47477 pptv
Tue Mar 21 15:37:31 2023:DEBUG:run: date: 2021 concentration: 5.47388 pptv
Tue Mar 21 15:37:31 2023:DEBUG:run: date: 2022 concentration: 5.47325 pptv
Tue Mar 21 15:37:31 2023:DEBUG:run: date: 2023 concentration: 5.47267 pptv
Tue Mar 21 15:37:31 2023:DEBUG:run: date: 2024 concentration: 5.47211 pptv
Tue Mar 21 15:37:31 2023:DEBUG:run: date: 2025 concentration: 5.47156 pptv
Tue Mar 21 15:37:31 2023:DEBUG:run: date: 2026 concentration: 5.471 pptv
Tue Mar 21 15:37:31 2023:DEBUG:run: date: 2027 concentration: 5.47045 pptv
Tue Mar 21 15:37:31 2023:DEBUG:run: date: 2028 concentration: 5.46989 pptv
Tue Mar 21 15:37:31 2023:DEBUG:run: date: 2029 concentration: 5.46934 pptv
Tue Mar 21 15:37:31 2023:DEBUG:run: date: 2030 concentration: 5.46878 pptv
Tue Mar 21 15:37:31 2023:DEBUG:run: date: 2031 concentration: 5.46384 pptv
Tue Mar 21 15:37:31 2023:DEBUG:run: date: 2032 concentration: 5.45785 pptv
Tue Mar 21 15:37:31 2023:DEBUG:run: date: 2033 concentration: 5.45161 pptv
Tue Mar 21 15:37:31 2023:DEBUG:run: date: 2034 concentration: 5.4453 pptv
Tue Mar 21 15:37:31 2023:DEBUG:run: date: 2035 concentration: 5.43898 pptv
Tue Mar 21 15:37:31 2023:DEBUG:run: date: 2036 concentration: 5.43266 pptv
Tue Mar 21 15:37:31 2023:DEBUG:run: date: 2037 concentration: 5.42634 pptv
Tue Mar 21 15:37:31 2023:DEBUG:run: date: 2038 concentration: 5.42002 pptv
Tue Mar 21 15:37:31 2023:DEBUG:run: date: 2039 concentration: 5.41369 pptv
Tue Mar 21 15:37:31 2023:DEBUG:run: date: 2040 concentration: 5.40737 pptv
Tue Mar 21 15:37:31 2023:DEBUG:run: date: 2041 concentration: 5.40023 pptv
Tue Mar 21 15:37:31 2023:DEBUG:run: date: 2042 concentration: 5.39289 pptv
Tue Mar 21 15:37:31 2023:DEBUG:run: date: 2043 concentration: 5.3855 pptv
Tue Mar 21 15:37:31 2023:DEBUG:run: date: 2044 concentration: 5.3781 pptv
Tue Mar 21 15:37:31 2023:DEBUG:run: date: 2045 concentration: 5.3707 pptv
Tue Mar 21 15:37:31 2023:DEBUG:run: date: 2046 concentration: 5.3633 pptv
Tue Mar 21 15:37:31 2023:DEBUG:run: date: 2047 concentration: 5.35589 pptv
Tue Mar 21 15:37:31 2023:DEBUG:run: date: 2048 concentration: 5.34849 pptv
Tue Mar 21 15:37:31 2023:DEBUG:run: date: 2049 concentration: 5.34109 pptv
Tue Mar 21 15:37:31 2023:DEBUG:run: date: 2050 concentration: 5.33368 pptv
Tue Mar 21 15:37:31 2023:DEBUG:run: date: 2051 concentration: 5.31646 pptv
Tue Mar 21 15:37:31 2023:DEBUG:run: date: 2052 concentration: 5.29689 pptv
Tue Mar 21 15:37:31 2023:DEBUG:run: date: 2053 concentration: 5.27674 pptv
Tue Mar 21 15:37:31 2023:DEBUG:run: date: 2054 concentration: 5.25647 pptv
Tue Mar 21 15:37:31 2023:DEBUG:run: date: 2055 concentration: 5.23616 pptv
Tue Mar 21 15:37:31 2023:DEBUG:run: date: 2056 concentration: 5.21585 pptv
Tue Mar 21 15:37:31 2023:DEBUG:run: date: 2057 concentration: 5.19553 pptv
Tue Mar 21 15:37:31 2023:DEBUG:run: date: 2058 concentration: 5.17521 pptv
Tue Mar 21 15:37:31 2023:DEBUG:run: date: 2059 concentration: 5.15489 pptv
Tue Mar 21 15:37:31 2023:DEBUG:run: date: 2060 concentration: 5.13457 pptv
Tue Mar 21 15:37:31 2023:DEBUG:run: date: 2061 concentration: 5.11894 pptv
Tue Mar 21 15:37:31 2023:DEBUG:run: date: 2062 concentration: 5.10442 pptv
Tue Mar 21 15:37:31 2023:DEBUG:run: date: 2063 concentration: 5.09018 pptv
Tue Mar 21 15:37:31 2023:DEBUG:run: date: 2064 concentration: 5.076 pptv
Tue Mar 21 15:37:31 2023:DEBUG:run: date: 2065 concentration: 5.06183 pptv
Tue Mar 21 15:37:31 2023:DEBUG:run: date: 2066 concentration: 5.04767 pptv
Tue Mar 21 15:37:31 2023:DEBUG:run: date: 2067 concentration: 5.03351 pptv
Tue Mar 21 15:37:31 2023:DEBUG:run: date: 2068 concentration: 5.01935 pptv
Tue Mar 21 15:37:31 2023:DEBUG:run: date: 2069 concentration: 5.00519 pptv
Tue Mar 21 15:37:31 2023:DEBUG:run: date: 2070 concentration: 4.99103 pptv
Tue Mar 21 15:37:31 2023:DEBUG:run: date: 2071 concentration: 4.96796 pptv
Tue Mar 21 15:37:31 2023:DEBUG:run: date: 2072 concentration: 4.94276 pptv
Tue Mar 21 15:37:31 2023:DEBUG:run: date: 2073 concentration: 4.91704 pptv
Tue Mar 21 15:37:31 2023:DEBUG:run: date: 2074 concentration: 4.89121 pptv
Tue Mar 21 15:37:31 2023:DEBUG:run: date: 2075 concentration: 4.86534 pptv
Tue Mar 21 15:37:31 2023:DEBUG:run: date: 2076 concentration: 4.83947 pptv
Tue Mar 21 15:37:31 2023:DEBUG:run: date: 2077 concentration: 4.81359 pptv
Tue Mar 21 15:37:31 2023:DEBUG:run: date: 2078 concentration: 4.78771 pptv
Tue Mar 21 15:37:31 2023:DEBUG:run: date: 2079 concentration: 4.76184 pptv
Tue Mar 21 15:37:31 2023:DEBUG:run: date: 2080 concentration: 4.73596 pptv
Tue Mar 21 15:37:31 2023:DEBUG:run: date: 2081 concentration: 4.72613 pptv
Tue Mar 21 15:37:31 2023:DEBUG:run: date: 2082 concentration: 4.72015 pptv
Tue Mar 21 15:37:31 2023:DEBUG:run: date: 2083 concentration: 4.71509 pptv
Tue Mar 21 15:37:31 2023:DEBUG:run: date: 2084 concentration: 4.71025 pptv
Tue Mar 21 15:37:31 2023:DEBUG:run: date: 2085 concentration: 4.70547 pptv
Tue Mar 21 15:37:31 2023:DEBUG:run: date: 2086 concentration: 4.70069 pptv
Tue Mar 21 15:37:32 2023:DEBUG:run: date: 2087 concentration: 4.69592 pptv
Tue Mar 21 15:37:32 2023:DEBUG:run: date: 2088 concentration: 4.69115 pptv
Tue Mar 21 15:37:32 2023:DEBUG:run: date: 2089 concentration: 4.68638 pptv
Tue Mar 21 15:37:32 2023:DEBUG:run: date: 2090 concentration: 4.68161 pptv
Tue Mar 21 15:37:32 2023:DEBUG:run: date: 2091 concentration: 4.67877 pptv
Tue Mar 21 15:37:32 2023:DEBUG:run: date: 2092 concentration: 4.6764 pptv
Tue Mar 21 15:37:32 2023:DEBUG:run: date: 2093 concentration: 4.67414 pptv
Tue Mar 21 15:37:32 2023:DEBUG:run: date: 2094 concentration: 4.6719 pptv
Tue Mar 21 15:37:32 2023:DEBUG:run: date: 2095 concentration: 4.66967 pptv
Tue Mar 21 15:37:32 2023:DEBUG:run: date: 2096 concentration: 4.66744 pptv
Tue Mar 21 15:37:32 2023:DEBUG:run: date: 2097 concentration: 4.66522 pptv
Tue Mar 21 15:37:32 2023:DEBUG:run: date: 2098 concentration: 4.66299 pptv
Tue Mar 21 15:37:32 2023:DEBUG:run: date: 2099 concentration: 4.66076 pptv
Tue Mar 21 15:37:32 2023:DEBUG:run: date: 2100 concentration: 4.65853 pptv
Tue Mar 21 15:37:32 2023:DEBUG:run: date: 2101 concentration: 4.63439 pptv
Tue Mar 21 15:37:32 2023:DEBUG:run: date: 2102 concentration: 4.60499 pptv
Tue Mar 21 15:37:32 2023:DEBUG:run: date: 2103 concentration: 4.57434 pptv
Tue Mar 21 15:37:32 2023:DEBUG:run: date: 2104 concentration: 4.54338 pptv
Tue Mar 21 15:37:32 2023:DEBUG:run: date: 2105 concentration: 4.51235 pptv
Tue Mar 21 15:37:32 2023:DEBUG:run: date: 2106 concentration: 4.4813 pptv
Tue Mar 21 15:37:32 2023:DEBUG:run: date: 2107 concentration: 4.45025 pptv
Tue Mar 21 15:37:32 2023:DEBUG:run: date: 2108 concentration: 4.4192 pptv
Tue Mar 21 15:37:32 2023:DEBUG:run: date: 2109 concentration: 4.38815 pptv
Tue Mar 21 15:37:32 2023:DEBUG:run: date: 2110 concentration: 4.3571 pptv
Tue Mar 21 15:37:32 2023:DEBUG:run: date: 2111 concentration: 4.32604 pptv
Tue Mar 21 15:37:32 2023:DEBUG:run: date: 2112 concentration: 4.29499 pptv
Tue Mar 21 15:37:32 2023:DEBUG:run: date: 2113 concentration: 4.26394 pptv
Tue Mar 21 15:37:32 2023:DEBUG:run: date: 2114 concentration: 4.23289 pptv
Tue Mar 21 15:37:32 2023:DEBUG:run: date: 2115 concentration: 4.20184 pptv
Tue Mar 21 15:37:32 2023:DEBUG:run: date: 2116 concentration: 4.17078 pptv
Tue Mar 21 15:37:32 2023:DEBUG:run: date: 2117 concentration: 4.13973 pptv
Tue Mar 21 15:37:32 2023:DEBUG:run: date: 2118 concentration: 4.10868 pptv
Tue Mar 21 15:37:32 2023:DEBUG:run: date: 2119 concentration: 4.07763 pptv
Tue Mar 21 15:37:32 2023:DEBUG:run: date: 2120 concentration: 4.04657 pptv
Tue Mar 21 15:37:32 2023:DEBUG:run: date: 2121 concentration: 4.01552 pptv
Tue Mar 21 15:37:32 2023:DEBUG:run: date: 2122 concentration: 3.98447 pptv
Tue Mar 21 15:37:32 2023:DEBUG:run: date: 2123 concentration: 3.95342 pptv
Tue Mar 21 15:37:32 2023:DEBUG:run: date: 2124 concentration: 3.92237 pptv
Tue Mar 21 15:37:32 2023:DEBUG:run: date: 2125 concentration: 3.89131 pptv
Tue Mar 21 15:37:32 2023:DEBUG:run: date: 2126 concentration: 3.86026 pptv
Tue Mar 21 15:37:32 2023:DEBUG:run: date: 2127 concentration: 3.82921 pptv
Tue Mar 21 15:37:32 2023:DEBUG:run: date: 2128 concentration: 3.79816 pptv
Tue Mar 21 15:37:32 2023:DEBUG:run: date: 2129 concentration: 3.7671 pptv
Tue Mar 21 15:37:32 2023:DEBUG:run: date: 2130 concentration: 3.73605 pptv
Tue Mar 21 15:37:32 2023:DEBUG:run: date: 2131 concentration: 3.705 pptv
Tue Mar 21 15:37:32 2023:DEBUG:run: date: 2132 concentration: 3.67395 pptv
Tue Mar 21 15:37:32 2023:DEBUG:run: date: 2133 concentration: 3.6429 pptv
Tue Mar 21 15:37:32 2023:DEBUG:run: date: 2134 concentration: 3.61184 pptv
Tue Mar 21 15:37:32 2023:DEBUG:run: date: 2135 concentration: 3.58079 pptv
Tue Mar 21 15:37:32 2023:DEBUG:run: date: 2136 concentration: 3.54974 pptv
Tue Mar 21 15:37:32 2023:DEBUG:run: date: 2137 concentration: 3.51869 pptv
Tue Mar 21 15:37:32 2023:DEBUG:run: date: 2138 concentration: 3.48763 pptv
Tue Mar 21 15:37:32 2023:DEBUG:run: date: 2139 concentration: 3.45658 pptv
Tue Mar 21 15:37:32 2023:DEBUG:run: date: 2140 concentration: 3.42553 pptv
Tue Mar 21 15:37:32 2023:DEBUG:run: date: 2141 concentration: 3.39448 pptv
Tue Mar 21 15:37:32 2023:DEBUG:run: date: 2142 concentration: 3.36343 pptv
Tue Mar 21 15:37:32 2023:DEBUG:run: date: 2143 concentration: 3.33237 pptv
Tue Mar 21 15:37:32 2023:DEBUG:run: date: 2144 concentration: 3.30132 pptv
Tue Mar 21 15:37:32 2023:DEBUG:run: date: 2145 concentration: 3.27027 pptv
Tue Mar 21 15:37:32 2023:DEBUG:run: date: 2146 concentration: 3.23922 pptv
Tue Mar 21 15:37:32 2023:DEBUG:run: date: 2147 concentration: 3.20816 pptv
Tue Mar 21 15:37:32 2023:DEBUG:run: date: 2148 concentration: 3.17711 pptv
Tue Mar 21 15:37:32 2023:DEBUG:run: date: 2149 concentration: 3.14606 pptv
Tue Mar 21 15:37:32 2023:DEBUG:run: date: 2150 concentration: 3.11501 pptv
Tue Mar 21 15:37:32 2023:DEBUG:run: date: 2151 concentration: 3.08396 pptv
Tue Mar 21 15:37:32 2023:DEBUG:run: date: 2152 concentration: 3.0529 pptv
Tue Mar 21 15:37:32 2023:DEBUG:run: date: 2153 concentration: 3.02185 pptv
Tue Mar 21 15:37:32 2023:DEBUG:run: date: 2154 concentration: 2.9908 pptv
Tue Mar 21 15:37:32 2023:DEBUG:run: date: 2155 concentration: 2.95975 pptv
Tue Mar 21 15:37:32 2023:DEBUG:run: date: 2156 concentration: 2.9287 pptv
Tue Mar 21 15:37:32 2023:DEBUG:run: date: 2157 concentration: 2.89764 pptv
Tue Mar 21 15:37:32 2023:DEBUG:run: date: 2158 concentration: 2.86659 pptv
Tue Mar 21 15:37:32 2023:DEBUG:run: date: 2159 concentration: 2.83554 pptv
Tue Mar 21 15:37:32 2023:DEBUG:run: date: 2160 concentration: 2.80449 pptv
Tue Mar 21 15:37:32 2023:DEBUG:run: date: 2161 concentration: 2.77343 pptv
Tue Mar 21 15:37:32 2023:DEBUG:run: date: 2162 concentration: 2.74238 pptv
Tue Mar 21 15:37:32 2023:DEBUG:run: date: 2163 concentration: 2.71133 pptv
Tue Mar 21 15:37:32 2023:DEBUG:run: date: 2164 concentration: 2.68028 pptv
Tue Mar 21 15:37:32 2023:DEBUG:run: date: 2165 concentration: 2.64923 pptv
Tue Mar 21 15:37:32 2023:DEBUG:run: date: 2166 concentration: 2.61817 pptv
Tue Mar 21 15:37:32 2023:DEBUG:run: date: 2167 concentration: 2.58712 pptv
Tue Mar 21 15:37:32 2023:DEBUG:run: date: 2168 concentration: 2.55607 pptv
Tue Mar 21 15:37:32 2023:DEBUG:run: date: 2169 concentration: 2.52502 pptv
Tue Mar 21 15:37:32 2023:DEBUG:run: date: 2170 concentration: 2.49396 pptv
Tue Mar 21 15:37:32 2023:DEBUG:run: date: 2171 concentration: 2.46291 pptv
Tue Mar 21 15:37:32 2023:DEBUG:run: date: 2172 concentration: 2.43186 pptv
Tue Mar 21 15:37:32 2023:DEBUG:run: date: 2173 concentration: 2.40081 pptv
Tue Mar 21 15:37:32 2023:DEBUG:run: date: 2174 concentration: 2.36976 pptv
Tue Mar 21 15:37:32 2023:DEBUG:run: date: 2175 concentration: 2.3387 pptv
Tue Mar 21 15:37:32 2023:DEBUG:run: date: 2176 concentration: 2.30765 pptv
Tue Mar 21 15:37:32 2023:DEBUG:run: date: 2177 concentration: 2.2766 pptv
Tue Mar 21 15:37:32 2023:DEBUG:run: date: 2178 concentration: 2.24555 pptv
Tue Mar 21 15:37:32 2023:DEBUG:run: date: 2179 concentration: 2.21449 pptv
Tue Mar 21 15:37:32 2023:DEBUG:run: date: 2180 concentration: 2.18344 pptv
Tue Mar 21 15:37:32 2023:DEBUG:run: date: 2181 concentration: 2.15239 pptv
Tue Mar 21 15:37:32 2023:DEBUG:run: date: 2182 concentration: 2.12134 pptv
Tue Mar 21 15:37:32 2023:DEBUG:run: date: 2183 concentration: 2.09029 pptv
Tue Mar 21 15:37:32 2023:DEBUG:run: date: 2184 concentration: 2.05923 pptv
Tue Mar 21 15:37:32 2023:DEBUG:run: date: 2185 concentration: 2.02818 pptv
Tue Mar 21 15:37:32 2023:DEBUG:run: date: 2186 concentration: 1.99713 pptv
Tue Mar 21 15:37:32 2023:DEBUG:run: date: 2187 concentration: 1.96608 pptv
Tue Mar 21 15:37:32 2023:DEBUG:run: date: 2188 concentration: 1.93502 pptv
Tue Mar 21 15:37:32 2023:DEBUG:run: date: 2189 concentration: 1.90397 pptv
Tue Mar 21 15:37:32 2023:DEBUG:run: date: 2190 concentration: 1.87292 pptv
Tue Mar 21 15:37:32 2023:DEBUG:run: date: 2191 concentration: 1.84187 pptv
Tue Mar 21 15:37:32 2023:DEBUG:run: date: 2192 concentration: 1.81082 pptv
Tue Mar 21 15:37:32 2023:DEBUG:run: date: 2193 concentration: 1.77976 pptv
Tue Mar 21 15:37:32 2023:DEBUG:run: date: 2194 concentration: 1.74871 pptv
Tue Mar 21 15:37:32 2023:DEBUG:run: date: 2195 concentration: 1.71766 pptv
Tue Mar 21 15:37:32 2023:DEBUG:run: date: 2196 concentration: 1.68661 pptv
Tue Mar 21 15:37:32 2023:DEBUG:run: date: 2197 concentration: 1.65555 pptv
Tue Mar 21 15:37:32 2023:DEBUG:run: date: 2198 concentration: 1.6245 pptv
Tue Mar 21 15:37:32 2023:DEBUG:run: date: 2199 concentration: 1.59345 pptv
Tue Mar 21 15:37:32 2023:DEBUG:run: date: 2200 concentration: 1.5624 pptv
Tue Mar 21 15:37:32 2023:DEBUG:run: date: 2201 concentration: 1.53135 pptv
Tue Mar 21 15:37:32 2023:DEBUG:run: date: 2202 concentration: 1.50029 pptv
Tue Mar 21 15:37:32 2023:DEBUG:run: date: 2203 concentration: 1.46924 pptv
Tue Mar 21 15:37:32 2023:DEBUG:run: date: 2204 concentration: 1.43819 pptv
Tue Mar 21 15:37:32 2023:DEBUG:run: date: 2205 concentration: 1.40714 pptv
Tue Mar 21 15:37:32 2023:DEBUG:run: date: 2206 concentration: 1.37608 pptv
Tue Mar 21 15:37:32 2023:DEBUG:run: date: 2207 concentration: 1.34503 pptv
Tue Mar 21 15:37:32 2023:DEBUG:run: date: 2208 concentration: 1.31398 pptv
Tue Mar 21 15:37:32 2023:DEBUG:run: date: 2209 concentration: 1.28293 pptv
Tue Mar 21 15:37:32 2023:DEBUG:run: date: 2210 concentration: 1.25188 pptv
Tue Mar 21 15:37:32 2023:DEBUG:run: date: 2211 concentration: 1.22082 pptv
Tue Mar 21 15:37:32 2023:DEBUG:run: date: 2212 concentration: 1.18977 pptv
Tue Mar 21 15:37:32 2023:DEBUG:run: date: 2213 concentration: 1.15872 pptv
Tue Mar 21 15:37:32 2023:DEBUG:run: date: 2214 concentration: 1.12767 pptv
Tue Mar 21 15:37:32 2023:DEBUG:run: date: 2215 concentration: 1.09661 pptv
Tue Mar 21 15:37:32 2023:DEBUG:run: date: 2216 concentration: 1.06556 pptv
Tue Mar 21 15:37:32 2023:DEBUG:run: date: 2217 concentration: 1.03451 pptv
Tue Mar 21 15:37:32 2023:DEBUG:run: date: 2218 concentration: 1.00346 pptv
Tue Mar 21 15:37:32 2023:DEBUG:run: date: 2219 concentration: 0.972406 pptv
Tue Mar 21 15:37:32 2023:DEBUG:run: date: 2220 concentration: 0.941354 pptv
Tue Mar 21 15:37:32 2023:DEBUG:run: date: 2221 concentration: 0.910301 pptv
Tue Mar 21 15:37:32 2023:DEBUG:run: date: 2222 concentration: 0.879249 pptv
Tue Mar 21 15:37:32 2023:DEBUG:run: date: 2223 concentration: 0.848197 pptv
Tue Mar 21 15:37:32 2023:DEBUG:run: date: 2224 concentration: 0.817145 pptv
Tue Mar 21 15:37:32 2023:DEBUG:run: date: 2225 concentration: 0.786092 pptv
Tue Mar 21 15:37:32 2023:DEBUG:run: date: 2226 concentration: 0.75504 pptv
Tue Mar 21 15:37:32 2023:DEBUG:run: date: 2227 concentration: 0.723988 pptv
Tue Mar 21 15:37:32 2023:DEBUG:run: date: 2228 concentration: 0.692936 pptv
Tue Mar 21 15:37:32 2023:DEBUG:run: date: 2229 concentration: 0.661884 pptv
Tue Mar 21 15:37:32 2023:DEBUG:run: date: 2230 concentration: 0.630831 pptv
Tue Mar 21 15:37:32 2023:DEBUG:run: date: 2231 concentration: 0.599779 pptv
Tue Mar 21 15:37:32 2023:DEBUG:run: date: 2232 concentration: 0.568727 pptv
Tue Mar 21 15:37:32 2023:DEBUG:run: date: 2233 concentration: 0.537675 pptv
Tue Mar 21 15:37:32 2023:DEBUG:run: date: 2234 concentration: 0.506623 pptv
Tue Mar 21 15:37:32 2023:DEBUG:run: date: 2235 concentration: 0.47557 pptv
Tue Mar 21 15:37:32 2023:DEBUG:run: date: 2236 concentration: 0.444518 pptv
Tue Mar 21 15:37:32 2023:DEBUG:run: date: 2237 concentration: 0.413466 pptv
Tue Mar 21 15:37:32 2023:DEBUG:run: date: 2238 concentration: 0.382414 pptv
Tue Mar 21 15:37:32 2023:DEBUG:run: date: 2239 concentration: 0.351362 pptv
Tue Mar 21 15:37:32 2023:DEBUG:run: date: 2240 concentration: 0.320309 pptv
Tue Mar 21 15:37:32 2023:DEBUG:run: date: 2241 concentration: 0.289257 pptv
Tue Mar 21 15:37:32 2023:DEBUG:run: date: 2242 concentration: 0.258205 pptv
Tue Mar 21 15:37:32 2023:DEBUG:run: date: 2243 concentration: 0.227153 pptv
Tue Mar 21 15:37:32 2023:DEBUG:run: date: 2244 concentration: 0.1961 pptv
Tue Mar 21 15:37:32 2023:DEBUG:run: date: 2245 concentration: 0.165048 pptv
Tue Mar 21 15:37:32 2023:DEBUG:run: date: 2246 concentration: 0.133996 pptv
Tue Mar 21 15:37:32 2023:DEBUG:run: date: 2247 concentration: 0.102944 pptv
Tue Mar 21 15:37:32 2023:DEBUG:run: date: 2248 concentration: 0.0718916 pptv
Tue Mar 21 15:37:32 2023:DEBUG:run: date: 2249 concentration: 0.0408394 pptv
Tue Mar 21 15:37:32 2023:DEBUG:run: date: 2250 concentration: 0.00978721 pptv
Tue Mar 21 15:37:32 2023:DEBUG:run: date: 2251 concentration: 0.00234551 pptv
Tue Mar 21 15:37:32 2023:DEBUG:run: date: 2252 concentration: 0.000562105 pptv
Tue Mar 21 15:37:32 2023:DEBUG:run: date: 2253 concentration: 0.000134709 pptv
Tue Mar 21 15:37:32 2023:DEBUG:run: date: 2254 concentration: 3.22832e-05 pptv
Tue Mar 21 15:37:32 2023:DEBUG:run: date: 2255 concentration: 7.73669e-06 pptv
Tue Mar 21 15:37:32 2023:DEBUG:run: date: 2256 concentration: 1.85411e-06 pptv
Tue Mar 21 15:37:32 2023:DEBUG:run: date: 2257 concentration: 4.44339e-07 pptv
Tue Mar 21 15:37:32 2023:DEBUG:run: date: 2258 concentration: 1.06486e-07 pptv
Tue Mar 21 15:37:32 2023:DEBUG:run: date: 2259 concentration: 2.55195e-08 pptv
Tue Mar 21 15:37:32 2023:DEBUG:run: date: 2260 concentration: 6.11578e-09 pptv
Tue Mar 21 15:37:32 2023:DEBUG:run: date: 2261 concentration: 1.46565e-09 pptv
Tue Mar 21 15:37:32 2023:DEBUG:run: date: 2262 concentration: 3.51245e-10 pptv
Tue Mar 21 15:37:32 2023:DEBUG:run: date: 2263 concentration: 8.41763e-11 pptv
Tue Mar 21 15:37:32 2023:DEBUG:run: date: 2264 concentration: 2.01729e-11 pptv
Tue Mar 21 15:37:32 2023:DEBUG:run: date: 2265 concentration: 4.83447e-12 pptv
Tue Mar 21 15:37:32 2023:DEBUG:run: date: 2266 concentration: 1.15858e-12 pptv
Tue Mar 21 15:37:32 2023:DEBUG:run: date: 2267 concentration: 2.77656e-13 pptv
Tue Mar 21 15:37:32 2023:DEBUG:run: date: 2268 concentration: 6.65406e-14 pptv
Tue Mar 21 15:37:32 2023:DEBUG:run: date: 2269 concentration: 1.59465e-14 pptv
Tue Mar 21 15:37:32 2023:DEBUG:run: date: 2270 concentration: 3.8216e-15 pptv
Tue Mar 21 15:37:32 2023:DEBUG:run: date: 2271 concentration: 9.1585e-16 pptv
Tue Mar 21 15:37:32 2023:DEBUG:run: date: 2272 concentration: 2.19484e-16 pptv
Tue Mar 21 15:37:32 2023:DEBUG:run: date: 2273 concentration: 5.25997e-17 pptv
Tue Mar 21 15:37:32 2023:DEBUG:run: date: 2274 concentration: 1.26056e-17 pptv
Tue Mar 21 15:37:32 2023:DEBUG:run: date: 2275 concentration: 3.02094e-18 pptv
Tue Mar 21 15:37:32 2023:DEBUG:run: date: 2276 concentration: 7.23971e-19 pptv
Tue Mar 21 15:37:32 2023:DEBUG:run: date: 2277 concentration: 1.735e-19 pptv
Tue Mar 21 15:37:32 2023:DEBUG:run: date: 2278 concentration: 4.15795e-20 pptv
Tue Mar 21 15:37:32 2023:DEBUG:run: date: 2279 concentration: 9.96458e-21 pptv
Tue Mar 21 15:37:32 2023:DEBUG:run: date: 2280 concentration: 2.38802e-21 pptv
Tue Mar 21 15:37:32 2023:DEBUG:run: date: 2281 concentration: 5.72292e-22 pptv
Tue Mar 21 15:37:32 2023:DEBUG:run: date: 2282 concentration: 1.3715e-22 pptv
Tue Mar 21 15:37:32 2023:DEBUG:run: date: 2283 concentration: 3.28682e-23 pptv
Tue Mar 21 15:37:32 2023:DEBUG:run: date: 2284 concentration: 7.8769e-24 pptv
Tue Mar 21 15:37:32 2023:DEBUG:run: date: 2285 concentration: 1.88771e-24 pptv
Tue Mar 21 15:37:32 2023:DEBUG:run: date: 2286 concentration: 4.52391e-25 pptv
Tue Mar 21 15:37:32 2023:DEBUG:run: date: 2287 concentration: 1.08416e-25 pptv
Tue Mar 21 15:37:32 2023:DEBUG:run: date: 2288 concentration: 2.5982e-26 pptv
Tue Mar 21 15:37:32 2023:DEBUG:run: date: 2289 concentration: 6.22662e-27 pptv
Tue Mar 21 15:37:32 2023:DEBUG:run: date: 2290 concentration: 1.49221e-27 pptv
Tue Mar 21 15:37:32 2023:DEBUG:run: date: 2291 concentration: 3.57611e-28 pptv
Tue Mar 21 15:37:32 2023:DEBUG:run: date: 2292 concentration: 8.57018e-29 pptv
Tue Mar 21 15:37:32 2023:DEBUG:run: date: 2293 concentration: 2.05385e-29 pptv
Tue Mar 21 15:37:32 2023:DEBUG:run: date: 2294 concentration: 4.92208e-30 pptv
Tue Mar 21 15:37:32 2023:DEBUG:run: date: 2295 concentration: 1.17958e-30 pptv
Tue Mar 21 15:37:32 2023:DEBUG:run: date: 2296 concentration: 2.82688e-31 pptv
Tue Mar 21 15:37:32 2023:DEBUG:run: date: 2297 concentration: 6.77464e-32 pptv
Tue Mar 21 15:37:32 2023:DEBUG:run: date: 2298 concentration: 1.62355e-32 pptv
Tue Mar 21 15:37:32 2023:DEBUG:run: date: 2299 concentration: 3.89086e-33 pptv
Tue Mar 21 15:37:32 2023:DEBUG:run: date: 2300 concentration: 9.32448e-34 pptv
