Tue Mar 21 15:37:28 2023:NOTICE:printLogHeader: hector version 2.5.0
Tue Mar 21 15:37:29 2023:DEBUG:setData: Setting tau[-1]=1.3
Tue Mar 21 15:37:29 2023:DEBUG:setData: Setting rho[-1]=0.00001
Tue Mar 21 15:37:29 2023:DEBUG:setData: Setting H0[-1]=504.0
Tue Mar 21 15:37:29 2023:DEBUG:setData: Setting CH3Cl_emissions[1765]=4274.9668
Tue Mar 21 15:37:29 2023:DEBUG:setData: Setting CH3Cl_emissions[1766]=4275.2111
Tue Mar 21 15:37:29 2023:DEBUG:setData: Setting CH3Cl_emissions[1767]=4275.6359
Tue Mar 21 15:37:29 2023:DEBUG:setData: Setting CH3Cl_emissions[1768]=4273.5893
Tue Mar 21 15:37:29 2023:DEBUG:setData: Setting CH3Cl_emissions[1769]=4275.165
Tue Mar 21 15:37:29 2023:DEBUG:setData: Setting CH3Cl_emissions[1770]=4273.5216
Tue Mar 21 15:37:29 2023:DEBUG:setData: Setting CH3Cl_emissions[1771]=4274.9318
Tue Mar 21 15:37:29 2023:DEBUG:setData: Setting CH3Cl_emissions[1772]=4275.8046
Tue Mar 21 15:37:29 2023:DEBUG:setData: Setting CH3Cl_emissions[1773]=4274.7874
Tue Mar 21 15:37:29 2023:DEBUG:setData: Setting CH3Cl_emissions[1774]=4272.5262
Tue Mar 21 15:37:29 2023:DEBUG:setData: Setting CH3Cl_emissions[1775]=4273.8905
Tue Mar 21 15:37:29 2023:DEBUG:setData: Setting CH3Cl_emissions[1776]=4273.2061
Tue Mar 21 15:37:29 2023:DEBUG:setData: Setting CH3Cl_emissions[1777]=4273.9048
Tue Mar 21 15:37:29 2023:DEBUG:setData: Setting CH3Cl_emissions[1778]=4273.48
Tue Mar 21 15:37:29 2023:DEBUG:setData: Setting CH3Cl_emissions[1779]=4273.0734
Tue Mar 21 15:37:29 2023:DEBUG:setData: Setting CH3Cl_emissions[1780]=4270.511
Tue Mar 21 15:37:29 2023:DEBUG:setData: Setting CH3Cl_emissions[1781]=4273.3596
Tue Mar 21 15:37:29 2023:DEBUG:setData: Setting CH3Cl_emissions[1782]=4272.7759
Tue Mar 21 15:37:29 2023:DEBUG:setData: Setting CH3Cl_emissions[1783]=4273.4248
Tue Mar 21 15:37:29 2023:DEBUG:setData: Setting CH3Cl_emissions[1784]=4274.0405
Tue Mar 21 15:37:29 2023:DEBUG:setData: Setting CH3Cl_emissions[1785]=4272.6136
Tue Mar 21 15:37:29 2023:DEBUG:setData: Setting CH3Cl_emissions[1786]=4272.5442
Tue Mar 21 15:37:29 2023:DEBUG:setData: Setting CH3Cl_emissions[1787]=4272.9283
Tue Mar 21 15:37:29 2023:DEBUG:setData: Setting CH3Cl_emissions[1788]=4270.7227
Tue Mar 21 15:37:29 2023:DEBUG:setData: Setting CH3Cl_emissions[1789]=4272.405
Tue Mar 21 15:37:29 2023:DEBUG:setData: Setting CH3Cl_emissions[1790]=4270.6805
Tue Mar 21 15:37:29 2023:DEBUG:setData: Setting CH3Cl_emissions[1791]=4272.2515
Tue Mar 21 15:37:29 2023:DEBUG:setData: Setting CH3Cl_emissions[1792]=4273.4807
Tue Mar 21 15:37:29 2023:DEBUG:setData: Setting CH3Cl_emissions[1793]=4272.5025
Tue Mar 21 15:37:29 2023:DEBUG:setData: Setting CH3Cl_emissions[1794]=4270.301
Tue Mar 21 15:37:29 2023:DEBUG:setData: Setting CH3Cl_emissions[1795]=4271.7076
Tue Mar 21 15:37:29 2023:DEBUG:setData: Setting CH3Cl_emissions[1796]=4271.1214
Tue Mar 21 15:37:29 2023:DEBUG:setData: Setting CH3Cl_emissions[1797]=4271.986
Tue Mar 21 15:37:29 2023:DEBUG:setData: Setting CH3Cl_emissions[1798]=4271.559
Tue Mar 21 15:37:29 2023:DEBUG:setData: Setting CH3Cl_emissions[1799]=4270.6431
Tue Mar 21 15:37:29 2023:DEBUG:setData: Setting CH3Cl_emissions[1800]=4268.9449
Tue Mar 21 15:37:29 2023:DEBUG:setData: Setting CH3Cl_emissions[1801]=4271.7107
Tue Mar 21 15:37:29 2023:DEBUG:setData: Setting CH3Cl_emissions[1802]=4270.8532
Tue Mar 21 15:37:29 2023:DEBUG:setData: Setting CH3Cl_emissions[1803]=4271.7009
Tue Mar 21 15:37:29 2023:DEBUG:setData: Setting CH3Cl_emissions[1804]=4271.7691
Tue Mar 21 15:37:29 2023:DEBUG:setData: Setting CH3Cl_emissions[1805]=4270.588
Tue Mar 21 15:37:29 2023:DEBUG:setData: Setting CH3Cl_emissions[1806]=4270.2074
Tue Mar 21 15:37:29 2023:DEBUG:setData: Setting CH3Cl_emissions[1807]=4270.8298
Tue Mar 21 15:37:29 2023:DEBUG:setData: Setting CH3Cl_emissions[1808]=4268.6094
Tue Mar 21 15:37:29 2023:DEBUG:setData: Setting CH3Cl_emissions[1809]=4270.0292
Tue Mar 21 15:37:29 2023:DEBUG:setData: Setting CH3Cl_emissions[1810]=4267.9729
Tue Mar 21 15:37:29 2023:DEBUG:setData: Setting CH3Cl_emissions[1811]=4269.505
Tue Mar 21 15:37:29 2023:DEBUG:setData: Setting CH3Cl_emissions[1812]=4270.6225
Tue Mar 21 15:37:29 2023:DEBUG:setData: Setting CH3Cl_emissions[1813]=4269.5589
Tue Mar 21 15:37:29 2023:DEBUG:setData: Setting CH3Cl_emissions[1814]=4267.9182
Tue Mar 21 15:37:29 2023:DEBUG:setData: Setting CH3Cl_emissions[1815]=4268.4808
Tue Mar 21 15:37:29 2023:DEBUG:setData: Setting CH3Cl_emissions[1816]=4267.7184
Tue Mar 21 15:37:29 2023:DEBUG:setData: Setting CH3Cl_emissions[1817]=4268.6815
Tue Mar 21 15:37:29 2023:DEBUG:setData: Setting CH3Cl_emissions[1818]=4267.9855
Tue Mar 21 15:37:29 2023:DEBUG:setData: Setting CH3Cl_emissions[1819]=4267.0511
Tue Mar 21 15:37:29 2023:DEBUG:setData: Setting CH3Cl_emissions[1820]=4265.3029
Tue Mar 21 15:37:29 2023:DEBUG:setData: Setting CH3Cl_emissions[1821]=4267.9261
Tue Mar 21 15:37:29 2023:DEBUG:setData: Setting CH3Cl_emissions[1822]=4266.9822
Tue Mar 21 15:37:29 2023:DEBUG:setData: Setting CH3Cl_emissions[1823]=4268.0293
Tue Mar 21 15:37:29 2023:DEBUG:setData: Setting CH3Cl_emissions[1824]=4267.6765
Tue Mar 21 15:37:29 2023:DEBUG:setData: Setting CH3Cl_emissions[1825]=4266.7449
Tue Mar 21 15:37:29 2023:DEBUG:setData: Setting CH3Cl_emissions[1826]=4266.3186
Tue Mar 21 15:37:29 2023:DEBUG:setData: Setting CH3Cl_emissions[1827]=4266.6729
Tue Mar 21 15:37:29 2023:DEBUG:setData: Setting CH3Cl_emissions[1828]=4264.4159
Tue Mar 21 15:37:29 2023:DEBUG:setData: Setting CH3Cl_emissions[1829]=4265.8895
Tue Mar 21 15:37:29 2023:DEBUG:setData: Setting CH3Cl_emissions[1830]=4264.1256
Tue Mar 21 15:37:29 2023:DEBUG:setData: Setting CH3Cl_emissions[1831]=4265.442
Tue Mar 21 15:37:29 2023:DEBUG:setData: Setting CH3Cl_emissions[1832]=4266.362
Tue Mar 21 15:37:29 2023:DEBUG:setData: Setting CH3Cl_emissions[1833]=4265.4426
Tue Mar 21 15:37:29 2023:DEBUG:setData: Setting CH3Cl_emissions[1834]=4263.4584
Tue Mar 21 15:37:29 2023:DEBUG:setData: Setting CH3Cl_emissions[1835]=4264.2887
Tue Mar 21 15:37:29 2023:DEBUG:setData: Setting CH3Cl_emissions[1836]=4263.1961
Tue Mar 21 15:37:29 2023:DEBUG:setData: Setting CH3Cl_emissions[1837]=4264.2707
Tue Mar 21 15:37:29 2023:DEBUG:setData: Setting CH3Cl_emissions[1838]=4263.5362
Tue Mar 21 15:37:29 2023:DEBUG:setData: Setting CH3Cl_emissions[1839]=4262.6108
Tue Mar 21 15:37:29 2023:DEBUG:setData: Setting CH3Cl_emissions[1840]=4261.0163
Tue Mar 21 15:37:29 2023:DEBUG:setData: Setting CH3Cl_emissions[1841]=4263.137
Tue Mar 21 15:37:29 2023:DEBUG:setData: Setting CH3Cl_emissions[1842]=4262.7403
Tue Mar 21 15:37:29 2023:DEBUG:setData: Setting CH3Cl_emissions[1843]=4263.6297
Tue Mar 21 15:37:29 2023:DEBUG:setData: Setting CH3Cl_emissions[1844]=4263.3094
Tue Mar 21 15:37:29 2023:DEBUG:setData: Setting CH3Cl_emissions[1845]=4262.3319
Tue Mar 21 15:37:29 2023:DEBUG:setData: Setting CH3Cl_emissions[1846]=4261.8933
Tue Mar 21 15:37:29 2023:DEBUG:setData: Setting CH3Cl_emissions[1847]=4262.0693
Tue Mar 21 15:37:29 2023:DEBUG:setData: Setting CH3Cl_emissions[1848]=4260.004
Tue Mar 21 15:37:29 2023:DEBUG:setData: Setting CH3Cl_emissions[1849]=4261.5016
Tue Mar 21 15:37:29 2023:DEBUG:setData: Setting CH3Cl_emissions[1850]=4267.6083
Tue Mar 21 15:37:29 2023:DEBUG:setData: Setting CH3Cl_emissions[1851]=4269.2706
Tue Mar 21 15:37:29 2023:DEBUG:setData: Setting CH3Cl_emissions[1852]=4270.1861
Tue Mar 21 15:37:29 2023:DEBUG:setData: Setting CH3Cl_emissions[1853]=4269.5191
Tue Mar 21 15:37:29 2023:DEBUG:setData: Setting CH3Cl_emissions[1854]=4267.0641
Tue Mar 21 15:37:29 2023:DEBUG:setData: Setting CH3Cl_emissions[1855]=4268.5385
Tue Mar 21 15:37:29 2023:DEBUG:setData: Setting CH3Cl_emissions[1856]=4267.3934
Tue Mar 21 15:37:29 2023:DEBUG:setData: Setting CH3Cl_emissions[1857]=4268.4922
Tue Mar 21 15:37:29 2023:DEBUG:setData: Setting CH3Cl_emissions[1858]=4267.9722
Tue Mar 21 15:37:29 2023:DEBUG:setData: Setting CH3Cl_emissions[1859]=4266.635
Tue Mar 21 15:37:29 2023:DEBUG:setData: Setting CH3Cl_emissions[1860]=4265.4096
Tue Mar 21 15:37:29 2023:DEBUG:setData: Setting CH3Cl_emissions[1861]=4268.1198
Tue Mar 21 15:37:29 2023:DEBUG:setData: Setting CH3Cl_emissions[1862]=4267.612
Tue Mar 21 15:37:29 2023:DEBUG:setData: Setting CH3Cl_emissions[1863]=4268.552
Tue Mar 21 15:37:29 2023:DEBUG:setData: Setting CH3Cl_emissions[1864]=4268.2247
Tue Mar 21 15:37:29 2023:DEBUG:setData: Setting CH3Cl_emissions[1865]=4267.4623
Tue Mar 21 15:37:29 2023:DEBUG:setData: Setting CH3Cl_emissions[1866]=4267.1368
Tue Mar 21 15:37:29 2023:DEBUG:setData: Setting CH3Cl_emissions[1867]=4267.5026
Tue Mar 21 15:37:29 2023:DEBUG:setData: Setting CH3Cl_emissions[1868]=4265.4483
Tue Mar 21 15:37:29 2023:DEBUG:setData: Setting CH3Cl_emissions[1869]=4267.4609
Tue Mar 21 15:37:29 2023:DEBUG:setData: Setting CH3Cl_emissions[1870]=4265.5174
Tue Mar 21 15:37:29 2023:DEBUG:setData: Setting CH3Cl_emissions[1871]=4267.3856
Tue Mar 21 15:37:29 2023:DEBUG:setData: Setting CH3Cl_emissions[1872]=4268.5441
Tue Mar 21 15:37:29 2023:DEBUG:setData: Setting CH3Cl_emissions[1873]=4267.5705
Tue Mar 21 15:37:29 2023:DEBUG:setData: Setting CH3Cl_emissions[1874]=4265.0843
Tue Mar 21 15:37:29 2023:DEBUG:setData: Setting CH3Cl_emissions[1875]=4267.5065
Tue Mar 21 15:37:29 2023:DEBUG:setData: Setting CH3Cl_emissions[1876]=4265.968
Tue Mar 21 15:37:29 2023:DEBUG:setData: Setting CH3Cl_emissions[1877]=4267.3608
Tue Mar 21 15:37:29 2023:DEBUG:setData: Setting CH3Cl_emissions[1878]=4267.1759
Tue Mar 21 15:37:29 2023:DEBUG:setData: Setting CH3Cl_emissions[1879]=4264.8396
Tue Mar 21 15:37:29 2023:DEBUG:setData: Setting CH3Cl_emissions[1880]=4264.9162
Tue Mar 21 15:37:29 2023:DEBUG:setData: Setting CH3Cl_emissions[1881]=4267.4079
Tue Mar 21 15:37:29 2023:DEBUG:setData: Setting CH3Cl_emissions[1882]=4267.3266
Tue Mar 21 15:37:29 2023:DEBUG:setData: Setting CH3Cl_emissions[1883]=4268.979
Tue Mar 21 15:37:29 2023:DEBUG:setData: Setting CH3Cl_emissions[1884]=4267.7345
Tue Mar 21 15:37:29 2023:DEBUG:setData: Setting CH3Cl_emissions[1885]=4267.8727
Tue Mar 21 15:37:29 2023:DEBUG:setData: Setting CH3Cl_emissions[1886]=4267.7531
Tue Mar 21 15:37:29 2023:DEBUG:setData: Setting CH3Cl_emissions[1887]=4268.4538
Tue Mar 21 15:37:29 2023:DEBUG:setData: Setting CH3Cl_emissions[1888]=4266.6433
Tue Mar 21 15:37:29 2023:DEBUG:setData: Setting CH3Cl_emissions[1889]=4268.9657
Tue Mar 21 15:37:29 2023:DEBUG:setData: Setting CH3Cl_emissions[1890]=4267.5425
Tue Mar 21 15:37:29 2023:DEBUG:setData: Setting CH3Cl_emissions[1891]=4269.7366
Tue Mar 21 15:37:29 2023:DEBUG:setData: Setting CH3Cl_emissions[1892]=4270.6504
Tue Mar 21 15:37:29 2023:DEBUG:setData: Setting CH3Cl_emissions[1893]=4270.0783
Tue Mar 21 15:37:29 2023:DEBUG:setData: Setting CH3Cl_emissions[1894]=4267.5063
Tue Mar 21 15:37:29 2023:DEBUG:setData: Setting CH3Cl_emissions[1895]=4269.4251
Tue Mar 21 15:37:29 2023:DEBUG:setData: Setting CH3Cl_emissions[1896]=4269.4252
Tue Mar 21 15:37:29 2023:DEBUG:setData: Setting CH3Cl_emissions[1897]=4270.9718
Tue Mar 21 15:37:29 2023:DEBUG:setData: Setting CH3Cl_emissions[1898]=4271.9281
Tue Mar 21 15:37:29 2023:DEBUG:setData: Setting CH3Cl_emissions[1899]=4269.8993
Tue Mar 21 15:37:29 2023:DEBUG:setData: Setting CH3Cl_emissions[1900]=4270.3344
Tue Mar 21 15:37:29 2023:DEBUG:setData: Setting CH3Cl_emissions[1901]=4273.3046
Tue Mar 21 15:37:29 2023:DEBUG:setData: Setting CH3Cl_emissions[1902]=4273.708
Tue Mar 21 15:37:29 2023:DEBUG:setData: Setting CH3Cl_emissions[1903]=4276.1561
Tue Mar 21 15:37:29 2023:DEBUG:setData: Setting CH3Cl_emissions[1904]=4275.3063
Tue Mar 21 15:37:29 2023:DEBUG:setData: Setting CH3Cl_emissions[1905]=4275.8152
Tue Mar 21 15:37:29 2023:DEBUG:setData: Setting CH3Cl_emissions[1906]=4276.7286
Tue Mar 21 15:37:29 2023:DEBUG:setData: Setting CH3Cl_emissions[1907]=4278.822
Tue Mar 21 15:37:29 2023:DEBUG:setData: Setting CH3Cl_emissions[1908]=4277.6586
Tue Mar 21 15:37:29 2023:DEBUG:setData: Setting CH3Cl_emissions[1909]=4279.824
Tue Mar 21 15:37:29 2023:DEBUG:setData: Setting CH3Cl_emissions[1910]=4278.7248
Tue Mar 21 15:37:29 2023:DEBUG:setData: Setting CH3Cl_emissions[1911]=4281.7592
Tue Mar 21 15:37:29 2023:DEBUG:setData: Setting CH3Cl_emissions[1912]=4283.4718
Tue Mar 21 15:37:29 2023:DEBUG:setData: Setting CH3Cl_emissions[1913]=4284.5046
Tue Mar 21 15:37:29 2023:DEBUG:setData: Setting CH3Cl_emissions[1914]=4281.5767
Tue Mar 21 15:37:29 2023:DEBUG:setData: Setting CH3Cl_emissions[1915]=4285.4105
Tue Mar 21 15:37:29 2023:DEBUG:setData: Setting CH3Cl_emissions[1916]=4286.831
Tue Mar 21 15:37:29 2023:DEBUG:setData: Setting CH3Cl_emissions[1917]=4290.7275
Tue Mar 21 15:37:29 2023:DEBUG:setData: Setting CH3Cl_emissions[1918]=4290.7462
Tue Mar 21 15:37:29 2023:DEBUG:setData: Setting CH3Cl_emissions[1919]=4288.8202
Tue Mar 21 15:37:29 2023:DEBUG:setData: Setting CH3Cl_emissions[1920]=4292.2427
Tue Mar 21 15:37:29 2023:DEBUG:setData: Setting CH3Cl_emissions[1921]=4293.7261
Tue Mar 21 15:37:29 2023:DEBUG:setData: Setting CH3Cl_emissions[1922]=4296.0327
Tue Mar 21 15:37:29 2023:DEBUG:setData: Setting CH3Cl_emissions[1923]=4299.8026
Tue Mar 21 15:37:29 2023:DEBUG:setData: Setting CH3Cl_emissions[1924]=4300.5175
Tue Mar 21 15:37:29 2023:DEBUG:setData: Setting CH3Cl_emissions[1925]=4302.8128
Tue Mar 21 15:37:29 2023:DEBUG:setData: Setting CH3Cl_emissions[1926]=4305.4116
Tue Mar 21 15:37:29 2023:DEBUG:setData: Setting CH3Cl_emissions[1927]=4305.3352
Tue Mar 21 15:37:29 2023:DEBUG:setData: Setting CH3Cl_emissions[1928]=4302.3537
Tue Mar 21 15:37:29 2023:DEBUG:setData: Setting CH3Cl_emissions[1929]=4297.9849
Tue Mar 21 15:37:29 2023:DEBUG:setData: Setting CH3Cl_emissions[1930]=4287.8382
Tue Mar 21 15:37:29 2023:DEBUG:setData: Setting CH3Cl_emissions[1931]=4282.6938
Tue Mar 21 15:37:29 2023:DEBUG:setData: Setting CH3Cl_emissions[1932]=4276.7559
Tue Mar 21 15:37:29 2023:DEBUG:setData: Setting CH3Cl_emissions[1933]=4271.2585
Tue Mar 21 15:37:29 2023:DEBUG:setData: Setting CH3Cl_emissions[1934]=4272.3774
Tue Mar 21 15:37:29 2023:DEBUG:setData: Setting CH3Cl_emissions[1935]=4272.1486
Tue Mar 21 15:37:29 2023:DEBUG:setData: Setting CH3Cl_emissions[1936]=4275.9063
Tue Mar 21 15:37:29 2023:DEBUG:setData: Setting CH3Cl_emissions[1937]=4275.9946
Tue Mar 21 15:37:29 2023:DEBUG:setData: Setting CH3Cl_emissions[1938]=4271.2734
Tue Mar 21 15:37:29 2023:DEBUG:setData: Setting CH3Cl_emissions[1939]=4270.1197
Tue Mar 21 15:37:29 2023:DEBUG:setData: Setting CH3Cl_emissions[1940]=4276.3916
Tue Mar 21 15:37:29 2023:DEBUG:setData: Setting CH3Cl_emissions[1941]=4282.9257
Tue Mar 21 15:37:29 2023:DEBUG:setData: Setting CH3Cl_emissions[1942]=4303.7401
Tue Mar 21 15:37:29 2023:DEBUG:setData: Setting CH3Cl_emissions[1943]=4331.4951
Tue Mar 21 15:37:29 2023:DEBUG:setData: Setting CH3Cl_emissions[1944]=4354.745
Tue Mar 21 15:37:29 2023:DEBUG:setData: Setting CH3Cl_emissions[1945]=4376.5008
Tue Mar 21 15:37:29 2023:DEBUG:setData: Setting CH3Cl_emissions[1946]=4399.6117
Tue Mar 21 15:37:29 2023:DEBUG:setData: Setting CH3Cl_emissions[1947]=4428.0553
Tue Mar 21 15:37:29 2023:DEBUG:setData: Setting CH3Cl_emissions[1948]=4451.0369
Tue Mar 21 15:37:29 2023:DEBUG:setData: Setting CH3Cl_emissions[1949]=4466.7618
Tue Mar 21 15:37:29 2023:DEBUG:setData: Setting CH3Cl_emissions[1950]=4499.2896
Tue Mar 21 15:37:29 2023:DEBUG:setData: Setting CH3Cl_emissions[1951]=4529.1876
Tue Mar 21 15:37:29 2023:DEBUG:setData: Setting CH3Cl_emissions[1952]=4558.7052
Tue Mar 21 15:37:29 2023:DEBUG:setData: Setting CH3Cl_emissions[1953]=4600.7084
Tue Mar 21 15:37:29 2023:DEBUG:setData: Setting CH3Cl_emissions[1954]=4629.2231
Tue Mar 21 15:37:29 2023:DEBUG:setData: Setting CH3Cl_emissions[1955]=4666.3367
Tue Mar 21 15:37:29 2023:DEBUG:setData: Setting CH3Cl_emissions[1956]=4699.2729
Tue Mar 21 15:37:29 2023:DEBUG:setData: Setting CH3Cl_emissions[1957]=4733.2024
Tue Mar 21 15:37:29 2023:DEBUG:setData: Setting CH3Cl_emissions[1958]=4771.3965
Tue Mar 21 15:37:29 2023:DEBUG:setData: Setting CH3Cl_emissions[1959]=4808.726
Tue Mar 21 15:37:29 2023:DEBUG:setData: Setting CH3Cl_emissions[1960]=4847.0424
Tue Mar 21 15:37:29 2023:DEBUG:setData: Setting CH3Cl_emissions[1961]=4864.0212
Tue Mar 21 15:37:29 2023:DEBUG:setData: Setting CH3Cl_emissions[1962]=4895.6486
Tue Mar 21 15:37:29 2023:DEBUG:setData: Setting CH3Cl_emissions[1963]=4904.2354
Tue Mar 21 15:37:29 2023:DEBUG:setData: Setting CH3Cl_emissions[1964]=4933.087
Tue Mar 21 15:37:29 2023:DEBUG:setData: Setting CH3Cl_emissions[1965]=4953.0596
Tue Mar 21 15:37:29 2023:DEBUG:setData: Setting CH3Cl_emissions[1966]=4976.4474
Tue Mar 21 15:37:29 2023:DEBUG:setData: Setting CH3Cl_emissions[1967]=4995.4184
Tue Mar 21 15:37:29 2023:DEBUG:setData: Setting CH3Cl_emissions[1968]=5029.5667
Tue Mar 21 15:37:29 2023:DEBUG:setData: Setting CH3Cl_emissions[1969]=5026.2804
Tue Mar 21 15:37:29 2023:DEBUG:setData: Setting CH3Cl_emissions[1970]=5048.3132
Tue Mar 21 15:37:29 2023:DEBUG:setData: Setting CH3Cl_emissions[1971]=5067.5026
Tue Mar 21 15:37:29 2023:DEBUG:setData: Setting CH3Cl_emissions[1972]=5079.1924
Tue Mar 21 15:37:29 2023:DEBUG:setData: Setting CH3Cl_emissions[1973]=5118.3195
Tue Mar 21 15:37:29 2023:DEBUG:setData: Setting CH3Cl_emissions[1974]=5113.8208
Tue Mar 21 15:37:29 2023:DEBUG:setData: Setting CH3Cl_emissions[1975]=5104.4298
Tue Mar 21 15:37:29 2023:DEBUG:setData: Setting CH3Cl_emissions[1976]=5104.2152
Tue Mar 21 15:37:29 2023:DEBUG:setData: Setting CH3Cl_emissions[1977]=5117.6518
Tue Mar 21 15:37:29 2023:DEBUG:setData: Setting CH3Cl_emissions[1978]=5132.0601
Tue Mar 21 15:37:29 2023:DEBUG:setData: Setting CH3Cl_emissions[1979]=5138.651
Tue Mar 21 15:37:29 2023:DEBUG:setData: Setting CH3Cl_emissions[1980]=5131.8984
Tue Mar 21 15:37:29 2023:DEBUG:setData: Setting CH3Cl_emissions[1981]=5123.4643
Tue Mar 21 15:37:29 2023:DEBUG:setData: Setting CH3Cl_emissions[1982]=5083.3728
Tue Mar 21 15:37:29 2023:DEBUG:setData: Setting CH3Cl_emissions[1983]=5047.3484
Tue Mar 21 15:37:29 2023:DEBUG:setData: Setting CH3Cl_emissions[1984]=5054.1956
Tue Mar 21 15:37:29 2023:DEBUG:setData: Setting CH3Cl_emissions[1985]=5072.7864
Tue Mar 21 15:37:29 2023:DEBUG:setData: Setting CH3Cl_emissions[1986]=5079.9439
Tue Mar 21 15:37:29 2023:DEBUG:setData: Setting CH3Cl_emissions[1987]=5087.8651
Tue Mar 21 15:37:29 2023:DEBUG:setData: Setting CH3Cl_emissions[1988]=5119.7697
Tue Mar 21 15:37:29 2023:DEBUG:setData: Setting CH3Cl_emissions[1989]=5139.3872
Tue Mar 21 15:37:29 2023:DEBUG:setData: Setting CH3Cl_emissions[1990]=5137.248
Tue Mar 21 15:37:29 2023:DEBUG:setData: Setting CH3Cl_emissions[1991]=5089.9323
Tue Mar 21 15:37:29 2023:DEBUG:setData: Setting CH3Cl_emissions[1992]=5056.1355
Tue Mar 21 15:37:29 2023:DEBUG:setData: Setting CH3Cl_emissions[1993]=5078.4684
Tue Mar 21 15:37:29 2023:DEBUG:setData: Setting CH3Cl_emissions[1994]=5003.2837
Tue Mar 21 15:37:29 2023:DEBUG:setData: Setting CH3Cl_emissions[1995]=5016.3948
Tue Mar 21 15:37:29 2023:DEBUG:setData: Setting CH3Cl_emissions[1996]=5297.7083
Tue Mar 21 15:37:29 2023:DEBUG:setData: Setting CH3Cl_emissions[1997]=5288.9251
Tue Mar 21 15:37:29 2023:DEBUG:setData: Setting CH3Cl_emissions[1998]=5175.5355
Tue Mar 21 15:37:29 2023:DEBUG:setData: Setting CH3Cl_emissions[1999]=5112.4264
Tue Mar 21 15:37:29 2023:DEBUG:setData: Setting CH3Cl_emissions[2000]=5074.2696
Tue Mar 21 15:37:29 2023:DEBUG:setData: Setting CH3Cl_emissions[2001]=5094.2258
Tue Mar 21 15:37:29 2023:DEBUG:setData: Setting CH3Cl_emissions[2002]=5096.5932
Tue Mar 21 15:37:29 2023:DEBUG:setData: Setting CH3Cl_emissions[2003]=5113.7538
Tue Mar 21 15:37:29 2023:DEBUG:setData: Setting CH3Cl_emissions[2004]=5141.4447
Tue Mar 21 15:37:29 2023:DEBUG:setData: Setting CH3Cl_emissions[2005]=5209.9819
Tue Mar 21 15:37:29 2023:DEBUG:setData: Setting CH3Cl_emissions[2006]=5272.2746
Tue Mar 21 15:37:29 2023:DEBUG:setData: Setting CH3Cl_emissions[2007]=5250.6823
Tue Mar 21 15:37:29 2023:DEBUG:setData: Setting CH3Cl_emissions[2008]=5191.6855
Tue Mar 21 15:37:29 2023:DEBUG:setData: Setting CH3Cl_emissions[2009]=5145.2658
Tue Mar 21 15:37:29 2023:DEBUG:setData: Setting CH3Cl_emissions[2010]=5179.9719
Tue Mar 21 15:37:29 2023:DEBUG:setData: Setting CH3Cl_emissions[2011]=5252.9333
Tue Mar 21 15:37:29 2023:DEBUG:setData: Setting CH3Cl_emissions[2012]=5232.3317
Tue Mar 21 15:37:29 2023:DEBUG:setData: Setting CH3Cl_emissions[2013]=5231.2321
Tue Mar 21 15:37:29 2023:DEBUG:setData: Setting CH3Cl_emissions[2014]=5358.4982
Tue Mar 21 15:37:29 2023:DEBUG:setData: Setting CH3Cl_emissions[2015]=5404.8069
Tue Mar 21 15:37:29 2023:DEBUG:setData: Setting CH3Cl_emissions[2016]=5402.94348
Tue Mar 21 15:37:29 2023:DEBUG:setData: Setting CH3Cl_emissions[2017]=5401.08006
Tue Mar 21 15:37:29 2023:DEBUG:setData: Setting CH3Cl_emissions[2018]=5399.21664
Tue Mar 21 15:37:29 2023:DEBUG:setData: Setting CH3Cl_emissions[2019]=5397.35322
Tue Mar 21 15:37:29 2023:DEBUG:setData: Setting CH3Cl_emissions[2020]=5395.4898
Tue Mar 21 15:37:29 2023:DEBUG:setData: Setting CH3Cl_emissions[2021]=5394.95176
Tue Mar 21 15:37:29 2023:DEBUG:setData: Setting CH3Cl_emissions[2022]=5394.41372
Tue Mar 21 15:37:29 2023:DEBUG:setData: Setting CH3Cl_emissions[2023]=5393.87568
Tue Mar 21 15:37:29 2023:DEBUG:setData: Setting CH3Cl_emissions[2024]=5393.33764
Tue Mar 21 15:37:29 2023:DEBUG:setData: Setting CH3Cl_emissions[2025]=5392.7996
Tue Mar 21 15:37:29 2023:DEBUG:setData: Setting CH3Cl_emissions[2026]=5392.26156
Tue Mar 21 15:37:29 2023:DEBUG:setData: Setting CH3Cl_emissions[2027]=5391.72352
Tue Mar 21 15:37:29 2023:DEBUG:setData: Setting CH3Cl_emissions[2028]=5391.18548
Tue Mar 21 15:37:29 2023:DEBUG:setData: Setting CH3Cl_emissions[2029]=5390.64744
Tue Mar 21 15:37:29 2023:DEBUG:setData: Setting CH3Cl_emissions[2030]=5390.1094
Tue Mar 21 15:37:29 2023:DEBUG:setData: Setting CH3Cl_emissions[2031]=5384.05172
Tue Mar 21 15:37:29 2023:DEBUG:setData: Setting CH3Cl_emissions[2032]=5377.99404
Tue Mar 21 15:37:29 2023:DEBUG:setData: Setting CH3Cl_emissions[2033]=5371.93636
Tue Mar 21 15:37:29 2023:DEBUG:setData: Setting CH3Cl_emissions[2034]=5365.87868
Tue Mar 21 15:37:29 2023:DEBUG:setData: Setting CH3Cl_emissions[2035]=5359.821
Tue Mar 21 15:37:29 2023:DEBUG:setData: Setting CH3Cl_emissions[2036]=5353.76332
Tue Mar 21 15:37:29 2023:DEBUG:setData: Setting CH3Cl_emissions[2037]=5347.70564
Tue Mar 21 15:37:29 2023:DEBUG:setData: Setting CH3Cl_emissions[2038]=5341.64796
Tue Mar 21 15:37:29 2023:DEBUG:setData: Setting CH3Cl_emissions[2039]=5335.59028
Tue Mar 21 15:37:29 2023:DEBUG:setData: Setting CH3Cl_emissions[2040]=5329.5326
Tue Mar 21 15:37:29 2023:DEBUG:setData: Setting CH3Cl_emissions[2041]=5322.43208
Tue Mar 21 15:37:29 2023:DEBUG:setData: Setting CH3Cl_emissions[2042]=5315.33156
Tue Mar 21 15:37:29 2023:DEBUG:setData: Setting CH3Cl_emissions[2043]=5308.23104
Tue Mar 21 15:37:29 2023:DEBUG:setData: Setting CH3Cl_emissions[2044]=5301.13052
Tue Mar 21 15:37:29 2023:DEBUG:setData: Setting CH3Cl_emissions[2045]=5294.03
Tue Mar 21 15:37:29 2023:DEBUG:setData: Setting CH3Cl_emissions[2046]=5286.92948
Tue Mar 21 15:37:29 2023:DEBUG:setData: Setting CH3Cl_emissions[2047]=5279.82896
Tue Mar 21 15:37:29 2023:DEBUG:setData: Setting CH3Cl_emissions[2048]=5272.72844
Tue Mar 21 15:37:29 2023:DEBUG:setData: Setting CH3Cl_emissions[2049]=5265.62792
Tue Mar 21 15:37:29 2023:DEBUG:setData: Setting CH3Cl_emissions[2050]=5258.5274
Tue Mar 21 15:37:29 2023:DEBUG:setData: Setting CH3Cl_emissions[2051]=5239.04874
Tue Mar 21 15:37:29 2023:DEBUG:setData: Setting CH3Cl_emissions[2052]=5219.57008
Tue Mar 21 15:37:29 2023:DEBUG:setData: Setting CH3Cl_emissions[2053]=5200.09142
Tue Mar 21 15:37:29 2023:DEBUG:setData: Setting CH3Cl_emissions[2054]=5180.61276
Tue Mar 21 15:37:29 2023:DEBUG:setData: Setting CH3Cl_emissions[2055]=5161.1341
Tue Mar 21 15:37:29 2023:DEBUG:setData: Setting CH3Cl_emissions[2056]=5141.65544
Tue Mar 21 15:37:29 2023:DEBUG:setData: Setting CH3Cl_emissions[2057]=5122.17678
Tue Mar 21 15:37:29 2023:DEBUG:setData: Setting CH3Cl_emissions[2058]=5102.69812
Tue Mar 21 15:37:29 2023:DEBUG:setData: Setting CH3Cl_emissions[2059]=5083.21946
Tue Mar 21 15:37:29 2023:DEBUG:setData: Setting CH3Cl_emissions[2060]=5063.7408
Tue Mar 21 15:37:29 2023:DEBUG:setData: Setting CH3Cl_emissions[2061]=5050.16298
Tue Mar 21 15:37:29 2023:DEBUG:setData: Setting CH3Cl_emissions[2062]=5036.58516
Tue Mar 21 15:37:29 2023:DEBUG:setData: Setting CH3Cl_emissions[2063]=5023.00734
Tue Mar 21 15:37:29 2023:DEBUG:setData: Setting CH3Cl_emissions[2064]=5009.42952
Tue Mar 21 15:37:29 2023:DEBUG:setData: Setting CH3Cl_emissions[2065]=4995.8517
Tue Mar 21 15:37:29 2023:DEBUG:setData: Setting CH3Cl_emissions[2066]=4982.27388
Tue Mar 21 15:37:29 2023:DEBUG:setData: Setting CH3Cl_emissions[2067]=4968.69606
Tue Mar 21 15:37:29 2023:DEBUG:setData: Setting CH3Cl_emissions[2068]=4955.11824
Tue Mar 21 15:37:29 2023:DEBUG:setData: Setting CH3Cl_emissions[2069]=4941.54042
Tue Mar 21 15:37:29 2023:DEBUG:setData: Setting CH3Cl_emissions[2070]=4927.9626
Tue Mar 21 15:37:29 2023:DEBUG:setData: Setting CH3Cl_emissions[2071]=4903.14712
Tue Mar 21 15:37:29 2023:DEBUG:setData: Setting CH3Cl_emissions[2072]=4878.33164
Tue Mar 21 15:37:29 2023:DEBUG:setData: Setting CH3Cl_emissions[2073]=4853.51616
Tue Mar 21 15:37:29 2023:DEBUG:setData: Setting CH3Cl_emissions[2074]=4828.70068
Tue Mar 21 15:37:29 2023:DEBUG:setData: Setting CH3Cl_emissions[2075]=4803.8852
Tue Mar 21 15:37:29 2023:DEBUG:setData: Setting CH3Cl_emissions[2076]=4779.06972
Tue Mar 21 15:37:29 2023:DEBUG:setData: Setting CH3Cl_emissions[2077]=4754.25424
Tue Mar 21 15:37:29 2023:DEBUG:setData: Setting CH3Cl_emissions[2078]=4729.43876
Tue Mar 21 15:37:29 2023:DEBUG:setData: Setting CH3Cl_emissions[2079]=4704.62328
Tue Mar 21 15:37:29 2023:DEBUG:setData: Setting CH3Cl_emissions[2080]=4679.8078
Tue Mar 21 15:37:29 2023:DEBUG:setData: Setting CH3Cl_emissions[2081]=4675.23754
Tue Mar 21 15:37:29 2023:DEBUG:setData: Setting CH3Cl_emissions[2082]=4670.66728
Tue Mar 21 15:37:29 2023:DEBUG:setData: Setting CH3Cl_emissions[2083]=4666.09702
Tue Mar 21 15:37:29 2023:DEBUG:setData: Setting CH3Cl_emissions[2084]=4661.52676
Tue Mar 21 15:37:29 2023:DEBUG:setData: Setting CH3Cl_emissions[2085]=4656.9565
Tue Mar 21 15:37:29 2023:DEBUG:setData: Setting CH3Cl_emissions[2086]=4652.38624
Tue Mar 21 15:37:29 2023:DEBUG:setData: Setting CH3Cl_emissions[2087]=4647.81598
Tue Mar 21 15:37:29 2023:DEBUG:setData: Setting CH3Cl_emissions[2088]=4643.24572
Tue Mar 21 15:37:29 2023:DEBUG:setData: Setting CH3Cl_emissions[2089]=4638.67546
Tue Mar 21 15:37:29 2023:DEBUG:setData: Setting CH3Cl_emissions[2090]=4634.1052
Tue Mar 21 15:37:29 2023:DEBUG:setData: Setting CH3Cl_emissions[2091]=4631.96653
Tue Mar 21 15:37:29 2023:DEBUG:setData: Setting CH3Cl_emissions[2092]=4629.82786
Tue Mar 21 15:37:29 2023:DEBUG:setData: Setting CH3Cl_emissions[2093]=4627.68919
Tue Mar 21 15:37:29 2023:DEBUG:setData: Setting CH3Cl_emissions[2094]=4625.55052
Tue Mar 21 15:37:29 2023:DEBUG:setData: Setting CH3Cl_emissions[2095]=4623.41185
Tue Mar 21 15:37:29 2023:DEBUG:setData: Setting CH3Cl_emissions[2096]=4621.27318
Tue Mar 21 15:37:29 2023:DEBUG:setData: Setting CH3Cl_emissions[2097]=4619.13451
Tue Mar 21 15:37:29 2023:DEBUG:setData: Setting CH3Cl_emissions[2098]=4616.99584
Tue Mar 21 15:37:29 2023:DEBUG:setData: Setting CH3Cl_emissions[2099]=4614.85717
Tue Mar 21 15:37:29 2023:DEBUG:setData: Setting CH3Cl_emissions[2100]=4612.7185
Tue Mar 21 15:37:29 2023:DEBUG:setData: Setting CH3Cl_emissions[2101]=4581.967043
Tue Mar 21 15:37:29 2023:DEBUG:setData: Setting CH3Cl_emissions[2102]=4551.215587
Tue Mar 21 15:37:29 2023:DEBUG:setData: Setting CH3Cl_emissions[2103]=4520.46413
Tue Mar 21 15:37:29 2023:DEBUG:setData: Setting CH3Cl_emissions[2104]=4489.712673
Tue Mar 21 15:37:29 2023:DEBUG:setData: Setting CH3Cl_emissions[2105]=4458.961217
Tue Mar 21 15:37:29 2023:DEBUG:setData: Setting CH3Cl_emissions[2106]=4428.20976
Tue Mar 21 15:37:29 2023:DEBUG:setData: Setting CH3Cl_emissions[2107]=4397.458303
Tue Mar 21 15:37:29 2023:DEBUG:setData: Setting CH3Cl_emissions[2108]=4366.706847
Tue Mar 21 15:37:29 2023:DEBUG:setData: Setting CH3Cl_emissions[2109]=4335.95539
Tue Mar 21 15:37:29 2023:DEBUG:setData: Setting CH3Cl_emissions[2110]=4305.203933
Tue Mar 21 15:37:29 2023:DEBUG:setData: Setting CH3Cl_emissions[2111]=4274.452477
Tue Mar 21 15:37:29 2023:DEBUG:setData: Setting CH3Cl_emissions[2112]=4243.70102
Tue Mar 21 15:37:29 2023:DEBUG:setData: Setting CH3Cl_emissions[2113]=4212.949563
Tue Mar 21 15:37:29 2023:DEBUG:setData: Setting CH3Cl_emissions[2114]=4182.198107
Tue Mar 21 15:37:29 2023:DEBUG:setData: Setting CH3Cl_emissions[2115]=4151.44665
Tue Mar 21 15:37:29 2023:DEBUG:setData: Setting CH3Cl_emissions[2116]=4120.695193
Tue Mar 21 15:37:29 2023:DEBUG:setData: Setting CH3Cl_emissions[2117]=4089.943737
Tue Mar 21 15:37:29 2023:DEBUG:setData: Setting CH3Cl_emissions[2118]=4059.19228
Tue Mar 21 15:37:29 2023:DEBUG:setData: Setting CH3Cl_emissions[2119]=4028.440823
Tue Mar 21 15:37:29 2023:DEBUG:setData: Setting CH3Cl_emissions[2120]=3997.689367
Tue Mar 21 15:37:29 2023:DEBUG:setData: Setting CH3Cl_emissions[2121]=3966.93791
Tue Mar 21 15:37:29 2023:DEBUG:setData: Setting CH3Cl_emissions[2122]=3936.186453
Tue Mar 21 15:37:29 2023:DEBUG:setData: Setting CH3Cl_emissions[2123]=3905.434997
Tue Mar 21 15:37:29 2023:DEBUG:setData: Setting CH3Cl_emissions[2124]=3874.68354
Tue Mar 21 15:37:29 2023:DEBUG:setData: Setting CH3Cl_emissions[2125]=3843.932083
Tue Mar 21 15:37:29 2023:DEBUG:setData: Setting CH3Cl_emissions[2126]=3813.180627
Tue Mar 21 15:37:29 2023:DEBUG:setData: Setting CH3Cl_emissions[2127]=3782.42917
Tue Mar 21 15:37:29 2023:DEBUG:setData: Setting CH3Cl_emissions[2128]=3751.677713
Tue Mar 21 15:37:29 2023:DEBUG:setData: Setting CH3Cl_emissions[2129]=3720.926257
Tue Mar 21 15:37:29 2023:DEBUG:setData: Setting CH3Cl_emissions[2130]=3690.1748
Tue Mar 21 15:37:29 2023:DEBUG:setData: Setting CH3Cl_emissions[2131]=3659.423343
Tue Mar 21 15:37:29 2023:DEBUG:setData: Setting CH3Cl_emissions[2132]=3628.671887
Tue Mar 21 15:37:29 2023:DEBUG:setData: Setting CH3Cl_emissions[2133]=3597.92043
Tue Mar 21 15:37:29 2023:DEBUG:setData: Setting CH3Cl_emissions[2134]=3567.168973
Tue Mar 21 15:37:29 2023:DEBUG:setData: Setting CH3Cl_emissions[2135]=3536.417517
Tue Mar 21 15:37:29 2023:DEBUG:setData: Setting CH3Cl_emissions[2136]=3505.66606
Tue Mar 21 15:37:29 2023:DEBUG:setData: Setting CH3Cl_emissions[2137]=3474.914603
Tue Mar 21 15:37:29 2023:DEBUG:setData: Setting CH3Cl_emissions[2138]=3444.163147
Tue Mar 21 15:37:29 2023:DEBUG:setData: Setting CH3Cl_emissions[2139]=3413.41169
Tue Mar 21 15:37:29 2023:DEBUG:setData: Setting CH3Cl_emissions[2140]=3382.660233
Tue Mar 21 15:37:29 2023:DEBUG:setData: Setting CH3Cl_emissions[2141]=3351.908777
Tue Mar 21 15:37:29 2023:DEBUG:setData: Setting CH3Cl_emissions[2142]=3321.15732
Tue Mar 21 15:37:29 2023:DEBUG:setData: Setting CH3Cl_emissions[2143]=3290.405863
Tue Mar 21 15:37:29 2023:DEBUG:setData: Setting CH3Cl_emissions[2144]=3259.654407
Tue Mar 21 15:37:29 2023:DEBUG:setData: Setting CH3Cl_emissions[2145]=3228.90295
Tue Mar 21 15:37:29 2023:DEBUG:setData: Setting CH3Cl_emissions[2146]=3198.151493
Tue Mar 21 15:37:29 2023:DEBUG:setData: Setting CH3Cl_emissions[2147]=3167.400037
Tue Mar 21 15:37:29 2023:DEBUG:setData: Setting CH3Cl_emissions[2148]=3136.64858
Tue Mar 21 15:37:29 2023:DEBUG:setData: Setting CH3Cl_emissions[2149]=3105.897123
Tue Mar 21 15:37:29 2023:DEBUG:setData: Setting CH3Cl_emissions[2150]=3075.145667
Tue Mar 21 15:37:29 2023:DEBUG:setData: Setting CH3Cl_emissions[2151]=3044.39421
Tue Mar 21 15:37:29 2023:DEBUG:setData: Setting CH3Cl_emissions[2152]=3013.642753
Tue Mar 21 15:37:29 2023:DEBUG:setData: Setting CH3Cl_emissions[2153]=2982.891297
Tue Mar 21 15:37:29 2023:DEBUG:setData: Setting CH3Cl_emissions[2154]=2952.13984
Tue Mar 21 15:37:29 2023:DEBUG:setData: Setting CH3Cl_emissions[2155]=2921.388383
Tue Mar 21 15:37:29 2023:DEBUG:setData: Setting CH3Cl_emissions[2156]=2890.636927
Tue Mar 21 15:37:29 2023:DEBUG:setData: Setting CH3Cl_emissions[2157]=2859.88547
Tue Mar 21 15:37:29 2023:DEBUG:setData: Setting CH3Cl_emissions[2158]=2829.134013
Tue Mar 21 15:37:29 2023:DEBUG:setData: Setting CH3Cl_emissions[2159]=2798.382557
Tue Mar 21 15:37:29 2023:DEBUG:setData: Setting CH3Cl_emissions[2160]=2767.6311
Tue Mar 21 15:37:29 2023:DEBUG:setData: Setting CH3Cl_emissions[2161]=2736.879643
Tue Mar 21 15:37:29 2023:DEBUG:setData: Setting CH3Cl_emissions[2162]=2706.128187
Tue Mar 21 15:37:29 2023:DEBUG:setData: Setting CH3Cl_emissions[2163]=2675.37673
Tue Mar 21 15:37:29 2023:DEBUG:setData: Setting CH3Cl_emissions[2164]=2644.625273
Tue Mar 21 15:37:29 2023:DEBUG:setData: Setting CH3Cl_emissions[2165]=2613.873817
Tue Mar 21 15:37:29 2023:DEBUG:setData: Setting CH3Cl_emissions[2166]=2583.12236
Tue Mar 21 15:37:29 2023:DEBUG:setData: Setting CH3Cl_emissions[2167]=2552.370903
Tue Mar 21 15:37:29 2023:DEBUG:setData: Setting CH3Cl_emissions[2168]=2521.619447
Tue Mar 21 15:37:29 2023:DEBUG:setData: Setting CH3Cl_emissions[2169]=2490.86799
Tue Mar 21 15:37:29 2023:DEBUG:setData: Setting CH3Cl_emissions[2170]=2460.116533
Tue Mar 21 15:37:29 2023:DEBUG:setData: Setting CH3Cl_emissions[2171]=2429.365077
Tue Mar 21 15:37:29 2023:DEBUG:setData: Setting CH3Cl_emissions[2172]=2398.61362
Tue Mar 21 15:37:29 2023:DEBUG:setData: Setting CH3Cl_emissions[2173]=2367.862163
Tue Mar 21 15:37:29 2023:DEBUG:setData: Setting CH3Cl_emissions[2174]=2337.110707
Tue Mar 21 15:37:29 2023:DEBUG:setData: Setting CH3Cl_emissions[2175]=2306.35925
Tue Mar 21 15:37:29 2023:DEBUG:setData: Setting CH3Cl_emissions[2176]=2275.607793
Tue Mar 21 15:37:29 2023:DEBUG:setData: Setting CH3Cl_emissions[2177]=2244.856337
Tue Mar 21 15:37:29 2023:DEBUG:setData: Setting CH3Cl_emissions[2178]=2214.10488
Tue Mar 21 15:37:29 2023:DEBUG:setData: Setting CH3Cl_emissions[2179]=2183.353423
Tue Mar 21 15:37:29 2023:DEBUG:setData: Setting CH3Cl_emissions[2180]=2152.601967
Tue Mar 21 15:37:29 2023:DEBUG:setData: Setting CH3Cl_emissions[2181]=2121.85051
Tue Mar 21 15:37:29 2023:DEBUG:setData: Setting CH3Cl_emissions[2182]=2091.099053
Tue Mar 21 15:37:29 2023:DEBUG:setData: Setting CH3Cl_emissions[2183]=2060.347597
Tue Mar 21 15:37:29 2023:DEBUG:setData: Setting CH3Cl_emissions[2184]=2029.59614
Tue Mar 21 15:37:29 2023:DEBUG:setData: Setting CH3Cl_emissions[2185]=1998.844683
Tue Mar 21 15:37:29 2023:DEBUG:setData: Setting CH3Cl_emissions[2186]=1968.093227
Tue Mar 21 15:37:29 2023:DEBUG:setData: Setting CH3Cl_emissions[2187]=1937.34177
Tue Mar 21 15:37:29 2023:DEBUG:setData: Setting CH3Cl_emissions[2188]=1906.590313
Tue Mar 21 15:37:29 2023:DEBUG:setData: Setting CH3Cl_emissions[2189]=1875.838857
Tue Mar 21 15:37:29 2023:DEBUG:setData: Setting CH3Cl_emissions[2190]=1845.0874
Tue Mar 21 15:37:29 2023:DEBUG:setData: Setting CH3Cl_emissions[2191]=1814.335943
Tue Mar 21 15:37:29 2023:DEBUG:setData: Setting CH3Cl_emissions[2192]=1783.584487
Tue Mar 21 15:37:29 2023:DEBUG:setData: Setting CH3Cl_emissions[2193]=1752.83303
Tue Mar 21 15:37:29 2023:DEBUG:setData: Setting CH3Cl_emissions[2194]=1722.081573
Tue Mar 21 15:37:29 2023:DEBUG:setData: Setting CH3Cl_emissions[2195]=1691.330117
Tue Mar 21 15:37:29 2023:DEBUG:setData: Setting CH3Cl_emissions[2196]=1660.57866
Tue Mar 21 15:37:29 2023:DEBUG:setData: Setting CH3Cl_emissions[2197]=1629.827203
Tue Mar 21 15:37:29 2023:DEBUG:setData: Setting CH3Cl_emissions[2198]=1599.075747
Tue Mar 21 15:37:29 2023:DEBUG:setData: Setting CH3Cl_emissions[2199]=1568.32429
Tue Mar 21 15:37:29 2023:DEBUG:setData: Setting CH3Cl_emissions[2200]=1537.572833
Tue Mar 21 15:37:29 2023:DEBUG:setData: Setting CH3Cl_emissions[2201]=1506.821377
Tue Mar 21 15:37:29 2023:DEBUG:setData: Setting CH3Cl_emissions[2202]=1476.06992
Tue Mar 21 15:37:29 2023:DEBUG:setData: Setting CH3Cl_emissions[2203]=1445.318463
Tue Mar 21 15:37:29 2023:DEBUG:setData: Setting CH3Cl_emissions[2204]=1414.567007
Tue Mar 21 15:37:29 2023:DEBUG:setData: Setting CH3Cl_emissions[2205]=1383.81555
Tue Mar 21 15:37:29 2023:DEBUG:setData: Setting CH3Cl_emissions[2206]=1353.064093
Tue Mar 21 15:37:29 2023:DEBUG:setData: Setting CH3Cl_emissions[2207]=1322.312637
Tue Mar 21 15:37:29 2023:DEBUG:setData: Setting CH3Cl_emissions[2208]=1291.56118
Tue Mar 21 15:37:29 2023:DEBUG:setData: Setting CH3Cl_emissions[2209]=1260.809723
Tue Mar 21 15:37:29 2023:DEBUG:setData: Setting CH3Cl_emissions[2210]=1230.058267
Tue Mar 21 15:37:29 2023:DEBUG:setData: Setting CH3Cl_emissions[2211]=1199.30681
Tue Mar 21 15:37:29 2023:DEBUG:setData: Setting CH3Cl_emissions[2212]=1168.555353
Tue Mar 21 15:37:29 2023:DEBUG:setData: Setting CH3Cl_emissions[2213]=1137.803897
Tue Mar 21 15:37:29 2023:DEBUG:setData: Setting CH3Cl_emissions[2214]=1107.05244
Tue Mar 21 15:37:29 2023:DEBUG:setData: Setting CH3Cl_emissions[2215]=1076.300983
Tue Mar 21 15:37:29 2023:DEBUG:setData: Setting CH3Cl_emissions[2216]=1045.549527
Tue Mar 21 15:37:29 2023:DEBUG:setData: Setting CH3Cl_emissions[2217]=1014.79807
Tue Mar 21 15:37:29 2023:DEBUG:setData: Setting CH3Cl_emissions[2218]=984.0466133
Tue Mar 21 15:37:29 2023:DEBUG:setData: Setting CH3Cl_emissions[2219]=953.2951567
Tue Mar 21 15:37:29 2023:DEBUG:setData: Setting CH3Cl_emissions[2220]=922.5437
Tue Mar 21 15:37:29 2023:DEBUG:setData: Setting CH3Cl_emissions[2221]=891.7922433
Tue Mar 21 15:37:29 2023:DEBUG:setData: Setting CH3Cl_emissions[2222]=861.0407867
Tue Mar 21 15:37:29 2023:DEBUG:setData: Setting CH3Cl_emissions[2223]=830.28933
Tue Mar 21 15:37:29 2023:DEBUG:setData: Setting CH3Cl_emissions[2224]=799.5378733
Tue Mar 21 15:37:29 2023:DEBUG:setData: Setting CH3Cl_emissions[2225]=768.7864167
Tue Mar 21 15:37:29 2023:DEBUG:setData: Setting CH3Cl_emissions[2226]=738.03496
Tue Mar 21 15:37:29 2023:DEBUG:setData: Setting CH3Cl_emissions[2227]=707.2835033
Tue Mar 21 15:37:29 2023:DEBUG:setData: Setting CH3Cl_emissions[2228]=676.5320467
Tue Mar 21 15:37:29 2023:DEBUG:setData: Setting CH3Cl_emissions[2229]=645.78059
Tue Mar 21 15:37:29 2023:DEBUG:setData: Setting CH3Cl_emissions[2230]=615.0291333
Tue Mar 21 15:37:29 2023:DEBUG:setData: Setting CH3Cl_emissions[2231]=584.2776767
Tue Mar 21 15:37:29 2023:DEBUG:setData: Setting CH3Cl_emissions[2232]=553.52622
Tue Mar 21 15:37:29 2023:DEBUG:setData: Setting CH3Cl_emissions[2233]=522.7747633
Tue Mar 21 15:37:29 2023:DEBUG:setData: Setting CH3Cl_emissions[2234]=492.0233067
Tue Mar 21 15:37:29 2023:DEBUG:setData: Setting CH3Cl_emissions[2235]=461.27185
Tue Mar 21 15:37:29 2023:DEBUG:setData: Setting CH3Cl_emissions[2236]=430.5203933
Tue Mar 21 15:37:29 2023:DEBUG:setData: Setting CH3Cl_emissions[2237]=399.7689367
Tue Mar 21 15:37:29 2023:DEBUG:setData: Setting CH3Cl_emissions[2238]=369.01748
Tue Mar 21 15:37:29 2023:DEBUG:setData: Setting CH3Cl_emissions[2239]=338.2660233
Tue Mar 21 15:37:29 2023:DEBUG:setData: Setting CH3Cl_emissions[2240]=307.5145667
Tue Mar 21 15:37:29 2023:DEBUG:setData: Setting CH3Cl_emissions[2241]=276.76311
Tue Mar 21 15:37:29 2023:DEBUG:setData: Setting CH3Cl_emissions[2242]=246.0116533
Tue Mar 21 15:37:29 2023:DEBUG:setData: Setting CH3Cl_emissions[2243]=215.2601967
Tue Mar 21 15:37:29 2023:DEBUG:setData: Setting CH3Cl_emissions[2244]=184.50874
Tue Mar 21 15:37:29 2023:DEBUG:setData: Setting CH3Cl_emissions[2245]=153.7572833
Tue Mar 21 15:37:29 2023:DEBUG:setData: Setting CH3Cl_emissions[2246]=123.0058267
Tue Mar 21 15:37:29 2023:DEBUG:setData: Setting CH3Cl_emissions[2247]=92.25437
Tue Mar 21 15:37:29 2023:DEBUG:setData: Setting CH3Cl_emissions[2248]=61.50291333
Tue Mar 21 15:37:29 2023:DEBUG:setData: Setting CH3Cl_emissions[2249]=30.75145667
Tue Mar 21 15:37:29 2023:DEBUG:setData: Setting CH3Cl_emissions[2250]=0
Tue Mar 21 15:37:29 2023:DEBUG:setData: Setting CH3Cl_emissions[2251]=0
Tue Mar 21 15:37:29 2023:DEBUG:setData: Setting CH3Cl_emissions[2252]=0
Tue Mar 21 15:37:29 2023:DEBUG:setData: Setting CH3Cl_emissions[2253]=0
Tue Mar 21 15:37:29 2023:DEBUG:setData: Setting CH3Cl_emissions[2254]=0
Tue Mar 21 15:37:29 2023:DEBUG:setData: Setting CH3Cl_emissions[2255]=0
Tue Mar 21 15:37:29 2023:DEBUG:setData: Setting CH3Cl_emissions[2256]=0
Tue Mar 21 15:37:29 2023:DEBUG:setData: Setting CH3Cl_emissions[2257]=0
Tue Mar 21 15:37:29 2023:DEBUG:setData: Setting CH3Cl_emissions[2258]=0
Tue Mar 21 15:37:29 2023:DEBUG:setData: Setting CH3Cl_emissions[2259]=0
Tue Mar 21 15:37:29 2023:DEBUG:setData: Setting CH3Cl_emissions[2260]=0
Tue Mar 21 15:37:29 2023:DEBUG:setData: Setting CH3Cl_emissions[2261]=0
Tue Mar 21 15:37:29 2023:DEBUG:setData: Setting CH3Cl_emissions[2262]=0
Tue Mar 21 15:37:29 2023:DEBUG:setData: Setting CH3Cl_emissions[2263]=0
Tue Mar 21 15:37:29 2023:DEBUG:setData: Setting CH3Cl_emissions[2264]=0
Tue Mar 21 15:37:29 2023:DEBUG:setData: Setting CH3Cl_emissions[2265]=0
Tue Mar 21 15:37:29 2023:DEBUG:setData: Setting CH3Cl_emissions[2266]=0
Tue Mar 21 15:37:29 2023:DEBUG:setData: Setting CH3Cl_emissions[2267]=0
Tue Mar 21 15:37:29 2023:DEBUG:setData: Setting CH3Cl_emissions[2268]=0
Tue Mar 21 15:37:29 2023:DEBUG:setData: Setting CH3Cl_emissions[2269]=0
Tue Mar 21 15:37:29 2023:DEBUG:setData: Setting CH3Cl_emissions[2270]=0
Tue Mar 21 15:37:29 2023:DEBUG:setData: Setting CH3Cl_emissions[2271]=0
Tue Mar 21 15:37:29 2023:DEBUG:setData: Setting CH3Cl_emissions[2272]=0
Tue Mar 21 15:37:29 2023:DEBUG:setData: Setting CH3Cl_emissions[2273]=0
Tue Mar 21 15:37:29 2023:DEBUG:setData: Setting CH3Cl_emissions[2274]=0
Tue Mar 21 15:37:29 2023:DEBUG:setData: Setting CH3Cl_emissions[2275]=0
Tue Mar 21 15:37:29 2023:DEBUG:setData: Setting CH3Cl_emissions[2276]=0
Tue Mar 21 15:37:29 2023:DEBUG:setData: Setting CH3Cl_emissions[2277]=0
Tue Mar 21 15:37:29 2023:DEBUG:setData: Setting CH3Cl_emissions[2278]=0
Tue Mar 21 15:37:29 2023:DEBUG:setData: Setting CH3Cl_emissions[2279]=0
Tue Mar 21 15:37:29 2023:DEBUG:setData: Setting CH3Cl_emissions[2280]=0
Tue Mar 21 15:37:29 2023:DEBUG:setData: Setting CH3Cl_emissions[2281]=0
Tue Mar 21 15:37:29 2023:DEBUG:setData: Setting CH3Cl_emissions[2282]=0
Tue Mar 21 15:37:29 2023:DEBUG:setData: Setting CH3Cl_emissions[2283]=0
Tue Mar 21 15:37:29 2023:DEBUG:setData: Setting CH3Cl_emissions[2284]=0
Tue Mar 21 15:37:29 2023:DEBUG:setData: Setting CH3Cl_emissions[2285]=0
Tue Mar 21 15:37:29 2023:DEBUG:setData: Setting CH3Cl_emissions[2286]=0
Tue Mar 21 15:37:29 2023:DEBUG:setData: Setting CH3Cl_emissions[2287]=0
Tue Mar 21 15:37:29 2023:DEBUG:setData: Setting CH3Cl_emissions[2288]=0
Tue Mar 21 15:37:29 2023:DEBUG:setData: Setting CH3Cl_emissions[2289]=0
Tue Mar 21 15:37:29 2023:DEBUG:setData: Setting CH3Cl_emissions[2290]=0
Tue Mar 21 15:37:29 2023:DEBUG:setData: Setting CH3Cl_emissions[2291]=0
Tue Mar 21 15:37:29 2023:DEBUG:setData: Setting CH3Cl_emissions[2292]=0
Tue Mar 21 15:37:29 2023:DEBUG:setData: Setting CH3Cl_emissions[2293]=0
Tue Mar 21 15:37:29 2023:DEBUG:setData: Setting CH3Cl_emissions[2294]=0
Tue Mar 21 15:37:29 2023:DEBUG:setData: Setting CH3Cl_emissions[2295]=0
Tue Mar 21 15:37:29 2023:DEBUG:setData: Setting CH3Cl_emissions[2296]=0
Tue Mar 21 15:37:29 2023:DEBUG:setData: Setting CH3Cl_emissions[2297]=0
Tue Mar 21 15:37:29 2023:DEBUG:setData: Setting CH3Cl_emissions[2298]=0
Tue Mar 21 15:37:29 2023:DEBUG:setData: Setting CH3Cl_emissions[2299]=0
Tue Mar 21 15:37:29 2023:DEBUG:setData: Setting CH3Cl_emissions[2300]=0
Tue Mar 21 15:37:29 2023:DEBUG:setData: Setting CH3Cl_emissions[2301]=0
Tue Mar 21 15:37:29 2023:DEBUG:setData: Setting CH3Cl_emissions[2302]=0
Tue Mar 21 15:37:29 2023:DEBUG:setData: Setting CH3Cl_emissions[2303]=0
Tue Mar 21 15:37:29 2023:DEBUG:setData: Setting CH3Cl_emissions[2304]=0
Tue Mar 21 15:37:29 2023:DEBUG:setData: Setting CH3Cl_emissions[2305]=0
Tue Mar 21 15:37:29 2023:DEBUG:setData: Setting CH3Cl_emissions[2306]=0
Tue Mar 21 15:37:29 2023:DEBUG:setData: Setting CH3Cl_emissions[2307]=0
Tue Mar 21 15:37:29 2023:DEBUG:setData: Setting CH3Cl_emissions[2308]=0
Tue Mar 21 15:37:29 2023:DEBUG:setData: Setting CH3Cl_emissions[2309]=0
Tue Mar 21 15:37:29 2023:DEBUG:setData: Setting CH3Cl_emissions[2310]=0
Tue Mar 21 15:37:29 2023:DEBUG:setData: Setting CH3Cl_emissions[2311]=0
Tue Mar 21 15:37:29 2023:DEBUG:setData: Setting CH3Cl_emissions[2312]=0
Tue Mar 21 15:37:29 2023:DEBUG:setData: Setting CH3Cl_emissions[2313]=0
Tue Mar 21 15:37:29 2023:DEBUG:setData: Setting CH3Cl_emissions[2314]=0
Tue Mar 21 15:37:29 2023:DEBUG:setData: Setting CH3Cl_emissions[2315]=0
Tue Mar 21 15:37:29 2023:DEBUG:setData: Setting CH3Cl_emissions[2316]=0
Tue Mar 21 15:37:29 2023:DEBUG:setData: Setting CH3Cl_emissions[2317]=0
Tue Mar 21 15:37:29 2023:DEBUG:setData: Setting CH3Cl_emissions[2318]=0
Tue Mar 21 15:37:29 2023:DEBUG:setData: Setting CH3Cl_emissions[2319]=0
Tue Mar 21 15:37:29 2023:DEBUG:setData: Setting CH3Cl_emissions[2320]=0
Tue Mar 21 15:37:29 2023:DEBUG:setData: Setting CH3Cl_emissions[2321]=0
Tue Mar 21 15:37:29 2023:DEBUG:setData: Setting CH3Cl_emissions[2322]=0
Tue Mar 21 15:37:29 2023:DEBUG:setData: Setting CH3Cl_emissions[2323]=0
Tue Mar 21 15:37:29 2023:DEBUG:setData: Setting CH3Cl_emissions[2324]=0
Tue Mar 21 15:37:29 2023:DEBUG:setData: Setting CH3Cl_emissions[2325]=0
Tue Mar 21 15:37:29 2023:DEBUG:setData: Setting CH3Cl_emissions[2326]=0
Tue Mar 21 15:37:29 2023:DEBUG:setData: Setting CH3Cl_emissions[2327]=0
Tue Mar 21 15:37:29 2023:DEBUG:setData: Setting CH3Cl_emissions[2328]=0
Tue Mar 21 15:37:29 2023:DEBUG:setData: Setting CH3Cl_emissions[2329]=0
Tue Mar 21 15:37:29 2023:DEBUG:setData: Setting CH3Cl_emissions[2330]=0
Tue Mar 21 15:37:29 2023:DEBUG:setData: Setting CH3Cl_emissions[2331]=0
Tue Mar 21 15:37:29 2023:DEBUG:setData: Setting CH3Cl_emissions[2332]=0
Tue Mar 21 15:37:29 2023:DEBUG:setData: Setting CH3Cl_emissions[2333]=0
Tue Mar 21 15:37:29 2023:DEBUG:setData: Setting CH3Cl_emissions[2334]=0
Tue Mar 21 15:37:29 2023:DEBUG:setData: Setting CH3Cl_emissions[2335]=0
Tue Mar 21 15:37:29 2023:DEBUG:setData: Setting CH3Cl_emissions[2336]=0
Tue Mar 21 15:37:29 2023:DEBUG:setData: Setting CH3Cl_emissions[2337]=0
Tue Mar 21 15:37:29 2023:DEBUG:setData: Setting CH3Cl_emissions[2338]=0
Tue Mar 21 15:37:29 2023:DEBUG:setData: Setting CH3Cl_emissions[2339]=0
Tue Mar 21 15:37:29 2023:DEBUG:setData: Setting CH3Cl_emissions[2340]=0
Tue Mar 21 15:37:29 2023:DEBUG:setData: Setting CH3Cl_emissions[2341]=0
Tue Mar 21 15:37:29 2023:DEBUG:setData: Setting CH3Cl_emissions[2342]=0
Tue Mar 21 15:37:29 2023:DEBUG:setData: Setting CH3Cl_emissions[2343]=0
Tue Mar 21 15:37:29 2023:DEBUG:setData: Setting CH3Cl_emissions[2344]=0
Tue Mar 21 15:37:29 2023:DEBUG:setData: Setting CH3Cl_emissions[2345]=0
Tue Mar 21 15:37:29 2023:DEBUG:setData: Setting CH3Cl_emissions[2346]=0
Tue Mar 21 15:37:29 2023:DEBUG:setData: Setting CH3Cl_emissions[2347]=0
Tue Mar 21 15:37:29 2023:DEBUG:setData: Setting CH3Cl_emissions[2348]=0
Tue Mar 21 15:37:29 2023:DEBUG:setData: Setting CH3Cl_emissions[2349]=0
Tue Mar 21 15:37:29 2023:DEBUG:setData: Setting CH3Cl_emissions[2350]=0
Tue Mar 21 15:37:29 2023:DEBUG:setData: Setting CH3Cl_emissions[2351]=0
Tue Mar 21 15:37:29 2023:DEBUG:setData: Setting CH3Cl_emissions[2352]=0
Tue Mar 21 15:37:29 2023:DEBUG:setData: Setting CH3Cl_emissions[2353]=0
Tue Mar 21 15:37:29 2023:DEBUG:setData: Setting CH3Cl_emissions[2354]=0
Tue Mar 21 15:37:29 2023:DEBUG:setData: Setting CH3Cl_emissions[2355]=0
Tue Mar 21 15:37:29 2023:DEBUG:setData: Setting CH3Cl_emissions[2356]=0
Tue Mar 21 15:37:29 2023:DEBUG:setData: Setting CH3Cl_emissions[2357]=0
Tue Mar 21 15:37:29 2023:DEBUG:setData: Setting CH3Cl_emissions[2358]=0
Tue Mar 21 15:37:29 2023:DEBUG:setData: Setting CH3Cl_emissions[2359]=0
Tue Mar 21 15:37:29 2023:DEBUG:setData: Setting CH3Cl_emissions[2360]=0
Tue Mar 21 15:37:29 2023:DEBUG:setData: Setting CH3Cl_emissions[2361]=0
Tue Mar 21 15:37:29 2023:DEBUG:setData: Setting CH3Cl_emissions[2362]=0
Tue Mar 21 15:37:29 2023:DEBUG:setData: Setting CH3Cl_emissions[2363]=0
Tue Mar 21 15:37:29 2023:DEBUG:setData: Setting CH3Cl_emissions[2364]=0
Tue Mar 21 15:37:29 2023:DEBUG:setData: Setting CH3Cl_emissions[2365]=0
Tue Mar 21 15:37:29 2023:DEBUG:setData: Setting CH3Cl_emissions[2366]=0
Tue Mar 21 15:37:29 2023:DEBUG:setData: Setting CH3Cl_emissions[2367]=0
Tue Mar 21 15:37:29 2023:DEBUG:setData: Setting CH3Cl_emissions[2368]=0
Tue Mar 21 15:37:29 2023:DEBUG:setData: Setting CH3Cl_emissions[2369]=0
Tue Mar 21 15:37:29 2023:DEBUG:setData: Setting CH3Cl_emissions[2370]=0
Tue Mar 21 15:37:29 2023:DEBUG:setData: Setting CH3Cl_emissions[2371]=0
Tue Mar 21 15:37:29 2023:DEBUG:setData: Setting CH3Cl_emissions[2372]=0
Tue Mar 21 15:37:29 2023:DEBUG:setData: Setting CH3Cl_emissions[2373]=0
Tue Mar 21 15:37:29 2023:DEBUG:setData: Setting CH3Cl_emissions[2374]=0
Tue Mar 21 15:37:29 2023:DEBUG:setData: Setting CH3Cl_emissions[2375]=0
Tue Mar 21 15:37:29 2023:DEBUG:setData: Setting CH3Cl_emissions[2376]=0
Tue Mar 21 15:37:29 2023:DEBUG:setData: Setting CH3Cl_emissions[2377]=0
Tue Mar 21 15:37:29 2023:DEBUG:setData: Setting CH3Cl_emissions[2378]=0
Tue Mar 21 15:37:29 2023:DEBUG:setData: Setting CH3Cl_emissions[2379]=0
Tue Mar 21 15:37:29 2023:DEBUG:setData: Setting CH3Cl_emissions[2380]=0
Tue Mar 21 15:37:29 2023:DEBUG:setData: Setting CH3Cl_emissions[2381]=0
Tue Mar 21 15:37:29 2023:DEBUG:setData: Setting CH3Cl_emissions[2382]=0
Tue Mar 21 15:37:29 2023:DEBUG:setData: Setting CH3Cl_emissions[2383]=0
Tue Mar 21 15:37:29 2023:DEBUG:setData: Setting CH3Cl_emissions[2384]=0
Tue Mar 21 15:37:29 2023:DEBUG:setData: Setting CH3Cl_emissions[2385]=0
Tue Mar 21 15:37:29 2023:DEBUG:setData: Setting CH3Cl_emissions[2386]=0
Tue Mar 21 15:37:29 2023:DEBUG:setData: Setting CH3Cl_emissions[2387]=0
Tue Mar 21 15:37:29 2023:DEBUG:setData: Setting CH3Cl_emissions[2388]=0
Tue Mar 21 15:37:29 2023:DEBUG:setData: Setting CH3Cl_emissions[2389]=0
Tue Mar 21 15:37:29 2023:DEBUG:setData: Setting CH3Cl_emissions[2390]=0
Tue Mar 21 15:37:29 2023:DEBUG:setData: Setting CH3Cl_emissions[2391]=0
Tue Mar 21 15:37:29 2023:DEBUG:setData: Setting CH3Cl_emissions[2392]=0
Tue Mar 21 15:37:29 2023:DEBUG:setData: Setting CH3Cl_emissions[2393]=0
Tue Mar 21 15:37:29 2023:DEBUG:setData: Setting CH3Cl_emissions[2394]=0
Tue Mar 21 15:37:29 2023:DEBUG:setData: Setting CH3Cl_emissions[2395]=0
Tue Mar 21 15:37:29 2023:DEBUG:setData: Setting CH3Cl_emissions[2396]=0
Tue Mar 21 15:37:29 2023:DEBUG:setData: Setting CH3Cl_emissions[2397]=0
Tue Mar 21 15:37:29 2023:DEBUG:setData: Setting CH3Cl_emissions[2398]=0
Tue Mar 21 15:37:29 2023:DEBUG:setData: Setting CH3Cl_emissions[2399]=0
Tue Mar 21 15:37:29 2023:DEBUG:setData: Setting CH3Cl_emissions[2400]=0
Tue Mar 21 15:37:29 2023:DEBUG:setData: Setting CH3Cl_emissions[2401]=0
Tue Mar 21 15:37:29 2023:DEBUG:setData: Setting CH3Cl_emissions[2402]=0
Tue Mar 21 15:37:29 2023:DEBUG:setData: Setting CH3Cl_emissions[2403]=0
Tue Mar 21 15:37:29 2023:DEBUG:setData: Setting CH3Cl_emissions[2404]=0
Tue Mar 21 15:37:29 2023:DEBUG:setData: Setting CH3Cl_emissions[2405]=0
Tue Mar 21 15:37:29 2023:DEBUG:setData: Setting CH3Cl_emissions[2406]=0
Tue Mar 21 15:37:29 2023:DEBUG:setData: Setting CH3Cl_emissions[2407]=0
Tue Mar 21 15:37:29 2023:DEBUG:setData: Setting CH3Cl_emissions[2408]=0
Tue Mar 21 15:37:29 2023:DEBUG:setData: Setting CH3Cl_emissions[2409]=0
Tue Mar 21 15:37:29 2023:DEBUG:setData: Setting CH3Cl_emissions[2410]=0
Tue Mar 21 15:37:29 2023:DEBUG:setData: Setting CH3Cl_emissions[2411]=0
Tue Mar 21 15:37:29 2023:DEBUG:setData: Setting CH3Cl_emissions[2412]=0
Tue Mar 21 15:37:29 2023:DEBUG:setData: Setting CH3Cl_emissions[2413]=0
Tue Mar 21 15:37:29 2023:DEBUG:setData: Setting CH3Cl_emissions[2414]=0
Tue Mar 21 15:37:29 2023:DEBUG:setData: Setting CH3Cl_emissions[2415]=0
Tue Mar 21 15:37:29 2023:DEBUG:setData: Setting CH3Cl_emissions[2416]=0
Tue Mar 21 15:37:29 2023:DEBUG:setData: Setting CH3Cl_emissions[2417]=0
Tue Mar 21 15:37:29 2023:DEBUG:setData: Setting CH3Cl_emissions[2418]=0
Tue Mar 21 15:37:29 2023:DEBUG:setData: Setting CH3Cl_emissions[2419]=0
Tue Mar 21 15:37:29 2023:DEBUG:setData: Setting CH3Cl_emissions[2420]=0
Tue Mar 21 15:37:29 2023:DEBUG:setData: Setting CH3Cl_emissions[2421]=0
Tue Mar 21 15:37:29 2023:DEBUG:setData: Setting CH3Cl_emissions[2422]=0
Tue Mar 21 15:37:29 2023:DEBUG:setData: Setting CH3Cl_emissions[2423]=0
Tue Mar 21 15:37:29 2023:DEBUG:setData: Setting CH3Cl_emissions[2424]=0
Tue Mar 21 15:37:29 2023:DEBUG:setData: Setting CH3Cl_emissions[2425]=0
Tue Mar 21 15:37:29 2023:DEBUG:setData: Setting CH3Cl_emissions[2426]=0
Tue Mar 21 15:37:29 2023:DEBUG:setData: Setting CH3Cl_emissions[2427]=0
Tue Mar 21 15:37:29 2023:DEBUG:setData: Setting CH3Cl_emissions[2428]=0
Tue Mar 21 15:37:29 2023:DEBUG:setData: Setting CH3Cl_emissions[2429]=0
Tue Mar 21 15:37:29 2023:DEBUG:setData: Setting CH3Cl_emissions[2430]=0
Tue Mar 21 15:37:29 2023:DEBUG:setData: Setting CH3Cl_emissions[2431]=0
Tue Mar 21 15:37:29 2023:DEBUG:setData: Setting CH3Cl_emissions[2432]=0
Tue Mar 21 15:37:29 2023:DEBUG:setData: Setting CH3Cl_emissions[2433]=0
Tue Mar 21 15:37:29 2023:DEBUG:setData: Setting CH3Cl_emissions[2434]=0
Tue Mar 21 15:37:29 2023:DEBUG:setData: Setting CH3Cl_emissions[2435]=0
Tue Mar 21 15:37:29 2023:DEBUG:setData: Setting CH3Cl_emissions[2436]=0
Tue Mar 21 15:37:29 2023:DEBUG:setData: Setting CH3Cl_emissions[2437]=0
Tue Mar 21 15:37:29 2023:DEBUG:setData: Setting CH3Cl_emissions[2438]=0
Tue Mar 21 15:37:29 2023:DEBUG:setData: Setting CH3Cl_emissions[2439]=0
Tue Mar 21 15:37:29 2023:DEBUG:setData: Setting CH3Cl_emissions[2440]=0
Tue Mar 21 15:37:29 2023:DEBUG:setData: Setting CH3Cl_emissions[2441]=0
Tue Mar 21 15:37:29 2023:DEBUG:setData: Setting CH3Cl_emissions[2442]=0
Tue Mar 21 15:37:29 2023:DEBUG:setData: Setting CH3Cl_emissions[2443]=0
Tue Mar 21 15:37:29 2023:DEBUG:setData: Setting CH3Cl_emissions[2444]=0
Tue Mar 21 15:37:29 2023:DEBUG:setData: Setting CH3Cl_emissions[2445]=0
Tue Mar 21 15:37:29 2023:DEBUG:setData: Setting CH3Cl_emissions[2446]=0
Tue Mar 21 15:37:29 2023:DEBUG:setData: Setting CH3Cl_emissions[2447]=0
Tue Mar 21 15:37:29 2023:DEBUG:setData: Setting CH3Cl_emissions[2448]=0
Tue Mar 21 15:37:29 2023:DEBUG:setData: Setting CH3Cl_emissions[2449]=0
Tue Mar 21 15:37:29 2023:DEBUG:setData: Setting CH3Cl_emissions[2450]=0
Tue Mar 21 15:37:29 2023:DEBUG:setData: Setting CH3Cl_emissions[2451]=0
Tue Mar 21 15:37:29 2023:DEBUG:setData: Setting CH3Cl_emissions[2452]=0
Tue Mar 21 15:37:29 2023:DEBUG:setData: Setting CH3Cl_emissions[2453]=0
Tue Mar 21 15:37:29 2023:DEBUG:setData: Setting CH3Cl_emissions[2454]=0
Tue Mar 21 15:37:29 2023:DEBUG:setData: Setting CH3Cl_emissions[2455]=0
Tue Mar 21 15:37:29 2023:DEBUG:setData: Setting CH3Cl_emissions[2456]=0
Tue Mar 21 15:37:29 2023:DEBUG:setData: Setting CH3Cl_emissions[2457]=0
Tue Mar 21 15:37:29 2023:DEBUG:setData: Setting CH3Cl_emissions[2458]=0
Tue Mar 21 15:37:29 2023:DEBUG:setData: Setting CH3Cl_emissions[2459]=0
Tue Mar 21 15:37:29 2023:DEBUG:setData: Setting CH3Cl_emissions[2460]=0
Tue Mar 21 15:37:29 2023:DEBUG:setData: Setting CH3Cl_emissions[2461]=0
Tue Mar 21 15:37:29 2023:DEBUG:setData: Setting CH3Cl_emissions[2462]=0
Tue Mar 21 15:37:29 2023:DEBUG:setData: Setting CH3Cl_emissions[2463]=0
Tue Mar 21 15:37:29 2023:DEBUG:setData: Setting CH3Cl_emissions[2464]=0
Tue Mar 21 15:37:29 2023:DEBUG:setData: Setting CH3Cl_emissions[2465]=0
Tue Mar 21 15:37:29 2023:DEBUG:setData: Setting CH3Cl_emissions[2466]=0
Tue Mar 21 15:37:29 2023:DEBUG:setData: Setting CH3Cl_emissions[2467]=0
Tue Mar 21 15:37:29 2023:DEBUG:setData: Setting CH3Cl_emissions[2468]=0
Tue Mar 21 15:37:29 2023:DEBUG:setData: Setting CH3Cl_emissions[2469]=0
Tue Mar 21 15:37:29 2023:DEBUG:setData: Setting CH3Cl_emissions[2470]=0
Tue Mar 21 15:37:29 2023:DEBUG:setData: Setting CH3Cl_emissions[2471]=0
Tue Mar 21 15:37:29 2023:DEBUG:setData: Setting CH3Cl_emissions[2472]=0
Tue Mar 21 15:37:29 2023:DEBUG:setData: Setting CH3Cl_emissions[2473]=0
Tue Mar 21 15:37:29 2023:DEBUG:setData: Setting CH3Cl_emissions[2474]=0
Tue Mar 21 15:37:29 2023:DEBUG:setData: Setting CH3Cl_emissions[2475]=0
Tue Mar 21 15:37:29 2023:DEBUG:setData: Setting CH3Cl_emissions[2476]=0
Tue Mar 21 15:37:29 2023:DEBUG:setData: Setting CH3Cl_emissions[2477]=0
Tue Mar 21 15:37:29 2023:DEBUG:setData: Setting CH3Cl_emissions[2478]=0
Tue Mar 21 15:37:29 2023:DEBUG:setData: Setting CH3Cl_emissions[2479]=0
Tue Mar 21 15:37:29 2023:DEBUG:setData: Setting CH3Cl_emissions[2480]=0
Tue Mar 21 15:37:29 2023:DEBUG:setData: Setting CH3Cl_emissions[2481]=0
Tue Mar 21 15:37:29 2023:DEBUG:setData: Setting CH3Cl_emissions[2482]=0
Tue Mar 21 15:37:29 2023:DEBUG:setData: Setting CH3Cl_emissions[2483]=0
Tue Mar 21 15:37:29 2023:DEBUG:setData: Setting CH3Cl_emissions[2484]=0
Tue Mar 21 15:37:29 2023:DEBUG:setData: Setting CH3Cl_emissions[2485]=0
Tue Mar 21 15:37:29 2023:DEBUG:setData: Setting CH3Cl_emissions[2486]=0
Tue Mar 21 15:37:29 2023:DEBUG:setData: Setting CH3Cl_emissions[2487]=0
Tue Mar 21 15:37:29 2023:DEBUG:setData: Setting CH3Cl_emissions[2488]=0
Tue Mar 21 15:37:29 2023:DEBUG:setData: Setting CH3Cl_emissions[2489]=0
Tue Mar 21 15:37:29 2023:DEBUG:setData: Setting CH3Cl_emissions[2490]=0
Tue Mar 21 15:37:29 2023:DEBUG:setData: Setting CH3Cl_emissions[2491]=0
Tue Mar 21 15:37:29 2023:DEBUG:setData: Setting CH3Cl_emissions[2492]=0
Tue Mar 21 15:37:29 2023:DEBUG:setData: Setting CH3Cl_emissions[2493]=0
Tue Mar 21 15:37:29 2023:DEBUG:setData: Setting CH3Cl_emissions[2494]=0
Tue Mar 21 15:37:29 2023:DEBUG:setData: Setting CH3Cl_emissions[2495]=0
Tue Mar 21 15:37:29 2023:DEBUG:setData: Setting CH3Cl_emissions[2496]=0
Tue Mar 21 15:37:29 2023:DEBUG:setData: Setting CH3Cl_emissions[2497]=0
Tue Mar 21 15:37:29 2023:DEBUG:setData: Setting CH3Cl_emissions[2498]=0
Tue Mar 21 15:37:29 2023:DEBUG:setData: Setting CH3Cl_emissions[2499]=0
Tue Mar 21 15:37:29 2023:DEBUG:setData: Setting CH3Cl_emissions[2500]=0
Tue Mar 21 15:37:29 2023:DEBUG:setData: Setting molarMass[-1]=50.45
Tue Mar 21 15:37:29 2023:DEBUG:prepareToRun: prepareToRun 
Tue Mar 21 15:37:30 2023:DEBUG:run: date: 1746 concentration: 561.949 pptv
Tue Mar 21 15:37:30 2023:DEBUG:run: date: 1747 concentration: 588.801 pptv
Tue Mar 21 15:37:30 2023:DEBUG:run: date: 1748 concentration: 601.244 pptv
Tue Mar 21 15:37:30 2023:DEBUG:run: date: 1749 concentration: 607.009 pptv
Tue Mar 21 15:37:30 2023:DEBUG:run: date: 1750 concentration: 609.681 pptv
Tue Mar 21 15:37:30 2023:DEBUG:run: date: 1751 concentration: 610.918 pptv
Tue Mar 21 15:37:30 2023:DEBUG:run: date: 1752 concentration: 611.492 pptv
Tue Mar 21 15:37:30 2023:DEBUG:run: date: 1753 concentration: 611.758 pptv
Tue Mar 21 15:37:30 2023:DEBUG:run: date: 1754 concentration: 611.881 pptv
Tue Mar 21 15:37:30 2023:DEBUG:run: date: 1755 concentration: 611.938 pptv
Tue Mar 21 15:37:30 2023:DEBUG:run: date: 1756 concentration: 611.964 pptv
Tue Mar 21 15:37:30 2023:DEBUG:run: date: 1757 concentration: 611.977 pptv
Tue Mar 21 15:37:30 2023:DEBUG:run: date: 1758 concentration: 611.982 pptv
Tue Mar 21 15:37:30 2023:DEBUG:run: date: 1759 concentration: 611.985 pptv
Tue Mar 21 15:37:30 2023:DEBUG:run: date: 1760 concentration: 611.986 pptv
Tue Mar 21 15:37:30 2023:DEBUG:run: date: 1761 concentration: 611.987 pptv
Tue Mar 21 15:37:30 2023:DEBUG:run: date: 1762 concentration: 611.987 pptv
Tue Mar 21 15:37:30 2023:DEBUG:run: date: 1763 concentration: 611.987 pptv
Tue Mar 21 15:37:30 2023:DEBUG:run: date: 1764 concentration: 611.987 pptv
Tue Mar 21 15:37:30 2023:DEBUG:run: date: 1765 concentration: 611.987 pptv
Tue Mar 21 15:37:30 2023:DEBUG:run: date: 1766 concentration: 612.006 pptv
Tue Mar 21 15:37:30 2023:DEBUG:run: date: 1767 concentration: 612.047 pptv
Tue Mar 21 15:37:30 2023:DEBUG:run: date: 1768 concentration: 611.909 pptv
Tue Mar 21 15:37:30 2023:DEBUG:run: date: 1769 concentration: 611.966 pptv
Tue Mar 21 15:37:30 2023:DEBUG:run: date: 1770 concentration: 611.867 pptv
Tue Mar 21 15:37:30 2023:DEBUG:run: date: 1771 concentration: 611.929 pptv
Tue Mar 21 15:37:30 2023:DEBUG:run: date: 1772 concentration: 612.025 pptv
Tue Mar 21 15:37:30 2023:DEBUG:run: date: 1773 concentration: 611.991 pptv
Tue Mar 21 15:37:30 2023:DEBUG:run: date: 1774 concentration: 611.801 pptv
Tue Mar 21 15:37:30 2023:DEBUG:run: date: 1775 concentration: 611.818 pptv
Tue Mar 21 15:37:30 2023:DEBUG:run: date: 1776 concentration: 611.774 pptv
Tue Mar 21 15:37:30 2023:DEBUG:run: date: 1777 concentration: 611.807 pptv
Tue Mar 21 15:37:30 2023:DEBUG:run: date: 1778 concentration: 611.789 pptv
Tue Mar 21 15:37:30 2023:DEBUG:run: date: 1779 concentration: 611.75 pptv
Tue Mar 21 15:37:30 2023:DEBUG:run: date: 1780 concentration: 611.535 pptv
Tue Mar 21 15:37:30 2023:DEBUG:run: date: 1781 concentration: 611.654 pptv
Tue Mar 21 15:37:30 2023:DEBUG:run: date: 1782 concentration: 611.665 pptv
Tue Mar 21 15:37:30 2023:DEBUG:run: date: 1783 concentration: 611.719 pptv
Tue Mar 21 15:37:30 2023:DEBUG:run: date: 1784 concentration: 611.792 pptv
Tue Mar 21 15:37:30 2023:DEBUG:run: date: 1785 concentration: 611.716 pptv
Tue Mar 21 15:37:30 2023:DEBUG:run: date: 1786 concentration: 611.676 pptv
Tue Mar 21 15:37:30 2023:DEBUG:run: date: 1787 concentration: 611.686 pptv
Tue Mar 21 15:37:30 2023:DEBUG:run: date: 1788 concentration: 611.522 pptv
Tue Mar 21 15:37:30 2023:DEBUG:run: date: 1789 concentration: 611.575 pptv
Tue Mar 21 15:37:30 2023:DEBUG:run: date: 1790 concentration: 611.467 pptv
Tue Mar 21 15:37:30 2023:DEBUG:run: date: 1791 concentration: 611.538 pptv
Tue Mar 21 15:37:30 2023:DEBUG:run: date: 1792 concentration: 611.665 pptv
Tue Mar 21 15:37:30 2023:DEBUG:run: date: 1793 concentration: 611.649 pptv
Tue Mar 21 15:37:30 2023:DEBUG:run: date: 1794 concentration: 611.472 pptv
Tue Mar 21 15:37:30 2023:DEBUG:run: date: 1795 concentration: 611.498 pptv
Tue Mar 21 15:37:30 2023:DEBUG:run: date: 1796 concentration: 611.465 pptv
Tue Mar 21 15:37:30 2023:DEBUG:run: date: 1797 concentration: 611.516 pptv
Tue Mar 21 15:37:30 2023:DEBUG:run: date: 1798 concentration: 611.507 pptv
Tue Mar 21 15:37:30 2023:DEBUG:run: date: 1799 concentration: 611.433 pptv
Tue Mar 21 15:37:30 2023:DEBUG:run: date: 1800 concentration: 611.268 pptv
Tue Mar 21 15:37:30 2023:DEBUG:run: date: 1801 concentration: 611.404 pptv
Tue Mar 21 15:37:30 2023:DEBUG:run: date: 1802 concentration: 611.401 pptv
Tue Mar 21 15:37:30 2023:DEBUG:run: date: 1803 concentration: 611.465 pptv
Tue Mar 21 15:37:30 2023:DEBUG:run: date: 1804 concentration: 611.499 pptv
Tue Mar 21 15:37:30 2023:DEBUG:run: date: 1805 concentration: 611.425 pptv
Tue Mar 21 15:37:30 2023:DEBUG:run: date: 1806 concentration: 611.361 pptv
Tue Mar 21 15:37:30 2023:DEBUG:run: date: 1807 concentration: 611.379 pptv
Tue Mar 21 15:37:30 2023:DEBUG:run: date: 1808 concentration: 611.217 pptv
Tue Mar 21 15:37:30 2023:DEBUG:run: date: 1809 concentration: 611.251 pptv
Tue Mar 21 15:37:30 2023:DEBUG:run: date: 1810 concentration: 611.109 pptv
Tue Mar 21 15:37:30 2023:DEBUG:run: date: 1811 concentration: 611.161 pptv
Tue Mar 21 15:37:30 2023:DEBUG:run: date: 1812 concentration: 611.271 pptv
Tue Mar 21 15:37:30 2023:DEBUG:run: date: 1813 concentration: 611.24 pptv
Tue Mar 21 15:37:30 2023:DEBUG:run: date: 1814 concentration: 611.099 pptv
Tue Mar 21 15:37:30 2023:DEBUG:run: date: 1815 concentration: 611.078 pptv
Tue Mar 21 15:37:30 2023:DEBUG:run: date: 1816 concentration: 611.009 pptv
Tue Mar 21 15:37:30 2023:DEBUG:run: date: 1817 concentration: 611.051 pptv
Tue Mar 21 15:37:30 2023:DEBUG:run: date: 1818 concentration: 611.017 pptv
Tue Mar 21 15:37:30 2023:DEBUG:run: date: 1819 concentration: 610.93 pptv
Tue Mar 21 15:37:30 2023:DEBUG:run: date: 1820 concentration: 610.755 pptv
Tue Mar 21 15:37:30 2023:DEBUG:run: date: 1821 concentration: 610.875 pptv
Tue Mar 21 15:37:30 2023:DEBUG:run: date: 1822 concentration: 610.859 pptv
Tue Mar 21 15:37:30 2023:DEBUG:run: date: 1823 concentration: 610.931 pptv
Tue Mar 21 15:37:30 2023:DEBUG:run: date: 1824 concentration: 610.938 pptv
Tue Mar 21 15:37:30 2023:DEBUG:run: date: 1825 concentration: 610.869 pptv
Tue Mar 21 15:37:30 2023:DEBUG:run: date: 1826 concentration: 610.805 pptv
Tue Mar 21 15:37:30 2023:DEBUG:run: date: 1827 concentration: 610.802 pptv
Tue Mar 21 15:37:30 2023:DEBUG:run: date: 1828 concentration: 610.628 pptv
Tue Mar 21 15:37:30 2023:DEBUG:run: date: 1829 concentration: 610.66 pptv
Tue Mar 21 15:37:30 2023:DEBUG:run: date: 1830 concentration: 610.539 pptv
Tue Mar 21 15:37:30 2023:DEBUG:run: date: 1831 concentration: 610.585 pptv
Tue Mar 21 15:37:30 2023:DEBUG:run: date: 1832 concentration: 610.676 pptv
Tue Mar 21 15:37:30 2023:DEBUG:run: date: 1833 concentration: 610.648 pptv
Tue Mar 21 15:37:30 2023:DEBUG:run: date: 1834 concentration: 610.483 pptv
Tue Mar 21 15:37:30 2023:DEBUG:run: date: 1835 concentration: 610.47 pptv
Tue Mar 21 15:37:30 2023:DEBUG:run: date: 1836 concentration: 610.38 pptv
Tue Mar 21 15:37:30 2023:DEBUG:run: date: 1837 concentration: 610.421 pptv
Tue Mar 21 15:37:30 2023:DEBUG:run: date: 1838 concentration: 610.383 pptv
Tue Mar 21 15:37:30 2023:DEBUG:run: date: 1839 concentration: 610.295 pptv
Tue Mar 21 15:37:30 2023:DEBUG:run: date: 1840 concentration: 610.131 pptv
Tue Mar 21 15:37:30 2023:DEBUG:run: date: 1841 concentration: 610.219 pptv
Tue Mar 21 15:37:30 2023:DEBUG:run: date: 1842 concentration: 610.228 pptv
Tue Mar 21 15:37:30 2023:DEBUG:run: date: 1843 concentration: 610.301 pptv
Tue Mar 21 15:37:30 2023:DEBUG:run: date: 1844 concentration: 610.311 pptv
Tue Mar 21 15:37:30 2023:DEBUG:run: date: 1845 concentration: 610.24 pptv
Tue Mar 21 15:37:30 2023:DEBUG:run: date: 1846 concentration: 610.173 pptv
Tue Mar 21 15:37:30 2023:DEBUG:run: date: 1847 concentration: 610.156 pptv
Tue Mar 21 15:37:30 2023:DEBUG:run: date: 1848 concentration: 609.989 pptv
Tue Mar 21 15:37:30 2023:DEBUG:run: date: 1849 concentration: 610.027 pptv
Tue Mar 21 15:37:30 2023:DEBUG:run: date: 1850 concentration: 610.514 pptv
Tue Mar 21 15:37:30 2023:DEBUG:run: date: 1851 concentration: 610.867 pptv
Tue Mar 21 15:37:30 2023:DEBUG:run: date: 1852 concentration: 611.101 pptv
Tue Mar 21 15:37:30 2023:DEBUG:run: date: 1853 concentration: 611.158 pptv
Tue Mar 21 15:37:30 2023:DEBUG:run: date: 1854 concentration: 610.996 pptv
Tue Mar 21 15:37:30 2023:DEBUG:run: date: 1855 concentration: 611.034 pptv
Tue Mar 21 15:37:30 2023:DEBUG:run: date: 1856 concentration: 610.964 pptv
Tue Mar 21 15:37:30 2023:DEBUG:run: date: 1857 concentration: 611.016 pptv
Tue Mar 21 15:37:30 2023:DEBUG:run: date: 1858 concentration: 611 pptv
Tue Mar 21 15:37:30 2023:DEBUG:run: date: 1859 concentration: 610.89 pptv
Tue Mar 21 15:37:30 2023:DEBUG:run: date: 1860 concentration: 610.744 pptv
Tue Mar 21 15:37:30 2023:DEBUG:run: date: 1861 concentration: 610.885 pptv
Tue Mar 21 15:37:30 2023:DEBUG:run: date: 1862 concentration: 610.912 pptv
Tue Mar 21 15:37:30 2023:DEBUG:run: date: 1863 concentration: 610.996 pptv
Tue Mar 21 15:37:30 2023:DEBUG:run: date: 1864 concentration: 611.01 pptv
Tue Mar 21 15:37:30 2023:DEBUG:run: date: 1865 concentration: 610.958 pptv
Tue Mar 21 15:37:30 2023:DEBUG:run: date: 1866 concentration: 610.909 pptv
Tue Mar 21 15:37:30 2023:DEBUG:run: date: 1867 concentration: 610.914 pptv
Tue Mar 21 15:37:30 2023:DEBUG:run: date: 1868 concentration: 610.759 pptv
Tue Mar 21 15:37:30 2023:DEBUG:run: date: 1869 concentration: 610.841 pptv
Tue Mar 21 15:37:30 2023:DEBUG:run: date: 1870 concentration: 610.73 pptv
Tue Mar 21 15:37:30 2023:DEBUG:run: date: 1871 concentration: 610.823 pptv
Tue Mar 21 15:37:30 2023:DEBUG:run: date: 1872 concentration: 610.954 pptv
Tue Mar 21 15:37:30 2023:DEBUG:run: date: 1873 concentration: 610.94 pptv
Tue Mar 21 15:37:30 2023:DEBUG:run: date: 1874 concentration: 610.743 pptv
Tue Mar 21 15:37:30 2023:DEBUG:run: date: 1875 concentration: 610.838 pptv
Tue Mar 21 15:37:30 2023:DEBUG:run: date: 1876 concentration: 610.763 pptv
Tue Mar 21 15:37:30 2023:DEBUG:run: date: 1877 concentration: 610.836 pptv
Tue Mar 21 15:37:30 2023:DEBUG:run: date: 1878 concentration: 610.855 pptv
Tue Mar 21 15:37:30 2023:DEBUG:run: date: 1879 concentration: 610.685 pptv
Tue Mar 21 15:37:30 2023:DEBUG:run: date: 1880 concentration: 610.612 pptv
Tue Mar 21 15:37:30 2023:DEBUG:run: date: 1881 concentration: 610.769 pptv
Tue Mar 21 15:37:30 2023:DEBUG:run: date: 1882 concentration: 610.836 pptv
Tue Mar 21 15:37:30 2023:DEBUG:run: date: 1883 concentration: 610.994 pptv
Tue Mar 21 15:37:30 2023:DEBUG:run: date: 1884 concentration: 610.971 pptv
Tue Mar 21 15:37:30 2023:DEBUG:run: date: 1885 concentration: 610.972 pptv
Tue Mar 21 15:37:30 2023:DEBUG:run: date: 1886 concentration: 610.962 pptv
Tue Mar 21 15:37:30 2023:DEBUG:run: date: 1887 concentration: 611.012 pptv
Tue Mar 21 15:37:30 2023:DEBUG:run: date: 1888 concentration: 610.896 pptv
Tue Mar 21 15:37:30 2023:DEBUG:run: date: 1889 concentration: 611.021 pptv
Tue Mar 21 15:37:30 2023:DEBUG:run: date: 1890 concentration: 610.969 pptv
Tue Mar 21 15:37:30 2023:DEBUG:run: date: 1891 concentration: 611.114 pptv
Tue Mar 21 15:37:30 2023:DEBUG:run: date: 1892 concentration: 611.251 pptv
Tue Mar 21 15:37:30 2023:DEBUG:run: date: 1893 concentration: 611.271 pptv
Tue Mar 21 15:37:30 2023:DEBUG:run: date: 1894 concentration: 611.082 pptv
Tue Mar 21 15:37:30 2023:DEBUG:run: date: 1895 concentration: 611.142 pptv
Tue Mar 21 15:37:30 2023:DEBUG:run: date: 1896 concentration: 611.17 pptv
Tue Mar 21 15:37:30 2023:DEBUG:run: date: 1897 concentration: 611.302 pptv
Tue Mar 21 15:37:31 2023:DEBUG:run: date: 1898 concentration: 611.436 pptv
Tue Mar 21 15:37:31 2023:DEBUG:run: date: 1899 concentration: 611.343 pptv
Tue Mar 21 15:37:31 2023:DEBUG:run: date: 1900 concentration: 611.333 pptv
Tue Mar 21 15:37:31 2023:DEBUG:run: date: 1901 concentration: 611.556 pptv
Tue Mar 21 15:37:31 2023:DEBUG:run: date: 1902 concentration: 611.691 pptv
Tue Mar 21 15:37:31 2023:DEBUG:run: date: 1903 concentration: 611.941 pptv
Tue Mar 21 15:37:31 2023:DEBUG:run: date: 1904 concentration: 611.992 pptv
Tue Mar 21 15:37:31 2023:DEBUG:run: date: 1905 concentration: 612.055 pptv
Tue Mar 21 15:37:31 2023:DEBUG:run: date: 1906 concentration: 612.154 pptv
Tue Mar 21 15:37:31 2023:DEBUG:run: date: 1907 concentration: 612.361 pptv
Tue Mar 21 15:37:31 2023:DEBUG:run: date: 1908 concentration: 612.367 pptv
Tue Mar 21 15:37:31 2023:DEBUG:run: date: 1909 concentration: 612.536 pptv
Tue Mar 21 15:37:31 2023:DEBUG:run: date: 1910 concentration: 612.53 pptv
Tue Mar 21 15:37:31 2023:DEBUG:run: date: 1911 concentration: 612.761 pptv
Tue Mar 21 15:37:31 2023:DEBUG:run: date: 1912 concentration: 612.999 pptv
Tue Mar 21 15:37:31 2023:DEBUG:run: date: 1913 concentration: 613.189 pptv
Tue Mar 21 15:37:31 2023:DEBUG:run: date: 1914 concentration: 613.052 pptv
Tue Mar 21 15:37:31 2023:DEBUG:run: date: 1915 concentration: 613.283 pptv
Tue Mar 21 15:37:31 2023:DEBUG:run: date: 1916 concentration: 613.499 pptv
Tue Mar 21 15:37:31 2023:DEBUG:run: date: 1917 concentration: 613.899 pptv
Tue Mar 21 15:37:31 2023:DEBUG:run: date: 1918 concentration: 614.085 pptv
Tue Mar 21 15:37:31 2023:DEBUG:run: date: 1919 concentration: 614.024 pptv
Tue Mar 21 15:37:31 2023:DEBUG:run: date: 1920 concentration: 614.258 pptv
Tue Mar 21 15:37:31 2023:DEBUG:run: date: 1921 concentration: 614.481 pptv
Tue Mar 21 15:37:31 2023:DEBUG:run: date: 1922 concentration: 614.761 pptv
Tue Mar 21 15:37:31 2023:DEBUG:run: date: 1923 concentration: 615.18 pptv
Tue Mar 21 15:37:31 2023:DEBUG:run: date: 1924 concentration: 615.43 pptv
Tue Mar 21 15:37:31 2023:DEBUG:run: date: 1925 concentration: 615.722 pptv
Tue Mar 21 15:37:31 2023:DEBUG:run: date: 1926 concentration: 616.057 pptv
Tue Mar 21 15:37:31 2023:DEBUG:run: date: 1927 concentration: 616.206 pptv
Tue Mar 21 15:37:31 2023:DEBUG:run: date: 1928 concentration: 616.046 pptv
Tue Mar 21 15:37:31 2023:DEBUG:run: date: 1929 concentration: 615.636 pptv
Tue Mar 21 15:37:31 2023:DEBUG:run: date: 1930 concentration: 614.667 pptv
Tue Mar 21 15:37:31 2023:DEBUG:run: date: 1931 concentration: 613.823 pptv
Tue Mar 21 15:37:31 2023:DEBUG:run: date: 1932 concentration: 612.975 pptv
Tue Mar 21 15:37:31 2023:DEBUG:run: date: 1933 concentration: 612.16 pptv
Tue Mar 21 15:37:31 2023:DEBUG:run: date: 1934 concentration: 611.868 pptv
Tue Mar 21 15:37:31 2023:DEBUG:run: date: 1935 concentration: 611.716 pptv
Tue Mar 21 15:37:31 2023:DEBUG:run: date: 1936 concentration: 611.934 pptv
Tue Mar 21 15:37:31 2023:DEBUG:run: date: 1937 concentration: 612.041 pptv
Tue Mar 21 15:37:31 2023:DEBUG:run: date: 1938 concentration: 611.729 pptv
Tue Mar 21 15:37:31 2023:DEBUG:run: date: 1939 concentration: 611.495 pptv
Tue Mar 21 15:37:31 2023:DEBUG:run: date: 1940 concentration: 611.869 pptv
Tue Mar 21 15:37:31 2023:DEBUG:run: date: 1941 concentration: 612.544 pptv
Tue Mar 21 15:37:31 2023:DEBUG:run: date: 1942 concentration: 614.456 pptv
Tue Mar 21 15:37:31 2023:DEBUG:run: date: 1943 concentration: 617.474 pptv
Tue Mar 21 15:37:31 2023:DEBUG:run: date: 1944 concentration: 620.658 pptv
Tue Mar 21 15:37:31 2023:DEBUG:run: date: 1945 concentration: 623.805 pptv
Tue Mar 21 15:37:31 2023:DEBUG:run: date: 1946 concentration: 627.039 pptv
Tue Mar 21 15:37:31 2023:DEBUG:run: date: 1947 concentration: 630.722 pptv
Tue Mar 21 15:37:31 2023:DEBUG:run: date: 1948 concentration: 634.195 pptv
Tue Mar 21 15:37:31 2023:DEBUG:run: date: 1949 concentration: 637.012 pptv
Tue Mar 21 15:37:31 2023:DEBUG:run: date: 1950 concentration: 640.816 pptv
Tue Mar 21 15:37:31 2023:DEBUG:run: date: 1951 concentration: 644.875 pptv
Tue Mar 21 15:37:31 2023:DEBUG:run: date: 1952 concentration: 649.024 pptv
Tue Mar 21 15:37:31 2023:DEBUG:run: date: 1953 concentration: 654.173 pptv
Tue Mar 21 15:37:31 2023:DEBUG:run: date: 1954 concentration: 658.75 pptv
Tue Mar 21 15:37:31 2023:DEBUG:run: date: 1955 concentration: 663.721 pptv
Tue Mar 21 15:37:31 2023:DEBUG:run: date: 1956 concentration: 668.555 pptv
Tue Mar 21 15:37:31 2023:DEBUG:run: date: 1957 concentration: 673.402 pptv
Tue Mar 21 15:37:31 2023:DEBUG:run: date: 1958 concentration: 678.582 pptv
Tue Mar 21 15:37:31 2023:DEBUG:run: date: 1959 concentration: 683.849 pptv
Tue Mar 21 15:37:31 2023:DEBUG:run: date: 1960 concentration: 689.234 pptv
Tue Mar 21 15:37:31 2023:DEBUG:run: date: 1961 concentration: 693.033 pptv
Tue Mar 21 15:37:31 2023:DEBUG:run: date: 1962 concentration: 697.224 pptv
Tue Mar 21 15:37:31 2023:DEBUG:run: date: 1963 concentration: 699.825 pptv
Tue Mar 21 15:37:31 2023:DEBUG:run: date: 1964 concentration: 703.247 pptv
Tue Mar 21 15:37:31 2023:DEBUG:run: date: 1965 concentration: 706.366 pptv
Tue Mar 21 15:37:31 2023:DEBUG:run: date: 1966 concentration: 709.609 pptv
Tue Mar 21 15:37:31 2023:DEBUG:run: date: 1967 concentration: 712.569 pptv
Tue Mar 21 15:37:31 2023:DEBUG:run: date: 1968 concentration: 716.563 pptv
Tue Mar 21 15:37:31 2023:DEBUG:run: date: 1969 concentration: 718.162 pptv
Tue Mar 21 15:37:31 2023:DEBUG:run: date: 1970 concentration: 720.595 pptv
Tue Mar 21 15:37:31 2023:DEBUG:run: date: 1971 concentration: 723.197 pptv
Tue Mar 21 15:37:31 2023:DEBUG:run: date: 1972 concentration: 725.301 pptv
Tue Mar 21 15:37:31 2023:DEBUG:run: date: 1973 concentration: 729.281 pptv
Tue Mar 21 15:37:31 2023:DEBUG:run: date: 1974 concentration: 730.78 pptv
Tue Mar 21 15:37:31 2023:DEBUG:run: date: 1975 concentration: 730.753 pptv
Tue Mar 21 15:37:31 2023:DEBUG:run: date: 1976 concentration: 730.724 pptv
Tue Mar 21 15:37:31 2023:DEBUG:run: date: 1977 concentration: 731.743 pptv
Tue Mar 21 15:37:31 2023:DEBUG:run: date: 1978 concentration: 733.322 pptv
Tue Mar 21 15:37:31 2023:DEBUG:run: date: 1979 concentration: 734.56 pptv
Tue Mar 21 15:37:31 2023:DEBUG:run: date: 1980 concentration: 734.615 pptv
Tue Mar 21 15:37:31 2023:DEBUG:run: date: 1981 concentration: 733.992 pptv
Tue Mar 21 15:37:31 2023:DEBUG:run: date: 1982 concentration: 730.624 pptv
Tue Mar 21 15:37:31 2023:DEBUG:run: date: 1983 concentration: 726.296 pptv
Tue Mar 21 15:37:31 2023:DEBUG:run: date: 1984 concentration: 724.816 pptv
Tue Mar 21 15:37:31 2023:DEBUG:run: date: 1985 concentration: 725.559 pptv
Tue Mar 21 15:37:31 2023:DEBUG:run: date: 1986 concentration: 726.453 pptv
Tue Mar 21 15:37:31 2023:DEBUG:run: date: 1987 concentration: 727.475 pptv
Tue Mar 21 15:37:31 2023:DEBUG:run: date: 1988 concentration: 730.4 pptv
Tue Mar 21 15:37:31 2023:DEBUG:run: date: 1989 concentration: 733.263 pptv
Tue Mar 21 15:37:31 2023:DEBUG:run: date: 1990 concentration: 734.425 pptv
Tue Mar 21 15:37:31 2023:DEBUG:run: date: 1991 concentration: 731.328 pptv
Tue Mar 21 15:37:31 2023:DEBUG:run: date: 1992 concentration: 727.297 pptv
Tue Mar 21 15:37:31 2023:DEBUG:run: date: 1993 concentration: 727.145 pptv
Tue Mar 21 15:37:31 2023:DEBUG:run: date: 1994 concentration: 721.299 pptv
Tue Mar 21 15:37:31 2023:DEBUG:run: date: 1995 concentration: 719.597 pptv
Tue Mar 21 15:37:31 2023:DEBUG:run: date: 1996 concentration: 740.419 pptv
Tue Mar 21 15:37:31 2023:DEBUG:run: date: 1997 concentration: 749.393 pptv
Tue Mar 21 15:37:31 2023:DEBUG:run: date: 1998 concentration: 744.84 pptv
Tue Mar 21 15:37:31 2023:DEBUG:run: date: 1999 concentration: 737.883 pptv
Tue Mar 21 15:37:31 2023:DEBUG:run: date: 2000 concentration: 731.727 pptv
Tue Mar 21 15:37:31 2023:DEBUG:run: date: 2001 concentration: 730.408 pptv
Tue Mar 21 15:37:31 2023:DEBUG:run: date: 2002 concentration: 729.979 pptv
Tue Mar 21 15:37:31 2023:DEBUG:run: date: 2003 concentration: 731.098 pptv
Tue Mar 21 15:37:31 2023:DEBUG:run: date: 2004 concentration: 733.744 pptv
Tue Mar 21 15:37:31 2023:DEBUG:run: date: 2005 concentration: 740.235 pptv
Tue Mar 21 15:37:31 2023:DEBUG:run: date: 2006 concentration: 748.029 pptv
Tue Mar 21 15:37:31 2023:DEBUG:run: date: 2007 concentration: 749.981 pptv
Tue Mar 21 15:37:31 2023:DEBUG:run: date: 2008 concentration: 746.353 pptv
Tue Mar 21 15:37:31 2023:DEBUG:run: date: 2009 concentration: 741.107 pptv
Tue Mar 21 15:37:31 2023:DEBUG:run: date: 2010 concentration: 741.341 pptv
Tue Mar 21 15:37:31 2023:DEBUG:run: date: 2011 concentration: 747.055 pptv
Tue Mar 21 15:37:31 2023:DEBUG:run: date: 2012 concentration: 748.12 pptv
Tue Mar 21 15:37:31 2023:DEBUG:run: date: 2013 concentration: 748.529 pptv
Tue Mar 21 15:37:31 2023:DEBUG:run: date: 2014 concentration: 758.496 pptv
Tue Mar 21 15:37:31 2023:DEBUG:run: date: 2015 concentration: 766.671 pptv
Tue Mar 21 15:37:31 2023:DEBUG:run: date: 2016 concentration: 770.316 pptv
Tue Mar 21 15:37:31 2023:DEBUG:run: date: 2017 concentration: 771.862 pptv
Tue Mar 21 15:37:31 2023:DEBUG:run: date: 2018 concentration: 772.436 pptv
Tue Mar 21 15:37:31 2023:DEBUG:run: date: 2019 concentration: 772.558 pptv
Tue Mar 21 15:37:31 2023:DEBUG:run: date: 2020 concentration: 772.472 pptv
Tue Mar 21 15:37:31 2023:DEBUG:run: date: 2021 concentration: 772.39 pptv
Tue Mar 21 15:37:31 2023:DEBUG:run: date: 2022 concentration: 772.311 pptv
Tue Mar 21 15:37:31 2023:DEBUG:run: date: 2023 concentration: 772.233 pptv
Tue Mar 21 15:37:31 2023:DEBUG:run: date: 2024 concentration: 772.156 pptv
Tue Mar 21 15:37:31 2023:DEBUG:run: date: 2025 concentration: 772.079 pptv
Tue Mar 21 15:37:31 2023:DEBUG:run: date: 2026 concentration: 772.001 pptv
Tue Mar 21 15:37:31 2023:DEBUG:run: date: 2027 concentration: 771.924 pptv
Tue Mar 21 15:37:31 2023:DEBUG:run: date: 2028 concentration: 771.847 pptv
Tue Mar 21 15:37:31 2023:DEBUG:run: date: 2029 concentration: 771.77 pptv
Tue Mar 21 15:37:31 2023:DEBUG:run: date: 2030 concentration: 771.693 pptv
Tue Mar 21 15:37:31 2023:DEBUG:run: date: 2031 concentration: 771.192 pptv
Tue Mar 21 15:37:31 2023:DEBUG:run: date: 2032 concentration: 770.495 pptv
Tue Mar 21 15:37:31 2023:DEBUG:run: date: 2033 concentration: 769.706 pptv
Tue Mar 21 15:37:31 2023:DEBUG:run: date: 2034 concentration: 768.875 pptv
Tue Mar 21 15:37:31 2023:DEBUG:run: date: 2035 concentration: 768.025 pptv
Tue Mar 21 15:37:31 2023:DEBUG:run: date: 2036 concentration: 767.166 pptv
Tue Mar 21 15:37:31 2023:DEBUG:run: date: 2037 concentration: 766.302 pptv
Tue Mar 21 15:37:31 2023:DEBUG:run: date: 2038 concentration: 765.437 pptv
Tue Mar 21 15:37:31 2023:DEBUG:run: date: 2039 concentration: 764.57 pptv
Tue Mar 21 15:37:31 2023:DEBUG:run: date: 2040 concentration: 763.703 pptv
Tue Mar 21 15:37:31 2023:DEBUG:run: date: 2041 concentration: 762.756 pptv
Tue Mar 21 15:37:31 2023:DEBUG:run: date: 2042 concentration: 761.772 pptv
Tue Mar 21 15:37:31 2023:DEBUG:run: date: 2043 concentration: 760.77 pptv
Tue Mar 21 15:37:31 2023:DEBUG:run: date: 2044 concentration: 759.761 pptv
Tue Mar 21 15:37:31 2023:DEBUG:run: date: 2045 concentration: 758.747 pptv
Tue Mar 21 15:37:31 2023:DEBUG:run: date: 2046 concentration: 757.732 pptv
Tue Mar 21 15:37:31 2023:DEBUG:run: date: 2047 concentration: 756.717 pptv
Tue Mar 21 15:37:31 2023:DEBUG:run: date: 2048 concentration: 755.7 pptv
Tue Mar 21 15:37:31 2023:DEBUG:run: date: 2049 concentration: 754.684 pptv
Tue Mar 21 15:37:31 2023:DEBUG:run: date: 2050 concentration: 753.668 pptv
Tue Mar 21 15:37:31 2023:DEBUG:run: date: 2051 concentration: 751.7 pptv
Tue Mar 21 15:37:31 2023:DEBUG:run: date: 2052 concentration: 749.292 pptv
Tue Mar 21 15:37:31 2023:DEBUG:run: date: 2053 concentration: 746.68 pptv
Tue Mar 21 15:37:31 2023:DEBUG:run: date: 2054 concentration: 743.973 pptv
Tue Mar 21 15:37:31 2023:DEBUG:run: date: 2055 concentration: 741.223 pptv
Tue Mar 21 15:37:31 2023:DEBUG:run: date: 2056 concentration: 738.452 pptv
Tue Mar 21 15:37:31 2023:DEBUG:run: date: 2057 concentration: 735.671 pptv
Tue Mar 21 15:37:31 2023:DEBUG:run: date: 2058 concentration: 732.887 pptv
Tue Mar 21 15:37:31 2023:DEBUG:run: date: 2059 concentration: 730.1 pptv
Tue Mar 21 15:37:31 2023:DEBUG:run: date: 2060 concentration: 727.312 pptv
Tue Mar 21 15:37:31 2023:DEBUG:run: date: 2061 concentration: 724.977 pptv
Tue Mar 21 15:37:31 2023:DEBUG:run: date: 2062 concentration: 722.852 pptv
Tue Mar 21 15:37:31 2023:DEBUG:run: date: 2063 concentration: 720.825 pptv
Tue Mar 21 15:37:31 2023:DEBUG:run: date: 2064 concentration: 718.842 pptv
Tue Mar 21 15:37:31 2023:DEBUG:run: date: 2065 concentration: 716.88 pptv
Tue Mar 21 15:37:31 2023:DEBUG:run: date: 2066 concentration: 714.928 pptv
Tue Mar 21 15:37:31 2023:DEBUG:run: date: 2067 concentration: 712.981 pptv
Tue Mar 21 15:37:31 2023:DEBUG:run: date: 2068 concentration: 711.035 pptv
Tue Mar 21 15:37:31 2023:DEBUG:run: date: 2069 concentration: 709.09 pptv
Tue Mar 21 15:37:31 2023:DEBUG:run: date: 2070 concentration: 707.146 pptv
Tue Mar 21 15:37:31 2023:DEBUG:run: date: 2071 concentration: 704.339 pptv
Tue Mar 21 15:37:31 2023:DEBUG:run: date: 2072 concentration: 701.132 pptv
Tue Mar 21 15:37:31 2023:DEBUG:run: date: 2073 concentration: 697.739 pptv
Tue Mar 21 15:37:31 2023:DEBUG:run: date: 2074 concentration: 694.261 pptv
Tue Mar 21 15:37:31 2023:DEBUG:run: date: 2075 concentration: 690.743 pptv
Tue Mar 21 15:37:31 2023:DEBUG:run: date: 2076 concentration: 687.206 pptv
Tue Mar 21 15:37:31 2023:DEBUG:run: date: 2077 concentration: 683.661 pptv
Tue Mar 21 15:37:31 2023:DEBUG:run: date: 2078 concentration: 680.112 pptv
Tue Mar 21 15:37:31 2023:DEBUG:run: date: 2079 concentration: 676.561 pptv
Tue Mar 21 15:37:31 2023:DEBUG:run: date: 2080 concentration: 673.01 pptv
Tue Mar 21 15:37:31 2023:DEBUG:run: date: 2081 concentration: 671.013 pptv
Tue Mar 21 15:37:31 2023:DEBUG:run: date: 2082 concentration: 669.736 pptv
Tue Mar 21 15:37:31 2023:DEBUG:run: date: 2083 concentration: 668.794 pptv
Tue Mar 21 15:37:31 2023:DEBUG:run: date: 2084 concentration: 668.006 pptv
Tue Mar 21 15:37:31 2023:DEBUG:run: date: 2085 concentration: 667.29 pptv
Tue Mar 21 15:37:31 2023:DEBUG:run: date: 2086 concentration: 666.607 pptv
Tue Mar 21 15:37:32 2023:DEBUG:run: date: 2087 concentration: 665.939 pptv
Tue Mar 21 15:37:32 2023:DEBUG:run: date: 2088 concentration: 665.279 pptv
Tue Mar 21 15:37:32 2023:DEBUG:run: date: 2089 concentration: 664.622 pptv
Tue Mar 21 15:37:32 2023:DEBUG:run: date: 2090 concentration: 663.966 pptv
Tue Mar 21 15:37:32 2023:DEBUG:run: date: 2091 concentration: 663.498 pptv
Tue Mar 21 15:37:32 2023:DEBUG:run: date: 2092 concentration: 663.117 pptv
Tue Mar 21 15:37:32 2023:DEBUG:run: date: 2093 concentration: 662.776 pptv
Tue Mar 21 15:37:32 2023:DEBUG:run: date: 2094 concentration: 662.454 pptv
Tue Mar 21 15:37:32 2023:DEBUG:run: date: 2095 concentration: 662.14 pptv
Tue Mar 21 15:37:32 2023:DEBUG:run: date: 2096 concentration: 661.831 pptv
Tue Mar 21 15:37:32 2023:DEBUG:run: date: 2097 concentration: 661.523 pptv
Tue Mar 21 15:37:32 2023:DEBUG:run: date: 2098 concentration: 661.216 pptv
Tue Mar 21 15:37:32 2023:DEBUG:run: date: 2099 concentration: 660.909 pptv
Tue Mar 21 15:37:32 2023:DEBUG:run: date: 2100 concentration: 660.603 pptv
Tue Mar 21 15:37:32 2023:DEBUG:run: date: 2101 concentration: 658.099 pptv
Tue Mar 21 15:37:32 2023:DEBUG:run: date: 2102 concentration: 654.576 pptv
Tue Mar 21 15:37:32 2023:DEBUG:run: date: 2103 concentration: 650.581 pptv
Tue Mar 21 15:37:32 2023:DEBUG:run: date: 2104 concentration: 646.368 pptv
Tue Mar 21 15:37:32 2023:DEBUG:run: date: 2105 concentration: 642.053 pptv
Tue Mar 21 15:37:32 2023:DEBUG:run: date: 2106 concentration: 637.691 pptv
Tue Mar 21 15:37:32 2023:DEBUG:run: date: 2107 concentration: 633.308 pptv
Tue Mar 21 15:37:32 2023:DEBUG:run: date: 2108 concentration: 628.914 pptv
Tue Mar 21 15:37:32 2023:DEBUG:run: date: 2109 concentration: 624.516 pptv
Tue Mar 21 15:37:32 2023:DEBUG:run: date: 2110 concentration: 620.116 pptv
Tue Mar 21 15:37:32 2023:DEBUG:run: date: 2111 concentration: 615.714 pptv
Tue Mar 21 15:37:32 2023:DEBUG:run: date: 2112 concentration: 611.312 pptv
Tue Mar 21 15:37:32 2023:DEBUG:run: date: 2113 concentration: 606.91 pptv
Tue Mar 21 15:37:32 2023:DEBUG:run: date: 2114 concentration: 602.508 pptv
Tue Mar 21 15:37:32 2023:DEBUG:run: date: 2115 concentration: 598.106 pptv
Tue Mar 21 15:37:32 2023:DEBUG:run: date: 2116 concentration: 593.704 pptv
Tue Mar 21 15:37:32 2023:DEBUG:run: date: 2117 concentration: 589.301 pptv
Tue Mar 21 15:37:32 2023:DEBUG:run: date: 2118 concentration: 584.899 pptv
Tue Mar 21 15:37:32 2023:DEBUG:run: date: 2119 concentration: 580.497 pptv
Tue Mar 21 15:37:32 2023:DEBUG:run: date: 2120 concentration: 576.095 pptv
Tue Mar 21 15:37:32 2023:DEBUG:run: date: 2121 concentration: 571.692 pptv
Tue Mar 21 15:37:32 2023:DEBUG:run: date: 2122 concentration: 567.29 pptv
Tue Mar 21 15:37:32 2023:DEBUG:run: date: 2123 concentration: 562.888 pptv
Tue Mar 21 15:37:32 2023:DEBUG:run: date: 2124 concentration: 558.486 pptv
Tue Mar 21 15:37:32 2023:DEBUG:run: date: 2125 concentration: 554.083 pptv
Tue Mar 21 15:37:32 2023:DEBUG:run: date: 2126 concentration: 549.681 pptv
Tue Mar 21 15:37:32 2023:DEBUG:run: date: 2127 concentration: 545.279 pptv
Tue Mar 21 15:37:32 2023:DEBUG:run: date: 2128 concentration: 540.877 pptv
Tue Mar 21 15:37:32 2023:DEBUG:run: date: 2129 concentration: 536.474 pptv
Tue Mar 21 15:37:32 2023:DEBUG:run: date: 2130 concentration: 532.072 pptv
Tue Mar 21 15:37:32 2023:DEBUG:run: date: 2131 concentration: 527.67 pptv
Tue Mar 21 15:37:32 2023:DEBUG:run: date: 2132 concentration: 523.268 pptv
Tue Mar 21 15:37:32 2023:DEBUG:run: date: 2133 concentration: 518.865 pptv
Tue Mar 21 15:37:32 2023:DEBUG:run: date: 2134 concentration: 514.463 pptv
Tue Mar 21 15:37:32 2023:DEBUG:run: date: 2135 concentration: 510.061 pptv
Tue Mar 21 15:37:32 2023:DEBUG:run: date: 2136 concentration: 505.659 pptv
Tue Mar 21 15:37:32 2023:DEBUG:run: date: 2137 concentration: 501.256 pptv
Tue Mar 21 15:37:32 2023:DEBUG:run: date: 2138 concentration: 496.854 pptv
Tue Mar 21 15:37:32 2023:DEBUG:run: date: 2139 concentration: 492.452 pptv
Tue Mar 21 15:37:32 2023:DEBUG:run: date: 2140 concentration: 488.05 pptv
Tue Mar 21 15:37:32 2023:DEBUG:run: date: 2141 concentration: 483.647 pptv
Tue Mar 21 15:37:32 2023:DEBUG:run: date: 2142 concentration: 479.245 pptv
Tue Mar 21 15:37:32 2023:DEBUG:run: date: 2143 concentration: 474.843 pptv
Tue Mar 21 15:37:32 2023:DEBUG:run: date: 2144 concentration: 470.44 pptv
Tue Mar 21 15:37:32 2023:DEBUG:run: date: 2145 concentration: 466.038 pptv
Tue Mar 21 15:37:32 2023:DEBUG:run: date: 2146 concentration: 461.636 pptv
Tue Mar 21 15:37:32 2023:DEBUG:run: date: 2147 concentration: 457.234 pptv
Tue Mar 21 15:37:32 2023:DEBUG:run: date: 2148 concentration: 452.831 pptv
Tue Mar 21 15:37:32 2023:DEBUG:run: date: 2149 concentration: 448.429 pptv
Tue Mar 21 15:37:32 2023:DEBUG:run: date: 2150 concentration: 444.027 pptv
Tue Mar 21 15:37:32 2023:DEBUG:run: date: 2151 concentration: 439.625 pptv
Tue Mar 21 15:37:32 2023:DEBUG:run: date: 2152 concentration: 435.222 pptv
Tue Mar 21 15:37:32 2023:DEBUG:run: date: 2153 concentration: 430.82 pptv
Tue Mar 21 15:37:32 2023:DEBUG:run: date: 2154 concentration: 426.418 pptv
Tue Mar 21 15:37:32 2023:DEBUG:run: date: 2155 concentration: 422.016 pptv
Tue Mar 21 15:37:32 2023:DEBUG:run: date: 2156 concentration: 417.613 pptv
Tue Mar 21 15:37:32 2023:DEBUG:run: date: 2157 concentration: 413.211 pptv
Tue Mar 21 15:37:32 2023:DEBUG:run: date: 2158 concentration: 408.809 pptv
Tue Mar 21 15:37:32 2023:DEBUG:run: date: 2159 concentration: 404.407 pptv
Tue Mar 21 15:37:32 2023:DEBUG:run: date: 2160 concentration: 400.004 pptv
Tue Mar 21 15:37:32 2023:DEBUG:run: date: 2161 concentration: 395.602 pptv
Tue Mar 21 15:37:32 2023:DEBUG:run: date: 2162 concentration: 391.2 pptv
Tue Mar 21 15:37:32 2023:DEBUG:run: date: 2163 concentration: 386.798 pptv
Tue Mar 21 15:37:32 2023:DEBUG:run: date: 2164 concentration: 382.395 pptv
Tue Mar 21 15:37:32 2023:DEBUG:run: date: 2165 concentration: 377.993 pptv
Tue Mar 21 15:37:32 2023:DEBUG:run: date: 2166 concentration: 373.591 pptv
Tue Mar 21 15:37:32 2023:DEBUG:run: date: 2167 concentration: 369.189 pptv
Tue Mar 21 15:37:32 2023:DEBUG:run: date: 2168 concentration: 364.786 pptv
Tue Mar 21 15:37:32 2023:DEBUG:run: date: 2169 concentration: 360.384 pptv
Tue Mar 21 15:37:32 2023:DEBUG:run: date: 2170 concentration: 355.982 pptv
Tue Mar 21 15:37:32 2023:DEBUG:run: date: 2171 concentration: 351.58 pptv
Tue Mar 21 15:37:32 2023:DEBUG:run: date: 2172 concentration: 347.177 pptv
Tue Mar 21 15:37:32 2023:DEBUG:run: date: 2173 concentration: 342.775 pptv
Tue Mar 21 15:37:32 2023:DEBUG:run: date: 2174 concentration: 338.373 pptv
Tue Mar 21 15:37:32 2023:DEBUG:run: date: 2175 concentration: 333.971 pptv
Tue Mar 21 15:37:32 2023:DEBUG:run: date: 2176 concentration: 329.568 pptv
Tue Mar 21 15:37:32 2023:DEBUG:run: date: 2177 concentration: 325.166 pptv
Tue Mar 21 15:37:32 2023:DEBUG:run: date: 2178 concentration: 320.764 pptv
Tue Mar 21 15:37:32 2023:DEBUG:run: date: 2179 concentration: 316.361 pptv
Tue Mar 21 15:37:32 2023:DEBUG:run: date: 2180 concentration: 311.959 pptv
Tue Mar 21 15:37:32 2023:DEBUG:run: date: 2181 concentration: 307.557 pptv
Tue Mar 21 15:37:32 2023:DEBUG:run: date: 2182 concentration: 303.155 pptv
Tue Mar 21 15:37:32 2023:DEBUG:run: date: 2183 concentration: 298.752 pptv
Tue Mar 21 15:37:32 2023:DEBUG:run: date: 2184 concentration: 294.35 pptv
Tue Mar 21 15:37:32 2023:DEBUG:run: date: 2185 concentration: 289.948 pptv
Tue Mar 21 15:37:32 2023:DEBUG:run: date: 2186 concentration: 285.546 pptv
Tue Mar 21 15:37:32 2023:DEBUG:run: date: 2187 concentration: 281.143 pptv
Tue Mar 21 15:37:32 2023:DEBUG:run: date: 2188 concentration: 276.741 pptv
Tue Mar 21 15:37:32 2023:DEBUG:run: date: 2189 concentration: 272.339 pptv
Tue Mar 21 15:37:32 2023:DEBUG:run: date: 2190 concentration: 267.937 pptv
Tue Mar 21 15:37:32 2023:DEBUG:run: date: 2191 concentration: 263.534 pptv
Tue Mar 21 15:37:32 2023:DEBUG:run: date: 2192 concentration: 259.132 pptv
Tue Mar 21 15:37:32 2023:DEBUG:run: date: 2193 concentration: 254.73 pptv
Tue Mar 21 15:37:32 2023:DEBUG:run: date: 2194 concentration: 250.328 pptv
Tue Mar 21 15:37:32 2023:DEBUG:run: date: 2195 concentration: 245.925 pptv
Tue Mar 21 15:37:32 2023:DEBUG:run: date: 2196 concentration: 241.523 pptv
Tue Mar 21 15:37:32 2023:DEBUG:run: date: 2197 concentration: 237.121 pptv
Tue Mar 21 15:37:32 2023:DEBUG:run: date: 2198 concentration: 232.719 pptv
Tue Mar 21 15:37:32 2023:DEBUG:run: date: 2199 concentration: 228.316 pptv
Tue Mar 21 15:37:32 2023:DEBUG:run: date: 2200 concentration: 223.914 pptv
Tue Mar 21 15:37:32 2023:DEBUG:run: date: 2201 concentration: 219.512 pptv
Tue Mar 21 15:37:32 2023:DEBUG:run: date: 2202 concentration: 215.11 pptv
Tue Mar 21 15:37:32 2023:DEBUG:run: date: 2203 concentration: 210.707 pptv
Tue Mar 21 15:37:32 2023:DEBUG:run: date: 2204 concentration: 206.305 pptv
Tue Mar 21 15:37:32 2023:DEBUG:run: date: 2205 concentration: 201.903 pptv
Tue Mar 21 15:37:32 2023:DEBUG:run: date: 2206 concentration: 197.501 pptv
Tue Mar 21 15:37:32 2023:DEBUG:run: date: 2207 concentration: 193.098 pptv
Tue Mar 21 15:37:32 2023:DEBUG:run: date: 2208 concentration: 188.696 pptv
Tue Mar 21 15:37:32 2023:DEBUG:run: date: 2209 concentration: 184.294 pptv
Tue Mar 21 15:37:32 2023:DEBUG:run: date: 2210 concentration: 179.892 pptv
Tue Mar 21 15:37:32 2023:DEBUG:run: date: 2211 concentration: 175.489 pptv
Tue Mar 21 15:37:32 2023:DEBUG:run: date: 2212 concentration: 171.087 pptv
Tue Mar 21 15:37:32 2023:DEBUG:run: date: 2213 concentration: 166.685 pptv
Tue Mar 21 15:37:32 2023:DEBUG:run: date: 2214 concentration: 162.283 pptv
Tue Mar 21 15:37:32 2023:DEBUG:run: date: 2215 concentration: 157.88 pptv
Tue Mar 21 15:37:32 2023:DEBUG:run: date: 2216 concentration: 153.478 pptv
Tue Mar 21 15:37:32 2023:DEBUG:run: date: 2217 concentration: 149.076 pptv
Tue Mar 21 15:37:32 2023:DEBUG:run: date: 2218 concentration: 144.673 pptv
Tue Mar 21 15:37:32 2023:DEBUG:run: date: 2219 concentration: 140.271 pptv
Tue Mar 21 15:37:32 2023:DEBUG:run: date: 2220 concentration: 135.869 pptv
Tue Mar 21 15:37:32 2023:DEBUG:run: date: 2221 concentration: 131.467 pptv
Tue Mar 21 15:37:32 2023:DEBUG:run: date: 2222 concentration: 127.064 pptv
Tue Mar 21 15:37:32 2023:DEBUG:run: date: 2223 concentration: 122.662 pptv
Tue Mar 21 15:37:32 2023:DEBUG:run: date: 2224 concentration: 118.26 pptv
Tue Mar 21 15:37:32 2023:DEBUG:run: date: 2225 concentration: 113.858 pptv
Tue Mar 21 15:37:32 2023:DEBUG:run: date: 2226 concentration: 109.455 pptv
Tue Mar 21 15:37:32 2023:DEBUG:run: date: 2227 concentration: 105.053 pptv
Tue Mar 21 15:37:32 2023:DEBUG:run: date: 2228 concentration: 100.651 pptv
Tue Mar 21 15:37:32 2023:DEBUG:run: date: 2229 concentration: 96.2486 pptv
Tue Mar 21 15:37:32 2023:DEBUG:run: date: 2230 concentration: 91.8464 pptv
Tue Mar 21 15:37:32 2023:DEBUG:run: date: 2231 concentration: 87.4441 pptv
Tue Mar 21 15:37:32 2023:DEBUG:run: date: 2232 concentration: 83.0419 pptv
Tue Mar 21 15:37:32 2023:DEBUG:run: date: 2233 concentration: 78.6396 pptv
Tue Mar 21 15:37:32 2023:DEBUG:run: date: 2234 concentration: 74.2374 pptv
Tue Mar 21 15:37:32 2023:DEBUG:run: date: 2235 concentration: 69.8351 pptv
Tue Mar 21 15:37:32 2023:DEBUG:run: date: 2236 concentration: 65.4329 pptv
Tue Mar 21 15:37:32 2023:DEBUG:run: date: 2237 concentration: 61.0306 pptv
Tue Mar 21 15:37:32 2023:DEBUG:run: date: 2238 concentration: 56.6283 pptv
Tue Mar 21 15:37:32 2023:DEBUG:run: date: 2239 concentration: 52.2261 pptv
Tue Mar 21 15:37:32 2023:DEBUG:run: date: 2240 concentration: 47.8238 pptv
Tue Mar 21 15:37:32 2023:DEBUG:run: date: 2241 concentration: 43.4216 pptv
Tue Mar 21 15:37:32 2023:DEBUG:run: date: 2242 concentration: 39.0193 pptv
Tue Mar 21 15:37:32 2023:DEBUG:run: date: 2243 concentration: 34.6171 pptv
Tue Mar 21 15:37:32 2023:DEBUG:run: date: 2244 concentration: 30.2148 pptv
Tue Mar 21 15:37:32 2023:DEBUG:run: date: 2245 concentration: 25.8125 pptv
Tue Mar 21 15:37:32 2023:DEBUG:run: date: 2246 concentration: 21.4103 pptv
Tue Mar 21 15:37:32 2023:DEBUG:run: date: 2247 concentration: 17.008 pptv
Tue Mar 21 15:37:32 2023:DEBUG:run: date: 2248 concentration: 12.6058 pptv
Tue Mar 21 15:37:32 2023:DEBUG:run: date: 2249 concentration: 8.20351 pptv
Tue Mar 21 15:37:32 2023:DEBUG:run: date: 2250 concentration: 3.80126 pptv
Tue Mar 21 15:37:32 2023:DEBUG:run: date: 2251 concentration: 1.76139 pptv
Tue Mar 21 15:37:32 2023:DEBUG:run: date: 2252 concentration: 0.816172 pptv
Tue Mar 21 15:37:32 2023:DEBUG:run: date: 2253 concentration: 0.378189 pptv
Tue Mar 21 15:37:32 2023:DEBUG:run: date: 2254 concentration: 0.175241 pptv
Tue Mar 21 15:37:32 2023:DEBUG:run: date: 2255 concentration: 0.0812015 pptv
Tue Mar 21 15:37:32 2023:DEBUG:run: date: 2256 concentration: 0.0376263 pptv
Tue Mar 21 15:37:32 2023:DEBUG:run: date: 2257 concentration: 0.0174349 pptv
Tue Mar 21 15:37:32 2023:DEBUG:run: date: 2258 concentration: 0.00807878 pptv
Tue Mar 21 15:37:32 2023:DEBUG:run: date: 2259 concentration: 0.00374346 pptv
Tue Mar 21 15:37:32 2023:DEBUG:run: date: 2260 concentration: 0.0017346 pptv
Tue Mar 21 15:37:32 2023:DEBUG:run: date: 2261 concentration: 0.000803763 pptv
Tue Mar 21 15:37:32 2023:DEBUG:run: date: 2262 concentration: 0.000372439 pptv
Tue Mar 21 15:37:32 2023:DEBUG:run: date: 2263 concentration: 0.000172577 pptv
Tue Mar 21 15:37:32 2023:DEBUG:run: date: 2264 concentration: 7.99668e-05 pptv
Tue Mar 21 15:37:32 2023:DEBUG:run: date: 2265 concentration: 3.70542e-05 pptv
Tue Mar 21 15:37:32 2023:DEBUG:run: date: 2266 concentration: 1.71698e-05 pptv
Tue Mar 21 15:37:32 2023:DEBUG:run: date: 2267 concentration: 7.95594e-06 pptv
Tue Mar 21 15:37:32 2023:DEBUG:run: date: 2268 concentration: 3.68654e-06 pptv
Tue Mar 21 15:37:32 2023:DEBUG:run: date: 2269 concentration: 1.70823e-06 pptv
Tue Mar 21 15:37:32 2023:DEBUG:run: date: 2270 concentration: 7.91541e-07 pptv
Tue Mar 21 15:37:32 2023:DEBUG:run: date: 2271 concentration: 3.66776e-07 pptv
Tue Mar 21 15:37:32 2023:DEBUG:run: date: 2272 concentration: 1.69953e-07 pptv
Tue Mar 21 15:37:32 2023:DEBUG:run: date: 2273 concentration: 7.87509e-08 pptv
Tue Mar 21 15:37:32 2023:DEBUG:run: date: 2274 concentration: 3.64908e-08 pptv
Tue Mar 21 15:37:32 2023:DEBUG:run: date: 2275 concentration: 1.69087e-08 pptv
Tue Mar 21 15:37:32 2023:DEBUG:run: date: 2276 concentration: 7.83497e-09 pptv
Tue Mar 21 15:37:32 2023:DEBUG:run: date: 2277 concentration: 3.63049e-09 pptv
Tue Mar 21 15:37:32 2023:DEBUG:run: date: 2278 concentration: 1.68226e-09 pptv
Tue Mar 21 15:37:32 2023:DEBUG:run: date: 2279 concentration: 7.79506e-10 pptv
Tue Mar 21 15:37:32 2023:DEBUG:run: date: 2280 concentration: 3.61199e-10 pptv
Tue Mar 21 15:37:32 2023:DEBUG:run: date: 2281 concentration: 1.67369e-10 pptv
Tue Mar 21 15:37:32 2023:DEBUG:run: date: 2282 concentration: 7.75535e-11 pptv
Tue Mar 21 15:37:32 2023:DEBUG:run: date: 2283 concentration: 3.59359e-11 pptv
Tue Mar 21 15:37:32 2023:DEBUG:run: date: 2284 concentration: 1.66516e-11 pptv
Tue Mar 21 15:37:32 2023:DEBUG:run: date: 2285 concentration: 7.71584e-12 pptv
Tue Mar 21 15:37:32 2023:DEBUG:run: date: 2286 concentration: 3.57529e-12 pptv
Tue Mar 21 15:37:32 2023:DEBUG:run: date: 2287 concentration: 1.65668e-12 pptv
Tue Mar 21 15:37:32 2023:DEBUG:run: date: 2288 concentration: 7.67654e-13 pptv
Tue Mar 21 15:37:32 2023:DEBUG:run: date: 2289 concentration: 3.55707e-13 pptv
Tue Mar 21 15:37:32 2023:DEBUG:run: date: 2290 concentration: 1.64824e-13 pptv
Tue Mar 21 15:37:32 2023:DEBUG:run: date: 2291 concentration: 7.63743e-14 pptv
Tue Mar 21 15:37:32 2023:DEBUG:run: date: 2292 concentration: 3.53895e-14 pptv
Tue Mar 21 15:37:32 2023:DEBUG:run: date: 2293 concentration: 1.63984e-14 pptv
Tue Mar 21 15:37:32 2023:DEBUG:run: date: 2294 concentration: 7.59853e-15 pptv
Tue Mar 21 15:37:32 2023:DEBUG:run: date: 2295 concentration: 3.52092e-15 pptv
Tue Mar 21 15:37:32 2023:DEBUG:run: date: 2296 concentration: 1.63149e-15 pptv
Tue Mar 21 15:37:32 2023:DEBUG:run: date: 2297 concentration: 7.55982e-16 pptv
Tue Mar 21 15:37:32 2023:DEBUG:run: date: 2298 concentration: 3.50299e-16 pptv
Tue Mar 21 15:37:32 2023:DEBUG:run: date: 2299 concentration: 1.62318e-16 pptv
Tue Mar 21 15:37:32 2023:DEBUG:run: date: 2300 concentration: 7.52131e-17 pptv
