Tue Mar 21 15:37:28 2023:NOTICE:printLogHeader: hector version 2.5.0
Tue Mar 21 15:37:29 2023:DEBUG:setData: Setting tau[-1]=5.0
Tue Mar 21 15:37:29 2023:DEBUG:setData: Setting rho[-1]=0.00006
Tue Mar 21 15:37:29 2023:DEBUG:setData: Setting CH3CCl3_emissions[1765]=0
Tue Mar 21 15:37:29 2023:DEBUG:setData: Setting CH3CCl3_emissions[1766]=0
Tue Mar 21 15:37:29 2023:DEBUG:setData: Setting CH3CCl3_emissions[1767]=0
Tue Mar 21 15:37:29 2023:DEBUG:setData: Setting CH3CCl3_emissions[1768]=0
Tue Mar 21 15:37:29 2023:DEBUG:setData: Setting CH3CCl3_emissions[1769]=0
Tue Mar 21 15:37:29 2023:DEBUG:setData: Setting CH3CCl3_emissions[1770]=0
Tue Mar 21 15:37:29 2023:DEBUG:setData: Setting CH3CCl3_emissions[1771]=0
Tue Mar 21 15:37:29 2023:DEBUG:setData: Setting CH3CCl3_emissions[1772]=0
Tue Mar 21 15:37:29 2023:DEBUG:setData: Setting CH3CCl3_emissions[1773]=0
Tue Mar 21 15:37:29 2023:DEBUG:setData: Setting CH3CCl3_emissions[1774]=0
Tue Mar 21 15:37:29 2023:DEBUG:setData: Setting CH3CCl3_emissions[1775]=0
Tue Mar 21 15:37:29 2023:DEBUG:setData: Setting CH3CCl3_emissions[1776]=0
Tue Mar 21 15:37:29 2023:DEBUG:setData: Setting CH3CCl3_emissions[1777]=0
Tue Mar 21 15:37:29 2023:DEBUG:setData: Setting CH3CCl3_emissions[1778]=0
Tue Mar 21 15:37:29 2023:DEBUG:setData: Setting CH3CCl3_emissions[1779]=0
Tue Mar 21 15:37:29 2023:DEBUG:setData: Setting CH3CCl3_emissions[1780]=0
Tue Mar 21 15:37:29 2023:DEBUG:setData: Setting CH3CCl3_emissions[1781]=0
Tue Mar 21 15:37:29 2023:DEBUG:setData: Setting CH3CCl3_emissions[1782]=0
Tue Mar 21 15:37:29 2023:DEBUG:setData: Setting CH3CCl3_emissions[1783]=0
Tue Mar 21 15:37:29 2023:DEBUG:setData: Setting CH3CCl3_emissions[1784]=0
Tue Mar 21 15:37:29 2023:DEBUG:setData: Setting CH3CCl3_emissions[1785]=0
Tue Mar 21 15:37:29 2023:DEBUG:setData: Setting CH3CCl3_emissions[1786]=0
Tue Mar 21 15:37:29 2023:DEBUG:setData: Setting CH3CCl3_emissions[1787]=0
Tue Mar 21 15:37:29 2023:DEBUG:setData: Setting CH3CCl3_emissions[1788]=0
Tue Mar 21 15:37:29 2023:DEBUG:setData: Setting CH3CCl3_emissions[1789]=0
Tue Mar 21 15:37:29 2023:DEBUG:setData: Setting CH3CCl3_emissions[1790]=0
Tue Mar 21 15:37:29 2023:DEBUG:setData: Setting CH3CCl3_emissions[1791]=0
Tue Mar 21 15:37:29 2023:DEBUG:setData: Setting CH3CCl3_emissions[1792]=0
Tue Mar 21 15:37:29 2023:DEBUG:setData: Setting CH3CCl3_emissions[1793]=0
Tue Mar 21 15:37:29 2023:DEBUG:setData: Setting CH3CCl3_emissions[1794]=0
Tue Mar 21 15:37:29 2023:DEBUG:setData: Setting CH3CCl3_emissions[1795]=0
Tue Mar 21 15:37:29 2023:DEBUG:setData: Setting CH3CCl3_emissions[1796]=0
Tue Mar 21 15:37:29 2023:DEBUG:setData: Setting CH3CCl3_emissions[1797]=0
Tue Mar 21 15:37:29 2023:DEBUG:setData: Setting CH3CCl3_emissions[1798]=0
Tue Mar 21 15:37:29 2023:DEBUG:setData: Setting CH3CCl3_emissions[1799]=0
Tue Mar 21 15:37:29 2023:DEBUG:setData: Setting CH3CCl3_emissions[1800]=0
Tue Mar 21 15:37:29 2023:DEBUG:setData: Setting CH3CCl3_emissions[1801]=0
Tue Mar 21 15:37:29 2023:DEBUG:setData: Setting CH3CCl3_emissions[1802]=0
Tue Mar 21 15:37:29 2023:DEBUG:setData: Setting CH3CCl3_emissions[1803]=0
Tue Mar 21 15:37:29 2023:DEBUG:setData: Setting CH3CCl3_emissions[1804]=0
Tue Mar 21 15:37:29 2023:DEBUG:setData: Setting CH3CCl3_emissions[1805]=0
Tue Mar 21 15:37:29 2023:DEBUG:setData: Setting CH3CCl3_emissions[1806]=0
Tue Mar 21 15:37:29 2023:DEBUG:setData: Setting CH3CCl3_emissions[1807]=0
Tue Mar 21 15:37:29 2023:DEBUG:setData: Setting CH3CCl3_emissions[1808]=0
Tue Mar 21 15:37:29 2023:DEBUG:setData: Setting CH3CCl3_emissions[1809]=0
Tue Mar 21 15:37:29 2023:DEBUG:setData: Setting CH3CCl3_emissions[1810]=0
Tue Mar 21 15:37:29 2023:DEBUG:setData: Setting CH3CCl3_emissions[1811]=0
Tue Mar 21 15:37:29 2023:DEBUG:setData: Setting CH3CCl3_emissions[1812]=0
Tue Mar 21 15:37:29 2023:DEBUG:setData: Setting CH3CCl3_emissions[1813]=0
Tue Mar 21 15:37:29 2023:DEBUG:setData: Setting CH3CCl3_emissions[1814]=0
Tue Mar 21 15:37:29 2023:DEBUG:setData: Setting CH3CCl3_emissions[1815]=0
Tue Mar 21 15:37:29 2023:DEBUG:setData: Setting CH3CCl3_emissions[1816]=0
Tue Mar 21 15:37:29 2023:DEBUG:setData: Setting CH3CCl3_emissions[1817]=0
Tue Mar 21 15:37:29 2023:DEBUG:setData: Setting CH3CCl3_emissions[1818]=0
Tue Mar 21 15:37:29 2023:DEBUG:setData: Setting CH3CCl3_emissions[1819]=0
Tue Mar 21 15:37:29 2023:DEBUG:setData: Setting CH3CCl3_emissions[1820]=0
Tue Mar 21 15:37:29 2023:DEBUG:setData: Setting CH3CCl3_emissions[1821]=0
Tue Mar 21 15:37:29 2023:DEBUG:setData: Setting CH3CCl3_emissions[1822]=0
Tue Mar 21 15:37:29 2023:DEBUG:setData: Setting CH3CCl3_emissions[1823]=0
Tue Mar 21 15:37:29 2023:DEBUG:setData: Setting CH3CCl3_emissions[1824]=0
Tue Mar 21 15:37:29 2023:DEBUG:setData: Setting CH3CCl3_emissions[1825]=0
Tue Mar 21 15:37:29 2023:DEBUG:setData: Setting CH3CCl3_emissions[1826]=0
Tue Mar 21 15:37:29 2023:DEBUG:setData: Setting CH3CCl3_emissions[1827]=0
Tue Mar 21 15:37:29 2023:DEBUG:setData: Setting CH3CCl3_emissions[1828]=0
Tue Mar 21 15:37:29 2023:DEBUG:setData: Setting CH3CCl3_emissions[1829]=0
Tue Mar 21 15:37:29 2023:DEBUG:setData: Setting CH3CCl3_emissions[1830]=0
Tue Mar 21 15:37:29 2023:DEBUG:setData: Setting CH3CCl3_emissions[1831]=0
Tue Mar 21 15:37:29 2023:DEBUG:setData: Setting CH3CCl3_emissions[1832]=0
Tue Mar 21 15:37:29 2023:DEBUG:setData: Setting CH3CCl3_emissions[1833]=0
Tue Mar 21 15:37:29 2023:DEBUG:setData: Setting CH3CCl3_emissions[1834]=0
Tue Mar 21 15:37:29 2023:DEBUG:setData: Setting CH3CCl3_emissions[1835]=0
Tue Mar 21 15:37:29 2023:DEBUG:setData: Setting CH3CCl3_emissions[1836]=0
Tue Mar 21 15:37:29 2023:DEBUG:setData: Setting CH3CCl3_emissions[1837]=0
Tue Mar 21 15:37:29 2023:DEBUG:setData: Setting CH3CCl3_emissions[1838]=0
Tue Mar 21 15:37:29 2023:DEBUG:setData: Setting CH3CCl3_emissions[1839]=0
Tue Mar 21 15:37:29 2023:DEBUG:setData: Setting CH3CCl3_emissions[1840]=0
Tue Mar 21 15:37:29 2023:DEBUG:setData: Setting CH3CCl3_emissions[1841]=0
Tue Mar 21 15:37:29 2023:DEBUG:setData: Setting CH3CCl3_emissions[1842]=0
Tue Mar 21 15:37:29 2023:DEBUG:setData: Setting CH3CCl3_emissions[1843]=0
Tue Mar 21 15:37:29 2023:DEBUG:setData: Setting CH3CCl3_emissions[1844]=0
Tue Mar 21 15:37:29 2023:DEBUG:setData: Setting CH3CCl3_emissions[1845]=0
Tue Mar 21 15:37:29 2023:DEBUG:setData: Setting CH3CCl3_emissions[1846]=0
Tue Mar 21 15:37:29 2023:DEBUG:setData: Setting CH3CCl3_emissions[1847]=0
Tue Mar 21 15:37:29 2023:DEBUG:setData: Setting CH3CCl3_emissions[1848]=0
Tue Mar 21 15:37:29 2023:DEBUG:setData: Setting CH3CCl3_emissions[1849]=0
Tue Mar 21 15:37:29 2023:DEBUG:setData: Setting CH3CCl3_emissions[1850]=0
Tue Mar 21 15:37:29 2023:DEBUG:setData: Setting CH3CCl3_emissions[1851]=0
Tue Mar 21 15:37:29 2023:DEBUG:setData: Setting CH3CCl3_emissions[1852]=0
Tue Mar 21 15:37:29 2023:DEBUG:setData: Setting CH3CCl3_emissions[1853]=0
Tue Mar 21 15:37:29 2023:DEBUG:setData: Setting CH3CCl3_emissions[1854]=0
Tue Mar 21 15:37:29 2023:DEBUG:setData: Setting CH3CCl3_emissions[1855]=0
Tue Mar 21 15:37:29 2023:DEBUG:setData: Setting CH3CCl3_emissions[1856]=0
Tue Mar 21 15:37:29 2023:DEBUG:setData: Setting CH3CCl3_emissions[1857]=0
Tue Mar 21 15:37:29 2023:DEBUG:setData: Setting CH3CCl3_emissions[1858]=0
Tue Mar 21 15:37:29 2023:DEBUG:setData: Setting CH3CCl3_emissions[1859]=0
Tue Mar 21 15:37:29 2023:DEBUG:setData: Setting CH3CCl3_emissions[1860]=0
Tue Mar 21 15:37:29 2023:DEBUG:setData: Setting CH3CCl3_emissions[1861]=0
Tue Mar 21 15:37:29 2023:DEBUG:setData: Setting CH3CCl3_emissions[1862]=0
Tue Mar 21 15:37:29 2023:DEBUG:setData: Setting CH3CCl3_emissions[1863]=0
Tue Mar 21 15:37:29 2023:DEBUG:setData: Setting CH3CCl3_emissions[1864]=0
Tue Mar 21 15:37:29 2023:DEBUG:setData: Setting CH3CCl3_emissions[1865]=0
Tue Mar 21 15:37:29 2023:DEBUG:setData: Setting CH3CCl3_emissions[1866]=0
Tue Mar 21 15:37:29 2023:DEBUG:setData: Setting CH3CCl3_emissions[1867]=0
Tue Mar 21 15:37:29 2023:DEBUG:setData: Setting CH3CCl3_emissions[1868]=0
Tue Mar 21 15:37:29 2023:DEBUG:setData: Setting CH3CCl3_emissions[1869]=0
Tue Mar 21 15:37:29 2023:DEBUG:setData: Setting CH3CCl3_emissions[1870]=0
Tue Mar 21 15:37:29 2023:DEBUG:setData: Setting CH3CCl3_emissions[1871]=0
Tue Mar 21 15:37:29 2023:DEBUG:setData: Setting CH3CCl3_emissions[1872]=0
Tue Mar 21 15:37:29 2023:DEBUG:setData: Setting CH3CCl3_emissions[1873]=0
Tue Mar 21 15:37:29 2023:DEBUG:setData: Setting CH3CCl3_emissions[1874]=0
Tue Mar 21 15:37:29 2023:DEBUG:setData: Setting CH3CCl3_emissions[1875]=0
Tue Mar 21 15:37:29 2023:DEBUG:setData: Setting CH3CCl3_emissions[1876]=0
Tue Mar 21 15:37:29 2023:DEBUG:setData: Setting CH3CCl3_emissions[1877]=0
Tue Mar 21 15:37:29 2023:DEBUG:setData: Setting CH3CCl3_emissions[1878]=0
Tue Mar 21 15:37:29 2023:DEBUG:setData: Setting CH3CCl3_emissions[1879]=0
Tue Mar 21 15:37:29 2023:DEBUG:setData: Setting CH3CCl3_emissions[1880]=0
Tue Mar 21 15:37:29 2023:DEBUG:setData: Setting CH3CCl3_emissions[1881]=0
Tue Mar 21 15:37:29 2023:DEBUG:setData: Setting CH3CCl3_emissions[1882]=0
Tue Mar 21 15:37:29 2023:DEBUG:setData: Setting CH3CCl3_emissions[1883]=0
Tue Mar 21 15:37:29 2023:DEBUG:setData: Setting CH3CCl3_emissions[1884]=0
Tue Mar 21 15:37:29 2023:DEBUG:setData: Setting CH3CCl3_emissions[1885]=0
Tue Mar 21 15:37:29 2023:DEBUG:setData: Setting CH3CCl3_emissions[1886]=0
Tue Mar 21 15:37:29 2023:DEBUG:setData: Setting CH3CCl3_emissions[1887]=0
Tue Mar 21 15:37:29 2023:DEBUG:setData: Setting CH3CCl3_emissions[1888]=0
Tue Mar 21 15:37:29 2023:DEBUG:setData: Setting CH3CCl3_emissions[1889]=0
Tue Mar 21 15:37:29 2023:DEBUG:setData: Setting CH3CCl3_emissions[1890]=0
Tue Mar 21 15:37:29 2023:DEBUG:setData: Setting CH3CCl3_emissions[1891]=0
Tue Mar 21 15:37:29 2023:DEBUG:setData: Setting CH3CCl3_emissions[1892]=0
Tue Mar 21 15:37:29 2023:DEBUG:setData: Setting CH3CCl3_emissions[1893]=0
Tue Mar 21 15:37:29 2023:DEBUG:setData: Setting CH3CCl3_emissions[1894]=0
Tue Mar 21 15:37:29 2023:DEBUG:setData: Setting CH3CCl3_emissions[1895]=0
Tue Mar 21 15:37:29 2023:DEBUG:setData: Setting CH3CCl3_emissions[1896]=0
Tue Mar 21 15:37:29 2023:DEBUG:setData: Setting CH3CCl3_emissions[1897]=0
Tue Mar 21 15:37:29 2023:DEBUG:setData: Setting CH3CCl3_emissions[1898]=0
Tue Mar 21 15:37:29 2023:DEBUG:setData: Setting CH3CCl3_emissions[1899]=0
Tue Mar 21 15:37:29 2023:DEBUG:setData: Setting CH3CCl3_emissions[1900]=0
Tue Mar 21 15:37:29 2023:DEBUG:setData: Setting CH3CCl3_emissions[1901]=0
Tue Mar 21 15:37:29 2023:DEBUG:setData: Setting CH3CCl3_emissions[1902]=0
Tue Mar 21 15:37:29 2023:DEBUG:setData: Setting CH3CCl3_emissions[1903]=0
Tue Mar 21 15:37:29 2023:DEBUG:setData: Setting CH3CCl3_emissions[1904]=0
Tue Mar 21 15:37:29 2023:DEBUG:setData: Setting CH3CCl3_emissions[1905]=0
Tue Mar 21 15:37:29 2023:DEBUG:setData: Setting CH3CCl3_emissions[1906]=0
Tue Mar 21 15:37:29 2023:DEBUG:setData: Setting CH3CCl3_emissions[1907]=0
Tue Mar 21 15:37:29 2023:DEBUG:setData: Setting CH3CCl3_emissions[1908]=0
Tue Mar 21 15:37:29 2023:DEBUG:setData: Setting CH3CCl3_emissions[1909]=0
Tue Mar 21 15:37:29 2023:DEBUG:setData: Setting CH3CCl3_emissions[1910]=0
Tue Mar 21 15:37:29 2023:DEBUG:setData: Setting CH3CCl3_emissions[1911]=0
Tue Mar 21 15:37:29 2023:DEBUG:setData: Setting CH3CCl3_emissions[1912]=0
Tue Mar 21 15:37:29 2023:DEBUG:setData: Setting CH3CCl3_emissions[1913]=0
Tue Mar 21 15:37:29 2023:DEBUG:setData: Setting CH3CCl3_emissions[1914]=0
Tue Mar 21 15:37:29 2023:DEBUG:setData: Setting CH3CCl3_emissions[1915]=0
Tue Mar 21 15:37:29 2023:DEBUG:setData: Setting CH3CCl3_emissions[1916]=0
Tue Mar 21 15:37:29 2023:DEBUG:setData: Setting CH3CCl3_emissions[1917]=0
Tue Mar 21 15:37:29 2023:DEBUG:setData: Setting CH3CCl3_emissions[1918]=0
Tue Mar 21 15:37:29 2023:DEBUG:setData: Setting CH3CCl3_emissions[1919]=0
Tue Mar 21 15:37:29 2023:DEBUG:setData: Setting CH3CCl3_emissions[1920]=0
Tue Mar 21 15:37:29 2023:DEBUG:setData: Setting CH3CCl3_emissions[1921]=0
Tue Mar 21 15:37:29 2023:DEBUG:setData: Setting CH3CCl3_emissions[1922]=0
Tue Mar 21 15:37:29 2023:DEBUG:setData: Setting CH3CCl3_emissions[1923]=0
Tue Mar 21 15:37:29 2023:DEBUG:setData: Setting CH3CCl3_emissions[1924]=0
Tue Mar 21 15:37:29 2023:DEBUG:setData: Setting CH3CCl3_emissions[1925]=0
Tue Mar 21 15:37:29 2023:DEBUG:setData: Setting CH3CCl3_emissions[1926]=0
Tue Mar 21 15:37:29 2023:DEBUG:setData: Setting CH3CCl3_emissions[1927]=0
Tue Mar 21 15:37:29 2023:DEBUG:setData: Setting CH3CCl3_emissions[1928]=0
Tue Mar 21 15:37:29 2023:DEBUG:setData: Setting CH3CCl3_emissions[1929]=0
Tue Mar 21 15:37:29 2023:DEBUG:setData: Setting CH3CCl3_emissions[1930]=0
Tue Mar 21 15:37:29 2023:DEBUG:setData: Setting CH3CCl3_emissions[1931]=0
Tue Mar 21 15:37:29 2023:DEBUG:setData: Setting CH3CCl3_emissions[1932]=0
Tue Mar 21 15:37:29 2023:DEBUG:setData: Setting CH3CCl3_emissions[1933]=0
Tue Mar 21 15:37:29 2023:DEBUG:setData: Setting CH3CCl3_emissions[1934]=0
Tue Mar 21 15:37:29 2023:DEBUG:setData: Setting CH3CCl3_emissions[1935]=0
Tue Mar 21 15:37:29 2023:DEBUG:setData: Setting CH3CCl3_emissions[1936]=0
Tue Mar 21 15:37:29 2023:DEBUG:setData: Setting CH3CCl3_emissions[1937]=0
Tue Mar 21 15:37:29 2023:DEBUG:setData: Setting CH3CCl3_emissions[1938]=0
Tue Mar 21 15:37:29 2023:DEBUG:setData: Setting CH3CCl3_emissions[1939]=0
Tue Mar 21 15:37:29 2023:DEBUG:setData: Setting CH3CCl3_emissions[1940]=0
Tue Mar 21 15:37:29 2023:DEBUG:setData: Setting CH3CCl3_emissions[1941]=0
Tue Mar 21 15:37:29 2023:DEBUG:setData: Setting CH3CCl3_emissions[1942]=0
Tue Mar 21 15:37:29 2023:DEBUG:setData: Setting CH3CCl3_emissions[1943]=0
Tue Mar 21 15:37:29 2023:DEBUG:setData: Setting CH3CCl3_emissions[1944]=0
Tue Mar 21 15:37:29 2023:DEBUG:setData: Setting CH3CCl3_emissions[1945]=0
Tue Mar 21 15:37:29 2023:DEBUG:setData: Setting CH3CCl3_emissions[1946]=0
Tue Mar 21 15:37:29 2023:DEBUG:setData: Setting CH3CCl3_emissions[1947]=0
Tue Mar 21 15:37:29 2023:DEBUG:setData: Setting CH3CCl3_emissions[1948]=0
Tue Mar 21 15:37:29 2023:DEBUG:setData: Setting CH3CCl3_emissions[1949]=0
Tue Mar 21 15:37:29 2023:DEBUG:setData: Setting CH3CCl3_emissions[1950]=0
Tue Mar 21 15:37:29 2023:DEBUG:setData: Setting CH3CCl3_emissions[1951]=0.014330518
Tue Mar 21 15:37:29 2023:DEBUG:setData: Setting CH3CCl3_emissions[1952]=0.21725302
Tue Mar 21 15:37:29 2023:DEBUG:setData: Setting CH3CCl3_emissions[1953]=1.3575508
Tue Mar 21 15:37:29 2023:DEBUG:setData: Setting CH3CCl3_emissions[1954]=3.6198833
Tue Mar 21 15:37:29 2023:DEBUG:setData: Setting CH3CCl3_emissions[1955]=6.4848679
Tue Mar 21 15:37:29 2023:DEBUG:setData: Setting CH3CCl3_emissions[1956]=9.1561662
Tue Mar 21 15:37:29 2023:DEBUG:setData: Setting CH3CCl3_emissions[1957]=11.488509
Tue Mar 21 15:37:29 2023:DEBUG:setData: Setting CH3CCl3_emissions[1958]=14.781202
Tue Mar 21 15:37:29 2023:DEBUG:setData: Setting CH3CCl3_emissions[1959]=18.063698
Tue Mar 21 15:37:29 2023:DEBUG:setData: Setting CH3CCl3_emissions[1960]=21.750437
Tue Mar 21 15:37:29 2023:DEBUG:setData: Setting CH3CCl3_emissions[1961]=27.278298
Tue Mar 21 15:37:29 2023:DEBUG:setData: Setting CH3CCl3_emissions[1962]=32.049021
Tue Mar 21 15:37:29 2023:DEBUG:setData: Setting CH3CCl3_emissions[1963]=37.52532
Tue Mar 21 15:37:29 2023:DEBUG:setData: Setting CH3CCl3_emissions[1964]=49.914046
Tue Mar 21 15:37:29 2023:DEBUG:setData: Setting CH3CCl3_emissions[1965]=70.507935
Tue Mar 21 15:37:29 2023:DEBUG:setData: Setting CH3CCl3_emissions[1966]=94.258765
Tue Mar 21 15:37:29 2023:DEBUG:setData: Setting CH3CCl3_emissions[1967]=116.32544
Tue Mar 21 15:37:29 2023:DEBUG:setData: Setting CH3CCl3_emissions[1968]=133.08156
Tue Mar 21 15:37:29 2023:DEBUG:setData: Setting CH3CCl3_emissions[1969]=146.61896
Tue Mar 21 15:37:29 2023:DEBUG:setData: Setting CH3CCl3_emissions[1970]=173.56366
Tue Mar 21 15:37:29 2023:DEBUG:setData: Setting CH3CCl3_emissions[1971]=217.72405
Tue Mar 21 15:37:29 2023:DEBUG:setData: Setting CH3CCl3_emissions[1972]=267.60333
Tue Mar 21 15:37:29 2023:DEBUG:setData: Setting CH3CCl3_emissions[1973]=301.85553
Tue Mar 21 15:37:29 2023:DEBUG:setData: Setting CH3CCl3_emissions[1974]=327.35544
Tue Mar 21 15:37:29 2023:DEBUG:setData: Setting CH3CCl3_emissions[1975]=384.99818
Tue Mar 21 15:37:29 2023:DEBUG:setData: Setting CH3CCl3_emissions[1976]=475.43135
Tue Mar 21 15:37:29 2023:DEBUG:setData: Setting CH3CCl3_emissions[1977]=533.0325
Tue Mar 21 15:37:29 2023:DEBUG:setData: Setting CH3CCl3_emissions[1978]=529.79652
Tue Mar 21 15:37:29 2023:DEBUG:setData: Setting CH3CCl3_emissions[1979]=518.50501
Tue Mar 21 15:37:29 2023:DEBUG:setData: Setting CH3CCl3_emissions[1980]=513.02719
Tue Mar 21 15:37:29 2023:DEBUG:setData: Setting CH3CCl3_emissions[1981]=516.86109
Tue Mar 21 15:37:29 2023:DEBUG:setData: Setting CH3CCl3_emissions[1982]=532.93449
Tue Mar 21 15:37:29 2023:DEBUG:setData: Setting CH3CCl3_emissions[1983]=547.19948
Tue Mar 21 15:37:29 2023:DEBUG:setData: Setting CH3CCl3_emissions[1984]=546.6524
Tue Mar 21 15:37:29 2023:DEBUG:setData: Setting CH3CCl3_emissions[1985]=559.24581
Tue Mar 21 15:37:29 2023:DEBUG:setData: Setting CH3CCl3_emissions[1986]=605.54478
Tue Mar 21 15:37:29 2023:DEBUG:setData: Setting CH3CCl3_emissions[1987]=636.85035
Tue Mar 21 15:37:29 2023:DEBUG:setData: Setting CH3CCl3_emissions[1988]=645.54402
Tue Mar 21 15:37:29 2023:DEBUG:setData: Setting CH3CCl3_emissions[1989]=713.52261
Tue Mar 21 15:37:29 2023:DEBUG:setData: Setting CH3CCl3_emissions[1990]=658.40311
Tue Mar 21 15:37:29 2023:DEBUG:setData: Setting CH3CCl3_emissions[1991]=474.47964
Tue Mar 21 15:37:29 2023:DEBUG:setData: Setting CH3CCl3_emissions[1992]=361.04368
Tue Mar 21 15:37:29 2023:DEBUG:setData: Setting CH3CCl3_emissions[1993]=256.33383
Tue Mar 21 15:37:29 2023:DEBUG:setData: Setting CH3CCl3_emissions[1994]=159.08791
Tue Mar 21 15:37:29 2023:DEBUG:setData: Setting CH3CCl3_emissions[1995]=95.783763
Tue Mar 21 15:37:29 2023:DEBUG:setData: Setting CH3CCl3_emissions[1996]=59.514335
Tue Mar 21 15:37:29 2023:DEBUG:setData: Setting CH3CCl3_emissions[1997]=29.550907
Tue Mar 21 15:37:29 2023:DEBUG:setData: Setting CH3CCl3_emissions[1998]=23.412636
Tue Mar 21 15:37:29 2023:DEBUG:setData: Setting CH3CCl3_emissions[1999]=18.420173
Tue Mar 21 15:37:29 2023:DEBUG:setData: Setting CH3CCl3_emissions[2000]=19.471227
Tue Mar 21 15:37:29 2023:DEBUG:setData: Setting CH3CCl3_emissions[2001]=19.806901
Tue Mar 21 15:37:29 2023:DEBUG:setData: Setting CH3CCl3_emissions[2002]=12.302716
Tue Mar 21 15:37:29 2023:DEBUG:setData: Setting CH3CCl3_emissions[2003]=10.122917
Tue Mar 21 15:37:29 2023:DEBUG:setData: Setting CH3CCl3_emissions[2004]=9.7469995
Tue Mar 21 15:37:29 2023:DEBUG:setData: Setting CH3CCl3_emissions[2005]=7.5405195
Tue Mar 21 15:37:29 2023:DEBUG:setData: Setting CH3CCl3_emissions[2006]=9.3190485
Tue Mar 21 15:37:29 2023:DEBUG:setData: Setting CH3CCl3_emissions[2007]=9.6981304
Tue Mar 21 15:37:29 2023:DEBUG:setData: Setting CH3CCl3_emissions[2008]=6.337645
Tue Mar 21 15:37:29 2023:DEBUG:setData: Setting CH3CCl3_emissions[2009]=3.7694324
Tue Mar 21 15:37:29 2023:DEBUG:setData: Setting CH3CCl3_emissions[2010]=2.4614781
Tue Mar 21 15:37:29 2023:DEBUG:setData: Setting CH3CCl3_emissions[2011]=3.0036158
Tue Mar 21 15:37:29 2023:DEBUG:setData: Setting CH3CCl3_emissions[2012]=3.0096674
Tue Mar 21 15:37:29 2023:DEBUG:setData: Setting CH3CCl3_emissions[2013]=1.8384424
Tue Mar 21 15:37:29 2023:DEBUG:setData: Setting CH3CCl3_emissions[2014]=1.2625
Tue Mar 21 15:37:29 2023:DEBUG:setData: Setting CH3CCl3_emissions[2015]=0
Tue Mar 21 15:37:29 2023:DEBUG:setData: Setting CH3CCl3_emissions[2016]=0
Tue Mar 21 15:37:29 2023:DEBUG:setData: Setting CH3CCl3_emissions[2017]=0
Tue Mar 21 15:37:29 2023:DEBUG:setData: Setting CH3CCl3_emissions[2018]=0
Tue Mar 21 15:37:29 2023:DEBUG:setData: Setting CH3CCl3_emissions[2019]=0
Tue Mar 21 15:37:29 2023:DEBUG:setData: Setting CH3CCl3_emissions[2020]=0
Tue Mar 21 15:37:29 2023:DEBUG:setData: Setting CH3CCl3_emissions[2021]=0
Tue Mar 21 15:37:29 2023:DEBUG:setData: Setting CH3CCl3_emissions[2022]=0
Tue Mar 21 15:37:29 2023:DEBUG:setData: Setting CH3CCl3_emissions[2023]=0
Tue Mar 21 15:37:29 2023:DEBUG:setData: Setting CH3CCl3_emissions[2024]=0
Tue Mar 21 15:37:29 2023:DEBUG:setData: Setting CH3CCl3_emissions[2025]=0
Tue Mar 21 15:37:29 2023:DEBUG:setData: Setting CH3CCl3_emissions[2026]=0
Tue Mar 21 15:37:29 2023:DEBUG:setData: Setting CH3CCl3_emissions[2027]=0
Tue Mar 21 15:37:29 2023:DEBUG:setData: Setting CH3CCl3_emissions[2028]=0
Tue Mar 21 15:37:29 2023:DEBUG:setData: Setting CH3CCl3_emissions[2029]=0
Tue Mar 21 15:37:29 2023:DEBUG:setData: Setting CH3CCl3_emissions[2030]=0
Tue Mar 21 15:37:29 2023:DEBUG:setData: Setting CH3CCl3_emissions[2031]=0
Tue Mar 21 15:37:29 2023:DEBUG:setData: Setting CH3CCl3_emissions[2032]=0
Tue Mar 21 15:37:29 2023:DEBUG:setData: Setting CH3CCl3_emissions[2033]=0
Tue Mar 21 15:37:29 2023:DEBUG:setData: Setting CH3CCl3_emissions[2034]=0
Tue Mar 21 15:37:29 2023:DEBUG:setData: Setting CH3CCl3_emissions[2035]=0
Tue Mar 21 15:37:29 2023:DEBUG:setData: Setting CH3CCl3_emissions[2036]=0
Tue Mar 21 15:37:29 2023:DEBUG:setData: Setting CH3CCl3_emissions[2037]=0
Tue Mar 21 15:37:29 2023:DEBUG:setData: Setting CH3CCl3_emissions[2038]=0
Tue Mar 21 15:37:29 2023:DEBUG:setData: Setting CH3CCl3_emissions[2039]=0
Tue Mar 21 15:37:29 2023:DEBUG:setData: Setting CH3CCl3_emissions[2040]=0
Tue Mar 21 15:37:29 2023:DEBUG:setData: Setting CH3CCl3_emissions[2041]=0
Tue Mar 21 15:37:29 2023:DEBUG:setData: Setting CH3CCl3_emissions[2042]=0
Tue Mar 21 15:37:29 2023:DEBUG:setData: Setting CH3CCl3_emissions[2043]=0
Tue Mar 21 15:37:29 2023:DEBUG:setData: Setting CH3CCl3_emissions[2044]=0
Tue Mar 21 15:37:29 2023:DEBUG:setData: Setting CH3CCl3_emissions[2045]=0
Tue Mar 21 15:37:29 2023:DEBUG:setData: Setting CH3CCl3_emissions[2046]=0
Tue Mar 21 15:37:29 2023:DEBUG:setData: Setting CH3CCl3_emissions[2047]=0
Tue Mar 21 15:37:29 2023:DEBUG:setData: Setting CH3CCl3_emissions[2048]=0
Tue Mar 21 15:37:29 2023:DEBUG:setData: Setting CH3CCl3_emissions[2049]=0
Tue Mar 21 15:37:29 2023:DEBUG:setData: Setting CH3CCl3_emissions[2050]=0
Tue Mar 21 15:37:29 2023:DEBUG:setData: Setting CH3CCl3_emissions[2051]=0
Tue Mar 21 15:37:29 2023:DEBUG:setData: Setting CH3CCl3_emissions[2052]=0
Tue Mar 21 15:37:29 2023:DEBUG:setData: Setting CH3CCl3_emissions[2053]=0
Tue Mar 21 15:37:29 2023:DEBUG:setData: Setting CH3CCl3_emissions[2054]=0
Tue Mar 21 15:37:29 2023:DEBUG:setData: Setting CH3CCl3_emissions[2055]=0
Tue Mar 21 15:37:29 2023:DEBUG:setData: Setting CH3CCl3_emissions[2056]=0
Tue Mar 21 15:37:29 2023:DEBUG:setData: Setting CH3CCl3_emissions[2057]=0
Tue Mar 21 15:37:29 2023:DEBUG:setData: Setting CH3CCl3_emissions[2058]=0
Tue Mar 21 15:37:29 2023:DEBUG:setData: Setting CH3CCl3_emissions[2059]=0
Tue Mar 21 15:37:29 2023:DEBUG:setData: Setting CH3CCl3_emissions[2060]=0
Tue Mar 21 15:37:29 2023:DEBUG:setData: Setting CH3CCl3_emissions[2061]=0
Tue Mar 21 15:37:29 2023:DEBUG:setData: Setting CH3CCl3_emissions[2062]=0
Tue Mar 21 15:37:29 2023:DEBUG:setData: Setting CH3CCl3_emissions[2063]=0
Tue Mar 21 15:37:29 2023:DEBUG:setData: Setting CH3CCl3_emissions[2064]=0
Tue Mar 21 15:37:29 2023:DEBUG:setData: Setting CH3CCl3_emissions[2065]=0
Tue Mar 21 15:37:29 2023:DEBUG:setData: Setting CH3CCl3_emissions[2066]=0
Tue Mar 21 15:37:29 2023:DEBUG:setData: Setting CH3CCl3_emissions[2067]=0
Tue Mar 21 15:37:29 2023:DEBUG:setData: Setting CH3CCl3_emissions[2068]=0
Tue Mar 21 15:37:29 2023:DEBUG:setData: Setting CH3CCl3_emissions[2069]=0
Tue Mar 21 15:37:29 2023:DEBUG:setData: Setting CH3CCl3_emissions[2070]=0
Tue Mar 21 15:37:29 2023:DEBUG:setData: Setting CH3CCl3_emissions[2071]=0
Tue Mar 21 15:37:29 2023:DEBUG:setData: Setting CH3CCl3_emissions[2072]=0
Tue Mar 21 15:37:29 2023:DEBUG:setData: Setting CH3CCl3_emissions[2073]=0
Tue Mar 21 15:37:29 2023:DEBUG:setData: Setting CH3CCl3_emissions[2074]=0
Tue Mar 21 15:37:29 2023:DEBUG:setData: Setting CH3CCl3_emissions[2075]=0
Tue Mar 21 15:37:29 2023:DEBUG:setData: Setting CH3CCl3_emissions[2076]=0
Tue Mar 21 15:37:29 2023:DEBUG:setData: Setting CH3CCl3_emissions[2077]=0
Tue Mar 21 15:37:29 2023:DEBUG:setData: Setting CH3CCl3_emissions[2078]=0
Tue Mar 21 15:37:29 2023:DEBUG:setData: Setting CH3CCl3_emissions[2079]=0
Tue Mar 21 15:37:29 2023:DEBUG:setData: Setting CH3CCl3_emissions[2080]=0
Tue Mar 21 15:37:29 2023:DEBUG:setData: Setting CH3CCl3_emissions[2081]=0
Tue Mar 21 15:37:29 2023:DEBUG:setData: Setting CH3CCl3_emissions[2082]=0
Tue Mar 21 15:37:29 2023:DEBUG:setData: Setting CH3CCl3_emissions[2083]=0
Tue Mar 21 15:37:29 2023:DEBUG:setData: Setting CH3CCl3_emissions[2084]=0
Tue Mar 21 15:37:29 2023:DEBUG:setData: Setting CH3CCl3_emissions[2085]=0
Tue Mar 21 15:37:29 2023:DEBUG:setData: Setting CH3CCl3_emissions[2086]=0
Tue Mar 21 15:37:29 2023:DEBUG:setData: Setting CH3CCl3_emissions[2087]=0
Tue Mar 21 15:37:29 2023:DEBUG:setData: Setting CH3CCl3_emissions[2088]=0
Tue Mar 21 15:37:29 2023:DEBUG:setData: Setting CH3CCl3_emissions[2089]=0
Tue Mar 21 15:37:29 2023:DEBUG:setData: Setting CH3CCl3_emissions[2090]=0
Tue Mar 21 15:37:29 2023:DEBUG:setData: Setting CH3CCl3_emissions[2091]=0
Tue Mar 21 15:37:29 2023:DEBUG:setData: Setting CH3CCl3_emissions[2092]=0
Tue Mar 21 15:37:29 2023:DEBUG:setData: Setting CH3CCl3_emissions[2093]=0
Tue Mar 21 15:37:29 2023:DEBUG:setData: Setting CH3CCl3_emissions[2094]=0
Tue Mar 21 15:37:29 2023:DEBUG:setData: Setting CH3CCl3_emissions[2095]=0
Tue Mar 21 15:37:29 2023:DEBUG:setData: Setting CH3CCl3_emissions[2096]=0
Tue Mar 21 15:37:29 2023:DEBUG:setData: Setting CH3CCl3_emissions[2097]=0
Tue Mar 21 15:37:29 2023:DEBUG:setData: Setting CH3CCl3_emissions[2098]=0
Tue Mar 21 15:37:29 2023:DEBUG:setData: Setting CH3CCl3_emissions[2099]=0
Tue Mar 21 15:37:29 2023:DEBUG:setData: Setting CH3CCl3_emissions[2100]=0
Tue Mar 21 15:37:29 2023:DEBUG:setData: Setting CH3CCl3_emissions[2101]=0
Tue Mar 21 15:37:29 2023:DEBUG:setData: Setting CH3CCl3_emissions[2102]=0
Tue Mar 21 15:37:29 2023:DEBUG:setData: Setting CH3CCl3_emissions[2103]=0
Tue Mar 21 15:37:29 2023:DEBUG:setData: Setting CH3CCl3_emissions[2104]=0
Tue Mar 21 15:37:29 2023:DEBUG:setData: Setting CH3CCl3_emissions[2105]=0
Tue Mar 21 15:37:29 2023:DEBUG:setData: Setting CH3CCl3_emissions[2106]=0
Tue Mar 21 15:37:29 2023:DEBUG:setData: Setting CH3CCl3_emissions[2107]=0
Tue Mar 21 15:37:29 2023:DEBUG:setData: Setting CH3CCl3_emissions[2108]=0
Tue Mar 21 15:37:29 2023:DEBUG:setData: Setting CH3CCl3_emissions[2109]=0
Tue Mar 21 15:37:29 2023:DEBUG:setData: Setting CH3CCl3_emissions[2110]=0
Tue Mar 21 15:37:29 2023:DEBUG:setData: Setting CH3CCl3_emissions[2111]=0
Tue Mar 21 15:37:29 2023:DEBUG:setData: Setting CH3CCl3_emissions[2112]=0
Tue Mar 21 15:37:29 2023:DEBUG:setData: Setting CH3CCl3_emissions[2113]=0
Tue Mar 21 15:37:29 2023:DEBUG:setData: Setting CH3CCl3_emissions[2114]=0
Tue Mar 21 15:37:29 2023:DEBUG:setData: Setting CH3CCl3_emissions[2115]=0
Tue Mar 21 15:37:29 2023:DEBUG:setData: Setting CH3CCl3_emissions[2116]=0
Tue Mar 21 15:37:29 2023:DEBUG:setData: Setting CH3CCl3_emissions[2117]=0
Tue Mar 21 15:37:29 2023:DEBUG:setData: Setting CH3CCl3_emissions[2118]=0
Tue Mar 21 15:37:29 2023:DEBUG:setData: Setting CH3CCl3_emissions[2119]=0
Tue Mar 21 15:37:29 2023:DEBUG:setData: Setting CH3CCl3_emissions[2120]=0
Tue Mar 21 15:37:29 2023:DEBUG:setData: Setting CH3CCl3_emissions[2121]=0
Tue Mar 21 15:37:29 2023:DEBUG:setData: Setting CH3CCl3_emissions[2122]=0
Tue Mar 21 15:37:29 2023:DEBUG:setData: Setting CH3CCl3_emissions[2123]=0
Tue Mar 21 15:37:29 2023:DEBUG:setData: Setting CH3CCl3_emissions[2124]=0
Tue Mar 21 15:37:29 2023:DEBUG:setData: Setting CH3CCl3_emissions[2125]=0
Tue Mar 21 15:37:29 2023:DEBUG:setData: Setting CH3CCl3_emissions[2126]=0
Tue Mar 21 15:37:29 2023:DEBUG:setData: Setting CH3CCl3_emissions[2127]=0
Tue Mar 21 15:37:29 2023:DEBUG:setData: Setting CH3CCl3_emissions[2128]=0
Tue Mar 21 15:37:29 2023:DEBUG:setData: Setting CH3CCl3_emissions[2129]=0
Tue Mar 21 15:37:29 2023:DEBUG:setData: Setting CH3CCl3_emissions[2130]=0
Tue Mar 21 15:37:29 2023:DEBUG:setData: Setting CH3CCl3_emissions[2131]=0
Tue Mar 21 15:37:29 2023:DEBUG:setData: Setting CH3CCl3_emissions[2132]=0
Tue Mar 21 15:37:29 2023:DEBUG:setData: Setting CH3CCl3_emissions[2133]=0
Tue Mar 21 15:37:29 2023:DEBUG:setData: Setting CH3CCl3_emissions[2134]=0
Tue Mar 21 15:37:29 2023:DEBUG:setData: Setting CH3CCl3_emissions[2135]=0
Tue Mar 21 15:37:29 2023:DEBUG:setData: Setting CH3CCl3_emissions[2136]=0
Tue Mar 21 15:37:29 2023:DEBUG:setData: Setting CH3CCl3_emissions[2137]=0
Tue Mar 21 15:37:29 2023:DEBUG:setData: Setting CH3CCl3_emissions[2138]=0
Tue Mar 21 15:37:29 2023:DEBUG:setData: Setting CH3CCl3_emissions[2139]=0
Tue Mar 21 15:37:29 2023:DEBUG:setData: Setting CH3CCl3_emissions[2140]=0
Tue Mar 21 15:37:29 2023:DEBUG:setData: Setting CH3CCl3_emissions[2141]=0
Tue Mar 21 15:37:29 2023:DEBUG:setData: Setting CH3CCl3_emissions[2142]=0
Tue Mar 21 15:37:29 2023:DEBUG:setData: Setting CH3CCl3_emissions[2143]=0
Tue Mar 21 15:37:29 2023:DEBUG:setData: Setting CH3CCl3_emissions[2144]=0
Tue Mar 21 15:37:29 2023:DEBUG:setData: Setting CH3CCl3_emissions[2145]=0
Tue Mar 21 15:37:29 2023:DEBUG:setData: Setting CH3CCl3_emissions[2146]=0
Tue Mar 21 15:37:29 2023:DEBUG:setData: Setting CH3CCl3_emissions[2147]=0
Tue Mar 21 15:37:29 2023:DEBUG:setData: Setting CH3CCl3_emissions[2148]=0
Tue Mar 21 15:37:29 2023:DEBUG:setData: Setting CH3CCl3_emissions[2149]=0
Tue Mar 21 15:37:29 2023:DEBUG:setData: Setting CH3CCl3_emissions[2150]=0
Tue Mar 21 15:37:29 2023:DEBUG:setData: Setting CH3CCl3_emissions[2151]=0
Tue Mar 21 15:37:29 2023:DEBUG:setData: Setting CH3CCl3_emissions[2152]=0
Tue Mar 21 15:37:29 2023:DEBUG:setData: Setting CH3CCl3_emissions[2153]=0
Tue Mar 21 15:37:29 2023:DEBUG:setData: Setting CH3CCl3_emissions[2154]=0
Tue Mar 21 15:37:29 2023:DEBUG:setData: Setting CH3CCl3_emissions[2155]=0
Tue Mar 21 15:37:29 2023:DEBUG:setData: Setting CH3CCl3_emissions[2156]=0
Tue Mar 21 15:37:29 2023:DEBUG:setData: Setting CH3CCl3_emissions[2157]=0
Tue Mar 21 15:37:29 2023:DEBUG:setData: Setting CH3CCl3_emissions[2158]=0
Tue Mar 21 15:37:29 2023:DEBUG:setData: Setting CH3CCl3_emissions[2159]=0
Tue Mar 21 15:37:29 2023:DEBUG:setData: Setting CH3CCl3_emissions[2160]=0
Tue Mar 21 15:37:29 2023:DEBUG:setData: Setting CH3CCl3_emissions[2161]=0
Tue Mar 21 15:37:29 2023:DEBUG:setData: Setting CH3CCl3_emissions[2162]=0
Tue Mar 21 15:37:29 2023:DEBUG:setData: Setting CH3CCl3_emissions[2163]=0
Tue Mar 21 15:37:29 2023:DEBUG:setData: Setting CH3CCl3_emissions[2164]=0
Tue Mar 21 15:37:29 2023:DEBUG:setData: Setting CH3CCl3_emissions[2165]=0
Tue Mar 21 15:37:29 2023:DEBUG:setData: Setting CH3CCl3_emissions[2166]=0
Tue Mar 21 15:37:29 2023:DEBUG:setData: Setting CH3CCl3_emissions[2167]=0
Tue Mar 21 15:37:29 2023:DEBUG:setData: Setting CH3CCl3_emissions[2168]=0
Tue Mar 21 15:37:29 2023:DEBUG:setData: Setting CH3CCl3_emissions[2169]=0
Tue Mar 21 15:37:29 2023:DEBUG:setData: Setting CH3CCl3_emissions[2170]=0
Tue Mar 21 15:37:29 2023:DEBUG:setData: Setting CH3CCl3_emissions[2171]=0
Tue Mar 21 15:37:29 2023:DEBUG:setData: Setting CH3CCl3_emissions[2172]=0
Tue Mar 21 15:37:29 2023:DEBUG:setData: Setting CH3CCl3_emissions[2173]=0
Tue Mar 21 15:37:29 2023:DEBUG:setData: Setting CH3CCl3_emissions[2174]=0
Tue Mar 21 15:37:29 2023:DEBUG:setData: Setting CH3CCl3_emissions[2175]=0
Tue Mar 21 15:37:29 2023:DEBUG:setData: Setting CH3CCl3_emissions[2176]=0
Tue Mar 21 15:37:29 2023:DEBUG:setData: Setting CH3CCl3_emissions[2177]=0
Tue Mar 21 15:37:29 2023:DEBUG:setData: Setting CH3CCl3_emissions[2178]=0
Tue Mar 21 15:37:29 2023:DEBUG:setData: Setting CH3CCl3_emissions[2179]=0
Tue Mar 21 15:37:29 2023:DEBUG:setData: Setting CH3CCl3_emissions[2180]=0
Tue Mar 21 15:37:29 2023:DEBUG:setData: Setting CH3CCl3_emissions[2181]=0
Tue Mar 21 15:37:29 2023:DEBUG:setData: Setting CH3CCl3_emissions[2182]=0
Tue Mar 21 15:37:29 2023:DEBUG:setData: Setting CH3CCl3_emissions[2183]=0
Tue Mar 21 15:37:29 2023:DEBUG:setData: Setting CH3CCl3_emissions[2184]=0
Tue Mar 21 15:37:29 2023:DEBUG:setData: Setting CH3CCl3_emissions[2185]=0
Tue Mar 21 15:37:29 2023:DEBUG:setData: Setting CH3CCl3_emissions[2186]=0
Tue Mar 21 15:37:29 2023:DEBUG:setData: Setting CH3CCl3_emissions[2187]=0
Tue Mar 21 15:37:29 2023:DEBUG:setData: Setting CH3CCl3_emissions[2188]=0
Tue Mar 21 15:37:29 2023:DEBUG:setData: Setting CH3CCl3_emissions[2189]=0
Tue Mar 21 15:37:29 2023:DEBUG:setData: Setting CH3CCl3_emissions[2190]=0
Tue Mar 21 15:37:29 2023:DEBUG:setData: Setting CH3CCl3_emissions[2191]=0
Tue Mar 21 15:37:29 2023:DEBUG:setData: Setting CH3CCl3_emissions[2192]=0
Tue Mar 21 15:37:29 2023:DEBUG:setData: Setting CH3CCl3_emissions[2193]=0
Tue Mar 21 15:37:29 2023:DEBUG:setData: Setting CH3CCl3_emissions[2194]=0
Tue Mar 21 15:37:29 2023:DEBUG:setData: Setting CH3CCl3_emissions[2195]=0
Tue Mar 21 15:37:29 2023:DEBUG:setData: Setting CH3CCl3_emissions[2196]=0
Tue Mar 21 15:37:29 2023:DEBUG:setData: Setting CH3CCl3_emissions[2197]=0
Tue Mar 21 15:37:29 2023:DEBUG:setData: Setting CH3CCl3_emissions[2198]=0
Tue Mar 21 15:37:29 2023:DEBUG:setData: Setting CH3CCl3_emissions[2199]=0
Tue Mar 21 15:37:29 2023:DEBUG:setData: Setting CH3CCl3_emissions[2200]=0
Tue Mar 21 15:37:29 2023:DEBUG:setData: Setting CH3CCl3_emissions[2201]=0
Tue Mar 21 15:37:29 2023:DEBUG:setData: Setting CH3CCl3_emissions[2202]=0
Tue Mar 21 15:37:29 2023:DEBUG:setData: Setting CH3CCl3_emissions[2203]=0
Tue Mar 21 15:37:29 2023:DEBUG:setData: Setting CH3CCl3_emissions[2204]=0
Tue Mar 21 15:37:29 2023:DEBUG:setData: Setting CH3CCl3_emissions[2205]=0
Tue Mar 21 15:37:29 2023:DEBUG:setData: Setting CH3CCl3_emissions[2206]=0
Tue Mar 21 15:37:29 2023:DEBUG:setData: Setting CH3CCl3_emissions[2207]=0
Tue Mar 21 15:37:29 2023:DEBUG:setData: Setting CH3CCl3_emissions[2208]=0
Tue Mar 21 15:37:29 2023:DEBUG:setData: Setting CH3CCl3_emissions[2209]=0
Tue Mar 21 15:37:29 2023:DEBUG:setData: Setting CH3CCl3_emissions[2210]=0
Tue Mar 21 15:37:29 2023:DEBUG:setData: Setting CH3CCl3_emissions[2211]=0
Tue Mar 21 15:37:29 2023:DEBUG:setData: Setting CH3CCl3_emissions[2212]=0
Tue Mar 21 15:37:29 2023:DEBUG:setData: Setting CH3CCl3_emissions[2213]=0
Tue Mar 21 15:37:29 2023:DEBUG:setData: Setting CH3CCl3_emissions[2214]=0
Tue Mar 21 15:37:29 2023:DEBUG:setData: Setting CH3CCl3_emissions[2215]=0
Tue Mar 21 15:37:29 2023:DEBUG:setData: Setting CH3CCl3_emissions[2216]=0
Tue Mar 21 15:37:29 2023:DEBUG:setData: Setting CH3CCl3_emissions[2217]=0
Tue Mar 21 15:37:29 2023:DEBUG:setData: Setting CH3CCl3_emissions[2218]=0
Tue Mar 21 15:37:29 2023:DEBUG:setData: Setting CH3CCl3_emissions[2219]=0
Tue Mar 21 15:37:29 2023:DEBUG:setData: Setting CH3CCl3_emissions[2220]=0
Tue Mar 21 15:37:29 2023:DEBUG:setData: Setting CH3CCl3_emissions[2221]=0
Tue Mar 21 15:37:29 2023:DEBUG:setData: Setting CH3CCl3_emissions[2222]=0
Tue Mar 21 15:37:29 2023:DEBUG:setData: Setting CH3CCl3_emissions[2223]=0
Tue Mar 21 15:37:29 2023:DEBUG:setData: Setting CH3CCl3_emissions[2224]=0
Tue Mar 21 15:37:29 2023:DEBUG:setData: Setting CH3CCl3_emissions[2225]=0
Tue Mar 21 15:37:29 2023:DEBUG:setData: Setting CH3CCl3_emissions[2226]=0
Tue Mar 21 15:37:29 2023:DEBUG:setData: Setting CH3CCl3_emissions[2227]=0
Tue Mar 21 15:37:29 2023:DEBUG:setData: Setting CH3CCl3_emissions[2228]=0
Tue Mar 21 15:37:29 2023:DEBUG:setData: Setting CH3CCl3_emissions[2229]=0
Tue Mar 21 15:37:29 2023:DEBUG:setData: Setting CH3CCl3_emissions[2230]=0
Tue Mar 21 15:37:29 2023:DEBUG:setData: Setting CH3CCl3_emissions[2231]=0
Tue Mar 21 15:37:29 2023:DEBUG:setData: Setting CH3CCl3_emissions[2232]=0
Tue Mar 21 15:37:29 2023:DEBUG:setData: Setting CH3CCl3_emissions[2233]=0
Tue Mar 21 15:37:29 2023:DEBUG:setData: Setting CH3CCl3_emissions[2234]=0
Tue Mar 21 15:37:29 2023:DEBUG:setData: Setting CH3CCl3_emissions[2235]=0
Tue Mar 21 15:37:29 2023:DEBUG:setData: Setting CH3CCl3_emissions[2236]=0
Tue Mar 21 15:37:29 2023:DEBUG:setData: Setting CH3CCl3_emissions[2237]=0
Tue Mar 21 15:37:29 2023:DEBUG:setData: Setting CH3CCl3_emissions[2238]=0
Tue Mar 21 15:37:29 2023:DEBUG:setData: Setting CH3CCl3_emissions[2239]=0
Tue Mar 21 15:37:29 2023:DEBUG:setData: Setting CH3CCl3_emissions[2240]=0
Tue Mar 21 15:37:29 2023:DEBUG:setData: Setting CH3CCl3_emissions[2241]=0
Tue Mar 21 15:37:29 2023:DEBUG:setData: Setting CH3CCl3_emissions[2242]=0
Tue Mar 21 15:37:29 2023:DEBUG:setData: Setting CH3CCl3_emissions[2243]=0
Tue Mar 21 15:37:29 2023:DEBUG:setData: Setting CH3CCl3_emissions[2244]=0
Tue Mar 21 15:37:29 2023:DEBUG:setData: Setting CH3CCl3_emissions[2245]=0
Tue Mar 21 15:37:29 2023:DEBUG:setData: Setting CH3CCl3_emissions[2246]=0
Tue Mar 21 15:37:29 2023:DEBUG:setData: Setting CH3CCl3_emissions[2247]=0
Tue Mar 21 15:37:29 2023:DEBUG:setData: Setting CH3CCl3_emissions[2248]=0
Tue Mar 21 15:37:29 2023:DEBUG:setData: Setting CH3CCl3_emissions[2249]=0
Tue Mar 21 15:37:29 2023:DEBUG:setData: Setting CH3CCl3_emissions[2250]=0
Tue Mar 21 15:37:29 2023:DEBUG:setData: Setting CH3CCl3_emissions[2251]=0
Tue Mar 21 15:37:29 2023:DEBUG:setData: Setting CH3CCl3_emissions[2252]=0
Tue Mar 21 15:37:29 2023:DEBUG:setData: Setting CH3CCl3_emissions[2253]=0
Tue Mar 21 15:37:29 2023:DEBUG:setData: Setting CH3CCl3_emissions[2254]=0
Tue Mar 21 15:37:29 2023:DEBUG:setData: Setting CH3CCl3_emissions[2255]=0
Tue Mar 21 15:37:29 2023:DEBUG:setData: Setting CH3CCl3_emissions[2256]=0
Tue Mar 21 15:37:29 2023:DEBUG:setData: Setting CH3CCl3_emissions[2257]=0
Tue Mar 21 15:37:29 2023:DEBUG:setData: Setting CH3CCl3_emissions[2258]=0
Tue Mar 21 15:37:29 2023:DEBUG:setData: Setting CH3CCl3_emissions[2259]=0
Tue Mar 21 15:37:29 2023:DEBUG:setData: Setting CH3CCl3_emissions[2260]=0
Tue Mar 21 15:37:29 2023:DEBUG:setData: Setting CH3CCl3_emissions[2261]=0
Tue Mar 21 15:37:29 2023:DEBUG:setData: Setting CH3CCl3_emissions[2262]=0
Tue Mar 21 15:37:29 2023:DEBUG:setData: Setting CH3CCl3_emissions[2263]=0
Tue Mar 21 15:37:29 2023:DEBUG:setData: Setting CH3CCl3_emissions[2264]=0
Tue Mar 21 15:37:29 2023:DEBUG:setData: Setting CH3CCl3_emissions[2265]=0
Tue Mar 21 15:37:29 2023:DEBUG:setData: Setting CH3CCl3_emissions[2266]=0
Tue Mar 21 15:37:29 2023:DEBUG:setData: Setting CH3CCl3_emissions[2267]=0
Tue Mar 21 15:37:29 2023:DEBUG:setData: Setting CH3CCl3_emissions[2268]=0
Tue Mar 21 15:37:29 2023:DEBUG:setData: Setting CH3CCl3_emissions[2269]=0
Tue Mar 21 15:37:29 2023:DEBUG:setData: Setting CH3CCl3_emissions[2270]=0
Tue Mar 21 15:37:29 2023:DEBUG:setData: Setting CH3CCl3_emissions[2271]=0
Tue Mar 21 15:37:29 2023:DEBUG:setData: Setting CH3CCl3_emissions[2272]=0
Tue Mar 21 15:37:29 2023:DEBUG:setData: Setting CH3CCl3_emissions[2273]=0
Tue Mar 21 15:37:29 2023:DEBUG:setData: Setting CH3CCl3_emissions[2274]=0
Tue Mar 21 15:37:29 2023:DEBUG:setData: Setting CH3CCl3_emissions[2275]=0
Tue Mar 21 15:37:29 2023:DEBUG:setData: Setting CH3CCl3_emissions[2276]=0
Tue Mar 21 15:37:29 2023:DEBUG:setData: Setting CH3CCl3_emissions[2277]=0
Tue Mar 21 15:37:29 2023:DEBUG:setData: Setting CH3CCl3_emissions[2278]=0
Tue Mar 21 15:37:29 2023:DEBUG:setData: Setting CH3CCl3_emissions[2279]=0
Tue Mar 21 15:37:29 2023:DEBUG:setData: Setting CH3CCl3_emissions[2280]=0
Tue Mar 21 15:37:29 2023:DEBUG:setData: Setting CH3CCl3_emissions[2281]=0
Tue Mar 21 15:37:29 2023:DEBUG:setData: Setting CH3CCl3_emissions[2282]=0
Tue Mar 21 15:37:29 2023:DEBUG:setData: Setting CH3CCl3_emissions[2283]=0
Tue Mar 21 15:37:29 2023:DEBUG:setData: Setting CH3CCl3_emissions[2284]=0
Tue Mar 21 15:37:29 2023:DEBUG:setData: Setting CH3CCl3_emissions[2285]=0
Tue Mar 21 15:37:29 2023:DEBUG:setData: Setting CH3CCl3_emissions[2286]=0
Tue Mar 21 15:37:29 2023:DEBUG:setData: Setting CH3CCl3_emissions[2287]=0
Tue Mar 21 15:37:29 2023:DEBUG:setData: Setting CH3CCl3_emissions[2288]=0
Tue Mar 21 15:37:29 2023:DEBUG:setData: Setting CH3CCl3_emissions[2289]=0
Tue Mar 21 15:37:29 2023:DEBUG:setData: Setting CH3CCl3_emissions[2290]=0
Tue Mar 21 15:37:29 2023:DEBUG:setData: Setting CH3CCl3_emissions[2291]=0
Tue Mar 21 15:37:29 2023:DEBUG:setData: Setting CH3CCl3_emissions[2292]=0
Tue Mar 21 15:37:29 2023:DEBUG:setData: Setting CH3CCl3_emissions[2293]=0
Tue Mar 21 15:37:29 2023:DEBUG:setData: Setting CH3CCl3_emissions[2294]=0
Tue Mar 21 15:37:29 2023:DEBUG:setData: Setting CH3CCl3_emissions[2295]=0
Tue Mar 21 15:37:29 2023:DEBUG:setData: Setting CH3CCl3_emissions[2296]=0
Tue Mar 21 15:37:29 2023:DEBUG:setData: Setting CH3CCl3_emissions[2297]=0
Tue Mar 21 15:37:29 2023:DEBUG:setData: Setting CH3CCl3_emissions[2298]=0
Tue Mar 21 15:37:29 2023:DEBUG:setData: Setting CH3CCl3_emissions[2299]=0
Tue Mar 21 15:37:29 2023:DEBUG:setData: Setting CH3CCl3_emissions[2300]=0
Tue Mar 21 15:37:29 2023:DEBUG:setData: Setting CH3CCl3_emissions[2301]=0
Tue Mar 21 15:37:29 2023:DEBUG:setData: Setting CH3CCl3_emissions[2302]=0
Tue Mar 21 15:37:29 2023:DEBUG:setData: Setting CH3CCl3_emissions[2303]=0
Tue Mar 21 15:37:29 2023:DEBUG:setData: Setting CH3CCl3_emissions[2304]=0
Tue Mar 21 15:37:29 2023:DEBUG:setData: Setting CH3CCl3_emissions[2305]=0
Tue Mar 21 15:37:29 2023:DEBUG:setData: Setting CH3CCl3_emissions[2306]=0
Tue Mar 21 15:37:29 2023:DEBUG:setData: Setting CH3CCl3_emissions[2307]=0
Tue Mar 21 15:37:29 2023:DEBUG:setData: Setting CH3CCl3_emissions[2308]=0
Tue Mar 21 15:37:29 2023:DEBUG:setData: Setting CH3CCl3_emissions[2309]=0
Tue Mar 21 15:37:29 2023:DEBUG:setData: Setting CH3CCl3_emissions[2310]=0
Tue Mar 21 15:37:29 2023:DEBUG:setData: Setting CH3CCl3_emissions[2311]=0
Tue Mar 21 15:37:29 2023:DEBUG:setData: Setting CH3CCl3_emissions[2312]=0
Tue Mar 21 15:37:29 2023:DEBUG:setData: Setting CH3CCl3_emissions[2313]=0
Tue Mar 21 15:37:29 2023:DEBUG:setData: Setting CH3CCl3_emissions[2314]=0
Tue Mar 21 15:37:29 2023:DEBUG:setData: Setting CH3CCl3_emissions[2315]=0
Tue Mar 21 15:37:29 2023:DEBUG:setData: Setting CH3CCl3_emissions[2316]=0
Tue Mar 21 15:37:29 2023:DEBUG:setData: Setting CH3CCl3_emissions[2317]=0
Tue Mar 21 15:37:29 2023:DEBUG:setData: Setting CH3CCl3_emissions[2318]=0
Tue Mar 21 15:37:29 2023:DEBUG:setData: Setting CH3CCl3_emissions[2319]=0
Tue Mar 21 15:37:29 2023:DEBUG:setData: Setting CH3CCl3_emissions[2320]=0
Tue Mar 21 15:37:29 2023:DEBUG:setData: Setting CH3CCl3_emissions[2321]=0
Tue Mar 21 15:37:29 2023:DEBUG:setData: Setting CH3CCl3_emissions[2322]=0
Tue Mar 21 15:37:29 2023:DEBUG:setData: Setting CH3CCl3_emissions[2323]=0
Tue Mar 21 15:37:29 2023:DEBUG:setData: Setting CH3CCl3_emissions[2324]=0
Tue Mar 21 15:37:29 2023:DEBUG:setData: Setting CH3CCl3_emissions[2325]=0
Tue Mar 21 15:37:29 2023:DEBUG:setData: Setting CH3CCl3_emissions[2326]=0
Tue Mar 21 15:37:29 2023:DEBUG:setData: Setting CH3CCl3_emissions[2327]=0
Tue Mar 21 15:37:29 2023:DEBUG:setData: Setting CH3CCl3_emissions[2328]=0
Tue Mar 21 15:37:29 2023:DEBUG:setData: Setting CH3CCl3_emissions[2329]=0
Tue Mar 21 15:37:29 2023:DEBUG:setData: Setting CH3CCl3_emissions[2330]=0
Tue Mar 21 15:37:29 2023:DEBUG:setData: Setting CH3CCl3_emissions[2331]=0
Tue Mar 21 15:37:29 2023:DEBUG:setData: Setting CH3CCl3_emissions[2332]=0
Tue Mar 21 15:37:29 2023:DEBUG:setData: Setting CH3CCl3_emissions[2333]=0
Tue Mar 21 15:37:29 2023:DEBUG:setData: Setting CH3CCl3_emissions[2334]=0
Tue Mar 21 15:37:29 2023:DEBUG:setData: Setting CH3CCl3_emissions[2335]=0
Tue Mar 21 15:37:29 2023:DEBUG:setData: Setting CH3CCl3_emissions[2336]=0
Tue Mar 21 15:37:29 2023:DEBUG:setData: Setting CH3CCl3_emissions[2337]=0
Tue Mar 21 15:37:29 2023:DEBUG:setData: Setting CH3CCl3_emissions[2338]=0
Tue Mar 21 15:37:29 2023:DEBUG:setData: Setting CH3CCl3_emissions[2339]=0
Tue Mar 21 15:37:29 2023:DEBUG:setData: Setting CH3CCl3_emissions[2340]=0
Tue Mar 21 15:37:29 2023:DEBUG:setData: Setting CH3CCl3_emissions[2341]=0
Tue Mar 21 15:37:29 2023:DEBUG:setData: Setting CH3CCl3_emissions[2342]=0
Tue Mar 21 15:37:29 2023:DEBUG:setData: Setting CH3CCl3_emissions[2343]=0
Tue Mar 21 15:37:29 2023:DEBUG:setData: Setting CH3CCl3_emissions[2344]=0
Tue Mar 21 15:37:29 2023:DEBUG:setData: Setting CH3CCl3_emissions[2345]=0
Tue Mar 21 15:37:29 2023:DEBUG:setData: Setting CH3CCl3_emissions[2346]=0
Tue Mar 21 15:37:29 2023:DEBUG:setData: Setting CH3CCl3_emissions[2347]=0
Tue Mar 21 15:37:29 2023:DEBUG:setData: Setting CH3CCl3_emissions[2348]=0
Tue Mar 21 15:37:29 2023:DEBUG:setData: Setting CH3CCl3_emissions[2349]=0
Tue Mar 21 15:37:29 2023:DEBUG:setData: Setting CH3CCl3_emissions[2350]=0
Tue Mar 21 15:37:29 2023:DEBUG:setData: Setting CH3CCl3_emissions[2351]=0
Tue Mar 21 15:37:29 2023:DEBUG:setData: Setting CH3CCl3_emissions[2352]=0
Tue Mar 21 15:37:29 2023:DEBUG:setData: Setting CH3CCl3_emissions[2353]=0
Tue Mar 21 15:37:29 2023:DEBUG:setData: Setting CH3CCl3_emissions[2354]=0
Tue Mar 21 15:37:29 2023:DEBUG:setData: Setting CH3CCl3_emissions[2355]=0
Tue Mar 21 15:37:29 2023:DEBUG:setData: Setting CH3CCl3_emissions[2356]=0
Tue Mar 21 15:37:29 2023:DEBUG:setData: Setting CH3CCl3_emissions[2357]=0
Tue Mar 21 15:37:29 2023:DEBUG:setData: Setting CH3CCl3_emissions[2358]=0
Tue Mar 21 15:37:29 2023:DEBUG:setData: Setting CH3CCl3_emissions[2359]=0
Tue Mar 21 15:37:29 2023:DEBUG:setData: Setting CH3CCl3_emissions[2360]=0
Tue Mar 21 15:37:29 2023:DEBUG:setData: Setting CH3CCl3_emissions[2361]=0
Tue Mar 21 15:37:29 2023:DEBUG:setData: Setting CH3CCl3_emissions[2362]=0
Tue Mar 21 15:37:29 2023:DEBUG:setData: Setting CH3CCl3_emissions[2363]=0
Tue Mar 21 15:37:29 2023:DEBUG:setData: Setting CH3CCl3_emissions[2364]=0
Tue Mar 21 15:37:29 2023:DEBUG:setData: Setting CH3CCl3_emissions[2365]=0
Tue Mar 21 15:37:29 2023:DEBUG:setData: Setting CH3CCl3_emissions[2366]=0
Tue Mar 21 15:37:29 2023:DEBUG:setData: Setting CH3CCl3_emissions[2367]=0
Tue Mar 21 15:37:29 2023:DEBUG:setData: Setting CH3CCl3_emissions[2368]=0
Tue Mar 21 15:37:29 2023:DEBUG:setData: Setting CH3CCl3_emissions[2369]=0
Tue Mar 21 15:37:29 2023:DEBUG:setData: Setting CH3CCl3_emissions[2370]=0
Tue Mar 21 15:37:29 2023:DEBUG:setData: Setting CH3CCl3_emissions[2371]=0
Tue Mar 21 15:37:29 2023:DEBUG:setData: Setting CH3CCl3_emissions[2372]=0
Tue Mar 21 15:37:29 2023:DEBUG:setData: Setting CH3CCl3_emissions[2373]=0
Tue Mar 21 15:37:29 2023:DEBUG:setData: Setting CH3CCl3_emissions[2374]=0
Tue Mar 21 15:37:29 2023:DEBUG:setData: Setting CH3CCl3_emissions[2375]=0
Tue Mar 21 15:37:29 2023:DEBUG:setData: Setting CH3CCl3_emissions[2376]=0
Tue Mar 21 15:37:29 2023:DEBUG:setData: Setting CH3CCl3_emissions[2377]=0
Tue Mar 21 15:37:29 2023:DEBUG:setData: Setting CH3CCl3_emissions[2378]=0
Tue Mar 21 15:37:29 2023:DEBUG:setData: Setting CH3CCl3_emissions[2379]=0
Tue Mar 21 15:37:29 2023:DEBUG:setData: Setting CH3CCl3_emissions[2380]=0
Tue Mar 21 15:37:29 2023:DEBUG:setData: Setting CH3CCl3_emissions[2381]=0
Tue Mar 21 15:37:29 2023:DEBUG:setData: Setting CH3CCl3_emissions[2382]=0
Tue Mar 21 15:37:29 2023:DEBUG:setData: Setting CH3CCl3_emissions[2383]=0
Tue Mar 21 15:37:29 2023:DEBUG:setData: Setting CH3CCl3_emissions[2384]=0
Tue Mar 21 15:37:29 2023:DEBUG:setData: Setting CH3CCl3_emissions[2385]=0
Tue Mar 21 15:37:29 2023:DEBUG:setData: Setting CH3CCl3_emissions[2386]=0
Tue Mar 21 15:37:29 2023:DEBUG:setData: Setting CH3CCl3_emissions[2387]=0
Tue Mar 21 15:37:29 2023:DEBUG:setData: Setting CH3CCl3_emissions[2388]=0
Tue Mar 21 15:37:29 2023:DEBUG:setData: Setting CH3CCl3_emissions[2389]=0
Tue Mar 21 15:37:29 2023:DEBUG:setData: Setting CH3CCl3_emissions[2390]=0
Tue Mar 21 15:37:29 2023:DEBUG:setData: Setting CH3CCl3_emissions[2391]=0
Tue Mar 21 15:37:29 2023:DEBUG:setData: Setting CH3CCl3_emissions[2392]=0
Tue Mar 21 15:37:29 2023:DEBUG:setData: Setting CH3CCl3_emissions[2393]=0
Tue Mar 21 15:37:29 2023:DEBUG:setData: Setting CH3CCl3_emissions[2394]=0
Tue Mar 21 15:37:29 2023:DEBUG:setData: Setting CH3CCl3_emissions[2395]=0
Tue Mar 21 15:37:29 2023:DEBUG:setData: Setting CH3CCl3_emissions[2396]=0
Tue Mar 21 15:37:29 2023:DEBUG:setData: Setting CH3CCl3_emissions[2397]=0
Tue Mar 21 15:37:29 2023:DEBUG:setData: Setting CH3CCl3_emissions[2398]=0
Tue Mar 21 15:37:29 2023:DEBUG:setData: Setting CH3CCl3_emissions[2399]=0
Tue Mar 21 15:37:29 2023:DEBUG:setData: Setting CH3CCl3_emissions[2400]=0
Tue Mar 21 15:37:29 2023:DEBUG:setData: Setting CH3CCl3_emissions[2401]=0
Tue Mar 21 15:37:29 2023:DEBUG:setData: Setting CH3CCl3_emissions[2402]=0
Tue Mar 21 15:37:29 2023:DEBUG:setData: Setting CH3CCl3_emissions[2403]=0
Tue Mar 21 15:37:29 2023:DEBUG:setData: Setting CH3CCl3_emissions[2404]=0
Tue Mar 21 15:37:29 2023:DEBUG:setData: Setting CH3CCl3_emissions[2405]=0
Tue Mar 21 15:37:29 2023:DEBUG:setData: Setting CH3CCl3_emissions[2406]=0
Tue Mar 21 15:37:29 2023:DEBUG:setData: Setting CH3CCl3_emissions[2407]=0
Tue Mar 21 15:37:29 2023:DEBUG:setData: Setting CH3CCl3_emissions[2408]=0
Tue Mar 21 15:37:29 2023:DEBUG:setData: Setting CH3CCl3_emissions[2409]=0
Tue Mar 21 15:37:29 2023:DEBUG:setData: Setting CH3CCl3_emissions[2410]=0
Tue Mar 21 15:37:29 2023:DEBUG:setData: Setting CH3CCl3_emissions[2411]=0
Tue Mar 21 15:37:29 2023:DEBUG:setData: Setting CH3CCl3_emissions[2412]=0
Tue Mar 21 15:37:29 2023:DEBUG:setData: Setting CH3CCl3_emissions[2413]=0
Tue Mar 21 15:37:29 2023:DEBUG:setData: Setting CH3CCl3_emissions[2414]=0
Tue Mar 21 15:37:29 2023:DEBUG:setData: Setting CH3CCl3_emissions[2415]=0
Tue Mar 21 15:37:29 2023:DEBUG:setData: Setting CH3CCl3_emissions[2416]=0
Tue Mar 21 15:37:29 2023:DEBUG:setData: Setting CH3CCl3_emissions[2417]=0
Tue Mar 21 15:37:29 2023:DEBUG:setData: Setting CH3CCl3_emissions[2418]=0
Tue Mar 21 15:37:29 2023:DEBUG:setData: Setting CH3CCl3_emissions[2419]=0
Tue Mar 21 15:37:29 2023:DEBUG:setData: Setting CH3CCl3_emissions[2420]=0
Tue Mar 21 15:37:29 2023:DEBUG:setData: Setting CH3CCl3_emissions[2421]=0
Tue Mar 21 15:37:29 2023:DEBUG:setData: Setting CH3CCl3_emissions[2422]=0
Tue Mar 21 15:37:29 2023:DEBUG:setData: Setting CH3CCl3_emissions[2423]=0
Tue Mar 21 15:37:29 2023:DEBUG:setData: Setting CH3CCl3_emissions[2424]=0
Tue Mar 21 15:37:29 2023:DEBUG:setData: Setting CH3CCl3_emissions[2425]=0
Tue Mar 21 15:37:29 2023:DEBUG:setData: Setting CH3CCl3_emissions[2426]=0
Tue Mar 21 15:37:29 2023:DEBUG:setData: Setting CH3CCl3_emissions[2427]=0
Tue Mar 21 15:37:29 2023:DEBUG:setData: Setting CH3CCl3_emissions[2428]=0
Tue Mar 21 15:37:29 2023:DEBUG:setData: Setting CH3CCl3_emissions[2429]=0
Tue Mar 21 15:37:29 2023:DEBUG:setData: Setting CH3CCl3_emissions[2430]=0
Tue Mar 21 15:37:29 2023:DEBUG:setData: Setting CH3CCl3_emissions[2431]=0
Tue Mar 21 15:37:29 2023:DEBUG:setData: Setting CH3CCl3_emissions[2432]=0
Tue Mar 21 15:37:29 2023:DEBUG:setData: Setting CH3CCl3_emissions[2433]=0
Tue Mar 21 15:37:29 2023:DEBUG:setData: Setting CH3CCl3_emissions[2434]=0
Tue Mar 21 15:37:29 2023:DEBUG:setData: Setting CH3CCl3_emissions[2435]=0
Tue Mar 21 15:37:29 2023:DEBUG:setData: Setting CH3CCl3_emissions[2436]=0
Tue Mar 21 15:37:29 2023:DEBUG:setData: Setting CH3CCl3_emissions[2437]=0
Tue Mar 21 15:37:29 2023:DEBUG:setData: Setting CH3CCl3_emissions[2438]=0
Tue Mar 21 15:37:29 2023:DEBUG:setData: Setting CH3CCl3_emissions[2439]=0
Tue Mar 21 15:37:29 2023:DEBUG:setData: Setting CH3CCl3_emissions[2440]=0
Tue Mar 21 15:37:29 2023:DEBUG:setData: Setting CH3CCl3_emissions[2441]=0
Tue Mar 21 15:37:29 2023:DEBUG:setData: Setting CH3CCl3_emissions[2442]=0
Tue Mar 21 15:37:29 2023:DEBUG:setData: Setting CH3CCl3_emissions[2443]=0
Tue Mar 21 15:37:29 2023:DEBUG:setData: Setting CH3CCl3_emissions[2444]=0
Tue Mar 21 15:37:29 2023:DEBUG:setData: Setting CH3CCl3_emissions[2445]=0
Tue Mar 21 15:37:29 2023:DEBUG:setData: Setting CH3CCl3_emissions[2446]=0
Tue Mar 21 15:37:29 2023:DEBUG:setData: Setting CH3CCl3_emissions[2447]=0
Tue Mar 21 15:37:29 2023:DEBUG:setData: Setting CH3CCl3_emissions[2448]=0
Tue Mar 21 15:37:29 2023:DEBUG:setData: Setting CH3CCl3_emissions[2449]=0
Tue Mar 21 15:37:29 2023:DEBUG:setData: Setting CH3CCl3_emissions[2450]=0
Tue Mar 21 15:37:29 2023:DEBUG:setData: Setting CH3CCl3_emissions[2451]=0
Tue Mar 21 15:37:29 2023:DEBUG:setData: Setting CH3CCl3_emissions[2452]=0
Tue Mar 21 15:37:29 2023:DEBUG:setData: Setting CH3CCl3_emissions[2453]=0
Tue Mar 21 15:37:29 2023:DEBUG:setData: Setting CH3CCl3_emissions[2454]=0
Tue Mar 21 15:37:29 2023:DEBUG:setData: Setting CH3CCl3_emissions[2455]=0
Tue Mar 21 15:37:29 2023:DEBUG:setData: Setting CH3CCl3_emissions[2456]=0
Tue Mar 21 15:37:29 2023:DEBUG:setData: Setting CH3CCl3_emissions[2457]=0
Tue Mar 21 15:37:29 2023:DEBUG:setData: Setting CH3CCl3_emissions[2458]=0
Tue Mar 21 15:37:29 2023:DEBUG:setData: Setting CH3CCl3_emissions[2459]=0
Tue Mar 21 15:37:29 2023:DEBUG:setData: Setting CH3CCl3_emissions[2460]=0
Tue Mar 21 15:37:29 2023:DEBUG:setData: Setting CH3CCl3_emissions[2461]=0
Tue Mar 21 15:37:29 2023:DEBUG:setData: Setting CH3CCl3_emissions[2462]=0
Tue Mar 21 15:37:29 2023:DEBUG:setData: Setting CH3CCl3_emissions[2463]=0
Tue Mar 21 15:37:29 2023:DEBUG:setData: Setting CH3CCl3_emissions[2464]=0
Tue Mar 21 15:37:29 2023:DEBUG:setData: Setting CH3CCl3_emissions[2465]=0
Tue Mar 21 15:37:29 2023:DEBUG:setData: Setting CH3CCl3_emissions[2466]=0
Tue Mar 21 15:37:29 2023:DEBUG:setData: Setting CH3CCl3_emissions[2467]=0
Tue Mar 21 15:37:29 2023:DEBUG:setData: Setting CH3CCl3_emissions[2468]=0
Tue Mar 21 15:37:29 2023:DEBUG:setData: Setting CH3CCl3_emissions[2469]=0
Tue Mar 21 15:37:29 2023:DEBUG:setData: Setting CH3CCl3_emissions[2470]=0
Tue Mar 21 15:37:29 2023:DEBUG:setData: Setting CH3CCl3_emissions[2471]=0
Tue Mar 21 15:37:29 2023:DEBUG:setData: Setting CH3CCl3_emissions[2472]=0
Tue Mar 21 15:37:29 2023:DEBUG:setData: Setting CH3CCl3_emissions[2473]=0
Tue Mar 21 15:37:29 2023:DEBUG:setData: Setting CH3CCl3_emissions[2474]=0
Tue Mar 21 15:37:29 2023:DEBUG:setData: Setting CH3CCl3_emissions[2475]=0
Tue Mar 21 15:37:29 2023:DEBUG:setData: Setting CH3CCl3_emissions[2476]=0
Tue Mar 21 15:37:29 2023:DEBUG:setData: Setting CH3CCl3_emissions[2477]=0
Tue Mar 21 15:37:29 2023:DEBUG:setData: Setting CH3CCl3_emissions[2478]=0
Tue Mar 21 15:37:29 2023:DEBUG:setData: Setting CH3CCl3_emissions[2479]=0
Tue Mar 21 15:37:29 2023:DEBUG:setData: Setting CH3CCl3_emissions[2480]=0
Tue Mar 21 15:37:29 2023:DEBUG:setData: Setting CH3CCl3_emissions[2481]=0
Tue Mar 21 15:37:29 2023:DEBUG:setData: Setting CH3CCl3_emissions[2482]=0
Tue Mar 21 15:37:29 2023:DEBUG:setData: Setting CH3CCl3_emissions[2483]=0
Tue Mar 21 15:37:29 2023:DEBUG:setData: Setting CH3CCl3_emissions[2484]=0
Tue Mar 21 15:37:29 2023:DEBUG:setData: Setting CH3CCl3_emissions[2485]=0
Tue Mar 21 15:37:29 2023:DEBUG:setData: Setting CH3CCl3_emissions[2486]=0
Tue Mar 21 15:37:29 2023:DEBUG:setData: Setting CH3CCl3_emissions[2487]=0
Tue Mar 21 15:37:29 2023:DEBUG:setData: Setting CH3CCl3_emissions[2488]=0
Tue Mar 21 15:37:29 2023:DEBUG:setData: Setting CH3CCl3_emissions[2489]=0
Tue Mar 21 15:37:29 2023:DEBUG:setData: Setting CH3CCl3_emissions[2490]=0
Tue Mar 21 15:37:29 2023:DEBUG:setData: Setting CH3CCl3_emissions[2491]=0
Tue Mar 21 15:37:29 2023:DEBUG:setData: Setting CH3CCl3_emissions[2492]=0
Tue Mar 21 15:37:29 2023:DEBUG:setData: Setting CH3CCl3_emissions[2493]=0
Tue Mar 21 15:37:29 2023:DEBUG:setData: Setting CH3CCl3_emissions[2494]=0
Tue Mar 21 15:37:29 2023:DEBUG:setData: Setting CH3CCl3_emissions[2495]=0
Tue Mar 21 15:37:29 2023:DEBUG:setData: Setting CH3CCl3_emissions[2496]=0
Tue Mar 21 15:37:29 2023:DEBUG:setData: Setting CH3CCl3_emissions[2497]=0
Tue Mar 21 15:37:29 2023:DEBUG:setData: Setting CH3CCl3_emissions[2498]=0
Tue Mar 21 15:37:29 2023:DEBUG:setData: Setting CH3CCl3_emissions[2499]=0
Tue Mar 21 15:37:29 2023:DEBUG:setData: Setting CH3CCl3_emissions[2500]=0
Tue Mar 21 15:37:29 2023:DEBUG:setData: Setting molarMass[-1]=133.35
Tue Mar 21 15:37:29 2023:DEBUG:prepareToRun: prepareToRun 
Tue Mar 21 15:37:30 2023:DEBUG:run: date: 1746 concentration: 0 pptv
Tue Mar 21 15:37:30 2023:DEBUG:run: date: 1747 concentration: 0 pptv
Tue Mar 21 15:37:30 2023:DEBUG:run: date: 1748 concentration: 0 pptv
Tue Mar 21 15:37:30 2023:DEBUG:run: date: 1749 concentration: 0 pptv
Tue Mar 21 15:37:30 2023:DEBUG:run: date: 1750 concentration: 0 pptv
Tue Mar 21 15:37:30 2023:DEBUG:run: date: 1751 concentration: 0 pptv
Tue Mar 21 15:37:30 2023:DEBUG:run: date: 1752 concentration: 0 pptv
Tue Mar 21 15:37:30 2023:DEBUG:run: date: 1753 concentration: 0 pptv
Tue Mar 21 15:37:30 2023:DEBUG:run: date: 1754 concentration: 0 pptv
Tue Mar 21 15:37:30 2023:DEBUG:run: date: 1755 concentration: 0 pptv
Tue Mar 21 15:37:30 2023:DEBUG:run: date: 1756 concentration: 0 pptv
Tue Mar 21 15:37:30 2023:DEBUG:run: date: 1757 concentration: 0 pptv
Tue Mar 21 15:37:30 2023:DEBUG:run: date: 1758 concentration: 0 pptv
Tue Mar 21 15:37:30 2023:DEBUG:run: date: 1759 concentration: 0 pptv
Tue Mar 21 15:37:30 2023:DEBUG:run: date: 1760 concentration: 0 pptv
Tue Mar 21 15:37:30 2023:DEBUG:run: date: 1761 concentration: 0 pptv
Tue Mar 21 15:37:30 2023:DEBUG:run: date: 1762 concentration: 0 pptv
Tue Mar 21 15:37:30 2023:DEBUG:run: date: 1763 concentration: 0 pptv
Tue Mar 21 15:37:30 2023:DEBUG:run: date: 1764 concentration: 0 pptv
Tue Mar 21 15:37:30 2023:DEBUG:run: date: 1765 concentration: 0 pptv
Tue Mar 21 15:37:30 2023:DEBUG:run: date: 1766 concentration: 0 pptv
Tue Mar 21 15:37:30 2023:DEBUG:run: date: 1767 concentration: 0 pptv
Tue Mar 21 15:37:30 2023:DEBUG:run: date: 1768 concentration: 0 pptv
Tue Mar 21 15:37:30 2023:DEBUG:run: date: 1769 concentration: 0 pptv
Tue Mar 21 15:37:30 2023:DEBUG:run: date: 1770 concentration: 0 pptv
Tue Mar 21 15:37:30 2023:DEBUG:run: date: 1771 concentration: 0 pptv
Tue Mar 21 15:37:30 2023:DEBUG:run: date: 1772 concentration: 0 pptv
Tue Mar 21 15:37:30 2023:DEBUG:run: date: 1773 concentration: 0 pptv
Tue Mar 21 15:37:30 2023:DEBUG:run: date: 1774 concentration: 0 pptv
Tue Mar 21 15:37:30 2023:DEBUG:run: date: 1775 concentration: 0 pptv
Tue Mar 21 15:37:30 2023:DEBUG:run: date: 1776 concentration: 0 pptv
Tue Mar 21 15:37:30 2023:DEBUG:run: date: 1777 concentration: 0 pptv
Tue Mar 21 15:37:30 2023:DEBUG:run: date: 1778 concentration: 0 pptv
Tue Mar 21 15:37:30 2023:DEBUG:run: date: 1779 concentration: 0 pptv
Tue Mar 21 15:37:30 2023:DEBUG:run: date: 1780 concentration: 0 pptv
Tue Mar 21 15:37:30 2023:DEBUG:run: date: 1781 concentration: 0 pptv
Tue Mar 21 15:37:30 2023:DEBUG:run: date: 1782 concentration: 0 pptv
Tue Mar 21 15:37:30 2023:DEBUG:run: date: 1783 concentration: 0 pptv
Tue Mar 21 15:37:30 2023:DEBUG:run: date: 1784 concentration: 0 pptv
Tue Mar 21 15:37:30 2023:DEBUG:run: date: 1785 concentration: 0 pptv
Tue Mar 21 15:37:30 2023:DEBUG:run: date: 1786 concentration: 0 pptv
Tue Mar 21 15:37:30 2023:DEBUG:run: date: 1787 concentration: 0 pptv
Tue Mar 21 15:37:30 2023:DEBUG:run: date: 1788 concentration: 0 pptv
Tue Mar 21 15:37:30 2023:DEBUG:run: date: 1789 concentration: 0 pptv
Tue Mar 21 15:37:30 2023:DEBUG:run: date: 1790 concentration: 0 pptv
Tue Mar 21 15:37:30 2023:DEBUG:run: date: 1791 concentration: 0 pptv
Tue Mar 21 15:37:30 2023:DEBUG:run: date: 1792 concentration: 0 pptv
Tue Mar 21 15:37:30 2023:DEBUG:run: date: 1793 concentration: 0 pptv
Tue Mar 21 15:37:30 2023:DEBUG:run: date: 1794 concentration: 0 pptv
Tue Mar 21 15:37:30 2023:DEBUG:run: date: 1795 concentration: 0 pptv
Tue Mar 21 15:37:30 2023:DEBUG:run: date: 1796 concentration: 0 pptv
Tue Mar 21 15:37:30 2023:DEBUG:run: date: 1797 concentration: 0 pptv
Tue Mar 21 15:37:30 2023:DEBUG:run: date: 1798 concentration: 0 pptv
Tue Mar 21 15:37:30 2023:DEBUG:run: date: 1799 concentration: 0 pptv
Tue Mar 21 15:37:30 2023:DEBUG:run: date: 1800 concentration: 0 pptv
Tue Mar 21 15:37:30 2023:DEBUG:run: date: 1801 concentration: 0 pptv
Tue Mar 21 15:37:30 2023:DEBUG:run: date: 1802 concentration: 0 pptv
Tue Mar 21 15:37:30 2023:DEBUG:run: date: 1803 concentration: 0 pptv
Tue Mar 21 15:37:30 2023:DEBUG:run: date: 1804 concentration: 0 pptv
Tue Mar 21 15:37:30 2023:DEBUG:run: date: 1805 concentration: 0 pptv
Tue Mar 21 15:37:30 2023:DEBUG:run: date: 1806 concentration: 0 pptv
Tue Mar 21 15:37:30 2023:DEBUG:run: date: 1807 concentration: 0 pptv
Tue Mar 21 15:37:30 2023:DEBUG:run: date: 1808 concentration: 0 pptv
Tue Mar 21 15:37:30 2023:DEBUG:run: date: 1809 concentration: 0 pptv
Tue Mar 21 15:37:30 2023:DEBUG:run: date: 1810 concentration: 0 pptv
Tue Mar 21 15:37:30 2023:DEBUG:run: date: 1811 concentration: 0 pptv
Tue Mar 21 15:37:30 2023:DEBUG:run: date: 1812 concentration: 0 pptv
Tue Mar 21 15:37:30 2023:DEBUG:run: date: 1813 concentration: 0 pptv
Tue Mar 21 15:37:30 2023:DEBUG:run: date: 1814 concentration: 0 pptv
Tue Mar 21 15:37:30 2023:DEBUG:run: date: 1815 concentration: 0 pptv
Tue Mar 21 15:37:30 2023:DEBUG:run: date: 1816 concentration: 0 pptv
Tue Mar 21 15:37:30 2023:DEBUG:run: date: 1817 concentration: 0 pptv
Tue Mar 21 15:37:30 2023:DEBUG:run: date: 1818 concentration: 0 pptv
Tue Mar 21 15:37:30 2023:DEBUG:run: date: 1819 concentration: 0 pptv
Tue Mar 21 15:37:30 2023:DEBUG:run: date: 1820 concentration: 0 pptv
Tue Mar 21 15:37:30 2023:DEBUG:run: date: 1821 concentration: 0 pptv
Tue Mar 21 15:37:30 2023:DEBUG:run: date: 1822 concentration: 0 pptv
Tue Mar 21 15:37:30 2023:DEBUG:run: date: 1823 concentration: 0 pptv
Tue Mar 21 15:37:30 2023:DEBUG:run: date: 1824 concentration: 0 pptv
Tue Mar 21 15:37:30 2023:DEBUG:run: date: 1825 concentration: 0 pptv
Tue Mar 21 15:37:30 2023:DEBUG:run: date: 1826 concentration: 0 pptv
Tue Mar 21 15:37:30 2023:DEBUG:run: date: 1827 concentration: 0 pptv
Tue Mar 21 15:37:30 2023:DEBUG:run: date: 1828 concentration: 0 pptv
Tue Mar 21 15:37:30 2023:DEBUG:run: date: 1829 concentration: 0 pptv
Tue Mar 21 15:37:30 2023:DEBUG:run: date: 1830 concentration: 0 pptv
Tue Mar 21 15:37:30 2023:DEBUG:run: date: 1831 concentration: 0 pptv
Tue Mar 21 15:37:30 2023:DEBUG:run: date: 1832 concentration: 0 pptv
Tue Mar 21 15:37:30 2023:DEBUG:run: date: 1833 concentration: 0 pptv
Tue Mar 21 15:37:30 2023:DEBUG:run: date: 1834 concentration: 0 pptv
Tue Mar 21 15:37:30 2023:DEBUG:run: date: 1835 concentration: 0 pptv
Tue Mar 21 15:37:30 2023:DEBUG:run: date: 1836 concentration: 0 pptv
Tue Mar 21 15:37:30 2023:DEBUG:run: date: 1837 concentration: 0 pptv
Tue Mar 21 15:37:30 2023:DEBUG:run: date: 1838 concentration: 0 pptv
Tue Mar 21 15:37:30 2023:DEBUG:run: date: 1839 concentration: 0 pptv
Tue Mar 21 15:37:30 2023:DEBUG:run: date: 1840 concentration: 0 pptv
Tue Mar 21 15:37:30 2023:DEBUG:run: date: 1841 concentration: 0 pptv
Tue Mar 21 15:37:30 2023:DEBUG:run: date: 1842 concentration: 0 pptv
Tue Mar 21 15:37:30 2023:DEBUG:run: date: 1843 concentration: 0 pptv
Tue Mar 21 15:37:30 2023:DEBUG:run: date: 1844 concentration: 0 pptv
Tue Mar 21 15:37:30 2023:DEBUG:run: date: 1845 concentration: 0 pptv
Tue Mar 21 15:37:30 2023:DEBUG:run: date: 1846 concentration: 0 pptv
Tue Mar 21 15:37:30 2023:DEBUG:run: date: 1847 concentration: 0 pptv
Tue Mar 21 15:37:30 2023:DEBUG:run: date: 1848 concentration: 0 pptv
Tue Mar 21 15:37:30 2023:DEBUG:run: date: 1849 concentration: 0 pptv
Tue Mar 21 15:37:30 2023:DEBUG:run: date: 1850 concentration: 0 pptv
Tue Mar 21 15:37:30 2023:DEBUG:run: date: 1851 concentration: 0 pptv
Tue Mar 21 15:37:30 2023:DEBUG:run: date: 1852 concentration: 0 pptv
Tue Mar 21 15:37:30 2023:DEBUG:run: date: 1853 concentration: 0 pptv
Tue Mar 21 15:37:30 2023:DEBUG:run: date: 1854 concentration: 0 pptv
Tue Mar 21 15:37:30 2023:DEBUG:run: date: 1855 concentration: 0 pptv
Tue Mar 21 15:37:30 2023:DEBUG:run: date: 1856 concentration: 0 pptv
Tue Mar 21 15:37:30 2023:DEBUG:run: date: 1857 concentration: 0 pptv
Tue Mar 21 15:37:30 2023:DEBUG:run: date: 1858 concentration: 0 pptv
Tue Mar 21 15:37:30 2023:DEBUG:run: date: 1859 concentration: 0 pptv
Tue Mar 21 15:37:30 2023:DEBUG:run: date: 1860 concentration: 0 pptv
Tue Mar 21 15:37:30 2023:DEBUG:run: date: 1861 concentration: 0 pptv
Tue Mar 21 15:37:30 2023:DEBUG:run: date: 1862 concentration: 0 pptv
Tue Mar 21 15:37:30 2023:DEBUG:run: date: 1863 concentration: 0 pptv
Tue Mar 21 15:37:30 2023:DEBUG:run: date: 1864 concentration: 0 pptv
Tue Mar 21 15:37:30 2023:DEBUG:run: date: 1865 concentration: 0 pptv
Tue Mar 21 15:37:30 2023:DEBUG:run: date: 1866 concentration: 0 pptv
Tue Mar 21 15:37:30 2023:DEBUG:run: date: 1867 concentration: 0 pptv
Tue Mar 21 15:37:30 2023:DEBUG:run: date: 1868 concentration: 0 pptv
Tue Mar 21 15:37:30 2023:DEBUG:run: date: 1869 concentration: 0 pptv
Tue Mar 21 15:37:30 2023:DEBUG:run: date: 1870 concentration: 0 pptv
Tue Mar 21 15:37:30 2023:DEBUG:run: date: 1871 concentration: 0 pptv
Tue Mar 21 15:37:30 2023:DEBUG:run: date: 1872 concentration: 0 pptv
Tue Mar 21 15:37:30 2023:DEBUG:run: date: 1873 concentration: 0 pptv
Tue Mar 21 15:37:30 2023:DEBUG:run: date: 1874 concentration: 0 pptv
Tue Mar 21 15:37:30 2023:DEBUG:run: date: 1875 concentration: 0 pptv
Tue Mar 21 15:37:30 2023:DEBUG:run: date: 1876 concentration: 0 pptv
Tue Mar 21 15:37:30 2023:DEBUG:run: date: 1877 concentration: 0 pptv
Tue Mar 21 15:37:30 2023:DEBUG:run: date: 1878 concentration: 0 pptv
Tue Mar 21 15:37:30 2023:DEBUG:run: date: 1879 concentration: 0 pptv
Tue Mar 21 15:37:30 2023:DEBUG:run: date: 1880 concentration: 0 pptv
Tue Mar 21 15:37:30 2023:DEBUG:run: date: 1881 concentration: 0 pptv
Tue Mar 21 15:37:30 2023:DEBUG:run: date: 1882 concentration: 0 pptv
Tue Mar 21 15:37:30 2023:DEBUG:run: date: 1883 concentration: 0 pptv
Tue Mar 21 15:37:30 2023:DEBUG:run: date: 1884 concentration: 0 pptv
Tue Mar 21 15:37:30 2023:DEBUG:run: date: 1885 concentration: 0 pptv
Tue Mar 21 15:37:30 2023:DEBUG:run: date: 1886 concentration: 0 pptv
Tue Mar 21 15:37:30 2023:DEBUG:run: date: 1887 concentration: 0 pptv
Tue Mar 21 15:37:30 2023:DEBUG:run: date: 1888 concentration: 0 pptv
Tue Mar 21 15:37:30 2023:DEBUG:run: date: 1889 concentration: 0 pptv
Tue Mar 21 15:37:30 2023:DEBUG:run: date: 1890 concentration: 0 pptv
Tue Mar 21 15:37:30 2023:DEBUG:run: date: 1891 concentration: 0 pptv
Tue Mar 21 15:37:30 2023:DEBUG:run: date: 1892 concentration: 0 pptv
Tue Mar 21 15:37:30 2023:DEBUG:run: date: 1893 concentration: 0 pptv
Tue Mar 21 15:37:30 2023:DEBUG:run: date: 1894 concentration: 0 pptv
Tue Mar 21 15:37:30 2023:DEBUG:run: date: 1895 concentration: 0 pptv
Tue Mar 21 15:37:30 2023:DEBUG:run: date: 1896 concentration: 0 pptv
Tue Mar 21 15:37:30 2023:DEBUG:run: date: 1897 concentration: 0 pptv
Tue Mar 21 15:37:31 2023:DEBUG:run: date: 1898 concentration: 0 pptv
Tue Mar 21 15:37:31 2023:DEBUG:run: date: 1899 concentration: 0 pptv
Tue Mar 21 15:37:31 2023:DEBUG:run: date: 1900 concentration: 0 pptv
Tue Mar 21 15:37:31 2023:DEBUG:run: date: 1901 concentration: 0 pptv
Tue Mar 21 15:37:31 2023:DEBUG:run: date: 1902 concentration: 0 pptv
Tue Mar 21 15:37:31 2023:DEBUG:run: date: 1903 concentration: 0 pptv
Tue Mar 21 15:37:31 2023:DEBUG:run: date: 1904 concentration: 0 pptv
Tue Mar 21 15:37:31 2023:DEBUG:run: date: 1905 concentration: 0 pptv
Tue Mar 21 15:37:31 2023:DEBUG:run: date: 1906 concentration: 0 pptv
Tue Mar 21 15:37:31 2023:DEBUG:run: date: 1907 concentration: 0 pptv
Tue Mar 21 15:37:31 2023:DEBUG:run: date: 1908 concentration: 0 pptv
Tue Mar 21 15:37:31 2023:DEBUG:run: date: 1909 concentration: 0 pptv
Tue Mar 21 15:37:31 2023:DEBUG:run: date: 1910 concentration: 0 pptv
Tue Mar 21 15:37:31 2023:DEBUG:run: date: 1911 concentration: 0 pptv
Tue Mar 21 15:37:31 2023:DEBUG:run: date: 1912 concentration: 0 pptv
Tue Mar 21 15:37:31 2023:DEBUG:run: date: 1913 concentration: 0 pptv
Tue Mar 21 15:37:31 2023:DEBUG:run: date: 1914 concentration: 0 pptv
Tue Mar 21 15:37:31 2023:DEBUG:run: date: 1915 concentration: 0 pptv
Tue Mar 21 15:37:31 2023:DEBUG:run: date: 1916 concentration: 0 pptv
Tue Mar 21 15:37:31 2023:DEBUG:run: date: 1917 concentration: 0 pptv
Tue Mar 21 15:37:31 2023:DEBUG:run: date: 1918 concentration: 0 pptv
Tue Mar 21 15:37:31 2023:DEBUG:run: date: 1919 concentration: 0 pptv
Tue Mar 21 15:37:31 2023:DEBUG:run: date: 1920 concentration: 0 pptv
Tue Mar 21 15:37:31 2023:DEBUG:run: date: 1921 concentration: 0 pptv
Tue Mar 21 15:37:31 2023:DEBUG:run: date: 1922 concentration: 0 pptv
Tue Mar 21 15:37:31 2023:DEBUG:run: date: 1923 concentration: 0 pptv
Tue Mar 21 15:37:31 2023:DEBUG:run: date: 1924 concentration: 0 pptv
Tue Mar 21 15:37:31 2023:DEBUG:run: date: 1925 concentration: 0 pptv
Tue Mar 21 15:37:31 2023:DEBUG:run: date: 1926 concentration: 0 pptv
Tue Mar 21 15:37:31 2023:DEBUG:run: date: 1927 concentration: 0 pptv
Tue Mar 21 15:37:31 2023:DEBUG:run: date: 1928 concentration: 0 pptv
Tue Mar 21 15:37:31 2023:DEBUG:run: date: 1929 concentration: 0 pptv
Tue Mar 21 15:37:31 2023:DEBUG:run: date: 1930 concentration: 0 pptv
Tue Mar 21 15:37:31 2023:DEBUG:run: date: 1931 concentration: 0 pptv
Tue Mar 21 15:37:31 2023:DEBUG:run: date: 1932 concentration: 0 pptv
Tue Mar 21 15:37:31 2023:DEBUG:run: date: 1933 concentration: 0 pptv
Tue Mar 21 15:37:31 2023:DEBUG:run: date: 1934 concentration: 0 pptv
Tue Mar 21 15:37:31 2023:DEBUG:run: date: 1935 concentration: 0 pptv
Tue Mar 21 15:37:31 2023:DEBUG:run: date: 1936 concentration: 0 pptv
Tue Mar 21 15:37:31 2023:DEBUG:run: date: 1937 concentration: 0 pptv
Tue Mar 21 15:37:31 2023:DEBUG:run: date: 1938 concentration: 0 pptv
Tue Mar 21 15:37:31 2023:DEBUG:run: date: 1939 concentration: 0 pptv
Tue Mar 21 15:37:31 2023:DEBUG:run: date: 1940 concentration: 0 pptv
Tue Mar 21 15:37:31 2023:DEBUG:run: date: 1941 concentration: 0 pptv
Tue Mar 21 15:37:31 2023:DEBUG:run: date: 1942 concentration: 0 pptv
Tue Mar 21 15:37:31 2023:DEBUG:run: date: 1943 concentration: 0 pptv
Tue Mar 21 15:37:31 2023:DEBUG:run: date: 1944 concentration: 0 pptv
Tue Mar 21 15:37:31 2023:DEBUG:run: date: 1945 concentration: 0 pptv
Tue Mar 21 15:37:31 2023:DEBUG:run: date: 1946 concentration: 0 pptv
Tue Mar 21 15:37:31 2023:DEBUG:run: date: 1947 concentration: 0 pptv
Tue Mar 21 15:37:31 2023:DEBUG:run: date: 1948 concentration: 0 pptv
Tue Mar 21 15:37:31 2023:DEBUG:run: date: 1949 concentration: 0 pptv
Tue Mar 21 15:37:31 2023:DEBUG:run: date: 1950 concentration: 0 pptv
Tue Mar 21 15:37:31 2023:DEBUG:run: date: 1951 concentration: 0.000541116 pptv
Tue Mar 21 15:37:31 2023:DEBUG:run: date: 1952 concentration: 0.00864644 pptv
Tue Mar 21 15:37:31 2023:DEBUG:run: date: 1953 concentration: 0.0583398 pptv
Tue Mar 21 15:37:31 2023:DEBUG:run: date: 1954 concentration: 0.18445 pptv
Tue Mar 21 15:37:31 2023:DEBUG:run: date: 1955 concentration: 0.395882 pptv
Tue Mar 21 15:37:31 2023:DEBUG:run: date: 1956 concentration: 0.669855 pptv
Tue Mar 21 15:37:31 2023:DEBUG:run: date: 1957 concentration: 0.982233 pptv
Tue Mar 21 15:37:31 2023:DEBUG:run: date: 1958 concentration: 1.36232 pptv
Tue Mar 21 15:37:31 2023:DEBUG:run: date: 1959 concentration: 1.79745 pptv
Tue Mar 21 15:37:31 2023:DEBUG:run: date: 1960 concentration: 2.29292 pptv
Tue Mar 21 15:37:31 2023:DEBUG:run: date: 1961 concentration: 2.9073 pptv
Tue Mar 21 15:37:31 2023:DEBUG:run: date: 1962 concentration: 3.59046 pptv
Tue Mar 21 15:37:31 2023:DEBUG:run: date: 1963 concentration: 4.35657 pptv
Tue Mar 21 15:37:31 2023:DEBUG:run: date: 1964 concentration: 5.45159 pptv
Tue Mar 21 15:37:31 2023:DEBUG:run: date: 1965 concentration: 7.12575 pptv
Tue Mar 21 15:37:31 2023:DEBUG:run: date: 1966 concentration: 9.39325 pptv
Tue Mar 21 15:37:31 2023:DEBUG:run: date: 1967 concentration: 12.083 pptv
Tue Mar 21 15:37:31 2023:DEBUG:run: date: 1968 concentration: 14.9178 pptv
Tue Mar 21 15:37:31 2023:DEBUG:run: date: 1969 concentration: 17.75 pptv
Tue Mar 21 15:37:31 2023:DEBUG:run: date: 1970 concentration: 21.0861 pptv
Tue Mar 21 15:37:31 2023:DEBUG:run: date: 1971 concentration: 25.4851 pptv
Tue Mar 21 15:37:31 2023:DEBUG:run: date: 1972 concentration: 30.97 pptv
Tue Mar 21 15:37:31 2023:DEBUG:run: date: 1973 concentration: 36.7541 pptv
Tue Mar 21 15:37:31 2023:DEBUG:run: date: 1974 concentration: 42.4526 pptv
Tue Mar 21 15:37:31 2023:DEBUG:run: date: 1975 concentration: 49.2946 pptv
Tue Mar 21 15:37:31 2023:DEBUG:run: date: 1976 concentration: 58.3112 pptv
Tue Mar 21 15:37:31 2023:DEBUG:run: date: 1977 concentration: 67.8683 pptv
Tue Mar 21 15:37:31 2023:DEBUG:run: date: 1978 concentration: 75.5708 pptv
Tue Mar 21 15:37:31 2023:DEBUG:run: date: 1979 concentration: 81.4508 pptv
Tue Mar 21 15:37:31 2023:DEBUG:run: date: 1980 concentration: 86.058 pptv
Tue Mar 21 15:37:31 2023:DEBUG:run: date: 1981 concentration: 89.9749 pptv
Tue Mar 21 15:37:31 2023:DEBUG:run: date: 1982 concentration: 93.7886 pptv
Tue Mar 21 15:37:31 2023:DEBUG:run: date: 1983 concentration: 97.4497 pptv
Tue Mar 21 15:37:31 2023:DEBUG:run: date: 1984 concentration: 100.427 pptv
Tue Mar 21 15:37:31 2023:DEBUG:run: date: 1985 concentration: 103.339 pptv
Tue Mar 21 15:37:31 2023:DEBUG:run: date: 1986 concentration: 107.472 pptv
Tue Mar 21 15:37:31 2023:DEBUG:run: date: 1987 concentration: 112.038 pptv
Tue Mar 21 15:37:31 2023:DEBUG:run: date: 1988 concentration: 116.105 pptv
Tue Mar 21 15:37:31 2023:DEBUG:run: date: 1989 concentration: 122.001 pptv
Tue Mar 21 15:37:31 2023:DEBUG:run: date: 1990 concentration: 124.747 pptv
Tue Mar 21 15:37:31 2023:DEBUG:run: date: 1991 concentration: 120.05 pptv
Tue Mar 21 15:37:31 2023:DEBUG:run: date: 1992 concentration: 111.922 pptv
Tue Mar 21 15:37:31 2023:DEBUG:run: date: 1993 concentration: 101.313 pptv
Tue Mar 21 15:37:31 2023:DEBUG:run: date: 1994 concentration: 88.9551 pptv
Tue Mar 21 15:37:31 2023:DEBUG:run: date: 1995 concentration: 76.4471 pptv
Tue Mar 21 15:37:31 2023:DEBUG:run: date: 1996 concentration: 64.8368 pptv
Tue Mar 21 15:37:31 2023:DEBUG:run: date: 1997 concentration: 54.1997 pptv
Tue Mar 21 15:37:31 2023:DEBUG:run: date: 1998 concentration: 45.259 pptv
Tue Mar 21 15:37:31 2023:DEBUG:run: date: 1999 concentration: 37.7505 pptv
Tue Mar 21 15:37:31 2023:DEBUG:run: date: 2000 concentration: 31.6427 pptv
Tue Mar 21 15:37:31 2023:DEBUG:run: date: 2001 concentration: 26.6548 pptv
Tue Mar 21 15:37:31 2023:DEBUG:run: date: 2002 concentration: 22.2876 pptv
Tue Mar 21 15:37:31 2023:DEBUG:run: date: 2003 concentration: 18.6298 pptv
Tue Mar 21 15:37:31 2023:DEBUG:run: date: 2004 concentration: 15.6208 pptv
Tue Mar 21 15:37:31 2023:DEBUG:run: date: 2005 concentration: 13.074 pptv
Tue Mar 21 15:37:31 2023:DEBUG:run: date: 2006 concentration: 11.056 pptv
Tue Mar 21 15:37:31 2023:DEBUG:run: date: 2007 concentration: 9.41805 pptv
Tue Mar 21 15:37:31 2023:DEBUG:run: date: 2008 concentration: 7.95016 pptv
Tue Mar 21 15:37:31 2023:DEBUG:run: date: 2009 concentration: 6.65137 pptv
Tue Mar 21 15:37:31 2023:DEBUG:run: date: 2010 concentration: 5.53863 pptv
Tue Mar 21 15:37:31 2023:DEBUG:run: date: 2011 concentration: 4.64806 pptv
Tue Mar 21 15:37:31 2023:DEBUG:run: date: 2012 concentration: 3.91915 pptv
Tue Mar 21 15:37:31 2023:DEBUG:run: date: 2013 concentration: 3.27815 pptv
Tue Mar 21 15:37:31 2023:DEBUG:run: date: 2014 concentration: 2.73159 pptv
Tue Mar 21 15:37:31 2023:DEBUG:run: date: 2015 concentration: 2.23644 pptv
Tue Mar 21 15:37:31 2023:DEBUG:run: date: 2016 concentration: 1.83104 pptv
Tue Mar 21 15:37:31 2023:DEBUG:run: date: 2017 concentration: 1.49913 pptv
Tue Mar 21 15:37:31 2023:DEBUG:run: date: 2018 concentration: 1.22738 pptv
Tue Mar 21 15:37:31 2023:DEBUG:run: date: 2019 concentration: 1.0049 pptv
Tue Mar 21 15:37:31 2023:DEBUG:run: date: 2020 concentration: 0.82274 pptv
Tue Mar 21 15:37:31 2023:DEBUG:run: date: 2021 concentration: 0.673603 pptv
Tue Mar 21 15:37:31 2023:DEBUG:run: date: 2022 concentration: 0.551499 pptv
Tue Mar 21 15:37:31 2023:DEBUG:run: date: 2023 concentration: 0.45153 pptv
Tue Mar 21 15:37:31 2023:DEBUG:run: date: 2024 concentration: 0.369681 pptv
Tue Mar 21 15:37:31 2023:DEBUG:run: date: 2025 concentration: 0.302669 pptv
Tue Mar 21 15:37:31 2023:DEBUG:run: date: 2026 concentration: 0.247805 pptv
Tue Mar 21 15:37:31 2023:DEBUG:run: date: 2027 concentration: 0.202885 pptv
Tue Mar 21 15:37:31 2023:DEBUG:run: date: 2028 concentration: 0.166108 pptv
Tue Mar 21 15:37:31 2023:DEBUG:run: date: 2029 concentration: 0.135998 pptv
Tue Mar 21 15:37:31 2023:DEBUG:run: date: 2030 concentration: 0.111346 pptv
Tue Mar 21 15:37:31 2023:DEBUG:run: date: 2031 concentration: 0.0911622 pptv
Tue Mar 21 15:37:31 2023:DEBUG:run: date: 2032 concentration: 0.0746373 pptv
Tue Mar 21 15:37:31 2023:DEBUG:run: date: 2033 concentration: 0.0611079 pptv
Tue Mar 21 15:37:31 2023:DEBUG:run: date: 2034 concentration: 0.0500309 pptv
Tue Mar 21 15:37:31 2023:DEBUG:run: date: 2035 concentration: 0.0409618 pptv
Tue Mar 21 15:37:31 2023:DEBUG:run: date: 2036 concentration: 0.0335367 pptv
Tue Mar 21 15:37:31 2023:DEBUG:run: date: 2037 concentration: 0.0274575 pptv
Tue Mar 21 15:37:31 2023:DEBUG:run: date: 2038 concentration: 0.0224803 pptv
Tue Mar 21 15:37:31 2023:DEBUG:run: date: 2039 concentration: 0.0184053 pptv
Tue Mar 21 15:37:31 2023:DEBUG:run: date: 2040 concentration: 0.015069 pptv
Tue Mar 21 15:37:31 2023:DEBUG:run: date: 2041 concentration: 0.0123375 pptv
Tue Mar 21 15:37:31 2023:DEBUG:run: date: 2042 concentration: 0.0101011 pptv
Tue Mar 21 15:37:31 2023:DEBUG:run: date: 2043 concentration: 0.00827005 pptv
Tue Mar 21 15:37:31 2023:DEBUG:run: date: 2044 concentration: 0.00677095 pptv
Tue Mar 21 15:37:31 2023:DEBUG:run: date: 2045 concentration: 0.00554358 pptv
Tue Mar 21 15:37:31 2023:DEBUG:run: date: 2046 concentration: 0.0045387 pptv
Tue Mar 21 15:37:31 2023:DEBUG:run: date: 2047 concentration: 0.00371597 pptv
Tue Mar 21 15:37:31 2023:DEBUG:run: date: 2048 concentration: 0.00304238 pptv
Tue Mar 21 15:37:31 2023:DEBUG:run: date: 2049 concentration: 0.00249089 pptv
Tue Mar 21 15:37:31 2023:DEBUG:run: date: 2050 concentration: 0.00203937 pptv
Tue Mar 21 15:37:31 2023:DEBUG:run: date: 2051 concentration: 0.00166969 pptv
Tue Mar 21 15:37:31 2023:DEBUG:run: date: 2052 concentration: 0.00136703 pptv
Tue Mar 21 15:37:31 2023:DEBUG:run: date: 2053 concentration: 0.00111923 pptv
Tue Mar 21 15:37:31 2023:DEBUG:run: date: 2054 concentration: 0.000916348 pptv
Tue Mar 21 15:37:31 2023:DEBUG:run: date: 2055 concentration: 0.000750242 pptv
Tue Mar 21 15:37:31 2023:DEBUG:run: date: 2056 concentration: 0.000614246 pptv
Tue Mar 21 15:37:31 2023:DEBUG:run: date: 2057 concentration: 0.000502902 pptv
Tue Mar 21 15:37:31 2023:DEBUG:run: date: 2058 concentration: 0.000411742 pptv
Tue Mar 21 15:37:31 2023:DEBUG:run: date: 2059 concentration: 0.000337106 pptv
Tue Mar 21 15:37:31 2023:DEBUG:run: date: 2060 concentration: 0.000275999 pptv
Tue Mar 21 15:37:31 2023:DEBUG:run: date: 2061 concentration: 0.000225969 pptv
Tue Mar 21 15:37:31 2023:DEBUG:run: date: 2062 concentration: 0.000185007 pptv
Tue Mar 21 15:37:31 2023:DEBUG:run: date: 2063 concentration: 0.000151471 pptv
Tue Mar 21 15:37:31 2023:DEBUG:run: date: 2064 concentration: 0.000124014 pptv
Tue Mar 21 15:37:31 2023:DEBUG:run: date: 2065 concentration: 0.000101534 pptv
Tue Mar 21 15:37:31 2023:DEBUG:run: date: 2066 concentration: 8.31292e-05 pptv
Tue Mar 21 15:37:31 2023:DEBUG:run: date: 2067 concentration: 6.80604e-05 pptv
Tue Mar 21 15:37:31 2023:DEBUG:run: date: 2068 concentration: 5.57232e-05 pptv
Tue Mar 21 15:37:31 2023:DEBUG:run: date: 2069 concentration: 4.56223e-05 pptv
Tue Mar 21 15:37:31 2023:DEBUG:run: date: 2070 concentration: 3.73524e-05 pptv
Tue Mar 21 15:37:31 2023:DEBUG:run: date: 2071 concentration: 3.05815e-05 pptv
Tue Mar 21 15:37:31 2023:DEBUG:run: date: 2072 concentration: 2.5038e-05 pptv
Tue Mar 21 15:37:31 2023:DEBUG:run: date: 2073 concentration: 2.04994e-05 pptv
Tue Mar 21 15:37:31 2023:DEBUG:run: date: 2074 concentration: 1.67835e-05 pptv
Tue Mar 21 15:37:31 2023:DEBUG:run: date: 2075 concentration: 1.37412e-05 pptv
Tue Mar 21 15:37:31 2023:DEBUG:run: date: 2076 concentration: 1.12503e-05 pptv
Tue Mar 21 15:37:31 2023:DEBUG:run: date: 2077 concentration: 9.21098e-06 pptv
Tue Mar 21 15:37:31 2023:DEBUG:run: date: 2078 concentration: 7.54131e-06 pptv
Tue Mar 21 15:37:31 2023:DEBUG:run: date: 2079 concentration: 6.1743e-06 pptv
Tue Mar 21 15:37:31 2023:DEBUG:run: date: 2080 concentration: 5.05509e-06 pptv
Tue Mar 21 15:37:31 2023:DEBUG:run: date: 2081 concentration: 4.13876e-06 pptv
Tue Mar 21 15:37:31 2023:DEBUG:run: date: 2082 concentration: 3.38853e-06 pptv
Tue Mar 21 15:37:31 2023:DEBUG:run: date: 2083 concentration: 2.77429e-06 pptv
Tue Mar 21 15:37:31 2023:DEBUG:run: date: 2084 concentration: 2.2714e-06 pptv
Tue Mar 21 15:37:31 2023:DEBUG:run: date: 2085 concentration: 1.85966e-06 pptv
Tue Mar 21 15:37:31 2023:DEBUG:run: date: 2086 concentration: 1.52256e-06 pptv
Tue Mar 21 15:37:32 2023:DEBUG:run: date: 2087 concentration: 1.24657e-06 pptv
Tue Mar 21 15:37:32 2023:DEBUG:run: date: 2088 concentration: 1.02061e-06 pptv
Tue Mar 21 15:37:32 2023:DEBUG:run: date: 2089 concentration: 8.35601e-07 pptv
Tue Mar 21 15:37:32 2023:DEBUG:run: date: 2090 concentration: 6.84132e-07 pptv
Tue Mar 21 15:37:32 2023:DEBUG:run: date: 2091 concentration: 5.6012e-07 pptv
Tue Mar 21 15:37:32 2023:DEBUG:run: date: 2092 concentration: 4.58588e-07 pptv
Tue Mar 21 15:37:32 2023:DEBUG:run: date: 2093 concentration: 3.7546e-07 pptv
Tue Mar 21 15:37:32 2023:DEBUG:run: date: 2094 concentration: 3.074e-07 pptv
Tue Mar 21 15:37:32 2023:DEBUG:run: date: 2095 concentration: 2.51678e-07 pptv
Tue Mar 21 15:37:32 2023:DEBUG:run: date: 2096 concentration: 2.06057e-07 pptv
Tue Mar 21 15:37:32 2023:DEBUG:run: date: 2097 concentration: 1.68705e-07 pptv
Tue Mar 21 15:37:32 2023:DEBUG:run: date: 2098 concentration: 1.38124e-07 pptv
Tue Mar 21 15:37:32 2023:DEBUG:run: date: 2099 concentration: 1.13086e-07 pptv
Tue Mar 21 15:37:32 2023:DEBUG:run: date: 2100 concentration: 9.25872e-08 pptv
Tue Mar 21 15:37:32 2023:DEBUG:run: date: 2101 concentration: 7.5804e-08 pptv
Tue Mar 21 15:37:32 2023:DEBUG:run: date: 2102 concentration: 6.20631e-08 pptv
Tue Mar 21 15:37:32 2023:DEBUG:run: date: 2103 concentration: 5.0813e-08 pptv
Tue Mar 21 15:37:32 2023:DEBUG:run: date: 2104 concentration: 4.16021e-08 pptv
Tue Mar 21 15:37:32 2023:DEBUG:run: date: 2105 concentration: 3.40609e-08 pptv
Tue Mar 21 15:37:32 2023:DEBUG:run: date: 2106 concentration: 2.78867e-08 pptv
Tue Mar 21 15:37:32 2023:DEBUG:run: date: 2107 concentration: 2.28317e-08 pptv
Tue Mar 21 15:37:32 2023:DEBUG:run: date: 2108 concentration: 1.8693e-08 pptv
Tue Mar 21 15:37:32 2023:DEBUG:run: date: 2109 concentration: 1.53046e-08 pptv
Tue Mar 21 15:37:32 2023:DEBUG:run: date: 2110 concentration: 1.25303e-08 pptv
Tue Mar 21 15:37:32 2023:DEBUG:run: date: 2111 concentration: 1.0259e-08 pptv
Tue Mar 21 15:37:32 2023:DEBUG:run: date: 2112 concentration: 8.39932e-09 pptv
Tue Mar 21 15:37:32 2023:DEBUG:run: date: 2113 concentration: 6.87679e-09 pptv
Tue Mar 21 15:37:32 2023:DEBUG:run: date: 2114 concentration: 5.63024e-09 pptv
Tue Mar 21 15:37:32 2023:DEBUG:run: date: 2115 concentration: 4.60965e-09 pptv
Tue Mar 21 15:37:32 2023:DEBUG:run: date: 2116 concentration: 3.77406e-09 pptv
Tue Mar 21 15:37:32 2023:DEBUG:run: date: 2117 concentration: 3.08994e-09 pptv
Tue Mar 21 15:37:32 2023:DEBUG:run: date: 2118 concentration: 2.52983e-09 pptv
Tue Mar 21 15:37:32 2023:DEBUG:run: date: 2119 concentration: 2.07125e-09 pptv
Tue Mar 21 15:37:32 2023:DEBUG:run: date: 2120 concentration: 1.69579e-09 pptv
Tue Mar 21 15:37:32 2023:DEBUG:run: date: 2121 concentration: 1.3884e-09 pptv
Tue Mar 21 15:37:32 2023:DEBUG:run: date: 2122 concentration: 1.13673e-09 pptv
Tue Mar 21 15:37:32 2023:DEBUG:run: date: 2123 concentration: 9.30672e-10 pptv
Tue Mar 21 15:37:32 2023:DEBUG:run: date: 2124 concentration: 7.6197e-10 pptv
Tue Mar 21 15:37:32 2023:DEBUG:run: date: 2125 concentration: 6.23848e-10 pptv
Tue Mar 21 15:37:32 2023:DEBUG:run: date: 2126 concentration: 5.10763e-10 pptv
Tue Mar 21 15:37:32 2023:DEBUG:run: date: 2127 concentration: 4.18178e-10 pptv
Tue Mar 21 15:37:32 2023:DEBUG:run: date: 2128 concentration: 3.42375e-10 pptv
Tue Mar 21 15:37:32 2023:DEBUG:run: date: 2129 concentration: 2.80313e-10 pptv
Tue Mar 21 15:37:32 2023:DEBUG:run: date: 2130 concentration: 2.29501e-10 pptv
Tue Mar 21 15:37:32 2023:DEBUG:run: date: 2131 concentration: 1.87899e-10 pptv
Tue Mar 21 15:37:32 2023:DEBUG:run: date: 2132 concentration: 1.53839e-10 pptv
Tue Mar 21 15:37:32 2023:DEBUG:run: date: 2133 concentration: 1.25953e-10 pptv
Tue Mar 21 15:37:32 2023:DEBUG:run: date: 2134 concentration: 1.03121e-10 pptv
Tue Mar 21 15:37:32 2023:DEBUG:run: date: 2135 concentration: 8.44286e-11 pptv
Tue Mar 21 15:37:32 2023:DEBUG:run: date: 2136 concentration: 6.91243e-11 pptv
Tue Mar 21 15:37:32 2023:DEBUG:run: date: 2137 concentration: 5.65942e-11 pptv
Tue Mar 21 15:37:32 2023:DEBUG:run: date: 2138 concentration: 4.63354e-11 pptv
Tue Mar 21 15:37:32 2023:DEBUG:run: date: 2139 concentration: 3.79362e-11 pptv
Tue Mar 21 15:37:32 2023:DEBUG:run: date: 2140 concentration: 3.10596e-11 pptv
Tue Mar 21 15:37:32 2023:DEBUG:run: date: 2141 concentration: 2.54294e-11 pptv
Tue Mar 21 15:37:32 2023:DEBUG:run: date: 2142 concentration: 2.08198e-11 pptv
Tue Mar 21 15:37:32 2023:DEBUG:run: date: 2143 concentration: 1.70458e-11 pptv
Tue Mar 21 15:37:32 2023:DEBUG:run: date: 2144 concentration: 1.3956e-11 pptv
Tue Mar 21 15:37:32 2023:DEBUG:run: date: 2145 concentration: 1.14262e-11 pptv
Tue Mar 21 15:37:32 2023:DEBUG:run: date: 2146 concentration: 9.35496e-12 pptv
Tue Mar 21 15:37:32 2023:DEBUG:run: date: 2147 concentration: 7.65919e-12 pptv
Tue Mar 21 15:37:32 2023:DEBUG:run: date: 2148 concentration: 6.27082e-12 pptv
Tue Mar 21 15:37:32 2023:DEBUG:run: date: 2149 concentration: 5.13411e-12 pptv
Tue Mar 21 15:37:32 2023:DEBUG:run: date: 2150 concentration: 4.20345e-12 pptv
Tue Mar 21 15:37:32 2023:DEBUG:run: date: 2151 concentration: 3.4415e-12 pptv
Tue Mar 21 15:37:32 2023:DEBUG:run: date: 2152 concentration: 2.81766e-12 pptv
Tue Mar 21 15:37:32 2023:DEBUG:run: date: 2153 concentration: 2.3069e-12 pptv
Tue Mar 21 15:37:32 2023:DEBUG:run: date: 2154 concentration: 1.88873e-12 pptv
Tue Mar 21 15:37:32 2023:DEBUG:run: date: 2155 concentration: 1.54636e-12 pptv
Tue Mar 21 15:37:32 2023:DEBUG:run: date: 2156 concentration: 1.26606e-12 pptv
Tue Mar 21 15:37:32 2023:DEBUG:run: date: 2157 concentration: 1.03656e-12 pptv
Tue Mar 21 15:37:32 2023:DEBUG:run: date: 2158 concentration: 8.48663e-13 pptv
Tue Mar 21 15:37:32 2023:DEBUG:run: date: 2159 concentration: 6.94826e-13 pptv
Tue Mar 21 15:37:32 2023:DEBUG:run: date: 2160 concentration: 5.68876e-13 pptv
Tue Mar 21 15:37:32 2023:DEBUG:run: date: 2161 concentration: 4.65756e-13 pptv
Tue Mar 21 15:37:32 2023:DEBUG:run: date: 2162 concentration: 3.81329e-13 pptv
Tue Mar 21 15:37:32 2023:DEBUG:run: date: 2163 concentration: 3.12206e-13 pptv
Tue Mar 21 15:37:32 2023:DEBUG:run: date: 2164 concentration: 2.55612e-13 pptv
Tue Mar 21 15:37:32 2023:DEBUG:run: date: 2165 concentration: 2.09278e-13 pptv
Tue Mar 21 15:37:32 2023:DEBUG:run: date: 2166 concentration: 1.71342e-13 pptv
Tue Mar 21 15:37:32 2023:DEBUG:run: date: 2167 concentration: 1.40283e-13 pptv
Tue Mar 21 15:37:32 2023:DEBUG:run: date: 2168 concentration: 1.14854e-13 pptv
Tue Mar 21 15:37:32 2023:DEBUG:run: date: 2169 concentration: 9.40345e-14 pptv
Tue Mar 21 15:37:32 2023:DEBUG:run: date: 2170 concentration: 7.69889e-14 pptv
Tue Mar 21 15:37:32 2023:DEBUG:run: date: 2171 concentration: 6.30332e-14 pptv
Tue Mar 21 15:37:32 2023:DEBUG:run: date: 2172 concentration: 5.16072e-14 pptv
Tue Mar 21 15:37:32 2023:DEBUG:run: date: 2173 concentration: 4.22524e-14 pptv
Tue Mar 21 15:37:32 2023:DEBUG:run: date: 2174 concentration: 3.45934e-14 pptv
Tue Mar 21 15:37:32 2023:DEBUG:run: date: 2175 concentration: 2.83227e-14 pptv
Tue Mar 21 15:37:32 2023:DEBUG:run: date: 2176 concentration: 2.31886e-14 pptv
Tue Mar 21 15:37:32 2023:DEBUG:run: date: 2177 concentration: 1.89852e-14 pptv
Tue Mar 21 15:37:32 2023:DEBUG:run: date: 2178 concentration: 1.55438e-14 pptv
Tue Mar 21 15:37:32 2023:DEBUG:run: date: 2179 concentration: 1.27262e-14 pptv
Tue Mar 21 15:37:32 2023:DEBUG:run: date: 2180 concentration: 1.04193e-14 pptv
Tue Mar 21 15:37:32 2023:DEBUG:run: date: 2181 concentration: 8.53062e-15 pptv
Tue Mar 21 15:37:32 2023:DEBUG:run: date: 2182 concentration: 6.98428e-15 pptv
Tue Mar 21 15:37:32 2023:DEBUG:run: date: 2183 concentration: 5.71824e-15 pptv
Tue Mar 21 15:37:32 2023:DEBUG:run: date: 2184 concentration: 4.6817e-15 pptv
Tue Mar 21 15:37:32 2023:DEBUG:run: date: 2185 concentration: 3.83305e-15 pptv
Tue Mar 21 15:37:32 2023:DEBUG:run: date: 2186 concentration: 3.13824e-15 pptv
Tue Mar 21 15:37:32 2023:DEBUG:run: date: 2187 concentration: 2.56937e-15 pptv
Tue Mar 21 15:37:32 2023:DEBUG:run: date: 2188 concentration: 2.10362e-15 pptv
Tue Mar 21 15:37:32 2023:DEBUG:run: date: 2189 concentration: 1.7223e-15 pptv
Tue Mar 21 15:37:32 2023:DEBUG:run: date: 2190 concentration: 1.4101e-15 pptv
Tue Mar 21 15:37:32 2023:DEBUG:run: date: 2191 concentration: 1.15449e-15 pptv
Tue Mar 21 15:37:32 2023:DEBUG:run: date: 2192 concentration: 9.45219e-16 pptv
Tue Mar 21 15:37:32 2023:DEBUG:run: date: 2193 concentration: 7.7388e-16 pptv
Tue Mar 21 15:37:32 2023:DEBUG:run: date: 2194 concentration: 6.336e-16 pptv
Tue Mar 21 15:37:32 2023:DEBUG:run: date: 2195 concentration: 5.18747e-16 pptv
Tue Mar 21 15:37:32 2023:DEBUG:run: date: 2196 concentration: 4.24714e-16 pptv
Tue Mar 21 15:37:32 2023:DEBUG:run: date: 2197 concentration: 3.47727e-16 pptv
Tue Mar 21 15:37:32 2023:DEBUG:run: date: 2198 concentration: 2.84695e-16 pptv
Tue Mar 21 15:37:32 2023:DEBUG:run: date: 2199 concentration: 2.33088e-16 pptv
Tue Mar 21 15:37:32 2023:DEBUG:run: date: 2200 concentration: 1.90837e-16 pptv
Tue Mar 21 15:37:32 2023:DEBUG:run: date: 2201 concentration: 1.56244e-16 pptv
Tue Mar 21 15:37:32 2023:DEBUG:run: date: 2202 concentration: 1.27922e-16 pptv
Tue Mar 21 15:37:32 2023:DEBUG:run: date: 2203 concentration: 1.04733e-16 pptv
Tue Mar 21 15:37:32 2023:DEBUG:run: date: 2204 concentration: 8.57484e-17 pptv
Tue Mar 21 15:37:32 2023:DEBUG:run: date: 2205 concentration: 7.02048e-17 pptv
Tue Mar 21 15:37:32 2023:DEBUG:run: date: 2206 concentration: 5.74789e-17 pptv
Tue Mar 21 15:37:32 2023:DEBUG:run: date: 2207 concentration: 4.70597e-17 pptv
Tue Mar 21 15:37:32 2023:DEBUG:run: date: 2208 concentration: 3.85292e-17 pptv
Tue Mar 21 15:37:32 2023:DEBUG:run: date: 2209 concentration: 3.15451e-17 pptv
Tue Mar 21 15:37:32 2023:DEBUG:run: date: 2210 concentration: 2.58269e-17 pptv
Tue Mar 21 15:37:32 2023:DEBUG:run: date: 2211 concentration: 2.11453e-17 pptv
Tue Mar 21 15:37:32 2023:DEBUG:run: date: 2212 concentration: 1.73123e-17 pptv
Tue Mar 21 15:37:32 2023:DEBUG:run: date: 2213 concentration: 1.41741e-17 pptv
Tue Mar 21 15:37:32 2023:DEBUG:run: date: 2214 concentration: 1.16048e-17 pptv
Tue Mar 21 15:37:32 2023:DEBUG:run: date: 2215 concentration: 9.50119e-18 pptv
Tue Mar 21 15:37:32 2023:DEBUG:run: date: 2216 concentration: 7.77892e-18 pptv
Tue Mar 21 15:37:32 2023:DEBUG:run: date: 2217 concentration: 6.36884e-18 pptv
Tue Mar 21 15:37:32 2023:DEBUG:run: date: 2218 concentration: 5.21436e-18 pptv
Tue Mar 21 15:37:32 2023:DEBUG:run: date: 2219 concentration: 4.26916e-18 pptv
Tue Mar 21 15:37:32 2023:DEBUG:run: date: 2220 concentration: 3.49529e-18 pptv
Tue Mar 21 15:37:32 2023:DEBUG:run: date: 2221 concentration: 2.8617e-18 pptv
Tue Mar 21 15:37:32 2023:DEBUG:run: date: 2222 concentration: 2.34296e-18 pptv
Tue Mar 21 15:37:32 2023:DEBUG:run: date: 2223 concentration: 1.91826e-18 pptv
Tue Mar 21 15:37:32 2023:DEBUG:run: date: 2224 concentration: 1.57054e-18 pptv
Tue Mar 21 15:37:32 2023:DEBUG:run: date: 2225 concentration: 1.28585e-18 pptv
Tue Mar 21 15:37:32 2023:DEBUG:run: date: 2226 concentration: 1.05276e-18 pptv
Tue Mar 21 15:37:32 2023:DEBUG:run: date: 2227 concentration: 8.61929e-19 pptv
Tue Mar 21 15:37:32 2023:DEBUG:run: date: 2228 concentration: 7.05687e-19 pptv
Tue Mar 21 15:37:32 2023:DEBUG:run: date: 2229 concentration: 5.77768e-19 pptv
Tue Mar 21 15:37:32 2023:DEBUG:run: date: 2230 concentration: 4.73036e-19 pptv
Tue Mar 21 15:37:32 2023:DEBUG:run: date: 2231 concentration: 3.87289e-19 pptv
Tue Mar 21 15:37:32 2023:DEBUG:run: date: 2232 concentration: 3.17086e-19 pptv
Tue Mar 21 15:37:32 2023:DEBUG:run: date: 2233 concentration: 2.59608e-19 pptv
Tue Mar 21 15:37:32 2023:DEBUG:run: date: 2234 concentration: 2.12549e-19 pptv
Tue Mar 21 15:37:32 2023:DEBUG:run: date: 2235 concentration: 1.7402e-19 pptv
Tue Mar 21 15:37:32 2023:DEBUG:run: date: 2236 concentration: 1.42476e-19 pptv
Tue Mar 21 15:37:32 2023:DEBUG:run: date: 2237 concentration: 1.16649e-19 pptv
Tue Mar 21 15:37:32 2023:DEBUG:run: date: 2238 concentration: 9.55044e-20 pptv
Tue Mar 21 15:37:32 2023:DEBUG:run: date: 2239 concentration: 7.81924e-20 pptv
Tue Mar 21 15:37:32 2023:DEBUG:run: date: 2240 concentration: 6.40185e-20 pptv
Tue Mar 21 15:37:32 2023:DEBUG:run: date: 2241 concentration: 5.24139e-20 pptv
Tue Mar 21 15:37:32 2023:DEBUG:run: date: 2242 concentration: 4.29129e-20 pptv
Tue Mar 21 15:37:32 2023:DEBUG:run: date: 2243 concentration: 3.51341e-20 pptv
Tue Mar 21 15:37:32 2023:DEBUG:run: date: 2244 concentration: 2.87654e-20 pptv
Tue Mar 21 15:37:32 2023:DEBUG:run: date: 2245 concentration: 2.35511e-20 pptv
Tue Mar 21 15:37:32 2023:DEBUG:run: date: 2246 concentration: 1.9282e-20 pptv
Tue Mar 21 15:37:32 2023:DEBUG:run: date: 2247 concentration: 1.57868e-20 pptv
Tue Mar 21 15:37:32 2023:DEBUG:run: date: 2248 concentration: 1.29251e-20 pptv
Tue Mar 21 15:37:32 2023:DEBUG:run: date: 2249 concentration: 1.05822e-20 pptv
Tue Mar 21 15:37:32 2023:DEBUG:run: date: 2250 concentration: 8.66396e-21 pptv
Tue Mar 21 15:37:32 2023:DEBUG:run: date: 2251 concentration: 7.09345e-21 pptv
Tue Mar 21 15:37:32 2023:DEBUG:run: date: 2252 concentration: 5.80763e-21 pptv
Tue Mar 21 15:37:32 2023:DEBUG:run: date: 2253 concentration: 4.75488e-21 pptv
Tue Mar 21 15:37:32 2023:DEBUG:run: date: 2254 concentration: 3.89297e-21 pptv
Tue Mar 21 15:37:32 2023:DEBUG:run: date: 2255 concentration: 3.18729e-21 pptv
Tue Mar 21 15:37:32 2023:DEBUG:run: date: 2256 concentration: 2.60954e-21 pptv
Tue Mar 21 15:37:32 2023:DEBUG:run: date: 2257 concentration: 2.13651e-21 pptv
Tue Mar 21 15:37:32 2023:DEBUG:run: date: 2258 concentration: 1.74922e-21 pptv
Tue Mar 21 15:37:32 2023:DEBUG:run: date: 2259 concentration: 1.43214e-21 pptv
Tue Mar 21 15:37:32 2023:DEBUG:run: date: 2260 concentration: 1.17254e-21 pptv
Tue Mar 21 15:37:32 2023:DEBUG:run: date: 2261 concentration: 9.59995e-22 pptv
Tue Mar 21 15:37:32 2023:DEBUG:run: date: 2262 concentration: 7.85977e-22 pptv
Tue Mar 21 15:37:32 2023:DEBUG:run: date: 2263 concentration: 6.43504e-22 pptv
Tue Mar 21 15:37:32 2023:DEBUG:run: date: 2264 concentration: 5.26856e-22 pptv
Tue Mar 21 15:37:32 2023:DEBUG:run: date: 2265 concentration: 4.31353e-22 pptv
Tue Mar 21 15:37:32 2023:DEBUG:run: date: 2266 concentration: 3.53162e-22 pptv
Tue Mar 21 15:37:32 2023:DEBUG:run: date: 2267 concentration: 2.89145e-22 pptv
Tue Mar 21 15:37:32 2023:DEBUG:run: date: 2268 concentration: 2.36732e-22 pptv
Tue Mar 21 15:37:32 2023:DEBUG:run: date: 2269 concentration: 1.9382e-22 pptv
Tue Mar 21 15:37:32 2023:DEBUG:run: date: 2270 concentration: 1.58686e-22 pptv
Tue Mar 21 15:37:32 2023:DEBUG:run: date: 2271 concentration: 1.29921e-22 pptv
Tue Mar 21 15:37:32 2023:DEBUG:run: date: 2272 concentration: 1.0637e-22 pptv
Tue Mar 21 15:37:32 2023:DEBUG:run: date: 2273 concentration: 8.70888e-23 pptv
Tue Mar 21 15:37:32 2023:DEBUG:run: date: 2274 concentration: 7.13022e-23 pptv
Tue Mar 21 15:37:32 2023:DEBUG:run: date: 2275 concentration: 5.83773e-23 pptv
Tue Mar 21 15:37:32 2023:DEBUG:run: date: 2276 concentration: 4.77953e-23 pptv
Tue Mar 21 15:37:32 2023:DEBUG:run: date: 2277 concentration: 3.91315e-23 pptv
Tue Mar 21 15:37:32 2023:DEBUG:run: date: 2278 concentration: 3.20382e-23 pptv
Tue Mar 21 15:37:32 2023:DEBUG:run: date: 2279 concentration: 2.62306e-23 pptv
Tue Mar 21 15:37:32 2023:DEBUG:run: date: 2280 concentration: 2.14758e-23 pptv
Tue Mar 21 15:37:32 2023:DEBUG:run: date: 2281 concentration: 1.75829e-23 pptv
Tue Mar 21 15:37:32 2023:DEBUG:run: date: 2282 concentration: 1.43957e-23 pptv
Tue Mar 21 15:37:32 2023:DEBUG:run: date: 2283 concentration: 1.17862e-23 pptv
Tue Mar 21 15:37:32 2023:DEBUG:run: date: 2284 concentration: 9.64971e-24 pptv
Tue Mar 21 15:37:32 2023:DEBUG:run: date: 2285 concentration: 7.90051e-24 pptv
Tue Mar 21 15:37:32 2023:DEBUG:run: date: 2286 concentration: 6.46839e-24 pptv
Tue Mar 21 15:37:32 2023:DEBUG:run: date: 2287 concentration: 5.29587e-24 pptv
Tue Mar 21 15:37:32 2023:DEBUG:run: date: 2288 concentration: 4.33589e-24 pptv
Tue Mar 21 15:37:32 2023:DEBUG:run: date: 2289 concentration: 3.54993e-24 pptv
Tue Mar 21 15:37:32 2023:DEBUG:run: date: 2290 concentration: 2.90644e-24 pptv
Tue Mar 21 15:37:32 2023:DEBUG:run: date: 2291 concentration: 2.37959e-24 pptv
Tue Mar 21 15:37:32 2023:DEBUG:run: date: 2292 concentration: 1.94824e-24 pptv
Tue Mar 21 15:37:32 2023:DEBUG:run: date: 2293 concentration: 1.59509e-24 pptv
Tue Mar 21 15:37:32 2023:DEBUG:run: date: 2294 concentration: 1.30595e-24 pptv
Tue Mar 21 15:37:32 2023:DEBUG:run: date: 2295 concentration: 1.06922e-24 pptv
Tue Mar 21 15:37:32 2023:DEBUG:run: date: 2296 concentration: 8.75402e-25 pptv
Tue Mar 21 15:37:32 2023:DEBUG:run: date: 2297 concentration: 7.16718e-25 pptv
Tue Mar 21 15:37:32 2023:DEBUG:run: date: 2298 concentration: 5.86799e-25 pptv
Tue Mar 21 15:37:32 2023:DEBUG:run: date: 2299 concentration: 4.80431e-25 pptv
Tue Mar 21 15:37:32 2023:DEBUG:run: date: 2300 concentration: 3.93343e-25 pptv
