Tue Mar 21 15:37:28 2023:NOTICE:printLogHeader: hector version 2.5.0
Tue Mar 21 15:37:29 2023:DEBUG:setData: Setting tau[-1]=65.0
Tue Mar 21 15:37:29 2023:DEBUG:setData: Setting rho[-1]=0.00032
Tue Mar 21 15:37:29 2023:DEBUG:setData: Setting halon1301_emissions[1765]=0
Tue Mar 21 15:37:29 2023:DEBUG:setData: Setting halon1301_emissions[1766]=0
Tue Mar 21 15:37:29 2023:DEBUG:setData: Setting halon1301_emissions[1767]=0
Tue Mar 21 15:37:29 2023:DEBUG:setData: Setting halon1301_emissions[1768]=0
Tue Mar 21 15:37:29 2023:DEBUG:setData: Setting halon1301_emissions[1769]=0
Tue Mar 21 15:37:29 2023:DEBUG:setData: Setting halon1301_emissions[1770]=0
Tue Mar 21 15:37:29 2023:DEBUG:setData: Setting halon1301_emissions[1771]=0
Tue Mar 21 15:37:29 2023:DEBUG:setData: Setting halon1301_emissions[1772]=0
Tue Mar 21 15:37:29 2023:DEBUG:setData: Setting halon1301_emissions[1773]=0
Tue Mar 21 15:37:29 2023:DEBUG:setData: Setting halon1301_emissions[1774]=0
Tue Mar 21 15:37:29 2023:DEBUG:setData: Setting halon1301_emissions[1775]=0
Tue Mar 21 15:37:29 2023:DEBUG:setData: Setting halon1301_emissions[1776]=0
Tue Mar 21 15:37:29 2023:DEBUG:setData: Setting halon1301_emissions[1777]=0
Tue Mar 21 15:37:29 2023:DEBUG:setData: Setting halon1301_emissions[1778]=0
Tue Mar 21 15:37:29 2023:DEBUG:setData: Setting halon1301_emissions[1779]=0
Tue Mar 21 15:37:29 2023:DEBUG:setData: Setting halon1301_emissions[1780]=0
Tue Mar 21 15:37:29 2023:DEBUG:setData: Setting halon1301_emissions[1781]=0
Tue Mar 21 15:37:29 2023:DEBUG:setData: Setting halon1301_emissions[1782]=0
Tue Mar 21 15:37:29 2023:DEBUG:setData: Setting halon1301_emissions[1783]=0
Tue Mar 21 15:37:29 2023:DEBUG:setData: Setting halon1301_emissions[1784]=0
Tue Mar 21 15:37:29 2023:DEBUG:setData: Setting halon1301_emissions[1785]=0
Tue Mar 21 15:37:29 2023:DEBUG:setData: Setting halon1301_emissions[1786]=0
Tue Mar 21 15:37:29 2023:DEBUG:setData: Setting halon1301_emissions[1787]=0
Tue Mar 21 15:37:29 2023:DEBUG:setData: Setting halon1301_emissions[1788]=0
Tue Mar 21 15:37:29 2023:DEBUG:setData: Setting halon1301_emissions[1789]=0
Tue Mar 21 15:37:29 2023:DEBUG:setData: Setting halon1301_emissions[1790]=0
Tue Mar 21 15:37:29 2023:DEBUG:setData: Setting halon1301_emissions[1791]=0
Tue Mar 21 15:37:29 2023:DEBUG:setData: Setting halon1301_emissions[1792]=0
Tue Mar 21 15:37:29 2023:DEBUG:setData: Setting halon1301_emissions[1793]=0
Tue Mar 21 15:37:29 2023:DEBUG:setData: Setting halon1301_emissions[1794]=0
Tue Mar 21 15:37:29 2023:DEBUG:setData: Setting halon1301_emissions[1795]=0
Tue Mar 21 15:37:29 2023:DEBUG:setData: Setting halon1301_emissions[1796]=0
Tue Mar 21 15:37:29 2023:DEBUG:setData: Setting halon1301_emissions[1797]=0
Tue Mar 21 15:37:29 2023:DEBUG:setData: Setting halon1301_emissions[1798]=0
Tue Mar 21 15:37:29 2023:DEBUG:setData: Setting halon1301_emissions[1799]=0
Tue Mar 21 15:37:29 2023:DEBUG:setData: Setting halon1301_emissions[1800]=0
Tue Mar 21 15:37:29 2023:DEBUG:setData: Setting halon1301_emissions[1801]=0
Tue Mar 21 15:37:29 2023:DEBUG:setData: Setting halon1301_emissions[1802]=0
Tue Mar 21 15:37:29 2023:DEBUG:setData: Setting halon1301_emissions[1803]=0
Tue Mar 21 15:37:29 2023:DEBUG:setData: Setting halon1301_emissions[1804]=0
Tue Mar 21 15:37:29 2023:DEBUG:setData: Setting halon1301_emissions[1805]=0
Tue Mar 21 15:37:29 2023:DEBUG:setData: Setting halon1301_emissions[1806]=0
Tue Mar 21 15:37:29 2023:DEBUG:setData: Setting halon1301_emissions[1807]=0
Tue Mar 21 15:37:29 2023:DEBUG:setData: Setting halon1301_emissions[1808]=0
Tue Mar 21 15:37:29 2023:DEBUG:setData: Setting halon1301_emissions[1809]=0
Tue Mar 21 15:37:29 2023:DEBUG:setData: Setting halon1301_emissions[1810]=0
Tue Mar 21 15:37:29 2023:DEBUG:setData: Setting halon1301_emissions[1811]=0
Tue Mar 21 15:37:29 2023:DEBUG:setData: Setting halon1301_emissions[1812]=0
Tue Mar 21 15:37:29 2023:DEBUG:setData: Setting halon1301_emissions[1813]=0
Tue Mar 21 15:37:29 2023:DEBUG:setData: Setting halon1301_emissions[1814]=0
Tue Mar 21 15:37:29 2023:DEBUG:setData: Setting halon1301_emissions[1815]=0
Tue Mar 21 15:37:29 2023:DEBUG:setData: Setting halon1301_emissions[1816]=0
Tue Mar 21 15:37:29 2023:DEBUG:setData: Setting halon1301_emissions[1817]=0
Tue Mar 21 15:37:29 2023:DEBUG:setData: Setting halon1301_emissions[1818]=0
Tue Mar 21 15:37:29 2023:DEBUG:setData: Setting halon1301_emissions[1819]=0
Tue Mar 21 15:37:29 2023:DEBUG:setData: Setting halon1301_emissions[1820]=0
Tue Mar 21 15:37:29 2023:DEBUG:setData: Setting halon1301_emissions[1821]=0
Tue Mar 21 15:37:29 2023:DEBUG:setData: Setting halon1301_emissions[1822]=0
Tue Mar 21 15:37:29 2023:DEBUG:setData: Setting halon1301_emissions[1823]=0
Tue Mar 21 15:37:29 2023:DEBUG:setData: Setting halon1301_emissions[1824]=0
Tue Mar 21 15:37:29 2023:DEBUG:setData: Setting halon1301_emissions[1825]=0
Tue Mar 21 15:37:29 2023:DEBUG:setData: Setting halon1301_emissions[1826]=0
Tue Mar 21 15:37:29 2023:DEBUG:setData: Setting halon1301_emissions[1827]=0
Tue Mar 21 15:37:29 2023:DEBUG:setData: Setting halon1301_emissions[1828]=0
Tue Mar 21 15:37:29 2023:DEBUG:setData: Setting halon1301_emissions[1829]=0
Tue Mar 21 15:37:29 2023:DEBUG:setData: Setting halon1301_emissions[1830]=0
Tue Mar 21 15:37:29 2023:DEBUG:setData: Setting halon1301_emissions[1831]=0
Tue Mar 21 15:37:29 2023:DEBUG:setData: Setting halon1301_emissions[1832]=0
Tue Mar 21 15:37:29 2023:DEBUG:setData: Setting halon1301_emissions[1833]=0
Tue Mar 21 15:37:29 2023:DEBUG:setData: Setting halon1301_emissions[1834]=0
Tue Mar 21 15:37:29 2023:DEBUG:setData: Setting halon1301_emissions[1835]=0
Tue Mar 21 15:37:29 2023:DEBUG:setData: Setting halon1301_emissions[1836]=0
Tue Mar 21 15:37:29 2023:DEBUG:setData: Setting halon1301_emissions[1837]=0
Tue Mar 21 15:37:29 2023:DEBUG:setData: Setting halon1301_emissions[1838]=0
Tue Mar 21 15:37:29 2023:DEBUG:setData: Setting halon1301_emissions[1839]=0
Tue Mar 21 15:37:29 2023:DEBUG:setData: Setting halon1301_emissions[1840]=0
Tue Mar 21 15:37:29 2023:DEBUG:setData: Setting halon1301_emissions[1841]=0
Tue Mar 21 15:37:29 2023:DEBUG:setData: Setting halon1301_emissions[1842]=0
Tue Mar 21 15:37:29 2023:DEBUG:setData: Setting halon1301_emissions[1843]=0
Tue Mar 21 15:37:29 2023:DEBUG:setData: Setting halon1301_emissions[1844]=0
Tue Mar 21 15:37:29 2023:DEBUG:setData: Setting halon1301_emissions[1845]=0
Tue Mar 21 15:37:29 2023:DEBUG:setData: Setting halon1301_emissions[1846]=0
Tue Mar 21 15:37:29 2023:DEBUG:setData: Setting halon1301_emissions[1847]=0
Tue Mar 21 15:37:29 2023:DEBUG:setData: Setting halon1301_emissions[1848]=0
Tue Mar 21 15:37:29 2023:DEBUG:setData: Setting halon1301_emissions[1849]=0
Tue Mar 21 15:37:29 2023:DEBUG:setData: Setting halon1301_emissions[1850]=0
Tue Mar 21 15:37:29 2023:DEBUG:setData: Setting halon1301_emissions[1851]=0
Tue Mar 21 15:37:29 2023:DEBUG:setData: Setting halon1301_emissions[1852]=0
Tue Mar 21 15:37:29 2023:DEBUG:setData: Setting halon1301_emissions[1853]=0
Tue Mar 21 15:37:29 2023:DEBUG:setData: Setting halon1301_emissions[1854]=0
Tue Mar 21 15:37:29 2023:DEBUG:setData: Setting halon1301_emissions[1855]=0
Tue Mar 21 15:37:29 2023:DEBUG:setData: Setting halon1301_emissions[1856]=0
Tue Mar 21 15:37:29 2023:DEBUG:setData: Setting halon1301_emissions[1857]=0
Tue Mar 21 15:37:29 2023:DEBUG:setData: Setting halon1301_emissions[1858]=0
Tue Mar 21 15:37:29 2023:DEBUG:setData: Setting halon1301_emissions[1859]=0
Tue Mar 21 15:37:29 2023:DEBUG:setData: Setting halon1301_emissions[1860]=0
Tue Mar 21 15:37:29 2023:DEBUG:setData: Setting halon1301_emissions[1861]=0
Tue Mar 21 15:37:29 2023:DEBUG:setData: Setting halon1301_emissions[1862]=0
Tue Mar 21 15:37:29 2023:DEBUG:setData: Setting halon1301_emissions[1863]=0
Tue Mar 21 15:37:29 2023:DEBUG:setData: Setting halon1301_emissions[1864]=0
Tue Mar 21 15:37:29 2023:DEBUG:setData: Setting halon1301_emissions[1865]=0
Tue Mar 21 15:37:29 2023:DEBUG:setData: Setting halon1301_emissions[1866]=0
Tue Mar 21 15:37:29 2023:DEBUG:setData: Setting halon1301_emissions[1867]=0
Tue Mar 21 15:37:29 2023:DEBUG:setData: Setting halon1301_emissions[1868]=0
Tue Mar 21 15:37:29 2023:DEBUG:setData: Setting halon1301_emissions[1869]=0
Tue Mar 21 15:37:29 2023:DEBUG:setData: Setting halon1301_emissions[1870]=0
Tue Mar 21 15:37:29 2023:DEBUG:setData: Setting halon1301_emissions[1871]=0
Tue Mar 21 15:37:29 2023:DEBUG:setData: Setting halon1301_emissions[1872]=0
Tue Mar 21 15:37:29 2023:DEBUG:setData: Setting halon1301_emissions[1873]=0
Tue Mar 21 15:37:29 2023:DEBUG:setData: Setting halon1301_emissions[1874]=0
Tue Mar 21 15:37:29 2023:DEBUG:setData: Setting halon1301_emissions[1875]=0
Tue Mar 21 15:37:29 2023:DEBUG:setData: Setting halon1301_emissions[1876]=0
Tue Mar 21 15:37:29 2023:DEBUG:setData: Setting halon1301_emissions[1877]=0
Tue Mar 21 15:37:29 2023:DEBUG:setData: Setting halon1301_emissions[1878]=0
Tue Mar 21 15:37:29 2023:DEBUG:setData: Setting halon1301_emissions[1879]=0
Tue Mar 21 15:37:29 2023:DEBUG:setData: Setting halon1301_emissions[1880]=0
Tue Mar 21 15:37:29 2023:DEBUG:setData: Setting halon1301_emissions[1881]=0
Tue Mar 21 15:37:29 2023:DEBUG:setData: Setting halon1301_emissions[1882]=0
Tue Mar 21 15:37:29 2023:DEBUG:setData: Setting halon1301_emissions[1883]=0
Tue Mar 21 15:37:29 2023:DEBUG:setData: Setting halon1301_emissions[1884]=0
Tue Mar 21 15:37:29 2023:DEBUG:setData: Setting halon1301_emissions[1885]=0
Tue Mar 21 15:37:29 2023:DEBUG:setData: Setting halon1301_emissions[1886]=0
Tue Mar 21 15:37:29 2023:DEBUG:setData: Setting halon1301_emissions[1887]=0
Tue Mar 21 15:37:29 2023:DEBUG:setData: Setting halon1301_emissions[1888]=0
Tue Mar 21 15:37:29 2023:DEBUG:setData: Setting halon1301_emissions[1889]=0
Tue Mar 21 15:37:29 2023:DEBUG:setData: Setting halon1301_emissions[1890]=0
Tue Mar 21 15:37:29 2023:DEBUG:setData: Setting halon1301_emissions[1891]=0
Tue Mar 21 15:37:29 2023:DEBUG:setData: Setting halon1301_emissions[1892]=0
Tue Mar 21 15:37:29 2023:DEBUG:setData: Setting halon1301_emissions[1893]=0
Tue Mar 21 15:37:29 2023:DEBUG:setData: Setting halon1301_emissions[1894]=0
Tue Mar 21 15:37:29 2023:DEBUG:setData: Setting halon1301_emissions[1895]=0
Tue Mar 21 15:37:29 2023:DEBUG:setData: Setting halon1301_emissions[1896]=0
Tue Mar 21 15:37:29 2023:DEBUG:setData: Setting halon1301_emissions[1897]=0
Tue Mar 21 15:37:29 2023:DEBUG:setData: Setting halon1301_emissions[1898]=0
Tue Mar 21 15:37:29 2023:DEBUG:setData: Setting halon1301_emissions[1899]=0
Tue Mar 21 15:37:29 2023:DEBUG:setData: Setting halon1301_emissions[1900]=0
Tue Mar 21 15:37:29 2023:DEBUG:setData: Setting halon1301_emissions[1901]=0
Tue Mar 21 15:37:29 2023:DEBUG:setData: Setting halon1301_emissions[1902]=0
Tue Mar 21 15:37:29 2023:DEBUG:setData: Setting halon1301_emissions[1903]=0
Tue Mar 21 15:37:29 2023:DEBUG:setData: Setting halon1301_emissions[1904]=0
Tue Mar 21 15:37:29 2023:DEBUG:setData: Setting halon1301_emissions[1905]=0
Tue Mar 21 15:37:29 2023:DEBUG:setData: Setting halon1301_emissions[1906]=0
Tue Mar 21 15:37:29 2023:DEBUG:setData: Setting halon1301_emissions[1907]=0
Tue Mar 21 15:37:29 2023:DEBUG:setData: Setting halon1301_emissions[1908]=0
Tue Mar 21 15:37:29 2023:DEBUG:setData: Setting halon1301_emissions[1909]=0
Tue Mar 21 15:37:29 2023:DEBUG:setData: Setting halon1301_emissions[1910]=0
Tue Mar 21 15:37:29 2023:DEBUG:setData: Setting halon1301_emissions[1911]=0
Tue Mar 21 15:37:29 2023:DEBUG:setData: Setting halon1301_emissions[1912]=0
Tue Mar 21 15:37:29 2023:DEBUG:setData: Setting halon1301_emissions[1913]=0
Tue Mar 21 15:37:29 2023:DEBUG:setData: Setting halon1301_emissions[1914]=0
Tue Mar 21 15:37:29 2023:DEBUG:setData: Setting halon1301_emissions[1915]=0
Tue Mar 21 15:37:29 2023:DEBUG:setData: Setting halon1301_emissions[1916]=0
Tue Mar 21 15:37:29 2023:DEBUG:setData: Setting halon1301_emissions[1917]=0
Tue Mar 21 15:37:29 2023:DEBUG:setData: Setting halon1301_emissions[1918]=0
Tue Mar 21 15:37:29 2023:DEBUG:setData: Setting halon1301_emissions[1919]=0
Tue Mar 21 15:37:29 2023:DEBUG:setData: Setting halon1301_emissions[1920]=0
Tue Mar 21 15:37:29 2023:DEBUG:setData: Setting halon1301_emissions[1921]=0
Tue Mar 21 15:37:29 2023:DEBUG:setData: Setting halon1301_emissions[1922]=0
Tue Mar 21 15:37:29 2023:DEBUG:setData: Setting halon1301_emissions[1923]=0
Tue Mar 21 15:37:29 2023:DEBUG:setData: Setting halon1301_emissions[1924]=0
Tue Mar 21 15:37:29 2023:DEBUG:setData: Setting halon1301_emissions[1925]=0
Tue Mar 21 15:37:29 2023:DEBUG:setData: Setting halon1301_emissions[1926]=0
Tue Mar 21 15:37:29 2023:DEBUG:setData: Setting halon1301_emissions[1927]=0
Tue Mar 21 15:37:29 2023:DEBUG:setData: Setting halon1301_emissions[1928]=0
Tue Mar 21 15:37:29 2023:DEBUG:setData: Setting halon1301_emissions[1929]=0
Tue Mar 21 15:37:29 2023:DEBUG:setData: Setting halon1301_emissions[1930]=0
Tue Mar 21 15:37:29 2023:DEBUG:setData: Setting halon1301_emissions[1931]=0
Tue Mar 21 15:37:29 2023:DEBUG:setData: Setting halon1301_emissions[1932]=0
Tue Mar 21 15:37:29 2023:DEBUG:setData: Setting halon1301_emissions[1933]=0
Tue Mar 21 15:37:29 2023:DEBUG:setData: Setting halon1301_emissions[1934]=0
Tue Mar 21 15:37:29 2023:DEBUG:setData: Setting halon1301_emissions[1935]=0
Tue Mar 21 15:37:29 2023:DEBUG:setData: Setting halon1301_emissions[1936]=0
Tue Mar 21 15:37:29 2023:DEBUG:setData: Setting halon1301_emissions[1937]=0
Tue Mar 21 15:37:29 2023:DEBUG:setData: Setting halon1301_emissions[1938]=0
Tue Mar 21 15:37:29 2023:DEBUG:setData: Setting halon1301_emissions[1939]=0
Tue Mar 21 15:37:29 2023:DEBUG:setData: Setting halon1301_emissions[1940]=0
Tue Mar 21 15:37:29 2023:DEBUG:setData: Setting halon1301_emissions[1941]=0
Tue Mar 21 15:37:29 2023:DEBUG:setData: Setting halon1301_emissions[1942]=0
Tue Mar 21 15:37:29 2023:DEBUG:setData: Setting halon1301_emissions[1943]=0
Tue Mar 21 15:37:29 2023:DEBUG:setData: Setting halon1301_emissions[1944]=0
Tue Mar 21 15:37:29 2023:DEBUG:setData: Setting halon1301_emissions[1945]=0
Tue Mar 21 15:37:29 2023:DEBUG:setData: Setting halon1301_emissions[1946]=0
Tue Mar 21 15:37:29 2023:DEBUG:setData: Setting halon1301_emissions[1947]=0
Tue Mar 21 15:37:29 2023:DEBUG:setData: Setting halon1301_emissions[1948]=0
Tue Mar 21 15:37:29 2023:DEBUG:setData: Setting halon1301_emissions[1949]=0
Tue Mar 21 15:37:29 2023:DEBUG:setData: Setting halon1301_emissions[1950]=0
Tue Mar 21 15:37:29 2023:DEBUG:setData: Setting halon1301_emissions[1951]=0
Tue Mar 21 15:37:29 2023:DEBUG:setData: Setting halon1301_emissions[1952]=0
Tue Mar 21 15:37:29 2023:DEBUG:setData: Setting halon1301_emissions[1953]=0
Tue Mar 21 15:37:29 2023:DEBUG:setData: Setting halon1301_emissions[1954]=0
Tue Mar 21 15:37:29 2023:DEBUG:setData: Setting halon1301_emissions[1955]=0
Tue Mar 21 15:37:29 2023:DEBUG:setData: Setting halon1301_emissions[1956]=0
Tue Mar 21 15:37:29 2023:DEBUG:setData: Setting halon1301_emissions[1957]=0
Tue Mar 21 15:37:29 2023:DEBUG:setData: Setting halon1301_emissions[1958]=0.0000153
Tue Mar 21 15:37:29 2023:DEBUG:setData: Setting halon1301_emissions[1959]=0.000122253
Tue Mar 21 15:37:29 2023:DEBUG:setData: Setting halon1301_emissions[1960]=0.000230724
Tue Mar 21 15:37:29 2023:DEBUG:setData: Setting halon1301_emissions[1961]=0.000249136
Tue Mar 21 15:37:29 2023:DEBUG:setData: Setting halon1301_emissions[1962]=0.000252502
Tue Mar 21 15:37:29 2023:DEBUG:setData: Setting halon1301_emissions[1963]=0.000352095
Tue Mar 21 15:37:29 2023:DEBUG:setData: Setting halon1301_emissions[1964]=0.001030371
Tue Mar 21 15:37:29 2023:DEBUG:setData: Setting halon1301_emissions[1965]=0.002140689
Tue Mar 21 15:37:29 2023:DEBUG:setData: Setting halon1301_emissions[1966]=0.003103097
Tue Mar 21 15:37:29 2023:DEBUG:setData: Setting halon1301_emissions[1967]=0.003754249
Tue Mar 21 15:37:29 2023:DEBUG:setData: Setting halon1301_emissions[1968]=0.005543179
Tue Mar 21 15:37:29 2023:DEBUG:setData: Setting halon1301_emissions[1969]=0.03648951
Tue Mar 21 15:37:29 2023:DEBUG:setData: Setting halon1301_emissions[1970]=0.11813403
Tue Mar 21 15:37:29 2023:DEBUG:setData: Setting halon1301_emissions[1971]=0.2232129
Tue Mar 21 15:37:29 2023:DEBUG:setData: Setting halon1301_emissions[1972]=0.31882408
Tue Mar 21 15:37:29 2023:DEBUG:setData: Setting halon1301_emissions[1973]=0.39726303
Tue Mar 21 15:37:29 2023:DEBUG:setData: Setting halon1301_emissions[1974]=0.67241083
Tue Mar 21 15:37:29 2023:DEBUG:setData: Setting halon1301_emissions[1975]=1.2682709
Tue Mar 21 15:37:29 2023:DEBUG:setData: Setting halon1301_emissions[1976]=1.8435573
Tue Mar 21 15:37:29 2023:DEBUG:setData: Setting halon1301_emissions[1977]=2.1420878
Tue Mar 21 15:37:29 2023:DEBUG:setData: Setting halon1301_emissions[1978]=2.1599238
Tue Mar 21 15:37:29 2023:DEBUG:setData: Setting halon1301_emissions[1979]=2.0579417
Tue Mar 21 15:37:29 2023:DEBUG:setData: Setting halon1301_emissions[1980]=2.1545661
Tue Mar 21 15:37:29 2023:DEBUG:setData: Setting halon1301_emissions[1981]=2.4863888
Tue Mar 21 15:37:29 2023:DEBUG:setData: Setting halon1301_emissions[1982]=3.0131287
Tue Mar 21 15:37:29 2023:DEBUG:setData: Setting halon1301_emissions[1983]=3.8198142
Tue Mar 21 15:37:29 2023:DEBUG:setData: Setting halon1301_emissions[1984]=4.7987259
Tue Mar 21 15:37:29 2023:DEBUG:setData: Setting halon1301_emissions[1985]=5.5359652
Tue Mar 21 15:37:29 2023:DEBUG:setData: Setting halon1301_emissions[1986]=5.6626388
Tue Mar 21 15:37:29 2023:DEBUG:setData: Setting halon1301_emissions[1987]=5.2412687
Tue Mar 21 15:37:29 2023:DEBUG:setData: Setting halon1301_emissions[1988]=4.7030971
Tue Mar 21 15:37:29 2023:DEBUG:setData: Setting halon1301_emissions[1989]=4.3864096
Tue Mar 21 15:37:29 2023:DEBUG:setData: Setting halon1301_emissions[1990]=4.2741531
Tue Mar 21 15:37:29 2023:DEBUG:setData: Setting halon1301_emissions[1991]=4.1585749
Tue Mar 21 15:37:29 2023:DEBUG:setData: Setting halon1301_emissions[1992]=3.8127392
Tue Mar 21 15:37:29 2023:DEBUG:setData: Setting halon1301_emissions[1993]=3.3180441
Tue Mar 21 15:37:29 2023:DEBUG:setData: Setting halon1301_emissions[1994]=2.9604627
Tue Mar 21 15:37:29 2023:DEBUG:setData: Setting halon1301_emissions[1995]=2.8923304
Tue Mar 21 15:37:29 2023:DEBUG:setData: Setting halon1301_emissions[1996]=2.8654227
Tue Mar 21 15:37:29 2023:DEBUG:setData: Setting halon1301_emissions[1997]=2.8566852
Tue Mar 21 15:37:29 2023:DEBUG:setData: Setting halon1301_emissions[1998]=2.701239
Tue Mar 21 15:37:29 2023:DEBUG:setData: Setting halon1301_emissions[1999]=2.1509855
Tue Mar 21 15:37:29 2023:DEBUG:setData: Setting halon1301_emissions[2000]=1.9694412
Tue Mar 21 15:37:29 2023:DEBUG:setData: Setting halon1301_emissions[2001]=2.3248261
Tue Mar 21 15:37:29 2023:DEBUG:setData: Setting halon1301_emissions[2002]=2.2797577
Tue Mar 21 15:37:29 2023:DEBUG:setData: Setting halon1301_emissions[2003]=2.0262772
Tue Mar 21 15:37:29 2023:DEBUG:setData: Setting halon1301_emissions[2004]=2.1192661
Tue Mar 21 15:37:29 2023:DEBUG:setData: Setting halon1301_emissions[2005]=1.8947828
Tue Mar 21 15:37:29 2023:DEBUG:setData: Setting halon1301_emissions[2006]=1.5902358
Tue Mar 21 15:37:29 2023:DEBUG:setData: Setting halon1301_emissions[2007]=1.7021554
Tue Mar 21 15:37:29 2023:DEBUG:setData: Setting halon1301_emissions[2008]=1.6171325
Tue Mar 21 15:37:29 2023:DEBUG:setData: Setting halon1301_emissions[2009]=1.7272846
Tue Mar 21 15:37:29 2023:DEBUG:setData: Setting halon1301_emissions[2010]=1.8511656
Tue Mar 21 15:37:29 2023:DEBUG:setData: Setting halon1301_emissions[2011]=2.096153
Tue Mar 21 15:37:29 2023:DEBUG:setData: Setting halon1301_emissions[2012]=1.7328717
Tue Mar 21 15:37:29 2023:DEBUG:setData: Setting halon1301_emissions[2013]=0.96258078
Tue Mar 21 15:37:29 2023:DEBUG:setData: Setting halon1301_emissions[2014]=1.2299
Tue Mar 21 15:37:29 2023:DEBUG:setData: Setting halon1301_emissions[2015]=1.3378
Tue Mar 21 15:37:29 2023:DEBUG:setData: Setting halon1301_emissions[2016]=1.29166
Tue Mar 21 15:37:29 2023:DEBUG:setData: Setting halon1301_emissions[2017]=1.24552
Tue Mar 21 15:37:29 2023:DEBUG:setData: Setting halon1301_emissions[2018]=1.19938
Tue Mar 21 15:37:29 2023:DEBUG:setData: Setting halon1301_emissions[2019]=1.15324
Tue Mar 21 15:37:29 2023:DEBUG:setData: Setting halon1301_emissions[2020]=1.1071
Tue Mar 21 15:37:29 2023:DEBUG:setData: Setting halon1301_emissions[2021]=1.07222
Tue Mar 21 15:37:29 2023:DEBUG:setData: Setting halon1301_emissions[2022]=1.03734
Tue Mar 21 15:37:29 2023:DEBUG:setData: Setting halon1301_emissions[2023]=1.00246
Tue Mar 21 15:37:29 2023:DEBUG:setData: Setting halon1301_emissions[2024]=0.96758
Tue Mar 21 15:37:29 2023:DEBUG:setData: Setting halon1301_emissions[2025]=0.9327
Tue Mar 21 15:37:29 2023:DEBUG:setData: Setting halon1301_emissions[2026]=0.89782
Tue Mar 21 15:37:29 2023:DEBUG:setData: Setting halon1301_emissions[2027]=0.86294
Tue Mar 21 15:37:29 2023:DEBUG:setData: Setting halon1301_emissions[2028]=0.82806
Tue Mar 21 15:37:29 2023:DEBUG:setData: Setting halon1301_emissions[2029]=0.79318
Tue Mar 21 15:37:29 2023:DEBUG:setData: Setting halon1301_emissions[2030]=0.7583
Tue Mar 21 15:37:29 2023:DEBUG:setData: Setting halon1301_emissions[2031]=0.7344
Tue Mar 21 15:37:29 2023:DEBUG:setData: Setting halon1301_emissions[2032]=0.7105
Tue Mar 21 15:37:29 2023:DEBUG:setData: Setting halon1301_emissions[2033]=0.6866
Tue Mar 21 15:37:29 2023:DEBUG:setData: Setting halon1301_emissions[2034]=0.6627
Tue Mar 21 15:37:29 2023:DEBUG:setData: Setting halon1301_emissions[2035]=0.6388
Tue Mar 21 15:37:29 2023:DEBUG:setData: Setting halon1301_emissions[2036]=0.6149
Tue Mar 21 15:37:29 2023:DEBUG:setData: Setting halon1301_emissions[2037]=0.591
Tue Mar 21 15:37:29 2023:DEBUG:setData: Setting halon1301_emissions[2038]=0.5671
Tue Mar 21 15:37:29 2023:DEBUG:setData: Setting halon1301_emissions[2039]=0.5432
Tue Mar 21 15:37:29 2023:DEBUG:setData: Setting halon1301_emissions[2040]=0.5193
Tue Mar 21 15:37:29 2023:DEBUG:setData: Setting halon1301_emissions[2041]=0.50294
Tue Mar 21 15:37:29 2023:DEBUG:setData: Setting halon1301_emissions[2042]=0.48658
Tue Mar 21 15:37:29 2023:DEBUG:setData: Setting halon1301_emissions[2043]=0.47022
Tue Mar 21 15:37:29 2023:DEBUG:setData: Setting halon1301_emissions[2044]=0.45386
Tue Mar 21 15:37:29 2023:DEBUG:setData: Setting halon1301_emissions[2045]=0.4375
Tue Mar 21 15:37:29 2023:DEBUG:setData: Setting halon1301_emissions[2046]=0.42114
Tue Mar 21 15:37:29 2023:DEBUG:setData: Setting halon1301_emissions[2047]=0.40478
Tue Mar 21 15:37:29 2023:DEBUG:setData: Setting halon1301_emissions[2048]=0.38842
Tue Mar 21 15:37:29 2023:DEBUG:setData: Setting halon1301_emissions[2049]=0.37206
Tue Mar 21 15:37:29 2023:DEBUG:setData: Setting halon1301_emissions[2050]=0.3557
Tue Mar 21 15:37:29 2023:DEBUG:setData: Setting halon1301_emissions[2051]=0.34449
Tue Mar 21 15:37:29 2023:DEBUG:setData: Setting halon1301_emissions[2052]=0.33328
Tue Mar 21 15:37:29 2023:DEBUG:setData: Setting halon1301_emissions[2053]=0.32207
Tue Mar 21 15:37:29 2023:DEBUG:setData: Setting halon1301_emissions[2054]=0.31086
Tue Mar 21 15:37:29 2023:DEBUG:setData: Setting halon1301_emissions[2055]=0.29965
Tue Mar 21 15:37:29 2023:DEBUG:setData: Setting halon1301_emissions[2056]=0.28844
Tue Mar 21 15:37:29 2023:DEBUG:setData: Setting halon1301_emissions[2057]=0.27723
Tue Mar 21 15:37:29 2023:DEBUG:setData: Setting halon1301_emissions[2058]=0.26602
Tue Mar 21 15:37:29 2023:DEBUG:setData: Setting halon1301_emissions[2059]=0.25481
Tue Mar 21 15:37:29 2023:DEBUG:setData: Setting halon1301_emissions[2060]=0.2436
Tue Mar 21 15:37:29 2023:DEBUG:setData: Setting halon1301_emissions[2061]=0.23592
Tue Mar 21 15:37:29 2023:DEBUG:setData: Setting halon1301_emissions[2062]=0.22824
Tue Mar 21 15:37:29 2023:DEBUG:setData: Setting halon1301_emissions[2063]=0.22056
Tue Mar 21 15:37:29 2023:DEBUG:setData: Setting halon1301_emissions[2064]=0.21288
Tue Mar 21 15:37:29 2023:DEBUG:setData: Setting halon1301_emissions[2065]=0.2052
Tue Mar 21 15:37:29 2023:DEBUG:setData: Setting halon1301_emissions[2066]=0.19752
Tue Mar 21 15:37:29 2023:DEBUG:setData: Setting halon1301_emissions[2067]=0.18984
Tue Mar 21 15:37:29 2023:DEBUG:setData: Setting halon1301_emissions[2068]=0.18216
Tue Mar 21 15:37:29 2023:DEBUG:setData: Setting halon1301_emissions[2069]=0.17448
Tue Mar 21 15:37:29 2023:DEBUG:setData: Setting halon1301_emissions[2070]=0.1668
Tue Mar 21 15:37:29 2023:DEBUG:setData: Setting halon1301_emissions[2071]=0.16155
Tue Mar 21 15:37:29 2023:DEBUG:setData: Setting halon1301_emissions[2072]=0.1563
Tue Mar 21 15:37:29 2023:DEBUG:setData: Setting halon1301_emissions[2073]=0.15105
Tue Mar 21 15:37:29 2023:DEBUG:setData: Setting halon1301_emissions[2074]=0.1458
Tue Mar 21 15:37:29 2023:DEBUG:setData: Setting halon1301_emissions[2075]=0.14055
Tue Mar 21 15:37:29 2023:DEBUG:setData: Setting halon1301_emissions[2076]=0.1353
Tue Mar 21 15:37:29 2023:DEBUG:setData: Setting halon1301_emissions[2077]=0.13005
Tue Mar 21 15:37:29 2023:DEBUG:setData: Setting halon1301_emissions[2078]=0.1248
Tue Mar 21 15:37:29 2023:DEBUG:setData: Setting halon1301_emissions[2079]=0.11955
Tue Mar 21 15:37:29 2023:DEBUG:setData: Setting halon1301_emissions[2080]=0.1143
Tue Mar 21 15:37:29 2023:DEBUG:setData: Setting halon1301_emissions[2081]=0.1107
Tue Mar 21 15:37:29 2023:DEBUG:setData: Setting halon1301_emissions[2082]=0.1071
Tue Mar 21 15:37:29 2023:DEBUG:setData: Setting halon1301_emissions[2083]=0.1035
Tue Mar 21 15:37:29 2023:DEBUG:setData: Setting halon1301_emissions[2084]=0.0999
Tue Mar 21 15:37:29 2023:DEBUG:setData: Setting halon1301_emissions[2085]=0.0963
Tue Mar 21 15:37:29 2023:DEBUG:setData: Setting halon1301_emissions[2086]=0.0927
Tue Mar 21 15:37:29 2023:DEBUG:setData: Setting halon1301_emissions[2087]=0.0891
Tue Mar 21 15:37:29 2023:DEBUG:setData: Setting halon1301_emissions[2088]=0.0855
Tue Mar 21 15:37:29 2023:DEBUG:setData: Setting halon1301_emissions[2089]=0.0819
Tue Mar 21 15:37:29 2023:DEBUG:setData: Setting halon1301_emissions[2090]=0.0783
Tue Mar 21 15:37:29 2023:DEBUG:setData: Setting halon1301_emissions[2091]=0.07583
Tue Mar 21 15:37:29 2023:DEBUG:setData: Setting halon1301_emissions[2092]=0.07336
Tue Mar 21 15:37:29 2023:DEBUG:setData: Setting halon1301_emissions[2093]=0.07089
Tue Mar 21 15:37:29 2023:DEBUG:setData: Setting halon1301_emissions[2094]=0.06842
Tue Mar 21 15:37:29 2023:DEBUG:setData: Setting halon1301_emissions[2095]=0.06595
Tue Mar 21 15:37:29 2023:DEBUG:setData: Setting halon1301_emissions[2096]=0.06348
Tue Mar 21 15:37:29 2023:DEBUG:setData: Setting halon1301_emissions[2097]=0.06101
Tue Mar 21 15:37:29 2023:DEBUG:setData: Setting halon1301_emissions[2098]=0.05854
Tue Mar 21 15:37:29 2023:DEBUG:setData: Setting halon1301_emissions[2099]=0.05607
Tue Mar 21 15:37:29 2023:DEBUG:setData: Setting halon1301_emissions[2100]=0.0536
Tue Mar 21 15:37:29 2023:DEBUG:setData: Setting halon1301_emissions[2101]=0.053242667
Tue Mar 21 15:37:29 2023:DEBUG:setData: Setting halon1301_emissions[2102]=0.052885333
Tue Mar 21 15:37:29 2023:DEBUG:setData: Setting halon1301_emissions[2103]=0.052528
Tue Mar 21 15:37:29 2023:DEBUG:setData: Setting halon1301_emissions[2104]=0.052170667
Tue Mar 21 15:37:29 2023:DEBUG:setData: Setting halon1301_emissions[2105]=0.051813333
Tue Mar 21 15:37:29 2023:DEBUG:setData: Setting halon1301_emissions[2106]=0.051456
Tue Mar 21 15:37:29 2023:DEBUG:setData: Setting halon1301_emissions[2107]=0.051098667
Tue Mar 21 15:37:29 2023:DEBUG:setData: Setting halon1301_emissions[2108]=0.050741333
Tue Mar 21 15:37:29 2023:DEBUG:setData: Setting halon1301_emissions[2109]=0.050384
Tue Mar 21 15:37:29 2023:DEBUG:setData: Setting halon1301_emissions[2110]=0.050026667
Tue Mar 21 15:37:29 2023:DEBUG:setData: Setting halon1301_emissions[2111]=0.049669333
Tue Mar 21 15:37:29 2023:DEBUG:setData: Setting halon1301_emissions[2112]=0.049312
Tue Mar 21 15:37:29 2023:DEBUG:setData: Setting halon1301_emissions[2113]=0.048954667
Tue Mar 21 15:37:29 2023:DEBUG:setData: Setting halon1301_emissions[2114]=0.048597333
Tue Mar 21 15:37:29 2023:DEBUG:setData: Setting halon1301_emissions[2115]=0.04824
Tue Mar 21 15:37:29 2023:DEBUG:setData: Setting halon1301_emissions[2116]=0.047882667
Tue Mar 21 15:37:29 2023:DEBUG:setData: Setting halon1301_emissions[2117]=0.047525333
Tue Mar 21 15:37:29 2023:DEBUG:setData: Setting halon1301_emissions[2118]=0.047168
Tue Mar 21 15:37:29 2023:DEBUG:setData: Setting halon1301_emissions[2119]=0.046810667
Tue Mar 21 15:37:29 2023:DEBUG:setData: Setting halon1301_emissions[2120]=0.046453333
Tue Mar 21 15:37:29 2023:DEBUG:setData: Setting halon1301_emissions[2121]=0.046096
Tue Mar 21 15:37:29 2023:DEBUG:setData: Setting halon1301_emissions[2122]=0.045738667
Tue Mar 21 15:37:29 2023:DEBUG:setData: Setting halon1301_emissions[2123]=0.045381333
Tue Mar 21 15:37:29 2023:DEBUG:setData: Setting halon1301_emissions[2124]=0.045024
Tue Mar 21 15:37:29 2023:DEBUG:setData: Setting halon1301_emissions[2125]=0.044666667
Tue Mar 21 15:37:29 2023:DEBUG:setData: Setting halon1301_emissions[2126]=0.044309333
Tue Mar 21 15:37:29 2023:DEBUG:setData: Setting halon1301_emissions[2127]=0.043952
Tue Mar 21 15:37:29 2023:DEBUG:setData: Setting halon1301_emissions[2128]=0.043594667
Tue Mar 21 15:37:29 2023:DEBUG:setData: Setting halon1301_emissions[2129]=0.043237333
Tue Mar 21 15:37:29 2023:DEBUG:setData: Setting halon1301_emissions[2130]=0.04288
Tue Mar 21 15:37:29 2023:DEBUG:setData: Setting halon1301_emissions[2131]=0.042522667
Tue Mar 21 15:37:29 2023:DEBUG:setData: Setting halon1301_emissions[2132]=0.042165333
Tue Mar 21 15:37:29 2023:DEBUG:setData: Setting halon1301_emissions[2133]=0.041808
Tue Mar 21 15:37:29 2023:DEBUG:setData: Setting halon1301_emissions[2134]=0.041450667
Tue Mar 21 15:37:29 2023:DEBUG:setData: Setting halon1301_emissions[2135]=0.041093333
Tue Mar 21 15:37:29 2023:DEBUG:setData: Setting halon1301_emissions[2136]=0.040736
Tue Mar 21 15:37:29 2023:DEBUG:setData: Setting halon1301_emissions[2137]=0.040378667
Tue Mar 21 15:37:29 2023:DEBUG:setData: Setting halon1301_emissions[2138]=0.040021333
Tue Mar 21 15:37:29 2023:DEBUG:setData: Setting halon1301_emissions[2139]=0.039664
Tue Mar 21 15:37:29 2023:DEBUG:setData: Setting halon1301_emissions[2140]=0.039306667
Tue Mar 21 15:37:29 2023:DEBUG:setData: Setting halon1301_emissions[2141]=0.038949333
Tue Mar 21 15:37:29 2023:DEBUG:setData: Setting halon1301_emissions[2142]=0.038592
Tue Mar 21 15:37:29 2023:DEBUG:setData: Setting halon1301_emissions[2143]=0.038234667
Tue Mar 21 15:37:29 2023:DEBUG:setData: Setting halon1301_emissions[2144]=0.037877333
Tue Mar 21 15:37:29 2023:DEBUG:setData: Setting halon1301_emissions[2145]=0.03752
Tue Mar 21 15:37:29 2023:DEBUG:setData: Setting halon1301_emissions[2146]=0.037162667
Tue Mar 21 15:37:29 2023:DEBUG:setData: Setting halon1301_emissions[2147]=0.036805333
Tue Mar 21 15:37:29 2023:DEBUG:setData: Setting halon1301_emissions[2148]=0.036448
Tue Mar 21 15:37:29 2023:DEBUG:setData: Setting halon1301_emissions[2149]=0.036090667
Tue Mar 21 15:37:29 2023:DEBUG:setData: Setting halon1301_emissions[2150]=0.035733333
Tue Mar 21 15:37:29 2023:DEBUG:setData: Setting halon1301_emissions[2151]=0.035376
Tue Mar 21 15:37:29 2023:DEBUG:setData: Setting halon1301_emissions[2152]=0.035018667
Tue Mar 21 15:37:29 2023:DEBUG:setData: Setting halon1301_emissions[2153]=0.034661333
Tue Mar 21 15:37:29 2023:DEBUG:setData: Setting halon1301_emissions[2154]=0.034304
Tue Mar 21 15:37:29 2023:DEBUG:setData: Setting halon1301_emissions[2155]=0.033946667
Tue Mar 21 15:37:29 2023:DEBUG:setData: Setting halon1301_emissions[2156]=0.033589333
Tue Mar 21 15:37:29 2023:DEBUG:setData: Setting halon1301_emissions[2157]=0.033232
Tue Mar 21 15:37:29 2023:DEBUG:setData: Setting halon1301_emissions[2158]=0.032874667
Tue Mar 21 15:37:29 2023:DEBUG:setData: Setting halon1301_emissions[2159]=0.032517333
Tue Mar 21 15:37:29 2023:DEBUG:setData: Setting halon1301_emissions[2160]=0.03216
Tue Mar 21 15:37:29 2023:DEBUG:setData: Setting halon1301_emissions[2161]=0.031802667
Tue Mar 21 15:37:29 2023:DEBUG:setData: Setting halon1301_emissions[2162]=0.031445333
Tue Mar 21 15:37:29 2023:DEBUG:setData: Setting halon1301_emissions[2163]=0.031088
Tue Mar 21 15:37:29 2023:DEBUG:setData: Setting halon1301_emissions[2164]=0.030730667
Tue Mar 21 15:37:29 2023:DEBUG:setData: Setting halon1301_emissions[2165]=0.030373333
Tue Mar 21 15:37:29 2023:DEBUG:setData: Setting halon1301_emissions[2166]=0.030016
Tue Mar 21 15:37:29 2023:DEBUG:setData: Setting halon1301_emissions[2167]=0.029658667
Tue Mar 21 15:37:29 2023:DEBUG:setData: Setting halon1301_emissions[2168]=0.029301333
Tue Mar 21 15:37:29 2023:DEBUG:setData: Setting halon1301_emissions[2169]=0.028944
Tue Mar 21 15:37:29 2023:DEBUG:setData: Setting halon1301_emissions[2170]=0.028586667
Tue Mar 21 15:37:29 2023:DEBUG:setData: Setting halon1301_emissions[2171]=0.028229333
Tue Mar 21 15:37:29 2023:DEBUG:setData: Setting halon1301_emissions[2172]=0.027872
Tue Mar 21 15:37:29 2023:DEBUG:setData: Setting halon1301_emissions[2173]=0.027514667
Tue Mar 21 15:37:29 2023:DEBUG:setData: Setting halon1301_emissions[2174]=0.027157333
Tue Mar 21 15:37:29 2023:DEBUG:setData: Setting halon1301_emissions[2175]=0.0268
Tue Mar 21 15:37:29 2023:DEBUG:setData: Setting halon1301_emissions[2176]=0.026442667
Tue Mar 21 15:37:29 2023:DEBUG:setData: Setting halon1301_emissions[2177]=0.026085333
Tue Mar 21 15:37:29 2023:DEBUG:setData: Setting halon1301_emissions[2178]=0.025728
Tue Mar 21 15:37:29 2023:DEBUG:setData: Setting halon1301_emissions[2179]=0.025370667
Tue Mar 21 15:37:29 2023:DEBUG:setData: Setting halon1301_emissions[2180]=0.025013333
Tue Mar 21 15:37:29 2023:DEBUG:setData: Setting halon1301_emissions[2181]=0.024656
Tue Mar 21 15:37:29 2023:DEBUG:setData: Setting halon1301_emissions[2182]=0.024298667
Tue Mar 21 15:37:29 2023:DEBUG:setData: Setting halon1301_emissions[2183]=0.023941333
Tue Mar 21 15:37:29 2023:DEBUG:setData: Setting halon1301_emissions[2184]=0.023584
Tue Mar 21 15:37:29 2023:DEBUG:setData: Setting halon1301_emissions[2185]=0.023226667
Tue Mar 21 15:37:29 2023:DEBUG:setData: Setting halon1301_emissions[2186]=0.022869333
Tue Mar 21 15:37:29 2023:DEBUG:setData: Setting halon1301_emissions[2187]=0.022512
Tue Mar 21 15:37:29 2023:DEBUG:setData: Setting halon1301_emissions[2188]=0.022154667
Tue Mar 21 15:37:29 2023:DEBUG:setData: Setting halon1301_emissions[2189]=0.021797333
Tue Mar 21 15:37:29 2023:DEBUG:setData: Setting halon1301_emissions[2190]=0.02144
Tue Mar 21 15:37:29 2023:DEBUG:setData: Setting halon1301_emissions[2191]=0.021082667
Tue Mar 21 15:37:29 2023:DEBUG:setData: Setting halon1301_emissions[2192]=0.020725333
Tue Mar 21 15:37:29 2023:DEBUG:setData: Setting halon1301_emissions[2193]=0.020368
Tue Mar 21 15:37:29 2023:DEBUG:setData: Setting halon1301_emissions[2194]=0.020010667
Tue Mar 21 15:37:29 2023:DEBUG:setData: Setting halon1301_emissions[2195]=0.019653333
Tue Mar 21 15:37:29 2023:DEBUG:setData: Setting halon1301_emissions[2196]=0.019296
Tue Mar 21 15:37:29 2023:DEBUG:setData: Setting halon1301_emissions[2197]=0.018938667
Tue Mar 21 15:37:29 2023:DEBUG:setData: Setting halon1301_emissions[2198]=0.018581333
Tue Mar 21 15:37:29 2023:DEBUG:setData: Setting halon1301_emissions[2199]=0.018224
Tue Mar 21 15:37:29 2023:DEBUG:setData: Setting halon1301_emissions[2200]=0.017866667
Tue Mar 21 15:37:29 2023:DEBUG:setData: Setting halon1301_emissions[2201]=0.017509333
Tue Mar 21 15:37:29 2023:DEBUG:setData: Setting halon1301_emissions[2202]=0.017152
Tue Mar 21 15:37:29 2023:DEBUG:setData: Setting halon1301_emissions[2203]=0.016794667
Tue Mar 21 15:37:29 2023:DEBUG:setData: Setting halon1301_emissions[2204]=0.016437333
Tue Mar 21 15:37:29 2023:DEBUG:setData: Setting halon1301_emissions[2205]=0.01608
Tue Mar 21 15:37:29 2023:DEBUG:setData: Setting halon1301_emissions[2206]=0.015722667
Tue Mar 21 15:37:29 2023:DEBUG:setData: Setting halon1301_emissions[2207]=0.015365333
Tue Mar 21 15:37:29 2023:DEBUG:setData: Setting halon1301_emissions[2208]=0.015008
Tue Mar 21 15:37:29 2023:DEBUG:setData: Setting halon1301_emissions[2209]=0.014650667
Tue Mar 21 15:37:29 2023:DEBUG:setData: Setting halon1301_emissions[2210]=0.014293333
Tue Mar 21 15:37:29 2023:DEBUG:setData: Setting halon1301_emissions[2211]=0.013936
Tue Mar 21 15:37:29 2023:DEBUG:setData: Setting halon1301_emissions[2212]=0.013578667
Tue Mar 21 15:37:29 2023:DEBUG:setData: Setting halon1301_emissions[2213]=0.013221333
Tue Mar 21 15:37:29 2023:DEBUG:setData: Setting halon1301_emissions[2214]=0.012864
Tue Mar 21 15:37:29 2023:DEBUG:setData: Setting halon1301_emissions[2215]=0.012506667
Tue Mar 21 15:37:29 2023:DEBUG:setData: Setting halon1301_emissions[2216]=0.012149333
Tue Mar 21 15:37:29 2023:DEBUG:setData: Setting halon1301_emissions[2217]=0.011792
Tue Mar 21 15:37:29 2023:DEBUG:setData: Setting halon1301_emissions[2218]=0.011434667
Tue Mar 21 15:37:29 2023:DEBUG:setData: Setting halon1301_emissions[2219]=0.011077333
Tue Mar 21 15:37:29 2023:DEBUG:setData: Setting halon1301_emissions[2220]=0.01072
Tue Mar 21 15:37:29 2023:DEBUG:setData: Setting halon1301_emissions[2221]=0.010362667
Tue Mar 21 15:37:29 2023:DEBUG:setData: Setting halon1301_emissions[2222]=0.010005333
Tue Mar 21 15:37:29 2023:DEBUG:setData: Setting halon1301_emissions[2223]=0.009648
Tue Mar 21 15:37:29 2023:DEBUG:setData: Setting halon1301_emissions[2224]=0.009290667
Tue Mar 21 15:37:29 2023:DEBUG:setData: Setting halon1301_emissions[2225]=0.008933333
Tue Mar 21 15:37:29 2023:DEBUG:setData: Setting halon1301_emissions[2226]=0.008576
Tue Mar 21 15:37:29 2023:DEBUG:setData: Setting halon1301_emissions[2227]=0.008218667
Tue Mar 21 15:37:29 2023:DEBUG:setData: Setting halon1301_emissions[2228]=0.007861333
Tue Mar 21 15:37:29 2023:DEBUG:setData: Setting halon1301_emissions[2229]=0.007504
Tue Mar 21 15:37:29 2023:DEBUG:setData: Setting halon1301_emissions[2230]=0.007146667
Tue Mar 21 15:37:29 2023:DEBUG:setData: Setting halon1301_emissions[2231]=0.006789333
Tue Mar 21 15:37:29 2023:DEBUG:setData: Setting halon1301_emissions[2232]=0.006432
Tue Mar 21 15:37:29 2023:DEBUG:setData: Setting halon1301_emissions[2233]=0.006074667
Tue Mar 21 15:37:29 2023:DEBUG:setData: Setting halon1301_emissions[2234]=0.005717333
Tue Mar 21 15:37:29 2023:DEBUG:setData: Setting halon1301_emissions[2235]=0.00536
Tue Mar 21 15:37:29 2023:DEBUG:setData: Setting halon1301_emissions[2236]=0.005002667
Tue Mar 21 15:37:29 2023:DEBUG:setData: Setting halon1301_emissions[2237]=0.004645333
Tue Mar 21 15:37:29 2023:DEBUG:setData: Setting halon1301_emissions[2238]=0.004288
Tue Mar 21 15:37:29 2023:DEBUG:setData: Setting halon1301_emissions[2239]=0.003930667
Tue Mar 21 15:37:29 2023:DEBUG:setData: Setting halon1301_emissions[2240]=0.003573333
Tue Mar 21 15:37:29 2023:DEBUG:setData: Setting halon1301_emissions[2241]=0.003216
Tue Mar 21 15:37:29 2023:DEBUG:setData: Setting halon1301_emissions[2242]=0.002858667
Tue Mar 21 15:37:29 2023:DEBUG:setData: Setting halon1301_emissions[2243]=0.002501333
Tue Mar 21 15:37:29 2023:DEBUG:setData: Setting halon1301_emissions[2244]=0.002144
Tue Mar 21 15:37:29 2023:DEBUG:setData: Setting halon1301_emissions[2245]=0.001786667
Tue Mar 21 15:37:29 2023:DEBUG:setData: Setting halon1301_emissions[2246]=0.001429333
Tue Mar 21 15:37:29 2023:DEBUG:setData: Setting halon1301_emissions[2247]=0.001072
Tue Mar 21 15:37:29 2023:DEBUG:setData: Setting halon1301_emissions[2248]=0.000714667
Tue Mar 21 15:37:29 2023:DEBUG:setData: Setting halon1301_emissions[2249]=0.000357333
Tue Mar 21 15:37:29 2023:DEBUG:setData: Setting halon1301_emissions[2250]=0
Tue Mar 21 15:37:29 2023:DEBUG:setData: Setting halon1301_emissions[2251]=0
Tue Mar 21 15:37:29 2023:DEBUG:setData: Setting halon1301_emissions[2252]=0
Tue Mar 21 15:37:29 2023:DEBUG:setData: Setting halon1301_emissions[2253]=0
Tue Mar 21 15:37:29 2023:DEBUG:setData: Setting halon1301_emissions[2254]=0
Tue Mar 21 15:37:29 2023:DEBUG:setData: Setting halon1301_emissions[2255]=0
Tue Mar 21 15:37:29 2023:DEBUG:setData: Setting halon1301_emissions[2256]=0
Tue Mar 21 15:37:29 2023:DEBUG:setData: Setting halon1301_emissions[2257]=0
Tue Mar 21 15:37:29 2023:DEBUG:setData: Setting halon1301_emissions[2258]=0
Tue Mar 21 15:37:29 2023:DEBUG:setData: Setting halon1301_emissions[2259]=0
Tue Mar 21 15:37:29 2023:DEBUG:setData: Setting halon1301_emissions[2260]=0
Tue Mar 21 15:37:29 2023:DEBUG:setData: Setting halon1301_emissions[2261]=0
Tue Mar 21 15:37:29 2023:DEBUG:setData: Setting halon1301_emissions[2262]=0
Tue Mar 21 15:37:29 2023:DEBUG:setData: Setting halon1301_emissions[2263]=0
Tue Mar 21 15:37:29 2023:DEBUG:setData: Setting halon1301_emissions[2264]=0
Tue Mar 21 15:37:29 2023:DEBUG:setData: Setting halon1301_emissions[2265]=0
Tue Mar 21 15:37:29 2023:DEBUG:setData: Setting halon1301_emissions[2266]=0
Tue Mar 21 15:37:29 2023:DEBUG:setData: Setting halon1301_emissions[2267]=0
Tue Mar 21 15:37:29 2023:DEBUG:setData: Setting halon1301_emissions[2268]=0
Tue Mar 21 15:37:29 2023:DEBUG:setData: Setting halon1301_emissions[2269]=0
Tue Mar 21 15:37:29 2023:DEBUG:setData: Setting halon1301_emissions[2270]=0
Tue Mar 21 15:37:29 2023:DEBUG:setData: Setting halon1301_emissions[2271]=0
Tue Mar 21 15:37:29 2023:DEBUG:setData: Setting halon1301_emissions[2272]=0
Tue Mar 21 15:37:29 2023:DEBUG:setData: Setting halon1301_emissions[2273]=0
Tue Mar 21 15:37:29 2023:DEBUG:setData: Setting halon1301_emissions[2274]=0
Tue Mar 21 15:37:29 2023:DEBUG:setData: Setting halon1301_emissions[2275]=0
Tue Mar 21 15:37:29 2023:DEBUG:setData: Setting halon1301_emissions[2276]=0
Tue Mar 21 15:37:29 2023:DEBUG:setData: Setting halon1301_emissions[2277]=0
Tue Mar 21 15:37:29 2023:DEBUG:setData: Setting halon1301_emissions[2278]=0
Tue Mar 21 15:37:29 2023:DEBUG:setData: Setting halon1301_emissions[2279]=0
Tue Mar 21 15:37:29 2023:DEBUG:setData: Setting halon1301_emissions[2280]=0
Tue Mar 21 15:37:29 2023:DEBUG:setData: Setting halon1301_emissions[2281]=0
Tue Mar 21 15:37:29 2023:DEBUG:setData: Setting halon1301_emissions[2282]=0
Tue Mar 21 15:37:29 2023:DEBUG:setData: Setting halon1301_emissions[2283]=0
Tue Mar 21 15:37:29 2023:DEBUG:setData: Setting halon1301_emissions[2284]=0
Tue Mar 21 15:37:29 2023:DEBUG:setData: Setting halon1301_emissions[2285]=0
Tue Mar 21 15:37:29 2023:DEBUG:setData: Setting halon1301_emissions[2286]=0
Tue Mar 21 15:37:29 2023:DEBUG:setData: Setting halon1301_emissions[2287]=0
Tue Mar 21 15:37:29 2023:DEBUG:setData: Setting halon1301_emissions[2288]=0
Tue Mar 21 15:37:29 2023:DEBUG:setData: Setting halon1301_emissions[2289]=0
Tue Mar 21 15:37:29 2023:DEBUG:setData: Setting halon1301_emissions[2290]=0
Tue Mar 21 15:37:29 2023:DEBUG:setData: Setting halon1301_emissions[2291]=0
Tue Mar 21 15:37:29 2023:DEBUG:setData: Setting halon1301_emissions[2292]=0
Tue Mar 21 15:37:29 2023:DEBUG:setData: Setting halon1301_emissions[2293]=0
Tue Mar 21 15:37:29 2023:DEBUG:setData: Setting halon1301_emissions[2294]=0
Tue Mar 21 15:37:29 2023:DEBUG:setData: Setting halon1301_emissions[2295]=0
Tue Mar 21 15:37:29 2023:DEBUG:setData: Setting halon1301_emissions[2296]=0
Tue Mar 21 15:37:29 2023:DEBUG:setData: Setting halon1301_emissions[2297]=0
Tue Mar 21 15:37:29 2023:DEBUG:setData: Setting halon1301_emissions[2298]=0
Tue Mar 21 15:37:29 2023:DEBUG:setData: Setting halon1301_emissions[2299]=0
Tue Mar 21 15:37:29 2023:DEBUG:setData: Setting halon1301_emissions[2300]=0
Tue Mar 21 15:37:29 2023:DEBUG:setData: Setting halon1301_emissions[2301]=0
Tue Mar 21 15:37:29 2023:DEBUG:setData: Setting halon1301_emissions[2302]=0
Tue Mar 21 15:37:29 2023:DEBUG:setData: Setting halon1301_emissions[2303]=0
Tue Mar 21 15:37:29 2023:DEBUG:setData: Setting halon1301_emissions[2304]=0
Tue Mar 21 15:37:29 2023:DEBUG:setData: Setting halon1301_emissions[2305]=0
Tue Mar 21 15:37:29 2023:DEBUG:setData: Setting halon1301_emissions[2306]=0
Tue Mar 21 15:37:29 2023:DEBUG:setData: Setting halon1301_emissions[2307]=0
Tue Mar 21 15:37:29 2023:DEBUG:setData: Setting halon1301_emissions[2308]=0
Tue Mar 21 15:37:29 2023:DEBUG:setData: Setting halon1301_emissions[2309]=0
Tue Mar 21 15:37:29 2023:DEBUG:setData: Setting halon1301_emissions[2310]=0
Tue Mar 21 15:37:29 2023:DEBUG:setData: Setting halon1301_emissions[2311]=0
Tue Mar 21 15:37:29 2023:DEBUG:setData: Setting halon1301_emissions[2312]=0
Tue Mar 21 15:37:29 2023:DEBUG:setData: Setting halon1301_emissions[2313]=0
Tue Mar 21 15:37:29 2023:DEBUG:setData: Setting halon1301_emissions[2314]=0
Tue Mar 21 15:37:29 2023:DEBUG:setData: Setting halon1301_emissions[2315]=0
Tue Mar 21 15:37:29 2023:DEBUG:setData: Setting halon1301_emissions[2316]=0
Tue Mar 21 15:37:29 2023:DEBUG:setData: Setting halon1301_emissions[2317]=0
Tue Mar 21 15:37:29 2023:DEBUG:setData: Setting halon1301_emissions[2318]=0
Tue Mar 21 15:37:29 2023:DEBUG:setData: Setting halon1301_emissions[2319]=0
Tue Mar 21 15:37:29 2023:DEBUG:setData: Setting halon1301_emissions[2320]=0
Tue Mar 21 15:37:29 2023:DEBUG:setData: Setting halon1301_emissions[2321]=0
Tue Mar 21 15:37:29 2023:DEBUG:setData: Setting halon1301_emissions[2322]=0
Tue Mar 21 15:37:29 2023:DEBUG:setData: Setting halon1301_emissions[2323]=0
Tue Mar 21 15:37:29 2023:DEBUG:setData: Setting halon1301_emissions[2324]=0
Tue Mar 21 15:37:29 2023:DEBUG:setData: Setting halon1301_emissions[2325]=0
Tue Mar 21 15:37:29 2023:DEBUG:setData: Setting halon1301_emissions[2326]=0
Tue Mar 21 15:37:29 2023:DEBUG:setData: Setting halon1301_emissions[2327]=0
Tue Mar 21 15:37:29 2023:DEBUG:setData: Setting halon1301_emissions[2328]=0
Tue Mar 21 15:37:29 2023:DEBUG:setData: Setting halon1301_emissions[2329]=0
Tue Mar 21 15:37:29 2023:DEBUG:setData: Setting halon1301_emissions[2330]=0
Tue Mar 21 15:37:29 2023:DEBUG:setData: Setting halon1301_emissions[2331]=0
Tue Mar 21 15:37:29 2023:DEBUG:setData: Setting halon1301_emissions[2332]=0
Tue Mar 21 15:37:29 2023:DEBUG:setData: Setting halon1301_emissions[2333]=0
Tue Mar 21 15:37:29 2023:DEBUG:setData: Setting halon1301_emissions[2334]=0
Tue Mar 21 15:37:29 2023:DEBUG:setData: Setting halon1301_emissions[2335]=0
Tue Mar 21 15:37:29 2023:DEBUG:setData: Setting halon1301_emissions[2336]=0
Tue Mar 21 15:37:29 2023:DEBUG:setData: Setting halon1301_emissions[2337]=0
Tue Mar 21 15:37:29 2023:DEBUG:setData: Setting halon1301_emissions[2338]=0
Tue Mar 21 15:37:29 2023:DEBUG:setData: Setting halon1301_emissions[2339]=0
Tue Mar 21 15:37:29 2023:DEBUG:setData: Setting halon1301_emissions[2340]=0
Tue Mar 21 15:37:29 2023:DEBUG:setData: Setting halon1301_emissions[2341]=0
Tue Mar 21 15:37:29 2023:DEBUG:setData: Setting halon1301_emissions[2342]=0
Tue Mar 21 15:37:29 2023:DEBUG:setData: Setting halon1301_emissions[2343]=0
Tue Mar 21 15:37:29 2023:DEBUG:setData: Setting halon1301_emissions[2344]=0
Tue Mar 21 15:37:29 2023:DEBUG:setData: Setting halon1301_emissions[2345]=0
Tue Mar 21 15:37:29 2023:DEBUG:setData: Setting halon1301_emissions[2346]=0
Tue Mar 21 15:37:29 2023:DEBUG:setData: Setting halon1301_emissions[2347]=0
Tue Mar 21 15:37:29 2023:DEBUG:setData: Setting halon1301_emissions[2348]=0
Tue Mar 21 15:37:29 2023:DEBUG:setData: Setting halon1301_emissions[2349]=0
Tue Mar 21 15:37:29 2023:DEBUG:setData: Setting halon1301_emissions[2350]=0
Tue Mar 21 15:37:29 2023:DEBUG:setData: Setting halon1301_emissions[2351]=0
Tue Mar 21 15:37:29 2023:DEBUG:setData: Setting halon1301_emissions[2352]=0
Tue Mar 21 15:37:29 2023:DEBUG:setData: Setting halon1301_emissions[2353]=0
Tue Mar 21 15:37:29 2023:DEBUG:setData: Setting halon1301_emissions[2354]=0
Tue Mar 21 15:37:29 2023:DEBUG:setData: Setting halon1301_emissions[2355]=0
Tue Mar 21 15:37:29 2023:DEBUG:setData: Setting halon1301_emissions[2356]=0
Tue Mar 21 15:37:29 2023:DEBUG:setData: Setting halon1301_emissions[2357]=0
Tue Mar 21 15:37:29 2023:DEBUG:setData: Setting halon1301_emissions[2358]=0
Tue Mar 21 15:37:29 2023:DEBUG:setData: Setting halon1301_emissions[2359]=0
Tue Mar 21 15:37:29 2023:DEBUG:setData: Setting halon1301_emissions[2360]=0
Tue Mar 21 15:37:29 2023:DEBUG:setData: Setting halon1301_emissions[2361]=0
Tue Mar 21 15:37:29 2023:DEBUG:setData: Setting halon1301_emissions[2362]=0
Tue Mar 21 15:37:29 2023:DEBUG:setData: Setting halon1301_emissions[2363]=0
Tue Mar 21 15:37:29 2023:DEBUG:setData: Setting halon1301_emissions[2364]=0
Tue Mar 21 15:37:29 2023:DEBUG:setData: Setting halon1301_emissions[2365]=0
Tue Mar 21 15:37:29 2023:DEBUG:setData: Setting halon1301_emissions[2366]=0
Tue Mar 21 15:37:29 2023:DEBUG:setData: Setting halon1301_emissions[2367]=0
Tue Mar 21 15:37:29 2023:DEBUG:setData: Setting halon1301_emissions[2368]=0
Tue Mar 21 15:37:29 2023:DEBUG:setData: Setting halon1301_emissions[2369]=0
Tue Mar 21 15:37:29 2023:DEBUG:setData: Setting halon1301_emissions[2370]=0
Tue Mar 21 15:37:29 2023:DEBUG:setData: Setting halon1301_emissions[2371]=0
Tue Mar 21 15:37:29 2023:DEBUG:setData: Setting halon1301_emissions[2372]=0
Tue Mar 21 15:37:29 2023:DEBUG:setData: Setting halon1301_emissions[2373]=0
Tue Mar 21 15:37:29 2023:DEBUG:setData: Setting halon1301_emissions[2374]=0
Tue Mar 21 15:37:29 2023:DEBUG:setData: Setting halon1301_emissions[2375]=0
Tue Mar 21 15:37:29 2023:DEBUG:setData: Setting halon1301_emissions[2376]=0
Tue Mar 21 15:37:29 2023:DEBUG:setData: Setting halon1301_emissions[2377]=0
Tue Mar 21 15:37:29 2023:DEBUG:setData: Setting halon1301_emissions[2378]=0
Tue Mar 21 15:37:29 2023:DEBUG:setData: Setting halon1301_emissions[2379]=0
Tue Mar 21 15:37:29 2023:DEBUG:setData: Setting halon1301_emissions[2380]=0
Tue Mar 21 15:37:29 2023:DEBUG:setData: Setting halon1301_emissions[2381]=0
Tue Mar 21 15:37:29 2023:DEBUG:setData: Setting halon1301_emissions[2382]=0
Tue Mar 21 15:37:29 2023:DEBUG:setData: Setting halon1301_emissions[2383]=0
Tue Mar 21 15:37:29 2023:DEBUG:setData: Setting halon1301_emissions[2384]=0
Tue Mar 21 15:37:29 2023:DEBUG:setData: Setting halon1301_emissions[2385]=0
Tue Mar 21 15:37:29 2023:DEBUG:setData: Setting halon1301_emissions[2386]=0
Tue Mar 21 15:37:29 2023:DEBUG:setData: Setting halon1301_emissions[2387]=0
Tue Mar 21 15:37:29 2023:DEBUG:setData: Setting halon1301_emissions[2388]=0
Tue Mar 21 15:37:29 2023:DEBUG:setData: Setting halon1301_emissions[2389]=0
Tue Mar 21 15:37:29 2023:DEBUG:setData: Setting halon1301_emissions[2390]=0
Tue Mar 21 15:37:29 2023:DEBUG:setData: Setting halon1301_emissions[2391]=0
Tue Mar 21 15:37:29 2023:DEBUG:setData: Setting halon1301_emissions[2392]=0
Tue Mar 21 15:37:29 2023:DEBUG:setData: Setting halon1301_emissions[2393]=0
Tue Mar 21 15:37:29 2023:DEBUG:setData: Setting halon1301_emissions[2394]=0
Tue Mar 21 15:37:29 2023:DEBUG:setData: Setting halon1301_emissions[2395]=0
Tue Mar 21 15:37:29 2023:DEBUG:setData: Setting halon1301_emissions[2396]=0
Tue Mar 21 15:37:29 2023:DEBUG:setData: Setting halon1301_emissions[2397]=0
Tue Mar 21 15:37:29 2023:DEBUG:setData: Setting halon1301_emissions[2398]=0
Tue Mar 21 15:37:29 2023:DEBUG:setData: Setting halon1301_emissions[2399]=0
Tue Mar 21 15:37:29 2023:DEBUG:setData: Setting halon1301_emissions[2400]=0
Tue Mar 21 15:37:29 2023:DEBUG:setData: Setting halon1301_emissions[2401]=0
Tue Mar 21 15:37:29 2023:DEBUG:setData: Setting halon1301_emissions[2402]=0
Tue Mar 21 15:37:29 2023:DEBUG:setData: Setting halon1301_emissions[2403]=0
Tue Mar 21 15:37:29 2023:DEBUG:setData: Setting halon1301_emissions[2404]=0
Tue Mar 21 15:37:29 2023:DEBUG:setData: Setting halon1301_emissions[2405]=0
Tue Mar 21 15:37:29 2023:DEBUG:setData: Setting halon1301_emissions[2406]=0
Tue Mar 21 15:37:29 2023:DEBUG:setData: Setting halon1301_emissions[2407]=0
Tue Mar 21 15:37:29 2023:DEBUG:setData: Setting halon1301_emissions[2408]=0
Tue Mar 21 15:37:29 2023:DEBUG:setData: Setting halon1301_emissions[2409]=0
Tue Mar 21 15:37:29 2023:DEBUG:setData: Setting halon1301_emissions[2410]=0
Tue Mar 21 15:37:29 2023:DEBUG:setData: Setting halon1301_emissions[2411]=0
Tue Mar 21 15:37:29 2023:DEBUG:setData: Setting halon1301_emissions[2412]=0
Tue Mar 21 15:37:29 2023:DEBUG:setData: Setting halon1301_emissions[2413]=0
Tue Mar 21 15:37:29 2023:DEBUG:setData: Setting halon1301_emissions[2414]=0
Tue Mar 21 15:37:29 2023:DEBUG:setData: Setting halon1301_emissions[2415]=0
Tue Mar 21 15:37:29 2023:DEBUG:setData: Setting halon1301_emissions[2416]=0
Tue Mar 21 15:37:29 2023:DEBUG:setData: Setting halon1301_emissions[2417]=0
Tue Mar 21 15:37:29 2023:DEBUG:setData: Setting halon1301_emissions[2418]=0
Tue Mar 21 15:37:29 2023:DEBUG:setData: Setting halon1301_emissions[2419]=0
Tue Mar 21 15:37:29 2023:DEBUG:setData: Setting halon1301_emissions[2420]=0
Tue Mar 21 15:37:29 2023:DEBUG:setData: Setting halon1301_emissions[2421]=0
Tue Mar 21 15:37:29 2023:DEBUG:setData: Setting halon1301_emissions[2422]=0
Tue Mar 21 15:37:29 2023:DEBUG:setData: Setting halon1301_emissions[2423]=0
Tue Mar 21 15:37:29 2023:DEBUG:setData: Setting halon1301_emissions[2424]=0
Tue Mar 21 15:37:29 2023:DEBUG:setData: Setting halon1301_emissions[2425]=0
Tue Mar 21 15:37:29 2023:DEBUG:setData: Setting halon1301_emissions[2426]=0
Tue Mar 21 15:37:29 2023:DEBUG:setData: Setting halon1301_emissions[2427]=0
Tue Mar 21 15:37:29 2023:DEBUG:setData: Setting halon1301_emissions[2428]=0
Tue Mar 21 15:37:29 2023:DEBUG:setData: Setting halon1301_emissions[2429]=0
Tue Mar 21 15:37:29 2023:DEBUG:setData: Setting halon1301_emissions[2430]=0
Tue Mar 21 15:37:29 2023:DEBUG:setData: Setting halon1301_emissions[2431]=0
Tue Mar 21 15:37:29 2023:DEBUG:setData: Setting halon1301_emissions[2432]=0
Tue Mar 21 15:37:29 2023:DEBUG:setData: Setting halon1301_emissions[2433]=0
Tue Mar 21 15:37:29 2023:DEBUG:setData: Setting halon1301_emissions[2434]=0
Tue Mar 21 15:37:29 2023:DEBUG:setData: Setting halon1301_emissions[2435]=0
Tue Mar 21 15:37:29 2023:DEBUG:setData: Setting halon1301_emissions[2436]=0
Tue Mar 21 15:37:29 2023:DEBUG:setData: Setting halon1301_emissions[2437]=0
Tue Mar 21 15:37:29 2023:DEBUG:setData: Setting halon1301_emissions[2438]=0
Tue Mar 21 15:37:29 2023:DEBUG:setData: Setting halon1301_emissions[2439]=0
Tue Mar 21 15:37:29 2023:DEBUG:setData: Setting halon1301_emissions[2440]=0
Tue Mar 21 15:37:29 2023:DEBUG:setData: Setting halon1301_emissions[2441]=0
Tue Mar 21 15:37:29 2023:DEBUG:setData: Setting halon1301_emissions[2442]=0
Tue Mar 21 15:37:29 2023:DEBUG:setData: Setting halon1301_emissions[2443]=0
Tue Mar 21 15:37:29 2023:DEBUG:setData: Setting halon1301_emissions[2444]=0
Tue Mar 21 15:37:29 2023:DEBUG:setData: Setting halon1301_emissions[2445]=0
Tue Mar 21 15:37:29 2023:DEBUG:setData: Setting halon1301_emissions[2446]=0
Tue Mar 21 15:37:29 2023:DEBUG:setData: Setting halon1301_emissions[2447]=0
Tue Mar 21 15:37:29 2023:DEBUG:setData: Setting halon1301_emissions[2448]=0
Tue Mar 21 15:37:29 2023:DEBUG:setData: Setting halon1301_emissions[2449]=0
Tue Mar 21 15:37:29 2023:DEBUG:setData: Setting halon1301_emissions[2450]=0
Tue Mar 21 15:37:29 2023:DEBUG:setData: Setting halon1301_emissions[2451]=0
Tue Mar 21 15:37:29 2023:DEBUG:setData: Setting halon1301_emissions[2452]=0
Tue Mar 21 15:37:29 2023:DEBUG:setData: Setting halon1301_emissions[2453]=0
Tue Mar 21 15:37:29 2023:DEBUG:setData: Setting halon1301_emissions[2454]=0
Tue Mar 21 15:37:29 2023:DEBUG:setData: Setting halon1301_emissions[2455]=0
Tue Mar 21 15:37:29 2023:DEBUG:setData: Setting halon1301_emissions[2456]=0
Tue Mar 21 15:37:29 2023:DEBUG:setData: Setting halon1301_emissions[2457]=0
Tue Mar 21 15:37:29 2023:DEBUG:setData: Setting halon1301_emissions[2458]=0
Tue Mar 21 15:37:29 2023:DEBUG:setData: Setting halon1301_emissions[2459]=0
Tue Mar 21 15:37:29 2023:DEBUG:setData: Setting halon1301_emissions[2460]=0
Tue Mar 21 15:37:29 2023:DEBUG:setData: Setting halon1301_emissions[2461]=0
Tue Mar 21 15:37:29 2023:DEBUG:setData: Setting halon1301_emissions[2462]=0
Tue Mar 21 15:37:29 2023:DEBUG:setData: Setting halon1301_emissions[2463]=0
Tue Mar 21 15:37:29 2023:DEBUG:setData: Setting halon1301_emissions[2464]=0
Tue Mar 21 15:37:29 2023:DEBUG:setData: Setting halon1301_emissions[2465]=0
Tue Mar 21 15:37:29 2023:DEBUG:setData: Setting halon1301_emissions[2466]=0
Tue Mar 21 15:37:29 2023:DEBUG:setData: Setting halon1301_emissions[2467]=0
Tue Mar 21 15:37:29 2023:DEBUG:setData: Setting halon1301_emissions[2468]=0
Tue Mar 21 15:37:29 2023:DEBUG:setData: Setting halon1301_emissions[2469]=0
Tue Mar 21 15:37:29 2023:DEBUG:setData: Setting halon1301_emissions[2470]=0
Tue Mar 21 15:37:29 2023:DEBUG:setData: Setting halon1301_emissions[2471]=0
Tue Mar 21 15:37:29 2023:DEBUG:setData: Setting halon1301_emissions[2472]=0
Tue Mar 21 15:37:29 2023:DEBUG:setData: Setting halon1301_emissions[2473]=0
Tue Mar 21 15:37:29 2023:DEBUG:setData: Setting halon1301_emissions[2474]=0
Tue Mar 21 15:37:29 2023:DEBUG:setData: Setting halon1301_emissions[2475]=0
Tue Mar 21 15:37:29 2023:DEBUG:setData: Setting halon1301_emissions[2476]=0
Tue Mar 21 15:37:29 2023:DEBUG:setData: Setting halon1301_emissions[2477]=0
Tue Mar 21 15:37:29 2023:DEBUG:setData: Setting halon1301_emissions[2478]=0
Tue Mar 21 15:37:29 2023:DEBUG:setData: Setting halon1301_emissions[2479]=0
Tue Mar 21 15:37:29 2023:DEBUG:setData: Setting halon1301_emissions[2480]=0
Tue Mar 21 15:37:29 2023:DEBUG:setData: Setting halon1301_emissions[2481]=0
Tue Mar 21 15:37:29 2023:DEBUG:setData: Setting halon1301_emissions[2482]=0
Tue Mar 21 15:37:29 2023:DEBUG:setData: Setting halon1301_emissions[2483]=0
Tue Mar 21 15:37:29 2023:DEBUG:setData: Setting halon1301_emissions[2484]=0
Tue Mar 21 15:37:29 2023:DEBUG:setData: Setting halon1301_emissions[2485]=0
Tue Mar 21 15:37:29 2023:DEBUG:setData: Setting halon1301_emissions[2486]=0
Tue Mar 21 15:37:29 2023:DEBUG:setData: Setting halon1301_emissions[2487]=0
Tue Mar 21 15:37:29 2023:DEBUG:setData: Setting halon1301_emissions[2488]=0
Tue Mar 21 15:37:29 2023:DEBUG:setData: Setting halon1301_emissions[2489]=0
Tue Mar 21 15:37:29 2023:DEBUG:setData: Setting halon1301_emissions[2490]=0
Tue Mar 21 15:37:29 2023:DEBUG:setData: Setting halon1301_emissions[2491]=0
Tue Mar 21 15:37:29 2023:DEBUG:setData: Setting halon1301_emissions[2492]=0
Tue Mar 21 15:37:29 2023:DEBUG:setData: Setting halon1301_emissions[2493]=0
Tue Mar 21 15:37:29 2023:DEBUG:setData: Setting halon1301_emissions[2494]=0
Tue Mar 21 15:37:29 2023:DEBUG:setData: Setting halon1301_emissions[2495]=0
Tue Mar 21 15:37:29 2023:DEBUG:setData: Setting halon1301_emissions[2496]=0
Tue Mar 21 15:37:29 2023:DEBUG:setData: Setting halon1301_emissions[2497]=0
Tue Mar 21 15:37:29 2023:DEBUG:setData: Setting halon1301_emissions[2498]=0
Tue Mar 21 15:37:29 2023:DEBUG:setData: Setting halon1301_emissions[2499]=0
Tue Mar 21 15:37:29 2023:DEBUG:setData: Setting halon1301_emissions[2500]=0
Tue Mar 21 15:37:29 2023:DEBUG:setData: Setting molarMass[-1]=148.9
Tue Mar 21 15:37:29 2023:DEBUG:prepareToRun: prepareToRun 
Tue Mar 21 15:37:30 2023:DEBUG:run: date: 1746 concentration: 0 pptv
Tue Mar 21 15:37:30 2023:DEBUG:run: date: 1747 concentration: 0 pptv
Tue Mar 21 15:37:30 2023:DEBUG:run: date: 1748 concentration: 0 pptv
Tue Mar 21 15:37:30 2023:DEBUG:run: date: 1749 concentration: 0 pptv
Tue Mar 21 15:37:30 2023:DEBUG:run: date: 1750 concentration: 0 pptv
Tue Mar 21 15:37:30 2023:DEBUG:run: date: 1751 concentration: 0 pptv
Tue Mar 21 15:37:30 2023:DEBUG:run: date: 1752 concentration: 0 pptv
Tue Mar 21 15:37:30 2023:DEBUG:run: date: 1753 concentration: 0 pptv
Tue Mar 21 15:37:30 2023:DEBUG:run: date: 1754 concentration: 0 pptv
Tue Mar 21 15:37:30 2023:DEBUG:run: date: 1755 concentration: 0 pptv
Tue Mar 21 15:37:30 2023:DEBUG:run: date: 1756 concentration: 0 pptv
Tue Mar 21 15:37:30 2023:DEBUG:run: date: 1757 concentration: 0 pptv
Tue Mar 21 15:37:30 2023:DEBUG:run: date: 1758 concentration: 0 pptv
Tue Mar 21 15:37:30 2023:DEBUG:run: date: 1759 concentration: 0 pptv
Tue Mar 21 15:37:30 2023:DEBUG:run: date: 1760 concentration: 0 pptv
Tue Mar 21 15:37:30 2023:DEBUG:run: date: 1761 concentration: 0 pptv
Tue Mar 21 15:37:30 2023:DEBUG:run: date: 1762 concentration: 0 pptv
Tue Mar 21 15:37:30 2023:DEBUG:run: date: 1763 concentration: 0 pptv
Tue Mar 21 15:37:30 2023:DEBUG:run: date: 1764 concentration: 0 pptv
Tue Mar 21 15:37:30 2023:DEBUG:run: date: 1765 concentration: 0 pptv
Tue Mar 21 15:37:30 2023:DEBUG:run: date: 1766 concentration: 0 pptv
Tue Mar 21 15:37:30 2023:DEBUG:run: date: 1767 concentration: 0 pptv
Tue Mar 21 15:37:30 2023:DEBUG:run: date: 1768 concentration: 0 pptv
Tue Mar 21 15:37:30 2023:DEBUG:run: date: 1769 concentration: 0 pptv
Tue Mar 21 15:37:30 2023:DEBUG:run: date: 1770 concentration: 0 pptv
Tue Mar 21 15:37:30 2023:DEBUG:run: date: 1771 concentration: 0 pptv
Tue Mar 21 15:37:30 2023:DEBUG:run: date: 1772 concentration: 0 pptv
Tue Mar 21 15:37:30 2023:DEBUG:run: date: 1773 concentration: 0 pptv
Tue Mar 21 15:37:30 2023:DEBUG:run: date: 1774 concentration: 0 pptv
Tue Mar 21 15:37:30 2023:DEBUG:run: date: 1775 concentration: 0 pptv
Tue Mar 21 15:37:30 2023:DEBUG:run: date: 1776 concentration: 0 pptv
Tue Mar 21 15:37:30 2023:DEBUG:run: date: 1777 concentration: 0 pptv
Tue Mar 21 15:37:30 2023:DEBUG:run: date: 1778 concentration: 0 pptv
Tue Mar 21 15:37:30 2023:DEBUG:run: date: 1779 concentration: 0 pptv
Tue Mar 21 15:37:30 2023:DEBUG:run: date: 1780 concentration: 0 pptv
Tue Mar 21 15:37:30 2023:DEBUG:run: date: 1781 concentration: 0 pptv
Tue Mar 21 15:37:30 2023:DEBUG:run: date: 1782 concentration: 0 pptv
Tue Mar 21 15:37:30 2023:DEBUG:run: date: 1783 concentration: 0 pptv
Tue Mar 21 15:37:30 2023:DEBUG:run: date: 1784 concentration: 0 pptv
Tue Mar 21 15:37:30 2023:DEBUG:run: date: 1785 concentration: 0 pptv
Tue Mar 21 15:37:30 2023:DEBUG:run: date: 1786 concentration: 0 pptv
Tue Mar 21 15:37:30 2023:DEBUG:run: date: 1787 concentration: 0 pptv
Tue Mar 21 15:37:30 2023:DEBUG:run: date: 1788 concentration: 0 pptv
Tue Mar 21 15:37:30 2023:DEBUG:run: date: 1789 concentration: 0 pptv
Tue Mar 21 15:37:30 2023:DEBUG:run: date: 1790 concentration: 0 pptv
Tue Mar 21 15:37:30 2023:DEBUG:run: date: 1791 concentration: 0 pptv
Tue Mar 21 15:37:30 2023:DEBUG:run: date: 1792 concentration: 0 pptv
Tue Mar 21 15:37:30 2023:DEBUG:run: date: 1793 concentration: 0 pptv
Tue Mar 21 15:37:30 2023:DEBUG:run: date: 1794 concentration: 0 pptv
Tue Mar 21 15:37:30 2023:DEBUG:run: date: 1795 concentration: 0 pptv
Tue Mar 21 15:37:30 2023:DEBUG:run: date: 1796 concentration: 0 pptv
Tue Mar 21 15:37:30 2023:DEBUG:run: date: 1797 concentration: 0 pptv
Tue Mar 21 15:37:30 2023:DEBUG:run: date: 1798 concentration: 0 pptv
Tue Mar 21 15:37:30 2023:DEBUG:run: date: 1799 concentration: 0 pptv
Tue Mar 21 15:37:30 2023:DEBUG:run: date: 1800 concentration: 0 pptv
Tue Mar 21 15:37:30 2023:DEBUG:run: date: 1801 concentration: 0 pptv
Tue Mar 21 15:37:30 2023:DEBUG:run: date: 1802 concentration: 0 pptv
Tue Mar 21 15:37:30 2023:DEBUG:run: date: 1803 concentration: 0 pptv
Tue Mar 21 15:37:30 2023:DEBUG:run: date: 1804 concentration: 0 pptv
Tue Mar 21 15:37:30 2023:DEBUG:run: date: 1805 concentration: 0 pptv
Tue Mar 21 15:37:30 2023:DEBUG:run: date: 1806 concentration: 0 pptv
Tue Mar 21 15:37:30 2023:DEBUG:run: date: 1807 concentration: 0 pptv
Tue Mar 21 15:37:30 2023:DEBUG:run: date: 1808 concentration: 0 pptv
Tue Mar 21 15:37:30 2023:DEBUG:run: date: 1809 concentration: 0 pptv
Tue Mar 21 15:37:30 2023:DEBUG:run: date: 1810 concentration: 0 pptv
Tue Mar 21 15:37:30 2023:DEBUG:run: date: 1811 concentration: 0 pptv
Tue Mar 21 15:37:30 2023:DEBUG:run: date: 1812 concentration: 0 pptv
Tue Mar 21 15:37:30 2023:DEBUG:run: date: 1813 concentration: 0 pptv
Tue Mar 21 15:37:30 2023:DEBUG:run: date: 1814 concentration: 0 pptv
Tue Mar 21 15:37:30 2023:DEBUG:run: date: 1815 concentration: 0 pptv
Tue Mar 21 15:37:30 2023:DEBUG:run: date: 1816 concentration: 0 pptv
Tue Mar 21 15:37:30 2023:DEBUG:run: date: 1817 concentration: 0 pptv
Tue Mar 21 15:37:30 2023:DEBUG:run: date: 1818 concentration: 0 pptv
Tue Mar 21 15:37:30 2023:DEBUG:run: date: 1819 concentration: 0 pptv
Tue Mar 21 15:37:30 2023:DEBUG:run: date: 1820 concentration: 0 pptv
Tue Mar 21 15:37:30 2023:DEBUG:run: date: 1821 concentration: 0 pptv
Tue Mar 21 15:37:30 2023:DEBUG:run: date: 1822 concentration: 0 pptv
Tue Mar 21 15:37:30 2023:DEBUG:run: date: 1823 concentration: 0 pptv
Tue Mar 21 15:37:30 2023:DEBUG:run: date: 1824 concentration: 0 pptv
Tue Mar 21 15:37:30 2023:DEBUG:run: date: 1825 concentration: 0 pptv
Tue Mar 21 15:37:30 2023:DEBUG:run: date: 1826 concentration: 0 pptv
Tue Mar 21 15:37:30 2023:DEBUG:run: date: 1827 concentration: 0 pptv
Tue Mar 21 15:37:30 2023:DEBUG:run: date: 1828 concentration: 0 pptv
Tue Mar 21 15:37:30 2023:DEBUG:run: date: 1829 concentration: 0 pptv
Tue Mar 21 15:37:30 2023:DEBUG:run: date: 1830 concentration: 0 pptv
Tue Mar 21 15:37:30 2023:DEBUG:run: date: 1831 concentration: 0 pptv
Tue Mar 21 15:37:30 2023:DEBUG:run: date: 1832 concentration: 0 pptv
Tue Mar 21 15:37:30 2023:DEBUG:run: date: 1833 concentration: 0 pptv
Tue Mar 21 15:37:30 2023:DEBUG:run: date: 1834 concentration: 0 pptv
Tue Mar 21 15:37:30 2023:DEBUG:run: date: 1835 concentration: 0 pptv
Tue Mar 21 15:37:30 2023:DEBUG:run: date: 1836 concentration: 0 pptv
Tue Mar 21 15:37:30 2023:DEBUG:run: date: 1837 concentration: 0 pptv
Tue Mar 21 15:37:30 2023:DEBUG:run: date: 1838 concentration: 0 pptv
Tue Mar 21 15:37:30 2023:DEBUG:run: date: 1839 concentration: 0 pptv
Tue Mar 21 15:37:30 2023:DEBUG:run: date: 1840 concentration: 0 pptv
Tue Mar 21 15:37:30 2023:DEBUG:run: date: 1841 concentration: 0 pptv
Tue Mar 21 15:37:30 2023:DEBUG:run: date: 1842 concentration: 0 pptv
Tue Mar 21 15:37:30 2023:DEBUG:run: date: 1843 concentration: 0 pptv
Tue Mar 21 15:37:30 2023:DEBUG:run: date: 1844 concentration: 0 pptv
Tue Mar 21 15:37:30 2023:DEBUG:run: date: 1845 concentration: 0 pptv
Tue Mar 21 15:37:30 2023:DEBUG:run: date: 1846 concentration: 0 pptv
Tue Mar 21 15:37:30 2023:DEBUG:run: date: 1847 concentration: 0 pptv
Tue Mar 21 15:37:30 2023:DEBUG:run: date: 1848 concentration: 0 pptv
Tue Mar 21 15:37:30 2023:DEBUG:run: date: 1849 concentration: 0 pptv
Tue Mar 21 15:37:30 2023:DEBUG:run: date: 1850 concentration: 0 pptv
Tue Mar 21 15:37:30 2023:DEBUG:run: date: 1851 concentration: 0 pptv
Tue Mar 21 15:37:30 2023:DEBUG:run: date: 1852 concentration: 0 pptv
Tue Mar 21 15:37:30 2023:DEBUG:run: date: 1853 concentration: 0 pptv
Tue Mar 21 15:37:30 2023:DEBUG:run: date: 1854 concentration: 0 pptv
Tue Mar 21 15:37:30 2023:DEBUG:run: date: 1855 concentration: 0 pptv
Tue Mar 21 15:37:30 2023:DEBUG:run: date: 1856 concentration: 0 pptv
Tue Mar 21 15:37:30 2023:DEBUG:run: date: 1857 concentration: 0 pptv
Tue Mar 21 15:37:30 2023:DEBUG:run: date: 1858 concentration: 0 pptv
Tue Mar 21 15:37:30 2023:DEBUG:run: date: 1859 concentration: 0 pptv
Tue Mar 21 15:37:30 2023:DEBUG:run: date: 1860 concentration: 0 pptv
Tue Mar 21 15:37:30 2023:DEBUG:run: date: 1861 concentration: 0 pptv
Tue Mar 21 15:37:30 2023:DEBUG:run: date: 1862 concentration: 0 pptv
Tue Mar 21 15:37:30 2023:DEBUG:run: date: 1863 concentration: 0 pptv
Tue Mar 21 15:37:30 2023:DEBUG:run: date: 1864 concentration: 0 pptv
Tue Mar 21 15:37:30 2023:DEBUG:run: date: 1865 concentration: 0 pptv
Tue Mar 21 15:37:30 2023:DEBUG:run: date: 1866 concentration: 0 pptv
Tue Mar 21 15:37:30 2023:DEBUG:run: date: 1867 concentration: 0 pptv
Tue Mar 21 15:37:30 2023:DEBUG:run: date: 1868 concentration: 0 pptv
Tue Mar 21 15:37:30 2023:DEBUG:run: date: 1869 concentration: 0 pptv
Tue Mar 21 15:37:30 2023:DEBUG:run: date: 1870 concentration: 0 pptv
Tue Mar 21 15:37:30 2023:DEBUG:run: date: 1871 concentration: 0 pptv
Tue Mar 21 15:37:30 2023:DEBUG:run: date: 1872 concentration: 0 pptv
Tue Mar 21 15:37:30 2023:DEBUG:run: date: 1873 concentration: 0 pptv
Tue Mar 21 15:37:30 2023:DEBUG:run: date: 1874 concentration: 0 pptv
Tue Mar 21 15:37:30 2023:DEBUG:run: date: 1875 concentration: 0 pptv
Tue Mar 21 15:37:30 2023:DEBUG:run: date: 1876 concentration: 0 pptv
Tue Mar 21 15:37:30 2023:DEBUG:run: date: 1877 concentration: 0 pptv
Tue Mar 21 15:37:30 2023:DEBUG:run: date: 1878 concentration: 0 pptv
Tue Mar 21 15:37:30 2023:DEBUG:run: date: 1879 concentration: 0 pptv
Tue Mar 21 15:37:30 2023:DEBUG:run: date: 1880 concentration: 0 pptv
Tue Mar 21 15:37:30 2023:DEBUG:run: date: 1881 concentration: 0 pptv
Tue Mar 21 15:37:30 2023:DEBUG:run: date: 1882 concentration: 0 pptv
Tue Mar 21 15:37:30 2023:DEBUG:run: date: 1883 concentration: 0 pptv
Tue Mar 21 15:37:30 2023:DEBUG:run: date: 1884 concentration: 0 pptv
Tue Mar 21 15:37:30 2023:DEBUG:run: date: 1885 concentration: 0 pptv
Tue Mar 21 15:37:30 2023:DEBUG:run: date: 1886 concentration: 0 pptv
Tue Mar 21 15:37:30 2023:DEBUG:run: date: 1887 concentration: 0 pptv
Tue Mar 21 15:37:30 2023:DEBUG:run: date: 1888 concentration: 0 pptv
Tue Mar 21 15:37:30 2023:DEBUG:run: date: 1889 concentration: 0 pptv
Tue Mar 21 15:37:30 2023:DEBUG:run: date: 1890 concentration: 0 pptv
Tue Mar 21 15:37:30 2023:DEBUG:run: date: 1891 concentration: 0 pptv
Tue Mar 21 15:37:30 2023:DEBUG:run: date: 1892 concentration: 0 pptv
Tue Mar 21 15:37:30 2023:DEBUG:run: date: 1893 concentration: 0 pptv
Tue Mar 21 15:37:30 2023:DEBUG:run: date: 1894 concentration: 0 pptv
Tue Mar 21 15:37:30 2023:DEBUG:run: date: 1895 concentration: 0 pptv
Tue Mar 21 15:37:30 2023:DEBUG:run: date: 1896 concentration: 0 pptv
Tue Mar 21 15:37:30 2023:DEBUG:run: date: 1897 concentration: 0 pptv
Tue Mar 21 15:37:31 2023:DEBUG:run: date: 1898 concentration: 0 pptv
Tue Mar 21 15:37:31 2023:DEBUG:run: date: 1899 concentration: 0 pptv
Tue Mar 21 15:37:31 2023:DEBUG:run: date: 1900 concentration: 0 pptv
Tue Mar 21 15:37:31 2023:DEBUG:run: date: 1901 concentration: 0 pptv
Tue Mar 21 15:37:31 2023:DEBUG:run: date: 1902 concentration: 0 pptv
Tue Mar 21 15:37:31 2023:DEBUG:run: date: 1903 concentration: 0 pptv
Tue Mar 21 15:37:31 2023:DEBUG:run: date: 1904 concentration: 0 pptv
Tue Mar 21 15:37:31 2023:DEBUG:run: date: 1905 concentration: 0 pptv
Tue Mar 21 15:37:31 2023:DEBUG:run: date: 1906 concentration: 0 pptv
Tue Mar 21 15:37:31 2023:DEBUG:run: date: 1907 concentration: 0 pptv
Tue Mar 21 15:37:31 2023:DEBUG:run: date: 1908 concentration: 0 pptv
Tue Mar 21 15:37:31 2023:DEBUG:run: date: 1909 concentration: 0 pptv
Tue Mar 21 15:37:31 2023:DEBUG:run: date: 1910 concentration: 0 pptv
Tue Mar 21 15:37:31 2023:DEBUG:run: date: 1911 concentration: 0 pptv
Tue Mar 21 15:37:31 2023:DEBUG:run: date: 1912 concentration: 0 pptv
Tue Mar 21 15:37:31 2023:DEBUG:run: date: 1913 concentration: 0 pptv
Tue Mar 21 15:37:31 2023:DEBUG:run: date: 1914 concentration: 0 pptv
Tue Mar 21 15:37:31 2023:DEBUG:run: date: 1915 concentration: 0 pptv
Tue Mar 21 15:37:31 2023:DEBUG:run: date: 1916 concentration: 0 pptv
Tue Mar 21 15:37:31 2023:DEBUG:run: date: 1917 concentration: 0 pptv
Tue Mar 21 15:37:31 2023:DEBUG:run: date: 1918 concentration: 0 pptv
Tue Mar 21 15:37:31 2023:DEBUG:run: date: 1919 concentration: 0 pptv
Tue Mar 21 15:37:31 2023:DEBUG:run: date: 1920 concentration: 0 pptv
Tue Mar 21 15:37:31 2023:DEBUG:run: date: 1921 concentration: 0 pptv
Tue Mar 21 15:37:31 2023:DEBUG:run: date: 1922 concentration: 0 pptv
Tue Mar 21 15:37:31 2023:DEBUG:run: date: 1923 concentration: 0 pptv
Tue Mar 21 15:37:31 2023:DEBUG:run: date: 1924 concentration: 0 pptv
Tue Mar 21 15:37:31 2023:DEBUG:run: date: 1925 concentration: 0 pptv
Tue Mar 21 15:37:31 2023:DEBUG:run: date: 1926 concentration: 0 pptv
Tue Mar 21 15:37:31 2023:DEBUG:run: date: 1927 concentration: 0 pptv
Tue Mar 21 15:37:31 2023:DEBUG:run: date: 1928 concentration: 0 pptv
Tue Mar 21 15:37:31 2023:DEBUG:run: date: 1929 concentration: 0 pptv
Tue Mar 21 15:37:31 2023:DEBUG:run: date: 1930 concentration: 0 pptv
Tue Mar 21 15:37:31 2023:DEBUG:run: date: 1931 concentration: 0 pptv
Tue Mar 21 15:37:31 2023:DEBUG:run: date: 1932 concentration: 0 pptv
Tue Mar 21 15:37:31 2023:DEBUG:run: date: 1933 concentration: 0 pptv
Tue Mar 21 15:37:31 2023:DEBUG:run: date: 1934 concentration: 0 pptv
Tue Mar 21 15:37:31 2023:DEBUG:run: date: 1935 concentration: 0 pptv
Tue Mar 21 15:37:31 2023:DEBUG:run: date: 1936 concentration: 0 pptv
Tue Mar 21 15:37:31 2023:DEBUG:run: date: 1937 concentration: 0 pptv
Tue Mar 21 15:37:31 2023:DEBUG:run: date: 1938 concentration: 0 pptv
Tue Mar 21 15:37:31 2023:DEBUG:run: date: 1939 concentration: 0 pptv
Tue Mar 21 15:37:31 2023:DEBUG:run: date: 1940 concentration: 0 pptv
Tue Mar 21 15:37:31 2023:DEBUG:run: date: 1941 concentration: 0 pptv
Tue Mar 21 15:37:31 2023:DEBUG:run: date: 1942 concentration: 0 pptv
Tue Mar 21 15:37:31 2023:DEBUG:run: date: 1943 concentration: 0 pptv
Tue Mar 21 15:37:31 2023:DEBUG:run: date: 1944 concentration: 0 pptv
Tue Mar 21 15:37:31 2023:DEBUG:run: date: 1945 concentration: 0 pptv
Tue Mar 21 15:37:31 2023:DEBUG:run: date: 1946 concentration: 0 pptv
Tue Mar 21 15:37:31 2023:DEBUG:run: date: 1947 concentration: 0 pptv
Tue Mar 21 15:37:31 2023:DEBUG:run: date: 1948 concentration: 0 pptv
Tue Mar 21 15:37:31 2023:DEBUG:run: date: 1949 concentration: 0 pptv
Tue Mar 21 15:37:31 2023:DEBUG:run: date: 1950 concentration: 0 pptv
Tue Mar 21 15:37:31 2023:DEBUG:run: date: 1951 concentration: 0 pptv
Tue Mar 21 15:37:31 2023:DEBUG:run: date: 1952 concentration: 0 pptv
Tue Mar 21 15:37:31 2023:DEBUG:run: date: 1953 concentration: 0 pptv
Tue Mar 21 15:37:31 2023:DEBUG:run: date: 1954 concentration: 0 pptv
Tue Mar 21 15:37:31 2023:DEBUG:run: date: 1955 concentration: 0 pptv
Tue Mar 21 15:37:31 2023:DEBUG:run: date: 1956 concentration: 0 pptv
Tue Mar 21 15:37:31 2023:DEBUG:run: date: 1957 concentration: 0 pptv
Tue Mar 21 15:37:31 2023:DEBUG:run: date: 1958 concentration: 5.66484e-07 pptv
Tue Mar 21 15:37:31 2023:DEBUG:run: date: 1959 concentration: 5.08427e-06 pptv
Tue Mar 21 15:37:31 2023:DEBUG:run: date: 1960 concentration: 1.35492e-05 pptv
Tue Mar 21 15:37:31 2023:DEBUG:run: date: 1961 concentration: 2.25667e-05 pptv
Tue Mar 21 15:37:31 2023:DEBUG:run: date: 1962 concentration: 3.15711e-05 pptv
Tue Mar 21 15:37:31 2023:DEBUG:run: date: 1963 concentration: 4.41254e-05 pptv
Tue Mar 21 15:37:31 2023:DEBUG:run: date: 1964 concentration: 8.16014e-05 pptv
Tue Mar 21 15:37:31 2023:DEBUG:run: date: 1965 concentration: 0.000159615 pptv
Tue Mar 21 15:37:31 2023:DEBUG:run: date: 1966 concentration: 0.00027207 pptv
Tue Mar 21 15:37:31 2023:DEBUG:run: date: 1967 concentration: 0.000406918 pptv
Tue Mar 21 15:37:31 2023:DEBUG:run: date: 1968 concentration: 0.000605943 pptv
Tue Mar 21 15:37:31 2023:DEBUG:run: date: 1969 concentration: 0.00194772 pptv
Tue Mar 21 15:37:31 2023:DEBUG:run: date: 1970 concentration: 0.00629191 pptv
Tue Mar 21 15:37:31 2023:DEBUG:run: date: 1971 concentration: 0.0144603 pptv
Tue Mar 21 15:37:31 2023:DEBUG:run: date: 1972 concentration: 0.0260441 pptv
Tue Mar 21 15:37:31 2023:DEBUG:run: date: 1973 concentration: 0.0403552 pptv
Tue Mar 21 15:37:31 2023:DEBUG:run: date: 1974 concentration: 0.0646351 pptv
Tue Mar 21 15:37:31 2023:DEBUG:run: date: 1975 concentration: 0.110606 pptv
Tue Mar 21 15:37:31 2023:DEBUG:run: date: 1976 concentration: 0.177176 pptv
Tue Mar 21 15:37:31 2023:DEBUG:run: date: 1977 concentration: 0.253782 pptv
Tue Mar 21 15:37:31 2023:DEBUG:run: date: 1978 concentration: 0.329879 pptv
Tue Mar 21 15:37:31 2023:DEBUG:run: date: 1979 concentration: 0.401038 pptv
Tue Mar 21 15:37:31 2023:DEBUG:run: date: 1980 concentration: 0.474688 pptv
Tue Mar 21 15:37:31 2023:DEBUG:run: date: 1981 concentration: 0.5595 pptv
Tue Mar 21 15:37:31 2023:DEBUG:run: date: 1982 concentration: 0.66252 pptv
Tue Mar 21 15:37:31 2023:DEBUG:run: date: 1983 concentration: 0.793834 pptv
Tue Mar 21 15:37:31 2023:DEBUG:run: date: 1984 concentration: 0.959388 pptv
Tue Mar 21 15:37:31 2023:DEBUG:run: date: 1985 concentration: 1.14971 pptv
Tue Mar 21 15:37:31 2023:DEBUG:run: date: 1986 concentration: 1.34182 pptv
Tue Mar 21 15:37:31 2023:DEBUG:run: date: 1987 concentration: 1.51539 pptv
Tue Mar 21 15:37:31 2023:DEBUG:run: date: 1988 concentration: 1.66639 pptv
Tue Mar 21 15:37:31 2023:DEBUG:run: date: 1989 concentration: 1.80336 pptv
Tue Mar 21 15:37:31 2023:DEBUG:run: date: 1990 concentration: 1.93408 pptv
Tue Mar 21 15:37:31 2023:DEBUG:run: date: 1991 concentration: 2.05852 pptv
Tue Mar 21 15:37:31 2023:DEBUG:run: date: 1992 concentration: 2.16826 pptv
Tue Mar 21 15:37:31 2023:DEBUG:run: date: 1993 concentration: 2.25801 pptv
Tue Mar 21 15:37:31 2023:DEBUG:run: date: 1994 concentration: 2.33315 pptv
Tue Mar 21 15:37:31 2023:DEBUG:run: date: 1995 concentration: 2.40462 pptv
Tue Mar 21 15:37:31 2023:DEBUG:run: date: 1996 concentration: 2.474 pptv
Tue Mar 21 15:37:31 2023:DEBUG:run: date: 1997 concentration: 2.542 pptv
Tue Mar 21 15:37:31 2023:DEBUG:run: date: 1998 concentration: 2.6032 pptv
Tue Mar 21 15:37:31 2023:DEBUG:run: date: 1999 concentration: 2.6431 pptv
Tue Mar 21 15:37:31 2023:DEBUG:run: date: 2000 concentration: 2.67567 pptv
Tue Mar 21 15:37:31 2023:DEBUG:run: date: 2001 concentration: 2.72089 pptv
Tue Mar 21 15:37:31 2023:DEBUG:run: date: 2002 concentration: 2.76376 pptv
Tue Mar 21 15:37:31 2023:DEBUG:run: date: 2003 concentration: 2.79659 pptv
Tue Mar 21 15:37:31 2023:DEBUG:run: date: 2004 concentration: 2.83236 pptv
Tue Mar 21 15:37:31 2023:DEBUG:run: date: 2005 concentration: 2.85928 pptv
Tue Mar 21 15:37:31 2023:DEBUG:run: date: 2006 concentration: 2.8745 pptv
Tue Mar 21 15:37:31 2023:DEBUG:run: date: 2007 concentration: 2.89364 pptv
Tue Mar 21 15:37:31 2023:DEBUG:run: date: 2008 concentration: 2.90934 pptv
Tue Mar 21 15:37:31 2023:DEBUG:run: date: 2009 concentration: 2.92887 pptv
Tue Mar 21 15:37:31 2023:DEBUG:run: date: 2010 concentration: 2.9527 pptv
Tue Mar 21 15:37:31 2023:DEBUG:run: date: 2011 concentration: 2.98523 pptv
Tue Mar 21 15:37:31 2023:DEBUG:run: date: 2012 concentration: 3.00382 pptv
Tue Mar 21 15:37:31 2023:DEBUG:run: date: 2013 concentration: 2.9936 pptv
Tue Mar 21 15:37:31 2023:DEBUG:run: date: 2014 concentration: 2.99343 pptv
Tue Mar 21 15:37:31 2023:DEBUG:run: date: 2015 concentration: 2.99726 pptv
Tue Mar 21 15:37:31 2023:DEBUG:run: date: 2016 concentration: 2.99933 pptv
Tue Mar 21 15:37:31 2023:DEBUG:run: date: 2017 concentration: 2.99965 pptv
Tue Mar 21 15:37:31 2023:DEBUG:run: date: 2018 concentration: 2.99826 pptv
Tue Mar 21 15:37:31 2023:DEBUG:run: date: 2019 concentration: 2.99519 pptv
Tue Mar 21 15:37:31 2023:DEBUG:run: date: 2020 concentration: 2.99045 pptv
Tue Mar 21 15:37:31 2023:DEBUG:run: date: 2021 concentration: 2.9845 pptv
Tue Mar 21 15:37:31 2023:DEBUG:run: date: 2022 concentration: 2.97734 pptv
Tue Mar 21 15:37:31 2023:DEBUG:run: date: 2023 concentration: 2.969 pptv
Tue Mar 21 15:37:31 2023:DEBUG:run: date: 2024 concentration: 2.9595 pptv
Tue Mar 21 15:37:31 2023:DEBUG:run: date: 2025 concentration: 2.94885 pptv
Tue Mar 21 15:37:31 2023:DEBUG:run: date: 2026 concentration: 2.93707 pptv
Tue Mar 21 15:37:31 2023:DEBUG:run: date: 2027 concentration: 2.92418 pptv
Tue Mar 21 15:37:31 2023:DEBUG:run: date: 2028 concentration: 2.9102 pptv
Tue Mar 21 15:37:31 2023:DEBUG:run: date: 2029 concentration: 2.89514 pptv
Tue Mar 21 15:37:31 2023:DEBUG:run: date: 2030 concentration: 2.87901 pptv
Tue Mar 21 15:37:31 2023:DEBUG:run: date: 2031 concentration: 2.86225 pptv
Tue Mar 21 15:37:31 2023:DEBUG:run: date: 2032 concentration: 2.84486 pptv
Tue Mar 21 15:37:31 2023:DEBUG:run: date: 2033 concentration: 2.82685 pptv
Tue Mar 21 15:37:31 2023:DEBUG:run: date: 2034 concentration: 2.80823 pptv
Tue Mar 21 15:37:31 2023:DEBUG:run: date: 2035 concentration: 2.78901 pptv
Tue Mar 21 15:37:31 2023:DEBUG:run: date: 2036 concentration: 2.76919 pptv
Tue Mar 21 15:37:31 2023:DEBUG:run: date: 2037 concentration: 2.7488 pptv
Tue Mar 21 15:37:31 2023:DEBUG:run: date: 2038 concentration: 2.72783 pptv
Tue Mar 21 15:37:31 2023:DEBUG:run: date: 2039 concentration: 2.7063 pptv
Tue Mar 21 15:37:31 2023:DEBUG:run: date: 2040 concentration: 2.68421 pptv
Tue Mar 21 15:37:31 2023:DEBUG:run: date: 2041 concentration: 2.66185 pptv
Tue Mar 21 15:37:31 2023:DEBUG:run: date: 2042 concentration: 2.63923 pptv
Tue Mar 21 15:37:31 2023:DEBUG:run: date: 2043 concentration: 2.61634 pptv
Tue Mar 21 15:37:31 2023:DEBUG:run: date: 2044 concentration: 2.59321 pptv
Tue Mar 21 15:37:31 2023:DEBUG:run: date: 2045 concentration: 2.56981 pptv
Tue Mar 21 15:37:31 2023:DEBUG:run: date: 2046 concentration: 2.54617 pptv
Tue Mar 21 15:37:31 2023:DEBUG:run: date: 2047 concentration: 2.52229 pptv
Tue Mar 21 15:37:31 2023:DEBUG:run: date: 2048 concentration: 2.49816 pptv
Tue Mar 21 15:37:31 2023:DEBUG:run: date: 2049 concentration: 2.4738 pptv
Tue Mar 21 15:37:31 2023:DEBUG:run: date: 2050 concentration: 2.4492 pptv
Tue Mar 21 15:37:31 2023:DEBUG:run: date: 2051 concentration: 2.42456 pptv
Tue Mar 21 15:37:31 2023:DEBUG:run: date: 2052 concentration: 2.39989 pptv
Tue Mar 21 15:37:31 2023:DEBUG:run: date: 2053 concentration: 2.37517 pptv
Tue Mar 21 15:37:31 2023:DEBUG:run: date: 2054 concentration: 2.35042 pptv
Tue Mar 21 15:37:31 2023:DEBUG:run: date: 2055 concentration: 2.32563 pptv
Tue Mar 21 15:37:31 2023:DEBUG:run: date: 2056 concentration: 2.30081 pptv
Tue Mar 21 15:37:31 2023:DEBUG:run: date: 2057 concentration: 2.27595 pptv
Tue Mar 21 15:37:31 2023:DEBUG:run: date: 2058 concentration: 2.25105 pptv
Tue Mar 21 15:37:31 2023:DEBUG:run: date: 2059 concentration: 2.22612 pptv
Tue Mar 21 15:37:31 2023:DEBUG:run: date: 2060 concentration: 2.20115 pptv
Tue Mar 21 15:37:31 2023:DEBUG:run: date: 2061 concentration: 2.17628 pptv
Tue Mar 21 15:37:31 2023:DEBUG:run: date: 2062 concentration: 2.15151 pptv
Tue Mar 21 15:37:31 2023:DEBUG:run: date: 2063 concentration: 2.12683 pptv
Tue Mar 21 15:37:31 2023:DEBUG:run: date: 2064 concentration: 2.10224 pptv
Tue Mar 21 15:37:31 2023:DEBUG:run: date: 2065 concentration: 2.07774 pptv
Tue Mar 21 15:37:31 2023:DEBUG:run: date: 2066 concentration: 2.05333 pptv
Tue Mar 21 15:37:31 2023:DEBUG:run: date: 2067 concentration: 2.02901 pptv
Tue Mar 21 15:37:31 2023:DEBUG:run: date: 2068 concentration: 2.00478 pptv
Tue Mar 21 15:37:31 2023:DEBUG:run: date: 2069 concentration: 1.98064 pptv
Tue Mar 21 15:37:31 2023:DEBUG:run: date: 2070 concentration: 1.95657 pptv
Tue Mar 21 15:37:31 2023:DEBUG:run: date: 2071 concentration: 1.93268 pptv
Tue Mar 21 15:37:31 2023:DEBUG:run: date: 2072 concentration: 1.90896 pptv
Tue Mar 21 15:37:31 2023:DEBUG:run: date: 2073 concentration: 1.88541 pptv
Tue Mar 21 15:37:31 2023:DEBUG:run: date: 2074 concentration: 1.86203 pptv
Tue Mar 21 15:37:31 2023:DEBUG:run: date: 2075 concentration: 1.8388 pptv
Tue Mar 21 15:37:31 2023:DEBUG:run: date: 2076 concentration: 1.81574 pptv
Tue Mar 21 15:37:31 2023:DEBUG:run: date: 2077 concentration: 1.79283 pptv
Tue Mar 21 15:37:31 2023:DEBUG:run: date: 2078 concentration: 1.77008 pptv
Tue Mar 21 15:37:31 2023:DEBUG:run: date: 2079 concentration: 1.74749 pptv
Tue Mar 21 15:37:31 2023:DEBUG:run: date: 2080 concentration: 1.72504 pptv
Tue Mar 21 15:37:31 2023:DEBUG:run: date: 2081 concentration: 1.7028 pptv
Tue Mar 21 15:37:31 2023:DEBUG:run: date: 2082 concentration: 1.68077 pptv
Tue Mar 21 15:37:31 2023:DEBUG:run: date: 2083 concentration: 1.65894 pptv
Tue Mar 21 15:37:31 2023:DEBUG:run: date: 2084 concentration: 1.63732 pptv
Tue Mar 21 15:37:31 2023:DEBUG:run: date: 2085 concentration: 1.61588 pptv
Tue Mar 21 15:37:31 2023:DEBUG:run: date: 2086 concentration: 1.59465 pptv
Tue Mar 21 15:37:32 2023:DEBUG:run: date: 2087 concentration: 1.5736 pptv
Tue Mar 21 15:37:32 2023:DEBUG:run: date: 2088 concentration: 1.55274 pptv
Tue Mar 21 15:37:32 2023:DEBUG:run: date: 2089 concentration: 1.53207 pptv
Tue Mar 21 15:37:32 2023:DEBUG:run: date: 2090 concentration: 1.51158 pptv
Tue Mar 21 15:37:32 2023:DEBUG:run: date: 2091 concentration: 1.49131 pptv
Tue Mar 21 15:37:32 2023:DEBUG:run: date: 2092 concentration: 1.47126 pptv
Tue Mar 21 15:37:32 2023:DEBUG:run: date: 2093 concentration: 1.45142 pptv
Tue Mar 21 15:37:32 2023:DEBUG:run: date: 2094 concentration: 1.4318 pptv
Tue Mar 21 15:37:32 2023:DEBUG:run: date: 2095 concentration: 1.41238 pptv
Tue Mar 21 15:37:32 2023:DEBUG:run: date: 2096 concentration: 1.39317 pptv
Tue Mar 21 15:37:32 2023:DEBUG:run: date: 2097 concentration: 1.37416 pptv
Tue Mar 21 15:37:32 2023:DEBUG:run: date: 2098 concentration: 1.35534 pptv
Tue Mar 21 15:37:32 2023:DEBUG:run: date: 2099 concentration: 1.33673 pptv
Tue Mar 21 15:37:32 2023:DEBUG:run: date: 2100 concentration: 1.31831 pptv
Tue Mar 21 15:37:32 2023:DEBUG:run: date: 2101 concentration: 1.30015 pptv
Tue Mar 21 15:37:32 2023:DEBUG:run: date: 2102 concentration: 1.28226 pptv
Tue Mar 21 15:37:32 2023:DEBUG:run: date: 2103 concentration: 1.26463 pptv
Tue Mar 21 15:37:32 2023:DEBUG:run: date: 2104 concentration: 1.24725 pptv
Tue Mar 21 15:37:32 2023:DEBUG:run: date: 2105 concentration: 1.23013 pptv
Tue Mar 21 15:37:32 2023:DEBUG:run: date: 2106 concentration: 1.21325 pptv
Tue Mar 21 15:37:32 2023:DEBUG:run: date: 2107 concentration: 1.19662 pptv
Tue Mar 21 15:37:32 2023:DEBUG:run: date: 2108 concentration: 1.18023 pptv
Tue Mar 21 15:37:32 2023:DEBUG:run: date: 2109 concentration: 1.16408 pptv
Tue Mar 21 15:37:32 2023:DEBUG:run: date: 2110 concentration: 1.14816 pptv
Tue Mar 21 15:37:32 2023:DEBUG:run: date: 2111 concentration: 1.13247 pptv
Tue Mar 21 15:37:32 2023:DEBUG:run: date: 2112 concentration: 1.11701 pptv
Tue Mar 21 15:37:32 2023:DEBUG:run: date: 2113 concentration: 1.10177 pptv
Tue Mar 21 15:37:32 2023:DEBUG:run: date: 2114 concentration: 1.08675 pptv
Tue Mar 21 15:37:32 2023:DEBUG:run: date: 2115 concentration: 1.07194 pptv
Tue Mar 21 15:37:32 2023:DEBUG:run: date: 2116 concentration: 1.05735 pptv
Tue Mar 21 15:37:32 2023:DEBUG:run: date: 2117 concentration: 1.04297 pptv
Tue Mar 21 15:37:32 2023:DEBUG:run: date: 2118 concentration: 1.02879 pptv
Tue Mar 21 15:37:32 2023:DEBUG:run: date: 2119 concentration: 1.01482 pptv
Tue Mar 21 15:37:32 2023:DEBUG:run: date: 2120 concentration: 1.00104 pptv
Tue Mar 21 15:37:32 2023:DEBUG:run: date: 2121 concentration: 0.987466 pptv
Tue Mar 21 15:37:32 2023:DEBUG:run: date: 2122 concentration: 0.974084 pptv
Tue Mar 21 15:37:32 2023:DEBUG:run: date: 2123 concentration: 0.960893 pptv
Tue Mar 21 15:37:32 2023:DEBUG:run: date: 2124 concentration: 0.947891 pptv
Tue Mar 21 15:37:32 2023:DEBUG:run: date: 2125 concentration: 0.935073 pptv
Tue Mar 21 15:37:32 2023:DEBUG:run: date: 2126 concentration: 0.922438 pptv
Tue Mar 21 15:37:32 2023:DEBUG:run: date: 2127 concentration: 0.909983 pptv
Tue Mar 21 15:37:32 2023:DEBUG:run: date: 2128 concentration: 0.897704 pptv
Tue Mar 21 15:37:32 2023:DEBUG:run: date: 2129 concentration: 0.8856 pptv
Tue Mar 21 15:37:32 2023:DEBUG:run: date: 2130 concentration: 0.873667 pptv
Tue Mar 21 15:37:32 2023:DEBUG:run: date: 2131 concentration: 0.861903 pptv
Tue Mar 21 15:37:32 2023:DEBUG:run: date: 2132 concentration: 0.850306 pptv
Tue Mar 21 15:37:32 2023:DEBUG:run: date: 2133 concentration: 0.838872 pptv
Tue Mar 21 15:37:32 2023:DEBUG:run: date: 2134 concentration: 0.8276 pptv
Tue Mar 21 15:37:32 2023:DEBUG:run: date: 2135 concentration: 0.816487 pptv
Tue Mar 21 15:37:32 2023:DEBUG:run: date: 2136 concentration: 0.80553 pptv
Tue Mar 21 15:37:32 2023:DEBUG:run: date: 2137 concentration: 0.794727 pptv
Tue Mar 21 15:37:32 2023:DEBUG:run: date: 2138 concentration: 0.784076 pptv
Tue Mar 21 15:37:32 2023:DEBUG:run: date: 2139 concentration: 0.773574 pptv
Tue Mar 21 15:37:32 2023:DEBUG:run: date: 2140 concentration: 0.763219 pptv
Tue Mar 21 15:37:32 2023:DEBUG:run: date: 2141 concentration: 0.753009 pptv
Tue Mar 21 15:37:32 2023:DEBUG:run: date: 2142 concentration: 0.742942 pptv
Tue Mar 21 15:37:32 2023:DEBUG:run: date: 2143 concentration: 0.733015 pptv
Tue Mar 21 15:37:32 2023:DEBUG:run: date: 2144 concentration: 0.723227 pptv
Tue Mar 21 15:37:32 2023:DEBUG:run: date: 2145 concentration: 0.713575 pptv
Tue Mar 21 15:37:32 2023:DEBUG:run: date: 2146 concentration: 0.704056 pptv
Tue Mar 21 15:37:32 2023:DEBUG:run: date: 2147 concentration: 0.69467 pptv
Tue Mar 21 15:37:32 2023:DEBUG:run: date: 2148 concentration: 0.685414 pptv
Tue Mar 21 15:37:32 2023:DEBUG:run: date: 2149 concentration: 0.676287 pptv
Tue Mar 21 15:37:32 2023:DEBUG:run: date: 2150 concentration: 0.667285 pptv
Tue Mar 21 15:37:32 2023:DEBUG:run: date: 2151 concentration: 0.658407 pptv
Tue Mar 21 15:37:32 2023:DEBUG:run: date: 2152 concentration: 0.649652 pptv
Tue Mar 21 15:37:32 2023:DEBUG:run: date: 2153 concentration: 0.641017 pptv
Tue Mar 21 15:37:32 2023:DEBUG:run: date: 2154 concentration: 0.632501 pptv
Tue Mar 21 15:37:32 2023:DEBUG:run: date: 2155 concentration: 0.624102 pptv
Tue Mar 21 15:37:32 2023:DEBUG:run: date: 2156 concentration: 0.615817 pptv
Tue Mar 21 15:37:32 2023:DEBUG:run: date: 2157 concentration: 0.607646 pptv
Tue Mar 21 15:37:32 2023:DEBUG:run: date: 2158 concentration: 0.599586 pptv
Tue Mar 21 15:37:32 2023:DEBUG:run: date: 2159 concentration: 0.591636 pptv
Tue Mar 21 15:37:32 2023:DEBUG:run: date: 2160 concentration: 0.583795 pptv
Tue Mar 21 15:37:32 2023:DEBUG:run: date: 2161 concentration: 0.57606 pptv
Tue Mar 21 15:37:32 2023:DEBUG:run: date: 2162 concentration: 0.568429 pptv
Tue Mar 21 15:37:32 2023:DEBUG:run: date: 2163 concentration: 0.560902 pptv
Tue Mar 21 15:37:32 2023:DEBUG:run: date: 2164 concentration: 0.553477 pptv
Tue Mar 21 15:37:32 2023:DEBUG:run: date: 2165 concentration: 0.546151 pptv
Tue Mar 21 15:37:32 2023:DEBUG:run: date: 2166 concentration: 0.538925 pptv
Tue Mar 21 15:37:32 2023:DEBUG:run: date: 2167 concentration: 0.531795 pptv
Tue Mar 21 15:37:32 2023:DEBUG:run: date: 2168 concentration: 0.524761 pptv
Tue Mar 21 15:37:32 2023:DEBUG:run: date: 2169 concentration: 0.517821 pptv
Tue Mar 21 15:37:32 2023:DEBUG:run: date: 2170 concentration: 0.510974 pptv
Tue Mar 21 15:37:32 2023:DEBUG:run: date: 2171 concentration: 0.504218 pptv
Tue Mar 21 15:37:32 2023:DEBUG:run: date: 2172 concentration: 0.497553 pptv
Tue Mar 21 15:37:32 2023:DEBUG:run: date: 2173 concentration: 0.490975 pptv
Tue Mar 21 15:37:32 2023:DEBUG:run: date: 2174 concentration: 0.484485 pptv
Tue Mar 21 15:37:32 2023:DEBUG:run: date: 2175 concentration: 0.478081 pptv
Tue Mar 21 15:37:32 2023:DEBUG:run: date: 2176 concentration: 0.471761 pptv
Tue Mar 21 15:37:32 2023:DEBUG:run: date: 2177 concentration: 0.465524 pptv
Tue Mar 21 15:37:32 2023:DEBUG:run: date: 2178 concentration: 0.45937 pptv
Tue Mar 21 15:37:32 2023:DEBUG:run: date: 2179 concentration: 0.453296 pptv
Tue Mar 21 15:37:32 2023:DEBUG:run: date: 2180 concentration: 0.447302 pptv
Tue Mar 21 15:37:32 2023:DEBUG:run: date: 2181 concentration: 0.441386 pptv
Tue Mar 21 15:37:32 2023:DEBUG:run: date: 2182 concentration: 0.435547 pptv
Tue Mar 21 15:37:32 2023:DEBUG:run: date: 2183 concentration: 0.429784 pptv
Tue Mar 21 15:37:32 2023:DEBUG:run: date: 2184 concentration: 0.424096 pptv
Tue Mar 21 15:37:32 2023:DEBUG:run: date: 2185 concentration: 0.418481 pptv
Tue Mar 21 15:37:32 2023:DEBUG:run: date: 2186 concentration: 0.412939 pptv
Tue Mar 21 15:37:32 2023:DEBUG:run: date: 2187 concentration: 0.407468 pptv
Tue Mar 21 15:37:32 2023:DEBUG:run: date: 2188 concentration: 0.402068 pptv
Tue Mar 21 15:37:32 2023:DEBUG:run: date: 2189 concentration: 0.396736 pptv
Tue Mar 21 15:37:32 2023:DEBUG:run: date: 2190 concentration: 0.391473 pptv
Tue Mar 21 15:37:32 2023:DEBUG:run: date: 2191 concentration: 0.386277 pptv
Tue Mar 21 15:37:32 2023:DEBUG:run: date: 2192 concentration: 0.381147 pptv
Tue Mar 21 15:37:32 2023:DEBUG:run: date: 2193 concentration: 0.376083 pptv
Tue Mar 21 15:37:32 2023:DEBUG:run: date: 2194 concentration: 0.371082 pptv
Tue Mar 21 15:37:32 2023:DEBUG:run: date: 2195 concentration: 0.366144 pptv
Tue Mar 21 15:37:32 2023:DEBUG:run: date: 2196 concentration: 0.361269 pptv
Tue Mar 21 15:37:32 2023:DEBUG:run: date: 2197 concentration: 0.356455 pptv
Tue Mar 21 15:37:32 2023:DEBUG:run: date: 2198 concentration: 0.351701 pptv
Tue Mar 21 15:37:32 2023:DEBUG:run: date: 2199 concentration: 0.347006 pptv
Tue Mar 21 15:37:32 2023:DEBUG:run: date: 2200 concentration: 0.34237 pptv
Tue Mar 21 15:37:32 2023:DEBUG:run: date: 2201 concentration: 0.337791 pptv
Tue Mar 21 15:37:32 2023:DEBUG:run: date: 2202 concentration: 0.333269 pptv
Tue Mar 21 15:37:32 2023:DEBUG:run: date: 2203 concentration: 0.328803 pptv
Tue Mar 21 15:37:32 2023:DEBUG:run: date: 2204 concentration: 0.324392 pptv
Tue Mar 21 15:37:32 2023:DEBUG:run: date: 2205 concentration: 0.320035 pptv
Tue Mar 21 15:37:32 2023:DEBUG:run: date: 2206 concentration: 0.315731 pptv
Tue Mar 21 15:37:32 2023:DEBUG:run: date: 2207 concentration: 0.31148 pptv
Tue Mar 21 15:37:32 2023:DEBUG:run: date: 2208 concentration: 0.30728 pptv
Tue Mar 21 15:37:32 2023:DEBUG:run: date: 2209 concentration: 0.303131 pptv
Tue Mar 21 15:37:32 2023:DEBUG:run: date: 2210 concentration: 0.299033 pptv
Tue Mar 21 15:37:32 2023:DEBUG:run: date: 2211 concentration: 0.294983 pptv
Tue Mar 21 15:37:32 2023:DEBUG:run: date: 2212 concentration: 0.290983 pptv
Tue Mar 21 15:37:32 2023:DEBUG:run: date: 2213 concentration: 0.28703 pptv
Tue Mar 21 15:37:32 2023:DEBUG:run: date: 2214 concentration: 0.283124 pptv
Tue Mar 21 15:37:32 2023:DEBUG:run: date: 2215 concentration: 0.279265 pptv
Tue Mar 21 15:37:32 2023:DEBUG:run: date: 2216 concentration: 0.275451 pptv
Tue Mar 21 15:37:32 2023:DEBUG:run: date: 2217 concentration: 0.271682 pptv
Tue Mar 21 15:37:32 2023:DEBUG:run: date: 2218 concentration: 0.267958 pptv
Tue Mar 21 15:37:32 2023:DEBUG:run: date: 2219 concentration: 0.264277 pptv
Tue Mar 21 15:37:32 2023:DEBUG:run: date: 2220 concentration: 0.260639 pptv
Tue Mar 21 15:37:32 2023:DEBUG:run: date: 2221 concentration: 0.257044 pptv
Tue Mar 21 15:37:32 2023:DEBUG:run: date: 2222 concentration: 0.25349 pptv
Tue Mar 21 15:37:32 2023:DEBUG:run: date: 2223 concentration: 0.249977 pptv
Tue Mar 21 15:37:32 2023:DEBUG:run: date: 2224 concentration: 0.246505 pptv
Tue Mar 21 15:37:32 2023:DEBUG:run: date: 2225 concentration: 0.243072 pptv
Tue Mar 21 15:37:32 2023:DEBUG:run: date: 2226 concentration: 0.239679 pptv
Tue Mar 21 15:37:32 2023:DEBUG:run: date: 2227 concentration: 0.236324 pptv
Tue Mar 21 15:37:32 2023:DEBUG:run: date: 2228 concentration: 0.233007 pptv
Tue Mar 21 15:37:32 2023:DEBUG:run: date: 2229 concentration: 0.229728 pptv
Tue Mar 21 15:37:32 2023:DEBUG:run: date: 2230 concentration: 0.226485 pptv
Tue Mar 21 15:37:32 2023:DEBUG:run: date: 2231 concentration: 0.223279 pptv
Tue Mar 21 15:37:32 2023:DEBUG:run: date: 2232 concentration: 0.220108 pptv
Tue Mar 21 15:37:32 2023:DEBUG:run: date: 2233 concentration: 0.216973 pptv
Tue Mar 21 15:37:32 2023:DEBUG:run: date: 2234 concentration: 0.213872 pptv
Tue Mar 21 15:37:32 2023:DEBUG:run: date: 2235 concentration: 0.210805 pptv
Tue Mar 21 15:37:32 2023:DEBUG:run: date: 2236 concentration: 0.207772 pptv
Tue Mar 21 15:37:32 2023:DEBUG:run: date: 2237 concentration: 0.204772 pptv
Tue Mar 21 15:37:32 2023:DEBUG:run: date: 2238 concentration: 0.201805 pptv
Tue Mar 21 15:37:32 2023:DEBUG:run: date: 2239 concentration: 0.198869 pptv
Tue Mar 21 15:37:32 2023:DEBUG:run: date: 2240 concentration: 0.195965 pptv
Tue Mar 21 15:37:32 2023:DEBUG:run: date: 2241 concentration: 0.193093 pptv
Tue Mar 21 15:37:32 2023:DEBUG:run: date: 2242 concentration: 0.190251 pptv
Tue Mar 21 15:37:32 2023:DEBUG:run: date: 2243 concentration: 0.187439 pptv
Tue Mar 21 15:37:32 2023:DEBUG:run: date: 2244 concentration: 0.184656 pptv
Tue Mar 21 15:37:32 2023:DEBUG:run: date: 2245 concentration: 0.181903 pptv
Tue Mar 21 15:37:32 2023:DEBUG:run: date: 2246 concentration: 0.179179 pptv
Tue Mar 21 15:37:32 2023:DEBUG:run: date: 2247 concentration: 0.176483 pptv
Tue Mar 21 15:37:32 2023:DEBUG:run: date: 2248 concentration: 0.173816 pptv
Tue Mar 21 15:37:32 2023:DEBUG:run: date: 2249 concentration: 0.171175 pptv
Tue Mar 21 15:37:32 2023:DEBUG:run: date: 2250 concentration: 0.168562 pptv
Tue Mar 21 15:37:32 2023:DEBUG:run: date: 2251 concentration: 0.165988 pptv
Tue Mar 21 15:37:32 2023:DEBUG:run: date: 2252 concentration: 0.163454 pptv
Tue Mar 21 15:37:32 2023:DEBUG:run: date: 2253 concentration: 0.160959 pptv
Tue Mar 21 15:37:32 2023:DEBUG:run: date: 2254 concentration: 0.158502 pptv
Tue Mar 21 15:37:32 2023:DEBUG:run: date: 2255 concentration: 0.156082 pptv
Tue Mar 21 15:37:32 2023:DEBUG:run: date: 2256 concentration: 0.153699 pptv
Tue Mar 21 15:37:32 2023:DEBUG:run: date: 2257 concentration: 0.151352 pptv
Tue Mar 21 15:37:32 2023:DEBUG:run: date: 2258 concentration: 0.149042 pptv
Tue Mar 21 15:37:32 2023:DEBUG:run: date: 2259 concentration: 0.146766 pptv
Tue Mar 21 15:37:32 2023:DEBUG:run: date: 2260 concentration: 0.144526 pptv
Tue Mar 21 15:37:32 2023:DEBUG:run: date: 2261 concentration: 0.142319 pptv
Tue Mar 21 15:37:32 2023:DEBUG:run: date: 2262 concentration: 0.140146 pptv
Tue Mar 21 15:37:32 2023:DEBUG:run: date: 2263 concentration: 0.138007 pptv
Tue Mar 21 15:37:32 2023:DEBUG:run: date: 2264 concentration: 0.1359 pptv
Tue Mar 21 15:37:32 2023:DEBUG:run: date: 2265 concentration: 0.133825 pptv
Tue Mar 21 15:37:32 2023:DEBUG:run: date: 2266 concentration: 0.131782 pptv
Tue Mar 21 15:37:32 2023:DEBUG:run: date: 2267 concentration: 0.12977 pptv
Tue Mar 21 15:37:32 2023:DEBUG:run: date: 2268 concentration: 0.127789 pptv
Tue Mar 21 15:37:32 2023:DEBUG:run: date: 2269 concentration: 0.125838 pptv
Tue Mar 21 15:37:32 2023:DEBUG:run: date: 2270 concentration: 0.123917 pptv
Tue Mar 21 15:37:32 2023:DEBUG:run: date: 2271 concentration: 0.122025 pptv
Tue Mar 21 15:37:32 2023:DEBUG:run: date: 2272 concentration: 0.120162 pptv
Tue Mar 21 15:37:32 2023:DEBUG:run: date: 2273 concentration: 0.118328 pptv
Tue Mar 21 15:37:32 2023:DEBUG:run: date: 2274 concentration: 0.116521 pptv
Tue Mar 21 15:37:32 2023:DEBUG:run: date: 2275 concentration: 0.114742 pptv
Tue Mar 21 15:37:32 2023:DEBUG:run: date: 2276 concentration: 0.11299 pptv
Tue Mar 21 15:37:32 2023:DEBUG:run: date: 2277 concentration: 0.111265 pptv
Tue Mar 21 15:37:32 2023:DEBUG:run: date: 2278 concentration: 0.109567 pptv
Tue Mar 21 15:37:32 2023:DEBUG:run: date: 2279 concentration: 0.107894 pptv
Tue Mar 21 15:37:32 2023:DEBUG:run: date: 2280 concentration: 0.106247 pptv
Tue Mar 21 15:37:32 2023:DEBUG:run: date: 2281 concentration: 0.104625 pptv
Tue Mar 21 15:37:32 2023:DEBUG:run: date: 2282 concentration: 0.103027 pptv
Tue Mar 21 15:37:32 2023:DEBUG:run: date: 2283 concentration: 0.101454 pptv
Tue Mar 21 15:37:32 2023:DEBUG:run: date: 2284 concentration: 0.0999056 pptv
Tue Mar 21 15:37:32 2023:DEBUG:run: date: 2285 concentration: 0.0983804 pptv
Tue Mar 21 15:37:32 2023:DEBUG:run: date: 2286 concentration: 0.0968784 pptv
Tue Mar 21 15:37:32 2023:DEBUG:run: date: 2287 concentration: 0.0953994 pptv
Tue Mar 21 15:37:32 2023:DEBUG:run: date: 2288 concentration: 0.0939429 pptv
Tue Mar 21 15:37:32 2023:DEBUG:run: date: 2289 concentration: 0.0925087 pptv
Tue Mar 21 15:37:32 2023:DEBUG:run: date: 2290 concentration: 0.0910964 pptv
Tue Mar 21 15:37:32 2023:DEBUG:run: date: 2291 concentration: 0.0897056 pptv
Tue Mar 21 15:37:32 2023:DEBUG:run: date: 2292 concentration: 0.0883361 pptv
Tue Mar 21 15:37:32 2023:DEBUG:run: date: 2293 concentration: 0.0869875 pptv
Tue Mar 21 15:37:32 2023:DEBUG:run: date: 2294 concentration: 0.0856595 pptv
Tue Mar 21 15:37:32 2023:DEBUG:run: date: 2295 concentration: 0.0843517 pptv
Tue Mar 21 15:37:32 2023:DEBUG:run: date: 2296 concentration: 0.0830639 pptv
Tue Mar 21 15:37:32 2023:DEBUG:run: date: 2297 concentration: 0.0817958 pptv
Tue Mar 21 15:37:32 2023:DEBUG:run: date: 2298 concentration: 0.080547 pptv
Tue Mar 21 15:37:32 2023:DEBUG:run: date: 2299 concentration: 0.0793173 pptv
Tue Mar 21 15:37:32 2023:DEBUG:run: date: 2300 concentration: 0.0781064 pptv
