Tue Mar 21 15:37:28 2023:NOTICE:printLogHeader: hector version 2.5.0
Tue Mar 21 15:37:29 2023:DEBUG:setData: Setting tau[-1]=9.3
Tue Mar 21 15:37:29 2023:DEBUG:setData: Setting rho[-1]=0.00014
Tue Mar 21 15:37:29 2023:DEBUG:setData: Setting HCFC141b_emissions[1765]=0
Tue Mar 21 15:37:29 2023:DEBUG:setData: Setting HCFC141b_emissions[1766]=0
Tue Mar 21 15:37:29 2023:DEBUG:setData: Setting HCFC141b_emissions[1767]=0
Tue Mar 21 15:37:29 2023:DEBUG:setData: Setting HCFC141b_emissions[1768]=0
Tue Mar 21 15:37:29 2023:DEBUG:setData: Setting HCFC141b_emissions[1769]=0
Tue Mar 21 15:37:29 2023:DEBUG:setData: Setting HCFC141b_emissions[1770]=0
Tue Mar 21 15:37:29 2023:DEBUG:setData: Setting HCFC141b_emissions[1771]=0
Tue Mar 21 15:37:29 2023:DEBUG:setData: Setting HCFC141b_emissions[1772]=0
Tue Mar 21 15:37:29 2023:DEBUG:setData: Setting HCFC141b_emissions[1773]=0
Tue Mar 21 15:37:29 2023:DEBUG:setData: Setting HCFC141b_emissions[1774]=0
Tue Mar 21 15:37:29 2023:DEBUG:setData: Setting HCFC141b_emissions[1775]=0
Tue Mar 21 15:37:29 2023:DEBUG:setData: Setting HCFC141b_emissions[1776]=0
Tue Mar 21 15:37:29 2023:DEBUG:setData: Setting HCFC141b_emissions[1777]=0
Tue Mar 21 15:37:29 2023:DEBUG:setData: Setting HCFC141b_emissions[1778]=0
Tue Mar 21 15:37:29 2023:DEBUG:setData: Setting HCFC141b_emissions[1779]=0
Tue Mar 21 15:37:29 2023:DEBUG:setData: Setting HCFC141b_emissions[1780]=0
Tue Mar 21 15:37:29 2023:DEBUG:setData: Setting HCFC141b_emissions[1781]=0
Tue Mar 21 15:37:29 2023:DEBUG:setData: Setting HCFC141b_emissions[1782]=0
Tue Mar 21 15:37:29 2023:DEBUG:setData: Setting HCFC141b_emissions[1783]=0
Tue Mar 21 15:37:29 2023:DEBUG:setData: Setting HCFC141b_emissions[1784]=0
Tue Mar 21 15:37:29 2023:DEBUG:setData: Setting HCFC141b_emissions[1785]=0
Tue Mar 21 15:37:29 2023:DEBUG:setData: Setting HCFC141b_emissions[1786]=0
Tue Mar 21 15:37:29 2023:DEBUG:setData: Setting HCFC141b_emissions[1787]=0
Tue Mar 21 15:37:29 2023:DEBUG:setData: Setting HCFC141b_emissions[1788]=0
Tue Mar 21 15:37:29 2023:DEBUG:setData: Setting HCFC141b_emissions[1789]=0
Tue Mar 21 15:37:29 2023:DEBUG:setData: Setting HCFC141b_emissions[1790]=0
Tue Mar 21 15:37:29 2023:DEBUG:setData: Setting HCFC141b_emissions[1791]=0
Tue Mar 21 15:37:29 2023:DEBUG:setData: Setting HCFC141b_emissions[1792]=0
Tue Mar 21 15:37:29 2023:DEBUG:setData: Setting HCFC141b_emissions[1793]=0
Tue Mar 21 15:37:29 2023:DEBUG:setData: Setting HCFC141b_emissions[1794]=0
Tue Mar 21 15:37:29 2023:DEBUG:setData: Setting HCFC141b_emissions[1795]=0
Tue Mar 21 15:37:29 2023:DEBUG:setData: Setting HCFC141b_emissions[1796]=0
Tue Mar 21 15:37:29 2023:DEBUG:setData: Setting HCFC141b_emissions[1797]=0
Tue Mar 21 15:37:29 2023:DEBUG:setData: Setting HCFC141b_emissions[1798]=0
Tue Mar 21 15:37:29 2023:DEBUG:setData: Setting HCFC141b_emissions[1799]=0
Tue Mar 21 15:37:29 2023:DEBUG:setData: Setting HCFC141b_emissions[1800]=0
Tue Mar 21 15:37:29 2023:DEBUG:setData: Setting HCFC141b_emissions[1801]=0
Tue Mar 21 15:37:29 2023:DEBUG:setData: Setting HCFC141b_emissions[1802]=0
Tue Mar 21 15:37:29 2023:DEBUG:setData: Setting HCFC141b_emissions[1803]=0
Tue Mar 21 15:37:29 2023:DEBUG:setData: Setting HCFC141b_emissions[1804]=0
Tue Mar 21 15:37:29 2023:DEBUG:setData: Setting HCFC141b_emissions[1805]=0
Tue Mar 21 15:37:29 2023:DEBUG:setData: Setting HCFC141b_emissions[1806]=0
Tue Mar 21 15:37:29 2023:DEBUG:setData: Setting HCFC141b_emissions[1807]=0
Tue Mar 21 15:37:29 2023:DEBUG:setData: Setting HCFC141b_emissions[1808]=0
Tue Mar 21 15:37:29 2023:DEBUG:setData: Setting HCFC141b_emissions[1809]=0
Tue Mar 21 15:37:29 2023:DEBUG:setData: Setting HCFC141b_emissions[1810]=0
Tue Mar 21 15:37:29 2023:DEBUG:setData: Setting HCFC141b_emissions[1811]=0
Tue Mar 21 15:37:29 2023:DEBUG:setData: Setting HCFC141b_emissions[1812]=0
Tue Mar 21 15:37:29 2023:DEBUG:setData: Setting HCFC141b_emissions[1813]=0
Tue Mar 21 15:37:29 2023:DEBUG:setData: Setting HCFC141b_emissions[1814]=0
Tue Mar 21 15:37:29 2023:DEBUG:setData: Setting HCFC141b_emissions[1815]=0
Tue Mar 21 15:37:29 2023:DEBUG:setData: Setting HCFC141b_emissions[1816]=0
Tue Mar 21 15:37:29 2023:DEBUG:setData: Setting HCFC141b_emissions[1817]=0
Tue Mar 21 15:37:29 2023:DEBUG:setData: Setting HCFC141b_emissions[1818]=0
Tue Mar 21 15:37:29 2023:DEBUG:setData: Setting HCFC141b_emissions[1819]=0
Tue Mar 21 15:37:29 2023:DEBUG:setData: Setting HCFC141b_emissions[1820]=0
Tue Mar 21 15:37:29 2023:DEBUG:setData: Setting HCFC141b_emissions[1821]=0
Tue Mar 21 15:37:29 2023:DEBUG:setData: Setting HCFC141b_emissions[1822]=0
Tue Mar 21 15:37:29 2023:DEBUG:setData: Setting HCFC141b_emissions[1823]=0
Tue Mar 21 15:37:29 2023:DEBUG:setData: Setting HCFC141b_emissions[1824]=0
Tue Mar 21 15:37:29 2023:DEBUG:setData: Setting HCFC141b_emissions[1825]=0
Tue Mar 21 15:37:29 2023:DEBUG:setData: Setting HCFC141b_emissions[1826]=0
Tue Mar 21 15:37:29 2023:DEBUG:setData: Setting HCFC141b_emissions[1827]=0
Tue Mar 21 15:37:29 2023:DEBUG:setData: Setting HCFC141b_emissions[1828]=0
Tue Mar 21 15:37:29 2023:DEBUG:setData: Setting HCFC141b_emissions[1829]=0
Tue Mar 21 15:37:29 2023:DEBUG:setData: Setting HCFC141b_emissions[1830]=0
Tue Mar 21 15:37:29 2023:DEBUG:setData: Setting HCFC141b_emissions[1831]=0
Tue Mar 21 15:37:29 2023:DEBUG:setData: Setting HCFC141b_emissions[1832]=0
Tue Mar 21 15:37:29 2023:DEBUG:setData: Setting HCFC141b_emissions[1833]=0
Tue Mar 21 15:37:29 2023:DEBUG:setData: Setting HCFC141b_emissions[1834]=0
Tue Mar 21 15:37:29 2023:DEBUG:setData: Setting HCFC141b_emissions[1835]=0
Tue Mar 21 15:37:29 2023:DEBUG:setData: Setting HCFC141b_emissions[1836]=0
Tue Mar 21 15:37:29 2023:DEBUG:setData: Setting HCFC141b_emissions[1837]=0
Tue Mar 21 15:37:29 2023:DEBUG:setData: Setting HCFC141b_emissions[1838]=0
Tue Mar 21 15:37:29 2023:DEBUG:setData: Setting HCFC141b_emissions[1839]=0
Tue Mar 21 15:37:29 2023:DEBUG:setData: Setting HCFC141b_emissions[1840]=0
Tue Mar 21 15:37:29 2023:DEBUG:setData: Setting HCFC141b_emissions[1841]=0
Tue Mar 21 15:37:29 2023:DEBUG:setData: Setting HCFC141b_emissions[1842]=0
Tue Mar 21 15:37:29 2023:DEBUG:setData: Setting HCFC141b_emissions[1843]=0
Tue Mar 21 15:37:29 2023:DEBUG:setData: Setting HCFC141b_emissions[1844]=0
Tue Mar 21 15:37:29 2023:DEBUG:setData: Setting HCFC141b_emissions[1845]=0
Tue Mar 21 15:37:29 2023:DEBUG:setData: Setting HCFC141b_emissions[1846]=0
Tue Mar 21 15:37:29 2023:DEBUG:setData: Setting HCFC141b_emissions[1847]=0
Tue Mar 21 15:37:29 2023:DEBUG:setData: Setting HCFC141b_emissions[1848]=0
Tue Mar 21 15:37:29 2023:DEBUG:setData: Setting HCFC141b_emissions[1849]=0
Tue Mar 21 15:37:29 2023:DEBUG:setData: Setting HCFC141b_emissions[1850]=0
Tue Mar 21 15:37:29 2023:DEBUG:setData: Setting HCFC141b_emissions[1851]=0
Tue Mar 21 15:37:29 2023:DEBUG:setData: Setting HCFC141b_emissions[1852]=0
Tue Mar 21 15:37:29 2023:DEBUG:setData: Setting HCFC141b_emissions[1853]=0
Tue Mar 21 15:37:29 2023:DEBUG:setData: Setting HCFC141b_emissions[1854]=0
Tue Mar 21 15:37:29 2023:DEBUG:setData: Setting HCFC141b_emissions[1855]=0
Tue Mar 21 15:37:29 2023:DEBUG:setData: Setting HCFC141b_emissions[1856]=0
Tue Mar 21 15:37:29 2023:DEBUG:setData: Setting HCFC141b_emissions[1857]=0
Tue Mar 21 15:37:29 2023:DEBUG:setData: Setting HCFC141b_emissions[1858]=0
Tue Mar 21 15:37:29 2023:DEBUG:setData: Setting HCFC141b_emissions[1859]=0
Tue Mar 21 15:37:29 2023:DEBUG:setData: Setting HCFC141b_emissions[1860]=0
Tue Mar 21 15:37:29 2023:DEBUG:setData: Setting HCFC141b_emissions[1861]=0
Tue Mar 21 15:37:29 2023:DEBUG:setData: Setting HCFC141b_emissions[1862]=0
Tue Mar 21 15:37:29 2023:DEBUG:setData: Setting HCFC141b_emissions[1863]=0
Tue Mar 21 15:37:29 2023:DEBUG:setData: Setting HCFC141b_emissions[1864]=0
Tue Mar 21 15:37:29 2023:DEBUG:setData: Setting HCFC141b_emissions[1865]=0
Tue Mar 21 15:37:29 2023:DEBUG:setData: Setting HCFC141b_emissions[1866]=0
Tue Mar 21 15:37:29 2023:DEBUG:setData: Setting HCFC141b_emissions[1867]=0
Tue Mar 21 15:37:29 2023:DEBUG:setData: Setting HCFC141b_emissions[1868]=0
Tue Mar 21 15:37:29 2023:DEBUG:setData: Setting HCFC141b_emissions[1869]=0
Tue Mar 21 15:37:29 2023:DEBUG:setData: Setting HCFC141b_emissions[1870]=0
Tue Mar 21 15:37:29 2023:DEBUG:setData: Setting HCFC141b_emissions[1871]=0
Tue Mar 21 15:37:29 2023:DEBUG:setData: Setting HCFC141b_emissions[1872]=0
Tue Mar 21 15:37:29 2023:DEBUG:setData: Setting HCFC141b_emissions[1873]=0
Tue Mar 21 15:37:29 2023:DEBUG:setData: Setting HCFC141b_emissions[1874]=0
Tue Mar 21 15:37:29 2023:DEBUG:setData: Setting HCFC141b_emissions[1875]=0
Tue Mar 21 15:37:29 2023:DEBUG:setData: Setting HCFC141b_emissions[1876]=0
Tue Mar 21 15:37:29 2023:DEBUG:setData: Setting HCFC141b_emissions[1877]=0
Tue Mar 21 15:37:29 2023:DEBUG:setData: Setting HCFC141b_emissions[1878]=0
Tue Mar 21 15:37:29 2023:DEBUG:setData: Setting HCFC141b_emissions[1879]=0
Tue Mar 21 15:37:29 2023:DEBUG:setData: Setting HCFC141b_emissions[1880]=0
Tue Mar 21 15:37:29 2023:DEBUG:setData: Setting HCFC141b_emissions[1881]=0
Tue Mar 21 15:37:29 2023:DEBUG:setData: Setting HCFC141b_emissions[1882]=0
Tue Mar 21 15:37:29 2023:DEBUG:setData: Setting HCFC141b_emissions[1883]=0
Tue Mar 21 15:37:29 2023:DEBUG:setData: Setting HCFC141b_emissions[1884]=0
Tue Mar 21 15:37:29 2023:DEBUG:setData: Setting HCFC141b_emissions[1885]=0
Tue Mar 21 15:37:29 2023:DEBUG:setData: Setting HCFC141b_emissions[1886]=0
Tue Mar 21 15:37:29 2023:DEBUG:setData: Setting HCFC141b_emissions[1887]=0
Tue Mar 21 15:37:29 2023:DEBUG:setData: Setting HCFC141b_emissions[1888]=0
Tue Mar 21 15:37:29 2023:DEBUG:setData: Setting HCFC141b_emissions[1889]=0
Tue Mar 21 15:37:29 2023:DEBUG:setData: Setting HCFC141b_emissions[1890]=0
Tue Mar 21 15:37:29 2023:DEBUG:setData: Setting HCFC141b_emissions[1891]=0
Tue Mar 21 15:37:29 2023:DEBUG:setData: Setting HCFC141b_emissions[1892]=0
Tue Mar 21 15:37:29 2023:DEBUG:setData: Setting HCFC141b_emissions[1893]=0
Tue Mar 21 15:37:29 2023:DEBUG:setData: Setting HCFC141b_emissions[1894]=0
Tue Mar 21 15:37:29 2023:DEBUG:setData: Setting HCFC141b_emissions[1895]=0
Tue Mar 21 15:37:29 2023:DEBUG:setData: Setting HCFC141b_emissions[1896]=0
Tue Mar 21 15:37:29 2023:DEBUG:setData: Setting HCFC141b_emissions[1897]=0
Tue Mar 21 15:37:29 2023:DEBUG:setData: Setting HCFC141b_emissions[1898]=0
Tue Mar 21 15:37:29 2023:DEBUG:setData: Setting HCFC141b_emissions[1899]=0
Tue Mar 21 15:37:29 2023:DEBUG:setData: Setting HCFC141b_emissions[1900]=0
Tue Mar 21 15:37:29 2023:DEBUG:setData: Setting HCFC141b_emissions[1901]=0
Tue Mar 21 15:37:29 2023:DEBUG:setData: Setting HCFC141b_emissions[1902]=0
Tue Mar 21 15:37:29 2023:DEBUG:setData: Setting HCFC141b_emissions[1903]=0
Tue Mar 21 15:37:29 2023:DEBUG:setData: Setting HCFC141b_emissions[1904]=0
Tue Mar 21 15:37:29 2023:DEBUG:setData: Setting HCFC141b_emissions[1905]=0
Tue Mar 21 15:37:29 2023:DEBUG:setData: Setting HCFC141b_emissions[1906]=0
Tue Mar 21 15:37:29 2023:DEBUG:setData: Setting HCFC141b_emissions[1907]=0
Tue Mar 21 15:37:29 2023:DEBUG:setData: Setting HCFC141b_emissions[1908]=0
Tue Mar 21 15:37:29 2023:DEBUG:setData: Setting HCFC141b_emissions[1909]=0
Tue Mar 21 15:37:29 2023:DEBUG:setData: Setting HCFC141b_emissions[1910]=0
Tue Mar 21 15:37:29 2023:DEBUG:setData: Setting HCFC141b_emissions[1911]=0
Tue Mar 21 15:37:29 2023:DEBUG:setData: Setting HCFC141b_emissions[1912]=0
Tue Mar 21 15:37:29 2023:DEBUG:setData: Setting HCFC141b_emissions[1913]=0
Tue Mar 21 15:37:29 2023:DEBUG:setData: Setting HCFC141b_emissions[1914]=0
Tue Mar 21 15:37:29 2023:DEBUG:setData: Setting HCFC141b_emissions[1915]=0
Tue Mar 21 15:37:29 2023:DEBUG:setData: Setting HCFC141b_emissions[1916]=0
Tue Mar 21 15:37:29 2023:DEBUG:setData: Setting HCFC141b_emissions[1917]=0
Tue Mar 21 15:37:29 2023:DEBUG:setData: Setting HCFC141b_emissions[1918]=0
Tue Mar 21 15:37:29 2023:DEBUG:setData: Setting HCFC141b_emissions[1919]=0
Tue Mar 21 15:37:29 2023:DEBUG:setData: Setting HCFC141b_emissions[1920]=0
Tue Mar 21 15:37:29 2023:DEBUG:setData: Setting HCFC141b_emissions[1921]=0
Tue Mar 21 15:37:29 2023:DEBUG:setData: Setting HCFC141b_emissions[1922]=0
Tue Mar 21 15:37:29 2023:DEBUG:setData: Setting HCFC141b_emissions[1923]=0
Tue Mar 21 15:37:29 2023:DEBUG:setData: Setting HCFC141b_emissions[1924]=0
Tue Mar 21 15:37:29 2023:DEBUG:setData: Setting HCFC141b_emissions[1925]=0
Tue Mar 21 15:37:29 2023:DEBUG:setData: Setting HCFC141b_emissions[1926]=0
Tue Mar 21 15:37:29 2023:DEBUG:setData: Setting HCFC141b_emissions[1927]=0
Tue Mar 21 15:37:29 2023:DEBUG:setData: Setting HCFC141b_emissions[1928]=0
Tue Mar 21 15:37:29 2023:DEBUG:setData: Setting HCFC141b_emissions[1929]=0
Tue Mar 21 15:37:29 2023:DEBUG:setData: Setting HCFC141b_emissions[1930]=0
Tue Mar 21 15:37:29 2023:DEBUG:setData: Setting HCFC141b_emissions[1931]=0
Tue Mar 21 15:37:29 2023:DEBUG:setData: Setting HCFC141b_emissions[1932]=0
Tue Mar 21 15:37:29 2023:DEBUG:setData: Setting HCFC141b_emissions[1933]=0
Tue Mar 21 15:37:29 2023:DEBUG:setData: Setting HCFC141b_emissions[1934]=0
Tue Mar 21 15:37:29 2023:DEBUG:setData: Setting HCFC141b_emissions[1935]=0
Tue Mar 21 15:37:29 2023:DEBUG:setData: Setting HCFC141b_emissions[1936]=0
Tue Mar 21 15:37:29 2023:DEBUG:setData: Setting HCFC141b_emissions[1937]=0
Tue Mar 21 15:37:29 2023:DEBUG:setData: Setting HCFC141b_emissions[1938]=0
Tue Mar 21 15:37:29 2023:DEBUG:setData: Setting HCFC141b_emissions[1939]=0
Tue Mar 21 15:37:29 2023:DEBUG:setData: Setting HCFC141b_emissions[1940]=0
Tue Mar 21 15:37:29 2023:DEBUG:setData: Setting HCFC141b_emissions[1941]=0
Tue Mar 21 15:37:29 2023:DEBUG:setData: Setting HCFC141b_emissions[1942]=0
Tue Mar 21 15:37:29 2023:DEBUG:setData: Setting HCFC141b_emissions[1943]=0
Tue Mar 21 15:37:29 2023:DEBUG:setData: Setting HCFC141b_emissions[1944]=0
Tue Mar 21 15:37:29 2023:DEBUG:setData: Setting HCFC141b_emissions[1945]=0
Tue Mar 21 15:37:29 2023:DEBUG:setData: Setting HCFC141b_emissions[1946]=0
Tue Mar 21 15:37:29 2023:DEBUG:setData: Setting HCFC141b_emissions[1947]=0
Tue Mar 21 15:37:29 2023:DEBUG:setData: Setting HCFC141b_emissions[1948]=0
Tue Mar 21 15:37:29 2023:DEBUG:setData: Setting HCFC141b_emissions[1949]=0
Tue Mar 21 15:37:29 2023:DEBUG:setData: Setting HCFC141b_emissions[1950]=0
Tue Mar 21 15:37:29 2023:DEBUG:setData: Setting HCFC141b_emissions[1951]=0
Tue Mar 21 15:37:29 2023:DEBUG:setData: Setting HCFC141b_emissions[1952]=0
Tue Mar 21 15:37:29 2023:DEBUG:setData: Setting HCFC141b_emissions[1953]=0
Tue Mar 21 15:37:29 2023:DEBUG:setData: Setting HCFC141b_emissions[1954]=0
Tue Mar 21 15:37:29 2023:DEBUG:setData: Setting HCFC141b_emissions[1955]=0
Tue Mar 21 15:37:29 2023:DEBUG:setData: Setting HCFC141b_emissions[1956]=0
Tue Mar 21 15:37:29 2023:DEBUG:setData: Setting HCFC141b_emissions[1957]=0
Tue Mar 21 15:37:29 2023:DEBUG:setData: Setting HCFC141b_emissions[1958]=0
Tue Mar 21 15:37:29 2023:DEBUG:setData: Setting HCFC141b_emissions[1959]=0
Tue Mar 21 15:37:29 2023:DEBUG:setData: Setting HCFC141b_emissions[1960]=0
Tue Mar 21 15:37:29 2023:DEBUG:setData: Setting HCFC141b_emissions[1961]=0
Tue Mar 21 15:37:29 2023:DEBUG:setData: Setting HCFC141b_emissions[1962]=0
Tue Mar 21 15:37:29 2023:DEBUG:setData: Setting HCFC141b_emissions[1963]=0
Tue Mar 21 15:37:29 2023:DEBUG:setData: Setting HCFC141b_emissions[1964]=0
Tue Mar 21 15:37:29 2023:DEBUG:setData: Setting HCFC141b_emissions[1965]=0
Tue Mar 21 15:37:29 2023:DEBUG:setData: Setting HCFC141b_emissions[1966]=0
Tue Mar 21 15:37:29 2023:DEBUG:setData: Setting HCFC141b_emissions[1967]=0
Tue Mar 21 15:37:29 2023:DEBUG:setData: Setting HCFC141b_emissions[1968]=0
Tue Mar 21 15:37:29 2023:DEBUG:setData: Setting HCFC141b_emissions[1969]=0
Tue Mar 21 15:37:29 2023:DEBUG:setData: Setting HCFC141b_emissions[1970]=0
Tue Mar 21 15:37:29 2023:DEBUG:setData: Setting HCFC141b_emissions[1971]=0
Tue Mar 21 15:37:29 2023:DEBUG:setData: Setting HCFC141b_emissions[1972]=0
Tue Mar 21 15:37:29 2023:DEBUG:setData: Setting HCFC141b_emissions[1973]=0
Tue Mar 21 15:37:29 2023:DEBUG:setData: Setting HCFC141b_emissions[1974]=0
Tue Mar 21 15:37:29 2023:DEBUG:setData: Setting HCFC141b_emissions[1975]=0
Tue Mar 21 15:37:29 2023:DEBUG:setData: Setting HCFC141b_emissions[1976]=0
Tue Mar 21 15:37:29 2023:DEBUG:setData: Setting HCFC141b_emissions[1977]=0
Tue Mar 21 15:37:29 2023:DEBUG:setData: Setting HCFC141b_emissions[1978]=0
Tue Mar 21 15:37:29 2023:DEBUG:setData: Setting HCFC141b_emissions[1979]=0
Tue Mar 21 15:37:29 2023:DEBUG:setData: Setting HCFC141b_emissions[1980]=0
Tue Mar 21 15:37:29 2023:DEBUG:setData: Setting HCFC141b_emissions[1981]=0
Tue Mar 21 15:37:29 2023:DEBUG:setData: Setting HCFC141b_emissions[1982]=0
Tue Mar 21 15:37:29 2023:DEBUG:setData: Setting HCFC141b_emissions[1983]=0
Tue Mar 21 15:37:29 2023:DEBUG:setData: Setting HCFC141b_emissions[1984]=0
Tue Mar 21 15:37:29 2023:DEBUG:setData: Setting HCFC141b_emissions[1985]=0
Tue Mar 21 15:37:29 2023:DEBUG:setData: Setting HCFC141b_emissions[1986]=0
Tue Mar 21 15:37:29 2023:DEBUG:setData: Setting HCFC141b_emissions[1987]=0.001157823
Tue Mar 21 15:37:29 2023:DEBUG:setData: Setting HCFC141b_emissions[1988]=0.34924766
Tue Mar 21 15:37:29 2023:DEBUG:setData: Setting HCFC141b_emissions[1989]=0.72136249
Tue Mar 21 15:37:29 2023:DEBUG:setData: Setting HCFC141b_emissions[1990]=1.5203264
Tue Mar 21 15:37:29 2023:DEBUG:setData: Setting HCFC141b_emissions[1991]=6.9394223
Tue Mar 21 15:37:29 2023:DEBUG:setData: Setting HCFC141b_emissions[1992]=22.26499
Tue Mar 21 15:37:29 2023:DEBUG:setData: Setting HCFC141b_emissions[1993]=34.33223
Tue Mar 21 15:37:29 2023:DEBUG:setData: Setting HCFC141b_emissions[1994]=45.287421
Tue Mar 21 15:37:29 2023:DEBUG:setData: Setting HCFC141b_emissions[1995]=51.095458
Tue Mar 21 15:37:29 2023:DEBUG:setData: Setting HCFC141b_emissions[1996]=53.568363
Tue Mar 21 15:37:29 2023:DEBUG:setData: Setting HCFC141b_emissions[1997]=55.763481
Tue Mar 21 15:37:29 2023:DEBUG:setData: Setting HCFC141b_emissions[1998]=55.956781
Tue Mar 21 15:37:29 2023:DEBUG:setData: Setting HCFC141b_emissions[1999]=58.338707
Tue Mar 21 15:37:29 2023:DEBUG:setData: Setting HCFC141b_emissions[2000]=56.341686
Tue Mar 21 15:37:29 2023:DEBUG:setData: Setting HCFC141b_emissions[2001]=56.368781
Tue Mar 21 15:37:29 2023:DEBUG:setData: Setting HCFC141b_emissions[2002]=50.843174
Tue Mar 21 15:37:29 2023:DEBUG:setData: Setting HCFC141b_emissions[2003]=44.441172
Tue Mar 21 15:37:29 2023:DEBUG:setData: Setting HCFC141b_emissions[2004]=49.135801
Tue Mar 21 15:37:29 2023:DEBUG:setData: Setting HCFC141b_emissions[2005]=53.955471
Tue Mar 21 15:37:29 2023:DEBUG:setData: Setting HCFC141b_emissions[2006]=51.911598
Tue Mar 21 15:37:29 2023:DEBUG:setData: Setting HCFC141b_emissions[2007]=49.953532
Tue Mar 21 15:37:29 2023:DEBUG:setData: Setting HCFC141b_emissions[2008]=54.881457
Tue Mar 21 15:37:29 2023:DEBUG:setData: Setting HCFC141b_emissions[2009]=61.506343
Tue Mar 21 15:37:29 2023:DEBUG:setData: Setting HCFC141b_emissions[2010]=65.209531
Tue Mar 21 15:37:29 2023:DEBUG:setData: Setting HCFC141b_emissions[2011]=67.690592
Tue Mar 21 15:37:29 2023:DEBUG:setData: Setting HCFC141b_emissions[2012]=63.311547
Tue Mar 21 15:37:29 2023:DEBUG:setData: Setting HCFC141b_emissions[2013]=59.817791
Tue Mar 21 15:37:29 2023:DEBUG:setData: Setting HCFC141b_emissions[2014]=59.82
Tue Mar 21 15:37:29 2023:DEBUG:setData: Setting HCFC141b_emissions[2015]=59.82
Tue Mar 21 15:37:29 2023:DEBUG:setData: Setting HCFC141b_emissions[2016]=60.8428786
Tue Mar 21 15:37:29 2023:DEBUG:setData: Setting HCFC141b_emissions[2017]=61.8657572
Tue Mar 21 15:37:29 2023:DEBUG:setData: Setting HCFC141b_emissions[2018]=62.8886358
Tue Mar 21 15:37:29 2023:DEBUG:setData: Setting HCFC141b_emissions[2019]=63.9115144
Tue Mar 21 15:37:29 2023:DEBUG:setData: Setting HCFC141b_emissions[2020]=64.934393
Tue Mar 21 15:37:29 2023:DEBUG:setData: Setting HCFC141b_emissions[2021]=63.8401921
Tue Mar 21 15:37:29 2023:DEBUG:setData: Setting HCFC141b_emissions[2022]=62.7459912
Tue Mar 21 15:37:29 2023:DEBUG:setData: Setting HCFC141b_emissions[2023]=61.6517903
Tue Mar 21 15:37:29 2023:DEBUG:setData: Setting HCFC141b_emissions[2024]=60.5575894
Tue Mar 21 15:37:29 2023:DEBUG:setData: Setting HCFC141b_emissions[2025]=59.4633885
Tue Mar 21 15:37:29 2023:DEBUG:setData: Setting HCFC141b_emissions[2026]=58.3691876
Tue Mar 21 15:37:29 2023:DEBUG:setData: Setting HCFC141b_emissions[2027]=57.2749867
Tue Mar 21 15:37:29 2023:DEBUG:setData: Setting HCFC141b_emissions[2028]=56.1807858
Tue Mar 21 15:37:29 2023:DEBUG:setData: Setting HCFC141b_emissions[2029]=55.0865849
Tue Mar 21 15:37:29 2023:DEBUG:setData: Setting HCFC141b_emissions[2030]=53.992384
Tue Mar 21 15:37:29 2023:DEBUG:setData: Setting HCFC141b_emissions[2031]=51.7698
Tue Mar 21 15:37:29 2023:DEBUG:setData: Setting HCFC141b_emissions[2032]=49.547216
Tue Mar 21 15:37:29 2023:DEBUG:setData: Setting HCFC141b_emissions[2033]=47.324632
Tue Mar 21 15:37:29 2023:DEBUG:setData: Setting HCFC141b_emissions[2034]=45.102048
Tue Mar 21 15:37:29 2023:DEBUG:setData: Setting HCFC141b_emissions[2035]=42.879464
Tue Mar 21 15:37:29 2023:DEBUG:setData: Setting HCFC141b_emissions[2036]=40.65688
Tue Mar 21 15:37:29 2023:DEBUG:setData: Setting HCFC141b_emissions[2037]=38.434296
Tue Mar 21 15:37:29 2023:DEBUG:setData: Setting HCFC141b_emissions[2038]=36.211712
Tue Mar 21 15:37:29 2023:DEBUG:setData: Setting HCFC141b_emissions[2039]=33.989128
Tue Mar 21 15:37:29 2023:DEBUG:setData: Setting HCFC141b_emissions[2040]=31.766544
Tue Mar 21 15:37:29 2023:DEBUG:setData: Setting HCFC141b_emissions[2041]=30.4061322
Tue Mar 21 15:37:29 2023:DEBUG:setData: Setting HCFC141b_emissions[2042]=29.0457204
Tue Mar 21 15:37:29 2023:DEBUG:setData: Setting HCFC141b_emissions[2043]=27.6853086
Tue Mar 21 15:37:29 2023:DEBUG:setData: Setting HCFC141b_emissions[2044]=26.3248968
Tue Mar 21 15:37:29 2023:DEBUG:setData: Setting HCFC141b_emissions[2045]=24.964485
Tue Mar 21 15:37:29 2023:DEBUG:setData: Setting HCFC141b_emissions[2046]=23.6040732
Tue Mar 21 15:37:29 2023:DEBUG:setData: Setting HCFC141b_emissions[2047]=22.2436614
Tue Mar 21 15:37:29 2023:DEBUG:setData: Setting HCFC141b_emissions[2048]=20.8832496
Tue Mar 21 15:37:29 2023:DEBUG:setData: Setting HCFC141b_emissions[2049]=19.5228378
Tue Mar 21 15:37:29 2023:DEBUG:setData: Setting HCFC141b_emissions[2050]=18.162426
Tue Mar 21 15:37:29 2023:DEBUG:setData: Setting HCFC141b_emissions[2051]=17.3846094
Tue Mar 21 15:37:29 2023:DEBUG:setData: Setting HCFC141b_emissions[2052]=16.6067928
Tue Mar 21 15:37:29 2023:DEBUG:setData: Setting HCFC141b_emissions[2053]=15.8289762
Tue Mar 21 15:37:29 2023:DEBUG:setData: Setting HCFC141b_emissions[2054]=15.0511596
Tue Mar 21 15:37:29 2023:DEBUG:setData: Setting HCFC141b_emissions[2055]=14.273343
Tue Mar 21 15:37:29 2023:DEBUG:setData: Setting HCFC141b_emissions[2056]=13.4955264
Tue Mar 21 15:37:29 2023:DEBUG:setData: Setting HCFC141b_emissions[2057]=12.7177098
Tue Mar 21 15:37:29 2023:DEBUG:setData: Setting HCFC141b_emissions[2058]=11.9398932
Tue Mar 21 15:37:29 2023:DEBUG:setData: Setting HCFC141b_emissions[2059]=11.1620766
Tue Mar 21 15:37:29 2023:DEBUG:setData: Setting HCFC141b_emissions[2060]=10.38426
Tue Mar 21 15:37:29 2023:DEBUG:setData: Setting HCFC141b_emissions[2061]=9.93955833
Tue Mar 21 15:37:29 2023:DEBUG:setData: Setting HCFC141b_emissions[2062]=9.49485666
Tue Mar 21 15:37:29 2023:DEBUG:setData: Setting HCFC141b_emissions[2063]=9.05015499
Tue Mar 21 15:37:29 2023:DEBUG:setData: Setting HCFC141b_emissions[2064]=8.60545332
Tue Mar 21 15:37:29 2023:DEBUG:setData: Setting HCFC141b_emissions[2065]=8.16075165
Tue Mar 21 15:37:29 2023:DEBUG:setData: Setting HCFC141b_emissions[2066]=7.71604998
Tue Mar 21 15:37:29 2023:DEBUG:setData: Setting HCFC141b_emissions[2067]=7.27134831
Tue Mar 21 15:37:29 2023:DEBUG:setData: Setting HCFC141b_emissions[2068]=6.82664664
Tue Mar 21 15:37:29 2023:DEBUG:setData: Setting HCFC141b_emissions[2069]=6.38194497
Tue Mar 21 15:37:29 2023:DEBUG:setData: Setting HCFC141b_emissions[2070]=5.9372433
Tue Mar 21 15:37:29 2023:DEBUG:setData: Setting HCFC141b_emissions[2071]=5.68298413
Tue Mar 21 15:37:29 2023:DEBUG:setData: Setting HCFC141b_emissions[2072]=5.42872496
Tue Mar 21 15:37:29 2023:DEBUG:setData: Setting HCFC141b_emissions[2073]=5.17446579
Tue Mar 21 15:37:29 2023:DEBUG:setData: Setting HCFC141b_emissions[2074]=4.92020662
Tue Mar 21 15:37:29 2023:DEBUG:setData: Setting HCFC141b_emissions[2075]=4.66594745
Tue Mar 21 15:37:29 2023:DEBUG:setData: Setting HCFC141b_emissions[2076]=4.41168828
Tue Mar 21 15:37:29 2023:DEBUG:setData: Setting HCFC141b_emissions[2077]=4.15742911
Tue Mar 21 15:37:29 2023:DEBUG:setData: Setting HCFC141b_emissions[2078]=3.90316994
Tue Mar 21 15:37:29 2023:DEBUG:setData: Setting HCFC141b_emissions[2079]=3.64891077
Tue Mar 21 15:37:29 2023:DEBUG:setData: Setting HCFC141b_emissions[2080]=3.3946516
Tue Mar 21 15:37:29 2023:DEBUG:setData: Setting HCFC141b_emissions[2081]=3.24927085
Tue Mar 21 15:37:29 2023:DEBUG:setData: Setting HCFC141b_emissions[2082]=3.1038901
Tue Mar 21 15:37:29 2023:DEBUG:setData: Setting HCFC141b_emissions[2083]=2.95850935
Tue Mar 21 15:37:29 2023:DEBUG:setData: Setting HCFC141b_emissions[2084]=2.8131286
Tue Mar 21 15:37:29 2023:DEBUG:setData: Setting HCFC141b_emissions[2085]=2.66774785
Tue Mar 21 15:37:29 2023:DEBUG:setData: Setting HCFC141b_emissions[2086]=2.5223671
Tue Mar 21 15:37:29 2023:DEBUG:setData: Setting HCFC141b_emissions[2087]=2.37698635
Tue Mar 21 15:37:29 2023:DEBUG:setData: Setting HCFC141b_emissions[2088]=2.2316056
Tue Mar 21 15:37:29 2023:DEBUG:setData: Setting HCFC141b_emissions[2089]=2.08622485
Tue Mar 21 15:37:29 2023:DEBUG:setData: Setting HCFC141b_emissions[2090]=1.9408441
Tue Mar 21 15:37:29 2023:DEBUG:setData: Setting HCFC141b_emissions[2091]=1.86679494
Tue Mar 21 15:37:29 2023:DEBUG:setData: Setting HCFC141b_emissions[2092]=1.79274578
Tue Mar 21 15:37:29 2023:DEBUG:setData: Setting HCFC141b_emissions[2093]=1.71869662
Tue Mar 21 15:37:29 2023:DEBUG:setData: Setting HCFC141b_emissions[2094]=1.64464746
Tue Mar 21 15:37:29 2023:DEBUG:setData: Setting HCFC141b_emissions[2095]=1.5705983
Tue Mar 21 15:37:29 2023:DEBUG:setData: Setting HCFC141b_emissions[2096]=1.49654914
Tue Mar 21 15:37:29 2023:DEBUG:setData: Setting HCFC141b_emissions[2097]=1.42249998
Tue Mar 21 15:37:29 2023:DEBUG:setData: Setting HCFC141b_emissions[2098]=1.34845082
Tue Mar 21 15:37:29 2023:DEBUG:setData: Setting HCFC141b_emissions[2099]=1.27440166
Tue Mar 21 15:37:29 2023:DEBUG:setData: Setting HCFC141b_emissions[2100]=1.2003525
Tue Mar 21 15:37:29 2023:DEBUG:setData: Setting HCFC141b_emissions[2101]=1.19235015
Tue Mar 21 15:37:29 2023:DEBUG:setData: Setting HCFC141b_emissions[2102]=1.1843478
Tue Mar 21 15:37:29 2023:DEBUG:setData: Setting HCFC141b_emissions[2103]=1.17634545
Tue Mar 21 15:37:29 2023:DEBUG:setData: Setting HCFC141b_emissions[2104]=1.1683431
Tue Mar 21 15:37:29 2023:DEBUG:setData: Setting HCFC141b_emissions[2105]=1.16034075
Tue Mar 21 15:37:29 2023:DEBUG:setData: Setting HCFC141b_emissions[2106]=1.1523384
Tue Mar 21 15:37:29 2023:DEBUG:setData: Setting HCFC141b_emissions[2107]=1.14433605
Tue Mar 21 15:37:29 2023:DEBUG:setData: Setting HCFC141b_emissions[2108]=1.1363337
Tue Mar 21 15:37:29 2023:DEBUG:setData: Setting HCFC141b_emissions[2109]=1.12833135
Tue Mar 21 15:37:29 2023:DEBUG:setData: Setting HCFC141b_emissions[2110]=1.120329
Tue Mar 21 15:37:29 2023:DEBUG:setData: Setting HCFC141b_emissions[2111]=1.11232665
Tue Mar 21 15:37:29 2023:DEBUG:setData: Setting HCFC141b_emissions[2112]=1.1043243
Tue Mar 21 15:37:29 2023:DEBUG:setData: Setting HCFC141b_emissions[2113]=1.09632195
Tue Mar 21 15:37:29 2023:DEBUG:setData: Setting HCFC141b_emissions[2114]=1.0883196
Tue Mar 21 15:37:29 2023:DEBUG:setData: Setting HCFC141b_emissions[2115]=1.08031725
Tue Mar 21 15:37:29 2023:DEBUG:setData: Setting HCFC141b_emissions[2116]=1.0723149
Tue Mar 21 15:37:29 2023:DEBUG:setData: Setting HCFC141b_emissions[2117]=1.06431255
Tue Mar 21 15:37:29 2023:DEBUG:setData: Setting HCFC141b_emissions[2118]=1.0563102
Tue Mar 21 15:37:29 2023:DEBUG:setData: Setting HCFC141b_emissions[2119]=1.04830785
Tue Mar 21 15:37:29 2023:DEBUG:setData: Setting HCFC141b_emissions[2120]=1.0403055
Tue Mar 21 15:37:29 2023:DEBUG:setData: Setting HCFC141b_emissions[2121]=1.03230315
Tue Mar 21 15:37:29 2023:DEBUG:setData: Setting HCFC141b_emissions[2122]=1.0243008
Tue Mar 21 15:37:29 2023:DEBUG:setData: Setting HCFC141b_emissions[2123]=1.01629845
Tue Mar 21 15:37:29 2023:DEBUG:setData: Setting HCFC141b_emissions[2124]=1.0082961
Tue Mar 21 15:37:29 2023:DEBUG:setData: Setting HCFC141b_emissions[2125]=1.00029375
Tue Mar 21 15:37:29 2023:DEBUG:setData: Setting HCFC141b_emissions[2126]=0.9922914
Tue Mar 21 15:37:29 2023:DEBUG:setData: Setting HCFC141b_emissions[2127]=0.98428905
Tue Mar 21 15:37:29 2023:DEBUG:setData: Setting HCFC141b_emissions[2128]=0.9762867
Tue Mar 21 15:37:29 2023:DEBUG:setData: Setting HCFC141b_emissions[2129]=0.96828435
Tue Mar 21 15:37:29 2023:DEBUG:setData: Setting HCFC141b_emissions[2130]=0.960282
Tue Mar 21 15:37:29 2023:DEBUG:setData: Setting HCFC141b_emissions[2131]=0.95227965
Tue Mar 21 15:37:29 2023:DEBUG:setData: Setting HCFC141b_emissions[2132]=0.9442773
Tue Mar 21 15:37:29 2023:DEBUG:setData: Setting HCFC141b_emissions[2133]=0.93627495
Tue Mar 21 15:37:29 2023:DEBUG:setData: Setting HCFC141b_emissions[2134]=0.9282726
Tue Mar 21 15:37:29 2023:DEBUG:setData: Setting HCFC141b_emissions[2135]=0.92027025
Tue Mar 21 15:37:29 2023:DEBUG:setData: Setting HCFC141b_emissions[2136]=0.9122679
Tue Mar 21 15:37:29 2023:DEBUG:setData: Setting HCFC141b_emissions[2137]=0.90426555
Tue Mar 21 15:37:29 2023:DEBUG:setData: Setting HCFC141b_emissions[2138]=0.8962632
Tue Mar 21 15:37:29 2023:DEBUG:setData: Setting HCFC141b_emissions[2139]=0.88826085
Tue Mar 21 15:37:29 2023:DEBUG:setData: Setting HCFC141b_emissions[2140]=0.8802585
Tue Mar 21 15:37:29 2023:DEBUG:setData: Setting HCFC141b_emissions[2141]=0.87225615
Tue Mar 21 15:37:29 2023:DEBUG:setData: Setting HCFC141b_emissions[2142]=0.8642538
Tue Mar 21 15:37:29 2023:DEBUG:setData: Setting HCFC141b_emissions[2143]=0.85625145
Tue Mar 21 15:37:29 2023:DEBUG:setData: Setting HCFC141b_emissions[2144]=0.8482491
Tue Mar 21 15:37:29 2023:DEBUG:setData: Setting HCFC141b_emissions[2145]=0.84024675
Tue Mar 21 15:37:29 2023:DEBUG:setData: Setting HCFC141b_emissions[2146]=0.8322444
Tue Mar 21 15:37:29 2023:DEBUG:setData: Setting HCFC141b_emissions[2147]=0.82424205
Tue Mar 21 15:37:29 2023:DEBUG:setData: Setting HCFC141b_emissions[2148]=0.8162397
Tue Mar 21 15:37:29 2023:DEBUG:setData: Setting HCFC141b_emissions[2149]=0.80823735
Tue Mar 21 15:37:29 2023:DEBUG:setData: Setting HCFC141b_emissions[2150]=0.800235
Tue Mar 21 15:37:29 2023:DEBUG:setData: Setting HCFC141b_emissions[2151]=0.79223265
Tue Mar 21 15:37:29 2023:DEBUG:setData: Setting HCFC141b_emissions[2152]=0.7842303
Tue Mar 21 15:37:29 2023:DEBUG:setData: Setting HCFC141b_emissions[2153]=0.77622795
Tue Mar 21 15:37:29 2023:DEBUG:setData: Setting HCFC141b_emissions[2154]=0.7682256
Tue Mar 21 15:37:29 2023:DEBUG:setData: Setting HCFC141b_emissions[2155]=0.76022325
Tue Mar 21 15:37:29 2023:DEBUG:setData: Setting HCFC141b_emissions[2156]=0.7522209
Tue Mar 21 15:37:29 2023:DEBUG:setData: Setting HCFC141b_emissions[2157]=0.74421855
Tue Mar 21 15:37:29 2023:DEBUG:setData: Setting HCFC141b_emissions[2158]=0.7362162
Tue Mar 21 15:37:29 2023:DEBUG:setData: Setting HCFC141b_emissions[2159]=0.72821385
Tue Mar 21 15:37:29 2023:DEBUG:setData: Setting HCFC141b_emissions[2160]=0.7202115
Tue Mar 21 15:37:29 2023:DEBUG:setData: Setting HCFC141b_emissions[2161]=0.71220915
Tue Mar 21 15:37:29 2023:DEBUG:setData: Setting HCFC141b_emissions[2162]=0.7042068
Tue Mar 21 15:37:29 2023:DEBUG:setData: Setting HCFC141b_emissions[2163]=0.69620445
Tue Mar 21 15:37:29 2023:DEBUG:setData: Setting HCFC141b_emissions[2164]=0.6882021
Tue Mar 21 15:37:29 2023:DEBUG:setData: Setting HCFC141b_emissions[2165]=0.68019975
Tue Mar 21 15:37:29 2023:DEBUG:setData: Setting HCFC141b_emissions[2166]=0.6721974
Tue Mar 21 15:37:29 2023:DEBUG:setData: Setting HCFC141b_emissions[2167]=0.66419505
Tue Mar 21 15:37:29 2023:DEBUG:setData: Setting HCFC141b_emissions[2168]=0.6561927
Tue Mar 21 15:37:29 2023:DEBUG:setData: Setting HCFC141b_emissions[2169]=0.64819035
Tue Mar 21 15:37:29 2023:DEBUG:setData: Setting HCFC141b_emissions[2170]=0.640188
Tue Mar 21 15:37:29 2023:DEBUG:setData: Setting HCFC141b_emissions[2171]=0.63218565
Tue Mar 21 15:37:29 2023:DEBUG:setData: Setting HCFC141b_emissions[2172]=0.6241833
Tue Mar 21 15:37:29 2023:DEBUG:setData: Setting HCFC141b_emissions[2173]=0.61618095
Tue Mar 21 15:37:29 2023:DEBUG:setData: Setting HCFC141b_emissions[2174]=0.6081786
Tue Mar 21 15:37:29 2023:DEBUG:setData: Setting HCFC141b_emissions[2175]=0.60017625
Tue Mar 21 15:37:29 2023:DEBUG:setData: Setting HCFC141b_emissions[2176]=0.5921739
Tue Mar 21 15:37:29 2023:DEBUG:setData: Setting HCFC141b_emissions[2177]=0.58417155
Tue Mar 21 15:37:29 2023:DEBUG:setData: Setting HCFC141b_emissions[2178]=0.5761692
Tue Mar 21 15:37:29 2023:DEBUG:setData: Setting HCFC141b_emissions[2179]=0.56816685
Tue Mar 21 15:37:29 2023:DEBUG:setData: Setting HCFC141b_emissions[2180]=0.5601645
Tue Mar 21 15:37:29 2023:DEBUG:setData: Setting HCFC141b_emissions[2181]=0.55216215
Tue Mar 21 15:37:29 2023:DEBUG:setData: Setting HCFC141b_emissions[2182]=0.5441598
Tue Mar 21 15:37:29 2023:DEBUG:setData: Setting HCFC141b_emissions[2183]=0.53615745
Tue Mar 21 15:37:29 2023:DEBUG:setData: Setting HCFC141b_emissions[2184]=0.5281551
Tue Mar 21 15:37:29 2023:DEBUG:setData: Setting HCFC141b_emissions[2185]=0.52015275
Tue Mar 21 15:37:29 2023:DEBUG:setData: Setting HCFC141b_emissions[2186]=0.5121504
Tue Mar 21 15:37:29 2023:DEBUG:setData: Setting HCFC141b_emissions[2187]=0.50414805
Tue Mar 21 15:37:29 2023:DEBUG:setData: Setting HCFC141b_emissions[2188]=0.4961457
Tue Mar 21 15:37:29 2023:DEBUG:setData: Setting HCFC141b_emissions[2189]=0.48814335
Tue Mar 21 15:37:29 2023:DEBUG:setData: Setting HCFC141b_emissions[2190]=0.480141
Tue Mar 21 15:37:29 2023:DEBUG:setData: Setting HCFC141b_emissions[2191]=0.47213865
Tue Mar 21 15:37:29 2023:DEBUG:setData: Setting HCFC141b_emissions[2192]=0.4641363
Tue Mar 21 15:37:29 2023:DEBUG:setData: Setting HCFC141b_emissions[2193]=0.45613395
Tue Mar 21 15:37:29 2023:DEBUG:setData: Setting HCFC141b_emissions[2194]=0.4481316
Tue Mar 21 15:37:29 2023:DEBUG:setData: Setting HCFC141b_emissions[2195]=0.44012925
Tue Mar 21 15:37:29 2023:DEBUG:setData: Setting HCFC141b_emissions[2196]=0.4321269
Tue Mar 21 15:37:29 2023:DEBUG:setData: Setting HCFC141b_emissions[2197]=0.42412455
Tue Mar 21 15:37:29 2023:DEBUG:setData: Setting HCFC141b_emissions[2198]=0.4161222
Tue Mar 21 15:37:29 2023:DEBUG:setData: Setting HCFC141b_emissions[2199]=0.40811985
Tue Mar 21 15:37:29 2023:DEBUG:setData: Setting HCFC141b_emissions[2200]=0.4001175
Tue Mar 21 15:37:29 2023:DEBUG:setData: Setting HCFC141b_emissions[2201]=0.39211515
Tue Mar 21 15:37:29 2023:DEBUG:setData: Setting HCFC141b_emissions[2202]=0.3841128
Tue Mar 21 15:37:29 2023:DEBUG:setData: Setting HCFC141b_emissions[2203]=0.37611045
Tue Mar 21 15:37:29 2023:DEBUG:setData: Setting HCFC141b_emissions[2204]=0.3681081
Tue Mar 21 15:37:29 2023:DEBUG:setData: Setting HCFC141b_emissions[2205]=0.36010575
Tue Mar 21 15:37:29 2023:DEBUG:setData: Setting HCFC141b_emissions[2206]=0.3521034
Tue Mar 21 15:37:29 2023:DEBUG:setData: Setting HCFC141b_emissions[2207]=0.34410105
Tue Mar 21 15:37:29 2023:DEBUG:setData: Setting HCFC141b_emissions[2208]=0.3360987
Tue Mar 21 15:37:29 2023:DEBUG:setData: Setting HCFC141b_emissions[2209]=0.32809635
Tue Mar 21 15:37:29 2023:DEBUG:setData: Setting HCFC141b_emissions[2210]=0.320094
Tue Mar 21 15:37:29 2023:DEBUG:setData: Setting HCFC141b_emissions[2211]=0.31209165
Tue Mar 21 15:37:29 2023:DEBUG:setData: Setting HCFC141b_emissions[2212]=0.3040893
Tue Mar 21 15:37:29 2023:DEBUG:setData: Setting HCFC141b_emissions[2213]=0.29608695
Tue Mar 21 15:37:29 2023:DEBUG:setData: Setting HCFC141b_emissions[2214]=0.2880846
Tue Mar 21 15:37:29 2023:DEBUG:setData: Setting HCFC141b_emissions[2215]=0.28008225
Tue Mar 21 15:37:29 2023:DEBUG:setData: Setting HCFC141b_emissions[2216]=0.2720799
Tue Mar 21 15:37:29 2023:DEBUG:setData: Setting HCFC141b_emissions[2217]=0.26407755
Tue Mar 21 15:37:29 2023:DEBUG:setData: Setting HCFC141b_emissions[2218]=0.2560752
Tue Mar 21 15:37:29 2023:DEBUG:setData: Setting HCFC141b_emissions[2219]=0.24807285
Tue Mar 21 15:37:29 2023:DEBUG:setData: Setting HCFC141b_emissions[2220]=0.2400705
Tue Mar 21 15:37:29 2023:DEBUG:setData: Setting HCFC141b_emissions[2221]=0.23206815
Tue Mar 21 15:37:29 2023:DEBUG:setData: Setting HCFC141b_emissions[2222]=0.2240658
Tue Mar 21 15:37:29 2023:DEBUG:setData: Setting HCFC141b_emissions[2223]=0.21606345
Tue Mar 21 15:37:29 2023:DEBUG:setData: Setting HCFC141b_emissions[2224]=0.2080611
Tue Mar 21 15:37:29 2023:DEBUG:setData: Setting HCFC141b_emissions[2225]=0.20005875
Tue Mar 21 15:37:29 2023:DEBUG:setData: Setting HCFC141b_emissions[2226]=0.1920564
Tue Mar 21 15:37:29 2023:DEBUG:setData: Setting HCFC141b_emissions[2227]=0.18405405
Tue Mar 21 15:37:29 2023:DEBUG:setData: Setting HCFC141b_emissions[2228]=0.1760517
Tue Mar 21 15:37:29 2023:DEBUG:setData: Setting HCFC141b_emissions[2229]=0.16804935
Tue Mar 21 15:37:29 2023:DEBUG:setData: Setting HCFC141b_emissions[2230]=0.160047
Tue Mar 21 15:37:29 2023:DEBUG:setData: Setting HCFC141b_emissions[2231]=0.15204465
Tue Mar 21 15:37:29 2023:DEBUG:setData: Setting HCFC141b_emissions[2232]=0.1440423
Tue Mar 21 15:37:29 2023:DEBUG:setData: Setting HCFC141b_emissions[2233]=0.13603995
Tue Mar 21 15:37:29 2023:DEBUG:setData: Setting HCFC141b_emissions[2234]=0.1280376
Tue Mar 21 15:37:29 2023:DEBUG:setData: Setting HCFC141b_emissions[2235]=0.12003525
Tue Mar 21 15:37:29 2023:DEBUG:setData: Setting HCFC141b_emissions[2236]=0.1120329
Tue Mar 21 15:37:29 2023:DEBUG:setData: Setting HCFC141b_emissions[2237]=0.10403055
Tue Mar 21 15:37:29 2023:DEBUG:setData: Setting HCFC141b_emissions[2238]=0.0960282
Tue Mar 21 15:37:29 2023:DEBUG:setData: Setting HCFC141b_emissions[2239]=0.08802585
Tue Mar 21 15:37:29 2023:DEBUG:setData: Setting HCFC141b_emissions[2240]=0.0800235
Tue Mar 21 15:37:29 2023:DEBUG:setData: Setting HCFC141b_emissions[2241]=0.07202115
Tue Mar 21 15:37:29 2023:DEBUG:setData: Setting HCFC141b_emissions[2242]=0.0640188
Tue Mar 21 15:37:29 2023:DEBUG:setData: Setting HCFC141b_emissions[2243]=0.05601645
Tue Mar 21 15:37:29 2023:DEBUG:setData: Setting HCFC141b_emissions[2244]=0.0480141
Tue Mar 21 15:37:29 2023:DEBUG:setData: Setting HCFC141b_emissions[2245]=0.04001175
Tue Mar 21 15:37:29 2023:DEBUG:setData: Setting HCFC141b_emissions[2246]=0.0320094
Tue Mar 21 15:37:29 2023:DEBUG:setData: Setting HCFC141b_emissions[2247]=0.02400705
Tue Mar 21 15:37:29 2023:DEBUG:setData: Setting HCFC141b_emissions[2248]=0.0160047
Tue Mar 21 15:37:29 2023:DEBUG:setData: Setting HCFC141b_emissions[2249]=0.00800235
Tue Mar 21 15:37:29 2023:DEBUG:setData: Setting HCFC141b_emissions[2250]=0
Tue Mar 21 15:37:29 2023:DEBUG:setData: Setting HCFC141b_emissions[2251]=0
Tue Mar 21 15:37:29 2023:DEBUG:setData: Setting HCFC141b_emissions[2252]=0
Tue Mar 21 15:37:29 2023:DEBUG:setData: Setting HCFC141b_emissions[2253]=0
Tue Mar 21 15:37:29 2023:DEBUG:setData: Setting HCFC141b_emissions[2254]=0
Tue Mar 21 15:37:29 2023:DEBUG:setData: Setting HCFC141b_emissions[2255]=0
Tue Mar 21 15:37:29 2023:DEBUG:setData: Setting HCFC141b_emissions[2256]=0
Tue Mar 21 15:37:29 2023:DEBUG:setData: Setting HCFC141b_emissions[2257]=0
Tue Mar 21 15:37:29 2023:DEBUG:setData: Setting HCFC141b_emissions[2258]=0
Tue Mar 21 15:37:29 2023:DEBUG:setData: Setting HCFC141b_emissions[2259]=0
Tue Mar 21 15:37:29 2023:DEBUG:setData: Setting HCFC141b_emissions[2260]=0
Tue Mar 21 15:37:29 2023:DEBUG:setData: Setting HCFC141b_emissions[2261]=0
Tue Mar 21 15:37:29 2023:DEBUG:setData: Setting HCFC141b_emissions[2262]=0
Tue Mar 21 15:37:29 2023:DEBUG:setData: Setting HCFC141b_emissions[2263]=0
Tue Mar 21 15:37:29 2023:DEBUG:setData: Setting HCFC141b_emissions[2264]=0
Tue Mar 21 15:37:29 2023:DEBUG:setData: Setting HCFC141b_emissions[2265]=0
Tue Mar 21 15:37:29 2023:DEBUG:setData: Setting HCFC141b_emissions[2266]=0
Tue Mar 21 15:37:29 2023:DEBUG:setData: Setting HCFC141b_emissions[2267]=0
Tue Mar 21 15:37:29 2023:DEBUG:setData: Setting HCFC141b_emissions[2268]=0
Tue Mar 21 15:37:29 2023:DEBUG:setData: Setting HCFC141b_emissions[2269]=0
Tue Mar 21 15:37:29 2023:DEBUG:setData: Setting HCFC141b_emissions[2270]=0
Tue Mar 21 15:37:29 2023:DEBUG:setData: Setting HCFC141b_emissions[2271]=0
Tue Mar 21 15:37:29 2023:DEBUG:setData: Setting HCFC141b_emissions[2272]=0
Tue Mar 21 15:37:29 2023:DEBUG:setData: Setting HCFC141b_emissions[2273]=0
Tue Mar 21 15:37:29 2023:DEBUG:setData: Setting HCFC141b_emissions[2274]=0
Tue Mar 21 15:37:29 2023:DEBUG:setData: Setting HCFC141b_emissions[2275]=0
Tue Mar 21 15:37:29 2023:DEBUG:setData: Setting HCFC141b_emissions[2276]=0
Tue Mar 21 15:37:29 2023:DEBUG:setData: Setting HCFC141b_emissions[2277]=0
Tue Mar 21 15:37:29 2023:DEBUG:setData: Setting HCFC141b_emissions[2278]=0
Tue Mar 21 15:37:29 2023:DEBUG:setData: Setting HCFC141b_emissions[2279]=0
Tue Mar 21 15:37:29 2023:DEBUG:setData: Setting HCFC141b_emissions[2280]=0
Tue Mar 21 15:37:29 2023:DEBUG:setData: Setting HCFC141b_emissions[2281]=0
Tue Mar 21 15:37:29 2023:DEBUG:setData: Setting HCFC141b_emissions[2282]=0
Tue Mar 21 15:37:29 2023:DEBUG:setData: Setting HCFC141b_emissions[2283]=0
Tue Mar 21 15:37:29 2023:DEBUG:setData: Setting HCFC141b_emissions[2284]=0
Tue Mar 21 15:37:29 2023:DEBUG:setData: Setting HCFC141b_emissions[2285]=0
Tue Mar 21 15:37:29 2023:DEBUG:setData: Setting HCFC141b_emissions[2286]=0
Tue Mar 21 15:37:29 2023:DEBUG:setData: Setting HCFC141b_emissions[2287]=0
Tue Mar 21 15:37:29 2023:DEBUG:setData: Setting HCFC141b_emissions[2288]=0
Tue Mar 21 15:37:29 2023:DEBUG:setData: Setting HCFC141b_emissions[2289]=0
Tue Mar 21 15:37:29 2023:DEBUG:setData: Setting HCFC141b_emissions[2290]=0
Tue Mar 21 15:37:29 2023:DEBUG:setData: Setting HCFC141b_emissions[2291]=0
Tue Mar 21 15:37:29 2023:DEBUG:setData: Setting HCFC141b_emissions[2292]=0
Tue Mar 21 15:37:29 2023:DEBUG:setData: Setting HCFC141b_emissions[2293]=0
Tue Mar 21 15:37:29 2023:DEBUG:setData: Setting HCFC141b_emissions[2294]=0
Tue Mar 21 15:37:29 2023:DEBUG:setData: Setting HCFC141b_emissions[2295]=0
Tue Mar 21 15:37:29 2023:DEBUG:setData: Setting HCFC141b_emissions[2296]=0
Tue Mar 21 15:37:29 2023:DEBUG:setData: Setting HCFC141b_emissions[2297]=0
Tue Mar 21 15:37:29 2023:DEBUG:setData: Setting HCFC141b_emissions[2298]=0
Tue Mar 21 15:37:29 2023:DEBUG:setData: Setting HCFC141b_emissions[2299]=0
Tue Mar 21 15:37:29 2023:DEBUG:setData: Setting HCFC141b_emissions[2300]=0
Tue Mar 21 15:37:29 2023:DEBUG:setData: Setting HCFC141b_emissions[2301]=0
Tue Mar 21 15:37:29 2023:DEBUG:setData: Setting HCFC141b_emissions[2302]=0
Tue Mar 21 15:37:29 2023:DEBUG:setData: Setting HCFC141b_emissions[2303]=0
Tue Mar 21 15:37:29 2023:DEBUG:setData: Setting HCFC141b_emissions[2304]=0
Tue Mar 21 15:37:29 2023:DEBUG:setData: Setting HCFC141b_emissions[2305]=0
Tue Mar 21 15:37:29 2023:DEBUG:setData: Setting HCFC141b_emissions[2306]=0
Tue Mar 21 15:37:29 2023:DEBUG:setData: Setting HCFC141b_emissions[2307]=0
Tue Mar 21 15:37:29 2023:DEBUG:setData: Setting HCFC141b_emissions[2308]=0
Tue Mar 21 15:37:29 2023:DEBUG:setData: Setting HCFC141b_emissions[2309]=0
Tue Mar 21 15:37:29 2023:DEBUG:setData: Setting HCFC141b_emissions[2310]=0
Tue Mar 21 15:37:29 2023:DEBUG:setData: Setting HCFC141b_emissions[2311]=0
Tue Mar 21 15:37:29 2023:DEBUG:setData: Setting HCFC141b_emissions[2312]=0
Tue Mar 21 15:37:29 2023:DEBUG:setData: Setting HCFC141b_emissions[2313]=0
Tue Mar 21 15:37:29 2023:DEBUG:setData: Setting HCFC141b_emissions[2314]=0
Tue Mar 21 15:37:29 2023:DEBUG:setData: Setting HCFC141b_emissions[2315]=0
Tue Mar 21 15:37:29 2023:DEBUG:setData: Setting HCFC141b_emissions[2316]=0
Tue Mar 21 15:37:29 2023:DEBUG:setData: Setting HCFC141b_emissions[2317]=0
Tue Mar 21 15:37:29 2023:DEBUG:setData: Setting HCFC141b_emissions[2318]=0
Tue Mar 21 15:37:29 2023:DEBUG:setData: Setting HCFC141b_emissions[2319]=0
Tue Mar 21 15:37:29 2023:DEBUG:setData: Setting HCFC141b_emissions[2320]=0
Tue Mar 21 15:37:29 2023:DEBUG:setData: Setting HCFC141b_emissions[2321]=0
Tue Mar 21 15:37:29 2023:DEBUG:setData: Setting HCFC141b_emissions[2322]=0
Tue Mar 21 15:37:29 2023:DEBUG:setData: Setting HCFC141b_emissions[2323]=0
Tue Mar 21 15:37:29 2023:DEBUG:setData: Setting HCFC141b_emissions[2324]=0
Tue Mar 21 15:37:29 2023:DEBUG:setData: Setting HCFC141b_emissions[2325]=0
Tue Mar 21 15:37:29 2023:DEBUG:setData: Setting HCFC141b_emissions[2326]=0
Tue Mar 21 15:37:29 2023:DEBUG:setData: Setting HCFC141b_emissions[2327]=0
Tue Mar 21 15:37:29 2023:DEBUG:setData: Setting HCFC141b_emissions[2328]=0
Tue Mar 21 15:37:29 2023:DEBUG:setData: Setting HCFC141b_emissions[2329]=0
Tue Mar 21 15:37:29 2023:DEBUG:setData: Setting HCFC141b_emissions[2330]=0
Tue Mar 21 15:37:29 2023:DEBUG:setData: Setting HCFC141b_emissions[2331]=0
Tue Mar 21 15:37:29 2023:DEBUG:setData: Setting HCFC141b_emissions[2332]=0
Tue Mar 21 15:37:29 2023:DEBUG:setData: Setting HCFC141b_emissions[2333]=0
Tue Mar 21 15:37:29 2023:DEBUG:setData: Setting HCFC141b_emissions[2334]=0
Tue Mar 21 15:37:29 2023:DEBUG:setData: Setting HCFC141b_emissions[2335]=0
Tue Mar 21 15:37:29 2023:DEBUG:setData: Setting HCFC141b_emissions[2336]=0
Tue Mar 21 15:37:29 2023:DEBUG:setData: Setting HCFC141b_emissions[2337]=0
Tue Mar 21 15:37:29 2023:DEBUG:setData: Setting HCFC141b_emissions[2338]=0
Tue Mar 21 15:37:29 2023:DEBUG:setData: Setting HCFC141b_emissions[2339]=0
Tue Mar 21 15:37:29 2023:DEBUG:setData: Setting HCFC141b_emissions[2340]=0
Tue Mar 21 15:37:29 2023:DEBUG:setData: Setting HCFC141b_emissions[2341]=0
Tue Mar 21 15:37:29 2023:DEBUG:setData: Setting HCFC141b_emissions[2342]=0
Tue Mar 21 15:37:29 2023:DEBUG:setData: Setting HCFC141b_emissions[2343]=0
Tue Mar 21 15:37:29 2023:DEBUG:setData: Setting HCFC141b_emissions[2344]=0
Tue Mar 21 15:37:29 2023:DEBUG:setData: Setting HCFC141b_emissions[2345]=0
Tue Mar 21 15:37:29 2023:DEBUG:setData: Setting HCFC141b_emissions[2346]=0
Tue Mar 21 15:37:29 2023:DEBUG:setData: Setting HCFC141b_emissions[2347]=0
Tue Mar 21 15:37:29 2023:DEBUG:setData: Setting HCFC141b_emissions[2348]=0
Tue Mar 21 15:37:29 2023:DEBUG:setData: Setting HCFC141b_emissions[2349]=0
Tue Mar 21 15:37:29 2023:DEBUG:setData: Setting HCFC141b_emissions[2350]=0
Tue Mar 21 15:37:29 2023:DEBUG:setData: Setting HCFC141b_emissions[2351]=0
Tue Mar 21 15:37:29 2023:DEBUG:setData: Setting HCFC141b_emissions[2352]=0
Tue Mar 21 15:37:29 2023:DEBUG:setData: Setting HCFC141b_emissions[2353]=0
Tue Mar 21 15:37:29 2023:DEBUG:setData: Setting HCFC141b_emissions[2354]=0
Tue Mar 21 15:37:29 2023:DEBUG:setData: Setting HCFC141b_emissions[2355]=0
Tue Mar 21 15:37:29 2023:DEBUG:setData: Setting HCFC141b_emissions[2356]=0
Tue Mar 21 15:37:29 2023:DEBUG:setData: Setting HCFC141b_emissions[2357]=0
Tue Mar 21 15:37:29 2023:DEBUG:setData: Setting HCFC141b_emissions[2358]=0
Tue Mar 21 15:37:29 2023:DEBUG:setData: Setting HCFC141b_emissions[2359]=0
Tue Mar 21 15:37:29 2023:DEBUG:setData: Setting HCFC141b_emissions[2360]=0
Tue Mar 21 15:37:29 2023:DEBUG:setData: Setting HCFC141b_emissions[2361]=0
Tue Mar 21 15:37:29 2023:DEBUG:setData: Setting HCFC141b_emissions[2362]=0
Tue Mar 21 15:37:29 2023:DEBUG:setData: Setting HCFC141b_emissions[2363]=0
Tue Mar 21 15:37:29 2023:DEBUG:setData: Setting HCFC141b_emissions[2364]=0
Tue Mar 21 15:37:29 2023:DEBUG:setData: Setting HCFC141b_emissions[2365]=0
Tue Mar 21 15:37:29 2023:DEBUG:setData: Setting HCFC141b_emissions[2366]=0
Tue Mar 21 15:37:29 2023:DEBUG:setData: Setting HCFC141b_emissions[2367]=0
Tue Mar 21 15:37:29 2023:DEBUG:setData: Setting HCFC141b_emissions[2368]=0
Tue Mar 21 15:37:29 2023:DEBUG:setData: Setting HCFC141b_emissions[2369]=0
Tue Mar 21 15:37:29 2023:DEBUG:setData: Setting HCFC141b_emissions[2370]=0
Tue Mar 21 15:37:29 2023:DEBUG:setData: Setting HCFC141b_emissions[2371]=0
Tue Mar 21 15:37:29 2023:DEBUG:setData: Setting HCFC141b_emissions[2372]=0
Tue Mar 21 15:37:29 2023:DEBUG:setData: Setting HCFC141b_emissions[2373]=0
Tue Mar 21 15:37:29 2023:DEBUG:setData: Setting HCFC141b_emissions[2374]=0
Tue Mar 21 15:37:29 2023:DEBUG:setData: Setting HCFC141b_emissions[2375]=0
Tue Mar 21 15:37:29 2023:DEBUG:setData: Setting HCFC141b_emissions[2376]=0
Tue Mar 21 15:37:29 2023:DEBUG:setData: Setting HCFC141b_emissions[2377]=0
Tue Mar 21 15:37:29 2023:DEBUG:setData: Setting HCFC141b_emissions[2378]=0
Tue Mar 21 15:37:29 2023:DEBUG:setData: Setting HCFC141b_emissions[2379]=0
Tue Mar 21 15:37:29 2023:DEBUG:setData: Setting HCFC141b_emissions[2380]=0
Tue Mar 21 15:37:29 2023:DEBUG:setData: Setting HCFC141b_emissions[2381]=0
Tue Mar 21 15:37:29 2023:DEBUG:setData: Setting HCFC141b_emissions[2382]=0
Tue Mar 21 15:37:29 2023:DEBUG:setData: Setting HCFC141b_emissions[2383]=0
Tue Mar 21 15:37:29 2023:DEBUG:setData: Setting HCFC141b_emissions[2384]=0
Tue Mar 21 15:37:29 2023:DEBUG:setData: Setting HCFC141b_emissions[2385]=0
Tue Mar 21 15:37:29 2023:DEBUG:setData: Setting HCFC141b_emissions[2386]=0
Tue Mar 21 15:37:29 2023:DEBUG:setData: Setting HCFC141b_emissions[2387]=0
Tue Mar 21 15:37:29 2023:DEBUG:setData: Setting HCFC141b_emissions[2388]=0
Tue Mar 21 15:37:29 2023:DEBUG:setData: Setting HCFC141b_emissions[2389]=0
Tue Mar 21 15:37:29 2023:DEBUG:setData: Setting HCFC141b_emissions[2390]=0
Tue Mar 21 15:37:29 2023:DEBUG:setData: Setting HCFC141b_emissions[2391]=0
Tue Mar 21 15:37:29 2023:DEBUG:setData: Setting HCFC141b_emissions[2392]=0
Tue Mar 21 15:37:29 2023:DEBUG:setData: Setting HCFC141b_emissions[2393]=0
Tue Mar 21 15:37:29 2023:DEBUG:setData: Setting HCFC141b_emissions[2394]=0
Tue Mar 21 15:37:29 2023:DEBUG:setData: Setting HCFC141b_emissions[2395]=0
Tue Mar 21 15:37:29 2023:DEBUG:setData: Setting HCFC141b_emissions[2396]=0
Tue Mar 21 15:37:29 2023:DEBUG:setData: Setting HCFC141b_emissions[2397]=0
Tue Mar 21 15:37:29 2023:DEBUG:setData: Setting HCFC141b_emissions[2398]=0
Tue Mar 21 15:37:29 2023:DEBUG:setData: Setting HCFC141b_emissions[2399]=0
Tue Mar 21 15:37:29 2023:DEBUG:setData: Setting HCFC141b_emissions[2400]=0
Tue Mar 21 15:37:29 2023:DEBUG:setData: Setting HCFC141b_emissions[2401]=0
Tue Mar 21 15:37:29 2023:DEBUG:setData: Setting HCFC141b_emissions[2402]=0
Tue Mar 21 15:37:29 2023:DEBUG:setData: Setting HCFC141b_emissions[2403]=0
Tue Mar 21 15:37:29 2023:DEBUG:setData: Setting HCFC141b_emissions[2404]=0
Tue Mar 21 15:37:29 2023:DEBUG:setData: Setting HCFC141b_emissions[2405]=0
Tue Mar 21 15:37:29 2023:DEBUG:setData: Setting HCFC141b_emissions[2406]=0
Tue Mar 21 15:37:29 2023:DEBUG:setData: Setting HCFC141b_emissions[2407]=0
Tue Mar 21 15:37:29 2023:DEBUG:setData: Setting HCFC141b_emissions[2408]=0
Tue Mar 21 15:37:29 2023:DEBUG:setData: Setting HCFC141b_emissions[2409]=0
Tue Mar 21 15:37:29 2023:DEBUG:setData: Setting HCFC141b_emissions[2410]=0
Tue Mar 21 15:37:29 2023:DEBUG:setData: Setting HCFC141b_emissions[2411]=0
Tue Mar 21 15:37:29 2023:DEBUG:setData: Setting HCFC141b_emissions[2412]=0
Tue Mar 21 15:37:29 2023:DEBUG:setData: Setting HCFC141b_emissions[2413]=0
Tue Mar 21 15:37:29 2023:DEBUG:setData: Setting HCFC141b_emissions[2414]=0
Tue Mar 21 15:37:29 2023:DEBUG:setData: Setting HCFC141b_emissions[2415]=0
Tue Mar 21 15:37:29 2023:DEBUG:setData: Setting HCFC141b_emissions[2416]=0
Tue Mar 21 15:37:29 2023:DEBUG:setData: Setting HCFC141b_emissions[2417]=0
Tue Mar 21 15:37:29 2023:DEBUG:setData: Setting HCFC141b_emissions[2418]=0
Tue Mar 21 15:37:29 2023:DEBUG:setData: Setting HCFC141b_emissions[2419]=0
Tue Mar 21 15:37:29 2023:DEBUG:setData: Setting HCFC141b_emissions[2420]=0
Tue Mar 21 15:37:29 2023:DEBUG:setData: Setting HCFC141b_emissions[2421]=0
Tue Mar 21 15:37:29 2023:DEBUG:setData: Setting HCFC141b_emissions[2422]=0
Tue Mar 21 15:37:29 2023:DEBUG:setData: Setting HCFC141b_emissions[2423]=0
Tue Mar 21 15:37:29 2023:DEBUG:setData: Setting HCFC141b_emissions[2424]=0
Tue Mar 21 15:37:29 2023:DEBUG:setData: Setting HCFC141b_emissions[2425]=0
Tue Mar 21 15:37:29 2023:DEBUG:setData: Setting HCFC141b_emissions[2426]=0
Tue Mar 21 15:37:29 2023:DEBUG:setData: Setting HCFC141b_emissions[2427]=0
Tue Mar 21 15:37:29 2023:DEBUG:setData: Setting HCFC141b_emissions[2428]=0
Tue Mar 21 15:37:29 2023:DEBUG:setData: Setting HCFC141b_emissions[2429]=0
Tue Mar 21 15:37:29 2023:DEBUG:setData: Setting HCFC141b_emissions[2430]=0
Tue Mar 21 15:37:29 2023:DEBUG:setData: Setting HCFC141b_emissions[2431]=0
Tue Mar 21 15:37:29 2023:DEBUG:setData: Setting HCFC141b_emissions[2432]=0
Tue Mar 21 15:37:29 2023:DEBUG:setData: Setting HCFC141b_emissions[2433]=0
Tue Mar 21 15:37:29 2023:DEBUG:setData: Setting HCFC141b_emissions[2434]=0
Tue Mar 21 15:37:29 2023:DEBUG:setData: Setting HCFC141b_emissions[2435]=0
Tue Mar 21 15:37:29 2023:DEBUG:setData: Setting HCFC141b_emissions[2436]=0
Tue Mar 21 15:37:29 2023:DEBUG:setData: Setting HCFC141b_emissions[2437]=0
Tue Mar 21 15:37:29 2023:DEBUG:setData: Setting HCFC141b_emissions[2438]=0
Tue Mar 21 15:37:29 2023:DEBUG:setData: Setting HCFC141b_emissions[2439]=0
Tue Mar 21 15:37:29 2023:DEBUG:setData: Setting HCFC141b_emissions[2440]=0
Tue Mar 21 15:37:29 2023:DEBUG:setData: Setting HCFC141b_emissions[2441]=0
Tue Mar 21 15:37:29 2023:DEBUG:setData: Setting HCFC141b_emissions[2442]=0
Tue Mar 21 15:37:29 2023:DEBUG:setData: Setting HCFC141b_emissions[2443]=0
Tue Mar 21 15:37:29 2023:DEBUG:setData: Setting HCFC141b_emissions[2444]=0
Tue Mar 21 15:37:29 2023:DEBUG:setData: Setting HCFC141b_emissions[2445]=0
Tue Mar 21 15:37:29 2023:DEBUG:setData: Setting HCFC141b_emissions[2446]=0
Tue Mar 21 15:37:29 2023:DEBUG:setData: Setting HCFC141b_emissions[2447]=0
Tue Mar 21 15:37:29 2023:DEBUG:setData: Setting HCFC141b_emissions[2448]=0
Tue Mar 21 15:37:29 2023:DEBUG:setData: Setting HCFC141b_emissions[2449]=0
Tue Mar 21 15:37:29 2023:DEBUG:setData: Setting HCFC141b_emissions[2450]=0
Tue Mar 21 15:37:29 2023:DEBUG:setData: Setting HCFC141b_emissions[2451]=0
Tue Mar 21 15:37:29 2023:DEBUG:setData: Setting HCFC141b_emissions[2452]=0
Tue Mar 21 15:37:29 2023:DEBUG:setData: Setting HCFC141b_emissions[2453]=0
Tue Mar 21 15:37:29 2023:DEBUG:setData: Setting HCFC141b_emissions[2454]=0
Tue Mar 21 15:37:29 2023:DEBUG:setData: Setting HCFC141b_emissions[2455]=0
Tue Mar 21 15:37:29 2023:DEBUG:setData: Setting HCFC141b_emissions[2456]=0
Tue Mar 21 15:37:29 2023:DEBUG:setData: Setting HCFC141b_emissions[2457]=0
Tue Mar 21 15:37:29 2023:DEBUG:setData: Setting HCFC141b_emissions[2458]=0
Tue Mar 21 15:37:29 2023:DEBUG:setData: Setting HCFC141b_emissions[2459]=0
Tue Mar 21 15:37:29 2023:DEBUG:setData: Setting HCFC141b_emissions[2460]=0
Tue Mar 21 15:37:29 2023:DEBUG:setData: Setting HCFC141b_emissions[2461]=0
Tue Mar 21 15:37:29 2023:DEBUG:setData: Setting HCFC141b_emissions[2462]=0
Tue Mar 21 15:37:29 2023:DEBUG:setData: Setting HCFC141b_emissions[2463]=0
Tue Mar 21 15:37:29 2023:DEBUG:setData: Setting HCFC141b_emissions[2464]=0
Tue Mar 21 15:37:29 2023:DEBUG:setData: Setting HCFC141b_emissions[2465]=0
Tue Mar 21 15:37:29 2023:DEBUG:setData: Setting HCFC141b_emissions[2466]=0
Tue Mar 21 15:37:29 2023:DEBUG:setData: Setting HCFC141b_emissions[2467]=0
Tue Mar 21 15:37:29 2023:DEBUG:setData: Setting HCFC141b_emissions[2468]=0
Tue Mar 21 15:37:29 2023:DEBUG:setData: Setting HCFC141b_emissions[2469]=0
Tue Mar 21 15:37:29 2023:DEBUG:setData: Setting HCFC141b_emissions[2470]=0
Tue Mar 21 15:37:29 2023:DEBUG:setData: Setting HCFC141b_emissions[2471]=0
Tue Mar 21 15:37:29 2023:DEBUG:setData: Setting HCFC141b_emissions[2472]=0
Tue Mar 21 15:37:29 2023:DEBUG:setData: Setting HCFC141b_emissions[2473]=0
Tue Mar 21 15:37:29 2023:DEBUG:setData: Setting HCFC141b_emissions[2474]=0
Tue Mar 21 15:37:29 2023:DEBUG:setData: Setting HCFC141b_emissions[2475]=0
Tue Mar 21 15:37:29 2023:DEBUG:setData: Setting HCFC141b_emissions[2476]=0
Tue Mar 21 15:37:29 2023:DEBUG:setData: Setting HCFC141b_emissions[2477]=0
Tue Mar 21 15:37:29 2023:DEBUG:setData: Setting HCFC141b_emissions[2478]=0
Tue Mar 21 15:37:29 2023:DEBUG:setData: Setting HCFC141b_emissions[2479]=0
Tue Mar 21 15:37:29 2023:DEBUG:setData: Setting HCFC141b_emissions[2480]=0
Tue Mar 21 15:37:29 2023:DEBUG:setData: Setting HCFC141b_emissions[2481]=0
Tue Mar 21 15:37:29 2023:DEBUG:setData: Setting HCFC141b_emissions[2482]=0
Tue Mar 21 15:37:29 2023:DEBUG:setData: Setting HCFC141b_emissions[2483]=0
Tue Mar 21 15:37:29 2023:DEBUG:setData: Setting HCFC141b_emissions[2484]=0
Tue Mar 21 15:37:29 2023:DEBUG:setData: Setting HCFC141b_emissions[2485]=0
Tue Mar 21 15:37:29 2023:DEBUG:setData: Setting HCFC141b_emissions[2486]=0
Tue Mar 21 15:37:29 2023:DEBUG:setData: Setting HCFC141b_emissions[2487]=0
Tue Mar 21 15:37:29 2023:DEBUG:setData: Setting HCFC141b_emissions[2488]=0
Tue Mar 21 15:37:29 2023:DEBUG:setData: Setting HCFC141b_emissions[2489]=0
Tue Mar 21 15:37:29 2023:DEBUG:setData: Setting HCFC141b_emissions[2490]=0
Tue Mar 21 15:37:29 2023:DEBUG:setData: Setting HCFC141b_emissions[2491]=0
Tue Mar 21 15:37:29 2023:DEBUG:setData: Setting HCFC141b_emissions[2492]=0
Tue Mar 21 15:37:29 2023:DEBUG:setData: Setting HCFC141b_emissions[2493]=0
Tue Mar 21 15:37:29 2023:DEBUG:setData: Setting HCFC141b_emissions[2494]=0
Tue Mar 21 15:37:29 2023:DEBUG:setData: Setting HCFC141b_emissions[2495]=0
Tue Mar 21 15:37:29 2023:DEBUG:setData: Setting HCFC141b_emissions[2496]=0
Tue Mar 21 15:37:29 2023:DEBUG:setData: Setting HCFC141b_emissions[2497]=0
Tue Mar 21 15:37:29 2023:DEBUG:setData: Setting HCFC141b_emissions[2498]=0
Tue Mar 21 15:37:29 2023:DEBUG:setData: Setting HCFC141b_emissions[2499]=0
Tue Mar 21 15:37:29 2023:DEBUG:setData: Setting HCFC141b_emissions[2500]=0
Tue Mar 21 15:37:29 2023:DEBUG:setData: Setting molarMass[-1]=116.9
Tue Mar 21 15:37:29 2023:DEBUG:prepareToRun: prepareToRun 
Tue Mar 21 15:37:30 2023:DEBUG:run: date: 1746 concentration: 0 pptv
Tue Mar 21 15:37:30 2023:DEBUG:run: date: 1747 concentration: 0 pptv
Tue Mar 21 15:37:30 2023:DEBUG:run: date: 1748 concentration: 0 pptv
Tue Mar 21 15:37:30 2023:DEBUG:run: date: 1749 concentration: 0 pptv
Tue Mar 21 15:37:30 2023:DEBUG:run: date: 1750 concentration: 0 pptv
Tue Mar 21 15:37:30 2023:DEBUG:run: date: 1751 concentration: 0 pptv
Tue Mar 21 15:37:30 2023:DEBUG:run: date: 1752 concentration: 0 pptv
Tue Mar 21 15:37:30 2023:DEBUG:run: date: 1753 concentration: 0 pptv
Tue Mar 21 15:37:30 2023:DEBUG:run: date: 1754 concentration: 0 pptv
Tue Mar 21 15:37:30 2023:DEBUG:run: date: 1755 concentration: 0 pptv
Tue Mar 21 15:37:30 2023:DEBUG:run: date: 1756 concentration: 0 pptv
Tue Mar 21 15:37:30 2023:DEBUG:run: date: 1757 concentration: 0 pptv
Tue Mar 21 15:37:30 2023:DEBUG:run: date: 1758 concentration: 0 pptv
Tue Mar 21 15:37:30 2023:DEBUG:run: date: 1759 concentration: 0 pptv
Tue Mar 21 15:37:30 2023:DEBUG:run: date: 1760 concentration: 0 pptv
Tue Mar 21 15:37:30 2023:DEBUG:run: date: 1761 concentration: 0 pptv
Tue Mar 21 15:37:30 2023:DEBUG:run: date: 1762 concentration: 0 pptv
Tue Mar 21 15:37:30 2023:DEBUG:run: date: 1763 concentration: 0 pptv
Tue Mar 21 15:37:30 2023:DEBUG:run: date: 1764 concentration: 0 pptv
Tue Mar 21 15:37:30 2023:DEBUG:run: date: 1765 concentration: 0 pptv
Tue Mar 21 15:37:30 2023:DEBUG:run: date: 1766 concentration: 0 pptv
Tue Mar 21 15:37:30 2023:DEBUG:run: date: 1767 concentration: 0 pptv
Tue Mar 21 15:37:30 2023:DEBUG:run: date: 1768 concentration: 0 pptv
Tue Mar 21 15:37:30 2023:DEBUG:run: date: 1769 concentration: 0 pptv
Tue Mar 21 15:37:30 2023:DEBUG:run: date: 1770 concentration: 0 pptv
Tue Mar 21 15:37:30 2023:DEBUG:run: date: 1771 concentration: 0 pptv
Tue Mar 21 15:37:30 2023:DEBUG:run: date: 1772 concentration: 0 pptv
Tue Mar 21 15:37:30 2023:DEBUG:run: date: 1773 concentration: 0 pptv
Tue Mar 21 15:37:30 2023:DEBUG:run: date: 1774 concentration: 0 pptv
Tue Mar 21 15:37:30 2023:DEBUG:run: date: 1775 concentration: 0 pptv
Tue Mar 21 15:37:30 2023:DEBUG:run: date: 1776 concentration: 0 pptv
Tue Mar 21 15:37:30 2023:DEBUG:run: date: 1777 concentration: 0 pptv
Tue Mar 21 15:37:30 2023:DEBUG:run: date: 1778 concentration: 0 pptv
Tue Mar 21 15:37:30 2023:DEBUG:run: date: 1779 concentration: 0 pptv
Tue Mar 21 15:37:30 2023:DEBUG:run: date: 1780 concentration: 0 pptv
Tue Mar 21 15:37:30 2023:DEBUG:run: date: 1781 concentration: 0 pptv
Tue Mar 21 15:37:30 2023:DEBUG:run: date: 1782 concentration: 0 pptv
Tue Mar 21 15:37:30 2023:DEBUG:run: date: 1783 concentration: 0 pptv
Tue Mar 21 15:37:30 2023:DEBUG:run: date: 1784 concentration: 0 pptv
Tue Mar 21 15:37:30 2023:DEBUG:run: date: 1785 concentration: 0 pptv
Tue Mar 21 15:37:30 2023:DEBUG:run: date: 1786 concentration: 0 pptv
Tue Mar 21 15:37:30 2023:DEBUG:run: date: 1787 concentration: 0 pptv
Tue Mar 21 15:37:30 2023:DEBUG:run: date: 1788 concentration: 0 pptv
Tue Mar 21 15:37:30 2023:DEBUG:run: date: 1789 concentration: 0 pptv
Tue Mar 21 15:37:30 2023:DEBUG:run: date: 1790 concentration: 0 pptv
Tue Mar 21 15:37:30 2023:DEBUG:run: date: 1791 concentration: 0 pptv
Tue Mar 21 15:37:30 2023:DEBUG:run: date: 1792 concentration: 0 pptv
Tue Mar 21 15:37:30 2023:DEBUG:run: date: 1793 concentration: 0 pptv
Tue Mar 21 15:37:30 2023:DEBUG:run: date: 1794 concentration: 0 pptv
Tue Mar 21 15:37:30 2023:DEBUG:run: date: 1795 concentration: 0 pptv
Tue Mar 21 15:37:30 2023:DEBUG:run: date: 1796 concentration: 0 pptv
Tue Mar 21 15:37:30 2023:DEBUG:run: date: 1797 concentration: 0 pptv
Tue Mar 21 15:37:30 2023:DEBUG:run: date: 1798 concentration: 0 pptv
Tue Mar 21 15:37:30 2023:DEBUG:run: date: 1799 concentration: 0 pptv
Tue Mar 21 15:37:30 2023:DEBUG:run: date: 1800 concentration: 0 pptv
Tue Mar 21 15:37:30 2023:DEBUG:run: date: 1801 concentration: 0 pptv
Tue Mar 21 15:37:30 2023:DEBUG:run: date: 1802 concentration: 0 pptv
Tue Mar 21 15:37:30 2023:DEBUG:run: date: 1803 concentration: 0 pptv
Tue Mar 21 15:37:30 2023:DEBUG:run: date: 1804 concentration: 0 pptv
Tue Mar 21 15:37:30 2023:DEBUG:run: date: 1805 concentration: 0 pptv
Tue Mar 21 15:37:30 2023:DEBUG:run: date: 1806 concentration: 0 pptv
Tue Mar 21 15:37:30 2023:DEBUG:run: date: 1807 concentration: 0 pptv
Tue Mar 21 15:37:30 2023:DEBUG:run: date: 1808 concentration: 0 pptv
Tue Mar 21 15:37:30 2023:DEBUG:run: date: 1809 concentration: 0 pptv
Tue Mar 21 15:37:30 2023:DEBUG:run: date: 1810 concentration: 0 pptv
Tue Mar 21 15:37:30 2023:DEBUG:run: date: 1811 concentration: 0 pptv
Tue Mar 21 15:37:30 2023:DEBUG:run: date: 1812 concentration: 0 pptv
Tue Mar 21 15:37:30 2023:DEBUG:run: date: 1813 concentration: 0 pptv
Tue Mar 21 15:37:30 2023:DEBUG:run: date: 1814 concentration: 0 pptv
Tue Mar 21 15:37:30 2023:DEBUG:run: date: 1815 concentration: 0 pptv
Tue Mar 21 15:37:30 2023:DEBUG:run: date: 1816 concentration: 0 pptv
Tue Mar 21 15:37:30 2023:DEBUG:run: date: 1817 concentration: 0 pptv
Tue Mar 21 15:37:30 2023:DEBUG:run: date: 1818 concentration: 0 pptv
Tue Mar 21 15:37:30 2023:DEBUG:run: date: 1819 concentration: 0 pptv
Tue Mar 21 15:37:30 2023:DEBUG:run: date: 1820 concentration: 0 pptv
Tue Mar 21 15:37:30 2023:DEBUG:run: date: 1821 concentration: 0 pptv
Tue Mar 21 15:37:30 2023:DEBUG:run: date: 1822 concentration: 0 pptv
Tue Mar 21 15:37:30 2023:DEBUG:run: date: 1823 concentration: 0 pptv
Tue Mar 21 15:37:30 2023:DEBUG:run: date: 1824 concentration: 0 pptv
Tue Mar 21 15:37:30 2023:DEBUG:run: date: 1825 concentration: 0 pptv
Tue Mar 21 15:37:30 2023:DEBUG:run: date: 1826 concentration: 0 pptv
Tue Mar 21 15:37:30 2023:DEBUG:run: date: 1827 concentration: 0 pptv
Tue Mar 21 15:37:30 2023:DEBUG:run: date: 1828 concentration: 0 pptv
Tue Mar 21 15:37:30 2023:DEBUG:run: date: 1829 concentration: 0 pptv
Tue Mar 21 15:37:30 2023:DEBUG:run: date: 1830 concentration: 0 pptv
Tue Mar 21 15:37:30 2023:DEBUG:run: date: 1831 concentration: 0 pptv
Tue Mar 21 15:37:30 2023:DEBUG:run: date: 1832 concentration: 0 pptv
Tue Mar 21 15:37:30 2023:DEBUG:run: date: 1833 concentration: 0 pptv
Tue Mar 21 15:37:30 2023:DEBUG:run: date: 1834 concentration: 0 pptv
Tue Mar 21 15:37:30 2023:DEBUG:run: date: 1835 concentration: 0 pptv
Tue Mar 21 15:37:30 2023:DEBUG:run: date: 1836 concentration: 0 pptv
Tue Mar 21 15:37:30 2023:DEBUG:run: date: 1837 concentration: 0 pptv
Tue Mar 21 15:37:30 2023:DEBUG:run: date: 1838 concentration: 0 pptv
Tue Mar 21 15:37:30 2023:DEBUG:run: date: 1839 concentration: 0 pptv
Tue Mar 21 15:37:30 2023:DEBUG:run: date: 1840 concentration: 0 pptv
Tue Mar 21 15:37:30 2023:DEBUG:run: date: 1841 concentration: 0 pptv
Tue Mar 21 15:37:30 2023:DEBUG:run: date: 1842 concentration: 0 pptv
Tue Mar 21 15:37:30 2023:DEBUG:run: date: 1843 concentration: 0 pptv
Tue Mar 21 15:37:30 2023:DEBUG:run: date: 1844 concentration: 0 pptv
Tue Mar 21 15:37:30 2023:DEBUG:run: date: 1845 concentration: 0 pptv
Tue Mar 21 15:37:30 2023:DEBUG:run: date: 1846 concentration: 0 pptv
Tue Mar 21 15:37:30 2023:DEBUG:run: date: 1847 concentration: 0 pptv
Tue Mar 21 15:37:30 2023:DEBUG:run: date: 1848 concentration: 0 pptv
Tue Mar 21 15:37:30 2023:DEBUG:run: date: 1849 concentration: 0 pptv
Tue Mar 21 15:37:30 2023:DEBUG:run: date: 1850 concentration: 0 pptv
Tue Mar 21 15:37:30 2023:DEBUG:run: date: 1851 concentration: 0 pptv
Tue Mar 21 15:37:30 2023:DEBUG:run: date: 1852 concentration: 0 pptv
Tue Mar 21 15:37:30 2023:DEBUG:run: date: 1853 concentration: 0 pptv
Tue Mar 21 15:37:30 2023:DEBUG:run: date: 1854 concentration: 0 pptv
Tue Mar 21 15:37:30 2023:DEBUG:run: date: 1855 concentration: 0 pptv
Tue Mar 21 15:37:30 2023:DEBUG:run: date: 1856 concentration: 0 pptv
Tue Mar 21 15:37:30 2023:DEBUG:run: date: 1857 concentration: 0 pptv
Tue Mar 21 15:37:30 2023:DEBUG:run: date: 1858 concentration: 0 pptv
Tue Mar 21 15:37:30 2023:DEBUG:run: date: 1859 concentration: 0 pptv
Tue Mar 21 15:37:30 2023:DEBUG:run: date: 1860 concentration: 0 pptv
Tue Mar 21 15:37:30 2023:DEBUG:run: date: 1861 concentration: 0 pptv
Tue Mar 21 15:37:30 2023:DEBUG:run: date: 1862 concentration: 0 pptv
Tue Mar 21 15:37:30 2023:DEBUG:run: date: 1863 concentration: 0 pptv
Tue Mar 21 15:37:30 2023:DEBUG:run: date: 1864 concentration: 0 pptv
Tue Mar 21 15:37:30 2023:DEBUG:run: date: 1865 concentration: 0 pptv
Tue Mar 21 15:37:30 2023:DEBUG:run: date: 1866 concentration: 0 pptv
Tue Mar 21 15:37:30 2023:DEBUG:run: date: 1867 concentration: 0 pptv
Tue Mar 21 15:37:30 2023:DEBUG:run: date: 1868 concentration: 0 pptv
Tue Mar 21 15:37:30 2023:DEBUG:run: date: 1869 concentration: 0 pptv
Tue Mar 21 15:37:30 2023:DEBUG:run: date: 1870 concentration: 0 pptv
Tue Mar 21 15:37:30 2023:DEBUG:run: date: 1871 concentration: 0 pptv
Tue Mar 21 15:37:30 2023:DEBUG:run: date: 1872 concentration: 0 pptv
Tue Mar 21 15:37:30 2023:DEBUG:run: date: 1873 concentration: 0 pptv
Tue Mar 21 15:37:30 2023:DEBUG:run: date: 1874 concentration: 0 pptv
Tue Mar 21 15:37:30 2023:DEBUG:run: date: 1875 concentration: 0 pptv
Tue Mar 21 15:37:30 2023:DEBUG:run: date: 1876 concentration: 0 pptv
Tue Mar 21 15:37:30 2023:DEBUG:run: date: 1877 concentration: 0 pptv
Tue Mar 21 15:37:30 2023:DEBUG:run: date: 1878 concentration: 0 pptv
Tue Mar 21 15:37:30 2023:DEBUG:run: date: 1879 concentration: 0 pptv
Tue Mar 21 15:37:30 2023:DEBUG:run: date: 1880 concentration: 0 pptv
Tue Mar 21 15:37:30 2023:DEBUG:run: date: 1881 concentration: 0 pptv
Tue Mar 21 15:37:30 2023:DEBUG:run: date: 1882 concentration: 0 pptv
Tue Mar 21 15:37:30 2023:DEBUG:run: date: 1883 concentration: 0 pptv
Tue Mar 21 15:37:30 2023:DEBUG:run: date: 1884 concentration: 0 pptv
Tue Mar 21 15:37:30 2023:DEBUG:run: date: 1885 concentration: 0 pptv
Tue Mar 21 15:37:30 2023:DEBUG:run: date: 1886 concentration: 0 pptv
Tue Mar 21 15:37:30 2023:DEBUG:run: date: 1887 concentration: 0 pptv
Tue Mar 21 15:37:30 2023:DEBUG:run: date: 1888 concentration: 0 pptv
Tue Mar 21 15:37:30 2023:DEBUG:run: date: 1889 concentration: 0 pptv
Tue Mar 21 15:37:30 2023:DEBUG:run: date: 1890 concentration: 0 pptv
Tue Mar 21 15:37:30 2023:DEBUG:run: date: 1891 concentration: 0 pptv
Tue Mar 21 15:37:30 2023:DEBUG:run: date: 1892 concentration: 0 pptv
Tue Mar 21 15:37:30 2023:DEBUG:run: date: 1893 concentration: 0 pptv
Tue Mar 21 15:37:30 2023:DEBUG:run: date: 1894 concentration: 0 pptv
Tue Mar 21 15:37:30 2023:DEBUG:run: date: 1895 concentration: 0 pptv
Tue Mar 21 15:37:30 2023:DEBUG:run: date: 1896 concentration: 0 pptv
Tue Mar 21 15:37:30 2023:DEBUG:run: date: 1897 concentration: 0 pptv
Tue Mar 21 15:37:31 2023:DEBUG:run: date: 1898 concentration: 0 pptv
Tue Mar 21 15:37:31 2023:DEBUG:run: date: 1899 concentration: 0 pptv
Tue Mar 21 15:37:31 2023:DEBUG:run: date: 1900 concentration: 0 pptv
Tue Mar 21 15:37:31 2023:DEBUG:run: date: 1901 concentration: 0 pptv
Tue Mar 21 15:37:31 2023:DEBUG:run: date: 1902 concentration: 0 pptv
Tue Mar 21 15:37:31 2023:DEBUG:run: date: 1903 concentration: 0 pptv
Tue Mar 21 15:37:31 2023:DEBUG:run: date: 1904 concentration: 0 pptv
Tue Mar 21 15:37:31 2023:DEBUG:run: date: 1905 concentration: 0 pptv
Tue Mar 21 15:37:31 2023:DEBUG:run: date: 1906 concentration: 0 pptv
Tue Mar 21 15:37:31 2023:DEBUG:run: date: 1907 concentration: 0 pptv
Tue Mar 21 15:37:31 2023:DEBUG:run: date: 1908 concentration: 0 pptv
Tue Mar 21 15:37:31 2023:DEBUG:run: date: 1909 concentration: 0 pptv
Tue Mar 21 15:37:31 2023:DEBUG:run: date: 1910 concentration: 0 pptv
Tue Mar 21 15:37:31 2023:DEBUG:run: date: 1911 concentration: 0 pptv
Tue Mar 21 15:37:31 2023:DEBUG:run: date: 1912 concentration: 0 pptv
Tue Mar 21 15:37:31 2023:DEBUG:run: date: 1913 concentration: 0 pptv
Tue Mar 21 15:37:31 2023:DEBUG:run: date: 1914 concentration: 0 pptv
Tue Mar 21 15:37:31 2023:DEBUG:run: date: 1915 concentration: 0 pptv
Tue Mar 21 15:37:31 2023:DEBUG:run: date: 1916 concentration: 0 pptv
Tue Mar 21 15:37:31 2023:DEBUG:run: date: 1917 concentration: 0 pptv
Tue Mar 21 15:37:31 2023:DEBUG:run: date: 1918 concentration: 0 pptv
Tue Mar 21 15:37:31 2023:DEBUG:run: date: 1919 concentration: 0 pptv
Tue Mar 21 15:37:31 2023:DEBUG:run: date: 1920 concentration: 0 pptv
Tue Mar 21 15:37:31 2023:DEBUG:run: date: 1921 concentration: 0 pptv
Tue Mar 21 15:37:31 2023:DEBUG:run: date: 1922 concentration: 0 pptv
Tue Mar 21 15:37:31 2023:DEBUG:run: date: 1923 concentration: 0 pptv
Tue Mar 21 15:37:31 2023:DEBUG:run: date: 1924 concentration: 0 pptv
Tue Mar 21 15:37:31 2023:DEBUG:run: date: 1925 concentration: 0 pptv
Tue Mar 21 15:37:31 2023:DEBUG:run: date: 1926 concentration: 0 pptv
Tue Mar 21 15:37:31 2023:DEBUG:run: date: 1927 concentration: 0 pptv
Tue Mar 21 15:37:31 2023:DEBUG:run: date: 1928 concentration: 0 pptv
Tue Mar 21 15:37:31 2023:DEBUG:run: date: 1929 concentration: 0 pptv
Tue Mar 21 15:37:31 2023:DEBUG:run: date: 1930 concentration: 0 pptv
Tue Mar 21 15:37:31 2023:DEBUG:run: date: 1931 concentration: 0 pptv
Tue Mar 21 15:37:31 2023:DEBUG:run: date: 1932 concentration: 0 pptv
Tue Mar 21 15:37:31 2023:DEBUG:run: date: 1933 concentration: 0 pptv
Tue Mar 21 15:37:31 2023:DEBUG:run: date: 1934 concentration: 0 pptv
Tue Mar 21 15:37:31 2023:DEBUG:run: date: 1935 concentration: 0 pptv
Tue Mar 21 15:37:31 2023:DEBUG:run: date: 1936 concentration: 0 pptv
Tue Mar 21 15:37:31 2023:DEBUG:run: date: 1937 concentration: 0 pptv
Tue Mar 21 15:37:31 2023:DEBUG:run: date: 1938 concentration: 0 pptv
Tue Mar 21 15:37:31 2023:DEBUG:run: date: 1939 concentration: 0 pptv
Tue Mar 21 15:37:31 2023:DEBUG:run: date: 1940 concentration: 0 pptv
Tue Mar 21 15:37:31 2023:DEBUG:run: date: 1941 concentration: 0 pptv
Tue Mar 21 15:37:31 2023:DEBUG:run: date: 1942 concentration: 0 pptv
Tue Mar 21 15:37:31 2023:DEBUG:run: date: 1943 concentration: 0 pptv
Tue Mar 21 15:37:31 2023:DEBUG:run: date: 1944 concentration: 0 pptv
Tue Mar 21 15:37:31 2023:DEBUG:run: date: 1945 concentration: 0 pptv
Tue Mar 21 15:37:31 2023:DEBUG:run: date: 1946 concentration: 0 pptv
Tue Mar 21 15:37:31 2023:DEBUG:run: date: 1947 concentration: 0 pptv
Tue Mar 21 15:37:31 2023:DEBUG:run: date: 1948 concentration: 0 pptv
Tue Mar 21 15:37:31 2023:DEBUG:run: date: 1949 concentration: 0 pptv
Tue Mar 21 15:37:31 2023:DEBUG:run: date: 1950 concentration: 0 pptv
Tue Mar 21 15:37:31 2023:DEBUG:run: date: 1951 concentration: 0 pptv
Tue Mar 21 15:37:31 2023:DEBUG:run: date: 1952 concentration: 0 pptv
Tue Mar 21 15:37:31 2023:DEBUG:run: date: 1953 concentration: 0 pptv
Tue Mar 21 15:37:31 2023:DEBUG:run: date: 1954 concentration: 0 pptv
Tue Mar 21 15:37:31 2023:DEBUG:run: date: 1955 concentration: 0 pptv
Tue Mar 21 15:37:31 2023:DEBUG:run: date: 1956 concentration: 0 pptv
Tue Mar 21 15:37:31 2023:DEBUG:run: date: 1957 concentration: 0 pptv
Tue Mar 21 15:37:31 2023:DEBUG:run: date: 1958 concentration: 0 pptv
Tue Mar 21 15:37:31 2023:DEBUG:run: date: 1959 concentration: 0 pptv
Tue Mar 21 15:37:31 2023:DEBUG:run: date: 1960 concentration: 0 pptv
Tue Mar 21 15:37:31 2023:DEBUG:run: date: 1961 concentration: 0 pptv
Tue Mar 21 15:37:31 2023:DEBUG:run: date: 1962 concentration: 0 pptv
Tue Mar 21 15:37:31 2023:DEBUG:run: date: 1963 concentration: 0 pptv
Tue Mar 21 15:37:31 2023:DEBUG:run: date: 1964 concentration: 0 pptv
Tue Mar 21 15:37:31 2023:DEBUG:run: date: 1965 concentration: 0 pptv
Tue Mar 21 15:37:31 2023:DEBUG:run: date: 1966 concentration: 0 pptv
Tue Mar 21 15:37:31 2023:DEBUG:run: date: 1967 concentration: 0 pptv
Tue Mar 21 15:37:31 2023:DEBUG:run: date: 1968 concentration: 0 pptv
Tue Mar 21 15:37:31 2023:DEBUG:run: date: 1969 concentration: 0 pptv
Tue Mar 21 15:37:31 2023:DEBUG:run: date: 1970 concentration: 0 pptv
Tue Mar 21 15:37:31 2023:DEBUG:run: date: 1971 concentration: 0 pptv
Tue Mar 21 15:37:31 2023:DEBUG:run: date: 1972 concentration: 0 pptv
Tue Mar 21 15:37:31 2023:DEBUG:run: date: 1973 concentration: 0 pptv
Tue Mar 21 15:37:31 2023:DEBUG:run: date: 1974 concentration: 0 pptv
Tue Mar 21 15:37:31 2023:DEBUG:run: date: 1975 concentration: 0 pptv
Tue Mar 21 15:37:31 2023:DEBUG:run: date: 1976 concentration: 0 pptv
Tue Mar 21 15:37:31 2023:DEBUG:run: date: 1977 concentration: 0 pptv
Tue Mar 21 15:37:31 2023:DEBUG:run: date: 1978 concentration: 0 pptv
Tue Mar 21 15:37:31 2023:DEBUG:run: date: 1979 concentration: 0 pptv
Tue Mar 21 15:37:31 2023:DEBUG:run: date: 1980 concentration: 0 pptv
Tue Mar 21 15:37:31 2023:DEBUG:run: date: 1981 concentration: 0 pptv
Tue Mar 21 15:37:31 2023:DEBUG:run: date: 1982 concentration: 0 pptv
Tue Mar 21 15:37:31 2023:DEBUG:run: date: 1983 concentration: 0 pptv
Tue Mar 21 15:37:31 2023:DEBUG:run: date: 1984 concentration: 0 pptv
Tue Mar 21 15:37:31 2023:DEBUG:run: date: 1985 concentration: 0 pptv
Tue Mar 21 15:37:31 2023:DEBUG:run: date: 1986 concentration: 0 pptv
Tue Mar 21 15:37:31 2023:DEBUG:run: date: 1987 concentration: 5.21693e-05 pptv
Tue Mar 21 15:37:31 2023:DEBUG:run: date: 1988 concentration: 0.0157833 pptv
Tue Mar 21 15:37:31 2023:DEBUG:run: date: 1989 concentration: 0.0466775 pptv
Tue Mar 21 15:37:31 2023:DEBUG:run: date: 1990 concentration: 0.110422 pptv
Tue Mar 21 15:37:31 2023:DEBUG:run: date: 1991 concentration: 0.411842 pptv
Tue Mar 21 15:37:31 2023:DEBUG:run: date: 1992 concentration: 1.37307 pptv
Tue Mar 21 15:37:31 2023:DEBUG:run: date: 1993 concentration: 2.78004 pptv
Tue Mar 21 15:37:31 2023:DEBUG:run: date: 1994 concentration: 4.53719 pptv
Tue Mar 21 15:37:31 2023:DEBUG:run: date: 1995 concentration: 6.3769 pptv
Tue Mar 21 15:37:31 2023:DEBUG:run: date: 1996 concentration: 8.14048 pptv
Tue Mar 21 15:37:31 2023:DEBUG:run: date: 1997 concentration: 9.82317 pptv
Tue Mar 21 15:37:31 2023:DEBUG:run: date: 1998 concentration: 11.343 pptv
Tue Mar 21 15:37:31 2023:DEBUG:run: date: 1999 concentration: 12.8153 pptv
Tue Mar 21 15:37:31 2023:DEBUG:run: date: 2000 concentration: 14.0474 pptv
Tue Mar 21 15:37:31 2023:DEBUG:run: date: 2001 concentration: 15.1552 pptv
Tue Mar 21 15:37:31 2023:DEBUG:run: date: 2002 concentration: 15.9011 pptv
Tue Mar 21 15:37:31 2023:DEBUG:run: date: 2003 concentration: 16.2824 pptv
Tue Mar 21 15:37:31 2023:DEBUG:run: date: 2004 concentration: 16.8364 pptv
Tue Mar 21 15:37:31 2023:DEBUG:run: date: 2005 concentration: 17.5511 pptv
Tue Mar 21 15:37:31 2023:DEBUG:run: date: 2006 concentration: 18.1009 pptv
Tue Mar 21 15:37:31 2023:DEBUG:run: date: 2007 concentration: 18.5063 pptv
Tue Mar 21 15:37:31 2023:DEBUG:run: date: 2008 concentration: 19.0925 pptv
Tue Mar 21 15:37:31 2023:DEBUG:run: date: 2009 concentration: 19.9174 pptv
Tue Mar 21 15:37:31 2023:DEBUG:run: date: 2010 concentration: 20.8251 pptv
Tue Mar 21 15:37:31 2023:DEBUG:run: date: 2011 concentration: 21.7521 pptv
Tue Mar 21 15:37:31 2023:DEBUG:run: date: 2012 concentration: 22.3872 pptv
Tue Mar 21 15:37:31 2023:DEBUG:run: date: 2013 concentration: 22.8001 pptv
Tue Mar 21 15:37:31 2023:DEBUG:run: date: 2014 concentration: 23.1711 pptv
Tue Mar 21 15:37:31 2023:DEBUG:run: date: 2015 concentration: 23.5042 pptv
Tue Mar 21 15:37:31 2023:DEBUG:run: date: 2016 concentration: 23.8495 pptv
Tue Mar 21 15:37:31 2023:DEBUG:run: date: 2017 concentration: 24.2057 pptv
Tue Mar 21 15:37:31 2023:DEBUG:run: date: 2018 concentration: 24.5716 pptv
Tue Mar 21 15:37:31 2023:DEBUG:run: date: 2019 concentration: 24.9463 pptv
Tue Mar 21 15:37:31 2023:DEBUG:run: date: 2020 concentration: 25.3289 pptv
Tue Mar 21 15:37:31 2023:DEBUG:run: date: 2021 concentration: 25.6232 pptv
Tue Mar 21 15:37:31 2023:DEBUG:run: date: 2022 concentration: 25.8382 pptv
Tue Mar 21 15:37:31 2023:DEBUG:run: date: 2023 concentration: 25.982 pptv
Tue Mar 21 15:37:31 2023:DEBUG:run: date: 2024 concentration: 26.0618 pptv
Tue Mar 21 15:37:31 2023:DEBUG:run: date: 2025 concentration: 26.0842 pptv
Tue Mar 21 15:37:31 2023:DEBUG:run: date: 2026 concentration: 26.0549 pptv
Tue Mar 21 15:37:31 2023:DEBUG:run: date: 2027 concentration: 25.9794 pptv
Tue Mar 21 15:37:31 2023:DEBUG:run: date: 2028 concentration: 25.8623 pptv
Tue Mar 21 15:37:31 2023:DEBUG:run: date: 2029 concentration: 25.7078 pptv
Tue Mar 21 15:37:31 2023:DEBUG:run: date: 2030 concentration: 25.5197 pptv
Tue Mar 21 15:37:31 2023:DEBUG:run: date: 2031 concentration: 25.2507 pptv
Tue Mar 21 15:37:31 2023:DEBUG:run: date: 2032 concentration: 24.9089 pptv
Tue Mar 21 15:37:31 2023:DEBUG:run: date: 2033 concentration: 24.5019 pptv
Tue Mar 21 15:37:31 2023:DEBUG:run: date: 2034 concentration: 24.0362 pptv
Tue Mar 21 15:37:31 2023:DEBUG:run: date: 2035 concentration: 23.5178 pptv
Tue Mar 21 15:37:31 2023:DEBUG:run: date: 2036 concentration: 22.9522 pptv
Tue Mar 21 15:37:31 2023:DEBUG:run: date: 2037 concentration: 22.344 pptv
Tue Mar 21 15:37:31 2023:DEBUG:run: date: 2038 concentration: 21.6977 pptv
Tue Mar 21 15:37:31 2023:DEBUG:run: date: 2039 concentration: 21.0172 pptv
Tue Mar 21 15:37:31 2023:DEBUG:run: date: 2040 concentration: 20.3059 pptv
Tue Mar 21 15:37:31 2023:DEBUG:run: date: 2041 concentration: 19.6058 pptv
Tue Mar 21 15:37:31 2023:DEBUG:run: date: 2042 concentration: 18.9158 pptv
Tue Mar 21 15:37:31 2023:DEBUG:run: date: 2043 concentration: 18.2348 pptv
Tue Mar 21 15:37:31 2023:DEBUG:run: date: 2044 concentration: 17.562 pptv
Tue Mar 21 15:37:31 2023:DEBUG:run: date: 2045 concentration: 16.8964 pptv
Tue Mar 21 15:37:31 2023:DEBUG:run: date: 2046 concentration: 16.2374 pptv
Tue Mar 21 15:37:31 2023:DEBUG:run: date: 2047 concentration: 15.5843 pptv
Tue Mar 21 15:37:31 2023:DEBUG:run: date: 2048 concentration: 14.9365 pptv
Tue Mar 21 15:37:31 2023:DEBUG:run: date: 2049 concentration: 14.2934 pptv
Tue Mar 21 15:37:31 2023:DEBUG:run: date: 2050 concentration: 13.6546 pptv
Tue Mar 21 15:37:31 2023:DEBUG:run: date: 2051 concentration: 13.0459 pptv
Tue Mar 21 15:37:31 2023:DEBUG:run: date: 2052 concentration: 12.4641 pptv
Tue Mar 21 15:37:31 2023:DEBUG:run: date: 2053 concentration: 11.9067 pptv
Tue Mar 21 15:37:31 2023:DEBUG:run: date: 2054 concentration: 11.371 pptv
Tue Mar 21 15:37:31 2023:DEBUG:run: date: 2055 concentration: 10.8549 pptv
Tue Mar 21 15:37:31 2023:DEBUG:run: date: 2056 concentration: 10.3563 pptv
Tue Mar 21 15:37:31 2023:DEBUG:run: date: 2057 concentration: 9.87356 pptv
Tue Mar 21 15:37:31 2023:DEBUG:run: date: 2058 concentration: 9.40496 pptv
Tue Mar 21 15:37:31 2023:DEBUG:run: date: 2059 concentration: 8.94909 pptv
Tue Mar 21 15:37:31 2023:DEBUG:run: date: 2060 concentration: 8.50465 pptv
Tue Mar 21 15:37:31 2023:DEBUG:run: date: 2061 concentration: 8.08548 pptv
Tue Mar 21 15:37:31 2023:DEBUG:run: date: 2062 concentration: 7.689 pptv
Tue Mar 21 15:37:31 2023:DEBUG:run: date: 2063 concentration: 7.31291 pptv
Tue Mar 21 15:37:31 2023:DEBUG:run: date: 2064 concentration: 6.95512 pptv
Tue Mar 21 15:37:31 2023:DEBUG:run: date: 2065 concentration: 6.61377 pptv
Tue Mar 21 15:37:31 2023:DEBUG:run: date: 2066 concentration: 6.28718 pptv
Tue Mar 21 15:37:31 2023:DEBUG:run: date: 2067 concentration: 5.97385 pptv
Tue Mar 21 15:37:31 2023:DEBUG:run: date: 2068 concentration: 5.67243 pptv
Tue Mar 21 15:37:31 2023:DEBUG:run: date: 2069 concentration: 5.3817 pptv
Tue Mar 21 15:37:31 2023:DEBUG:run: date: 2070 concentration: 5.10057 pptv
Tue Mar 21 15:37:31 2023:DEBUG:run: date: 2071 concentration: 4.83664 pptv
Tue Mar 21 15:37:31 2023:DEBUG:run: date: 2072 concentration: 4.58817 pptv
Tue Mar 21 15:37:31 2023:DEBUG:run: date: 2073 concentration: 4.35356 pptv
Tue Mar 21 15:37:31 2023:DEBUG:run: date: 2074 concentration: 4.13142 pptv
Tue Mar 21 15:37:31 2023:DEBUG:run: date: 2075 concentration: 3.92047 pptv
Tue Mar 21 15:37:31 2023:DEBUG:run: date: 2076 concentration: 3.71957 pptv
Tue Mar 21 15:37:31 2023:DEBUG:run: date: 2077 concentration: 3.5277 pptv
Tue Mar 21 15:37:31 2023:DEBUG:run: date: 2078 concentration: 3.34393 pptv
Tue Mar 21 15:37:31 2023:DEBUG:run: date: 2079 concentration: 3.16743 pptv
Tue Mar 21 15:37:31 2023:DEBUG:run: date: 2080 concentration: 2.99748 pptv
Tue Mar 21 15:37:31 2023:DEBUG:run: date: 2081 concentration: 2.8383 pptv
Tue Mar 21 15:37:31 2023:DEBUG:run: date: 2082 concentration: 2.6888 pptv
Tue Mar 21 15:37:31 2023:DEBUG:run: date: 2083 concentration: 2.54798 pptv
Tue Mar 21 15:37:31 2023:DEBUG:run: date: 2084 concentration: 2.41498 pptv
Tue Mar 21 15:37:31 2023:DEBUG:run: date: 2085 concentration: 2.28898 pptv
Tue Mar 21 15:37:31 2023:DEBUG:run: date: 2086 concentration: 2.16928 pptv
Tue Mar 21 15:37:32 2023:DEBUG:run: date: 2087 concentration: 2.05523 pptv
Tue Mar 21 15:37:32 2023:DEBUG:run: date: 2088 concentration: 1.94625 pptv
Tue Mar 21 15:37:32 2023:DEBUG:run: date: 2089 concentration: 1.84184 pptv
Tue Mar 21 15:37:32 2023:DEBUG:run: date: 2090 concentration: 1.74152 pptv
Tue Mar 21 15:37:32 2023:DEBUG:run: date: 2091 concentration: 1.64809 pptv
Tue Mar 21 15:37:32 2023:DEBUG:run: date: 2092 concentration: 1.56085 pptv
Tue Mar 21 15:37:32 2023:DEBUG:run: date: 2093 concentration: 1.47916 pptv
Tue Mar 21 15:37:32 2023:DEBUG:run: date: 2094 concentration: 1.40247 pptv
Tue Mar 21 15:37:32 2023:DEBUG:run: date: 2095 concentration: 1.33026 pptv
Tue Mar 21 15:37:32 2023:DEBUG:run: date: 2096 concentration: 1.26208 pptv
Tue Mar 21 15:37:32 2023:DEBUG:run: date: 2097 concentration: 1.19751 pptv
Tue Mar 21 15:37:32 2023:DEBUG:run: date: 2098 concentration: 1.13618 pptv
Tue Mar 21 15:37:32 2023:DEBUG:run: date: 2099 concentration: 1.07777 pptv
Tue Mar 21 15:37:32 2023:DEBUG:run: date: 2100 concentration: 1.02198 pptv
Tue Mar 21 15:37:32 2023:DEBUG:run: date: 2101 concentration: 0.971518 pptv
Tue Mar 21 15:37:32 2023:DEBUG:run: date: 2102 concentration: 0.925839 pptv
Tue Mar 21 15:37:32 2023:DEBUG:run: date: 2103 concentration: 0.884456 pptv
Tue Mar 21 15:37:32 2023:DEBUG:run: date: 2104 concentration: 0.846931 pptv
Tue Mar 21 15:37:32 2023:DEBUG:run: date: 2105 concentration: 0.812871 pptv
Tue Mar 21 15:37:32 2023:DEBUG:run: date: 2106 concentration: 0.781923 pptv
Tue Mar 21 15:37:32 2023:DEBUG:run: date: 2107 concentration: 0.753769 pptv
Tue Mar 21 15:37:32 2023:DEBUG:run: date: 2108 concentration: 0.728126 pptv
Tue Mar 21 15:37:32 2023:DEBUG:run: date: 2109 concentration: 0.704735 pptv
Tue Mar 21 15:37:32 2023:DEBUG:run: date: 2110 concentration: 0.683369 pptv
Tue Mar 21 15:37:32 2023:DEBUG:run: date: 2111 concentration: 0.663821 pptv
Tue Mar 21 15:37:32 2023:DEBUG:run: date: 2112 concentration: 0.645904 pptv
Tue Mar 21 15:37:32 2023:DEBUG:run: date: 2113 concentration: 0.629454 pptv
Tue Mar 21 15:37:32 2023:DEBUG:run: date: 2114 concentration: 0.614321 pptv
Tue Mar 21 15:37:32 2023:DEBUG:run: date: 2115 concentration: 0.600369 pptv
Tue Mar 21 15:37:32 2023:DEBUG:run: date: 2116 concentration: 0.587479 pptv
Tue Mar 21 15:37:32 2023:DEBUG:run: date: 2117 concentration: 0.575543 pptv
Tue Mar 21 15:37:32 2023:DEBUG:run: date: 2118 concentration: 0.564463 pptv
Tue Mar 21 15:37:32 2023:DEBUG:run: date: 2119 concentration: 0.554152 pptv
Tue Mar 21 15:37:32 2023:DEBUG:run: date: 2120 concentration: 0.544532 pptv
Tue Mar 21 15:37:32 2023:DEBUG:run: date: 2121 concentration: 0.535532 pptv
Tue Mar 21 15:37:32 2023:DEBUG:run: date: 2122 concentration: 0.527089 pptv
Tue Mar 21 15:37:32 2023:DEBUG:run: date: 2123 concentration: 0.519146 pptv
Tue Mar 21 15:37:32 2023:DEBUG:run: date: 2124 concentration: 0.511652 pptv
Tue Mar 21 15:37:32 2023:DEBUG:run: date: 2125 concentration: 0.504562 pptv
Tue Mar 21 15:37:32 2023:DEBUG:run: date: 2126 concentration: 0.497834 pptv
Tue Mar 21 15:37:32 2023:DEBUG:run: date: 2127 concentration: 0.491431 pptv
Tue Mar 21 15:37:32 2023:DEBUG:run: date: 2128 concentration: 0.48532 pptv
Tue Mar 21 15:37:32 2023:DEBUG:run: date: 2129 concentration: 0.479472 pptv
Tue Mar 21 15:37:32 2023:DEBUG:run: date: 2130 concentration: 0.47386 pptv
Tue Mar 21 15:37:32 2023:DEBUG:run: date: 2131 concentration: 0.468459 pptv
Tue Mar 21 15:37:32 2023:DEBUG:run: date: 2132 concentration: 0.463248 pptv
Tue Mar 21 15:37:32 2023:DEBUG:run: date: 2133 concentration: 0.458208 pptv
Tue Mar 21 15:37:32 2023:DEBUG:run: date: 2134 concentration: 0.453321 pptv
Tue Mar 21 15:37:32 2023:DEBUG:run: date: 2135 concentration: 0.448571 pptv
Tue Mar 21 15:37:32 2023:DEBUG:run: date: 2136 concentration: 0.443946 pptv
Tue Mar 21 15:37:32 2023:DEBUG:run: date: 2137 concentration: 0.439431 pptv
Tue Mar 21 15:37:32 2023:DEBUG:run: date: 2138 concentration: 0.435016 pptv
Tue Mar 21 15:37:32 2023:DEBUG:run: date: 2139 concentration: 0.43069 pptv
Tue Mar 21 15:37:32 2023:DEBUG:run: date: 2140 concentration: 0.426445 pptv
Tue Mar 21 15:37:32 2023:DEBUG:run: date: 2141 concentration: 0.422272 pptv
Tue Mar 21 15:37:32 2023:DEBUG:run: date: 2142 concentration: 0.418164 pptv
Tue Mar 21 15:37:32 2023:DEBUG:run: date: 2143 concentration: 0.414115 pptv
Tue Mar 21 15:37:32 2023:DEBUG:run: date: 2144 concentration: 0.410117 pptv
Tue Mar 21 15:37:32 2023:DEBUG:run: date: 2145 concentration: 0.406167 pptv
Tue Mar 21 15:37:32 2023:DEBUG:run: date: 2146 concentration: 0.402258 pptv
Tue Mar 21 15:37:32 2023:DEBUG:run: date: 2147 concentration: 0.398388 pptv
Tue Mar 21 15:37:32 2023:DEBUG:run: date: 2148 concentration: 0.394551 pptv
Tue Mar 21 15:37:32 2023:DEBUG:run: date: 2149 concentration: 0.390745 pptv
Tue Mar 21 15:37:32 2023:DEBUG:run: date: 2150 concentration: 0.386967 pptv
Tue Mar 21 15:37:32 2023:DEBUG:run: date: 2151 concentration: 0.383213 pptv
Tue Mar 21 15:37:32 2023:DEBUG:run: date: 2152 concentration: 0.379481 pptv
Tue Mar 21 15:37:32 2023:DEBUG:run: date: 2153 concentration: 0.37577 pptv
Tue Mar 21 15:37:32 2023:DEBUG:run: date: 2154 concentration: 0.372075 pptv
Tue Mar 21 15:37:32 2023:DEBUG:run: date: 2155 concentration: 0.368398 pptv
Tue Mar 21 15:37:32 2023:DEBUG:run: date: 2156 concentration: 0.364734 pptv
Tue Mar 21 15:37:32 2023:DEBUG:run: date: 2157 concentration: 0.361083 pptv
Tue Mar 21 15:37:32 2023:DEBUG:run: date: 2158 concentration: 0.357444 pptv
Tue Mar 21 15:37:32 2023:DEBUG:run: date: 2159 concentration: 0.353816 pptv
Tue Mar 21 15:37:32 2023:DEBUG:run: date: 2160 concentration: 0.350196 pptv
Tue Mar 21 15:37:32 2023:DEBUG:run: date: 2161 concentration: 0.346585 pptv
Tue Mar 21 15:37:32 2023:DEBUG:run: date: 2162 concentration: 0.342982 pptv
Tue Mar 21 15:37:32 2023:DEBUG:run: date: 2163 concentration: 0.339386 pptv
Tue Mar 21 15:37:32 2023:DEBUG:run: date: 2164 concentration: 0.335795 pptv
Tue Mar 21 15:37:32 2023:DEBUG:run: date: 2165 concentration: 0.33221 pptv
Tue Mar 21 15:37:32 2023:DEBUG:run: date: 2166 concentration: 0.32863 pptv
Tue Mar 21 15:37:32 2023:DEBUG:run: date: 2167 concentration: 0.325054 pptv
Tue Mar 21 15:37:32 2023:DEBUG:run: date: 2168 concentration: 0.321483 pptv
Tue Mar 21 15:37:32 2023:DEBUG:run: date: 2169 concentration: 0.317914 pptv
Tue Mar 21 15:37:32 2023:DEBUG:run: date: 2170 concentration: 0.31435 pptv
Tue Mar 21 15:37:32 2023:DEBUG:run: date: 2171 concentration: 0.310787 pptv
Tue Mar 21 15:37:32 2023:DEBUG:run: date: 2172 concentration: 0.307228 pptv
Tue Mar 21 15:37:32 2023:DEBUG:run: date: 2173 concentration: 0.303671 pptv
Tue Mar 21 15:37:32 2023:DEBUG:run: date: 2174 concentration: 0.300116 pptv
Tue Mar 21 15:37:32 2023:DEBUG:run: date: 2175 concentration: 0.296562 pptv
Tue Mar 21 15:37:32 2023:DEBUG:run: date: 2176 concentration: 0.293011 pptv
Tue Mar 21 15:37:32 2023:DEBUG:run: date: 2177 concentration: 0.289461 pptv
Tue Mar 21 15:37:32 2023:DEBUG:run: date: 2178 concentration: 0.285912 pptv
Tue Mar 21 15:37:32 2023:DEBUG:run: date: 2179 concentration: 0.282364 pptv
Tue Mar 21 15:37:32 2023:DEBUG:run: date: 2180 concentration: 0.278818 pptv
Tue Mar 21 15:37:32 2023:DEBUG:run: date: 2181 concentration: 0.275273 pptv
Tue Mar 21 15:37:32 2023:DEBUG:run: date: 2182 concentration: 0.271728 pptv
Tue Mar 21 15:37:32 2023:DEBUG:run: date: 2183 concentration: 0.268184 pptv
Tue Mar 21 15:37:32 2023:DEBUG:run: date: 2184 concentration: 0.264641 pptv
Tue Mar 21 15:37:32 2023:DEBUG:run: date: 2185 concentration: 0.261099 pptv
Tue Mar 21 15:37:32 2023:DEBUG:run: date: 2186 concentration: 0.257557 pptv
Tue Mar 21 15:37:32 2023:DEBUG:run: date: 2187 concentration: 0.254016 pptv
Tue Mar 21 15:37:32 2023:DEBUG:run: date: 2188 concentration: 0.250475 pptv
Tue Mar 21 15:37:32 2023:DEBUG:run: date: 2189 concentration: 0.246934 pptv
Tue Mar 21 15:37:32 2023:DEBUG:run: date: 2190 concentration: 0.243394 pptv
Tue Mar 21 15:37:32 2023:DEBUG:run: date: 2191 concentration: 0.239854 pptv
Tue Mar 21 15:37:32 2023:DEBUG:run: date: 2192 concentration: 0.236315 pptv
Tue Mar 21 15:37:32 2023:DEBUG:run: date: 2193 concentration: 0.232776 pptv
Tue Mar 21 15:37:32 2023:DEBUG:run: date: 2194 concentration: 0.229237 pptv
Tue Mar 21 15:37:32 2023:DEBUG:run: date: 2195 concentration: 0.225698 pptv
Tue Mar 21 15:37:32 2023:DEBUG:run: date: 2196 concentration: 0.222159 pptv
Tue Mar 21 15:37:32 2023:DEBUG:run: date: 2197 concentration: 0.218621 pptv
Tue Mar 21 15:37:32 2023:DEBUG:run: date: 2198 concentration: 0.215083 pptv
Tue Mar 21 15:37:32 2023:DEBUG:run: date: 2199 concentration: 0.211545 pptv
Tue Mar 21 15:37:32 2023:DEBUG:run: date: 2200 concentration: 0.208007 pptv
Tue Mar 21 15:37:32 2023:DEBUG:run: date: 2201 concentration: 0.204469 pptv
Tue Mar 21 15:37:32 2023:DEBUG:run: date: 2202 concentration: 0.200931 pptv
Tue Mar 21 15:37:32 2023:DEBUG:run: date: 2203 concentration: 0.197394 pptv
Tue Mar 21 15:37:32 2023:DEBUG:run: date: 2204 concentration: 0.193856 pptv
Tue Mar 21 15:37:32 2023:DEBUG:run: date: 2205 concentration: 0.190319 pptv
Tue Mar 21 15:37:32 2023:DEBUG:run: date: 2206 concentration: 0.186781 pptv
Tue Mar 21 15:37:32 2023:DEBUG:run: date: 2207 concentration: 0.183244 pptv
Tue Mar 21 15:37:32 2023:DEBUG:run: date: 2208 concentration: 0.179707 pptv
Tue Mar 21 15:37:32 2023:DEBUG:run: date: 2209 concentration: 0.176169 pptv
Tue Mar 21 15:37:32 2023:DEBUG:run: date: 2210 concentration: 0.172632 pptv
Tue Mar 21 15:37:32 2023:DEBUG:run: date: 2211 concentration: 0.169095 pptv
Tue Mar 21 15:37:32 2023:DEBUG:run: date: 2212 concentration: 0.165558 pptv
Tue Mar 21 15:37:32 2023:DEBUG:run: date: 2213 concentration: 0.162021 pptv
Tue Mar 21 15:37:32 2023:DEBUG:run: date: 2214 concentration: 0.158484 pptv
Tue Mar 21 15:37:32 2023:DEBUG:run: date: 2215 concentration: 0.154947 pptv
Tue Mar 21 15:37:32 2023:DEBUG:run: date: 2216 concentration: 0.15141 pptv
Tue Mar 21 15:37:32 2023:DEBUG:run: date: 2217 concentration: 0.147873 pptv
Tue Mar 21 15:37:32 2023:DEBUG:run: date: 2218 concentration: 0.144336 pptv
Tue Mar 21 15:37:32 2023:DEBUG:run: date: 2219 concentration: 0.140799 pptv
Tue Mar 21 15:37:32 2023:DEBUG:run: date: 2220 concentration: 0.137262 pptv
Tue Mar 21 15:37:32 2023:DEBUG:run: date: 2221 concentration: 0.133725 pptv
Tue Mar 21 15:37:32 2023:DEBUG:run: date: 2222 concentration: 0.130188 pptv
Tue Mar 21 15:37:32 2023:DEBUG:run: date: 2223 concentration: 0.126651 pptv
Tue Mar 21 15:37:32 2023:DEBUG:run: date: 2224 concentration: 0.123114 pptv
Tue Mar 21 15:37:32 2023:DEBUG:run: date: 2225 concentration: 0.119577 pptv
Tue Mar 21 15:37:32 2023:DEBUG:run: date: 2226 concentration: 0.11604 pptv
Tue Mar 21 15:37:32 2023:DEBUG:run: date: 2227 concentration: 0.112503 pptv
Tue Mar 21 15:37:32 2023:DEBUG:run: date: 2228 concentration: 0.108966 pptv
Tue Mar 21 15:37:32 2023:DEBUG:run: date: 2229 concentration: 0.105429 pptv
Tue Mar 21 15:37:32 2023:DEBUG:run: date: 2230 concentration: 0.101893 pptv
Tue Mar 21 15:37:32 2023:DEBUG:run: date: 2231 concentration: 0.0983558 pptv
Tue Mar 21 15:37:32 2023:DEBUG:run: date: 2232 concentration: 0.0948189 pptv
Tue Mar 21 15:37:32 2023:DEBUG:run: date: 2233 concentration: 0.091282 pptv
Tue Mar 21 15:37:32 2023:DEBUG:run: date: 2234 concentration: 0.0877452 pptv
Tue Mar 21 15:37:32 2023:DEBUG:run: date: 2235 concentration: 0.0842083 pptv
Tue Mar 21 15:37:32 2023:DEBUG:run: date: 2236 concentration: 0.0806715 pptv
Tue Mar 21 15:37:32 2023:DEBUG:run: date: 2237 concentration: 0.0771346 pptv
Tue Mar 21 15:37:32 2023:DEBUG:run: date: 2238 concentration: 0.0735978 pptv
Tue Mar 21 15:37:32 2023:DEBUG:run: date: 2239 concentration: 0.070061 pptv
Tue Mar 21 15:37:32 2023:DEBUG:run: date: 2240 concentration: 0.0665241 pptv
Tue Mar 21 15:37:32 2023:DEBUG:run: date: 2241 concentration: 0.0629873 pptv
Tue Mar 21 15:37:32 2023:DEBUG:run: date: 2242 concentration: 0.0594504 pptv
Tue Mar 21 15:37:32 2023:DEBUG:run: date: 2243 concentration: 0.0559136 pptv
Tue Mar 21 15:37:32 2023:DEBUG:run: date: 2244 concentration: 0.0523768 pptv
Tue Mar 21 15:37:32 2023:DEBUG:run: date: 2245 concentration: 0.0488399 pptv
Tue Mar 21 15:37:32 2023:DEBUG:run: date: 2246 concentration: 0.0453031 pptv
Tue Mar 21 15:37:32 2023:DEBUG:run: date: 2247 concentration: 0.0417663 pptv
Tue Mar 21 15:37:32 2023:DEBUG:run: date: 2248 concentration: 0.0382294 pptv
Tue Mar 21 15:37:32 2023:DEBUG:run: date: 2249 concentration: 0.0346926 pptv
Tue Mar 21 15:37:32 2023:DEBUG:run: date: 2250 concentration: 0.0311558 pptv
Tue Mar 21 15:37:32 2023:DEBUG:run: date: 2251 concentration: 0.0279795 pptv
Tue Mar 21 15:37:32 2023:DEBUG:run: date: 2252 concentration: 0.0251271 pptv
Tue Mar 21 15:37:32 2023:DEBUG:run: date: 2253 concentration: 0.0225654 pptv
Tue Mar 21 15:37:32 2023:DEBUG:run: date: 2254 concentration: 0.0202649 pptv
Tue Mar 21 15:37:32 2023:DEBUG:run: date: 2255 concentration: 0.018199 pptv
Tue Mar 21 15:37:32 2023:DEBUG:run: date: 2256 concentration: 0.0163436 pptv
Tue Mar 21 15:37:32 2023:DEBUG:run: date: 2257 concentration: 0.0146774 pptv
Tue Mar 21 15:37:32 2023:DEBUG:run: date: 2258 concentration: 0.0131811 pptv
Tue Mar 21 15:37:32 2023:DEBUG:run: date: 2259 concentration: 0.0118373 pptv
Tue Mar 21 15:37:32 2023:DEBUG:run: date: 2260 concentration: 0.0106305 pptv
Tue Mar 21 15:37:32 2023:DEBUG:run: date: 2261 concentration: 0.00954678 pptv
Tue Mar 21 15:37:32 2023:DEBUG:run: date: 2262 concentration: 0.00857351 pptv
Tue Mar 21 15:37:32 2023:DEBUG:run: date: 2263 concentration: 0.00769946 pptv
Tue Mar 21 15:37:32 2023:DEBUG:run: date: 2264 concentration: 0.00691452 pptv
Tue Mar 21 15:37:32 2023:DEBUG:run: date: 2265 concentration: 0.0062096 pptv
Tue Mar 21 15:37:32 2023:DEBUG:run: date: 2266 concentration: 0.00557655 pptv
Tue Mar 21 15:37:32 2023:DEBUG:run: date: 2267 concentration: 0.00500803 pptv
Tue Mar 21 15:37:32 2023:DEBUG:run: date: 2268 concentration: 0.00449747 pptv
Tue Mar 21 15:37:32 2023:DEBUG:run: date: 2269 concentration: 0.00403897 pptv
Tue Mar 21 15:37:32 2023:DEBUG:run: date: 2270 concentration: 0.0036272 pptv
Tue Mar 21 15:37:32 2023:DEBUG:run: date: 2271 concentration: 0.00325742 pptv
Tue Mar 21 15:37:32 2023:DEBUG:run: date: 2272 concentration: 0.00292533 pptv
Tue Mar 21 15:37:32 2023:DEBUG:run: date: 2273 concentration: 0.0026271 pptv
Tue Mar 21 15:37:32 2023:DEBUG:run: date: 2274 concentration: 0.00235928 pptv
Tue Mar 21 15:37:32 2023:DEBUG:run: date: 2275 concentration: 0.00211875 pptv
Tue Mar 21 15:37:32 2023:DEBUG:run: date: 2276 concentration: 0.00190275 pptv
Tue Mar 21 15:37:32 2023:DEBUG:run: date: 2277 concentration: 0.00170877 pptv
Tue Mar 21 15:37:32 2023:DEBUG:run: date: 2278 concentration: 0.00153457 pptv
Tue Mar 21 15:37:32 2023:DEBUG:run: date: 2279 concentration: 0.00137812 pptv
Tue Mar 21 15:37:32 2023:DEBUG:run: date: 2280 concentration: 0.00123762 pptv
Tue Mar 21 15:37:32 2023:DEBUG:run: date: 2281 concentration: 0.00111145 pptv
Tue Mar 21 15:37:32 2023:DEBUG:run: date: 2282 concentration: 0.000998141 pptv
Tue Mar 21 15:37:32 2023:DEBUG:run: date: 2283 concentration: 0.000896383 pptv
Tue Mar 21 15:37:32 2023:DEBUG:run: date: 2284 concentration: 0.000804999 pptv
Tue Mar 21 15:37:32 2023:DEBUG:run: date: 2285 concentration: 0.000722931 pptv
Tue Mar 21 15:37:32 2023:DEBUG:run: date: 2286 concentration: 0.00064923 pptv
Tue Mar 21 15:37:32 2023:DEBUG:run: date: 2287 concentration: 0.000583043 pptv
Tue Mar 21 15:37:32 2023:DEBUG:run: date: 2288 concentration: 0.000523603 pptv
Tue Mar 21 15:37:32 2023:DEBUG:run: date: 2289 concentration: 0.000470223 pptv
Tue Mar 21 15:37:32 2023:DEBUG:run: date: 2290 concentration: 0.000422285 pptv
Tue Mar 21 15:37:32 2023:DEBUG:run: date: 2291 concentration: 0.000379234 pptv
Tue Mar 21 15:37:32 2023:DEBUG:run: date: 2292 concentration: 0.000340572 pptv
Tue Mar 21 15:37:32 2023:DEBUG:run: date: 2293 concentration: 0.000305851 pptv
Tue Mar 21 15:37:32 2023:DEBUG:run: date: 2294 concentration: 0.000274671 pptv
Tue Mar 21 15:37:32 2023:DEBUG:run: date: 2295 concentration: 0.000246669 pptv
Tue Mar 21 15:37:32 2023:DEBUG:run: date: 2296 concentration: 0.000221521 pptv
Tue Mar 21 15:37:32 2023:DEBUG:run: date: 2297 concentration: 0.000198938 pptv
Tue Mar 21 15:37:32 2023:DEBUG:run: date: 2298 concentration: 0.000178656 pptv
Tue Mar 21 15:37:32 2023:DEBUG:run: date: 2299 concentration: 0.000160443 pptv
Tue Mar 21 15:37:32 2023:DEBUG:run: date: 2300 concentration: 0.000144086 pptv
