Tue Mar 21 15:37:28 2023:NOTICE:printLogHeader: hector version 2.5.0
Tue Mar 21 15:37:29 2023:DEBUG:setData: Setting tau[-1]=12.0
Tue Mar 21 15:37:29 2023:DEBUG:setData: Setting rho[-1]=0.0002
Tue Mar 21 15:37:29 2023:DEBUG:setData: Setting HCFC22_emissions[1765]=0
Tue Mar 21 15:37:29 2023:DEBUG:setData: Setting HCFC22_emissions[1766]=0
Tue Mar 21 15:37:29 2023:DEBUG:setData: Setting HCFC22_emissions[1767]=0
Tue Mar 21 15:37:29 2023:DEBUG:setData: Setting HCFC22_emissions[1768]=0
Tue Mar 21 15:37:29 2023:DEBUG:setData: Setting HCFC22_emissions[1769]=0
Tue Mar 21 15:37:29 2023:DEBUG:setData: Setting HCFC22_emissions[1770]=0
Tue Mar 21 15:37:29 2023:DEBUG:setData: Setting HCFC22_emissions[1771]=0
Tue Mar 21 15:37:29 2023:DEBUG:setData: Setting HCFC22_emissions[1772]=0
Tue Mar 21 15:37:29 2023:DEBUG:setData: Setting HCFC22_emissions[1773]=0
Tue Mar 21 15:37:29 2023:DEBUG:setData: Setting HCFC22_emissions[1774]=0
Tue Mar 21 15:37:29 2023:DEBUG:setData: Setting HCFC22_emissions[1775]=0
Tue Mar 21 15:37:29 2023:DEBUG:setData: Setting HCFC22_emissions[1776]=0
Tue Mar 21 15:37:29 2023:DEBUG:setData: Setting HCFC22_emissions[1777]=0
Tue Mar 21 15:37:29 2023:DEBUG:setData: Setting HCFC22_emissions[1778]=0
Tue Mar 21 15:37:29 2023:DEBUG:setData: Setting HCFC22_emissions[1779]=0
Tue Mar 21 15:37:29 2023:DEBUG:setData: Setting HCFC22_emissions[1780]=0
Tue Mar 21 15:37:29 2023:DEBUG:setData: Setting HCFC22_emissions[1781]=0
Tue Mar 21 15:37:29 2023:DEBUG:setData: Setting HCFC22_emissions[1782]=0
Tue Mar 21 15:37:29 2023:DEBUG:setData: Setting HCFC22_emissions[1783]=0
Tue Mar 21 15:37:29 2023:DEBUG:setData: Setting HCFC22_emissions[1784]=0
Tue Mar 21 15:37:29 2023:DEBUG:setData: Setting HCFC22_emissions[1785]=0
Tue Mar 21 15:37:29 2023:DEBUG:setData: Setting HCFC22_emissions[1786]=0
Tue Mar 21 15:37:29 2023:DEBUG:setData: Setting HCFC22_emissions[1787]=0
Tue Mar 21 15:37:29 2023:DEBUG:setData: Setting HCFC22_emissions[1788]=0
Tue Mar 21 15:37:29 2023:DEBUG:setData: Setting HCFC22_emissions[1789]=0
Tue Mar 21 15:37:29 2023:DEBUG:setData: Setting HCFC22_emissions[1790]=0
Tue Mar 21 15:37:29 2023:DEBUG:setData: Setting HCFC22_emissions[1791]=0
Tue Mar 21 15:37:29 2023:DEBUG:setData: Setting HCFC22_emissions[1792]=0
Tue Mar 21 15:37:29 2023:DEBUG:setData: Setting HCFC22_emissions[1793]=0
Tue Mar 21 15:37:29 2023:DEBUG:setData: Setting HCFC22_emissions[1794]=0
Tue Mar 21 15:37:29 2023:DEBUG:setData: Setting HCFC22_emissions[1795]=0
Tue Mar 21 15:37:29 2023:DEBUG:setData: Setting HCFC22_emissions[1796]=0
Tue Mar 21 15:37:29 2023:DEBUG:setData: Setting HCFC22_emissions[1797]=0
Tue Mar 21 15:37:29 2023:DEBUG:setData: Setting HCFC22_emissions[1798]=0
Tue Mar 21 15:37:29 2023:DEBUG:setData: Setting HCFC22_emissions[1799]=0
Tue Mar 21 15:37:29 2023:DEBUG:setData: Setting HCFC22_emissions[1800]=0
Tue Mar 21 15:37:29 2023:DEBUG:setData: Setting HCFC22_emissions[1801]=0
Tue Mar 21 15:37:29 2023:DEBUG:setData: Setting HCFC22_emissions[1802]=0
Tue Mar 21 15:37:29 2023:DEBUG:setData: Setting HCFC22_emissions[1803]=0
Tue Mar 21 15:37:29 2023:DEBUG:setData: Setting HCFC22_emissions[1804]=0
Tue Mar 21 15:37:29 2023:DEBUG:setData: Setting HCFC22_emissions[1805]=0
Tue Mar 21 15:37:29 2023:DEBUG:setData: Setting HCFC22_emissions[1806]=0
Tue Mar 21 15:37:29 2023:DEBUG:setData: Setting HCFC22_emissions[1807]=0
Tue Mar 21 15:37:29 2023:DEBUG:setData: Setting HCFC22_emissions[1808]=0
Tue Mar 21 15:37:29 2023:DEBUG:setData: Setting HCFC22_emissions[1809]=0
Tue Mar 21 15:37:29 2023:DEBUG:setData: Setting HCFC22_emissions[1810]=0
Tue Mar 21 15:37:29 2023:DEBUG:setData: Setting HCFC22_emissions[1811]=0
Tue Mar 21 15:37:29 2023:DEBUG:setData: Setting HCFC22_emissions[1812]=0
Tue Mar 21 15:37:29 2023:DEBUG:setData: Setting HCFC22_emissions[1813]=0
Tue Mar 21 15:37:29 2023:DEBUG:setData: Setting HCFC22_emissions[1814]=0
Tue Mar 21 15:37:29 2023:DEBUG:setData: Setting HCFC22_emissions[1815]=0
Tue Mar 21 15:37:29 2023:DEBUG:setData: Setting HCFC22_emissions[1816]=0
Tue Mar 21 15:37:29 2023:DEBUG:setData: Setting HCFC22_emissions[1817]=0
Tue Mar 21 15:37:29 2023:DEBUG:setData: Setting HCFC22_emissions[1818]=0
Tue Mar 21 15:37:29 2023:DEBUG:setData: Setting HCFC22_emissions[1819]=0
Tue Mar 21 15:37:29 2023:DEBUG:setData: Setting HCFC22_emissions[1820]=0
Tue Mar 21 15:37:29 2023:DEBUG:setData: Setting HCFC22_emissions[1821]=0
Tue Mar 21 15:37:29 2023:DEBUG:setData: Setting HCFC22_emissions[1822]=0
Tue Mar 21 15:37:29 2023:DEBUG:setData: Setting HCFC22_emissions[1823]=0
Tue Mar 21 15:37:29 2023:DEBUG:setData: Setting HCFC22_emissions[1824]=0
Tue Mar 21 15:37:29 2023:DEBUG:setData: Setting HCFC22_emissions[1825]=0
Tue Mar 21 15:37:29 2023:DEBUG:setData: Setting HCFC22_emissions[1826]=0
Tue Mar 21 15:37:29 2023:DEBUG:setData: Setting HCFC22_emissions[1827]=0
Tue Mar 21 15:37:29 2023:DEBUG:setData: Setting HCFC22_emissions[1828]=0
Tue Mar 21 15:37:29 2023:DEBUG:setData: Setting HCFC22_emissions[1829]=0
Tue Mar 21 15:37:29 2023:DEBUG:setData: Setting HCFC22_emissions[1830]=0
Tue Mar 21 15:37:29 2023:DEBUG:setData: Setting HCFC22_emissions[1831]=0
Tue Mar 21 15:37:29 2023:DEBUG:setData: Setting HCFC22_emissions[1832]=0
Tue Mar 21 15:37:29 2023:DEBUG:setData: Setting HCFC22_emissions[1833]=0
Tue Mar 21 15:37:29 2023:DEBUG:setData: Setting HCFC22_emissions[1834]=0
Tue Mar 21 15:37:29 2023:DEBUG:setData: Setting HCFC22_emissions[1835]=0
Tue Mar 21 15:37:29 2023:DEBUG:setData: Setting HCFC22_emissions[1836]=0
Tue Mar 21 15:37:29 2023:DEBUG:setData: Setting HCFC22_emissions[1837]=0
Tue Mar 21 15:37:29 2023:DEBUG:setData: Setting HCFC22_emissions[1838]=0
Tue Mar 21 15:37:29 2023:DEBUG:setData: Setting HCFC22_emissions[1839]=0
Tue Mar 21 15:37:29 2023:DEBUG:setData: Setting HCFC22_emissions[1840]=0
Tue Mar 21 15:37:29 2023:DEBUG:setData: Setting HCFC22_emissions[1841]=0
Tue Mar 21 15:37:29 2023:DEBUG:setData: Setting HCFC22_emissions[1842]=0
Tue Mar 21 15:37:29 2023:DEBUG:setData: Setting HCFC22_emissions[1843]=0
Tue Mar 21 15:37:29 2023:DEBUG:setData: Setting HCFC22_emissions[1844]=0
Tue Mar 21 15:37:29 2023:DEBUG:setData: Setting HCFC22_emissions[1845]=0
Tue Mar 21 15:37:29 2023:DEBUG:setData: Setting HCFC22_emissions[1846]=0
Tue Mar 21 15:37:29 2023:DEBUG:setData: Setting HCFC22_emissions[1847]=0
Tue Mar 21 15:37:29 2023:DEBUG:setData: Setting HCFC22_emissions[1848]=0
Tue Mar 21 15:37:29 2023:DEBUG:setData: Setting HCFC22_emissions[1849]=0
Tue Mar 21 15:37:29 2023:DEBUG:setData: Setting HCFC22_emissions[1850]=0
Tue Mar 21 15:37:29 2023:DEBUG:setData: Setting HCFC22_emissions[1851]=0
Tue Mar 21 15:37:29 2023:DEBUG:setData: Setting HCFC22_emissions[1852]=0
Tue Mar 21 15:37:29 2023:DEBUG:setData: Setting HCFC22_emissions[1853]=0
Tue Mar 21 15:37:29 2023:DEBUG:setData: Setting HCFC22_emissions[1854]=0
Tue Mar 21 15:37:29 2023:DEBUG:setData: Setting HCFC22_emissions[1855]=0
Tue Mar 21 15:37:29 2023:DEBUG:setData: Setting HCFC22_emissions[1856]=0
Tue Mar 21 15:37:29 2023:DEBUG:setData: Setting HCFC22_emissions[1857]=0
Tue Mar 21 15:37:29 2023:DEBUG:setData: Setting HCFC22_emissions[1858]=0
Tue Mar 21 15:37:29 2023:DEBUG:setData: Setting HCFC22_emissions[1859]=0
Tue Mar 21 15:37:29 2023:DEBUG:setData: Setting HCFC22_emissions[1860]=0
Tue Mar 21 15:37:29 2023:DEBUG:setData: Setting HCFC22_emissions[1861]=0
Tue Mar 21 15:37:29 2023:DEBUG:setData: Setting HCFC22_emissions[1862]=0
Tue Mar 21 15:37:29 2023:DEBUG:setData: Setting HCFC22_emissions[1863]=0
Tue Mar 21 15:37:29 2023:DEBUG:setData: Setting HCFC22_emissions[1864]=0
Tue Mar 21 15:37:29 2023:DEBUG:setData: Setting HCFC22_emissions[1865]=0
Tue Mar 21 15:37:29 2023:DEBUG:setData: Setting HCFC22_emissions[1866]=0
Tue Mar 21 15:37:29 2023:DEBUG:setData: Setting HCFC22_emissions[1867]=0
Tue Mar 21 15:37:29 2023:DEBUG:setData: Setting HCFC22_emissions[1868]=0
Tue Mar 21 15:37:29 2023:DEBUG:setData: Setting HCFC22_emissions[1869]=0
Tue Mar 21 15:37:29 2023:DEBUG:setData: Setting HCFC22_emissions[1870]=0
Tue Mar 21 15:37:29 2023:DEBUG:setData: Setting HCFC22_emissions[1871]=0
Tue Mar 21 15:37:29 2023:DEBUG:setData: Setting HCFC22_emissions[1872]=0
Tue Mar 21 15:37:29 2023:DEBUG:setData: Setting HCFC22_emissions[1873]=0
Tue Mar 21 15:37:29 2023:DEBUG:setData: Setting HCFC22_emissions[1874]=0
Tue Mar 21 15:37:29 2023:DEBUG:setData: Setting HCFC22_emissions[1875]=0
Tue Mar 21 15:37:29 2023:DEBUG:setData: Setting HCFC22_emissions[1876]=0
Tue Mar 21 15:37:29 2023:DEBUG:setData: Setting HCFC22_emissions[1877]=0
Tue Mar 21 15:37:29 2023:DEBUG:setData: Setting HCFC22_emissions[1878]=0
Tue Mar 21 15:37:29 2023:DEBUG:setData: Setting HCFC22_emissions[1879]=0
Tue Mar 21 15:37:29 2023:DEBUG:setData: Setting HCFC22_emissions[1880]=0
Tue Mar 21 15:37:29 2023:DEBUG:setData: Setting HCFC22_emissions[1881]=0
Tue Mar 21 15:37:29 2023:DEBUG:setData: Setting HCFC22_emissions[1882]=0
Tue Mar 21 15:37:29 2023:DEBUG:setData: Setting HCFC22_emissions[1883]=0
Tue Mar 21 15:37:29 2023:DEBUG:setData: Setting HCFC22_emissions[1884]=0
Tue Mar 21 15:37:29 2023:DEBUG:setData: Setting HCFC22_emissions[1885]=0
Tue Mar 21 15:37:29 2023:DEBUG:setData: Setting HCFC22_emissions[1886]=0
Tue Mar 21 15:37:29 2023:DEBUG:setData: Setting HCFC22_emissions[1887]=0
Tue Mar 21 15:37:29 2023:DEBUG:setData: Setting HCFC22_emissions[1888]=0
Tue Mar 21 15:37:29 2023:DEBUG:setData: Setting HCFC22_emissions[1889]=0
Tue Mar 21 15:37:29 2023:DEBUG:setData: Setting HCFC22_emissions[1890]=0
Tue Mar 21 15:37:29 2023:DEBUG:setData: Setting HCFC22_emissions[1891]=0
Tue Mar 21 15:37:29 2023:DEBUG:setData: Setting HCFC22_emissions[1892]=0
Tue Mar 21 15:37:29 2023:DEBUG:setData: Setting HCFC22_emissions[1893]=0
Tue Mar 21 15:37:29 2023:DEBUG:setData: Setting HCFC22_emissions[1894]=0
Tue Mar 21 15:37:29 2023:DEBUG:setData: Setting HCFC22_emissions[1895]=0
Tue Mar 21 15:37:29 2023:DEBUG:setData: Setting HCFC22_emissions[1896]=0
Tue Mar 21 15:37:29 2023:DEBUG:setData: Setting HCFC22_emissions[1897]=0
Tue Mar 21 15:37:29 2023:DEBUG:setData: Setting HCFC22_emissions[1898]=0
Tue Mar 21 15:37:29 2023:DEBUG:setData: Setting HCFC22_emissions[1899]=0
Tue Mar 21 15:37:29 2023:DEBUG:setData: Setting HCFC22_emissions[1900]=0
Tue Mar 21 15:37:29 2023:DEBUG:setData: Setting HCFC22_emissions[1901]=0
Tue Mar 21 15:37:29 2023:DEBUG:setData: Setting HCFC22_emissions[1902]=0
Tue Mar 21 15:37:29 2023:DEBUG:setData: Setting HCFC22_emissions[1903]=0
Tue Mar 21 15:37:29 2023:DEBUG:setData: Setting HCFC22_emissions[1904]=0
Tue Mar 21 15:37:29 2023:DEBUG:setData: Setting HCFC22_emissions[1905]=0
Tue Mar 21 15:37:29 2023:DEBUG:setData: Setting HCFC22_emissions[1906]=0
Tue Mar 21 15:37:29 2023:DEBUG:setData: Setting HCFC22_emissions[1907]=0
Tue Mar 21 15:37:29 2023:DEBUG:setData: Setting HCFC22_emissions[1908]=0
Tue Mar 21 15:37:29 2023:DEBUG:setData: Setting HCFC22_emissions[1909]=0
Tue Mar 21 15:37:29 2023:DEBUG:setData: Setting HCFC22_emissions[1910]=0
Tue Mar 21 15:37:29 2023:DEBUG:setData: Setting HCFC22_emissions[1911]=0
Tue Mar 21 15:37:29 2023:DEBUG:setData: Setting HCFC22_emissions[1912]=0
Tue Mar 21 15:37:29 2023:DEBUG:setData: Setting HCFC22_emissions[1913]=0
Tue Mar 21 15:37:29 2023:DEBUG:setData: Setting HCFC22_emissions[1914]=0
Tue Mar 21 15:37:29 2023:DEBUG:setData: Setting HCFC22_emissions[1915]=0
Tue Mar 21 15:37:29 2023:DEBUG:setData: Setting HCFC22_emissions[1916]=0
Tue Mar 21 15:37:29 2023:DEBUG:setData: Setting HCFC22_emissions[1917]=0
Tue Mar 21 15:37:29 2023:DEBUG:setData: Setting HCFC22_emissions[1918]=0
Tue Mar 21 15:37:29 2023:DEBUG:setData: Setting HCFC22_emissions[1919]=0
Tue Mar 21 15:37:29 2023:DEBUG:setData: Setting HCFC22_emissions[1920]=0
Tue Mar 21 15:37:29 2023:DEBUG:setData: Setting HCFC22_emissions[1921]=0
Tue Mar 21 15:37:29 2023:DEBUG:setData: Setting HCFC22_emissions[1922]=0
Tue Mar 21 15:37:29 2023:DEBUG:setData: Setting HCFC22_emissions[1923]=0
Tue Mar 21 15:37:29 2023:DEBUG:setData: Setting HCFC22_emissions[1924]=0
Tue Mar 21 15:37:29 2023:DEBUG:setData: Setting HCFC22_emissions[1925]=0
Tue Mar 21 15:37:29 2023:DEBUG:setData: Setting HCFC22_emissions[1926]=0
Tue Mar 21 15:37:29 2023:DEBUG:setData: Setting HCFC22_emissions[1927]=0
Tue Mar 21 15:37:29 2023:DEBUG:setData: Setting HCFC22_emissions[1928]=0
Tue Mar 21 15:37:29 2023:DEBUG:setData: Setting HCFC22_emissions[1929]=0
Tue Mar 21 15:37:29 2023:DEBUG:setData: Setting HCFC22_emissions[1930]=0
Tue Mar 21 15:37:29 2023:DEBUG:setData: Setting HCFC22_emissions[1931]=0
Tue Mar 21 15:37:29 2023:DEBUG:setData: Setting HCFC22_emissions[1932]=0.005764349
Tue Mar 21 15:37:29 2023:DEBUG:setData: Setting HCFC22_emissions[1933]=0.14482802
Tue Mar 21 15:37:29 2023:DEBUG:setData: Setting HCFC22_emissions[1934]=0.60639434
Tue Mar 21 15:37:29 2023:DEBUG:setData: Setting HCFC22_emissions[1935]=0.97427321
Tue Mar 21 15:37:29 2023:DEBUG:setData: Setting HCFC22_emissions[1936]=1.0455299
Tue Mar 21 15:37:29 2023:DEBUG:setData: Setting HCFC22_emissions[1937]=1.1131878
Tue Mar 21 15:37:29 2023:DEBUG:setData: Setting HCFC22_emissions[1938]=1.185033
Tue Mar 21 15:37:29 2023:DEBUG:setData: Setting HCFC22_emissions[1939]=1.2571398
Tue Mar 21 15:37:29 2023:DEBUG:setData: Setting HCFC22_emissions[1940]=1.3304594
Tue Mar 21 15:37:29 2023:DEBUG:setData: Setting HCFC22_emissions[1941]=1.4028748
Tue Mar 21 15:37:29 2023:DEBUG:setData: Setting HCFC22_emissions[1942]=1.4745564
Tue Mar 21 15:37:29 2023:DEBUG:setData: Setting HCFC22_emissions[1943]=1.5467027
Tue Mar 21 15:37:29 2023:DEBUG:setData: Setting HCFC22_emissions[1944]=1.6191675
Tue Mar 21 15:37:29 2023:DEBUG:setData: Setting HCFC22_emissions[1945]=1.69101
Tue Mar 21 15:37:29 2023:DEBUG:setData: Setting HCFC22_emissions[1946]=1.7631908
Tue Mar 21 15:37:29 2023:DEBUG:setData: Setting HCFC22_emissions[1947]=1.8372679
Tue Mar 21 15:37:29 2023:DEBUG:setData: Setting HCFC22_emissions[1948]=1.966277
Tue Mar 21 15:37:29 2023:DEBUG:setData: Setting HCFC22_emissions[1949]=1.6426278
Tue Mar 21 15:37:29 2023:DEBUG:setData: Setting HCFC22_emissions[1950]=1.0661465
Tue Mar 21 15:37:29 2023:DEBUG:setData: Setting HCFC22_emissions[1951]=1.0527789
Tue Mar 21 15:37:29 2023:DEBUG:setData: Setting HCFC22_emissions[1952]=1.4414744
Tue Mar 21 15:37:29 2023:DEBUG:setData: Setting HCFC22_emissions[1953]=2.100408
Tue Mar 21 15:37:29 2023:DEBUG:setData: Setting HCFC22_emissions[1954]=2.8888848
Tue Mar 21 15:37:29 2023:DEBUG:setData: Setting HCFC22_emissions[1955]=3.5564777
Tue Mar 21 15:37:29 2023:DEBUG:setData: Setting HCFC22_emissions[1956]=4.5322658
Tue Mar 21 15:37:29 2023:DEBUG:setData: Setting HCFC22_emissions[1957]=5.9875108
Tue Mar 21 15:37:29 2023:DEBUG:setData: Setting HCFC22_emissions[1958]=7.120204
Tue Mar 21 15:37:29 2023:DEBUG:setData: Setting HCFC22_emissions[1959]=8.0253807
Tue Mar 21 15:37:29 2023:DEBUG:setData: Setting HCFC22_emissions[1960]=9.5885732
Tue Mar 21 15:37:29 2023:DEBUG:setData: Setting HCFC22_emissions[1961]=11.884386
Tue Mar 21 15:37:29 2023:DEBUG:setData: Setting HCFC22_emissions[1962]=14.500089
Tue Mar 21 15:37:29 2023:DEBUG:setData: Setting HCFC22_emissions[1963]=17.280228
Tue Mar 21 15:37:29 2023:DEBUG:setData: Setting HCFC22_emissions[1964]=20.771971
Tue Mar 21 15:37:29 2023:DEBUG:setData: Setting HCFC22_emissions[1965]=25.0603
Tue Mar 21 15:37:29 2023:DEBUG:setData: Setting HCFC22_emissions[1966]=30.477075
Tue Mar 21 15:37:29 2023:DEBUG:setData: Setting HCFC22_emissions[1967]=36.036945
Tue Mar 21 15:37:29 2023:DEBUG:setData: Setting HCFC22_emissions[1968]=40.359034
Tue Mar 21 15:37:29 2023:DEBUG:setData: Setting HCFC22_emissions[1969]=44.144508
Tue Mar 21 15:37:29 2023:DEBUG:setData: Setting HCFC22_emissions[1970]=49.037394
Tue Mar 21 15:37:29 2023:DEBUG:setData: Setting HCFC22_emissions[1971]=55.790888
Tue Mar 21 15:37:29 2023:DEBUG:setData: Setting HCFC22_emissions[1972]=61.456633
Tue Mar 21 15:37:29 2023:DEBUG:setData: Setting HCFC22_emissions[1973]=65.420113
Tue Mar 21 15:37:29 2023:DEBUG:setData: Setting HCFC22_emissions[1974]=71.666995
Tue Mar 21 15:37:29 2023:DEBUG:setData: Setting HCFC22_emissions[1975]=79.153904
Tue Mar 21 15:37:29 2023:DEBUG:setData: Setting HCFC22_emissions[1976]=92.664426
Tue Mar 21 15:37:29 2023:DEBUG:setData: Setting HCFC22_emissions[1977]=109.06413
Tue Mar 21 15:37:29 2023:DEBUG:setData: Setting HCFC22_emissions[1978]=112.78031
Tue Mar 21 15:37:29 2023:DEBUG:setData: Setting HCFC22_emissions[1979]=113.22088
Tue Mar 21 15:37:29 2023:DEBUG:setData: Setting HCFC22_emissions[1980]=118.29604
Tue Mar 21 15:37:29 2023:DEBUG:setData: Setting HCFC22_emissions[1981]=122.37567
Tue Mar 21 15:37:29 2023:DEBUG:setData: Setting HCFC22_emissions[1982]=125.26367
Tue Mar 21 15:37:29 2023:DEBUG:setData: Setting HCFC22_emissions[1983]=129.4055
Tue Mar 21 15:37:29 2023:DEBUG:setData: Setting HCFC22_emissions[1984]=137.14097
Tue Mar 21 15:37:29 2023:DEBUG:setData: Setting HCFC22_emissions[1985]=148.48134
Tue Mar 21 15:37:29 2023:DEBUG:setData: Setting HCFC22_emissions[1986]=163.26271
Tue Mar 21 15:37:29 2023:DEBUG:setData: Setting HCFC22_emissions[1987]=177.25124
Tue Mar 21 15:37:29 2023:DEBUG:setData: Setting HCFC22_emissions[1988]=185.3279
Tue Mar 21 15:37:29 2023:DEBUG:setData: Setting HCFC22_emissions[1989]=189.56819
Tue Mar 21 15:37:29 2023:DEBUG:setData: Setting HCFC22_emissions[1990]=192.30881
Tue Mar 21 15:37:29 2023:DEBUG:setData: Setting HCFC22_emissions[1991]=185.52075
Tue Mar 21 15:37:29 2023:DEBUG:setData: Setting HCFC22_emissions[1992]=194.061
Tue Mar 21 15:37:29 2023:DEBUG:setData: Setting HCFC22_emissions[1993]=208.33854
Tue Mar 21 15:37:29 2023:DEBUG:setData: Setting HCFC22_emissions[1994]=237.88968
Tue Mar 21 15:37:29 2023:DEBUG:setData: Setting HCFC22_emissions[1995]=230.3453
Tue Mar 21 15:37:29 2023:DEBUG:setData: Setting HCFC22_emissions[1996]=224.86947
Tue Mar 21 15:37:29 2023:DEBUG:setData: Setting HCFC22_emissions[1997]=240.5221
Tue Mar 21 15:37:29 2023:DEBUG:setData: Setting HCFC22_emissions[1998]=234.46613
Tue Mar 21 15:37:29 2023:DEBUG:setData: Setting HCFC22_emissions[1999]=252.31636
Tue Mar 21 15:37:29 2023:DEBUG:setData: Setting HCFC22_emissions[2000]=263.60627
Tue Mar 21 15:37:29 2023:DEBUG:setData: Setting HCFC22_emissions[2001]=261.60586
Tue Mar 21 15:37:29 2023:DEBUG:setData: Setting HCFC22_emissions[2002]=270.32175
Tue Mar 21 15:37:29 2023:DEBUG:setData: Setting HCFC22_emissions[2003]=287.30923
Tue Mar 21 15:37:29 2023:DEBUG:setData: Setting HCFC22_emissions[2004]=307.57676
Tue Mar 21 15:37:29 2023:DEBUG:setData: Setting HCFC22_emissions[2005]=329.52471
Tue Mar 21 15:37:29 2023:DEBUG:setData: Setting HCFC22_emissions[2006]=346.30497
Tue Mar 21 15:37:29 2023:DEBUG:setData: Setting HCFC22_emissions[2007]=357.26506
Tue Mar 21 15:37:29 2023:DEBUG:setData: Setting HCFC22_emissions[2008]=362.72449
Tue Mar 21 15:37:29 2023:DEBUG:setData: Setting HCFC22_emissions[2009]=366.5558
Tue Mar 21 15:37:29 2023:DEBUG:setData: Setting HCFC22_emissions[2010]=361.74691
Tue Mar 21 15:37:29 2023:DEBUG:setData: Setting HCFC22_emissions[2011]=366.94427
Tue Mar 21 15:37:29 2023:DEBUG:setData: Setting HCFC22_emissions[2012]=356.29002
Tue Mar 21 15:37:29 2023:DEBUG:setData: Setting HCFC22_emissions[2013]=342.89828
Tue Mar 21 15:37:29 2023:DEBUG:setData: Setting HCFC22_emissions[2014]=358.8813
Tue Mar 21 15:37:29 2023:DEBUG:setData: Setting HCFC22_emissions[2015]=358.8813
Tue Mar 21 15:37:29 2023:DEBUG:setData: Setting HCFC22_emissions[2016]=351.625206
Tue Mar 21 15:37:29 2023:DEBUG:setData: Setting HCFC22_emissions[2017]=344.369112
Tue Mar 21 15:37:29 2023:DEBUG:setData: Setting HCFC22_emissions[2018]=337.113018
Tue Mar 21 15:37:29 2023:DEBUG:setData: Setting HCFC22_emissions[2019]=329.856924
Tue Mar 21 15:37:29 2023:DEBUG:setData: Setting HCFC22_emissions[2020]=322.60083
Tue Mar 21 15:37:29 2023:DEBUG:setData: Setting HCFC22_emissions[2021]=304.67177
Tue Mar 21 15:37:29 2023:DEBUG:setData: Setting HCFC22_emissions[2022]=286.74271
Tue Mar 21 15:37:29 2023:DEBUG:setData: Setting HCFC22_emissions[2023]=268.81365
Tue Mar 21 15:37:29 2023:DEBUG:setData: Setting HCFC22_emissions[2024]=250.88459
Tue Mar 21 15:37:29 2023:DEBUG:setData: Setting HCFC22_emissions[2025]=232.95553
Tue Mar 21 15:37:29 2023:DEBUG:setData: Setting HCFC22_emissions[2026]=215.02647
Tue Mar 21 15:37:29 2023:DEBUG:setData: Setting HCFC22_emissions[2027]=197.09741
Tue Mar 21 15:37:29 2023:DEBUG:setData: Setting HCFC22_emissions[2028]=179.16835
Tue Mar 21 15:37:29 2023:DEBUG:setData: Setting HCFC22_emissions[2029]=161.23929
Tue Mar 21 15:37:29 2023:DEBUG:setData: Setting HCFC22_emissions[2030]=143.31023
Tue Mar 21 15:37:29 2023:DEBUG:setData: Setting HCFC22_emissions[2031]=131.008084
Tue Mar 21 15:37:29 2023:DEBUG:setData: Setting HCFC22_emissions[2032]=118.705938
Tue Mar 21 15:37:29 2023:DEBUG:setData: Setting HCFC22_emissions[2033]=106.403792
Tue Mar 21 15:37:29 2023:DEBUG:setData: Setting HCFC22_emissions[2034]=94.101646
Tue Mar 21 15:37:29 2023:DEBUG:setData: Setting HCFC22_emissions[2035]=81.7995
Tue Mar 21 15:37:29 2023:DEBUG:setData: Setting HCFC22_emissions[2036]=69.497354
Tue Mar 21 15:37:29 2023:DEBUG:setData: Setting HCFC22_emissions[2037]=57.195208
Tue Mar 21 15:37:29 2023:DEBUG:setData: Setting HCFC22_emissions[2038]=44.893062
Tue Mar 21 15:37:29 2023:DEBUG:setData: Setting HCFC22_emissions[2039]=32.590916
Tue Mar 21 15:37:29 2023:DEBUG:setData: Setting HCFC22_emissions[2040]=20.28877
Tue Mar 21 15:37:29 2023:DEBUG:setData: Setting HCFC22_emissions[2041]=18.44822429
Tue Mar 21 15:37:29 2023:DEBUG:setData: Setting HCFC22_emissions[2042]=16.60767858
Tue Mar 21 15:37:29 2023:DEBUG:setData: Setting HCFC22_emissions[2043]=14.76713287
Tue Mar 21 15:37:29 2023:DEBUG:setData: Setting HCFC22_emissions[2044]=12.92658716
Tue Mar 21 15:37:29 2023:DEBUG:setData: Setting HCFC22_emissions[2045]=11.08604145
Tue Mar 21 15:37:29 2023:DEBUG:setData: Setting HCFC22_emissions[2046]=9.24549574
Tue Mar 21 15:37:29 2023:DEBUG:setData: Setting HCFC22_emissions[2047]=7.40495003
Tue Mar 21 15:37:29 2023:DEBUG:setData: Setting HCFC22_emissions[2048]=5.56440432
Tue Mar 21 15:37:29 2023:DEBUG:setData: Setting HCFC22_emissions[2049]=3.72385861
Tue Mar 21 15:37:29 2023:DEBUG:setData: Setting HCFC22_emissions[2050]=1.8833129
Tue Mar 21 15:37:29 2023:DEBUG:setData: Setting HCFC22_emissions[2051]=1.712466056
Tue Mar 21 15:37:29 2023:DEBUG:setData: Setting HCFC22_emissions[2052]=1.541619212
Tue Mar 21 15:37:29 2023:DEBUG:setData: Setting HCFC22_emissions[2053]=1.370772368
Tue Mar 21 15:37:29 2023:DEBUG:setData: Setting HCFC22_emissions[2054]=1.199925524
Tue Mar 21 15:37:29 2023:DEBUG:setData: Setting HCFC22_emissions[2055]=1.02907868
Tue Mar 21 15:37:29 2023:DEBUG:setData: Setting HCFC22_emissions[2056]=0.858231836
Tue Mar 21 15:37:29 2023:DEBUG:setData: Setting HCFC22_emissions[2057]=0.687384992
Tue Mar 21 15:37:29 2023:DEBUG:setData: Setting HCFC22_emissions[2058]=0.516538148
Tue Mar 21 15:37:29 2023:DEBUG:setData: Setting HCFC22_emissions[2059]=0.345691304
Tue Mar 21 15:37:29 2023:DEBUG:setData: Setting HCFC22_emissions[2060]=0.17484446
Tue Mar 21 15:37:29 2023:DEBUG:setData: Setting HCFC22_emissions[2061]=0.158985329
Tue Mar 21 15:37:29 2023:DEBUG:setData: Setting HCFC22_emissions[2062]=0.143126197
Tue Mar 21 15:37:29 2023:DEBUG:setData: Setting HCFC22_emissions[2063]=0.127267066
Tue Mar 21 15:37:29 2023:DEBUG:setData: Setting HCFC22_emissions[2064]=0.111407935
Tue Mar 21 15:37:29 2023:DEBUG:setData: Setting HCFC22_emissions[2065]=0.095548804
Tue Mar 21 15:37:29 2023:DEBUG:setData: Setting HCFC22_emissions[2066]=0.079689672
Tue Mar 21 15:37:29 2023:DEBUG:setData: Setting HCFC22_emissions[2067]=0.063830541
Tue Mar 21 15:37:29 2023:DEBUG:setData: Setting HCFC22_emissions[2068]=0.04797141
Tue Mar 21 15:37:29 2023:DEBUG:setData: Setting HCFC22_emissions[2069]=0.032112278
Tue Mar 21 15:37:29 2023:DEBUG:setData: Setting HCFC22_emissions[2070]=0.016253147
Tue Mar 21 15:37:29 2023:DEBUG:setData: Setting HCFC22_emissions[2071]=0.014775588
Tue Mar 21 15:37:29 2023:DEBUG:setData: Setting HCFC22_emissions[2072]=0.013298029
Tue Mar 21 15:37:29 2023:DEBUG:setData: Setting HCFC22_emissions[2073]=0.011820471
Tue Mar 21 15:37:29 2023:DEBUG:setData: Setting HCFC22_emissions[2074]=0.010342912
Tue Mar 21 15:37:29 2023:DEBUG:setData: Setting HCFC22_emissions[2075]=0.008865353
Tue Mar 21 15:37:29 2023:DEBUG:setData: Setting HCFC22_emissions[2076]=0.007387794
Tue Mar 21 15:37:29 2023:DEBUG:setData: Setting HCFC22_emissions[2077]=0.005910235
Tue Mar 21 15:37:29 2023:DEBUG:setData: Setting HCFC22_emissions[2078]=0.004432676
Tue Mar 21 15:37:29 2023:DEBUG:setData: Setting HCFC22_emissions[2079]=0.002955118
Tue Mar 21 15:37:29 2023:DEBUG:setData: Setting HCFC22_emissions[2080]=0.001477559
Tue Mar 21 15:37:29 2023:DEBUG:setData: Setting HCFC22_emissions[2081]=0.00134622
Tue Mar 21 15:37:29 2023:DEBUG:setData: Setting HCFC22_emissions[2082]=0.001214882
Tue Mar 21 15:37:29 2023:DEBUG:setData: Setting HCFC22_emissions[2083]=0.001083543
Tue Mar 21 15:37:29 2023:DEBUG:setData: Setting HCFC22_emissions[2084]=0.000952205
Tue Mar 21 15:37:29 2023:DEBUG:setData: Setting HCFC22_emissions[2085]=0.000820866
Tue Mar 21 15:37:29 2023:DEBUG:setData: Setting HCFC22_emissions[2086]=0.000689527
Tue Mar 21 15:37:29 2023:DEBUG:setData: Setting HCFC22_emissions[2087]=0.000558189
Tue Mar 21 15:37:29 2023:DEBUG:setData: Setting HCFC22_emissions[2088]=0.00042685
Tue Mar 21 15:37:29 2023:DEBUG:setData: Setting HCFC22_emissions[2089]=0.000295512
Tue Mar 21 15:37:29 2023:DEBUG:setData: Setting HCFC22_emissions[2090]=0.000164173
Tue Mar 21 15:37:29 2023:DEBUG:setData: Setting HCFC22_emissions[2091]=0.001050708
Tue Mar 21 15:37:29 2023:DEBUG:setData: Setting HCFC22_emissions[2092]=0.001937244
Tue Mar 21 15:37:29 2023:DEBUG:setData: Setting HCFC22_emissions[2093]=0.002823779
Tue Mar 21 15:37:29 2023:DEBUG:setData: Setting HCFC22_emissions[2094]=0.003710314
Tue Mar 21 15:37:29 2023:DEBUG:setData: Setting HCFC22_emissions[2095]=0.00459685
Tue Mar 21 15:37:29 2023:DEBUG:setData: Setting HCFC22_emissions[2096]=0.005483385
Tue Mar 21 15:37:29 2023:DEBUG:setData: Setting HCFC22_emissions[2097]=0.00636992
Tue Mar 21 15:37:29 2023:DEBUG:setData: Setting HCFC22_emissions[2098]=0.007256455
Tue Mar 21 15:37:29 2023:DEBUG:setData: Setting HCFC22_emissions[2099]=0.008142991
Tue Mar 21 15:37:29 2023:DEBUG:setData: Setting HCFC22_emissions[2100]=0.009029526
Tue Mar 21 15:37:29 2023:DEBUG:setData: Setting HCFC22_emissions[2101]=0.008969329
Tue Mar 21 15:37:29 2023:DEBUG:setData: Setting HCFC22_emissions[2102]=0.008909132
Tue Mar 21 15:37:29 2023:DEBUG:setData: Setting HCFC22_emissions[2103]=0.008848935
Tue Mar 21 15:37:29 2023:DEBUG:setData: Setting HCFC22_emissions[2104]=0.008788739
Tue Mar 21 15:37:29 2023:DEBUG:setData: Setting HCFC22_emissions[2105]=0.008728542
Tue Mar 21 15:37:29 2023:DEBUG:setData: Setting HCFC22_emissions[2106]=0.008668345
Tue Mar 21 15:37:29 2023:DEBUG:setData: Setting HCFC22_emissions[2107]=0.008608148
Tue Mar 21 15:37:29 2023:DEBUG:setData: Setting HCFC22_emissions[2108]=0.008547951
Tue Mar 21 15:37:29 2023:DEBUG:setData: Setting HCFC22_emissions[2109]=0.008487754
Tue Mar 21 15:37:29 2023:DEBUG:setData: Setting HCFC22_emissions[2110]=0.008427558
Tue Mar 21 15:37:29 2023:DEBUG:setData: Setting HCFC22_emissions[2111]=0.008367361
Tue Mar 21 15:37:29 2023:DEBUG:setData: Setting HCFC22_emissions[2112]=0.008307164
Tue Mar 21 15:37:29 2023:DEBUG:setData: Setting HCFC22_emissions[2113]=0.008246967
Tue Mar 21 15:37:29 2023:DEBUG:setData: Setting HCFC22_emissions[2114]=0.00818677
Tue Mar 21 15:37:29 2023:DEBUG:setData: Setting HCFC22_emissions[2115]=0.008126573
Tue Mar 21 15:37:29 2023:DEBUG:setData: Setting HCFC22_emissions[2116]=0.008066377
Tue Mar 21 15:37:29 2023:DEBUG:setData: Setting HCFC22_emissions[2117]=0.00800618
Tue Mar 21 15:37:29 2023:DEBUG:setData: Setting HCFC22_emissions[2118]=0.007945983
Tue Mar 21 15:37:29 2023:DEBUG:setData: Setting HCFC22_emissions[2119]=0.007885786
Tue Mar 21 15:37:29 2023:DEBUG:setData: Setting HCFC22_emissions[2120]=0.007825589
Tue Mar 21 15:37:29 2023:DEBUG:setData: Setting HCFC22_emissions[2121]=0.007765392
Tue Mar 21 15:37:29 2023:DEBUG:setData: Setting HCFC22_emissions[2122]=0.007705196
Tue Mar 21 15:37:29 2023:DEBUG:setData: Setting HCFC22_emissions[2123]=0.007644999
Tue Mar 21 15:37:29 2023:DEBUG:setData: Setting HCFC22_emissions[2124]=0.007584802
Tue Mar 21 15:37:29 2023:DEBUG:setData: Setting HCFC22_emissions[2125]=0.007524605
Tue Mar 21 15:37:29 2023:DEBUG:setData: Setting HCFC22_emissions[2126]=0.007464408
Tue Mar 21 15:37:29 2023:DEBUG:setData: Setting HCFC22_emissions[2127]=0.007404211
Tue Mar 21 15:37:29 2023:DEBUG:setData: Setting HCFC22_emissions[2128]=0.007344014
Tue Mar 21 15:37:29 2023:DEBUG:setData: Setting HCFC22_emissions[2129]=0.007283818
Tue Mar 21 15:37:29 2023:DEBUG:setData: Setting HCFC22_emissions[2130]=0.007223621
Tue Mar 21 15:37:29 2023:DEBUG:setData: Setting HCFC22_emissions[2131]=0.007163424
Tue Mar 21 15:37:29 2023:DEBUG:setData: Setting HCFC22_emissions[2132]=0.007103227
Tue Mar 21 15:37:29 2023:DEBUG:setData: Setting HCFC22_emissions[2133]=0.00704303
Tue Mar 21 15:37:29 2023:DEBUG:setData: Setting HCFC22_emissions[2134]=0.006982833
Tue Mar 21 15:37:29 2023:DEBUG:setData: Setting HCFC22_emissions[2135]=0.006922637
Tue Mar 21 15:37:29 2023:DEBUG:setData: Setting HCFC22_emissions[2136]=0.00686244
Tue Mar 21 15:37:29 2023:DEBUG:setData: Setting HCFC22_emissions[2137]=0.006802243
Tue Mar 21 15:37:29 2023:DEBUG:setData: Setting HCFC22_emissions[2138]=0.006742046
Tue Mar 21 15:37:29 2023:DEBUG:setData: Setting HCFC22_emissions[2139]=0.006681849
Tue Mar 21 15:37:29 2023:DEBUG:setData: Setting HCFC22_emissions[2140]=0.006621652
Tue Mar 21 15:37:29 2023:DEBUG:setData: Setting HCFC22_emissions[2141]=0.006561456
Tue Mar 21 15:37:29 2023:DEBUG:setData: Setting HCFC22_emissions[2142]=0.006501259
Tue Mar 21 15:37:29 2023:DEBUG:setData: Setting HCFC22_emissions[2143]=0.006441062
Tue Mar 21 15:37:29 2023:DEBUG:setData: Setting HCFC22_emissions[2144]=0.006380865
Tue Mar 21 15:37:29 2023:DEBUG:setData: Setting HCFC22_emissions[2145]=0.006320668
Tue Mar 21 15:37:29 2023:DEBUG:setData: Setting HCFC22_emissions[2146]=0.006260471
Tue Mar 21 15:37:29 2023:DEBUG:setData: Setting HCFC22_emissions[2147]=0.006200275
Tue Mar 21 15:37:29 2023:DEBUG:setData: Setting HCFC22_emissions[2148]=0.006140078
Tue Mar 21 15:37:29 2023:DEBUG:setData: Setting HCFC22_emissions[2149]=0.006079881
Tue Mar 21 15:37:29 2023:DEBUG:setData: Setting HCFC22_emissions[2150]=0.006019684
Tue Mar 21 15:37:29 2023:DEBUG:setData: Setting HCFC22_emissions[2151]=0.005959487
Tue Mar 21 15:37:29 2023:DEBUG:setData: Setting HCFC22_emissions[2152]=0.00589929
Tue Mar 21 15:37:29 2023:DEBUG:setData: Setting HCFC22_emissions[2153]=0.005839093
Tue Mar 21 15:37:29 2023:DEBUG:setData: Setting HCFC22_emissions[2154]=0.005778897
Tue Mar 21 15:37:29 2023:DEBUG:setData: Setting HCFC22_emissions[2155]=0.0057187
Tue Mar 21 15:37:29 2023:DEBUG:setData: Setting HCFC22_emissions[2156]=0.005658503
Tue Mar 21 15:37:29 2023:DEBUG:setData: Setting HCFC22_emissions[2157]=0.005598306
Tue Mar 21 15:37:29 2023:DEBUG:setData: Setting HCFC22_emissions[2158]=0.005538109
Tue Mar 21 15:37:29 2023:DEBUG:setData: Setting HCFC22_emissions[2159]=0.005477912
Tue Mar 21 15:37:29 2023:DEBUG:setData: Setting HCFC22_emissions[2160]=0.005417716
Tue Mar 21 15:37:29 2023:DEBUG:setData: Setting HCFC22_emissions[2161]=0.005357519
Tue Mar 21 15:37:29 2023:DEBUG:setData: Setting HCFC22_emissions[2162]=0.005297322
Tue Mar 21 15:37:29 2023:DEBUG:setData: Setting HCFC22_emissions[2163]=0.005237125
Tue Mar 21 15:37:29 2023:DEBUG:setData: Setting HCFC22_emissions[2164]=0.005176928
Tue Mar 21 15:37:29 2023:DEBUG:setData: Setting HCFC22_emissions[2165]=0.005116731
Tue Mar 21 15:37:29 2023:DEBUG:setData: Setting HCFC22_emissions[2166]=0.005056535
Tue Mar 21 15:37:29 2023:DEBUG:setData: Setting HCFC22_emissions[2167]=0.004996338
Tue Mar 21 15:37:29 2023:DEBUG:setData: Setting HCFC22_emissions[2168]=0.004936141
Tue Mar 21 15:37:29 2023:DEBUG:setData: Setting HCFC22_emissions[2169]=0.004875944
Tue Mar 21 15:37:29 2023:DEBUG:setData: Setting HCFC22_emissions[2170]=0.004815747
Tue Mar 21 15:37:29 2023:DEBUG:setData: Setting HCFC22_emissions[2171]=0.00475555
Tue Mar 21 15:37:29 2023:DEBUG:setData: Setting HCFC22_emissions[2172]=0.004695354
Tue Mar 21 15:37:29 2023:DEBUG:setData: Setting HCFC22_emissions[2173]=0.004635157
Tue Mar 21 15:37:29 2023:DEBUG:setData: Setting HCFC22_emissions[2174]=0.00457496
Tue Mar 21 15:37:29 2023:DEBUG:setData: Setting HCFC22_emissions[2175]=0.004514763
Tue Mar 21 15:37:29 2023:DEBUG:setData: Setting HCFC22_emissions[2176]=0.004454566
Tue Mar 21 15:37:29 2023:DEBUG:setData: Setting HCFC22_emissions[2177]=0.004394369
Tue Mar 21 15:37:29 2023:DEBUG:setData: Setting HCFC22_emissions[2178]=0.004334172
Tue Mar 21 15:37:29 2023:DEBUG:setData: Setting HCFC22_emissions[2179]=0.004273976
Tue Mar 21 15:37:29 2023:DEBUG:setData: Setting HCFC22_emissions[2180]=0.004213779
Tue Mar 21 15:37:29 2023:DEBUG:setData: Setting HCFC22_emissions[2181]=0.004153582
Tue Mar 21 15:37:29 2023:DEBUG:setData: Setting HCFC22_emissions[2182]=0.004093385
Tue Mar 21 15:37:29 2023:DEBUG:setData: Setting HCFC22_emissions[2183]=0.004033188
Tue Mar 21 15:37:29 2023:DEBUG:setData: Setting HCFC22_emissions[2184]=0.003972991
Tue Mar 21 15:37:29 2023:DEBUG:setData: Setting HCFC22_emissions[2185]=0.003912795
Tue Mar 21 15:37:29 2023:DEBUG:setData: Setting HCFC22_emissions[2186]=0.003852598
Tue Mar 21 15:37:29 2023:DEBUG:setData: Setting HCFC22_emissions[2187]=0.003792401
Tue Mar 21 15:37:29 2023:DEBUG:setData: Setting HCFC22_emissions[2188]=0.003732204
Tue Mar 21 15:37:29 2023:DEBUG:setData: Setting HCFC22_emissions[2189]=0.003672007
Tue Mar 21 15:37:29 2023:DEBUG:setData: Setting HCFC22_emissions[2190]=0.00361181
Tue Mar 21 15:37:29 2023:DEBUG:setData: Setting HCFC22_emissions[2191]=0.003551614
Tue Mar 21 15:37:29 2023:DEBUG:setData: Setting HCFC22_emissions[2192]=0.003491417
Tue Mar 21 15:37:29 2023:DEBUG:setData: Setting HCFC22_emissions[2193]=0.00343122
Tue Mar 21 15:37:29 2023:DEBUG:setData: Setting HCFC22_emissions[2194]=0.003371023
Tue Mar 21 15:37:29 2023:DEBUG:setData: Setting HCFC22_emissions[2195]=0.003310826
Tue Mar 21 15:37:29 2023:DEBUG:setData: Setting HCFC22_emissions[2196]=0.003250629
Tue Mar 21 15:37:29 2023:DEBUG:setData: Setting HCFC22_emissions[2197]=0.003190433
Tue Mar 21 15:37:29 2023:DEBUG:setData: Setting HCFC22_emissions[2198]=0.003130236
Tue Mar 21 15:37:29 2023:DEBUG:setData: Setting HCFC22_emissions[2199]=0.003070039
Tue Mar 21 15:37:29 2023:DEBUG:setData: Setting HCFC22_emissions[2200]=0.003009842
Tue Mar 21 15:37:29 2023:DEBUG:setData: Setting HCFC22_emissions[2201]=0.002949645
Tue Mar 21 15:37:29 2023:DEBUG:setData: Setting HCFC22_emissions[2202]=0.002889448
Tue Mar 21 15:37:29 2023:DEBUG:setData: Setting HCFC22_emissions[2203]=0.002829251
Tue Mar 21 15:37:29 2023:DEBUG:setData: Setting HCFC22_emissions[2204]=0.002769055
Tue Mar 21 15:37:29 2023:DEBUG:setData: Setting HCFC22_emissions[2205]=0.002708858
Tue Mar 21 15:37:29 2023:DEBUG:setData: Setting HCFC22_emissions[2206]=0.002648661
Tue Mar 21 15:37:29 2023:DEBUG:setData: Setting HCFC22_emissions[2207]=0.002588464
Tue Mar 21 15:37:29 2023:DEBUG:setData: Setting HCFC22_emissions[2208]=0.002528267
Tue Mar 21 15:37:29 2023:DEBUG:setData: Setting HCFC22_emissions[2209]=0.00246807
Tue Mar 21 15:37:29 2023:DEBUG:setData: Setting HCFC22_emissions[2210]=0.002407874
Tue Mar 21 15:37:29 2023:DEBUG:setData: Setting HCFC22_emissions[2211]=0.002347677
Tue Mar 21 15:37:29 2023:DEBUG:setData: Setting HCFC22_emissions[2212]=0.00228748
Tue Mar 21 15:37:29 2023:DEBUG:setData: Setting HCFC22_emissions[2213]=0.002227283
Tue Mar 21 15:37:29 2023:DEBUG:setData: Setting HCFC22_emissions[2214]=0.002167086
Tue Mar 21 15:37:29 2023:DEBUG:setData: Setting HCFC22_emissions[2215]=0.002106889
Tue Mar 21 15:37:29 2023:DEBUG:setData: Setting HCFC22_emissions[2216]=0.002046693
Tue Mar 21 15:37:29 2023:DEBUG:setData: Setting HCFC22_emissions[2217]=0.001986496
Tue Mar 21 15:37:29 2023:DEBUG:setData: Setting HCFC22_emissions[2218]=0.001926299
Tue Mar 21 15:37:29 2023:DEBUG:setData: Setting HCFC22_emissions[2219]=0.001866102
Tue Mar 21 15:37:29 2023:DEBUG:setData: Setting HCFC22_emissions[2220]=0.001805905
Tue Mar 21 15:37:29 2023:DEBUG:setData: Setting HCFC22_emissions[2221]=0.001745708
Tue Mar 21 15:37:29 2023:DEBUG:setData: Setting HCFC22_emissions[2222]=0.001685512
Tue Mar 21 15:37:29 2023:DEBUG:setData: Setting HCFC22_emissions[2223]=0.001625315
Tue Mar 21 15:37:29 2023:DEBUG:setData: Setting HCFC22_emissions[2224]=0.001565118
Tue Mar 21 15:37:29 2023:DEBUG:setData: Setting HCFC22_emissions[2225]=0.001504921
Tue Mar 21 15:37:29 2023:DEBUG:setData: Setting HCFC22_emissions[2226]=0.001444724
Tue Mar 21 15:37:29 2023:DEBUG:setData: Setting HCFC22_emissions[2227]=0.001384527
Tue Mar 21 15:37:29 2023:DEBUG:setData: Setting HCFC22_emissions[2228]=0.00132433
Tue Mar 21 15:37:29 2023:DEBUG:setData: Setting HCFC22_emissions[2229]=0.001264134
Tue Mar 21 15:37:29 2023:DEBUG:setData: Setting HCFC22_emissions[2230]=0.001203937
Tue Mar 21 15:37:29 2023:DEBUG:setData: Setting HCFC22_emissions[2231]=0.00114374
Tue Mar 21 15:37:29 2023:DEBUG:setData: Setting HCFC22_emissions[2232]=0.001083543
Tue Mar 21 15:37:29 2023:DEBUG:setData: Setting HCFC22_emissions[2233]=0.001023346
Tue Mar 21 15:37:29 2023:DEBUG:setData: Setting HCFC22_emissions[2234]=0.000963149
Tue Mar 21 15:37:29 2023:DEBUG:setData: Setting HCFC22_emissions[2235]=0.000902953
Tue Mar 21 15:37:29 2023:DEBUG:setData: Setting HCFC22_emissions[2236]=0.000842756
Tue Mar 21 15:37:29 2023:DEBUG:setData: Setting HCFC22_emissions[2237]=0.000782559
Tue Mar 21 15:37:29 2023:DEBUG:setData: Setting HCFC22_emissions[2238]=0.000722362
Tue Mar 21 15:37:29 2023:DEBUG:setData: Setting HCFC22_emissions[2239]=0.000662165
Tue Mar 21 15:37:29 2023:DEBUG:setData: Setting HCFC22_emissions[2240]=0.000601968
Tue Mar 21 15:37:29 2023:DEBUG:setData: Setting HCFC22_emissions[2241]=0.000541772
Tue Mar 21 15:37:29 2023:DEBUG:setData: Setting HCFC22_emissions[2242]=0.000481575
Tue Mar 21 15:37:29 2023:DEBUG:setData: Setting HCFC22_emissions[2243]=0.000421378
Tue Mar 21 15:37:29 2023:DEBUG:setData: Setting HCFC22_emissions[2244]=0.000361181
Tue Mar 21 15:37:29 2023:DEBUG:setData: Setting HCFC22_emissions[2245]=0.000300984
Tue Mar 21 15:37:29 2023:DEBUG:setData: Setting HCFC22_emissions[2246]=0.000240787
Tue Mar 21 15:37:29 2023:DEBUG:setData: Setting HCFC22_emissions[2247]=0.000180591
Tue Mar 21 15:37:29 2023:DEBUG:setData: Setting HCFC22_emissions[2248]=0.000120394
Tue Mar 21 15:37:29 2023:DEBUG:setData: Setting HCFC22_emissions[2249]=0.0000602
Tue Mar 21 15:37:29 2023:DEBUG:setData: Setting HCFC22_emissions[2250]=0
Tue Mar 21 15:37:29 2023:DEBUG:setData: Setting HCFC22_emissions[2251]=0
Tue Mar 21 15:37:29 2023:DEBUG:setData: Setting HCFC22_emissions[2252]=0
Tue Mar 21 15:37:29 2023:DEBUG:setData: Setting HCFC22_emissions[2253]=0
Tue Mar 21 15:37:29 2023:DEBUG:setData: Setting HCFC22_emissions[2254]=0
Tue Mar 21 15:37:29 2023:DEBUG:setData: Setting HCFC22_emissions[2255]=0
Tue Mar 21 15:37:29 2023:DEBUG:setData: Setting HCFC22_emissions[2256]=0
Tue Mar 21 15:37:29 2023:DEBUG:setData: Setting HCFC22_emissions[2257]=0
Tue Mar 21 15:37:29 2023:DEBUG:setData: Setting HCFC22_emissions[2258]=0
Tue Mar 21 15:37:29 2023:DEBUG:setData: Setting HCFC22_emissions[2259]=0
Tue Mar 21 15:37:29 2023:DEBUG:setData: Setting HCFC22_emissions[2260]=0
Tue Mar 21 15:37:29 2023:DEBUG:setData: Setting HCFC22_emissions[2261]=0
Tue Mar 21 15:37:29 2023:DEBUG:setData: Setting HCFC22_emissions[2262]=0
Tue Mar 21 15:37:29 2023:DEBUG:setData: Setting HCFC22_emissions[2263]=0
Tue Mar 21 15:37:29 2023:DEBUG:setData: Setting HCFC22_emissions[2264]=0
Tue Mar 21 15:37:29 2023:DEBUG:setData: Setting HCFC22_emissions[2265]=0
Tue Mar 21 15:37:29 2023:DEBUG:setData: Setting HCFC22_emissions[2266]=0
Tue Mar 21 15:37:29 2023:DEBUG:setData: Setting HCFC22_emissions[2267]=0
Tue Mar 21 15:37:29 2023:DEBUG:setData: Setting HCFC22_emissions[2268]=0
Tue Mar 21 15:37:29 2023:DEBUG:setData: Setting HCFC22_emissions[2269]=0
Tue Mar 21 15:37:29 2023:DEBUG:setData: Setting HCFC22_emissions[2270]=0
Tue Mar 21 15:37:29 2023:DEBUG:setData: Setting HCFC22_emissions[2271]=0
Tue Mar 21 15:37:29 2023:DEBUG:setData: Setting HCFC22_emissions[2272]=0
Tue Mar 21 15:37:29 2023:DEBUG:setData: Setting HCFC22_emissions[2273]=0
Tue Mar 21 15:37:29 2023:DEBUG:setData: Setting HCFC22_emissions[2274]=0
Tue Mar 21 15:37:29 2023:DEBUG:setData: Setting HCFC22_emissions[2275]=0
Tue Mar 21 15:37:29 2023:DEBUG:setData: Setting HCFC22_emissions[2276]=0
Tue Mar 21 15:37:29 2023:DEBUG:setData: Setting HCFC22_emissions[2277]=0
Tue Mar 21 15:37:29 2023:DEBUG:setData: Setting HCFC22_emissions[2278]=0
Tue Mar 21 15:37:29 2023:DEBUG:setData: Setting HCFC22_emissions[2279]=0
Tue Mar 21 15:37:29 2023:DEBUG:setData: Setting HCFC22_emissions[2280]=0
Tue Mar 21 15:37:29 2023:DEBUG:setData: Setting HCFC22_emissions[2281]=0
Tue Mar 21 15:37:29 2023:DEBUG:setData: Setting HCFC22_emissions[2282]=0
Tue Mar 21 15:37:29 2023:DEBUG:setData: Setting HCFC22_emissions[2283]=0
Tue Mar 21 15:37:29 2023:DEBUG:setData: Setting HCFC22_emissions[2284]=0
Tue Mar 21 15:37:29 2023:DEBUG:setData: Setting HCFC22_emissions[2285]=0
Tue Mar 21 15:37:29 2023:DEBUG:setData: Setting HCFC22_emissions[2286]=0
Tue Mar 21 15:37:29 2023:DEBUG:setData: Setting HCFC22_emissions[2287]=0
Tue Mar 21 15:37:29 2023:DEBUG:setData: Setting HCFC22_emissions[2288]=0
Tue Mar 21 15:37:29 2023:DEBUG:setData: Setting HCFC22_emissions[2289]=0
Tue Mar 21 15:37:29 2023:DEBUG:setData: Setting HCFC22_emissions[2290]=0
Tue Mar 21 15:37:29 2023:DEBUG:setData: Setting HCFC22_emissions[2291]=0
Tue Mar 21 15:37:29 2023:DEBUG:setData: Setting HCFC22_emissions[2292]=0
Tue Mar 21 15:37:29 2023:DEBUG:setData: Setting HCFC22_emissions[2293]=0
Tue Mar 21 15:37:29 2023:DEBUG:setData: Setting HCFC22_emissions[2294]=0
Tue Mar 21 15:37:29 2023:DEBUG:setData: Setting HCFC22_emissions[2295]=0
Tue Mar 21 15:37:29 2023:DEBUG:setData: Setting HCFC22_emissions[2296]=0
Tue Mar 21 15:37:29 2023:DEBUG:setData: Setting HCFC22_emissions[2297]=0
Tue Mar 21 15:37:29 2023:DEBUG:setData: Setting HCFC22_emissions[2298]=0
Tue Mar 21 15:37:29 2023:DEBUG:setData: Setting HCFC22_emissions[2299]=0
Tue Mar 21 15:37:29 2023:DEBUG:setData: Setting HCFC22_emissions[2300]=0
Tue Mar 21 15:37:29 2023:DEBUG:setData: Setting HCFC22_emissions[2301]=0
Tue Mar 21 15:37:29 2023:DEBUG:setData: Setting HCFC22_emissions[2302]=0
Tue Mar 21 15:37:29 2023:DEBUG:setData: Setting HCFC22_emissions[2303]=0
Tue Mar 21 15:37:29 2023:DEBUG:setData: Setting HCFC22_emissions[2304]=0
Tue Mar 21 15:37:29 2023:DEBUG:setData: Setting HCFC22_emissions[2305]=0
Tue Mar 21 15:37:29 2023:DEBUG:setData: Setting HCFC22_emissions[2306]=0
Tue Mar 21 15:37:29 2023:DEBUG:setData: Setting HCFC22_emissions[2307]=0
Tue Mar 21 15:37:29 2023:DEBUG:setData: Setting HCFC22_emissions[2308]=0
Tue Mar 21 15:37:29 2023:DEBUG:setData: Setting HCFC22_emissions[2309]=0
Tue Mar 21 15:37:29 2023:DEBUG:setData: Setting HCFC22_emissions[2310]=0
Tue Mar 21 15:37:29 2023:DEBUG:setData: Setting HCFC22_emissions[2311]=0
Tue Mar 21 15:37:29 2023:DEBUG:setData: Setting HCFC22_emissions[2312]=0
Tue Mar 21 15:37:29 2023:DEBUG:setData: Setting HCFC22_emissions[2313]=0
Tue Mar 21 15:37:29 2023:DEBUG:setData: Setting HCFC22_emissions[2314]=0
Tue Mar 21 15:37:29 2023:DEBUG:setData: Setting HCFC22_emissions[2315]=0
Tue Mar 21 15:37:29 2023:DEBUG:setData: Setting HCFC22_emissions[2316]=0
Tue Mar 21 15:37:29 2023:DEBUG:setData: Setting HCFC22_emissions[2317]=0
Tue Mar 21 15:37:29 2023:DEBUG:setData: Setting HCFC22_emissions[2318]=0
Tue Mar 21 15:37:29 2023:DEBUG:setData: Setting HCFC22_emissions[2319]=0
Tue Mar 21 15:37:29 2023:DEBUG:setData: Setting HCFC22_emissions[2320]=0
Tue Mar 21 15:37:29 2023:DEBUG:setData: Setting HCFC22_emissions[2321]=0
Tue Mar 21 15:37:29 2023:DEBUG:setData: Setting HCFC22_emissions[2322]=0
Tue Mar 21 15:37:29 2023:DEBUG:setData: Setting HCFC22_emissions[2323]=0
Tue Mar 21 15:37:29 2023:DEBUG:setData: Setting HCFC22_emissions[2324]=0
Tue Mar 21 15:37:29 2023:DEBUG:setData: Setting HCFC22_emissions[2325]=0
Tue Mar 21 15:37:29 2023:DEBUG:setData: Setting HCFC22_emissions[2326]=0
Tue Mar 21 15:37:29 2023:DEBUG:setData: Setting HCFC22_emissions[2327]=0
Tue Mar 21 15:37:29 2023:DEBUG:setData: Setting HCFC22_emissions[2328]=0
Tue Mar 21 15:37:29 2023:DEBUG:setData: Setting HCFC22_emissions[2329]=0
Tue Mar 21 15:37:29 2023:DEBUG:setData: Setting HCFC22_emissions[2330]=0
Tue Mar 21 15:37:29 2023:DEBUG:setData: Setting HCFC22_emissions[2331]=0
Tue Mar 21 15:37:29 2023:DEBUG:setData: Setting HCFC22_emissions[2332]=0
Tue Mar 21 15:37:29 2023:DEBUG:setData: Setting HCFC22_emissions[2333]=0
Tue Mar 21 15:37:29 2023:DEBUG:setData: Setting HCFC22_emissions[2334]=0
Tue Mar 21 15:37:29 2023:DEBUG:setData: Setting HCFC22_emissions[2335]=0
Tue Mar 21 15:37:29 2023:DEBUG:setData: Setting HCFC22_emissions[2336]=0
Tue Mar 21 15:37:29 2023:DEBUG:setData: Setting HCFC22_emissions[2337]=0
Tue Mar 21 15:37:29 2023:DEBUG:setData: Setting HCFC22_emissions[2338]=0
Tue Mar 21 15:37:29 2023:DEBUG:setData: Setting HCFC22_emissions[2339]=0
Tue Mar 21 15:37:29 2023:DEBUG:setData: Setting HCFC22_emissions[2340]=0
Tue Mar 21 15:37:29 2023:DEBUG:setData: Setting HCFC22_emissions[2341]=0
Tue Mar 21 15:37:29 2023:DEBUG:setData: Setting HCFC22_emissions[2342]=0
Tue Mar 21 15:37:29 2023:DEBUG:setData: Setting HCFC22_emissions[2343]=0
Tue Mar 21 15:37:29 2023:DEBUG:setData: Setting HCFC22_emissions[2344]=0
Tue Mar 21 15:37:29 2023:DEBUG:setData: Setting HCFC22_emissions[2345]=0
Tue Mar 21 15:37:29 2023:DEBUG:setData: Setting HCFC22_emissions[2346]=0
Tue Mar 21 15:37:29 2023:DEBUG:setData: Setting HCFC22_emissions[2347]=0
Tue Mar 21 15:37:29 2023:DEBUG:setData: Setting HCFC22_emissions[2348]=0
Tue Mar 21 15:37:29 2023:DEBUG:setData: Setting HCFC22_emissions[2349]=0
Tue Mar 21 15:37:29 2023:DEBUG:setData: Setting HCFC22_emissions[2350]=0
Tue Mar 21 15:37:29 2023:DEBUG:setData: Setting HCFC22_emissions[2351]=0
Tue Mar 21 15:37:29 2023:DEBUG:setData: Setting HCFC22_emissions[2352]=0
Tue Mar 21 15:37:29 2023:DEBUG:setData: Setting HCFC22_emissions[2353]=0
Tue Mar 21 15:37:29 2023:DEBUG:setData: Setting HCFC22_emissions[2354]=0
Tue Mar 21 15:37:29 2023:DEBUG:setData: Setting HCFC22_emissions[2355]=0
Tue Mar 21 15:37:29 2023:DEBUG:setData: Setting HCFC22_emissions[2356]=0
Tue Mar 21 15:37:29 2023:DEBUG:setData: Setting HCFC22_emissions[2357]=0
Tue Mar 21 15:37:29 2023:DEBUG:setData: Setting HCFC22_emissions[2358]=0
Tue Mar 21 15:37:29 2023:DEBUG:setData: Setting HCFC22_emissions[2359]=0
Tue Mar 21 15:37:29 2023:DEBUG:setData: Setting HCFC22_emissions[2360]=0
Tue Mar 21 15:37:29 2023:DEBUG:setData: Setting HCFC22_emissions[2361]=0
Tue Mar 21 15:37:29 2023:DEBUG:setData: Setting HCFC22_emissions[2362]=0
Tue Mar 21 15:37:29 2023:DEBUG:setData: Setting HCFC22_emissions[2363]=0
Tue Mar 21 15:37:29 2023:DEBUG:setData: Setting HCFC22_emissions[2364]=0
Tue Mar 21 15:37:29 2023:DEBUG:setData: Setting HCFC22_emissions[2365]=0
Tue Mar 21 15:37:29 2023:DEBUG:setData: Setting HCFC22_emissions[2366]=0
Tue Mar 21 15:37:29 2023:DEBUG:setData: Setting HCFC22_emissions[2367]=0
Tue Mar 21 15:37:29 2023:DEBUG:setData: Setting HCFC22_emissions[2368]=0
Tue Mar 21 15:37:29 2023:DEBUG:setData: Setting HCFC22_emissions[2369]=0
Tue Mar 21 15:37:29 2023:DEBUG:setData: Setting HCFC22_emissions[2370]=0
Tue Mar 21 15:37:29 2023:DEBUG:setData: Setting HCFC22_emissions[2371]=0
Tue Mar 21 15:37:29 2023:DEBUG:setData: Setting HCFC22_emissions[2372]=0
Tue Mar 21 15:37:29 2023:DEBUG:setData: Setting HCFC22_emissions[2373]=0
Tue Mar 21 15:37:29 2023:DEBUG:setData: Setting HCFC22_emissions[2374]=0
Tue Mar 21 15:37:29 2023:DEBUG:setData: Setting HCFC22_emissions[2375]=0
Tue Mar 21 15:37:29 2023:DEBUG:setData: Setting HCFC22_emissions[2376]=0
Tue Mar 21 15:37:29 2023:DEBUG:setData: Setting HCFC22_emissions[2377]=0
Tue Mar 21 15:37:29 2023:DEBUG:setData: Setting HCFC22_emissions[2378]=0
Tue Mar 21 15:37:29 2023:DEBUG:setData: Setting HCFC22_emissions[2379]=0
Tue Mar 21 15:37:29 2023:DEBUG:setData: Setting HCFC22_emissions[2380]=0
Tue Mar 21 15:37:29 2023:DEBUG:setData: Setting HCFC22_emissions[2381]=0
Tue Mar 21 15:37:29 2023:DEBUG:setData: Setting HCFC22_emissions[2382]=0
Tue Mar 21 15:37:29 2023:DEBUG:setData: Setting HCFC22_emissions[2383]=0
Tue Mar 21 15:37:29 2023:DEBUG:setData: Setting HCFC22_emissions[2384]=0
Tue Mar 21 15:37:29 2023:DEBUG:setData: Setting HCFC22_emissions[2385]=0
Tue Mar 21 15:37:29 2023:DEBUG:setData: Setting HCFC22_emissions[2386]=0
Tue Mar 21 15:37:29 2023:DEBUG:setData: Setting HCFC22_emissions[2387]=0
Tue Mar 21 15:37:29 2023:DEBUG:setData: Setting HCFC22_emissions[2388]=0
Tue Mar 21 15:37:29 2023:DEBUG:setData: Setting HCFC22_emissions[2389]=0
Tue Mar 21 15:37:29 2023:DEBUG:setData: Setting HCFC22_emissions[2390]=0
Tue Mar 21 15:37:29 2023:DEBUG:setData: Setting HCFC22_emissions[2391]=0
Tue Mar 21 15:37:29 2023:DEBUG:setData: Setting HCFC22_emissions[2392]=0
Tue Mar 21 15:37:29 2023:DEBUG:setData: Setting HCFC22_emissions[2393]=0
Tue Mar 21 15:37:29 2023:DEBUG:setData: Setting HCFC22_emissions[2394]=0
Tue Mar 21 15:37:29 2023:DEBUG:setData: Setting HCFC22_emissions[2395]=0
Tue Mar 21 15:37:29 2023:DEBUG:setData: Setting HCFC22_emissions[2396]=0
Tue Mar 21 15:37:29 2023:DEBUG:setData: Setting HCFC22_emissions[2397]=0
Tue Mar 21 15:37:29 2023:DEBUG:setData: Setting HCFC22_emissions[2398]=0
Tue Mar 21 15:37:29 2023:DEBUG:setData: Setting HCFC22_emissions[2399]=0
Tue Mar 21 15:37:29 2023:DEBUG:setData: Setting HCFC22_emissions[2400]=0
Tue Mar 21 15:37:29 2023:DEBUG:setData: Setting HCFC22_emissions[2401]=0
Tue Mar 21 15:37:29 2023:DEBUG:setData: Setting HCFC22_emissions[2402]=0
Tue Mar 21 15:37:29 2023:DEBUG:setData: Setting HCFC22_emissions[2403]=0
Tue Mar 21 15:37:29 2023:DEBUG:setData: Setting HCFC22_emissions[2404]=0
Tue Mar 21 15:37:29 2023:DEBUG:setData: Setting HCFC22_emissions[2405]=0
Tue Mar 21 15:37:29 2023:DEBUG:setData: Setting HCFC22_emissions[2406]=0
Tue Mar 21 15:37:29 2023:DEBUG:setData: Setting HCFC22_emissions[2407]=0
Tue Mar 21 15:37:29 2023:DEBUG:setData: Setting HCFC22_emissions[2408]=0
Tue Mar 21 15:37:29 2023:DEBUG:setData: Setting HCFC22_emissions[2409]=0
Tue Mar 21 15:37:29 2023:DEBUG:setData: Setting HCFC22_emissions[2410]=0
Tue Mar 21 15:37:29 2023:DEBUG:setData: Setting HCFC22_emissions[2411]=0
Tue Mar 21 15:37:29 2023:DEBUG:setData: Setting HCFC22_emissions[2412]=0
Tue Mar 21 15:37:29 2023:DEBUG:setData: Setting HCFC22_emissions[2413]=0
Tue Mar 21 15:37:29 2023:DEBUG:setData: Setting HCFC22_emissions[2414]=0
Tue Mar 21 15:37:29 2023:DEBUG:setData: Setting HCFC22_emissions[2415]=0
Tue Mar 21 15:37:29 2023:DEBUG:setData: Setting HCFC22_emissions[2416]=0
Tue Mar 21 15:37:29 2023:DEBUG:setData: Setting HCFC22_emissions[2417]=0
Tue Mar 21 15:37:29 2023:DEBUG:setData: Setting HCFC22_emissions[2418]=0
Tue Mar 21 15:37:29 2023:DEBUG:setData: Setting HCFC22_emissions[2419]=0
Tue Mar 21 15:37:29 2023:DEBUG:setData: Setting HCFC22_emissions[2420]=0
Tue Mar 21 15:37:29 2023:DEBUG:setData: Setting HCFC22_emissions[2421]=0
Tue Mar 21 15:37:29 2023:DEBUG:setData: Setting HCFC22_emissions[2422]=0
Tue Mar 21 15:37:29 2023:DEBUG:setData: Setting HCFC22_emissions[2423]=0
Tue Mar 21 15:37:29 2023:DEBUG:setData: Setting HCFC22_emissions[2424]=0
Tue Mar 21 15:37:29 2023:DEBUG:setData: Setting HCFC22_emissions[2425]=0
Tue Mar 21 15:37:29 2023:DEBUG:setData: Setting HCFC22_emissions[2426]=0
Tue Mar 21 15:37:29 2023:DEBUG:setData: Setting HCFC22_emissions[2427]=0
Tue Mar 21 15:37:29 2023:DEBUG:setData: Setting HCFC22_emissions[2428]=0
Tue Mar 21 15:37:29 2023:DEBUG:setData: Setting HCFC22_emissions[2429]=0
Tue Mar 21 15:37:29 2023:DEBUG:setData: Setting HCFC22_emissions[2430]=0
Tue Mar 21 15:37:29 2023:DEBUG:setData: Setting HCFC22_emissions[2431]=0
Tue Mar 21 15:37:29 2023:DEBUG:setData: Setting HCFC22_emissions[2432]=0
Tue Mar 21 15:37:29 2023:DEBUG:setData: Setting HCFC22_emissions[2433]=0
Tue Mar 21 15:37:29 2023:DEBUG:setData: Setting HCFC22_emissions[2434]=0
Tue Mar 21 15:37:29 2023:DEBUG:setData: Setting HCFC22_emissions[2435]=0
Tue Mar 21 15:37:29 2023:DEBUG:setData: Setting HCFC22_emissions[2436]=0
Tue Mar 21 15:37:29 2023:DEBUG:setData: Setting HCFC22_emissions[2437]=0
Tue Mar 21 15:37:29 2023:DEBUG:setData: Setting HCFC22_emissions[2438]=0
Tue Mar 21 15:37:29 2023:DEBUG:setData: Setting HCFC22_emissions[2439]=0
Tue Mar 21 15:37:29 2023:DEBUG:setData: Setting HCFC22_emissions[2440]=0
Tue Mar 21 15:37:29 2023:DEBUG:setData: Setting HCFC22_emissions[2441]=0
Tue Mar 21 15:37:29 2023:DEBUG:setData: Setting HCFC22_emissions[2442]=0
Tue Mar 21 15:37:29 2023:DEBUG:setData: Setting HCFC22_emissions[2443]=0
Tue Mar 21 15:37:29 2023:DEBUG:setData: Setting HCFC22_emissions[2444]=0
Tue Mar 21 15:37:29 2023:DEBUG:setData: Setting HCFC22_emissions[2445]=0
Tue Mar 21 15:37:29 2023:DEBUG:setData: Setting HCFC22_emissions[2446]=0
Tue Mar 21 15:37:29 2023:DEBUG:setData: Setting HCFC22_emissions[2447]=0
Tue Mar 21 15:37:29 2023:DEBUG:setData: Setting HCFC22_emissions[2448]=0
Tue Mar 21 15:37:29 2023:DEBUG:setData: Setting HCFC22_emissions[2449]=0
Tue Mar 21 15:37:29 2023:DEBUG:setData: Setting HCFC22_emissions[2450]=0
Tue Mar 21 15:37:29 2023:DEBUG:setData: Setting HCFC22_emissions[2451]=0
Tue Mar 21 15:37:29 2023:DEBUG:setData: Setting HCFC22_emissions[2452]=0
Tue Mar 21 15:37:29 2023:DEBUG:setData: Setting HCFC22_emissions[2453]=0
Tue Mar 21 15:37:29 2023:DEBUG:setData: Setting HCFC22_emissions[2454]=0
Tue Mar 21 15:37:29 2023:DEBUG:setData: Setting HCFC22_emissions[2455]=0
Tue Mar 21 15:37:29 2023:DEBUG:setData: Setting HCFC22_emissions[2456]=0
Tue Mar 21 15:37:29 2023:DEBUG:setData: Setting HCFC22_emissions[2457]=0
Tue Mar 21 15:37:29 2023:DEBUG:setData: Setting HCFC22_emissions[2458]=0
Tue Mar 21 15:37:29 2023:DEBUG:setData: Setting HCFC22_emissions[2459]=0
Tue Mar 21 15:37:29 2023:DEBUG:setData: Setting HCFC22_emissions[2460]=0
Tue Mar 21 15:37:29 2023:DEBUG:setData: Setting HCFC22_emissions[2461]=0
Tue Mar 21 15:37:29 2023:DEBUG:setData: Setting HCFC22_emissions[2462]=0
Tue Mar 21 15:37:29 2023:DEBUG:setData: Setting HCFC22_emissions[2463]=0
Tue Mar 21 15:37:29 2023:DEBUG:setData: Setting HCFC22_emissions[2464]=0
Tue Mar 21 15:37:29 2023:DEBUG:setData: Setting HCFC22_emissions[2465]=0
Tue Mar 21 15:37:29 2023:DEBUG:setData: Setting HCFC22_emissions[2466]=0
Tue Mar 21 15:37:29 2023:DEBUG:setData: Setting HCFC22_emissions[2467]=0
Tue Mar 21 15:37:29 2023:DEBUG:setData: Setting HCFC22_emissions[2468]=0
Tue Mar 21 15:37:29 2023:DEBUG:setData: Setting HCFC22_emissions[2469]=0
Tue Mar 21 15:37:29 2023:DEBUG:setData: Setting HCFC22_emissions[2470]=0
Tue Mar 21 15:37:29 2023:DEBUG:setData: Setting HCFC22_emissions[2471]=0
Tue Mar 21 15:37:29 2023:DEBUG:setData: Setting HCFC22_emissions[2472]=0
Tue Mar 21 15:37:29 2023:DEBUG:setData: Setting HCFC22_emissions[2473]=0
Tue Mar 21 15:37:29 2023:DEBUG:setData: Setting HCFC22_emissions[2474]=0
Tue Mar 21 15:37:29 2023:DEBUG:setData: Setting HCFC22_emissions[2475]=0
Tue Mar 21 15:37:29 2023:DEBUG:setData: Setting HCFC22_emissions[2476]=0
Tue Mar 21 15:37:29 2023:DEBUG:setData: Setting HCFC22_emissions[2477]=0
Tue Mar 21 15:37:29 2023:DEBUG:setData: Setting HCFC22_emissions[2478]=0
Tue Mar 21 15:37:29 2023:DEBUG:setData: Setting HCFC22_emissions[2479]=0
Tue Mar 21 15:37:29 2023:DEBUG:setData: Setting HCFC22_emissions[2480]=0
Tue Mar 21 15:37:29 2023:DEBUG:setData: Setting HCFC22_emissions[2481]=0
Tue Mar 21 15:37:29 2023:DEBUG:setData: Setting HCFC22_emissions[2482]=0
Tue Mar 21 15:37:29 2023:DEBUG:setData: Setting HCFC22_emissions[2483]=0
Tue Mar 21 15:37:29 2023:DEBUG:setData: Setting HCFC22_emissions[2484]=0
Tue Mar 21 15:37:29 2023:DEBUG:setData: Setting HCFC22_emissions[2485]=0
Tue Mar 21 15:37:29 2023:DEBUG:setData: Setting HCFC22_emissions[2486]=0
Tue Mar 21 15:37:29 2023:DEBUG:setData: Setting HCFC22_emissions[2487]=0
Tue Mar 21 15:37:29 2023:DEBUG:setData: Setting HCFC22_emissions[2488]=0
Tue Mar 21 15:37:29 2023:DEBUG:setData: Setting HCFC22_emissions[2489]=0
Tue Mar 21 15:37:29 2023:DEBUG:setData: Setting HCFC22_emissions[2490]=0
Tue Mar 21 15:37:29 2023:DEBUG:setData: Setting HCFC22_emissions[2491]=0
Tue Mar 21 15:37:29 2023:DEBUG:setData: Setting HCFC22_emissions[2492]=0
Tue Mar 21 15:37:29 2023:DEBUG:setData: Setting HCFC22_emissions[2493]=0
Tue Mar 21 15:37:29 2023:DEBUG:setData: Setting HCFC22_emissions[2494]=0
Tue Mar 21 15:37:29 2023:DEBUG:setData: Setting HCFC22_emissions[2495]=0
Tue Mar 21 15:37:29 2023:DEBUG:setData: Setting HCFC22_emissions[2496]=0
Tue Mar 21 15:37:29 2023:DEBUG:setData: Setting HCFC22_emissions[2497]=0
Tue Mar 21 15:37:29 2023:DEBUG:setData: Setting HCFC22_emissions[2498]=0
Tue Mar 21 15:37:29 2023:DEBUG:setData: Setting HCFC22_emissions[2499]=0
Tue Mar 21 15:37:29 2023:DEBUG:setData: Setting HCFC22_emissions[2500]=0
Tue Mar 21 15:37:29 2023:DEBUG:setData: Setting molarMass[-1]=86.45
Tue Mar 21 15:37:29 2023:DEBUG:prepareToRun: prepareToRun 
Tue Mar 21 15:37:30 2023:DEBUG:run: date: 1746 concentration: 0 pptv
Tue Mar 21 15:37:30 2023:DEBUG:run: date: 1747 concentration: 0 pptv
Tue Mar 21 15:37:30 2023:DEBUG:run: date: 1748 concentration: 0 pptv
Tue Mar 21 15:37:30 2023:DEBUG:run: date: 1749 concentration: 0 pptv
Tue Mar 21 15:37:30 2023:DEBUG:run: date: 1750 concentration: 0 pptv
Tue Mar 21 15:37:30 2023:DEBUG:run: date: 1751 concentration: 0 pptv
Tue Mar 21 15:37:30 2023:DEBUG:run: date: 1752 concentration: 0 pptv
Tue Mar 21 15:37:30 2023:DEBUG:run: date: 1753 concentration: 0 pptv
Tue Mar 21 15:37:30 2023:DEBUG:run: date: 1754 concentration: 0 pptv
Tue Mar 21 15:37:30 2023:DEBUG:run: date: 1755 concentration: 0 pptv
Tue Mar 21 15:37:30 2023:DEBUG:run: date: 1756 concentration: 0 pptv
Tue Mar 21 15:37:30 2023:DEBUG:run: date: 1757 concentration: 0 pptv
Tue Mar 21 15:37:30 2023:DEBUG:run: date: 1758 concentration: 0 pptv
Tue Mar 21 15:37:30 2023:DEBUG:run: date: 1759 concentration: 0 pptv
Tue Mar 21 15:37:30 2023:DEBUG:run: date: 1760 concentration: 0 pptv
Tue Mar 21 15:37:30 2023:DEBUG:run: date: 1761 concentration: 0 pptv
Tue Mar 21 15:37:30 2023:DEBUG:run: date: 1762 concentration: 0 pptv
Tue Mar 21 15:37:30 2023:DEBUG:run: date: 1763 concentration: 0 pptv
Tue Mar 21 15:37:30 2023:DEBUG:run: date: 1764 concentration: 0 pptv
Tue Mar 21 15:37:30 2023:DEBUG:run: date: 1765 concentration: 0 pptv
Tue Mar 21 15:37:30 2023:DEBUG:run: date: 1766 concentration: 0 pptv
Tue Mar 21 15:37:30 2023:DEBUG:run: date: 1767 concentration: 0 pptv
Tue Mar 21 15:37:30 2023:DEBUG:run: date: 1768 concentration: 0 pptv
Tue Mar 21 15:37:30 2023:DEBUG:run: date: 1769 concentration: 0 pptv
Tue Mar 21 15:37:30 2023:DEBUG:run: date: 1770 concentration: 0 pptv
Tue Mar 21 15:37:30 2023:DEBUG:run: date: 1771 concentration: 0 pptv
Tue Mar 21 15:37:30 2023:DEBUG:run: date: 1772 concentration: 0 pptv
Tue Mar 21 15:37:30 2023:DEBUG:run: date: 1773 concentration: 0 pptv
Tue Mar 21 15:37:30 2023:DEBUG:run: date: 1774 concentration: 0 pptv
Tue Mar 21 15:37:30 2023:DEBUG:run: date: 1775 concentration: 0 pptv
Tue Mar 21 15:37:30 2023:DEBUG:run: date: 1776 concentration: 0 pptv
Tue Mar 21 15:37:30 2023:DEBUG:run: date: 1777 concentration: 0 pptv
Tue Mar 21 15:37:30 2023:DEBUG:run: date: 1778 concentration: 0 pptv
Tue Mar 21 15:37:30 2023:DEBUG:run: date: 1779 concentration: 0 pptv
Tue Mar 21 15:37:30 2023:DEBUG:run: date: 1780 concentration: 0 pptv
Tue Mar 21 15:37:30 2023:DEBUG:run: date: 1781 concentration: 0 pptv
Tue Mar 21 15:37:30 2023:DEBUG:run: date: 1782 concentration: 0 pptv
Tue Mar 21 15:37:30 2023:DEBUG:run: date: 1783 concentration: 0 pptv
Tue Mar 21 15:37:30 2023:DEBUG:run: date: 1784 concentration: 0 pptv
Tue Mar 21 15:37:30 2023:DEBUG:run: date: 1785 concentration: 0 pptv
Tue Mar 21 15:37:30 2023:DEBUG:run: date: 1786 concentration: 0 pptv
Tue Mar 21 15:37:30 2023:DEBUG:run: date: 1787 concentration: 0 pptv
Tue Mar 21 15:37:30 2023:DEBUG:run: date: 1788 concentration: 0 pptv
Tue Mar 21 15:37:30 2023:DEBUG:run: date: 1789 concentration: 0 pptv
Tue Mar 21 15:37:30 2023:DEBUG:run: date: 1790 concentration: 0 pptv
Tue Mar 21 15:37:30 2023:DEBUG:run: date: 1791 concentration: 0 pptv
Tue Mar 21 15:37:30 2023:DEBUG:run: date: 1792 concentration: 0 pptv
Tue Mar 21 15:37:30 2023:DEBUG:run: date: 1793 concentration: 0 pptv
Tue Mar 21 15:37:30 2023:DEBUG:run: date: 1794 concentration: 0 pptv
Tue Mar 21 15:37:30 2023:DEBUG:run: date: 1795 concentration: 0 pptv
Tue Mar 21 15:37:30 2023:DEBUG:run: date: 1796 concentration: 0 pptv
Tue Mar 21 15:37:30 2023:DEBUG:run: date: 1797 concentration: 0 pptv
Tue Mar 21 15:37:30 2023:DEBUG:run: date: 1798 concentration: 0 pptv
Tue Mar 21 15:37:30 2023:DEBUG:run: date: 1799 concentration: 0 pptv
Tue Mar 21 15:37:30 2023:DEBUG:run: date: 1800 concentration: 0 pptv
Tue Mar 21 15:37:30 2023:DEBUG:run: date: 1801 concentration: 0 pptv
Tue Mar 21 15:37:30 2023:DEBUG:run: date: 1802 concentration: 0 pptv
Tue Mar 21 15:37:30 2023:DEBUG:run: date: 1803 concentration: 0 pptv
Tue Mar 21 15:37:30 2023:DEBUG:run: date: 1804 concentration: 0 pptv
Tue Mar 21 15:37:30 2023:DEBUG:run: date: 1805 concentration: 0 pptv
Tue Mar 21 15:37:30 2023:DEBUG:run: date: 1806 concentration: 0 pptv
Tue Mar 21 15:37:30 2023:DEBUG:run: date: 1807 concentration: 0 pptv
Tue Mar 21 15:37:30 2023:DEBUG:run: date: 1808 concentration: 0 pptv
Tue Mar 21 15:37:30 2023:DEBUG:run: date: 1809 concentration: 0 pptv
Tue Mar 21 15:37:30 2023:DEBUG:run: date: 1810 concentration: 0 pptv
Tue Mar 21 15:37:30 2023:DEBUG:run: date: 1811 concentration: 0 pptv
Tue Mar 21 15:37:30 2023:DEBUG:run: date: 1812 concentration: 0 pptv
Tue Mar 21 15:37:30 2023:DEBUG:run: date: 1813 concentration: 0 pptv
Tue Mar 21 15:37:30 2023:DEBUG:run: date: 1814 concentration: 0 pptv
Tue Mar 21 15:37:30 2023:DEBUG:run: date: 1815 concentration: 0 pptv
Tue Mar 21 15:37:30 2023:DEBUG:run: date: 1816 concentration: 0 pptv
Tue Mar 21 15:37:30 2023:DEBUG:run: date: 1817 concentration: 0 pptv
Tue Mar 21 15:37:30 2023:DEBUG:run: date: 1818 concentration: 0 pptv
Tue Mar 21 15:37:30 2023:DEBUG:run: date: 1819 concentration: 0 pptv
Tue Mar 21 15:37:30 2023:DEBUG:run: date: 1820 concentration: 0 pptv
Tue Mar 21 15:37:30 2023:DEBUG:run: date: 1821 concentration: 0 pptv
Tue Mar 21 15:37:30 2023:DEBUG:run: date: 1822 concentration: 0 pptv
Tue Mar 21 15:37:30 2023:DEBUG:run: date: 1823 concentration: 0 pptv
Tue Mar 21 15:37:30 2023:DEBUG:run: date: 1824 concentration: 0 pptv
Tue Mar 21 15:37:30 2023:DEBUG:run: date: 1825 concentration: 0 pptv
Tue Mar 21 15:37:30 2023:DEBUG:run: date: 1826 concentration: 0 pptv
Tue Mar 21 15:37:30 2023:DEBUG:run: date: 1827 concentration: 0 pptv
Tue Mar 21 15:37:30 2023:DEBUG:run: date: 1828 concentration: 0 pptv
Tue Mar 21 15:37:30 2023:DEBUG:run: date: 1829 concentration: 0 pptv
Tue Mar 21 15:37:30 2023:DEBUG:run: date: 1830 concentration: 0 pptv
Tue Mar 21 15:37:30 2023:DEBUG:run: date: 1831 concentration: 0 pptv
Tue Mar 21 15:37:30 2023:DEBUG:run: date: 1832 concentration: 0 pptv
Tue Mar 21 15:37:30 2023:DEBUG:run: date: 1833 concentration: 0 pptv
Tue Mar 21 15:37:30 2023:DEBUG:run: date: 1834 concentration: 0 pptv
Tue Mar 21 15:37:30 2023:DEBUG:run: date: 1835 concentration: 0 pptv
Tue Mar 21 15:37:30 2023:DEBUG:run: date: 1836 concentration: 0 pptv
Tue Mar 21 15:37:30 2023:DEBUG:run: date: 1837 concentration: 0 pptv
Tue Mar 21 15:37:30 2023:DEBUG:run: date: 1838 concentration: 0 pptv
Tue Mar 21 15:37:30 2023:DEBUG:run: date: 1839 concentration: 0 pptv
Tue Mar 21 15:37:30 2023:DEBUG:run: date: 1840 concentration: 0 pptv
Tue Mar 21 15:37:30 2023:DEBUG:run: date: 1841 concentration: 0 pptv
Tue Mar 21 15:37:30 2023:DEBUG:run: date: 1842 concentration: 0 pptv
Tue Mar 21 15:37:30 2023:DEBUG:run: date: 1843 concentration: 0 pptv
Tue Mar 21 15:37:30 2023:DEBUG:run: date: 1844 concentration: 0 pptv
Tue Mar 21 15:37:30 2023:DEBUG:run: date: 1845 concentration: 0 pptv
Tue Mar 21 15:37:30 2023:DEBUG:run: date: 1846 concentration: 0 pptv
Tue Mar 21 15:37:30 2023:DEBUG:run: date: 1847 concentration: 0 pptv
Tue Mar 21 15:37:30 2023:DEBUG:run: date: 1848 concentration: 0 pptv
Tue Mar 21 15:37:30 2023:DEBUG:run: date: 1849 concentration: 0 pptv
Tue Mar 21 15:37:30 2023:DEBUG:run: date: 1850 concentration: 0 pptv
Tue Mar 21 15:37:30 2023:DEBUG:run: date: 1851 concentration: 0 pptv
Tue Mar 21 15:37:30 2023:DEBUG:run: date: 1852 concentration: 0 pptv
Tue Mar 21 15:37:30 2023:DEBUG:run: date: 1853 concentration: 0 pptv
Tue Mar 21 15:37:30 2023:DEBUG:run: date: 1854 concentration: 0 pptv
Tue Mar 21 15:37:30 2023:DEBUG:run: date: 1855 concentration: 0 pptv
Tue Mar 21 15:37:30 2023:DEBUG:run: date: 1856 concentration: 0 pptv
Tue Mar 21 15:37:30 2023:DEBUG:run: date: 1857 concentration: 0 pptv
Tue Mar 21 15:37:30 2023:DEBUG:run: date: 1858 concentration: 0 pptv
Tue Mar 21 15:37:30 2023:DEBUG:run: date: 1859 concentration: 0 pptv
Tue Mar 21 15:37:30 2023:DEBUG:run: date: 1860 concentration: 0 pptv
Tue Mar 21 15:37:30 2023:DEBUG:run: date: 1861 concentration: 0 pptv
Tue Mar 21 15:37:30 2023:DEBUG:run: date: 1862 concentration: 0 pptv
Tue Mar 21 15:37:30 2023:DEBUG:run: date: 1863 concentration: 0 pptv
Tue Mar 21 15:37:30 2023:DEBUG:run: date: 1864 concentration: 0 pptv
Tue Mar 21 15:37:30 2023:DEBUG:run: date: 1865 concentration: 0 pptv
Tue Mar 21 15:37:30 2023:DEBUG:run: date: 1866 concentration: 0 pptv
Tue Mar 21 15:37:30 2023:DEBUG:run: date: 1867 concentration: 0 pptv
Tue Mar 21 15:37:30 2023:DEBUG:run: date: 1868 concentration: 0 pptv
Tue Mar 21 15:37:30 2023:DEBUG:run: date: 1869 concentration: 0 pptv
Tue Mar 21 15:37:30 2023:DEBUG:run: date: 1870 concentration: 0 pptv
Tue Mar 21 15:37:30 2023:DEBUG:run: date: 1871 concentration: 0 pptv
Tue Mar 21 15:37:30 2023:DEBUG:run: date: 1872 concentration: 0 pptv
Tue Mar 21 15:37:30 2023:DEBUG:run: date: 1873 concentration: 0 pptv
Tue Mar 21 15:37:30 2023:DEBUG:run: date: 1874 concentration: 0 pptv
Tue Mar 21 15:37:30 2023:DEBUG:run: date: 1875 concentration: 0 pptv
Tue Mar 21 15:37:30 2023:DEBUG:run: date: 1876 concentration: 0 pptv
Tue Mar 21 15:37:30 2023:DEBUG:run: date: 1877 concentration: 0 pptv
Tue Mar 21 15:37:30 2023:DEBUG:run: date: 1878 concentration: 0 pptv
Tue Mar 21 15:37:30 2023:DEBUG:run: date: 1879 concentration: 0 pptv
Tue Mar 21 15:37:30 2023:DEBUG:run: date: 1880 concentration: 0 pptv
Tue Mar 21 15:37:30 2023:DEBUG:run: date: 1881 concentration: 0 pptv
Tue Mar 21 15:37:30 2023:DEBUG:run: date: 1882 concentration: 0 pptv
Tue Mar 21 15:37:30 2023:DEBUG:run: date: 1883 concentration: 0 pptv
Tue Mar 21 15:37:30 2023:DEBUG:run: date: 1884 concentration: 0 pptv
Tue Mar 21 15:37:30 2023:DEBUG:run: date: 1885 concentration: 0 pptv
Tue Mar 21 15:37:30 2023:DEBUG:run: date: 1886 concentration: 0 pptv
Tue Mar 21 15:37:30 2023:DEBUG:run: date: 1887 concentration: 0 pptv
Tue Mar 21 15:37:30 2023:DEBUG:run: date: 1888 concentration: 0 pptv
Tue Mar 21 15:37:30 2023:DEBUG:run: date: 1889 concentration: 0 pptv
Tue Mar 21 15:37:30 2023:DEBUG:run: date: 1890 concentration: 0 pptv
Tue Mar 21 15:37:30 2023:DEBUG:run: date: 1891 concentration: 0 pptv
Tue Mar 21 15:37:30 2023:DEBUG:run: date: 1892 concentration: 0 pptv
Tue Mar 21 15:37:30 2023:DEBUG:run: date: 1893 concentration: 0 pptv
Tue Mar 21 15:37:30 2023:DEBUG:run: date: 1894 concentration: 0 pptv
Tue Mar 21 15:37:30 2023:DEBUG:run: date: 1895 concentration: 0 pptv
Tue Mar 21 15:37:30 2023:DEBUG:run: date: 1896 concentration: 0 pptv
Tue Mar 21 15:37:30 2023:DEBUG:run: date: 1897 concentration: 0 pptv
Tue Mar 21 15:37:31 2023:DEBUG:run: date: 1898 concentration: 0 pptv
Tue Mar 21 15:37:31 2023:DEBUG:run: date: 1899 concentration: 0 pptv
Tue Mar 21 15:37:31 2023:DEBUG:run: date: 1900 concentration: 0 pptv
Tue Mar 21 15:37:31 2023:DEBUG:run: date: 1901 concentration: 0 pptv
Tue Mar 21 15:37:31 2023:DEBUG:run: date: 1902 concentration: 0 pptv
Tue Mar 21 15:37:31 2023:DEBUG:run: date: 1903 concentration: 0 pptv
Tue Mar 21 15:37:31 2023:DEBUG:run: date: 1904 concentration: 0 pptv
Tue Mar 21 15:37:31 2023:DEBUG:run: date: 1905 concentration: 0 pptv
Tue Mar 21 15:37:31 2023:DEBUG:run: date: 1906 concentration: 0 pptv
Tue Mar 21 15:37:31 2023:DEBUG:run: date: 1907 concentration: 0 pptv
Tue Mar 21 15:37:31 2023:DEBUG:run: date: 1908 concentration: 0 pptv
Tue Mar 21 15:37:31 2023:DEBUG:run: date: 1909 concentration: 0 pptv
Tue Mar 21 15:37:31 2023:DEBUG:run: date: 1910 concentration: 0 pptv
Tue Mar 21 15:37:31 2023:DEBUG:run: date: 1911 concentration: 0 pptv
Tue Mar 21 15:37:31 2023:DEBUG:run: date: 1912 concentration: 0 pptv
Tue Mar 21 15:37:31 2023:DEBUG:run: date: 1913 concentration: 0 pptv
Tue Mar 21 15:37:31 2023:DEBUG:run: date: 1914 concentration: 0 pptv
Tue Mar 21 15:37:31 2023:DEBUG:run: date: 1915 concentration: 0 pptv
Tue Mar 21 15:37:31 2023:DEBUG:run: date: 1916 concentration: 0 pptv
Tue Mar 21 15:37:31 2023:DEBUG:run: date: 1917 concentration: 0 pptv
Tue Mar 21 15:37:31 2023:DEBUG:run: date: 1918 concentration: 0 pptv
Tue Mar 21 15:37:31 2023:DEBUG:run: date: 1919 concentration: 0 pptv
Tue Mar 21 15:37:31 2023:DEBUG:run: date: 1920 concentration: 0 pptv
Tue Mar 21 15:37:31 2023:DEBUG:run: date: 1921 concentration: 0 pptv
Tue Mar 21 15:37:31 2023:DEBUG:run: date: 1922 concentration: 0 pptv
Tue Mar 21 15:37:31 2023:DEBUG:run: date: 1923 concentration: 0 pptv
Tue Mar 21 15:37:31 2023:DEBUG:run: date: 1924 concentration: 0 pptv
Tue Mar 21 15:37:31 2023:DEBUG:run: date: 1925 concentration: 0 pptv
Tue Mar 21 15:37:31 2023:DEBUG:run: date: 1926 concentration: 0 pptv
Tue Mar 21 15:37:31 2023:DEBUG:run: date: 1927 concentration: 0 pptv
Tue Mar 21 15:37:31 2023:DEBUG:run: date: 1928 concentration: 0 pptv
Tue Mar 21 15:37:31 2023:DEBUG:run: date: 1929 concentration: 0 pptv
Tue Mar 21 15:37:31 2023:DEBUG:run: date: 1930 concentration: 0 pptv
Tue Mar 21 15:37:31 2023:DEBUG:run: date: 1931 concentration: 0 pptv
Tue Mar 21 15:37:31 2023:DEBUG:run: date: 1932 concentration: 0.000355421 pptv
Tue Mar 21 15:37:31 2023:DEBUG:run: date: 1933 concentration: 0.00925687 pptv
Tue Mar 21 15:37:31 2023:DEBUG:run: date: 1934 concentration: 0.0459061 pptv
Tue Mar 21 15:37:31 2023:DEBUG:run: date: 1935 concentration: 0.102308 pptv
Tue Mar 21 15:37:31 2023:DEBUG:run: date: 1936 concentration: 0.158593 pptv
Tue Mar 21 15:37:31 2023:DEBUG:run: date: 1937 concentration: 0.21455 pptv
Tue Mar 21 15:37:31 2023:DEBUG:run: date: 1938 concentration: 0.270463 pptv
Tue Mar 21 15:37:31 2023:DEBUG:run: date: 1939 concentration: 0.326351 pptv
Tue Mar 21 15:37:31 2023:DEBUG:run: date: 1940 concentration: 0.382292 pptv
Tue Mar 21 15:37:31 2023:DEBUG:run: date: 1941 concentration: 0.438225 pptv
Tue Mar 21 15:37:31 2023:DEBUG:run: date: 1942 concentration: 0.494105 pptv
Tue Mar 21 15:37:31 2023:DEBUG:run: date: 1943 concentration: 0.549966 pptv
Tue Mar 21 15:37:31 2023:DEBUG:run: date: 1944 concentration: 0.605828 pptv
Tue Mar 21 15:37:31 2023:DEBUG:run: date: 1945 concentration: 0.661654 pptv
Tue Mar 21 15:37:31 2023:DEBUG:run: date: 1946 concentration: 0.717467 pptv
Tue Mar 21 15:37:31 2023:DEBUG:run: date: 1947 concentration: 0.773384 pptv
Tue Mar 21 15:37:31 2023:DEBUG:run: date: 1948 concentration: 0.832785 pptv
Tue Mar 21 15:37:31 2023:DEBUG:run: date: 1949 concentration: 0.867481 pptv
Tue Mar 21 15:37:31 2023:DEBUG:run: date: 1950 concentration: 0.863858 pptv
Tue Mar 21 15:37:31 2023:DEBUG:run: date: 1951 concentration: 0.859701 pptv
Tue Mar 21 15:37:31 2023:DEBUG:run: date: 1952 concentration: 0.879842 pptv
Tue Mar 21 15:37:31 2023:DEBUG:run: date: 1953 concentration: 0.939002 pptv
Tue Mar 21 15:37:31 2023:DEBUG:run: date: 1954 concentration: 1.04205 pptv
Tue Mar 21 15:37:31 2023:DEBUG:run: date: 1955 concentration: 1.17802 pptv
Tue Mar 21 15:37:31 2023:DEBUG:run: date: 1956 concentration: 1.36328 pptv
Tue Mar 21 15:37:31 2023:DEBUG:run: date: 1957 concentration: 1.62346 pptv
Tue Mar 21 15:37:31 2023:DEBUG:run: date: 1958 concentration: 1.93267 pptv
Tue Mar 21 15:37:31 2023:DEBUG:run: date: 1959 concentration: 2.27298 pptv
Tue Mar 21 15:37:31 2023:DEBUG:run: date: 1960 concentration: 2.68246 pptv
Tue Mar 21 15:37:31 2023:DEBUG:run: date: 1961 concentration: 3.20075 pptv
Tue Mar 21 15:37:31 2023:DEBUG:run: date: 1962 concentration: 3.83889 pptv
Tue Mar 21 15:37:31 2023:DEBUG:run: date: 1963 concentration: 4.59742 pptv
Tue Mar 21 15:37:31 2023:DEBUG:run: date: 1964 concentration: 5.5106 pptv
Tue Mar 21 15:37:31 2023:DEBUG:run: date: 1965 concentration: 6.61517 pptv
Tue Mar 21 15:37:31 2023:DEBUG:run: date: 1966 concentration: 7.96542 pptv
Tue Mar 21 15:37:31 2023:DEBUG:run: date: 1967 concentration: 9.55052 pptv
Tue Mar 21 15:37:31 2023:DEBUG:run: date: 1968 concentration: 11.2754 pptv
Tue Mar 21 15:37:31 2023:DEBUG:run: date: 1969 concentration: 13.0957 pptv
Tue Mar 21 15:37:31 2023:DEBUG:run: date: 1970 concentration: 15.0722 pptv
Tue Mar 21 15:37:31 2023:DEBUG:run: date: 1971 concentration: 17.3071 pptv
Tue Mar 21 15:37:31 2023:DEBUG:run: date: 1972 concentration: 19.7126 pptv
Tue Mar 21 15:37:31 2023:DEBUG:run: date: 1973 concentration: 22.1702 pptv
Tue Mar 21 15:37:31 2023:DEBUG:run: date: 1974 concentration: 24.8164 pptv
Tue Mar 21 15:37:31 2023:DEBUG:run: date: 1975 concentration: 27.7127 pptv
Tue Mar 21 15:37:31 2023:DEBUG:run: date: 1976 concentration: 31.2105 pptv
Tue Mar 21 15:37:31 2023:DEBUG:run: date: 1977 concentration: 35.4398 pptv
Tue Mar 21 15:37:31 2023:DEBUG:run: date: 1978 concentration: 39.56 pptv
Tue Mar 21 15:37:31 2023:DEBUG:run: date: 1979 concentration: 43.378 pptv
Tue Mar 21 15:37:31 2023:DEBUG:run: date: 1980 concentration: 47.2036 pptv
Tue Mar 21 15:37:31 2023:DEBUG:run: date: 1981 concentration: 50.9749 pptv
Tue Mar 21 15:37:31 2023:DEBUG:run: date: 1982 concentration: 54.6228 pptv
Tue Mar 21 15:37:31 2023:DEBUG:run: date: 1983 concentration: 58.2343 pptv
Tue Mar 21 15:37:31 2023:DEBUG:run: date: 1984 concentration: 62.034 pptv
Tue Mar 21 15:37:31 2023:DEBUG:run: date: 1985 concentration: 66.2292 pptv
Tue Mar 21 15:37:31 2023:DEBUG:run: date: 1986 concentration: 71.0003 pptv
Tue Mar 21 15:37:31 2023:DEBUG:run: date: 1987 concentration: 76.2525 pptv
Tue Mar 21 15:37:31 2023:DEBUG:run: date: 1988 concentration: 81.5827 pptv
Tue Mar 21 15:37:31 2023:DEBUG:run: date: 1989 concentration: 86.7482 pptv
Tue Mar 21 15:37:31 2023:DEBUG:run: date: 1990 concentration: 91.6697 pptv
Tue Mar 21 15:37:31 2023:DEBUG:run: date: 1991 concentration: 95.7791 pptv
Tue Mar 21 15:37:31 2023:DEBUG:run: date: 1992 concentration: 100.087 pptv
Tue Mar 21 15:37:31 2023:DEBUG:run: date: 1993 concentration: 104.93 pptv
Tue Mar 21 15:37:31 2023:DEBUG:run: date: 1994 concentration: 111.208 pptv
Tue Mar 21 15:37:31 2023:DEBUG:run: date: 1995 concentration: 116.519 pptv
Tue Mar 21 15:37:31 2023:DEBUG:run: date: 1996 concentration: 121.068 pptv
Tue Mar 21 15:37:31 2023:DEBUG:run: date: 1997 concentration: 126.218 pptv
Tue Mar 21 15:37:31 2023:DEBUG:run: date: 1998 concentration: 130.583 pptv
Tue Mar 21 15:37:31 2023:DEBUG:run: date: 1999 concentration: 135.7 pptv
Tue Mar 21 15:37:31 2023:DEBUG:run: date: 2000 concentration: 141.103 pptv
Tue Mar 21 15:37:31 2023:DEBUG:run: date: 2001 concentration: 145.951 pptv
Tue Mar 21 15:37:31 2023:DEBUG:run: date: 2002 concentration: 150.949 pptv
Tue Mar 21 15:37:31 2023:DEBUG:run: date: 2003 concentration: 156.595 pptv
Tue Mar 21 15:37:31 2023:DEBUG:run: date: 2004 concentration: 163.039 pptv
Tue Mar 21 15:37:31 2023:DEBUG:run: date: 2005 concentration: 170.321 pptv
Tue Mar 21 15:37:31 2023:DEBUG:run: date: 2006 concentration: 178.056 pptv
Tue Mar 21 15:37:31 2023:DEBUG:run: date: 2007 concentration: 185.848 pptv
Tue Mar 21 15:37:31 2023:DEBUG:run: date: 2008 concentration: 193.353 pptv
Tue Mar 21 15:37:31 2023:DEBUG:run: date: 2009 concentration: 200.495 pptv
Tue Mar 21 15:37:31 2023:DEBUG:run: date: 2010 concentration: 206.769 pptv
Tue Mar 21 15:37:31 2023:DEBUG:run: date: 2011 concentration: 212.862 pptv
Tue Mar 21 15:37:31 2023:DEBUG:run: date: 2012 concentration: 217.81 pptv
Tue Mar 21 15:37:31 2023:DEBUG:run: date: 2013 concentration: 221.538 pptv
Tue Mar 21 15:37:31 2023:DEBUG:run: date: 2014 concentration: 225.953 pptv
Tue Mar 21 15:37:31 2023:DEBUG:run: date: 2015 concentration: 230.015 pptv
Tue Mar 21 15:37:31 2023:DEBUG:run: date: 2016 concentration: 233.304 pptv
Tue Mar 21 15:37:31 2023:DEBUG:run: date: 2017 concentration: 235.884 pptv
Tue Mar 21 15:37:31 2023:DEBUG:run: date: 2018 concentration: 237.809 pptv
Tue Mar 21 15:37:31 2023:DEBUG:run: date: 2019 concentration: 239.134 pptv
Tue Mar 21 15:37:31 2023:DEBUG:run: date: 2020 concentration: 239.905 pptv
Tue Mar 21 15:37:31 2023:DEBUG:run: date: 2021 concentration: 239.508 pptv
Tue Mar 21 15:37:31 2023:DEBUG:run: date: 2022 concentration: 238.039 pptv
Tue Mar 21 15:37:31 2023:DEBUG:run: date: 2023 concentration: 235.581 pptv
Tue Mar 21 15:37:31 2023:DEBUG:run: date: 2024 concentration: 232.214 pptv
Tue Mar 21 15:37:31 2023:DEBUG:run: date: 2025 concentration: 228.011 pptv
Tue Mar 21 15:37:31 2023:DEBUG:run: date: 2026 concentration: 223.038 pptv
Tue Mar 21 15:37:31 2023:DEBUG:run: date: 2027 concentration: 217.358 pptv
Tue Mar 21 15:37:31 2023:DEBUG:run: date: 2028 concentration: 211.026 pptv
Tue Mar 21 15:37:31 2023:DEBUG:run: date: 2029 concentration: 204.095 pptv
Tue Mar 21 15:37:31 2023:DEBUG:run: date: 2030 concentration: 196.613 pptv
Tue Mar 21 15:37:31 2023:DEBUG:run: date: 2031 concentration: 188.97 pptv
Tue Mar 21 15:37:31 2023:DEBUG:run: date: 2032 concentration: 181.18 pptv
Tue Mar 21 15:37:31 2023:DEBUG:run: date: 2033 concentration: 173.255 pptv
Tue Mar 21 15:37:31 2023:DEBUG:run: date: 2034 concentration: 165.204 pptv
Tue Mar 21 15:37:31 2023:DEBUG:run: date: 2035 concentration: 157.039 pptv
Tue Mar 21 15:37:31 2023:DEBUG:run: date: 2036 concentration: 148.768 pptv
Tue Mar 21 15:37:31 2023:DEBUG:run: date: 2037 concentration: 140.399 pptv
Tue Mar 21 15:37:31 2023:DEBUG:run: date: 2038 concentration: 131.942 pptv
Tue Mar 21 15:37:31 2023:DEBUG:run: date: 2039 concentration: 123.402 pptv
Tue Mar 21 15:37:31 2023:DEBUG:run: date: 2040 concentration: 114.786 pptv
Tue Mar 21 15:37:31 2023:DEBUG:run: date: 2041 concentration: 106.746 pptv
Tue Mar 21 15:37:31 2023:DEBUG:run: date: 2042 concentration: 99.2349 pptv
Tue Mar 21 15:37:31 2023:DEBUG:run: date: 2043 concentration: 92.211 pptv
Tue Mar 21 15:37:31 2023:DEBUG:run: date: 2044 concentration: 85.6353 pptv
Tue Mar 21 15:37:31 2023:DEBUG:run: date: 2045 concentration: 79.4718 pptv
Tue Mar 21 15:37:31 2023:DEBUG:run: date: 2046 concentration: 73.6876 pptv
Tue Mar 21 15:37:31 2023:DEBUG:run: date: 2047 concentration: 68.2525 pptv
Tue Mar 21 15:37:31 2023:DEBUG:run: date: 2048 concentration: 63.1384 pptv
Tue Mar 21 15:37:31 2023:DEBUG:run: date: 2049 concentration: 58.3197 pptv
Tue Mar 21 15:37:31 2023:DEBUG:run: date: 2050 concentration: 53.7729 pptv
Tue Mar 21 15:37:31 2023:DEBUG:run: date: 2051 concentration: 49.579 pptv
Tue Mar 21 15:37:31 2023:DEBUG:run: date: 2052 concentration: 45.71 pptv
Tue Mar 21 15:37:31 2023:DEBUG:run: date: 2053 concentration: 42.1397 pptv
Tue Mar 21 15:37:31 2023:DEBUG:run: date: 2054 concentration: 38.8444 pptv
Tue Mar 21 15:37:31 2023:DEBUG:run: date: 2055 concentration: 35.802 pptv
Tue Mar 21 15:37:31 2023:DEBUG:run: date: 2056 concentration: 32.9924 pptv
Tue Mar 21 15:37:31 2023:DEBUG:run: date: 2057 concentration: 30.3968 pptv
Tue Mar 21 15:37:31 2023:DEBUG:run: date: 2058 concentration: 27.9983 pptv
Tue Mar 21 15:37:31 2023:DEBUG:run: date: 2059 concentration: 25.781 pptv
Tue Mar 21 15:37:31 2023:DEBUG:run: date: 2060 concentration: 23.7304 pptv
Tue Mar 21 15:37:31 2023:DEBUG:run: date: 2061 concentration: 21.8428 pptv
Tue Mar 21 15:37:31 2023:DEBUG:run: date: 2062 concentration: 20.1052 pptv
Tue Mar 21 15:37:31 2023:DEBUG:run: date: 2063 concentration: 18.5055 pptv
Tue Mar 21 15:37:31 2023:DEBUG:run: date: 2064 concentration: 17.0328 pptv
Tue Mar 21 15:37:31 2023:DEBUG:run: date: 2065 concentration: 15.6768 pptv
Tue Mar 21 15:37:31 2023:DEBUG:run: date: 2066 concentration: 14.4283 pptv
Tue Mar 21 15:37:31 2023:DEBUG:run: date: 2067 concentration: 13.2786 pptv
Tue Mar 21 15:37:31 2023:DEBUG:run: date: 2068 concentration: 12.2198 pptv
Tue Mar 21 15:37:31 2023:DEBUG:run: date: 2069 concentration: 11.2448 pptv
Tue Mar 21 15:37:31 2023:DEBUG:run: date: 2070 concentration: 10.3467 pptv
Tue Mar 21 15:37:31 2023:DEBUG:run: date: 2071 concentration: 9.52034 pptv
Tue Mar 21 15:37:31 2023:DEBUG:run: date: 2072 concentration: 8.75995 pptv
Tue Mar 21 15:37:31 2023:DEBUG:run: date: 2073 concentration: 8.06027 pptv
Tue Mar 21 15:37:31 2023:DEBUG:run: date: 2074 concentration: 7.41645 pptv
Tue Mar 21 15:37:31 2023:DEBUG:run: date: 2075 concentration: 6.82401 pptv
Tue Mar 21 15:37:31 2023:DEBUG:run: date: 2076 concentration: 6.27885 pptv
Tue Mar 21 15:37:31 2023:DEBUG:run: date: 2077 concentration: 5.77718 pptv
Tue Mar 21 15:37:31 2023:DEBUG:run: date: 2078 concentration: 5.31554 pptv
Tue Mar 21 15:37:31 2023:DEBUG:run: date: 2079 concentration: 4.89071 pptv
Tue Mar 21 15:37:31 2023:DEBUG:run: date: 2080 concentration: 4.49976 pptv
Tue Mar 21 15:37:31 2023:DEBUG:run: date: 2081 concentration: 4.14007 pptv
Tue Mar 21 15:37:31 2023:DEBUG:run: date: 2082 concentration: 3.80912 pptv
Tue Mar 21 15:37:31 2023:DEBUG:run: date: 2083 concentration: 3.50463 pptv
Tue Mar 21 15:37:31 2023:DEBUG:run: date: 2084 concentration: 3.22447 pptv
Tue Mar 21 15:37:31 2023:DEBUG:run: date: 2085 concentration: 2.96671 pptv
Tue Mar 21 15:37:31 2023:DEBUG:run: date: 2086 concentration: 2.72954 pptv
Tue Mar 21 15:37:32 2023:DEBUG:run: date: 2087 concentration: 2.51134 pptv
Tue Mar 21 15:37:32 2023:DEBUG:run: date: 2088 concentration: 2.31057 pptv
Tue Mar 21 15:37:32 2023:DEBUG:run: date: 2089 concentration: 2.12584 pptv
Tue Mar 21 15:37:32 2023:DEBUG:run: date: 2090 concentration: 1.95588 pptv
Tue Mar 21 15:37:32 2023:DEBUG:run: date: 2091 concentration: 1.79956 pptv
Tue Mar 21 15:37:32 2023:DEBUG:run: date: 2092 concentration: 1.6558 pptv
Tue Mar 21 15:37:32 2023:DEBUG:run: date: 2093 concentration: 1.52358 pptv
Tue Mar 21 15:37:32 2023:DEBUG:run: date: 2094 concentration: 1.40199 pptv
Tue Mar 21 15:37:32 2023:DEBUG:run: date: 2095 concentration: 1.29018 pptv
Tue Mar 21 15:37:32 2023:DEBUG:run: date: 2096 concentration: 1.18736 pptv
Tue Mar 21 15:37:32 2023:DEBUG:run: date: 2097 concentration: 1.09281 pptv
Tue Mar 21 15:37:32 2023:DEBUG:run: date: 2098 concentration: 1.00589 pptv
Tue Mar 21 15:37:32 2023:DEBUG:run: date: 2099 concentration: 0.925961 pptv
Tue Mar 21 15:37:32 2023:DEBUG:run: date: 2100 concentration: 0.852482 pptv
Tue Mar 21 15:37:32 2023:DEBUG:run: date: 2101 concentration: 0.784874 pptv
Tue Mar 21 15:37:32 2023:DEBUG:run: date: 2102 concentration: 0.722669 pptv
Tue Mar 21 15:37:32 2023:DEBUG:run: date: 2103 concentration: 0.665433 pptv
Tue Mar 21 15:37:32 2023:DEBUG:run: date: 2104 concentration: 0.61277 pptv
Tue Mar 21 15:37:32 2023:DEBUG:run: date: 2105 concentration: 0.564313 pptv
Tue Mar 21 15:37:32 2023:DEBUG:run: date: 2106 concentration: 0.519728 pptv
Tue Mar 21 15:37:32 2023:DEBUG:run: date: 2107 concentration: 0.478704 pptv
Tue Mar 21 15:37:32 2023:DEBUG:run: date: 2108 concentration: 0.440956 pptv
Tue Mar 21 15:37:32 2023:DEBUG:run: date: 2109 concentration: 0.406222 pptv
Tue Mar 21 15:37:32 2023:DEBUG:run: date: 2110 concentration: 0.374262 pptv
Tue Mar 21 15:37:32 2023:DEBUG:run: date: 2111 concentration: 0.344854 pptv
Tue Mar 21 15:37:32 2023:DEBUG:run: date: 2112 concentration: 0.317793 pptv
Tue Mar 21 15:37:32 2023:DEBUG:run: date: 2113 concentration: 0.292892 pptv
Tue Mar 21 15:37:32 2023:DEBUG:run: date: 2114 concentration: 0.269978 pptv
Tue Mar 21 15:37:32 2023:DEBUG:run: date: 2115 concentration: 0.248893 pptv
Tue Mar 21 15:37:32 2023:DEBUG:run: date: 2116 concentration: 0.22949 pptv
Tue Mar 21 15:37:32 2023:DEBUG:run: date: 2117 concentration: 0.211635 pptv
Tue Mar 21 15:37:32 2023:DEBUG:run: date: 2118 concentration: 0.195203 pptv
Tue Mar 21 15:37:32 2023:DEBUG:run: date: 2119 concentration: 0.180082 pptv
Tue Mar 21 15:37:32 2023:DEBUG:run: date: 2120 concentration: 0.166166 pptv
Tue Mar 21 15:37:32 2023:DEBUG:run: date: 2121 concentration: 0.153359 pptv
Tue Mar 21 15:37:32 2023:DEBUG:run: date: 2122 concentration: 0.141572 pptv
Tue Mar 21 15:37:32 2023:DEBUG:run: date: 2123 concentration: 0.130724 pptv
Tue Mar 21 15:37:32 2023:DEBUG:run: date: 2124 concentration: 0.120739 pptv
Tue Mar 21 15:37:32 2023:DEBUG:run: date: 2125 concentration: 0.11155 pptv
Tue Mar 21 15:37:32 2023:DEBUG:run: date: 2126 concentration: 0.103091 pptv
Tue Mar 21 15:37:32 2023:DEBUG:run: date: 2127 concentration: 0.0953047 pptv
Tue Mar 21 15:37:32 2023:DEBUG:run: date: 2128 concentration: 0.0881374 pptv
Tue Mar 21 15:37:32 2023:DEBUG:run: date: 2129 concentration: 0.0815394 pptv
Tue Mar 21 15:37:32 2023:DEBUG:run: date: 2130 concentration: 0.0754653 pptv
Tue Mar 21 15:37:32 2023:DEBUG:run: date: 2131 concentration: 0.0698731 pptv
Tue Mar 21 15:37:32 2023:DEBUG:run: date: 2132 concentration: 0.0647243 pptv
Tue Mar 21 15:37:32 2023:DEBUG:run: date: 2133 concentration: 0.0599835 pptv
Tue Mar 21 15:37:32 2023:DEBUG:run: date: 2134 concentration: 0.0556181 pptv
Tue Mar 21 15:37:32 2023:DEBUG:run: date: 2135 concentration: 0.0515979 pptv
Tue Mar 21 15:37:32 2023:DEBUG:run: date: 2136 concentration: 0.0478955 pptv
Tue Mar 21 15:37:32 2023:DEBUG:run: date: 2137 concentration: 0.0444854 pptv
Tue Mar 21 15:37:32 2023:DEBUG:run: date: 2138 concentration: 0.0413443 pptv
Tue Mar 21 15:37:32 2023:DEBUG:run: date: 2139 concentration: 0.0384505 pptv
Tue Mar 21 15:37:32 2023:DEBUG:run: date: 2140 concentration: 0.0357845 pptv
Tue Mar 21 15:37:32 2023:DEBUG:run: date: 2141 concentration: 0.0333279 pptv
Tue Mar 21 15:37:32 2023:DEBUG:run: date: 2142 concentration: 0.031064 pptv
Tue Mar 21 15:37:32 2023:DEBUG:run: date: 2143 concentration: 0.0289774 pptv
Tue Mar 21 15:37:32 2023:DEBUG:run: date: 2144 concentration: 0.0270539 pptv
Tue Mar 21 15:37:32 2023:DEBUG:run: date: 2145 concentration: 0.0252805 pptv
Tue Mar 21 15:37:32 2023:DEBUG:run: date: 2146 concentration: 0.0236452 pptv
Tue Mar 21 15:37:32 2023:DEBUG:run: date: 2147 concentration: 0.022137 pptv
Tue Mar 21 15:37:32 2023:DEBUG:run: date: 2148 concentration: 0.0207456 pptv
Tue Mar 21 15:37:32 2023:DEBUG:run: date: 2149 concentration: 0.0194617 pptv
Tue Mar 21 15:37:32 2023:DEBUG:run: date: 2150 concentration: 0.0182768 pptv
Tue Mar 21 15:37:32 2023:DEBUG:run: date: 2151 concentration: 0.0171829 pptv
Tue Mar 21 15:37:32 2023:DEBUG:run: date: 2152 concentration: 0.0161728 pptv
Tue Mar 21 15:37:32 2023:DEBUG:run: date: 2153 concentration: 0.0152397 pptv
Tue Mar 21 15:37:32 2023:DEBUG:run: date: 2154 concentration: 0.0143775 pptv
Tue Mar 21 15:37:32 2023:DEBUG:run: date: 2155 concentration: 0.0135806 pptv
Tue Mar 21 15:37:32 2023:DEBUG:run: date: 2156 concentration: 0.0128436 pptv
Tue Mar 21 15:37:32 2023:DEBUG:run: date: 2157 concentration: 0.0121619 pptv
Tue Mar 21 15:37:32 2023:DEBUG:run: date: 2158 concentration: 0.011531 pptv
Tue Mar 21 15:37:32 2023:DEBUG:run: date: 2159 concentration: 0.0109468 pptv
Tue Mar 21 15:37:32 2023:DEBUG:run: date: 2160 concentration: 0.0104055 pptv
Tue Mar 21 15:37:32 2023:DEBUG:run: date: 2161 concentration: 0.0099039 pptv
Tue Mar 21 15:37:32 2023:DEBUG:run: date: 2162 concentration: 0.00943865 pptv
Tue Mar 21 15:37:32 2023:DEBUG:run: date: 2163 concentration: 0.00900689 pptv
Tue Mar 21 15:37:32 2023:DEBUG:run: date: 2164 concentration: 0.00860594 pptv
Tue Mar 21 15:37:32 2023:DEBUG:run: date: 2165 concentration: 0.00823334 pptv
Tue Mar 21 15:37:32 2023:DEBUG:run: date: 2166 concentration: 0.00788682 pptv
Tue Mar 21 15:37:32 2023:DEBUG:run: date: 2167 concentration: 0.00756429 pptv
Tue Mar 21 15:37:32 2023:DEBUG:run: date: 2168 concentration: 0.00726384 pptv
Tue Mar 21 15:37:32 2023:DEBUG:run: date: 2169 concentration: 0.00698369 pptv
Tue Mar 21 15:37:32 2023:DEBUG:run: date: 2170 concentration: 0.00672224 pptv
Tue Mar 21 15:37:32 2023:DEBUG:run: date: 2171 concentration: 0.00647798 pptv
Tue Mar 21 15:37:32 2023:DEBUG:run: date: 2172 concentration: 0.00624954 pptv
Tue Mar 21 15:37:32 2023:DEBUG:run: date: 2173 concentration: 0.00603565 pptv
Tue Mar 21 15:37:32 2023:DEBUG:run: date: 2174 concentration: 0.00583515 pptv
Tue Mar 21 15:37:32 2023:DEBUG:run: date: 2175 concentration: 0.00564697 pptv
Tue Mar 21 15:37:32 2023:DEBUG:run: date: 2176 concentration: 0.00547013 pptv
Tue Mar 21 15:37:32 2023:DEBUG:run: date: 2177 concentration: 0.00530371 pptv
Tue Mar 21 15:37:32 2023:DEBUG:run: date: 2178 concentration: 0.00514689 pptv
Tue Mar 21 15:37:32 2023:DEBUG:run: date: 2179 concentration: 0.00499889 pptv
Tue Mar 21 15:37:32 2023:DEBUG:run: date: 2180 concentration: 0.00485902 pptv
Tue Mar 21 15:37:32 2023:DEBUG:run: date: 2181 concentration: 0.00472661 pptv
Tue Mar 21 15:37:32 2023:DEBUG:run: date: 2182 concentration: 0.00460109 pptv
Tue Mar 21 15:37:32 2023:DEBUG:run: date: 2183 concentration: 0.00448188 pptv
Tue Mar 21 15:37:32 2023:DEBUG:run: date: 2184 concentration: 0.0043685 pptv
Tue Mar 21 15:37:32 2023:DEBUG:run: date: 2185 concentration: 0.00426047 pptv
Tue Mar 21 15:37:32 2023:DEBUG:run: date: 2186 concentration: 0.00415737 pptv
Tue Mar 21 15:37:32 2023:DEBUG:run: date: 2187 concentration: 0.0040588 pptv
Tue Mar 21 15:37:32 2023:DEBUG:run: date: 2188 concentration: 0.0039644 pptv
Tue Mar 21 15:37:32 2023:DEBUG:run: date: 2189 concentration: 0.00387383 pptv
Tue Mar 21 15:37:32 2023:DEBUG:run: date: 2190 concentration: 0.00378679 pptv
Tue Mar 21 15:37:32 2023:DEBUG:run: date: 2191 concentration: 0.00370301 pptv
Tue Mar 21 15:37:32 2023:DEBUG:run: date: 2192 concentration: 0.00362221 pptv
Tue Mar 21 15:37:32 2023:DEBUG:run: date: 2193 concentration: 0.00354415 pptv
Tue Mar 21 15:37:32 2023:DEBUG:run: date: 2194 concentration: 0.00346863 pptv
Tue Mar 21 15:37:32 2023:DEBUG:run: date: 2195 concentration: 0.00339543 pptv
Tue Mar 21 15:37:32 2023:DEBUG:run: date: 2196 concentration: 0.00332438 pptv
Tue Mar 21 15:37:32 2023:DEBUG:run: date: 2197 concentration: 0.00325529 pptv
Tue Mar 21 15:37:32 2023:DEBUG:run: date: 2198 concentration: 0.00318802 pptv
Tue Mar 21 15:37:32 2023:DEBUG:run: date: 2199 concentration: 0.00312241 pptv
Tue Mar 21 15:37:32 2023:DEBUG:run: date: 2200 concentration: 0.00305834 pptv
Tue Mar 21 15:37:32 2023:DEBUG:run: date: 2201 concentration: 0.00299568 pptv
Tue Mar 21 15:37:32 2023:DEBUG:run: date: 2202 concentration: 0.00293432 pptv
Tue Mar 21 15:37:32 2023:DEBUG:run: date: 2203 concentration: 0.00287415 pptv
Tue Mar 21 15:37:32 2023:DEBUG:run: date: 2204 concentration: 0.00281508 pptv
Tue Mar 21 15:37:32 2023:DEBUG:run: date: 2205 concentration: 0.00275702 pptv
Tue Mar 21 15:37:32 2023:DEBUG:run: date: 2206 concentration: 0.0026999 pptv
Tue Mar 21 15:37:32 2023:DEBUG:run: date: 2207 concentration: 0.00264363 pptv
Tue Mar 21 15:37:32 2023:DEBUG:run: date: 2208 concentration: 0.00258814 pptv
Tue Mar 21 15:37:32 2023:DEBUG:run: date: 2209 concentration: 0.00253338 pptv
Tue Mar 21 15:37:32 2023:DEBUG:run: date: 2210 concentration: 0.00247929 pptv
Tue Mar 21 15:37:32 2023:DEBUG:run: date: 2211 concentration: 0.00242581 pptv
Tue Mar 21 15:37:32 2023:DEBUG:run: date: 2212 concentration: 0.0023729 pptv
Tue Mar 21 15:37:32 2023:DEBUG:run: date: 2213 concentration: 0.0023205 pptv
Tue Mar 21 15:37:32 2023:DEBUG:run: date: 2214 concentration: 0.00226858 pptv
Tue Mar 21 15:37:32 2023:DEBUG:run: date: 2215 concentration: 0.0022171 pptv
Tue Mar 21 15:37:32 2023:DEBUG:run: date: 2216 concentration: 0.00216603 pptv
Tue Mar 21 15:37:32 2023:DEBUG:run: date: 2217 concentration: 0.00211533 pptv
Tue Mar 21 15:37:32 2023:DEBUG:run: date: 2218 concentration: 0.00206497 pptv
Tue Mar 21 15:37:32 2023:DEBUG:run: date: 2219 concentration: 0.00201492 pptv
Tue Mar 21 15:37:32 2023:DEBUG:run: date: 2220 concentration: 0.00196517 pptv
Tue Mar 21 15:37:32 2023:DEBUG:run: date: 2221 concentration: 0.00191568 pptv
Tue Mar 21 15:37:32 2023:DEBUG:run: date: 2222 concentration: 0.00186644 pptv
Tue Mar 21 15:37:32 2023:DEBUG:run: date: 2223 concentration: 0.00181742 pptv
Tue Mar 21 15:37:32 2023:DEBUG:run: date: 2224 concentration: 0.00176861 pptv
Tue Mar 21 15:37:32 2023:DEBUG:run: date: 2225 concentration: 0.00171999 pptv
Tue Mar 21 15:37:32 2023:DEBUG:run: date: 2226 concentration: 0.00167155 pptv
Tue Mar 21 15:37:32 2023:DEBUG:run: date: 2227 concentration: 0.00162327 pptv
Tue Mar 21 15:37:32 2023:DEBUG:run: date: 2228 concentration: 0.00157513 pptv
Tue Mar 21 15:37:32 2023:DEBUG:run: date: 2229 concentration: 0.00152714 pptv
Tue Mar 21 15:37:32 2023:DEBUG:run: date: 2230 concentration: 0.00147927 pptv
Tue Mar 21 15:37:32 2023:DEBUG:run: date: 2231 concentration: 0.00143151 pptv
Tue Mar 21 15:37:32 2023:DEBUG:run: date: 2232 concentration: 0.00138386 pptv
Tue Mar 21 15:37:32 2023:DEBUG:run: date: 2233 concentration: 0.00133631 pptv
Tue Mar 21 15:37:32 2023:DEBUG:run: date: 2234 concentration: 0.00128885 pptv
Tue Mar 21 15:37:32 2023:DEBUG:run: date: 2235 concentration: 0.00124148 pptv
Tue Mar 21 15:37:32 2023:DEBUG:run: date: 2236 concentration: 0.00119418 pptv
Tue Mar 21 15:37:32 2023:DEBUG:run: date: 2237 concentration: 0.00114695 pptv
Tue Mar 21 15:37:32 2023:DEBUG:run: date: 2238 concentration: 0.00109978 pptv
Tue Mar 21 15:37:32 2023:DEBUG:run: date: 2239 concentration: 0.00105268 pptv
Tue Mar 21 15:37:32 2023:DEBUG:run: date: 2240 concentration: 0.00100563 pptv
Tue Mar 21 15:37:32 2023:DEBUG:run: date: 2241 concentration: 0.000958626 pptv
Tue Mar 21 15:37:32 2023:DEBUG:run: date: 2242 concentration: 0.000911671 pptv
Tue Mar 21 15:37:32 2023:DEBUG:run: date: 2243 concentration: 0.00086476 pptv
Tue Mar 21 15:37:32 2023:DEBUG:run: date: 2244 concentration: 0.000817887 pptv
Tue Mar 21 15:37:32 2023:DEBUG:run: date: 2245 concentration: 0.000771051 pptv
Tue Mar 21 15:37:32 2023:DEBUG:run: date: 2246 concentration: 0.000724247 pptv
Tue Mar 21 15:37:32 2023:DEBUG:run: date: 2247 concentration: 0.000677475 pptv
Tue Mar 21 15:37:32 2023:DEBUG:run: date: 2248 concentration: 0.00063073 pptv
Tue Mar 21 15:37:32 2023:DEBUG:run: date: 2249 concentration: 0.000584012 pptv
Tue Mar 21 15:37:32 2023:DEBUG:run: date: 2250 concentration: 0.000537317 pptv
Tue Mar 21 15:37:32 2023:DEBUG:run: date: 2251 concentration: 0.000494355 pptv
Tue Mar 21 15:37:32 2023:DEBUG:run: date: 2252 concentration: 0.000454829 pptv
Tue Mar 21 15:37:32 2023:DEBUG:run: date: 2253 concentration: 0.000418463 pptv
Tue Mar 21 15:37:32 2023:DEBUG:run: date: 2254 concentration: 0.000385004 pptv
Tue Mar 21 15:37:32 2023:DEBUG:run: date: 2255 concentration: 0.000354221 pptv
Tue Mar 21 15:37:32 2023:DEBUG:run: date: 2256 concentration: 0.000325899 pptv
Tue Mar 21 15:37:32 2023:DEBUG:run: date: 2257 concentration: 0.000299842 pptv
Tue Mar 21 15:37:32 2023:DEBUG:run: date: 2258 concentration: 0.000275868 pptv
Tue Mar 21 15:37:32 2023:DEBUG:run: date: 2259 concentration: 0.00025381 pptv
Tue Mar 21 15:37:32 2023:DEBUG:run: date: 2260 concentration: 0.000233517 pptv
Tue Mar 21 15:37:32 2023:DEBUG:run: date: 2261 concentration: 0.000214846 pptv
Tue Mar 21 15:37:32 2023:DEBUG:run: date: 2262 concentration: 0.000197668 pptv
Tue Mar 21 15:37:32 2023:DEBUG:run: date: 2263 concentration: 0.000181863 pptv
Tue Mar 21 15:37:32 2023:DEBUG:run: date: 2264 concentration: 0.000167322 pptv
Tue Mar 21 15:37:32 2023:DEBUG:run: date: 2265 concentration: 0.000153944 pptv
Tue Mar 21 15:37:32 2023:DEBUG:run: date: 2266 concentration: 0.000141635 pptv
Tue Mar 21 15:37:32 2023:DEBUG:run: date: 2267 concentration: 0.000130311 pptv
Tue Mar 21 15:37:32 2023:DEBUG:run: date: 2268 concentration: 0.000119892 pptv
Tue Mar 21 15:37:32 2023:DEBUG:run: date: 2269 concentration: 0.000110306 pptv
Tue Mar 21 15:37:32 2023:DEBUG:run: date: 2270 concentration: 0.000101486 pptv
Tue Mar 21 15:37:32 2023:DEBUG:run: date: 2271 concentration: 9.33716e-05 pptv
Tue Mar 21 15:37:32 2023:DEBUG:run: date: 2272 concentration: 8.5906e-05 pptv
Tue Mar 21 15:37:32 2023:DEBUG:run: date: 2273 concentration: 7.90374e-05 pptv
Tue Mar 21 15:37:32 2023:DEBUG:run: date: 2274 concentration: 7.27179e-05 pptv
Tue Mar 21 15:37:32 2023:DEBUG:run: date: 2275 concentration: 6.69037e-05 pptv
Tue Mar 21 15:37:32 2023:DEBUG:run: date: 2276 concentration: 6.15544e-05 pptv
Tue Mar 21 15:37:32 2023:DEBUG:run: date: 2277 concentration: 5.66328e-05 pptv
Tue Mar 21 15:37:32 2023:DEBUG:run: date: 2278 concentration: 5.21047e-05 pptv
Tue Mar 21 15:37:32 2023:DEBUG:run: date: 2279 concentration: 4.79386e-05 pptv
Tue Mar 21 15:37:32 2023:DEBUG:run: date: 2280 concentration: 4.41056e-05 pptv
Tue Mar 21 15:37:32 2023:DEBUG:run: date: 2281 concentration: 4.05791e-05 pptv
Tue Mar 21 15:37:32 2023:DEBUG:run: date: 2282 concentration: 3.73346e-05 pptv
Tue Mar 21 15:37:32 2023:DEBUG:run: date: 2283 concentration: 3.43495e-05 pptv
Tue Mar 21 15:37:32 2023:DEBUG:run: date: 2284 concentration: 3.16031e-05 pptv
Tue Mar 21 15:37:32 2023:DEBUG:run: date: 2285 concentration: 2.90762e-05 pptv
Tue Mar 21 15:37:32 2023:DEBUG:run: date: 2286 concentration: 2.67514e-05 pptv
Tue Mar 21 15:37:32 2023:DEBUG:run: date: 2287 concentration: 2.46125e-05 pptv
Tue Mar 21 15:37:32 2023:DEBUG:run: date: 2288 concentration: 2.26446e-05 pptv
Tue Mar 21 15:37:32 2023:DEBUG:run: date: 2289 concentration: 2.0834e-05 pptv
Tue Mar 21 15:37:32 2023:DEBUG:run: date: 2290 concentration: 1.91682e-05 pptv
Tue Mar 21 15:37:32 2023:DEBUG:run: date: 2291 concentration: 1.76356e-05 pptv
Tue Mar 21 15:37:32 2023:DEBUG:run: date: 2292 concentration: 1.62256e-05 pptv
Tue Mar 21 15:37:32 2023:DEBUG:run: date: 2293 concentration: 1.49282e-05 pptv
Tue Mar 21 15:37:32 2023:DEBUG:run: date: 2294 concentration: 1.37346e-05 pptv
Tue Mar 21 15:37:32 2023:DEBUG:run: date: 2295 concentration: 1.26365e-05 pptv
Tue Mar 21 15:37:32 2023:DEBUG:run: date: 2296 concentration: 1.16261e-05 pptv
Tue Mar 21 15:37:32 2023:DEBUG:run: date: 2297 concentration: 1.06965e-05 pptv
Tue Mar 21 15:37:32 2023:DEBUG:run: date: 2298 concentration: 9.8413e-06 pptv
Tue Mar 21 15:37:32 2023:DEBUG:run: date: 2299 concentration: 9.05443e-06 pptv
Tue Mar 21 15:37:32 2023:DEBUG:run: date: 2300 concentration: 8.33048e-06 pptv
