Tue Mar 21 15:37:28 2023:NOTICE:printLogHeader: hector version 2.5.0
Tue Mar 21 15:37:28 2023:NOTICE:main: hector wrapper start
Tue Mar 21 15:37:28 2023:NOTICE:main: Creating and initializing the core.
Tue Mar 21 15:37:28 2023:DEBUG:registerCapability: FC2F6 registered to component C2F6_halocarbon
Tue Mar 21 15:37:28 2023:DEBUG:registerCapability: C2F6_concentration registered to component C2F6_halocarbon
Tue Mar 21 15:37:28 2023:DEBUG:registerCapability: C2F6_constrain registered to component C2F6_halocarbon
Tue Mar 21 15:37:28 2023:DEBUG:registerCapability: C2F6_emissions registered to component C2F6_halocarbon
Tue Mar 21 15:37:28 2023:DEBUG:registerCapability: FCCl4 registered to component CCl4_halocarbon
Tue Mar 21 15:37:28 2023:DEBUG:registerCapability: CCl4_concentration registered to component CCl4_halocarbon
Tue Mar 21 15:37:28 2023:DEBUG:registerCapability: CCl4_constrain registered to component CCl4_halocarbon
Tue Mar 21 15:37:28 2023:DEBUG:registerCapability: CCl4_emissions registered to component CCl4_halocarbon
Tue Mar 21 15:37:28 2023:DEBUG:registerCapability: FCF4 registered to component CF4_halocarbon
Tue Mar 21 15:37:28 2023:DEBUG:registerCapability: CF4_concentration registered to component CF4_halocarbon
Tue Mar 21 15:37:28 2023:DEBUG:registerCapability: CF4_constrain registered to component CF4_halocarbon
Tue Mar 21 15:37:28 2023:DEBUG:registerCapability: CF4_emissions registered to component CF4_halocarbon
Tue Mar 21 15:37:28 2023:DEBUG:registerCapability: FCFC113 registered to component CFC113_halocarbon
Tue Mar 21 15:37:28 2023:DEBUG:registerCapability: CFC113_concentration registered to component CFC113_halocarbon
Tue Mar 21 15:37:28 2023:DEBUG:registerCapability: CFC113_constrain registered to component CFC113_halocarbon
Tue Mar 21 15:37:28 2023:DEBUG:registerCapability: CFC113_emissions registered to component CFC113_halocarbon
Tue Mar 21 15:37:28 2023:DEBUG:registerCapability: FCFC114 registered to component CFC114_halocarbon
Tue Mar 21 15:37:28 2023:DEBUG:registerCapability: CFC114_concentration registered to component CFC114_halocarbon
Tue Mar 21 15:37:28 2023:DEBUG:registerCapability: CFC114_constrain registered to component CFC114_halocarbon
Tue Mar 21 15:37:28 2023:DEBUG:registerCapability: CFC114_emissions registered to component CFC114_halocarbon
Tue Mar 21 15:37:28 2023:DEBUG:registerCapability: FCFC115 registered to component CFC115_halocarbon
Tue Mar 21 15:37:28 2023:DEBUG:registerCapability: CFC115_concentration registered to component CFC115_halocarbon
Tue Mar 21 15:37:28 2023:DEBUG:registerCapability: CFC115_constrain registered to component CFC115_halocarbon
Tue Mar 21 15:37:28 2023:DEBUG:registerCapability: CFC115_emissions registered to component CFC115_halocarbon
Tue Mar 21 15:37:28 2023:DEBUG:registerCapability: FCFC11 registered to component CFC11_halocarbon
Tue Mar 21 15:37:28 2023:DEBUG:registerCapability: CFC11_concentration registered to component CFC11_halocarbon
Tue Mar 21 15:37:28 2023:DEBUG:registerCapability: CFC11_constrain registered to component CFC11_halocarbon
Tue Mar 21 15:37:28 2023:DEBUG:registerCapability: CFC11_emissions registered to component CFC11_halocarbon
Tue Mar 21 15:37:28 2023:DEBUG:registerCapability: FCFC12 registered to component CFC12_halocarbon
Tue Mar 21 15:37:28 2023:DEBUG:registerCapability: CFC12_concentration registered to component CFC12_halocarbon
Tue Mar 21 15:37:28 2023:DEBUG:registerCapability: CFC12_constrain registered to component CFC12_halocarbon
Tue Mar 21 15:37:28 2023:DEBUG:registerCapability: CFC12_emissions registered to component CFC12_halocarbon
Tue Mar 21 15:37:28 2023:DEBUG:registerCapability: FCH3Br registered to component CH3Br_halocarbon
Tue Mar 21 15:37:28 2023:DEBUG:registerCapability: CH3Br_concentration registered to component CH3Br_halocarbon
Tue Mar 21 15:37:28 2023:DEBUG:registerCapability: CH3Br_constrain registered to component CH3Br_halocarbon
Tue Mar 21 15:37:28 2023:DEBUG:registerCapability: CH3Br_emissions registered to component CH3Br_halocarbon
Tue Mar 21 15:37:28 2023:DEBUG:registerCapability: FCH3CCl3 registered to component CH3CCl3_halocarbon
Tue Mar 21 15:37:28 2023:DEBUG:registerCapability: CH3CCl3_concentration registered to component CH3CCl3_halocarbon
Tue Mar 21 15:37:28 2023:DEBUG:registerCapability: CH3CCl3_constrain registered to component CH3CCl3_halocarbon
Tue Mar 21 15:37:28 2023:DEBUG:registerCapability: CH3CCl3_emissions registered to component CH3CCl3_halocarbon
Tue Mar 21 15:37:28 2023:DEBUG:registerCapability: FCH3Cl registered to component CH3Cl_halocarbon
Tue Mar 21 15:37:28 2023:DEBUG:registerCapability: CH3Cl_concentration registered to component CH3Cl_halocarbon
Tue Mar 21 15:37:28 2023:DEBUG:registerCapability: CH3Cl_constrain registered to component CH3Cl_halocarbon
Tue Mar 21 15:37:28 2023:DEBUG:registerCapability: CH3Cl_emissions registered to component CH3Cl_halocarbon
Tue Mar 21 15:37:28 2023:DEBUG:registerCapability: CH4 registered to component CH4
Tue Mar 21 15:37:28 2023:DEBUG:registerCapability: M0 registered to component CH4
Tue Mar 21 15:37:28 2023:DEBUG:registerCapability: CH4_emissions registered to component CH4
Tue Mar 21 15:37:28 2023:DEBUG:registerCapability: CH4_constrain registered to component CH4
Tue Mar 21 15:37:28 2023:DEBUG:registerCapability: FHCFC141b registered to component HCFC141b_halocarbon
Tue Mar 21 15:37:28 2023:DEBUG:registerCapability: HCFC141b_concentration registered to component HCFC141b_halocarbon
Tue Mar 21 15:37:28 2023:DEBUG:registerCapability: HCFC141b_constrain registered to component HCFC141b_halocarbon
Tue Mar 21 15:37:28 2023:DEBUG:registerCapability: HCFC141b_emissions registered to component HCFC141b_halocarbon
Tue Mar 21 15:37:28 2023:DEBUG:registerCapability: FHCFC142b registered to component HCFC142b_halocarbon
Tue Mar 21 15:37:28 2023:DEBUG:registerCapability: HCFC142b_concentration registered to component HCFC142b_halocarbon
Tue Mar 21 15:37:28 2023:DEBUG:registerCapability: HCFC142b_constrain registered to component HCFC142b_halocarbon
Tue Mar 21 15:37:28 2023:DEBUG:registerCapability: HCFC142b_emissions registered to component HCFC142b_halocarbon
Tue Mar 21 15:37:28 2023:DEBUG:registerCapability: FHCFC22 registered to component HCFC22_halocarbon
Tue Mar 21 15:37:28 2023:DEBUG:registerCapability: HCFC22_concentration registered to component HCFC22_halocarbon
Tue Mar 21 15:37:28 2023:DEBUG:registerCapability: HCFC22_constrain registered to component HCFC22_halocarbon
Tue Mar 21 15:37:28 2023:DEBUG:registerCapability: HCFC22_emissions registered to component HCFC22_halocarbon
Tue Mar 21 15:37:28 2023:DEBUG:registerCapability: FHFC125 registered to component HFC125_halocarbon
Tue Mar 21 15:37:28 2023:DEBUG:registerCapability: HFC125_concentration registered to component HFC125_halocarbon
Tue Mar 21 15:37:28 2023:DEBUG:registerCapability: HFC125_constrain registered to component HFC125_halocarbon
Tue Mar 21 15:37:28 2023:DEBUG:registerCapability: HFC125_emissions registered to component HFC125_halocarbon
Tue Mar 21 15:37:28 2023:DEBUG:registerCapability: FHFC134a registered to component HFC134a_halocarbon
Tue Mar 21 15:37:28 2023:DEBUG:registerCapability: HFC134a_concentration registered to component HFC134a_halocarbon
Tue Mar 21 15:37:28 2023:DEBUG:registerCapability: HFC134a_constrain registered to component HFC134a_halocarbon
Tue Mar 21 15:37:28 2023:DEBUG:registerCapability: HFC134a_emissions registered to component HFC134a_halocarbon
Tue Mar 21 15:37:28 2023:DEBUG:registerCapability: FHFC143a registered to component HFC143a_halocarbon
Tue Mar 21 15:37:28 2023:DEBUG:registerCapability: HFC143a_concentration registered to component HFC143a_halocarbon
Tue Mar 21 15:37:28 2023:DEBUG:registerCapability: HFC143a_constrain registered to component HFC143a_halocarbon
Tue Mar 21 15:37:28 2023:DEBUG:registerCapability: HFC143a_emissions registered to component HFC143a_halocarbon
Tue Mar 21 15:37:28 2023:DEBUG:registerCapability: FHFC227ea registered to component HFC227ea_halocarbon
Tue Mar 21 15:37:28 2023:DEBUG:registerCapability: HFC227ea_concentration registered to component HFC227ea_halocarbon
Tue Mar 21 15:37:28 2023:DEBUG:registerCapability: HFC227ea_constrain registered to component HFC227ea_halocarbon
Tue Mar 21 15:37:28 2023:DEBUG:registerCapability: HFC227ea_emissions registered to component HFC227ea_halocarbon
Tue Mar 21 15:37:28 2023:DEBUG:registerCapability: FHFC23 registered to component HFC23_halocarbon
Tue Mar 21 15:37:28 2023:DEBUG:registerCapability: HFC23_concentration registered to component HFC23_halocarbon
Tue Mar 21 15:37:28 2023:DEBUG:registerCapability: HFC23_constrain registered to component HFC23_halocarbon
Tue Mar 21 15:37:28 2023:DEBUG:registerCapability: HFC23_emissions registered to component HFC23_halocarbon
Tue Mar 21 15:37:28 2023:DEBUG:registerCapability: FHFC245fa registered to component HFC245fa_halocarbon
Tue Mar 21 15:37:28 2023:DEBUG:registerCapability: HFC245fa_concentration registered to component HFC245fa_halocarbon
Tue Mar 21 15:37:28 2023:DEBUG:registerCapability: HFC245fa_constrain registered to component HFC245fa_halocarbon
Tue Mar 21 15:37:28 2023:DEBUG:registerCapability: HFC245fa_emissions registered to component HFC245fa_halocarbon
Tue Mar 21 15:37:28 2023:DEBUG:registerCapability: FHFC32 registered to component HFC32_halocarbon
Tue Mar 21 15:37:28 2023:DEBUG:registerCapability: HFC32_concentration registered to component HFC32_halocarbon
Tue Mar 21 15:37:28 2023:DEBUG:registerCapability: HFC32_constrain registered to component HFC32_halocarbon
Tue Mar 21 15:37:28 2023:DEBUG:registerCapability: HFC32_emissions registered to component HFC32_halocarbon
Tue Mar 21 15:37:28 2023:DEBUG:registerCapability: FHFC4310 registered to component HFC4310_halocarbon
Tue Mar 21 15:37:28 2023:DEBUG:registerCapability: HFC4310_concentration registered to component HFC4310_halocarbon
Tue Mar 21 15:37:28 2023:DEBUG:registerCapability: HFC4310_constrain registered to component HFC4310_halocarbon
Tue Mar 21 15:37:28 2023:DEBUG:registerCapability: HFC4310_emissions registered to component HFC4310_halocarbon
Tue Mar 21 15:37:28 2023:DEBUG:registerCapability: N2O registered to component N2O
Tue Mar 21 15:37:28 2023:DEBUG:registerCapability: N0 registered to component N2O
Tue Mar 21 15:37:28 2023:DEBUG:registerCapability: N2O_emissions registered to component N2O
Tue Mar 21 15:37:28 2023:DEBUG:registerCapability: N2O_constrain registered to component N2O
Tue Mar 21 15:37:28 2023:DEBUG:registerCapability: N2O_natural_emissions registered to component N2O
Tue Mar 21 15:37:28 2023:DEBUG:registerCapability: TAU_OH registered to component OH
Tue Mar 21 15:37:28 2023:DEBUG:registerCapability: CO_emissions registered to component OH
Tue Mar 21 15:37:28 2023:DEBUG:registerCapability: NMVOC_emissions registered to component OH
Tue Mar 21 15:37:28 2023:DEBUG:registerCapability: NOX_emissions registered to component OH
Tue Mar 21 15:37:28 2023:DEBUG:registerCapability: FSF6 registered to component SF6_halocarbon
Tue Mar 21 15:37:28 2023:DEBUG:registerCapability: SF6_concentration registered to component SF6_halocarbon
Tue Mar 21 15:37:28 2023:DEBUG:registerCapability: SF6_constrain registered to component SF6_halocarbon
Tue Mar 21 15:37:28 2023:DEBUG:registerCapability: SF6_emissions registered to component SF6_halocarbon
Tue Mar 21 15:37:28 2023:DEBUG:registerCapability: BC_emissions registered to component bc
Tue Mar 21 15:37:28 2023:DEBUG:registerCapability: Ftot registered to component forcing
Tue Mar 21 15:37:28 2023:DEBUG:registerCapability: baseyear registered to component forcing
Tue Mar 21 15:37:28 2023:DEBUG:registerCapability: FCO2 registered to component forcing
Tue Mar 21 15:37:28 2023:DEBUG:registerCapability: FCH4 registered to component forcing
Tue Mar 21 15:37:28 2023:DEBUG:registerCapability: FN2O registered to component forcing
Tue Mar 21 15:37:28 2023:DEBUG:registerCapability: FH2O_strat registered to component forcing
Tue Mar 21 15:37:28 2023:DEBUG:registerCapability: FO3_trop registered to component forcing
Tue Mar 21 15:37:28 2023:DEBUG:registerCapability: FBC registered to component forcing
Tue Mar 21 15:37:28 2023:DEBUG:registerCapability: FOC registered to component forcing
Tue Mar 21 15:37:28 2023:DEBUG:registerCapability: FSO2d registered to component forcing
Tue Mar 21 15:37:28 2023:DEBUG:registerCapability: FSO2i registered to component forcing
Tue Mar 21 15:37:28 2023:DEBUG:registerCapability: FSO2 registered to component forcing
Tue Mar 21 15:37:28 2023:DEBUG:registerCapability: Fvol registered to component forcing
Tue Mar 21 15:37:28 2023:DEBUG:registerCapability: FadjCF4 registered to component forcing
Tue Mar 21 15:37:28 2023:DEBUG:registerCapability: FadjC2F6 registered to component forcing
Tue Mar 21 15:37:28 2023:DEBUG:registerCapability: FadjHFC23 registered to component forcing
Tue Mar 21 15:37:28 2023:DEBUG:registerCapability: FadjHFC32 registered to component forcing
Tue Mar 21 15:37:28 2023:DEBUG:registerCapability: FadjHFC4310 registered to component forcing
Tue Mar 21 15:37:28 2023:DEBUG:registerCapability: FadjHFC125 registered to component forcing
Tue Mar 21 15:37:28 2023:DEBUG:registerCapability: FadjHFC134a registered to component forcing
Tue Mar 21 15:37:28 2023:DEBUG:registerCapability: FadjHFC143a registered to component forcing
Tue Mar 21 15:37:28 2023:DEBUG:registerCapability: FadjHFC227ea registered to component forcing
Tue Mar 21 15:37:28 2023:DEBUG:registerCapability: FadjHFC245fa registered to component forcing
Tue Mar 21 15:37:28 2023:DEBUG:registerCapability: FadjSF6 registered to component forcing
Tue Mar 21 15:37:28 2023:DEBUG:registerCapability: FadjCFC11 registered to component forcing
Tue Mar 21 15:37:28 2023:DEBUG:registerCapability: FadjCFC12 registered to component forcing
Tue Mar 21 15:37:28 2023:DEBUG:registerCapability: FadjCFC113 registered to component forcing
Tue Mar 21 15:37:28 2023:DEBUG:registerCapability: FadjCFC114 registered to component forcing
Tue Mar 21 15:37:28 2023:DEBUG:registerCapability: FadjCFC115 registered to component forcing
Tue Mar 21 15:37:28 2023:DEBUG:registerCapability: FadjCCl4 registered to component forcing
Tue Mar 21 15:37:28 2023:DEBUG:registerCapability: FadjCH3CCl3 registered to component forcing
Tue Mar 21 15:37:28 2023:DEBUG:registerCapability: FadjHCFC22 registered to component forcing
Tue Mar 21 15:37:28 2023:DEBUG:registerCapability: FadjHCFC141b registered to component forcing
Tue Mar 21 15:37:28 2023:DEBUG:registerCapability: FadjHCFC142b registered to component forcing
Tue Mar 21 15:37:28 2023:DEBUG:registerCapability: Fadjhalon1211 registered to component forcing
Tue Mar 21 15:37:28 2023:DEBUG:registerCapability: Fadjhalon1301 registered to component forcing
Tue Mar 21 15:37:28 2023:DEBUG:registerCapability: Fadjhalon2402 registered to component forcing
Tue Mar 21 15:37:28 2023:DEBUG:registerCapability: FadjCH3Cl registered to component forcing
Tue Mar 21 15:37:28 2023:DEBUG:registerCapability: FadjCH3Br registered to component forcing
Tue Mar 21 15:37:28 2023:DEBUG:registerCapability: Fhalon1211 registered to component halon1211_halocarbon
Tue Mar 21 15:37:28 2023:DEBUG:registerCapability: halon1211_concentration registered to component halon1211_halocarbon
Tue Mar 21 15:37:28 2023:DEBUG:registerCapability: halon1211_constrain registered to component halon1211_halocarbon
Tue Mar 21 15:37:28 2023:DEBUG:registerCapability: halon1211_emissions registered to component halon1211_halocarbon
Tue Mar 21 15:37:28 2023:DEBUG:registerCapability: Fhalon1301 registered to component halon1301_halocarbon
Tue Mar 21 15:37:28 2023:DEBUG:registerCapability: halon1301_concentration registered to component halon1301_halocarbon
Tue Mar 21 15:37:28 2023:DEBUG:registerCapability: halon1301_constrain registered to component halon1301_halocarbon
Tue Mar 21 15:37:28 2023:DEBUG:registerCapability: halon1301_emissions registered to component halon1301_halocarbon
Tue Mar 21 15:37:28 2023:DEBUG:registerCapability: Fhalon2402 registered to component halon2402_halocarbon
Tue Mar 21 15:37:28 2023:DEBUG:registerCapability: halon2402_concentration registered to component halon2402_halocarbon
Tue Mar 21 15:37:28 2023:DEBUG:registerCapability: halon2402_constrain registered to component halon2402_halocarbon
Tue Mar 21 15:37:28 2023:DEBUG:registerCapability: halon2402_emissions registered to component halon2402_halocarbon
Tue Mar 21 15:37:28 2023:DEBUG:registerCapability: OC_emissions registered to component oc
Tue Mar 21 15:37:28 2023:DEBUG:registerCapability: atm_ocean_flux registered to component ocean
Tue Mar 21 15:37:28 2023:DEBUG:registerCapability: ocean_c registered to component ocean
Tue Mar 21 15:37:28 2023:DEBUG:registerCapability: carbon_HL registered to component ocean
Tue Mar 21 15:37:28 2023:DEBUG:registerCapability: carbon_LL registered to component ocean
Tue Mar 21 15:37:28 2023:DEBUG:registerCapability: carbon_IO registered to component ocean
Tue Mar 21 15:37:28 2023:DEBUG:registerCapability: carbon_DO registered to component ocean
Tue Mar 21 15:37:28 2023:DEBUG:registerCapability: tt registered to component ocean
Tue Mar 21 15:37:28 2023:DEBUG:registerCapability: tu registered to component ocean
Tue Mar 21 15:37:28 2023:DEBUG:registerCapability: twi registered to component ocean
Tue Mar 21 15:37:28 2023:DEBUG:registerCapability: tid registered to component ocean
Tue Mar 21 15:37:28 2023:DEBUG:registerCapability: O3 registered to component ozone
Tue Mar 21 15:37:28 2023:DEBUG:registerCapability: Ca registered to component simpleNbox
Tue Mar 21 15:37:28 2023:DEBUG:registerCapability: atmos_c registered to component simpleNbox
Tue Mar 21 15:37:28 2023:DEBUG:registerCapability: C0 registered to component simpleNbox
Tue Mar 21 15:37:28 2023:DEBUG:registerCapability: Ftalbedo registered to component simpleNbox
Tue Mar 21 15:37:28 2023:DEBUG:registerCapability: atm_land_flux registered to component simpleNbox
Tue Mar 21 15:37:28 2023:DEBUG:registerCapability: veg_c registered to component simpleNbox
Tue Mar 21 15:37:28 2023:DEBUG:registerCapability: detritus_c registered to component simpleNbox
Tue Mar 21 15:37:28 2023:DEBUG:registerCapability: soil_c registered to component simpleNbox
Tue Mar 21 15:37:28 2023:DEBUG:registerCapability: npp_flux0 registered to component simpleNbox
Tue Mar 21 15:37:28 2023:DEBUG:registerCapability: npp registered to component simpleNbox
Tue Mar 21 15:37:28 2023:DEBUG:registerCapability: ffi_emissions registered to component simpleNbox
Tue Mar 21 15:37:28 2023:DEBUG:registerCapability: luc_emissions registered to component simpleNbox
Tue Mar 21 15:37:28 2023:DEBUG:registerCapability: warmingfactor registered to component simpleNbox
Tue Mar 21 15:37:28 2023:DEBUG:registerCapability: beta registered to component simpleNbox
Tue Mar 21 15:37:28 2023:DEBUG:registerCapability: q10_rh registered to component simpleNbox
Tue Mar 21 15:37:28 2023:DEBUG:registerCapability: f_nppv registered to component simpleNbox
Tue Mar 21 15:37:28 2023:DEBUG:registerCapability: f_nppd registered to component simpleNbox
Tue Mar 21 15:37:28 2023:DEBUG:registerCapability: f_litterd registered to component simpleNbox
Tue Mar 21 15:37:28 2023:DEBUG:registerCapability: f_lucv registered to component simpleNbox
Tue Mar 21 15:37:28 2023:DEBUG:registerCapability: f_lucd registered to component simpleNbox
Tue Mar 21 15:37:28 2023:DEBUG:registerCapability: CO2_constrain registered to component simpleNbox
Tue Mar 21 15:37:28 2023:DEBUG:registerCapability: SN registered to component so2
Tue Mar 21 15:37:28 2023:DEBUG:registerCapability: S0 registered to component so2
Tue Mar 21 15:37:28 2023:DEBUG:registerCapability: SO2_emissions registered to component so2
Tue Mar 21 15:37:28 2023:DEBUG:registerCapability: SV registered to component so2
Tue Mar 21 15:37:28 2023:DEBUG:registerCapability: Tgav registered to component temperature
Tue Mar 21 15:37:28 2023:DEBUG:registerCapability: Tgav_land registered to component temperature
Tue Mar 21 15:37:28 2023:DEBUG:registerCapability: Tgav_ocean_air registered to component temperature
Tue Mar 21 15:37:28 2023:DEBUG:registerCapability: Tgav_ocean_ST registered to component temperature
Tue Mar 21 15:37:28 2023:DEBUG:registerCapability: Tgaveq registered to component temperature
Tue Mar 21 15:37:28 2023:DEBUG:registerCapability: flux_mixed registered to component temperature
Tue Mar 21 15:37:28 2023:DEBUG:registerCapability: flux_interior registered to component temperature
Tue Mar 21 15:37:28 2023:DEBUG:registerCapability: heatflux registered to component temperature
Tue Mar 21 15:37:28 2023:DEBUG:registerCapability: S registered to component temperature
Tue Mar 21 15:37:28 2023:DEBUG:registerCapability: diff registered to component temperature
Tue Mar 21 15:37:28 2023:DEBUG:registerCapability: alpha registered to component temperature
Tue Mar 21 15:37:28 2023:DEBUG:registerCapability: volscl registered to component temperature
Tue Mar 21 15:37:28 2023:NOTICE:main: Setting data in the core.
Tue Mar 21 15:37:28 2023:WARNING:setData: Disabling onelineocean
Tue Mar 21 15:37:29 2023:NOTICE:main: Adding visitors to the core.
Tue Mar 21 15:37:29 2023:DEBUG:addVisitor: Core adding a visitor
Tue Mar 21 15:37:29 2023:DEBUG:addVisitor: Core adding a visitor
Tue Mar 21 15:37:29 2023:NOTICE:main: Calling prepareToRun()
Tue Mar 21 15:37:29 2023:WARNING:prepareToRun: Disabling onelineocean
Tue Mar 21 15:37:29 2023:NOTICE:prepareToRun: Computing dependencies and re-ordering components...
Tue Mar 21 15:37:29 2023:NOTICE:prepareToRun: Preparing to run...
Tue Mar 21 15:37:29 2023:NOTICE:prepareToRun: Spinning up model...
Tue Mar 21 15:37:30 2023:NOTICE:run_spinup: Carbon model is spun up after 352 steps
Tue Mar 21 15:37:30 2023:NOTICE:run_spinup: Model spun up after 352 steps
Tue Mar 21 15:37:30 2023:NOTICE:main: Running the core.
Tue Mar 21 15:37:30 2023:NOTICE:run: Running...
Tue Mar 21 15:37:32 2023:NOTICE:main: Hector wrapper end
