Tue Mar 21 15:37:28 2023:NOTICE:printLogHeader: hector version 2.5.0
Tue Mar 21 15:37:28 2023:DEBUG:setData: Setting tau[-1]=29.0
Tue Mar 21 15:37:28 2023:DEBUG:setData: Setting rho[-1]=0.00023
Tue Mar 21 15:37:28 2023:DEBUG:setData: Setting HFC125_emissions[1765]=0
Tue Mar 21 15:37:28 2023:DEBUG:setData: Setting HFC125_emissions[1766]=0
Tue Mar 21 15:37:28 2023:DEBUG:setData: Setting HFC125_emissions[1767]=0
Tue Mar 21 15:37:28 2023:DEBUG:setData: Setting HFC125_emissions[1768]=0
Tue Mar 21 15:37:28 2023:DEBUG:setData: Setting HFC125_emissions[1769]=0
Tue Mar 21 15:37:28 2023:DEBUG:setData: Setting HFC125_emissions[1770]=0
Tue Mar 21 15:37:28 2023:DEBUG:setData: Setting HFC125_emissions[1771]=0
Tue Mar 21 15:37:28 2023:DEBUG:setData: Setting HFC125_emissions[1772]=0
Tue Mar 21 15:37:28 2023:DEBUG:setData: Setting HFC125_emissions[1773]=0
Tue Mar 21 15:37:28 2023:DEBUG:setData: Setting HFC125_emissions[1774]=0
Tue Mar 21 15:37:28 2023:DEBUG:setData: Setting HFC125_emissions[1775]=0
Tue Mar 21 15:37:28 2023:DEBUG:setData: Setting HFC125_emissions[1776]=0
Tue Mar 21 15:37:28 2023:DEBUG:setData: Setting HFC125_emissions[1777]=0
Tue Mar 21 15:37:28 2023:DEBUG:setData: Setting HFC125_emissions[1778]=0
Tue Mar 21 15:37:28 2023:DEBUG:setData: Setting HFC125_emissions[1779]=0
Tue Mar 21 15:37:28 2023:DEBUG:setData: Setting HFC125_emissions[1780]=0
Tue Mar 21 15:37:28 2023:DEBUG:setData: Setting HFC125_emissions[1781]=0
Tue Mar 21 15:37:28 2023:DEBUG:setData: Setting HFC125_emissions[1782]=0
Tue Mar 21 15:37:28 2023:DEBUG:setData: Setting HFC125_emissions[1783]=0
Tue Mar 21 15:37:28 2023:DEBUG:setData: Setting HFC125_emissions[1784]=0
Tue Mar 21 15:37:28 2023:DEBUG:setData: Setting HFC125_emissions[1785]=0
Tue Mar 21 15:37:28 2023:DEBUG:setData: Setting HFC125_emissions[1786]=0
Tue Mar 21 15:37:28 2023:DEBUG:setData: Setting HFC125_emissions[1787]=0
Tue Mar 21 15:37:28 2023:DEBUG:setData: Setting HFC125_emissions[1788]=0
Tue Mar 21 15:37:28 2023:DEBUG:setData: Setting HFC125_emissions[1789]=0
Tue Mar 21 15:37:28 2023:DEBUG:setData: Setting HFC125_emissions[1790]=0
Tue Mar 21 15:37:28 2023:DEBUG:setData: Setting HFC125_emissions[1791]=0
Tue Mar 21 15:37:28 2023:DEBUG:setData: Setting HFC125_emissions[1792]=0
Tue Mar 21 15:37:28 2023:DEBUG:setData: Setting HFC125_emissions[1793]=0
Tue Mar 21 15:37:28 2023:DEBUG:setData: Setting HFC125_emissions[1794]=0
Tue Mar 21 15:37:28 2023:DEBUG:setData: Setting HFC125_emissions[1795]=0
Tue Mar 21 15:37:28 2023:DEBUG:setData: Setting HFC125_emissions[1796]=0
Tue Mar 21 15:37:28 2023:DEBUG:setData: Setting HFC125_emissions[1797]=0
Tue Mar 21 15:37:29 2023:DEBUG:setData: Setting HFC125_emissions[1798]=0
Tue Mar 21 15:37:29 2023:DEBUG:setData: Setting HFC125_emissions[1799]=0
Tue Mar 21 15:37:29 2023:DEBUG:setData: Setting HFC125_emissions[1800]=0
Tue Mar 21 15:37:29 2023:DEBUG:setData: Setting HFC125_emissions[1801]=0
Tue Mar 21 15:37:29 2023:DEBUG:setData: Setting HFC125_emissions[1802]=0
Tue Mar 21 15:37:29 2023:DEBUG:setData: Setting HFC125_emissions[1803]=0
Tue Mar 21 15:37:29 2023:DEBUG:setData: Setting HFC125_emissions[1804]=0
Tue Mar 21 15:37:29 2023:DEBUG:setData: Setting HFC125_emissions[1805]=0
Tue Mar 21 15:37:29 2023:DEBUG:setData: Setting HFC125_emissions[1806]=0
Tue Mar 21 15:37:29 2023:DEBUG:setData: Setting HFC125_emissions[1807]=0
Tue Mar 21 15:37:29 2023:DEBUG:setData: Setting HFC125_emissions[1808]=0
Tue Mar 21 15:37:29 2023:DEBUG:setData: Setting HFC125_emissions[1809]=0
Tue Mar 21 15:37:29 2023:DEBUG:setData: Setting HFC125_emissions[1810]=0
Tue Mar 21 15:37:29 2023:DEBUG:setData: Setting HFC125_emissions[1811]=0
Tue Mar 21 15:37:29 2023:DEBUG:setData: Setting HFC125_emissions[1812]=0
Tue Mar 21 15:37:29 2023:DEBUG:setData: Setting HFC125_emissions[1813]=0
Tue Mar 21 15:37:29 2023:DEBUG:setData: Setting HFC125_emissions[1814]=0
Tue Mar 21 15:37:29 2023:DEBUG:setData: Setting HFC125_emissions[1815]=0
Tue Mar 21 15:37:29 2023:DEBUG:setData: Setting HFC125_emissions[1816]=0
Tue Mar 21 15:37:29 2023:DEBUG:setData: Setting HFC125_emissions[1817]=0
Tue Mar 21 15:37:29 2023:DEBUG:setData: Setting HFC125_emissions[1818]=0
Tue Mar 21 15:37:29 2023:DEBUG:setData: Setting HFC125_emissions[1819]=0
Tue Mar 21 15:37:29 2023:DEBUG:setData: Setting HFC125_emissions[1820]=0
Tue Mar 21 15:37:29 2023:DEBUG:setData: Setting HFC125_emissions[1821]=0
Tue Mar 21 15:37:29 2023:DEBUG:setData: Setting HFC125_emissions[1822]=0
Tue Mar 21 15:37:29 2023:DEBUG:setData: Setting HFC125_emissions[1823]=0
Tue Mar 21 15:37:29 2023:DEBUG:setData: Setting HFC125_emissions[1824]=0
Tue Mar 21 15:37:29 2023:DEBUG:setData: Setting HFC125_emissions[1825]=0
Tue Mar 21 15:37:29 2023:DEBUG:setData: Setting HFC125_emissions[1826]=0
Tue Mar 21 15:37:29 2023:DEBUG:setData: Setting HFC125_emissions[1827]=0
Tue Mar 21 15:37:29 2023:DEBUG:setData: Setting HFC125_emissions[1828]=0
Tue Mar 21 15:37:29 2023:DEBUG:setData: Setting HFC125_emissions[1829]=0
Tue Mar 21 15:37:29 2023:DEBUG:setData: Setting HFC125_emissions[1830]=0
Tue Mar 21 15:37:29 2023:DEBUG:setData: Setting HFC125_emissions[1831]=0
Tue Mar 21 15:37:29 2023:DEBUG:setData: Setting HFC125_emissions[1832]=0
Tue Mar 21 15:37:29 2023:DEBUG:setData: Setting HFC125_emissions[1833]=0
Tue Mar 21 15:37:29 2023:DEBUG:setData: Setting HFC125_emissions[1834]=0
Tue Mar 21 15:37:29 2023:DEBUG:setData: Setting HFC125_emissions[1835]=0
Tue Mar 21 15:37:29 2023:DEBUG:setData: Setting HFC125_emissions[1836]=0
Tue Mar 21 15:37:29 2023:DEBUG:setData: Setting HFC125_emissions[1837]=0
Tue Mar 21 15:37:29 2023:DEBUG:setData: Setting HFC125_emissions[1838]=0
Tue Mar 21 15:37:29 2023:DEBUG:setData: Setting HFC125_emissions[1839]=0
Tue Mar 21 15:37:29 2023:DEBUG:setData: Setting HFC125_emissions[1840]=0
Tue Mar 21 15:37:29 2023:DEBUG:setData: Setting HFC125_emissions[1841]=0
Tue Mar 21 15:37:29 2023:DEBUG:setData: Setting HFC125_emissions[1842]=0
Tue Mar 21 15:37:29 2023:DEBUG:setData: Setting HFC125_emissions[1843]=0
Tue Mar 21 15:37:29 2023:DEBUG:setData: Setting HFC125_emissions[1844]=0
Tue Mar 21 15:37:29 2023:DEBUG:setData: Setting HFC125_emissions[1845]=0
Tue Mar 21 15:37:29 2023:DEBUG:setData: Setting HFC125_emissions[1846]=0
Tue Mar 21 15:37:29 2023:DEBUG:setData: Setting HFC125_emissions[1847]=0
Tue Mar 21 15:37:29 2023:DEBUG:setData: Setting HFC125_emissions[1848]=0
Tue Mar 21 15:37:29 2023:DEBUG:setData: Setting HFC125_emissions[1849]=0
Tue Mar 21 15:37:29 2023:DEBUG:setData: Setting HFC125_emissions[1850]=0
Tue Mar 21 15:37:29 2023:DEBUG:setData: Setting HFC125_emissions[1851]=0
Tue Mar 21 15:37:29 2023:DEBUG:setData: Setting HFC125_emissions[1852]=0
Tue Mar 21 15:37:29 2023:DEBUG:setData: Setting HFC125_emissions[1853]=0
Tue Mar 21 15:37:29 2023:DEBUG:setData: Setting HFC125_emissions[1854]=0
Tue Mar 21 15:37:29 2023:DEBUG:setData: Setting HFC125_emissions[1855]=0
Tue Mar 21 15:37:29 2023:DEBUG:setData: Setting HFC125_emissions[1856]=0
Tue Mar 21 15:37:29 2023:DEBUG:setData: Setting HFC125_emissions[1857]=0
Tue Mar 21 15:37:29 2023:DEBUG:setData: Setting HFC125_emissions[1858]=0
Tue Mar 21 15:37:29 2023:DEBUG:setData: Setting HFC125_emissions[1859]=0
Tue Mar 21 15:37:29 2023:DEBUG:setData: Setting HFC125_emissions[1860]=0
Tue Mar 21 15:37:29 2023:DEBUG:setData: Setting HFC125_emissions[1861]=0
Tue Mar 21 15:37:29 2023:DEBUG:setData: Setting HFC125_emissions[1862]=0
Tue Mar 21 15:37:29 2023:DEBUG:setData: Setting HFC125_emissions[1863]=0
Tue Mar 21 15:37:29 2023:DEBUG:setData: Setting HFC125_emissions[1864]=0
Tue Mar 21 15:37:29 2023:DEBUG:setData: Setting HFC125_emissions[1865]=0
Tue Mar 21 15:37:29 2023:DEBUG:setData: Setting HFC125_emissions[1866]=0
Tue Mar 21 15:37:29 2023:DEBUG:setData: Setting HFC125_emissions[1867]=0
Tue Mar 21 15:37:29 2023:DEBUG:setData: Setting HFC125_emissions[1868]=0
Tue Mar 21 15:37:29 2023:DEBUG:setData: Setting HFC125_emissions[1869]=0
Tue Mar 21 15:37:29 2023:DEBUG:setData: Setting HFC125_emissions[1870]=0
Tue Mar 21 15:37:29 2023:DEBUG:setData: Setting HFC125_emissions[1871]=0
Tue Mar 21 15:37:29 2023:DEBUG:setData: Setting HFC125_emissions[1872]=0
Tue Mar 21 15:37:29 2023:DEBUG:setData: Setting HFC125_emissions[1873]=0
Tue Mar 21 15:37:29 2023:DEBUG:setData: Setting HFC125_emissions[1874]=0
Tue Mar 21 15:37:29 2023:DEBUG:setData: Setting HFC125_emissions[1875]=0
Tue Mar 21 15:37:29 2023:DEBUG:setData: Setting HFC125_emissions[1876]=0
Tue Mar 21 15:37:29 2023:DEBUG:setData: Setting HFC125_emissions[1877]=0
Tue Mar 21 15:37:29 2023:DEBUG:setData: Setting HFC125_emissions[1878]=0
Tue Mar 21 15:37:29 2023:DEBUG:setData: Setting HFC125_emissions[1879]=0
Tue Mar 21 15:37:29 2023:DEBUG:setData: Setting HFC125_emissions[1880]=0
Tue Mar 21 15:37:29 2023:DEBUG:setData: Setting HFC125_emissions[1881]=0
Tue Mar 21 15:37:29 2023:DEBUG:setData: Setting HFC125_emissions[1882]=0
Tue Mar 21 15:37:29 2023:DEBUG:setData: Setting HFC125_emissions[1883]=0
Tue Mar 21 15:37:29 2023:DEBUG:setData: Setting HFC125_emissions[1884]=0
Tue Mar 21 15:37:29 2023:DEBUG:setData: Setting HFC125_emissions[1885]=0
Tue Mar 21 15:37:29 2023:DEBUG:setData: Setting HFC125_emissions[1886]=0
Tue Mar 21 15:37:29 2023:DEBUG:setData: Setting HFC125_emissions[1887]=0
Tue Mar 21 15:37:29 2023:DEBUG:setData: Setting HFC125_emissions[1888]=0
Tue Mar 21 15:37:29 2023:DEBUG:setData: Setting HFC125_emissions[1889]=0
Tue Mar 21 15:37:29 2023:DEBUG:setData: Setting HFC125_emissions[1890]=0
Tue Mar 21 15:37:29 2023:DEBUG:setData: Setting HFC125_emissions[1891]=0
Tue Mar 21 15:37:29 2023:DEBUG:setData: Setting HFC125_emissions[1892]=0
Tue Mar 21 15:37:29 2023:DEBUG:setData: Setting HFC125_emissions[1893]=0
Tue Mar 21 15:37:29 2023:DEBUG:setData: Setting HFC125_emissions[1894]=0
Tue Mar 21 15:37:29 2023:DEBUG:setData: Setting HFC125_emissions[1895]=0
Tue Mar 21 15:37:29 2023:DEBUG:setData: Setting HFC125_emissions[1896]=0
Tue Mar 21 15:37:29 2023:DEBUG:setData: Setting HFC125_emissions[1897]=0
Tue Mar 21 15:37:29 2023:DEBUG:setData: Setting HFC125_emissions[1898]=0
Tue Mar 21 15:37:29 2023:DEBUG:setData: Setting HFC125_emissions[1899]=0
Tue Mar 21 15:37:29 2023:DEBUG:setData: Setting HFC125_emissions[1900]=0
Tue Mar 21 15:37:29 2023:DEBUG:setData: Setting HFC125_emissions[1901]=0
Tue Mar 21 15:37:29 2023:DEBUG:setData: Setting HFC125_emissions[1902]=0
Tue Mar 21 15:37:29 2023:DEBUG:setData: Setting HFC125_emissions[1903]=0
Tue Mar 21 15:37:29 2023:DEBUG:setData: Setting HFC125_emissions[1904]=0
Tue Mar 21 15:37:29 2023:DEBUG:setData: Setting HFC125_emissions[1905]=0
Tue Mar 21 15:37:29 2023:DEBUG:setData: Setting HFC125_emissions[1906]=0
Tue Mar 21 15:37:29 2023:DEBUG:setData: Setting HFC125_emissions[1907]=0
Tue Mar 21 15:37:29 2023:DEBUG:setData: Setting HFC125_emissions[1908]=0
Tue Mar 21 15:37:29 2023:DEBUG:setData: Setting HFC125_emissions[1909]=0
Tue Mar 21 15:37:29 2023:DEBUG:setData: Setting HFC125_emissions[1910]=0
Tue Mar 21 15:37:29 2023:DEBUG:setData: Setting HFC125_emissions[1911]=0
Tue Mar 21 15:37:29 2023:DEBUG:setData: Setting HFC125_emissions[1912]=0
Tue Mar 21 15:37:29 2023:DEBUG:setData: Setting HFC125_emissions[1913]=0
Tue Mar 21 15:37:29 2023:DEBUG:setData: Setting HFC125_emissions[1914]=0
Tue Mar 21 15:37:29 2023:DEBUG:setData: Setting HFC125_emissions[1915]=0
Tue Mar 21 15:37:29 2023:DEBUG:setData: Setting HFC125_emissions[1916]=0
Tue Mar 21 15:37:29 2023:DEBUG:setData: Setting HFC125_emissions[1917]=0
Tue Mar 21 15:37:29 2023:DEBUG:setData: Setting HFC125_emissions[1918]=0
Tue Mar 21 15:37:29 2023:DEBUG:setData: Setting HFC125_emissions[1919]=0
Tue Mar 21 15:37:29 2023:DEBUG:setData: Setting HFC125_emissions[1920]=0
Tue Mar 21 15:37:29 2023:DEBUG:setData: Setting HFC125_emissions[1921]=0
Tue Mar 21 15:37:29 2023:DEBUG:setData: Setting HFC125_emissions[1922]=0
Tue Mar 21 15:37:29 2023:DEBUG:setData: Setting HFC125_emissions[1923]=0
Tue Mar 21 15:37:29 2023:DEBUG:setData: Setting HFC125_emissions[1924]=0
Tue Mar 21 15:37:29 2023:DEBUG:setData: Setting HFC125_emissions[1925]=0
Tue Mar 21 15:37:29 2023:DEBUG:setData: Setting HFC125_emissions[1926]=0
Tue Mar 21 15:37:29 2023:DEBUG:setData: Setting HFC125_emissions[1927]=0
Tue Mar 21 15:37:29 2023:DEBUG:setData: Setting HFC125_emissions[1928]=0
Tue Mar 21 15:37:29 2023:DEBUG:setData: Setting HFC125_emissions[1929]=0
Tue Mar 21 15:37:29 2023:DEBUG:setData: Setting HFC125_emissions[1930]=0
Tue Mar 21 15:37:29 2023:DEBUG:setData: Setting HFC125_emissions[1931]=0
Tue Mar 21 15:37:29 2023:DEBUG:setData: Setting HFC125_emissions[1932]=0
Tue Mar 21 15:37:29 2023:DEBUG:setData: Setting HFC125_emissions[1933]=0
Tue Mar 21 15:37:29 2023:DEBUG:setData: Setting HFC125_emissions[1934]=0
Tue Mar 21 15:37:29 2023:DEBUG:setData: Setting HFC125_emissions[1935]=0
Tue Mar 21 15:37:29 2023:DEBUG:setData: Setting HFC125_emissions[1936]=0
Tue Mar 21 15:37:29 2023:DEBUG:setData: Setting HFC125_emissions[1937]=0
Tue Mar 21 15:37:29 2023:DEBUG:setData: Setting HFC125_emissions[1938]=0
Tue Mar 21 15:37:29 2023:DEBUG:setData: Setting HFC125_emissions[1939]=0
Tue Mar 21 15:37:29 2023:DEBUG:setData: Setting HFC125_emissions[1940]=0
Tue Mar 21 15:37:29 2023:DEBUG:setData: Setting HFC125_emissions[1941]=0
Tue Mar 21 15:37:29 2023:DEBUG:setData: Setting HFC125_emissions[1942]=0
Tue Mar 21 15:37:29 2023:DEBUG:setData: Setting HFC125_emissions[1943]=0
Tue Mar 21 15:37:29 2023:DEBUG:setData: Setting HFC125_emissions[1944]=0
Tue Mar 21 15:37:29 2023:DEBUG:setData: Setting HFC125_emissions[1945]=0
Tue Mar 21 15:37:29 2023:DEBUG:setData: Setting HFC125_emissions[1946]=0
Tue Mar 21 15:37:29 2023:DEBUG:setData: Setting HFC125_emissions[1947]=0
Tue Mar 21 15:37:29 2023:DEBUG:setData: Setting HFC125_emissions[1948]=0
Tue Mar 21 15:37:29 2023:DEBUG:setData: Setting HFC125_emissions[1949]=0
Tue Mar 21 15:37:29 2023:DEBUG:setData: Setting HFC125_emissions[1950]=0
Tue Mar 21 15:37:29 2023:DEBUG:setData: Setting HFC125_emissions[1951]=0
Tue Mar 21 15:37:29 2023:DEBUG:setData: Setting HFC125_emissions[1952]=0
Tue Mar 21 15:37:29 2023:DEBUG:setData: Setting HFC125_emissions[1953]=0
Tue Mar 21 15:37:29 2023:DEBUG:setData: Setting HFC125_emissions[1954]=0
Tue Mar 21 15:37:29 2023:DEBUG:setData: Setting HFC125_emissions[1955]=0
Tue Mar 21 15:37:29 2023:DEBUG:setData: Setting HFC125_emissions[1956]=0
Tue Mar 21 15:37:29 2023:DEBUG:setData: Setting HFC125_emissions[1957]=0
Tue Mar 21 15:37:29 2023:DEBUG:setData: Setting HFC125_emissions[1958]=0
Tue Mar 21 15:37:29 2023:DEBUG:setData: Setting HFC125_emissions[1959]=0
Tue Mar 21 15:37:29 2023:DEBUG:setData: Setting HFC125_emissions[1960]=0
Tue Mar 21 15:37:29 2023:DEBUG:setData: Setting HFC125_emissions[1961]=0
Tue Mar 21 15:37:29 2023:DEBUG:setData: Setting HFC125_emissions[1962]=0
Tue Mar 21 15:37:29 2023:DEBUG:setData: Setting HFC125_emissions[1963]=0
Tue Mar 21 15:37:29 2023:DEBUG:setData: Setting HFC125_emissions[1964]=0
Tue Mar 21 15:37:29 2023:DEBUG:setData: Setting HFC125_emissions[1965]=0
Tue Mar 21 15:37:29 2023:DEBUG:setData: Setting HFC125_emissions[1966]=0
Tue Mar 21 15:37:29 2023:DEBUG:setData: Setting HFC125_emissions[1967]=0.0000125
Tue Mar 21 15:37:29 2023:DEBUG:setData: Setting HFC125_emissions[1968]=0.000088
Tue Mar 21 15:37:29 2023:DEBUG:setData: Setting HFC125_emissions[1969]=0.0000937
Tue Mar 21 15:37:29 2023:DEBUG:setData: Setting HFC125_emissions[1970]=0.0000247
Tue Mar 21 15:37:29 2023:DEBUG:setData: Setting HFC125_emissions[1971]=0.0000133
Tue Mar 21 15:37:29 2023:DEBUG:setData: Setting HFC125_emissions[1972]=0.0000135
Tue Mar 21 15:37:29 2023:DEBUG:setData: Setting HFC125_emissions[1973]=0.0000138
Tue Mar 21 15:37:29 2023:DEBUG:setData: Setting HFC125_emissions[1974]=0.000014
Tue Mar 21 15:37:29 2023:DEBUG:setData: Setting HFC125_emissions[1975]=0.0000142
Tue Mar 21 15:37:29 2023:DEBUG:setData: Setting HFC125_emissions[1976]=0.0000144
Tue Mar 21 15:37:29 2023:DEBUG:setData: Setting HFC125_emissions[1977]=0.00000214
Tue Mar 21 15:37:29 2023:DEBUG:setData: Setting HFC125_emissions[1978]=-0.0000625
Tue Mar 21 15:37:29 2023:DEBUG:setData: Setting HFC125_emissions[1979]=-0.00000204
Tue Mar 21 15:37:29 2023:DEBUG:setData: Setting HFC125_emissions[1980]=0.0000794
Tue Mar 21 15:37:29 2023:DEBUG:setData: Setting HFC125_emissions[1981]=0.0000171
Tue Mar 21 15:37:29 2023:DEBUG:setData: Setting HFC125_emissions[1982]=-0.0000823
Tue Mar 21 15:37:29 2023:DEBUG:setData: Setting HFC125_emissions[1983]=-0.0000271
Tue Mar 21 15:37:29 2023:DEBUG:setData: Setting HFC125_emissions[1984]=0.0000866
Tue Mar 21 15:37:29 2023:DEBUG:setData: Setting HFC125_emissions[1985]=0.000216066
Tue Mar 21 15:37:29 2023:DEBUG:setData: Setting HFC125_emissions[1986]=0.00021613
Tue Mar 21 15:37:29 2023:DEBUG:setData: Setting HFC125_emissions[1987]=0.0000582
Tue Mar 21 15:37:29 2023:DEBUG:setData: Setting HFC125_emissions[1988]=0.021115007
Tue Mar 21 15:37:29 2023:DEBUG:setData: Setting HFC125_emissions[1989]=0.31476996
Tue Mar 21 15:37:29 2023:DEBUG:setData: Setting HFC125_emissions[1990]=0.96053501
Tue Mar 21 15:37:29 2023:DEBUG:setData: Setting HFC125_emissions[1991]=1.727734
Tue Mar 21 15:37:29 2023:DEBUG:setData: Setting HFC125_emissions[1992]=2.4767485
Tue Mar 21 15:37:29 2023:DEBUG:setData: Setting HFC125_emissions[1993]=3.0949997
Tue Mar 21 15:37:29 2023:DEBUG:setData: Setting HFC125_emissions[1994]=3.5515518
Tue Mar 21 15:37:29 2023:DEBUG:setData: Setting HFC125_emissions[1995]=3.8771223
Tue Mar 21 15:37:29 2023:DEBUG:setData: Setting HFC125_emissions[1996]=4.0579149
Tue Mar 21 15:37:29 2023:DEBUG:setData: Setting HFC125_emissions[1997]=4.6266327
Tue Mar 21 15:37:29 2023:DEBUG:setData: Setting HFC125_emissions[1998]=6.9049469
Tue Mar 21 15:37:29 2023:DEBUG:setData: Setting HFC125_emissions[1999]=8.6848445
Tue Mar 21 15:37:29 2023:DEBUG:setData: Setting HFC125_emissions[2000]=10.640667
Tue Mar 21 15:37:29 2023:DEBUG:setData: Setting HFC125_emissions[2001]=11.075295
Tue Mar 21 15:37:29 2023:DEBUG:setData: Setting HFC125_emissions[2002]=12.214474
Tue Mar 21 15:37:29 2023:DEBUG:setData: Setting HFC125_emissions[2003]=15.640539
Tue Mar 21 15:37:29 2023:DEBUG:setData: Setting HFC125_emissions[2004]=15.758879
Tue Mar 21 15:37:29 2023:DEBUG:setData: Setting HFC125_emissions[2005]=16.143675
Tue Mar 21 15:37:29 2023:DEBUG:setData: Setting HFC125_emissions[2006]=19.891066
Tue Mar 21 15:37:29 2023:DEBUG:setData: Setting HFC125_emissions[2007]=26.595246
Tue Mar 21 15:37:29 2023:DEBUG:setData: Setting HFC125_emissions[2008]=30.815622
Tue Mar 21 15:37:29 2023:DEBUG:setData: Setting HFC125_emissions[2009]=33.926872
Tue Mar 21 15:37:29 2023:DEBUG:setData: Setting HFC125_emissions[2010]=35.069515
Tue Mar 21 15:37:29 2023:DEBUG:setData: Setting HFC125_emissions[2011]=43.330418
Tue Mar 21 15:37:29 2023:DEBUG:setData: Setting HFC125_emissions[2012]=45.81505
Tue Mar 21 15:37:29 2023:DEBUG:setData: Setting HFC125_emissions[2013]=38.8888
Tue Mar 21 15:37:29 2023:DEBUG:setData: Setting HFC125_emissions[2014]=57.1243
Tue Mar 21 15:37:29 2023:DEBUG:setData: Setting HFC125_emissions[2015]=78.7906
Tue Mar 21 15:37:29 2023:DEBUG:setData: Setting HFC125_emissions[2016]=98.363272
Tue Mar 21 15:37:29 2023:DEBUG:setData: Setting HFC125_emissions[2017]=117.935944
Tue Mar 21 15:37:29 2023:DEBUG:setData: Setting HFC125_emissions[2018]=137.508616
Tue Mar 21 15:37:29 2023:DEBUG:setData: Setting HFC125_emissions[2019]=157.081288
Tue Mar 21 15:37:29 2023:DEBUG:setData: Setting HFC125_emissions[2020]=176.65396
Tue Mar 21 15:37:29 2023:DEBUG:setData: Setting HFC125_emissions[2021]=181.708385
Tue Mar 21 15:37:29 2023:DEBUG:setData: Setting HFC125_emissions[2022]=186.76281
Tue Mar 21 15:37:29 2023:DEBUG:setData: Setting HFC125_emissions[2023]=191.817235
Tue Mar 21 15:37:29 2023:DEBUG:setData: Setting HFC125_emissions[2024]=196.87166
Tue Mar 21 15:37:29 2023:DEBUG:setData: Setting HFC125_emissions[2025]=201.926085
Tue Mar 21 15:37:29 2023:DEBUG:setData: Setting HFC125_emissions[2026]=206.98051
Tue Mar 21 15:37:29 2023:DEBUG:setData: Setting HFC125_emissions[2027]=212.034935
Tue Mar 21 15:37:29 2023:DEBUG:setData: Setting HFC125_emissions[2028]=217.08936
Tue Mar 21 15:37:29 2023:DEBUG:setData: Setting HFC125_emissions[2029]=222.143785
Tue Mar 21 15:37:29 2023:DEBUG:setData: Setting HFC125_emissions[2030]=227.19821
Tue Mar 21 15:37:29 2023:DEBUG:setData: Setting HFC125_emissions[2031]=226.050031
Tue Mar 21 15:37:29 2023:DEBUG:setData: Setting HFC125_emissions[2032]=224.901852
Tue Mar 21 15:37:29 2023:DEBUG:setData: Setting HFC125_emissions[2033]=223.753673
Tue Mar 21 15:37:29 2023:DEBUG:setData: Setting HFC125_emissions[2034]=222.605494
Tue Mar 21 15:37:29 2023:DEBUG:setData: Setting HFC125_emissions[2035]=221.457315
Tue Mar 21 15:37:29 2023:DEBUG:setData: Setting HFC125_emissions[2036]=220.309136
Tue Mar 21 15:37:29 2023:DEBUG:setData: Setting HFC125_emissions[2037]=219.160957
Tue Mar 21 15:37:29 2023:DEBUG:setData: Setting HFC125_emissions[2038]=218.012778
Tue Mar 21 15:37:29 2023:DEBUG:setData: Setting HFC125_emissions[2039]=216.864599
Tue Mar 21 15:37:29 2023:DEBUG:setData: Setting HFC125_emissions[2040]=215.71642
Tue Mar 21 15:37:29 2023:DEBUG:setData: Setting HFC125_emissions[2041]=213.1803
Tue Mar 21 15:37:29 2023:DEBUG:setData: Setting HFC125_emissions[2042]=210.64418
Tue Mar 21 15:37:29 2023:DEBUG:setData: Setting HFC125_emissions[2043]=208.10806
Tue Mar 21 15:37:29 2023:DEBUG:setData: Setting HFC125_emissions[2044]=205.57194
Tue Mar 21 15:37:29 2023:DEBUG:setData: Setting HFC125_emissions[2045]=203.03582
Tue Mar 21 15:37:29 2023:DEBUG:setData: Setting HFC125_emissions[2046]=200.4997
Tue Mar 21 15:37:29 2023:DEBUG:setData: Setting HFC125_emissions[2047]=197.96358
Tue Mar 21 15:37:29 2023:DEBUG:setData: Setting HFC125_emissions[2048]=195.42746
Tue Mar 21 15:37:29 2023:DEBUG:setData: Setting HFC125_emissions[2049]=192.89134
Tue Mar 21 15:37:29 2023:DEBUG:setData: Setting HFC125_emissions[2050]=190.35522
Tue Mar 21 15:37:29 2023:DEBUG:setData: Setting HFC125_emissions[2051]=191.742661
Tue Mar 21 15:37:29 2023:DEBUG:setData: Setting HFC125_emissions[2052]=193.130102
Tue Mar 21 15:37:29 2023:DEBUG:setData: Setting HFC125_emissions[2053]=194.517543
Tue Mar 21 15:37:29 2023:DEBUG:setData: Setting HFC125_emissions[2054]=195.904984
Tue Mar 21 15:37:29 2023:DEBUG:setData: Setting HFC125_emissions[2055]=197.292425
Tue Mar 21 15:37:29 2023:DEBUG:setData: Setting HFC125_emissions[2056]=198.679866
Tue Mar 21 15:37:29 2023:DEBUG:setData: Setting HFC125_emissions[2057]=200.067307
Tue Mar 21 15:37:29 2023:DEBUG:setData: Setting HFC125_emissions[2058]=201.454748
Tue Mar 21 15:37:29 2023:DEBUG:setData: Setting HFC125_emissions[2059]=202.842189
Tue Mar 21 15:37:29 2023:DEBUG:setData: Setting HFC125_emissions[2060]=204.22963
Tue Mar 21 15:37:29 2023:DEBUG:setData: Setting HFC125_emissions[2061]=204.981368
Tue Mar 21 15:37:29 2023:DEBUG:setData: Setting HFC125_emissions[2062]=205.733106
Tue Mar 21 15:37:29 2023:DEBUG:setData: Setting HFC125_emissions[2063]=206.484844
Tue Mar 21 15:37:29 2023:DEBUG:setData: Setting HFC125_emissions[2064]=207.236582
Tue Mar 21 15:37:29 2023:DEBUG:setData: Setting HFC125_emissions[2065]=207.98832
Tue Mar 21 15:37:29 2023:DEBUG:setData: Setting HFC125_emissions[2066]=208.740058
Tue Mar 21 15:37:29 2023:DEBUG:setData: Setting HFC125_emissions[2067]=209.491796
Tue Mar 21 15:37:29 2023:DEBUG:setData: Setting HFC125_emissions[2068]=210.243534
Tue Mar 21 15:37:29 2023:DEBUG:setData: Setting HFC125_emissions[2069]=210.995272
Tue Mar 21 15:37:29 2023:DEBUG:setData: Setting HFC125_emissions[2070]=211.74701
Tue Mar 21 15:37:29 2023:DEBUG:setData: Setting HFC125_emissions[2071]=212.058223
Tue Mar 21 15:37:29 2023:DEBUG:setData: Setting HFC125_emissions[2072]=212.369436
Tue Mar 21 15:37:29 2023:DEBUG:setData: Setting HFC125_emissions[2073]=212.680649
Tue Mar 21 15:37:29 2023:DEBUG:setData: Setting HFC125_emissions[2074]=212.991862
Tue Mar 21 15:37:29 2023:DEBUG:setData: Setting HFC125_emissions[2075]=213.303075
Tue Mar 21 15:37:29 2023:DEBUG:setData: Setting HFC125_emissions[2076]=213.614288
Tue Mar 21 15:37:29 2023:DEBUG:setData: Setting HFC125_emissions[2077]=213.925501
Tue Mar 21 15:37:29 2023:DEBUG:setData: Setting HFC125_emissions[2078]=214.236714
Tue Mar 21 15:37:29 2023:DEBUG:setData: Setting HFC125_emissions[2079]=214.547927
Tue Mar 21 15:37:29 2023:DEBUG:setData: Setting HFC125_emissions[2080]=214.85914
Tue Mar 21 15:37:29 2023:DEBUG:setData: Setting HFC125_emissions[2081]=215.436683
Tue Mar 21 15:37:29 2023:DEBUG:setData: Setting HFC125_emissions[2082]=216.014226
Tue Mar 21 15:37:29 2023:DEBUG:setData: Setting HFC125_emissions[2083]=216.591769
Tue Mar 21 15:37:29 2023:DEBUG:setData: Setting HFC125_emissions[2084]=217.169312
Tue Mar 21 15:37:29 2023:DEBUG:setData: Setting HFC125_emissions[2085]=217.746855
Tue Mar 21 15:37:29 2023:DEBUG:setData: Setting HFC125_emissions[2086]=218.324398
Tue Mar 21 15:37:29 2023:DEBUG:setData: Setting HFC125_emissions[2087]=218.901941
Tue Mar 21 15:37:29 2023:DEBUG:setData: Setting HFC125_emissions[2088]=219.479484
Tue Mar 21 15:37:29 2023:DEBUG:setData: Setting HFC125_emissions[2089]=220.057027
Tue Mar 21 15:37:29 2023:DEBUG:setData: Setting HFC125_emissions[2090]=220.63457
Tue Mar 21 15:37:29 2023:DEBUG:setData: Setting HFC125_emissions[2091]=219.413929
Tue Mar 21 15:37:29 2023:DEBUG:setData: Setting HFC125_emissions[2092]=218.193288
Tue Mar 21 15:37:29 2023:DEBUG:setData: Setting HFC125_emissions[2093]=216.972647
Tue Mar 21 15:37:29 2023:DEBUG:setData: Setting HFC125_emissions[2094]=215.752006
Tue Mar 21 15:37:29 2023:DEBUG:setData: Setting HFC125_emissions[2095]=214.531365
Tue Mar 21 15:37:29 2023:DEBUG:setData: Setting HFC125_emissions[2096]=213.310724
Tue Mar 21 15:37:29 2023:DEBUG:setData: Setting HFC125_emissions[2097]=212.090083
Tue Mar 21 15:37:29 2023:DEBUG:setData: Setting HFC125_emissions[2098]=210.869442
Tue Mar 21 15:37:29 2023:DEBUG:setData: Setting HFC125_emissions[2099]=209.648801
Tue Mar 21 15:37:29 2023:DEBUG:setData: Setting HFC125_emissions[2100]=208.42816
Tue Mar 21 15:37:29 2023:DEBUG:setData: Setting HFC125_emissions[2101]=207.0386389
Tue Mar 21 15:37:29 2023:DEBUG:setData: Setting HFC125_emissions[2102]=205.6491179
Tue Mar 21 15:37:29 2023:DEBUG:setData: Setting HFC125_emissions[2103]=204.2595968
Tue Mar 21 15:37:29 2023:DEBUG:setData: Setting HFC125_emissions[2104]=202.8700757
Tue Mar 21 15:37:29 2023:DEBUG:setData: Setting HFC125_emissions[2105]=201.4805547
Tue Mar 21 15:37:29 2023:DEBUG:setData: Setting HFC125_emissions[2106]=200.0910336
Tue Mar 21 15:37:29 2023:DEBUG:setData: Setting HFC125_emissions[2107]=198.7015125
Tue Mar 21 15:37:29 2023:DEBUG:setData: Setting HFC125_emissions[2108]=197.3119915
Tue Mar 21 15:37:29 2023:DEBUG:setData: Setting HFC125_emissions[2109]=195.9224704
Tue Mar 21 15:37:29 2023:DEBUG:setData: Setting HFC125_emissions[2110]=194.5329493
Tue Mar 21 15:37:29 2023:DEBUG:setData: Setting HFC125_emissions[2111]=193.1434283
Tue Mar 21 15:37:29 2023:DEBUG:setData: Setting HFC125_emissions[2112]=191.7539072
Tue Mar 21 15:37:29 2023:DEBUG:setData: Setting HFC125_emissions[2113]=190.3643861
Tue Mar 21 15:37:29 2023:DEBUG:setData: Setting HFC125_emissions[2114]=188.9748651
Tue Mar 21 15:37:29 2023:DEBUG:setData: Setting HFC125_emissions[2115]=187.585344
Tue Mar 21 15:37:29 2023:DEBUG:setData: Setting HFC125_emissions[2116]=186.1958229
Tue Mar 21 15:37:29 2023:DEBUG:setData: Setting HFC125_emissions[2117]=184.8063019
Tue Mar 21 15:37:29 2023:DEBUG:setData: Setting HFC125_emissions[2118]=183.4167808
Tue Mar 21 15:37:29 2023:DEBUG:setData: Setting HFC125_emissions[2119]=182.0272597
Tue Mar 21 15:37:29 2023:DEBUG:setData: Setting HFC125_emissions[2120]=180.6377387
Tue Mar 21 15:37:29 2023:DEBUG:setData: Setting HFC125_emissions[2121]=179.2482176
Tue Mar 21 15:37:29 2023:DEBUG:setData: Setting HFC125_emissions[2122]=177.8586965
Tue Mar 21 15:37:29 2023:DEBUG:setData: Setting HFC125_emissions[2123]=176.4691755
Tue Mar 21 15:37:29 2023:DEBUG:setData: Setting HFC125_emissions[2124]=175.0796544
Tue Mar 21 15:37:29 2023:DEBUG:setData: Setting HFC125_emissions[2125]=173.6901333
Tue Mar 21 15:37:29 2023:DEBUG:setData: Setting HFC125_emissions[2126]=172.3006123
Tue Mar 21 15:37:29 2023:DEBUG:setData: Setting HFC125_emissions[2127]=170.9110912
Tue Mar 21 15:37:29 2023:DEBUG:setData: Setting HFC125_emissions[2128]=169.5215701
Tue Mar 21 15:37:29 2023:DEBUG:setData: Setting HFC125_emissions[2129]=168.1320491
Tue Mar 21 15:37:29 2023:DEBUG:setData: Setting HFC125_emissions[2130]=166.742528
Tue Mar 21 15:37:29 2023:DEBUG:setData: Setting HFC125_emissions[2131]=165.3530069
Tue Mar 21 15:37:29 2023:DEBUG:setData: Setting HFC125_emissions[2132]=163.9634859
Tue Mar 21 15:37:29 2023:DEBUG:setData: Setting HFC125_emissions[2133]=162.5739648
Tue Mar 21 15:37:29 2023:DEBUG:setData: Setting HFC125_emissions[2134]=161.1844437
Tue Mar 21 15:37:29 2023:DEBUG:setData: Setting HFC125_emissions[2135]=159.7949227
Tue Mar 21 15:37:29 2023:DEBUG:setData: Setting HFC125_emissions[2136]=158.4054016
Tue Mar 21 15:37:29 2023:DEBUG:setData: Setting HFC125_emissions[2137]=157.0158805
Tue Mar 21 15:37:29 2023:DEBUG:setData: Setting HFC125_emissions[2138]=155.6263595
Tue Mar 21 15:37:29 2023:DEBUG:setData: Setting HFC125_emissions[2139]=154.2368384
Tue Mar 21 15:37:29 2023:DEBUG:setData: Setting HFC125_emissions[2140]=152.8473173
Tue Mar 21 15:37:29 2023:DEBUG:setData: Setting HFC125_emissions[2141]=151.4577963
Tue Mar 21 15:37:29 2023:DEBUG:setData: Setting HFC125_emissions[2142]=150.0682752
Tue Mar 21 15:37:29 2023:DEBUG:setData: Setting HFC125_emissions[2143]=148.6787541
Tue Mar 21 15:37:29 2023:DEBUG:setData: Setting HFC125_emissions[2144]=147.2892331
Tue Mar 21 15:37:29 2023:DEBUG:setData: Setting HFC125_emissions[2145]=145.899712
Tue Mar 21 15:37:29 2023:DEBUG:setData: Setting HFC125_emissions[2146]=144.5101909
Tue Mar 21 15:37:29 2023:DEBUG:setData: Setting HFC125_emissions[2147]=143.1206699
Tue Mar 21 15:37:29 2023:DEBUG:setData: Setting HFC125_emissions[2148]=141.7311488
Tue Mar 21 15:37:29 2023:DEBUG:setData: Setting HFC125_emissions[2149]=140.3416277
Tue Mar 21 15:37:29 2023:DEBUG:setData: Setting HFC125_emissions[2150]=138.9521067
Tue Mar 21 15:37:29 2023:DEBUG:setData: Setting HFC125_emissions[2151]=137.5625856
Tue Mar 21 15:37:29 2023:DEBUG:setData: Setting HFC125_emissions[2152]=136.1730645
Tue Mar 21 15:37:29 2023:DEBUG:setData: Setting HFC125_emissions[2153]=134.7835435
Tue Mar 21 15:37:29 2023:DEBUG:setData: Setting HFC125_emissions[2154]=133.3940224
Tue Mar 21 15:37:29 2023:DEBUG:setData: Setting HFC125_emissions[2155]=132.0045013
Tue Mar 21 15:37:29 2023:DEBUG:setData: Setting HFC125_emissions[2156]=130.6149803
Tue Mar 21 15:37:29 2023:DEBUG:setData: Setting HFC125_emissions[2157]=129.2254592
Tue Mar 21 15:37:29 2023:DEBUG:setData: Setting HFC125_emissions[2158]=127.8359381
Tue Mar 21 15:37:29 2023:DEBUG:setData: Setting HFC125_emissions[2159]=126.4464171
Tue Mar 21 15:37:29 2023:DEBUG:setData: Setting HFC125_emissions[2160]=125.056896
Tue Mar 21 15:37:29 2023:DEBUG:setData: Setting HFC125_emissions[2161]=123.6673749
Tue Mar 21 15:37:29 2023:DEBUG:setData: Setting HFC125_emissions[2162]=122.2778539
Tue Mar 21 15:37:29 2023:DEBUG:setData: Setting HFC125_emissions[2163]=120.8883328
Tue Mar 21 15:37:29 2023:DEBUG:setData: Setting HFC125_emissions[2164]=119.4988117
Tue Mar 21 15:37:29 2023:DEBUG:setData: Setting HFC125_emissions[2165]=118.1092907
Tue Mar 21 15:37:29 2023:DEBUG:setData: Setting HFC125_emissions[2166]=116.7197696
Tue Mar 21 15:37:29 2023:DEBUG:setData: Setting HFC125_emissions[2167]=115.3302485
Tue Mar 21 15:37:29 2023:DEBUG:setData: Setting HFC125_emissions[2168]=113.9407275
Tue Mar 21 15:37:29 2023:DEBUG:setData: Setting HFC125_emissions[2169]=112.5512064
Tue Mar 21 15:37:29 2023:DEBUG:setData: Setting HFC125_emissions[2170]=111.1616853
Tue Mar 21 15:37:29 2023:DEBUG:setData: Setting HFC125_emissions[2171]=109.7721643
Tue Mar 21 15:37:29 2023:DEBUG:setData: Setting HFC125_emissions[2172]=108.3826432
Tue Mar 21 15:37:29 2023:DEBUG:setData: Setting HFC125_emissions[2173]=106.9931221
Tue Mar 21 15:37:29 2023:DEBUG:setData: Setting HFC125_emissions[2174]=105.6036011
Tue Mar 21 15:37:29 2023:DEBUG:setData: Setting HFC125_emissions[2175]=104.21408
Tue Mar 21 15:37:29 2023:DEBUG:setData: Setting HFC125_emissions[2176]=102.8245589
Tue Mar 21 15:37:29 2023:DEBUG:setData: Setting HFC125_emissions[2177]=101.4350379
Tue Mar 21 15:37:29 2023:DEBUG:setData: Setting HFC125_emissions[2178]=100.0455168
Tue Mar 21 15:37:29 2023:DEBUG:setData: Setting HFC125_emissions[2179]=98.65599573
Tue Mar 21 15:37:29 2023:DEBUG:setData: Setting HFC125_emissions[2180]=97.26647467
Tue Mar 21 15:37:29 2023:DEBUG:setData: Setting HFC125_emissions[2181]=95.8769536
Tue Mar 21 15:37:29 2023:DEBUG:setData: Setting HFC125_emissions[2182]=94.48743253
Tue Mar 21 15:37:29 2023:DEBUG:setData: Setting HFC125_emissions[2183]=93.09791147
Tue Mar 21 15:37:29 2023:DEBUG:setData: Setting HFC125_emissions[2184]=91.7083904
Tue Mar 21 15:37:29 2023:DEBUG:setData: Setting HFC125_emissions[2185]=90.31886933
Tue Mar 21 15:37:29 2023:DEBUG:setData: Setting HFC125_emissions[2186]=88.92934827
Tue Mar 21 15:37:29 2023:DEBUG:setData: Setting HFC125_emissions[2187]=87.5398272
Tue Mar 21 15:37:29 2023:DEBUG:setData: Setting HFC125_emissions[2188]=86.15030613
Tue Mar 21 15:37:29 2023:DEBUG:setData: Setting HFC125_emissions[2189]=84.76078507
Tue Mar 21 15:37:29 2023:DEBUG:setData: Setting HFC125_emissions[2190]=83.371264
Tue Mar 21 15:37:29 2023:DEBUG:setData: Setting HFC125_emissions[2191]=81.98174293
Tue Mar 21 15:37:29 2023:DEBUG:setData: Setting HFC125_emissions[2192]=80.59222187
Tue Mar 21 15:37:29 2023:DEBUG:setData: Setting HFC125_emissions[2193]=79.2027008
Tue Mar 21 15:37:29 2023:DEBUG:setData: Setting HFC125_emissions[2194]=77.81317973
Tue Mar 21 15:37:29 2023:DEBUG:setData: Setting HFC125_emissions[2195]=76.42365867
Tue Mar 21 15:37:29 2023:DEBUG:setData: Setting HFC125_emissions[2196]=75.0341376
Tue Mar 21 15:37:29 2023:DEBUG:setData: Setting HFC125_emissions[2197]=73.64461653
Tue Mar 21 15:37:29 2023:DEBUG:setData: Setting HFC125_emissions[2198]=72.25509547
Tue Mar 21 15:37:29 2023:DEBUG:setData: Setting HFC125_emissions[2199]=70.8655744
Tue Mar 21 15:37:29 2023:DEBUG:setData: Setting HFC125_emissions[2200]=69.47605333
Tue Mar 21 15:37:29 2023:DEBUG:setData: Setting HFC125_emissions[2201]=68.08653227
Tue Mar 21 15:37:29 2023:DEBUG:setData: Setting HFC125_emissions[2202]=66.6970112
Tue Mar 21 15:37:29 2023:DEBUG:setData: Setting HFC125_emissions[2203]=65.30749013
Tue Mar 21 15:37:29 2023:DEBUG:setData: Setting HFC125_emissions[2204]=63.91796907
Tue Mar 21 15:37:29 2023:DEBUG:setData: Setting HFC125_emissions[2205]=62.528448
Tue Mar 21 15:37:29 2023:DEBUG:setData: Setting HFC125_emissions[2206]=61.13892693
Tue Mar 21 15:37:29 2023:DEBUG:setData: Setting HFC125_emissions[2207]=59.74940587
Tue Mar 21 15:37:29 2023:DEBUG:setData: Setting HFC125_emissions[2208]=58.3598848
Tue Mar 21 15:37:29 2023:DEBUG:setData: Setting HFC125_emissions[2209]=56.97036373
Tue Mar 21 15:37:29 2023:DEBUG:setData: Setting HFC125_emissions[2210]=55.58084267
Tue Mar 21 15:37:29 2023:DEBUG:setData: Setting HFC125_emissions[2211]=54.1913216
Tue Mar 21 15:37:29 2023:DEBUG:setData: Setting HFC125_emissions[2212]=52.80180053
Tue Mar 21 15:37:29 2023:DEBUG:setData: Setting HFC125_emissions[2213]=51.41227947
Tue Mar 21 15:37:29 2023:DEBUG:setData: Setting HFC125_emissions[2214]=50.0227584
Tue Mar 21 15:37:29 2023:DEBUG:setData: Setting HFC125_emissions[2215]=48.63323733
Tue Mar 21 15:37:29 2023:DEBUG:setData: Setting HFC125_emissions[2216]=47.24371627
Tue Mar 21 15:37:29 2023:DEBUG:setData: Setting HFC125_emissions[2217]=45.8541952
Tue Mar 21 15:37:29 2023:DEBUG:setData: Setting HFC125_emissions[2218]=44.46467413
Tue Mar 21 15:37:29 2023:DEBUG:setData: Setting HFC125_emissions[2219]=43.07515307
Tue Mar 21 15:37:29 2023:DEBUG:setData: Setting HFC125_emissions[2220]=41.685632
Tue Mar 21 15:37:29 2023:DEBUG:setData: Setting HFC125_emissions[2221]=40.29611093
Tue Mar 21 15:37:29 2023:DEBUG:setData: Setting HFC125_emissions[2222]=38.90658987
Tue Mar 21 15:37:29 2023:DEBUG:setData: Setting HFC125_emissions[2223]=37.5170688
Tue Mar 21 15:37:29 2023:DEBUG:setData: Setting HFC125_emissions[2224]=36.12754773
Tue Mar 21 15:37:29 2023:DEBUG:setData: Setting HFC125_emissions[2225]=34.73802667
Tue Mar 21 15:37:29 2023:DEBUG:setData: Setting HFC125_emissions[2226]=33.3485056
Tue Mar 21 15:37:29 2023:DEBUG:setData: Setting HFC125_emissions[2227]=31.95898453
Tue Mar 21 15:37:29 2023:DEBUG:setData: Setting HFC125_emissions[2228]=30.56946347
Tue Mar 21 15:37:29 2023:DEBUG:setData: Setting HFC125_emissions[2229]=29.1799424
Tue Mar 21 15:37:29 2023:DEBUG:setData: Setting HFC125_emissions[2230]=27.79042133
Tue Mar 21 15:37:29 2023:DEBUG:setData: Setting HFC125_emissions[2231]=26.40090027
Tue Mar 21 15:37:29 2023:DEBUG:setData: Setting HFC125_emissions[2232]=25.0113792
Tue Mar 21 15:37:29 2023:DEBUG:setData: Setting HFC125_emissions[2233]=23.62185813
Tue Mar 21 15:37:29 2023:DEBUG:setData: Setting HFC125_emissions[2234]=22.23233707
Tue Mar 21 15:37:29 2023:DEBUG:setData: Setting HFC125_emissions[2235]=20.842816
Tue Mar 21 15:37:29 2023:DEBUG:setData: Setting HFC125_emissions[2236]=19.45329493
Tue Mar 21 15:37:29 2023:DEBUG:setData: Setting HFC125_emissions[2237]=18.06377387
Tue Mar 21 15:37:29 2023:DEBUG:setData: Setting HFC125_emissions[2238]=16.6742528
Tue Mar 21 15:37:29 2023:DEBUG:setData: Setting HFC125_emissions[2239]=15.28473173
Tue Mar 21 15:37:29 2023:DEBUG:setData: Setting HFC125_emissions[2240]=13.89521067
Tue Mar 21 15:37:29 2023:DEBUG:setData: Setting HFC125_emissions[2241]=12.5056896
Tue Mar 21 15:37:29 2023:DEBUG:setData: Setting HFC125_emissions[2242]=11.11616853
Tue Mar 21 15:37:29 2023:DEBUG:setData: Setting HFC125_emissions[2243]=9.726647467
Tue Mar 21 15:37:29 2023:DEBUG:setData: Setting HFC125_emissions[2244]=8.3371264
Tue Mar 21 15:37:29 2023:DEBUG:setData: Setting HFC125_emissions[2245]=6.947605333
Tue Mar 21 15:37:29 2023:DEBUG:setData: Setting HFC125_emissions[2246]=5.558084267
Tue Mar 21 15:37:29 2023:DEBUG:setData: Setting HFC125_emissions[2247]=4.1685632
Tue Mar 21 15:37:29 2023:DEBUG:setData: Setting HFC125_emissions[2248]=2.779042133
Tue Mar 21 15:37:29 2023:DEBUG:setData: Setting HFC125_emissions[2249]=1.389521067
Tue Mar 21 15:37:29 2023:DEBUG:setData: Setting HFC125_emissions[2250]=0
Tue Mar 21 15:37:29 2023:DEBUG:setData: Setting HFC125_emissions[2251]=0
Tue Mar 21 15:37:29 2023:DEBUG:setData: Setting HFC125_emissions[2252]=0
Tue Mar 21 15:37:29 2023:DEBUG:setData: Setting HFC125_emissions[2253]=0
Tue Mar 21 15:37:29 2023:DEBUG:setData: Setting HFC125_emissions[2254]=0
Tue Mar 21 15:37:29 2023:DEBUG:setData: Setting HFC125_emissions[2255]=0
Tue Mar 21 15:37:29 2023:DEBUG:setData: Setting HFC125_emissions[2256]=0
Tue Mar 21 15:37:29 2023:DEBUG:setData: Setting HFC125_emissions[2257]=0
Tue Mar 21 15:37:29 2023:DEBUG:setData: Setting HFC125_emissions[2258]=0
Tue Mar 21 15:37:29 2023:DEBUG:setData: Setting HFC125_emissions[2259]=0
Tue Mar 21 15:37:29 2023:DEBUG:setData: Setting HFC125_emissions[2260]=0
Tue Mar 21 15:37:29 2023:DEBUG:setData: Setting HFC125_emissions[2261]=0
Tue Mar 21 15:37:29 2023:DEBUG:setData: Setting HFC125_emissions[2262]=0
Tue Mar 21 15:37:29 2023:DEBUG:setData: Setting HFC125_emissions[2263]=0
Tue Mar 21 15:37:29 2023:DEBUG:setData: Setting HFC125_emissions[2264]=0
Tue Mar 21 15:37:29 2023:DEBUG:setData: Setting HFC125_emissions[2265]=0
Tue Mar 21 15:37:29 2023:DEBUG:setData: Setting HFC125_emissions[2266]=0
Tue Mar 21 15:37:29 2023:DEBUG:setData: Setting HFC125_emissions[2267]=0
Tue Mar 21 15:37:29 2023:DEBUG:setData: Setting HFC125_emissions[2268]=0
Tue Mar 21 15:37:29 2023:DEBUG:setData: Setting HFC125_emissions[2269]=0
Tue Mar 21 15:37:29 2023:DEBUG:setData: Setting HFC125_emissions[2270]=0
Tue Mar 21 15:37:29 2023:DEBUG:setData: Setting HFC125_emissions[2271]=0
Tue Mar 21 15:37:29 2023:DEBUG:setData: Setting HFC125_emissions[2272]=0
Tue Mar 21 15:37:29 2023:DEBUG:setData: Setting HFC125_emissions[2273]=0
Tue Mar 21 15:37:29 2023:DEBUG:setData: Setting HFC125_emissions[2274]=0
Tue Mar 21 15:37:29 2023:DEBUG:setData: Setting HFC125_emissions[2275]=0
Tue Mar 21 15:37:29 2023:DEBUG:setData: Setting HFC125_emissions[2276]=0
Tue Mar 21 15:37:29 2023:DEBUG:setData: Setting HFC125_emissions[2277]=0
Tue Mar 21 15:37:29 2023:DEBUG:setData: Setting HFC125_emissions[2278]=0
Tue Mar 21 15:37:29 2023:DEBUG:setData: Setting HFC125_emissions[2279]=0
Tue Mar 21 15:37:29 2023:DEBUG:setData: Setting HFC125_emissions[2280]=0
Tue Mar 21 15:37:29 2023:DEBUG:setData: Setting HFC125_emissions[2281]=0
Tue Mar 21 15:37:29 2023:DEBUG:setData: Setting HFC125_emissions[2282]=0
Tue Mar 21 15:37:29 2023:DEBUG:setData: Setting HFC125_emissions[2283]=0
Tue Mar 21 15:37:29 2023:DEBUG:setData: Setting HFC125_emissions[2284]=0
Tue Mar 21 15:37:29 2023:DEBUG:setData: Setting HFC125_emissions[2285]=0
Tue Mar 21 15:37:29 2023:DEBUG:setData: Setting HFC125_emissions[2286]=0
Tue Mar 21 15:37:29 2023:DEBUG:setData: Setting HFC125_emissions[2287]=0
Tue Mar 21 15:37:29 2023:DEBUG:setData: Setting HFC125_emissions[2288]=0
Tue Mar 21 15:37:29 2023:DEBUG:setData: Setting HFC125_emissions[2289]=0
Tue Mar 21 15:37:29 2023:DEBUG:setData: Setting HFC125_emissions[2290]=0
Tue Mar 21 15:37:29 2023:DEBUG:setData: Setting HFC125_emissions[2291]=0
Tue Mar 21 15:37:29 2023:DEBUG:setData: Setting HFC125_emissions[2292]=0
Tue Mar 21 15:37:29 2023:DEBUG:setData: Setting HFC125_emissions[2293]=0
Tue Mar 21 15:37:29 2023:DEBUG:setData: Setting HFC125_emissions[2294]=0
Tue Mar 21 15:37:29 2023:DEBUG:setData: Setting HFC125_emissions[2295]=0
Tue Mar 21 15:37:29 2023:DEBUG:setData: Setting HFC125_emissions[2296]=0
Tue Mar 21 15:37:29 2023:DEBUG:setData: Setting HFC125_emissions[2297]=0
Tue Mar 21 15:37:29 2023:DEBUG:setData: Setting HFC125_emissions[2298]=0
Tue Mar 21 15:37:29 2023:DEBUG:setData: Setting HFC125_emissions[2299]=0
Tue Mar 21 15:37:29 2023:DEBUG:setData: Setting HFC125_emissions[2300]=0
Tue Mar 21 15:37:29 2023:DEBUG:setData: Setting HFC125_emissions[2301]=0
Tue Mar 21 15:37:29 2023:DEBUG:setData: Setting HFC125_emissions[2302]=0
Tue Mar 21 15:37:29 2023:DEBUG:setData: Setting HFC125_emissions[2303]=0
Tue Mar 21 15:37:29 2023:DEBUG:setData: Setting HFC125_emissions[2304]=0
Tue Mar 21 15:37:29 2023:DEBUG:setData: Setting HFC125_emissions[2305]=0
Tue Mar 21 15:37:29 2023:DEBUG:setData: Setting HFC125_emissions[2306]=0
Tue Mar 21 15:37:29 2023:DEBUG:setData: Setting HFC125_emissions[2307]=0
Tue Mar 21 15:37:29 2023:DEBUG:setData: Setting HFC125_emissions[2308]=0
Tue Mar 21 15:37:29 2023:DEBUG:setData: Setting HFC125_emissions[2309]=0
Tue Mar 21 15:37:29 2023:DEBUG:setData: Setting HFC125_emissions[2310]=0
Tue Mar 21 15:37:29 2023:DEBUG:setData: Setting HFC125_emissions[2311]=0
Tue Mar 21 15:37:29 2023:DEBUG:setData: Setting HFC125_emissions[2312]=0
Tue Mar 21 15:37:29 2023:DEBUG:setData: Setting HFC125_emissions[2313]=0
Tue Mar 21 15:37:29 2023:DEBUG:setData: Setting HFC125_emissions[2314]=0
Tue Mar 21 15:37:29 2023:DEBUG:setData: Setting HFC125_emissions[2315]=0
Tue Mar 21 15:37:29 2023:DEBUG:setData: Setting HFC125_emissions[2316]=0
Tue Mar 21 15:37:29 2023:DEBUG:setData: Setting HFC125_emissions[2317]=0
Tue Mar 21 15:37:29 2023:DEBUG:setData: Setting HFC125_emissions[2318]=0
Tue Mar 21 15:37:29 2023:DEBUG:setData: Setting HFC125_emissions[2319]=0
Tue Mar 21 15:37:29 2023:DEBUG:setData: Setting HFC125_emissions[2320]=0
Tue Mar 21 15:37:29 2023:DEBUG:setData: Setting HFC125_emissions[2321]=0
Tue Mar 21 15:37:29 2023:DEBUG:setData: Setting HFC125_emissions[2322]=0
Tue Mar 21 15:37:29 2023:DEBUG:setData: Setting HFC125_emissions[2323]=0
Tue Mar 21 15:37:29 2023:DEBUG:setData: Setting HFC125_emissions[2324]=0
Tue Mar 21 15:37:29 2023:DEBUG:setData: Setting HFC125_emissions[2325]=0
Tue Mar 21 15:37:29 2023:DEBUG:setData: Setting HFC125_emissions[2326]=0
Tue Mar 21 15:37:29 2023:DEBUG:setData: Setting HFC125_emissions[2327]=0
Tue Mar 21 15:37:29 2023:DEBUG:setData: Setting HFC125_emissions[2328]=0
Tue Mar 21 15:37:29 2023:DEBUG:setData: Setting HFC125_emissions[2329]=0
Tue Mar 21 15:37:29 2023:DEBUG:setData: Setting HFC125_emissions[2330]=0
Tue Mar 21 15:37:29 2023:DEBUG:setData: Setting HFC125_emissions[2331]=0
Tue Mar 21 15:37:29 2023:DEBUG:setData: Setting HFC125_emissions[2332]=0
Tue Mar 21 15:37:29 2023:DEBUG:setData: Setting HFC125_emissions[2333]=0
Tue Mar 21 15:37:29 2023:DEBUG:setData: Setting HFC125_emissions[2334]=0
Tue Mar 21 15:37:29 2023:DEBUG:setData: Setting HFC125_emissions[2335]=0
Tue Mar 21 15:37:29 2023:DEBUG:setData: Setting HFC125_emissions[2336]=0
Tue Mar 21 15:37:29 2023:DEBUG:setData: Setting HFC125_emissions[2337]=0
Tue Mar 21 15:37:29 2023:DEBUG:setData: Setting HFC125_emissions[2338]=0
Tue Mar 21 15:37:29 2023:DEBUG:setData: Setting HFC125_emissions[2339]=0
Tue Mar 21 15:37:29 2023:DEBUG:setData: Setting HFC125_emissions[2340]=0
Tue Mar 21 15:37:29 2023:DEBUG:setData: Setting HFC125_emissions[2341]=0
Tue Mar 21 15:37:29 2023:DEBUG:setData: Setting HFC125_emissions[2342]=0
Tue Mar 21 15:37:29 2023:DEBUG:setData: Setting HFC125_emissions[2343]=0
Tue Mar 21 15:37:29 2023:DEBUG:setData: Setting HFC125_emissions[2344]=0
Tue Mar 21 15:37:29 2023:DEBUG:setData: Setting HFC125_emissions[2345]=0
Tue Mar 21 15:37:29 2023:DEBUG:setData: Setting HFC125_emissions[2346]=0
Tue Mar 21 15:37:29 2023:DEBUG:setData: Setting HFC125_emissions[2347]=0
Tue Mar 21 15:37:29 2023:DEBUG:setData: Setting HFC125_emissions[2348]=0
Tue Mar 21 15:37:29 2023:DEBUG:setData: Setting HFC125_emissions[2349]=0
Tue Mar 21 15:37:29 2023:DEBUG:setData: Setting HFC125_emissions[2350]=0
Tue Mar 21 15:37:29 2023:DEBUG:setData: Setting HFC125_emissions[2351]=0
Tue Mar 21 15:37:29 2023:DEBUG:setData: Setting HFC125_emissions[2352]=0
Tue Mar 21 15:37:29 2023:DEBUG:setData: Setting HFC125_emissions[2353]=0
Tue Mar 21 15:37:29 2023:DEBUG:setData: Setting HFC125_emissions[2354]=0
Tue Mar 21 15:37:29 2023:DEBUG:setData: Setting HFC125_emissions[2355]=0
Tue Mar 21 15:37:29 2023:DEBUG:setData: Setting HFC125_emissions[2356]=0
Tue Mar 21 15:37:29 2023:DEBUG:setData: Setting HFC125_emissions[2357]=0
Tue Mar 21 15:37:29 2023:DEBUG:setData: Setting HFC125_emissions[2358]=0
Tue Mar 21 15:37:29 2023:DEBUG:setData: Setting HFC125_emissions[2359]=0
Tue Mar 21 15:37:29 2023:DEBUG:setData: Setting HFC125_emissions[2360]=0
Tue Mar 21 15:37:29 2023:DEBUG:setData: Setting HFC125_emissions[2361]=0
Tue Mar 21 15:37:29 2023:DEBUG:setData: Setting HFC125_emissions[2362]=0
Tue Mar 21 15:37:29 2023:DEBUG:setData: Setting HFC125_emissions[2363]=0
Tue Mar 21 15:37:29 2023:DEBUG:setData: Setting HFC125_emissions[2364]=0
Tue Mar 21 15:37:29 2023:DEBUG:setData: Setting HFC125_emissions[2365]=0
Tue Mar 21 15:37:29 2023:DEBUG:setData: Setting HFC125_emissions[2366]=0
Tue Mar 21 15:37:29 2023:DEBUG:setData: Setting HFC125_emissions[2367]=0
Tue Mar 21 15:37:29 2023:DEBUG:setData: Setting HFC125_emissions[2368]=0
Tue Mar 21 15:37:29 2023:DEBUG:setData: Setting HFC125_emissions[2369]=0
Tue Mar 21 15:37:29 2023:DEBUG:setData: Setting HFC125_emissions[2370]=0
Tue Mar 21 15:37:29 2023:DEBUG:setData: Setting HFC125_emissions[2371]=0
Tue Mar 21 15:37:29 2023:DEBUG:setData: Setting HFC125_emissions[2372]=0
Tue Mar 21 15:37:29 2023:DEBUG:setData: Setting HFC125_emissions[2373]=0
Tue Mar 21 15:37:29 2023:DEBUG:setData: Setting HFC125_emissions[2374]=0
Tue Mar 21 15:37:29 2023:DEBUG:setData: Setting HFC125_emissions[2375]=0
Tue Mar 21 15:37:29 2023:DEBUG:setData: Setting HFC125_emissions[2376]=0
Tue Mar 21 15:37:29 2023:DEBUG:setData: Setting HFC125_emissions[2377]=0
Tue Mar 21 15:37:29 2023:DEBUG:setData: Setting HFC125_emissions[2378]=0
Tue Mar 21 15:37:29 2023:DEBUG:setData: Setting HFC125_emissions[2379]=0
Tue Mar 21 15:37:29 2023:DEBUG:setData: Setting HFC125_emissions[2380]=0
Tue Mar 21 15:37:29 2023:DEBUG:setData: Setting HFC125_emissions[2381]=0
Tue Mar 21 15:37:29 2023:DEBUG:setData: Setting HFC125_emissions[2382]=0
Tue Mar 21 15:37:29 2023:DEBUG:setData: Setting HFC125_emissions[2383]=0
Tue Mar 21 15:37:29 2023:DEBUG:setData: Setting HFC125_emissions[2384]=0
Tue Mar 21 15:37:29 2023:DEBUG:setData: Setting HFC125_emissions[2385]=0
Tue Mar 21 15:37:29 2023:DEBUG:setData: Setting HFC125_emissions[2386]=0
Tue Mar 21 15:37:29 2023:DEBUG:setData: Setting HFC125_emissions[2387]=0
Tue Mar 21 15:37:29 2023:DEBUG:setData: Setting HFC125_emissions[2388]=0
Tue Mar 21 15:37:29 2023:DEBUG:setData: Setting HFC125_emissions[2389]=0
Tue Mar 21 15:37:29 2023:DEBUG:setData: Setting HFC125_emissions[2390]=0
Tue Mar 21 15:37:29 2023:DEBUG:setData: Setting HFC125_emissions[2391]=0
Tue Mar 21 15:37:29 2023:DEBUG:setData: Setting HFC125_emissions[2392]=0
Tue Mar 21 15:37:29 2023:DEBUG:setData: Setting HFC125_emissions[2393]=0
Tue Mar 21 15:37:29 2023:DEBUG:setData: Setting HFC125_emissions[2394]=0
Tue Mar 21 15:37:29 2023:DEBUG:setData: Setting HFC125_emissions[2395]=0
Tue Mar 21 15:37:29 2023:DEBUG:setData: Setting HFC125_emissions[2396]=0
Tue Mar 21 15:37:29 2023:DEBUG:setData: Setting HFC125_emissions[2397]=0
Tue Mar 21 15:37:29 2023:DEBUG:setData: Setting HFC125_emissions[2398]=0
Tue Mar 21 15:37:29 2023:DEBUG:setData: Setting HFC125_emissions[2399]=0
Tue Mar 21 15:37:29 2023:DEBUG:setData: Setting HFC125_emissions[2400]=0
Tue Mar 21 15:37:29 2023:DEBUG:setData: Setting HFC125_emissions[2401]=0
Tue Mar 21 15:37:29 2023:DEBUG:setData: Setting HFC125_emissions[2402]=0
Tue Mar 21 15:37:29 2023:DEBUG:setData: Setting HFC125_emissions[2403]=0
Tue Mar 21 15:37:29 2023:DEBUG:setData: Setting HFC125_emissions[2404]=0
Tue Mar 21 15:37:29 2023:DEBUG:setData: Setting HFC125_emissions[2405]=0
Tue Mar 21 15:37:29 2023:DEBUG:setData: Setting HFC125_emissions[2406]=0
Tue Mar 21 15:37:29 2023:DEBUG:setData: Setting HFC125_emissions[2407]=0
Tue Mar 21 15:37:29 2023:DEBUG:setData: Setting HFC125_emissions[2408]=0
Tue Mar 21 15:37:29 2023:DEBUG:setData: Setting HFC125_emissions[2409]=0
Tue Mar 21 15:37:29 2023:DEBUG:setData: Setting HFC125_emissions[2410]=0
Tue Mar 21 15:37:29 2023:DEBUG:setData: Setting HFC125_emissions[2411]=0
Tue Mar 21 15:37:29 2023:DEBUG:setData: Setting HFC125_emissions[2412]=0
Tue Mar 21 15:37:29 2023:DEBUG:setData: Setting HFC125_emissions[2413]=0
Tue Mar 21 15:37:29 2023:DEBUG:setData: Setting HFC125_emissions[2414]=0
Tue Mar 21 15:37:29 2023:DEBUG:setData: Setting HFC125_emissions[2415]=0
Tue Mar 21 15:37:29 2023:DEBUG:setData: Setting HFC125_emissions[2416]=0
Tue Mar 21 15:37:29 2023:DEBUG:setData: Setting HFC125_emissions[2417]=0
Tue Mar 21 15:37:29 2023:DEBUG:setData: Setting HFC125_emissions[2418]=0
Tue Mar 21 15:37:29 2023:DEBUG:setData: Setting HFC125_emissions[2419]=0
Tue Mar 21 15:37:29 2023:DEBUG:setData: Setting HFC125_emissions[2420]=0
Tue Mar 21 15:37:29 2023:DEBUG:setData: Setting HFC125_emissions[2421]=0
Tue Mar 21 15:37:29 2023:DEBUG:setData: Setting HFC125_emissions[2422]=0
Tue Mar 21 15:37:29 2023:DEBUG:setData: Setting HFC125_emissions[2423]=0
Tue Mar 21 15:37:29 2023:DEBUG:setData: Setting HFC125_emissions[2424]=0
Tue Mar 21 15:37:29 2023:DEBUG:setData: Setting HFC125_emissions[2425]=0
Tue Mar 21 15:37:29 2023:DEBUG:setData: Setting HFC125_emissions[2426]=0
Tue Mar 21 15:37:29 2023:DEBUG:setData: Setting HFC125_emissions[2427]=0
Tue Mar 21 15:37:29 2023:DEBUG:setData: Setting HFC125_emissions[2428]=0
Tue Mar 21 15:37:29 2023:DEBUG:setData: Setting HFC125_emissions[2429]=0
Tue Mar 21 15:37:29 2023:DEBUG:setData: Setting HFC125_emissions[2430]=0
Tue Mar 21 15:37:29 2023:DEBUG:setData: Setting HFC125_emissions[2431]=0
Tue Mar 21 15:37:29 2023:DEBUG:setData: Setting HFC125_emissions[2432]=0
Tue Mar 21 15:37:29 2023:DEBUG:setData: Setting HFC125_emissions[2433]=0
Tue Mar 21 15:37:29 2023:DEBUG:setData: Setting HFC125_emissions[2434]=0
Tue Mar 21 15:37:29 2023:DEBUG:setData: Setting HFC125_emissions[2435]=0
Tue Mar 21 15:37:29 2023:DEBUG:setData: Setting HFC125_emissions[2436]=0
Tue Mar 21 15:37:29 2023:DEBUG:setData: Setting HFC125_emissions[2437]=0
Tue Mar 21 15:37:29 2023:DEBUG:setData: Setting HFC125_emissions[2438]=0
Tue Mar 21 15:37:29 2023:DEBUG:setData: Setting HFC125_emissions[2439]=0
Tue Mar 21 15:37:29 2023:DEBUG:setData: Setting HFC125_emissions[2440]=0
Tue Mar 21 15:37:29 2023:DEBUG:setData: Setting HFC125_emissions[2441]=0
Tue Mar 21 15:37:29 2023:DEBUG:setData: Setting HFC125_emissions[2442]=0
Tue Mar 21 15:37:29 2023:DEBUG:setData: Setting HFC125_emissions[2443]=0
Tue Mar 21 15:37:29 2023:DEBUG:setData: Setting HFC125_emissions[2444]=0
Tue Mar 21 15:37:29 2023:DEBUG:setData: Setting HFC125_emissions[2445]=0
Tue Mar 21 15:37:29 2023:DEBUG:setData: Setting HFC125_emissions[2446]=0
Tue Mar 21 15:37:29 2023:DEBUG:setData: Setting HFC125_emissions[2447]=0
Tue Mar 21 15:37:29 2023:DEBUG:setData: Setting HFC125_emissions[2448]=0
Tue Mar 21 15:37:29 2023:DEBUG:setData: Setting HFC125_emissions[2449]=0
Tue Mar 21 15:37:29 2023:DEBUG:setData: Setting HFC125_emissions[2450]=0
Tue Mar 21 15:37:29 2023:DEBUG:setData: Setting HFC125_emissions[2451]=0
Tue Mar 21 15:37:29 2023:DEBUG:setData: Setting HFC125_emissions[2452]=0
Tue Mar 21 15:37:29 2023:DEBUG:setData: Setting HFC125_emissions[2453]=0
Tue Mar 21 15:37:29 2023:DEBUG:setData: Setting HFC125_emissions[2454]=0
Tue Mar 21 15:37:29 2023:DEBUG:setData: Setting HFC125_emissions[2455]=0
Tue Mar 21 15:37:29 2023:DEBUG:setData: Setting HFC125_emissions[2456]=0
Tue Mar 21 15:37:29 2023:DEBUG:setData: Setting HFC125_emissions[2457]=0
Tue Mar 21 15:37:29 2023:DEBUG:setData: Setting HFC125_emissions[2458]=0
Tue Mar 21 15:37:29 2023:DEBUG:setData: Setting HFC125_emissions[2459]=0
Tue Mar 21 15:37:29 2023:DEBUG:setData: Setting HFC125_emissions[2460]=0
Tue Mar 21 15:37:29 2023:DEBUG:setData: Setting HFC125_emissions[2461]=0
Tue Mar 21 15:37:29 2023:DEBUG:setData: Setting HFC125_emissions[2462]=0
Tue Mar 21 15:37:29 2023:DEBUG:setData: Setting HFC125_emissions[2463]=0
Tue Mar 21 15:37:29 2023:DEBUG:setData: Setting HFC125_emissions[2464]=0
Tue Mar 21 15:37:29 2023:DEBUG:setData: Setting HFC125_emissions[2465]=0
Tue Mar 21 15:37:29 2023:DEBUG:setData: Setting HFC125_emissions[2466]=0
Tue Mar 21 15:37:29 2023:DEBUG:setData: Setting HFC125_emissions[2467]=0
Tue Mar 21 15:37:29 2023:DEBUG:setData: Setting HFC125_emissions[2468]=0
Tue Mar 21 15:37:29 2023:DEBUG:setData: Setting HFC125_emissions[2469]=0
Tue Mar 21 15:37:29 2023:DEBUG:setData: Setting HFC125_emissions[2470]=0
Tue Mar 21 15:37:29 2023:DEBUG:setData: Setting HFC125_emissions[2471]=0
Tue Mar 21 15:37:29 2023:DEBUG:setData: Setting HFC125_emissions[2472]=0
Tue Mar 21 15:37:29 2023:DEBUG:setData: Setting HFC125_emissions[2473]=0
Tue Mar 21 15:37:29 2023:DEBUG:setData: Setting HFC125_emissions[2474]=0
Tue Mar 21 15:37:29 2023:DEBUG:setData: Setting HFC125_emissions[2475]=0
Tue Mar 21 15:37:29 2023:DEBUG:setData: Setting HFC125_emissions[2476]=0
Tue Mar 21 15:37:29 2023:DEBUG:setData: Setting HFC125_emissions[2477]=0
Tue Mar 21 15:37:29 2023:DEBUG:setData: Setting HFC125_emissions[2478]=0
Tue Mar 21 15:37:29 2023:DEBUG:setData: Setting HFC125_emissions[2479]=0
Tue Mar 21 15:37:29 2023:DEBUG:setData: Setting HFC125_emissions[2480]=0
Tue Mar 21 15:37:29 2023:DEBUG:setData: Setting HFC125_emissions[2481]=0
Tue Mar 21 15:37:29 2023:DEBUG:setData: Setting HFC125_emissions[2482]=0
Tue Mar 21 15:37:29 2023:DEBUG:setData: Setting HFC125_emissions[2483]=0
Tue Mar 21 15:37:29 2023:DEBUG:setData: Setting HFC125_emissions[2484]=0
Tue Mar 21 15:37:29 2023:DEBUG:setData: Setting HFC125_emissions[2485]=0
Tue Mar 21 15:37:29 2023:DEBUG:setData: Setting HFC125_emissions[2486]=0
Tue Mar 21 15:37:29 2023:DEBUG:setData: Setting HFC125_emissions[2487]=0
Tue Mar 21 15:37:29 2023:DEBUG:setData: Setting HFC125_emissions[2488]=0
Tue Mar 21 15:37:29 2023:DEBUG:setData: Setting HFC125_emissions[2489]=0
Tue Mar 21 15:37:29 2023:DEBUG:setData: Setting HFC125_emissions[2490]=0
Tue Mar 21 15:37:29 2023:DEBUG:setData: Setting HFC125_emissions[2491]=0
Tue Mar 21 15:37:29 2023:DEBUG:setData: Setting HFC125_emissions[2492]=0
Tue Mar 21 15:37:29 2023:DEBUG:setData: Setting HFC125_emissions[2493]=0
Tue Mar 21 15:37:29 2023:DEBUG:setData: Setting HFC125_emissions[2494]=0
Tue Mar 21 15:37:29 2023:DEBUG:setData: Setting HFC125_emissions[2495]=0
Tue Mar 21 15:37:29 2023:DEBUG:setData: Setting HFC125_emissions[2496]=0
Tue Mar 21 15:37:29 2023:DEBUG:setData: Setting HFC125_emissions[2497]=0
Tue Mar 21 15:37:29 2023:DEBUG:setData: Setting HFC125_emissions[2498]=0
Tue Mar 21 15:37:29 2023:DEBUG:setData: Setting HFC125_emissions[2499]=0
Tue Mar 21 15:37:29 2023:DEBUG:setData: Setting HFC125_emissions[2500]=0
Tue Mar 21 15:37:29 2023:DEBUG:setData: Setting molarMass[-1]=120.02
Tue Mar 21 15:37:29 2023:DEBUG:prepareToRun: prepareToRun 
Tue Mar 21 15:37:30 2023:DEBUG:run: date: 1746 concentration: 0 pptv
Tue Mar 21 15:37:30 2023:DEBUG:run: date: 1747 concentration: 0 pptv
Tue Mar 21 15:37:30 2023:DEBUG:run: date: 1748 concentration: 0 pptv
Tue Mar 21 15:37:30 2023:DEBUG:run: date: 1749 concentration: 0 pptv
Tue Mar 21 15:37:30 2023:DEBUG:run: date: 1750 concentration: 0 pptv
Tue Mar 21 15:37:30 2023:DEBUG:run: date: 1751 concentration: 0 pptv
Tue Mar 21 15:37:30 2023:DEBUG:run: date: 1752 concentration: 0 pptv
Tue Mar 21 15:37:30 2023:DEBUG:run: date: 1753 concentration: 0 pptv
Tue Mar 21 15:37:30 2023:DEBUG:run: date: 1754 concentration: 0 pptv
Tue Mar 21 15:37:30 2023:DEBUG:run: date: 1755 concentration: 0 pptv
Tue Mar 21 15:37:30 2023:DEBUG:run: date: 1756 concentration: 0 pptv
Tue Mar 21 15:37:30 2023:DEBUG:run: date: 1757 concentration: 0 pptv
Tue Mar 21 15:37:30 2023:DEBUG:run: date: 1758 concentration: 0 pptv
Tue Mar 21 15:37:30 2023:DEBUG:run: date: 1759 concentration: 0 pptv
Tue Mar 21 15:37:30 2023:DEBUG:run: date: 1760 concentration: 0 pptv
Tue Mar 21 15:37:30 2023:DEBUG:run: date: 1761 concentration: 0 pptv
Tue Mar 21 15:37:30 2023:DEBUG:run: date: 1762 concentration: 0 pptv
Tue Mar 21 15:37:30 2023:DEBUG:run: date: 1763 concentration: 0 pptv
Tue Mar 21 15:37:30 2023:DEBUG:run: date: 1764 concentration: 0 pptv
Tue Mar 21 15:37:30 2023:DEBUG:run: date: 1765 concentration: 0 pptv
Tue Mar 21 15:37:30 2023:DEBUG:run: date: 1766 concentration: 0 pptv
Tue Mar 21 15:37:30 2023:DEBUG:run: date: 1767 concentration: 0 pptv
Tue Mar 21 15:37:30 2023:DEBUG:run: date: 1768 concentration: 0 pptv
Tue Mar 21 15:37:30 2023:DEBUG:run: date: 1769 concentration: 0 pptv
Tue Mar 21 15:37:30 2023:DEBUG:run: date: 1770 concentration: 0 pptv
Tue Mar 21 15:37:30 2023:DEBUG:run: date: 1771 concentration: 0 pptv
Tue Mar 21 15:37:30 2023:DEBUG:run: date: 1772 concentration: 0 pptv
Tue Mar 21 15:37:30 2023:DEBUG:run: date: 1773 concentration: 0 pptv
Tue Mar 21 15:37:30 2023:DEBUG:run: date: 1774 concentration: 0 pptv
Tue Mar 21 15:37:30 2023:DEBUG:run: date: 1775 concentration: 0 pptv
Tue Mar 21 15:37:30 2023:DEBUG:run: date: 1776 concentration: 0 pptv
Tue Mar 21 15:37:30 2023:DEBUG:run: date: 1777 concentration: 0 pptv
Tue Mar 21 15:37:30 2023:DEBUG:run: date: 1778 concentration: 0 pptv
Tue Mar 21 15:37:30 2023:DEBUG:run: date: 1779 concentration: 0 pptv
Tue Mar 21 15:37:30 2023:DEBUG:run: date: 1780 concentration: 0 pptv
Tue Mar 21 15:37:30 2023:DEBUG:run: date: 1781 concentration: 0 pptv
Tue Mar 21 15:37:30 2023:DEBUG:run: date: 1782 concentration: 0 pptv
Tue Mar 21 15:37:30 2023:DEBUG:run: date: 1783 concentration: 0 pptv
Tue Mar 21 15:37:30 2023:DEBUG:run: date: 1784 concentration: 0 pptv
Tue Mar 21 15:37:30 2023:DEBUG:run: date: 1785 concentration: 0 pptv
Tue Mar 21 15:37:30 2023:DEBUG:run: date: 1786 concentration: 0 pptv
Tue Mar 21 15:37:30 2023:DEBUG:run: date: 1787 concentration: 0 pptv
Tue Mar 21 15:37:30 2023:DEBUG:run: date: 1788 concentration: 0 pptv
Tue Mar 21 15:37:30 2023:DEBUG:run: date: 1789 concentration: 0 pptv
Tue Mar 21 15:37:30 2023:DEBUG:run: date: 1790 concentration: 0 pptv
Tue Mar 21 15:37:30 2023:DEBUG:run: date: 1791 concentration: 0 pptv
Tue Mar 21 15:37:30 2023:DEBUG:run: date: 1792 concentration: 0 pptv
Tue Mar 21 15:37:30 2023:DEBUG:run: date: 1793 concentration: 0 pptv
Tue Mar 21 15:37:30 2023:DEBUG:run: date: 1794 concentration: 0 pptv
Tue Mar 21 15:37:30 2023:DEBUG:run: date: 1795 concentration: 0 pptv
Tue Mar 21 15:37:30 2023:DEBUG:run: date: 1796 concentration: 0 pptv
Tue Mar 21 15:37:30 2023:DEBUG:run: date: 1797 concentration: 0 pptv
Tue Mar 21 15:37:30 2023:DEBUG:run: date: 1798 concentration: 0 pptv
Tue Mar 21 15:37:30 2023:DEBUG:run: date: 1799 concentration: 0 pptv
Tue Mar 21 15:37:30 2023:DEBUG:run: date: 1800 concentration: 0 pptv
Tue Mar 21 15:37:30 2023:DEBUG:run: date: 1801 concentration: 0 pptv
Tue Mar 21 15:37:30 2023:DEBUG:run: date: 1802 concentration: 0 pptv
Tue Mar 21 15:37:30 2023:DEBUG:run: date: 1803 concentration: 0 pptv
Tue Mar 21 15:37:30 2023:DEBUG:run: date: 1804 concentration: 0 pptv
Tue Mar 21 15:37:30 2023:DEBUG:run: date: 1805 concentration: 0 pptv
Tue Mar 21 15:37:30 2023:DEBUG:run: date: 1806 concentration: 0 pptv
Tue Mar 21 15:37:30 2023:DEBUG:run: date: 1807 concentration: 0 pptv
Tue Mar 21 15:37:30 2023:DEBUG:run: date: 1808 concentration: 0 pptv
Tue Mar 21 15:37:30 2023:DEBUG:run: date: 1809 concentration: 0 pptv
Tue Mar 21 15:37:30 2023:DEBUG:run: date: 1810 concentration: 0 pptv
Tue Mar 21 15:37:30 2023:DEBUG:run: date: 1811 concentration: 0 pptv
Tue Mar 21 15:37:30 2023:DEBUG:run: date: 1812 concentration: 0 pptv
Tue Mar 21 15:37:30 2023:DEBUG:run: date: 1813 concentration: 0 pptv
Tue Mar 21 15:37:30 2023:DEBUG:run: date: 1814 concentration: 0 pptv
Tue Mar 21 15:37:30 2023:DEBUG:run: date: 1815 concentration: 0 pptv
Tue Mar 21 15:37:30 2023:DEBUG:run: date: 1816 concentration: 0 pptv
Tue Mar 21 15:37:30 2023:DEBUG:run: date: 1817 concentration: 0 pptv
Tue Mar 21 15:37:30 2023:DEBUG:run: date: 1818 concentration: 0 pptv
Tue Mar 21 15:37:30 2023:DEBUG:run: date: 1819 concentration: 0 pptv
Tue Mar 21 15:37:30 2023:DEBUG:run: date: 1820 concentration: 0 pptv
Tue Mar 21 15:37:30 2023:DEBUG:run: date: 1821 concentration: 0 pptv
Tue Mar 21 15:37:30 2023:DEBUG:run: date: 1822 concentration: 0 pptv
Tue Mar 21 15:37:30 2023:DEBUG:run: date: 1823 concentration: 0 pptv
Tue Mar 21 15:37:30 2023:DEBUG:run: date: 1824 concentration: 0 pptv
Tue Mar 21 15:37:30 2023:DEBUG:run: date: 1825 concentration: 0 pptv
Tue Mar 21 15:37:30 2023:DEBUG:run: date: 1826 concentration: 0 pptv
Tue Mar 21 15:37:30 2023:DEBUG:run: date: 1827 concentration: 0 pptv
Tue Mar 21 15:37:30 2023:DEBUG:run: date: 1828 concentration: 0 pptv
Tue Mar 21 15:37:30 2023:DEBUG:run: date: 1829 concentration: 0 pptv
Tue Mar 21 15:37:30 2023:DEBUG:run: date: 1830 concentration: 0 pptv
Tue Mar 21 15:37:30 2023:DEBUG:run: date: 1831 concentration: 0 pptv
Tue Mar 21 15:37:30 2023:DEBUG:run: date: 1832 concentration: 0 pptv
Tue Mar 21 15:37:30 2023:DEBUG:run: date: 1833 concentration: 0 pptv
Tue Mar 21 15:37:30 2023:DEBUG:run: date: 1834 concentration: 0 pptv
Tue Mar 21 15:37:30 2023:DEBUG:run: date: 1835 concentration: 0 pptv
Tue Mar 21 15:37:30 2023:DEBUG:run: date: 1836 concentration: 0 pptv
Tue Mar 21 15:37:30 2023:DEBUG:run: date: 1837 concentration: 0 pptv
Tue Mar 21 15:37:30 2023:DEBUG:run: date: 1838 concentration: 0 pptv
Tue Mar 21 15:37:30 2023:DEBUG:run: date: 1839 concentration: 0 pptv
Tue Mar 21 15:37:30 2023:DEBUG:run: date: 1840 concentration: 0 pptv
Tue Mar 21 15:37:30 2023:DEBUG:run: date: 1841 concentration: 0 pptv
Tue Mar 21 15:37:30 2023:DEBUG:run: date: 1842 concentration: 0 pptv
Tue Mar 21 15:37:30 2023:DEBUG:run: date: 1843 concentration: 0 pptv
Tue Mar 21 15:37:30 2023:DEBUG:run: date: 1844 concentration: 0 pptv
Tue Mar 21 15:37:30 2023:DEBUG:run: date: 1845 concentration: 0 pptv
Tue Mar 21 15:37:30 2023:DEBUG:run: date: 1846 concentration: 0 pptv
Tue Mar 21 15:37:30 2023:DEBUG:run: date: 1847 concentration: 0 pptv
Tue Mar 21 15:37:30 2023:DEBUG:run: date: 1848 concentration: 0 pptv
Tue Mar 21 15:37:30 2023:DEBUG:run: date: 1849 concentration: 0 pptv
Tue Mar 21 15:37:30 2023:DEBUG:run: date: 1850 concentration: 0 pptv
Tue Mar 21 15:37:30 2023:DEBUG:run: date: 1851 concentration: 0 pptv
Tue Mar 21 15:37:30 2023:DEBUG:run: date: 1852 concentration: 0 pptv
Tue Mar 21 15:37:30 2023:DEBUG:run: date: 1853 concentration: 0 pptv
Tue Mar 21 15:37:30 2023:DEBUG:run: date: 1854 concentration: 0 pptv
Tue Mar 21 15:37:30 2023:DEBUG:run: date: 1855 concentration: 0 pptv
Tue Mar 21 15:37:30 2023:DEBUG:run: date: 1856 concentration: 0 pptv
Tue Mar 21 15:37:30 2023:DEBUG:run: date: 1857 concentration: 0 pptv
Tue Mar 21 15:37:30 2023:DEBUG:run: date: 1858 concentration: 0 pptv
Tue Mar 21 15:37:30 2023:DEBUG:run: date: 1859 concentration: 0 pptv
Tue Mar 21 15:37:30 2023:DEBUG:run: date: 1860 concentration: 0 pptv
Tue Mar 21 15:37:30 2023:DEBUG:run: date: 1861 concentration: 0 pptv
Tue Mar 21 15:37:30 2023:DEBUG:run: date: 1862 concentration: 0 pptv
Tue Mar 21 15:37:30 2023:DEBUG:run: date: 1863 concentration: 0 pptv
Tue Mar 21 15:37:30 2023:DEBUG:run: date: 1864 concentration: 0 pptv
Tue Mar 21 15:37:30 2023:DEBUG:run: date: 1865 concentration: 0 pptv
Tue Mar 21 15:37:30 2023:DEBUG:run: date: 1866 concentration: 0 pptv
Tue Mar 21 15:37:30 2023:DEBUG:run: date: 1867 concentration: 0 pptv
Tue Mar 21 15:37:30 2023:DEBUG:run: date: 1868 concentration: 0 pptv
Tue Mar 21 15:37:30 2023:DEBUG:run: date: 1869 concentration: 0 pptv
Tue Mar 21 15:37:30 2023:DEBUG:run: date: 1870 concentration: 0 pptv
Tue Mar 21 15:37:30 2023:DEBUG:run: date: 1871 concentration: 0 pptv
Tue Mar 21 15:37:30 2023:DEBUG:run: date: 1872 concentration: 0 pptv
Tue Mar 21 15:37:30 2023:DEBUG:run: date: 1873 concentration: 0 pptv
Tue Mar 21 15:37:30 2023:DEBUG:run: date: 1874 concentration: 0 pptv
Tue Mar 21 15:37:30 2023:DEBUG:run: date: 1875 concentration: 0 pptv
Tue Mar 21 15:37:30 2023:DEBUG:run: date: 1876 concentration: 0 pptv
Tue Mar 21 15:37:30 2023:DEBUG:run: date: 1877 concentration: 0 pptv
Tue Mar 21 15:37:30 2023:DEBUG:run: date: 1878 concentration: 0 pptv
Tue Mar 21 15:37:30 2023:DEBUG:run: date: 1879 concentration: 0 pptv
Tue Mar 21 15:37:30 2023:DEBUG:run: date: 1880 concentration: 0 pptv
Tue Mar 21 15:37:30 2023:DEBUG:run: date: 1881 concentration: 0 pptv
Tue Mar 21 15:37:30 2023:DEBUG:run: date: 1882 concentration: 0 pptv
Tue Mar 21 15:37:30 2023:DEBUG:run: date: 1883 concentration: 0 pptv
Tue Mar 21 15:37:30 2023:DEBUG:run: date: 1884 concentration: 0 pptv
Tue Mar 21 15:37:30 2023:DEBUG:run: date: 1885 concentration: 0 pptv
Tue Mar 21 15:37:30 2023:DEBUG:run: date: 1886 concentration: 0 pptv
Tue Mar 21 15:37:30 2023:DEBUG:run: date: 1887 concentration: 0 pptv
Tue Mar 21 15:37:30 2023:DEBUG:run: date: 1888 concentration: 0 pptv
Tue Mar 21 15:37:30 2023:DEBUG:run: date: 1889 concentration: 0 pptv
Tue Mar 21 15:37:30 2023:DEBUG:run: date: 1890 concentration: 0 pptv
Tue Mar 21 15:37:30 2023:DEBUG:run: date: 1891 concentration: 0 pptv
Tue Mar 21 15:37:30 2023:DEBUG:run: date: 1892 concentration: 0 pptv
Tue Mar 21 15:37:30 2023:DEBUG:run: date: 1893 concentration: 0 pptv
Tue Mar 21 15:37:30 2023:DEBUG:run: date: 1894 concentration: 0 pptv
Tue Mar 21 15:37:30 2023:DEBUG:run: date: 1895 concentration: 0 pptv
Tue Mar 21 15:37:30 2023:DEBUG:run: date: 1896 concentration: 0 pptv
Tue Mar 21 15:37:30 2023:DEBUG:run: date: 1897 concentration: 0 pptv
Tue Mar 21 15:37:31 2023:DEBUG:run: date: 1898 concentration: 0 pptv
Tue Mar 21 15:37:31 2023:DEBUG:run: date: 1899 concentration: 0 pptv
Tue Mar 21 15:37:31 2023:DEBUG:run: date: 1900 concentration: 0 pptv
Tue Mar 21 15:37:31 2023:DEBUG:run: date: 1901 concentration: 0 pptv
Tue Mar 21 15:37:31 2023:DEBUG:run: date: 1902 concentration: 0 pptv
Tue Mar 21 15:37:31 2023:DEBUG:run: date: 1903 concentration: 0 pptv
Tue Mar 21 15:37:31 2023:DEBUG:run: date: 1904 concentration: 0 pptv
Tue Mar 21 15:37:31 2023:DEBUG:run: date: 1905 concentration: 0 pptv
Tue Mar 21 15:37:31 2023:DEBUG:run: date: 1906 concentration: 0 pptv
Tue Mar 21 15:37:31 2023:DEBUG:run: date: 1907 concentration: 0 pptv
Tue Mar 21 15:37:31 2023:DEBUG:run: date: 1908 concentration: 0 pptv
Tue Mar 21 15:37:31 2023:DEBUG:run: date: 1909 concentration: 0 pptv
Tue Mar 21 15:37:31 2023:DEBUG:run: date: 1910 concentration: 0 pptv
Tue Mar 21 15:37:31 2023:DEBUG:run: date: 1911 concentration: 0 pptv
Tue Mar 21 15:37:31 2023:DEBUG:run: date: 1912 concentration: 0 pptv
Tue Mar 21 15:37:31 2023:DEBUG:run: date: 1913 concentration: 0 pptv
Tue Mar 21 15:37:31 2023:DEBUG:run: date: 1914 concentration: 0 pptv
Tue Mar 21 15:37:31 2023:DEBUG:run: date: 1915 concentration: 0 pptv
Tue Mar 21 15:37:31 2023:DEBUG:run: date: 1916 concentration: 0 pptv
Tue Mar 21 15:37:31 2023:DEBUG:run: date: 1917 concentration: 0 pptv
Tue Mar 21 15:37:31 2023:DEBUG:run: date: 1918 concentration: 0 pptv
Tue Mar 21 15:37:31 2023:DEBUG:run: date: 1919 concentration: 0 pptv
Tue Mar 21 15:37:31 2023:DEBUG:run: date: 1920 concentration: 0 pptv
Tue Mar 21 15:37:31 2023:DEBUG:run: date: 1921 concentration: 0 pptv
Tue Mar 21 15:37:31 2023:DEBUG:run: date: 1922 concentration: 0 pptv
Tue Mar 21 15:37:31 2023:DEBUG:run: date: 1923 concentration: 0 pptv
Tue Mar 21 15:37:31 2023:DEBUG:run: date: 1924 concentration: 0 pptv
Tue Mar 21 15:37:31 2023:DEBUG:run: date: 1925 concentration: 0 pptv
Tue Mar 21 15:37:31 2023:DEBUG:run: date: 1926 concentration: 0 pptv
Tue Mar 21 15:37:31 2023:DEBUG:run: date: 1927 concentration: 0 pptv
Tue Mar 21 15:37:31 2023:DEBUG:run: date: 1928 concentration: 0 pptv
Tue Mar 21 15:37:31 2023:DEBUG:run: date: 1929 concentration: 0 pptv
Tue Mar 21 15:37:31 2023:DEBUG:run: date: 1930 concentration: 0 pptv
Tue Mar 21 15:37:31 2023:DEBUG:run: date: 1931 concentration: 0 pptv
Tue Mar 21 15:37:31 2023:DEBUG:run: date: 1932 concentration: 0 pptv
Tue Mar 21 15:37:31 2023:DEBUG:run: date: 1933 concentration: 0 pptv
Tue Mar 21 15:37:31 2023:DEBUG:run: date: 1934 concentration: 0 pptv
Tue Mar 21 15:37:31 2023:DEBUG:run: date: 1935 concentration: 0 pptv
Tue Mar 21 15:37:31 2023:DEBUG:run: date: 1936 concentration: 0 pptv
Tue Mar 21 15:37:31 2023:DEBUG:run: date: 1937 concentration: 0 pptv
Tue Mar 21 15:37:31 2023:DEBUG:run: date: 1938 concentration: 0 pptv
Tue Mar 21 15:37:31 2023:DEBUG:run: date: 1939 concentration: 0 pptv
Tue Mar 21 15:37:31 2023:DEBUG:run: date: 1940 concentration: 0 pptv
Tue Mar 21 15:37:31 2023:DEBUG:run: date: 1941 concentration: 0 pptv
Tue Mar 21 15:37:31 2023:DEBUG:run: date: 1942 concentration: 0 pptv
Tue Mar 21 15:37:31 2023:DEBUG:run: date: 1943 concentration: 0 pptv
Tue Mar 21 15:37:31 2023:DEBUG:run: date: 1944 concentration: 0 pptv
Tue Mar 21 15:37:31 2023:DEBUG:run: date: 1945 concentration: 0 pptv
Tue Mar 21 15:37:31 2023:DEBUG:run: date: 1946 concentration: 0 pptv
Tue Mar 21 15:37:31 2023:DEBUG:run: date: 1947 concentration: 0 pptv
Tue Mar 21 15:37:31 2023:DEBUG:run: date: 1948 concentration: 0 pptv
Tue Mar 21 15:37:31 2023:DEBUG:run: date: 1949 concentration: 0 pptv
Tue Mar 21 15:37:31 2023:DEBUG:run: date: 1950 concentration: 0 pptv
Tue Mar 21 15:37:31 2023:DEBUG:run: date: 1951 concentration: 0 pptv
Tue Mar 21 15:37:31 2023:DEBUG:run: date: 1952 concentration: 0 pptv
Tue Mar 21 15:37:31 2023:DEBUG:run: date: 1953 concentration: 0 pptv
Tue Mar 21 15:37:31 2023:DEBUG:run: date: 1954 concentration: 0 pptv
Tue Mar 21 15:37:31 2023:DEBUG:run: date: 1955 concentration: 0 pptv
Tue Mar 21 15:37:31 2023:DEBUG:run: date: 1956 concentration: 0 pptv
Tue Mar 21 15:37:31 2023:DEBUG:run: date: 1957 concentration: 0 pptv
Tue Mar 21 15:37:31 2023:DEBUG:run: date: 1958 concentration: 0 pptv
Tue Mar 21 15:37:31 2023:DEBUG:run: date: 1959 concentration: 0 pptv
Tue Mar 21 15:37:31 2023:DEBUG:run: date: 1960 concentration: 0 pptv
Tue Mar 21 15:37:31 2023:DEBUG:run: date: 1961 concentration: 0 pptv
Tue Mar 21 15:37:31 2023:DEBUG:run: date: 1962 concentration: 0 pptv
Tue Mar 21 15:37:31 2023:DEBUG:run: date: 1963 concentration: 0 pptv
Tue Mar 21 15:37:31 2023:DEBUG:run: date: 1964 concentration: 0 pptv
Tue Mar 21 15:37:31 2023:DEBUG:run: date: 1965 concentration: 0 pptv
Tue Mar 21 15:37:31 2023:DEBUG:run: date: 1966 concentration: 0 pptv
Tue Mar 21 15:37:31 2023:DEBUG:run: date: 1967 concentration: 5.68745e-07 pptv
Tue Mar 21 15:37:31 2023:DEBUG:run: date: 1968 concentration: 4.55343e-06 pptv
Tue Mar 21 15:37:31 2023:DEBUG:run: date: 1969 concentration: 8.66241e-06 pptv
Tue Mar 21 15:37:31 2023:DEBUG:run: date: 1970 concentration: 9.49263e-06 pptv
Tue Mar 21 15:37:31 2023:DEBUG:run: date: 1971 concentration: 9.77603e-06 pptv
Tue Mar 21 15:37:31 2023:DEBUG:run: date: 1972 concentration: 1.00589e-05 pptv
Tue Mar 21 15:37:31 2023:DEBUG:run: date: 1973 concentration: 1.03459e-05 pptv
Tue Mar 21 15:37:31 2023:DEBUG:run: date: 1974 concentration: 1.06322e-05 pptv
Tue Mar 21 15:37:31 2023:DEBUG:run: date: 1975 concentration: 1.09179e-05 pptv
Tue Mar 21 15:37:31 2023:DEBUG:run: date: 1976 concentration: 1.1203e-05 pptv
Tue Mar 21 15:37:31 2023:DEBUG:run: date: 1977 concentration: 1.09207e-05 pptv
Tue Mar 21 15:37:31 2023:DEBUG:run: date: 1978 concentration: 7.70679e-06 pptv
Tue Mar 21 15:37:31 2023:DEBUG:run: date: 1979 concentration: 7.35275e-06 pptv
Tue Mar 21 15:37:31 2023:DEBUG:run: date: 1980 concentration: 1.07162e-05 pptv
Tue Mar 21 15:37:31 2023:DEBUG:run: date: 1981 concentration: 1.1131e-05 pptv
Tue Mar 21 15:37:31 2023:DEBUG:run: date: 1982 concentration: 7.00911e-06 pptv
Tue Mar 21 15:37:31 2023:DEBUG:run: date: 1983 concentration: 5.5385e-06 pptv
Tue Mar 21 15:37:31 2023:DEBUG:run: date: 1984 concentration: 9.29104e-06 pptv
Tue Mar 21 15:37:31 2023:DEBUG:run: date: 1985 concentration: 1.8807e-05 pptv
Tue Mar 21 15:37:31 2023:DEBUG:run: date: 1986 concentration: 2.80034e-05 pptv
Tue Mar 21 15:37:31 2023:DEBUG:run: date: 1987 concentration: 2.97023e-05 pptv
Tue Mar 21 15:37:31 2023:DEBUG:run: date: 1988 concentration: 0.00098942 pptv
Tue Mar 21 15:37:31 2023:DEBUG:run: date: 1989 concentration: 0.0152778 pptv
Tue Mar 21 15:37:31 2023:DEBUG:run: date: 1990 concentration: 0.0584639 pptv
Tue Mar 21 15:37:31 2023:DEBUG:run: date: 1991 concentration: 0.135093 pptv
Tue Mar 21 15:37:31 2023:DEBUG:run: date: 1992 concentration: 0.243206 pptv
Tue Mar 21 15:37:31 2023:DEBUG:run: date: 1993 concentration: 0.375783 pptv
Tue Mar 21 15:37:31 2023:DEBUG:run: date: 1994 concentration: 0.52464 pptv
Tue Mar 21 15:37:31 2023:DEBUG:run: date: 1995 concentration: 0.683265 pptv
Tue Mar 21 15:37:31 2023:DEBUG:run: date: 1996 concentration: 0.844739 pptv
Tue Mar 21 15:37:31 2023:DEBUG:run: date: 1997 concentration: 1.02662 pptv
Tue Mar 21 15:37:31 2023:DEBUG:run: date: 1998 concentration: 1.30599 pptv
Tue Mar 21 15:37:31 2023:DEBUG:run: date: 1999 concentration: 1.65688 pptv
Tue Mar 21 15:37:31 2023:DEBUG:run: date: 2000 concentration: 2.08487 pptv
Tue Mar 21 15:37:31 2023:DEBUG:run: date: 2001 concentration: 2.51812 pptv
Tue Mar 21 15:37:31 2023:DEBUG:run: date: 2002 concentration: 2.98853 pptv
Tue Mar 21 15:37:31 2023:DEBUG:run: date: 2003 concentration: 3.59887 pptv
Tue Mar 21 15:37:31 2023:DEBUG:run: date: 2004 concentration: 4.19391 pptv
Tue Mar 21 15:37:31 2023:DEBUG:run: date: 2005 concentration: 4.78628 pptv
Tue Mar 21 15:37:31 2023:DEBUG:run: date: 2006 concentration: 5.52909 pptv
Tue Mar 21 15:37:31 2023:DEBUG:run: date: 2007 concentration: 6.55175 pptv
Tue Mar 21 15:37:31 2023:DEBUG:run: date: 2008 concentration: 7.73178 pptv
Tue Mar 21 15:37:31 2023:DEBUG:run: date: 2009 concentration: 9.01337 pptv
Tue Mar 21 15:37:31 2023:DEBUG:run: date: 2010 concentration: 10.3035 pptv
Tue Mar 21 15:37:31 2023:DEBUG:run: date: 2011 concentration: 11.9258 pptv
Tue Mar 21 15:37:31 2023:DEBUG:run: date: 2012 concentration: 13.6061 pptv
Tue Mar 21 15:37:31 2023:DEBUG:run: date: 2013 concentration: 14.9144 pptv
Tue Mar 21 15:37:31 2023:DEBUG:run: date: 2014 concentration: 17.008 pptv
Tue Mar 21 15:37:31 2023:DEBUG:run: date: 2015 concentration: 20.0164 pptv
Tue Mar 21 15:37:31 2023:DEBUG:run: date: 2016 concentration: 23.8135 pptv
Tue Mar 21 15:37:31 2023:DEBUG:run: date: 2017 concentration: 28.3724 pptv
Tue Mar 21 15:37:31 2023:DEBUG:run: date: 2018 concentration: 33.6673 pptv
Tue Mar 21 15:37:31 2023:DEBUG:run: date: 2019 concentration: 39.6732 pptv
Tue Mar 21 15:37:31 2023:DEBUG:run: date: 2020 concentration: 46.3662 pptv
Tue Mar 21 15:37:31 2023:DEBUG:run: date: 2021 concentration: 53.0623 pptv
Tue Mar 21 15:37:31 2023:DEBUG:run: date: 2022 concentration: 59.7614 pptv
Tue Mar 21 15:37:31 2023:DEBUG:run: date: 2023 concentration: 66.4634 pptv
Tue Mar 21 15:37:31 2023:DEBUG:run: date: 2024 concentration: 73.1682 pptv
Tue Mar 21 15:37:31 2023:DEBUG:run: date: 2025 concentration: 79.8757 pptv
Tue Mar 21 15:37:31 2023:DEBUG:run: date: 2026 concentration: 86.5858 pptv
Tue Mar 21 15:37:31 2023:DEBUG:run: date: 2027 concentration: 93.2985 pptv
Tue Mar 21 15:37:31 2023:DEBUG:run: date: 2028 concentration: 100.014 pptv
Tue Mar 21 15:37:31 2023:DEBUG:run: date: 2029 concentration: 106.731 pptv
Tue Mar 21 15:37:31 2023:DEBUG:run: date: 2030 concentration: 113.451 pptv
Tue Mar 21 15:37:31 2023:DEBUG:run: date: 2031 concentration: 119.891 pptv
Tue Mar 21 15:37:31 2023:DEBUG:run: date: 2032 concentration: 126.06 pptv
Tue Mar 21 15:37:31 2023:DEBUG:run: date: 2033 concentration: 131.968 pptv
Tue Mar 21 15:37:31 2023:DEBUG:run: date: 2034 concentration: 137.623 pptv
Tue Mar 21 15:37:31 2023:DEBUG:run: date: 2035 concentration: 143.035 pptv
Tue Mar 21 15:37:31 2023:DEBUG:run: date: 2036 concentration: 148.211 pptv
Tue Mar 21 15:37:31 2023:DEBUG:run: date: 2037 concentration: 153.159 pptv
Tue Mar 21 15:37:31 2023:DEBUG:run: date: 2038 concentration: 157.887 pptv
Tue Mar 21 15:37:31 2023:DEBUG:run: date: 2039 concentration: 162.403 pptv
Tue Mar 21 15:37:31 2023:DEBUG:run: date: 2040 concentration: 166.713 pptv
Tue Mar 21 15:37:31 2023:DEBUG:run: date: 2041 concentration: 170.762 pptv
Tue Mar 21 15:37:31 2023:DEBUG:run: date: 2042 concentration: 174.558 pptv
Tue Mar 21 15:37:31 2023:DEBUG:run: date: 2043 concentration: 178.11 pptv
Tue Mar 21 15:37:31 2023:DEBUG:run: date: 2044 concentration: 181.427 pptv
Tue Mar 21 15:37:31 2023:DEBUG:run: date: 2045 concentration: 184.515 pptv
Tue Mar 21 15:37:31 2023:DEBUG:run: date: 2046 concentration: 187.384 pptv
Tue Mar 21 15:37:31 2023:DEBUG:run: date: 2047 concentration: 190.04 pptv
Tue Mar 21 15:37:31 2023:DEBUG:run: date: 2048 concentration: 192.49 pptv
Tue Mar 21 15:37:31 2023:DEBUG:run: date: 2049 concentration: 194.742 pptv
Tue Mar 21 15:37:31 2023:DEBUG:run: date: 2050 concentration: 196.802 pptv
Tue Mar 21 15:37:31 2023:DEBUG:run: date: 2051 concentration: 198.856 pptv
Tue Mar 21 15:37:31 2023:DEBUG:run: date: 2052 concentration: 200.903 pptv
Tue Mar 21 15:37:31 2023:DEBUG:run: date: 2053 concentration: 202.944 pptv
Tue Mar 21 15:37:31 2023:DEBUG:run: date: 2054 concentration: 204.979 pptv
Tue Mar 21 15:37:31 2023:DEBUG:run: date: 2055 concentration: 207.008 pptv
Tue Mar 21 15:37:31 2023:DEBUG:run: date: 2056 concentration: 209.031 pptv
Tue Mar 21 15:37:31 2023:DEBUG:run: date: 2057 concentration: 211.049 pptv
Tue Mar 21 15:37:31 2023:DEBUG:run: date: 2058 concentration: 213.062 pptv
Tue Mar 21 15:37:31 2023:DEBUG:run: date: 2059 concentration: 215.069 pptv
Tue Mar 21 15:37:31 2023:DEBUG:run: date: 2060 concentration: 217.072 pptv
Tue Mar 21 15:37:31 2023:DEBUG:run: date: 2061 concentration: 219.041 pptv
Tue Mar 21 15:37:31 2023:DEBUG:run: date: 2062 concentration: 220.977 pptv
Tue Mar 21 15:37:31 2023:DEBUG:run: date: 2063 concentration: 222.882 pptv
Tue Mar 21 15:37:31 2023:DEBUG:run: date: 2064 concentration: 224.757 pptv
Tue Mar 21 15:37:31 2023:DEBUG:run: date: 2065 concentration: 226.602 pptv
Tue Mar 21 15:37:31 2023:DEBUG:run: date: 2066 concentration: 228.419 pptv
Tue Mar 21 15:37:31 2023:DEBUG:run: date: 2067 concentration: 230.208 pptv
Tue Mar 21 15:37:31 2023:DEBUG:run: date: 2068 concentration: 231.971 pptv
Tue Mar 21 15:37:31 2023:DEBUG:run: date: 2069 concentration: 233.709 pptv
Tue Mar 21 15:37:31 2023:DEBUG:run: date: 2070 concentration: 235.422 pptv
Tue Mar 21 15:37:31 2023:DEBUG:run: date: 2071 concentration: 237.091 pptv
Tue Mar 21 15:37:31 2023:DEBUG:run: date: 2072 concentration: 238.717 pptv
Tue Mar 21 15:37:31 2023:DEBUG:run: date: 2073 concentration: 240.303 pptv
Tue Mar 21 15:37:31 2023:DEBUG:run: date: 2074 concentration: 241.849 pptv
Tue Mar 21 15:37:31 2023:DEBUG:run: date: 2075 concentration: 243.356 pptv
Tue Mar 21 15:37:31 2023:DEBUG:run: date: 2076 concentration: 244.827 pptv
Tue Mar 21 15:37:31 2023:DEBUG:run: date: 2077 concentration: 246.262 pptv
Tue Mar 21 15:37:31 2023:DEBUG:run: date: 2078 concentration: 247.663 pptv
Tue Mar 21 15:37:31 2023:DEBUG:run: date: 2079 concentration: 249.03 pptv
Tue Mar 21 15:37:31 2023:DEBUG:run: date: 2080 concentration: 250.365 pptv
Tue Mar 21 15:37:31 2023:DEBUG:run: date: 2081 concentration: 251.682 pptv
Tue Mar 21 15:37:31 2023:DEBUG:run: date: 2082 concentration: 252.979 pptv
Tue Mar 21 15:37:31 2023:DEBUG:run: date: 2083 concentration: 254.259 pptv
Tue Mar 21 15:37:31 2023:DEBUG:run: date: 2084 concentration: 255.522 pptv
Tue Mar 21 15:37:31 2023:DEBUG:run: date: 2085 concentration: 256.769 pptv
Tue Mar 21 15:37:31 2023:DEBUG:run: date: 2086 concentration: 257.999 pptv
Tue Mar 21 15:37:32 2023:DEBUG:run: date: 2087 concentration: 259.214 pptv
Tue Mar 21 15:37:32 2023:DEBUG:run: date: 2088 concentration: 260.415 pptv
Tue Mar 21 15:37:32 2023:DEBUG:run: date: 2089 concentration: 261.6 pptv
Tue Mar 21 15:37:32 2023:DEBUG:run: date: 2090 concentration: 262.772 pptv
Tue Mar 21 15:37:32 2023:DEBUG:run: date: 2091 concentration: 263.849 pptv
Tue Mar 21 15:37:32 2023:DEBUG:run: date: 2092 concentration: 264.833 pptv
Tue Mar 21 15:37:32 2023:DEBUG:run: date: 2093 concentration: 265.729 pptv
Tue Mar 21 15:37:32 2023:DEBUG:run: date: 2094 concentration: 266.539 pptv
Tue Mar 21 15:37:32 2023:DEBUG:run: date: 2095 concentration: 267.266 pptv
Tue Mar 21 15:37:32 2023:DEBUG:run: date: 2096 concentration: 267.912 pptv
Tue Mar 21 15:37:32 2023:DEBUG:run: date: 2097 concentration: 268.481 pptv
Tue Mar 21 15:37:32 2023:DEBUG:run: date: 2098 concentration: 268.976 pptv
Tue Mar 21 15:37:32 2023:DEBUG:run: date: 2099 concentration: 269.398 pptv
Tue Mar 21 15:37:32 2023:DEBUG:run: date: 2100 concentration: 269.75 pptv
Tue Mar 21 15:37:32 2023:DEBUG:run: date: 2101 concentration: 270.027 pptv
Tue Mar 21 15:37:32 2023:DEBUG:run: date: 2102 concentration: 270.231 pptv
Tue Mar 21 15:37:32 2023:DEBUG:run: date: 2103 concentration: 270.365 pptv
Tue Mar 21 15:37:32 2023:DEBUG:run: date: 2104 concentration: 270.432 pptv
Tue Mar 21 15:37:32 2023:DEBUG:run: date: 2105 concentration: 270.433 pptv
Tue Mar 21 15:37:32 2023:DEBUG:run: date: 2106 concentration: 270.371 pptv
Tue Mar 21 15:37:32 2023:DEBUG:run: date: 2107 concentration: 270.247 pptv
Tue Mar 21 15:37:32 2023:DEBUG:run: date: 2108 concentration: 270.065 pptv
Tue Mar 21 15:37:32 2023:DEBUG:run: date: 2109 concentration: 269.825 pptv
Tue Mar 21 15:37:32 2023:DEBUG:run: date: 2110 concentration: 269.531 pptv
Tue Mar 21 15:37:32 2023:DEBUG:run: date: 2111 concentration: 269.183 pptv
Tue Mar 21 15:37:32 2023:DEBUG:run: date: 2112 concentration: 268.784 pptv
Tue Mar 21 15:37:32 2023:DEBUG:run: date: 2113 concentration: 268.335 pptv
Tue Mar 21 15:37:32 2023:DEBUG:run: date: 2114 concentration: 267.838 pptv
Tue Mar 21 15:37:32 2023:DEBUG:run: date: 2115 concentration: 267.295 pptv
Tue Mar 21 15:37:32 2023:DEBUG:run: date: 2116 concentration: 266.706 pptv
Tue Mar 21 15:37:32 2023:DEBUG:run: date: 2117 concentration: 266.075 pptv
Tue Mar 21 15:37:32 2023:DEBUG:run: date: 2118 concentration: 265.402 pptv
Tue Mar 21 15:37:32 2023:DEBUG:run: date: 2119 concentration: 264.688 pptv
Tue Mar 21 15:37:32 2023:DEBUG:run: date: 2120 concentration: 263.936 pptv
Tue Mar 21 15:37:32 2023:DEBUG:run: date: 2121 concentration: 263.145 pptv
Tue Mar 21 15:37:32 2023:DEBUG:run: date: 2122 concentration: 262.318 pptv
Tue Mar 21 15:37:32 2023:DEBUG:run: date: 2123 concentration: 261.456 pptv
Tue Mar 21 15:37:32 2023:DEBUG:run: date: 2124 concentration: 260.56 pptv
Tue Mar 21 15:37:32 2023:DEBUG:run: date: 2125 concentration: 259.631 pptv
Tue Mar 21 15:37:32 2023:DEBUG:run: date: 2126 concentration: 258.671 pptv
Tue Mar 21 15:37:32 2023:DEBUG:run: date: 2127 concentration: 257.68 pptv
Tue Mar 21 15:37:32 2023:DEBUG:run: date: 2128 concentration: 256.659 pptv
Tue Mar 21 15:37:32 2023:DEBUG:run: date: 2129 concentration: 255.609 pptv
Tue Mar 21 15:37:32 2023:DEBUG:run: date: 2130 concentration: 254.532 pptv
Tue Mar 21 15:37:32 2023:DEBUG:run: date: 2131 concentration: 253.428 pptv
Tue Mar 21 15:37:32 2023:DEBUG:run: date: 2132 concentration: 252.299 pptv
Tue Mar 21 15:37:32 2023:DEBUG:run: date: 2133 concentration: 251.144 pptv
Tue Mar 21 15:37:32 2023:DEBUG:run: date: 2134 concentration: 249.965 pptv
Tue Mar 21 15:37:32 2023:DEBUG:run: date: 2135 concentration: 248.763 pptv
Tue Mar 21 15:37:32 2023:DEBUG:run: date: 2136 concentration: 247.539 pptv
Tue Mar 21 15:37:32 2023:DEBUG:run: date: 2137 concentration: 246.293 pptv
Tue Mar 21 15:37:32 2023:DEBUG:run: date: 2138 concentration: 245.025 pptv
Tue Mar 21 15:37:32 2023:DEBUG:run: date: 2139 concentration: 243.738 pptv
Tue Mar 21 15:37:32 2023:DEBUG:run: date: 2140 concentration: 242.431 pptv
Tue Mar 21 15:37:32 2023:DEBUG:run: date: 2141 concentration: 241.105 pptv
Tue Mar 21 15:37:32 2023:DEBUG:run: date: 2142 concentration: 239.761 pptv
Tue Mar 21 15:37:32 2023:DEBUG:run: date: 2143 concentration: 238.399 pptv
Tue Mar 21 15:37:32 2023:DEBUG:run: date: 2144 concentration: 237.02 pptv
Tue Mar 21 15:37:32 2023:DEBUG:run: date: 2145 concentration: 235.625 pptv
Tue Mar 21 15:37:32 2023:DEBUG:run: date: 2146 concentration: 234.213 pptv
Tue Mar 21 15:37:32 2023:DEBUG:run: date: 2147 concentration: 232.787 pptv
Tue Mar 21 15:37:32 2023:DEBUG:run: date: 2148 concentration: 231.345 pptv
Tue Mar 21 15:37:32 2023:DEBUG:run: date: 2149 concentration: 229.889 pptv
Tue Mar 21 15:37:32 2023:DEBUG:run: date: 2150 concentration: 228.419 pptv
Tue Mar 21 15:37:32 2023:DEBUG:run: date: 2151 concentration: 226.936 pptv
Tue Mar 21 15:37:32 2023:DEBUG:run: date: 2152 concentration: 225.44 pptv
Tue Mar 21 15:37:32 2023:DEBUG:run: date: 2153 concentration: 223.931 pptv
Tue Mar 21 15:37:32 2023:DEBUG:run: date: 2154 concentration: 222.41 pptv
Tue Mar 21 15:37:32 2023:DEBUG:run: date: 2155 concentration: 220.878 pptv
Tue Mar 21 15:37:32 2023:DEBUG:run: date: 2156 concentration: 219.334 pptv
Tue Mar 21 15:37:32 2023:DEBUG:run: date: 2157 concentration: 217.78 pptv
Tue Mar 21 15:37:32 2023:DEBUG:run: date: 2158 concentration: 216.214 pptv
Tue Mar 21 15:37:32 2023:DEBUG:run: date: 2159 concentration: 214.639 pptv
Tue Mar 21 15:37:32 2023:DEBUG:run: date: 2160 concentration: 213.054 pptv
Tue Mar 21 15:37:32 2023:DEBUG:run: date: 2161 concentration: 211.459 pptv
Tue Mar 21 15:37:32 2023:DEBUG:run: date: 2162 concentration: 209.855 pptv
Tue Mar 21 15:37:32 2023:DEBUG:run: date: 2163 concentration: 208.243 pptv
Tue Mar 21 15:37:32 2023:DEBUG:run: date: 2164 concentration: 206.622 pptv
Tue Mar 21 15:37:32 2023:DEBUG:run: date: 2165 concentration: 204.992 pptv
Tue Mar 21 15:37:32 2023:DEBUG:run: date: 2166 concentration: 203.355 pptv
Tue Mar 21 15:37:32 2023:DEBUG:run: date: 2167 concentration: 201.709 pptv
Tue Mar 21 15:37:32 2023:DEBUG:run: date: 2168 concentration: 200.057 pptv
Tue Mar 21 15:37:32 2023:DEBUG:run: date: 2169 concentration: 198.397 pptv
Tue Mar 21 15:37:32 2023:DEBUG:run: date: 2170 concentration: 196.73 pptv
Tue Mar 21 15:37:32 2023:DEBUG:run: date: 2171 concentration: 195.056 pptv
Tue Mar 21 15:37:32 2023:DEBUG:run: date: 2172 concentration: 193.376 pptv
Tue Mar 21 15:37:32 2023:DEBUG:run: date: 2173 concentration: 191.69 pptv
Tue Mar 21 15:37:32 2023:DEBUG:run: date: 2174 concentration: 189.997 pptv
Tue Mar 21 15:37:32 2023:DEBUG:run: date: 2175 concentration: 188.299 pptv
Tue Mar 21 15:37:32 2023:DEBUG:run: date: 2176 concentration: 186.595 pptv
Tue Mar 21 15:37:32 2023:DEBUG:run: date: 2177 concentration: 184.886 pptv
Tue Mar 21 15:37:32 2023:DEBUG:run: date: 2178 concentration: 183.171 pptv
Tue Mar 21 15:37:32 2023:DEBUG:run: date: 2179 concentration: 181.451 pptv
Tue Mar 21 15:37:32 2023:DEBUG:run: date: 2180 concentration: 179.727 pptv
Tue Mar 21 15:37:32 2023:DEBUG:run: date: 2181 concentration: 177.997 pptv
Tue Mar 21 15:37:32 2023:DEBUG:run: date: 2182 concentration: 176.263 pptv
Tue Mar 21 15:37:32 2023:DEBUG:run: date: 2183 concentration: 174.525 pptv
Tue Mar 21 15:37:32 2023:DEBUG:run: date: 2184 concentration: 172.782 pptv
Tue Mar 21 15:37:32 2023:DEBUG:run: date: 2185 concentration: 171.035 pptv
Tue Mar 21 15:37:32 2023:DEBUG:run: date: 2186 concentration: 169.284 pptv
Tue Mar 21 15:37:32 2023:DEBUG:run: date: 2187 concentration: 167.529 pptv
Tue Mar 21 15:37:32 2023:DEBUG:run: date: 2188 concentration: 165.77 pptv
Tue Mar 21 15:37:32 2023:DEBUG:run: date: 2189 concentration: 164.008 pptv
Tue Mar 21 15:37:32 2023:DEBUG:run: date: 2190 concentration: 162.243 pptv
Tue Mar 21 15:37:32 2023:DEBUG:run: date: 2191 concentration: 160.473 pptv
Tue Mar 21 15:37:32 2023:DEBUG:run: date: 2192 concentration: 158.701 pptv
Tue Mar 21 15:37:32 2023:DEBUG:run: date: 2193 concentration: 156.926 pptv
Tue Mar 21 15:37:32 2023:DEBUG:run: date: 2194 concentration: 155.147 pptv
Tue Mar 21 15:37:32 2023:DEBUG:run: date: 2195 concentration: 153.366 pptv
Tue Mar 21 15:37:32 2023:DEBUG:run: date: 2196 concentration: 151.581 pptv
Tue Mar 21 15:37:32 2023:DEBUG:run: date: 2197 concentration: 149.794 pptv
Tue Mar 21 15:37:32 2023:DEBUG:run: date: 2198 concentration: 148.005 pptv
Tue Mar 21 15:37:32 2023:DEBUG:run: date: 2199 concentration: 146.212 pptv
Tue Mar 21 15:37:32 2023:DEBUG:run: date: 2200 concentration: 144.418 pptv
Tue Mar 21 15:37:32 2023:DEBUG:run: date: 2201 concentration: 142.62 pptv
Tue Mar 21 15:37:32 2023:DEBUG:run: date: 2202 concentration: 140.821 pptv
Tue Mar 21 15:37:32 2023:DEBUG:run: date: 2203 concentration: 139.019 pptv
Tue Mar 21 15:37:32 2023:DEBUG:run: date: 2204 concentration: 137.216 pptv
Tue Mar 21 15:37:32 2023:DEBUG:run: date: 2205 concentration: 135.41 pptv
Tue Mar 21 15:37:32 2023:DEBUG:run: date: 2206 concentration: 133.602 pptv
Tue Mar 21 15:37:32 2023:DEBUG:run: date: 2207 concentration: 131.792 pptv
Tue Mar 21 15:37:32 2023:DEBUG:run: date: 2208 concentration: 129.98 pptv
Tue Mar 21 15:37:32 2023:DEBUG:run: date: 2209 concentration: 128.167 pptv
Tue Mar 21 15:37:32 2023:DEBUG:run: date: 2210 concentration: 126.351 pptv
Tue Mar 21 15:37:32 2023:DEBUG:run: date: 2211 concentration: 124.534 pptv
Tue Mar 21 15:37:32 2023:DEBUG:run: date: 2212 concentration: 122.716 pptv
Tue Mar 21 15:37:32 2023:DEBUG:run: date: 2213 concentration: 120.895 pptv
Tue Mar 21 15:37:32 2023:DEBUG:run: date: 2214 concentration: 119.074 pptv
Tue Mar 21 15:37:32 2023:DEBUG:run: date: 2215 concentration: 117.251 pptv
Tue Mar 21 15:37:32 2023:DEBUG:run: date: 2216 concentration: 115.426 pptv
Tue Mar 21 15:37:32 2023:DEBUG:run: date: 2217 concentration: 113.6 pptv
Tue Mar 21 15:37:32 2023:DEBUG:run: date: 2218 concentration: 111.773 pptv
Tue Mar 21 15:37:32 2023:DEBUG:run: date: 2219 concentration: 109.944 pptv
Tue Mar 21 15:37:32 2023:DEBUG:run: date: 2220 concentration: 108.114 pptv
Tue Mar 21 15:37:32 2023:DEBUG:run: date: 2221 concentration: 106.283 pptv
Tue Mar 21 15:37:32 2023:DEBUG:run: date: 2222 concentration: 104.451 pptv
Tue Mar 21 15:37:32 2023:DEBUG:run: date: 2223 concentration: 102.617 pptv
Tue Mar 21 15:37:32 2023:DEBUG:run: date: 2224 concentration: 100.783 pptv
Tue Mar 21 15:37:32 2023:DEBUG:run: date: 2225 concentration: 98.9475 pptv
Tue Mar 21 15:37:32 2023:DEBUG:run: date: 2226 concentration: 97.111 pptv
Tue Mar 21 15:37:32 2023:DEBUG:run: date: 2227 concentration: 95.2735 pptv
Tue Mar 21 15:37:32 2023:DEBUG:run: date: 2228 concentration: 93.4351 pptv
Tue Mar 21 15:37:32 2023:DEBUG:run: date: 2229 concentration: 91.5958 pptv
Tue Mar 21 15:37:32 2023:DEBUG:run: date: 2230 concentration: 89.7556 pptv
Tue Mar 21 15:37:32 2023:DEBUG:run: date: 2231 concentration: 87.9146 pptv
Tue Mar 21 15:37:32 2023:DEBUG:run: date: 2232 concentration: 86.0728 pptv
Tue Mar 21 15:37:32 2023:DEBUG:run: date: 2233 concentration: 84.2301 pptv
Tue Mar 21 15:37:32 2023:DEBUG:run: date: 2234 concentration: 82.3867 pptv
Tue Mar 21 15:37:32 2023:DEBUG:run: date: 2235 concentration: 80.5425 pptv
Tue Mar 21 15:37:32 2023:DEBUG:run: date: 2236 concentration: 78.6977 pptv
Tue Mar 21 15:37:32 2023:DEBUG:run: date: 2237 concentration: 76.8521 pptv
Tue Mar 21 15:37:32 2023:DEBUG:run: date: 2238 concentration: 75.0059 pptv
Tue Mar 21 15:37:32 2023:DEBUG:run: date: 2239 concentration: 73.159 pptv
Tue Mar 21 15:37:32 2023:DEBUG:run: date: 2240 concentration: 71.3115 pptv
Tue Mar 21 15:37:32 2023:DEBUG:run: date: 2241 concentration: 69.4634 pptv
Tue Mar 21 15:37:32 2023:DEBUG:run: date: 2242 concentration: 67.6147 pptv
Tue Mar 21 15:37:32 2023:DEBUG:run: date: 2243 concentration: 65.7655 pptv
Tue Mar 21 15:37:32 2023:DEBUG:run: date: 2244 concentration: 63.9157 pptv
Tue Mar 21 15:37:32 2023:DEBUG:run: date: 2245 concentration: 62.0654 pptv
Tue Mar 21 15:37:32 2023:DEBUG:run: date: 2246 concentration: 60.2146 pptv
Tue Mar 21 15:37:32 2023:DEBUG:run: date: 2247 concentration: 58.3633 pptv
Tue Mar 21 15:37:32 2023:DEBUG:run: date: 2248 concentration: 56.5115 pptv
Tue Mar 21 15:37:32 2023:DEBUG:run: date: 2249 concentration: 54.6592 pptv
Tue Mar 21 15:37:32 2023:DEBUG:run: date: 2250 concentration: 52.8066 pptv
Tue Mar 21 15:37:32 2023:DEBUG:run: date: 2251 concentration: 51.0167 pptv
Tue Mar 21 15:37:32 2023:DEBUG:run: date: 2252 concentration: 49.2875 pptv
Tue Mar 21 15:37:32 2023:DEBUG:run: date: 2253 concentration: 47.6169 pptv
Tue Mar 21 15:37:32 2023:DEBUG:run: date: 2254 concentration: 46.0029 pptv
Tue Mar 21 15:37:32 2023:DEBUG:run: date: 2255 concentration: 44.4436 pptv
Tue Mar 21 15:37:32 2023:DEBUG:run: date: 2256 concentration: 42.9372 pptv
Tue Mar 21 15:37:32 2023:DEBUG:run: date: 2257 concentration: 41.4819 pptv
Tue Mar 21 15:37:32 2023:DEBUG:run: date: 2258 concentration: 40.0758 pptv
Tue Mar 21 15:37:32 2023:DEBUG:run: date: 2259 concentration: 38.7175 pptv
Tue Mar 21 15:37:32 2023:DEBUG:run: date: 2260 concentration: 37.4051 pptv
Tue Mar 21 15:37:32 2023:DEBUG:run: date: 2261 concentration: 36.1373 pptv
Tue Mar 21 15:37:32 2023:DEBUG:run: date: 2262 concentration: 34.9124 pptv
Tue Mar 21 15:37:32 2023:DEBUG:run: date: 2263 concentration: 33.7291 pptv
Tue Mar 21 15:37:32 2023:DEBUG:run: date: 2264 concentration: 32.5858 pptv
Tue Mar 21 15:37:32 2023:DEBUG:run: date: 2265 concentration: 31.4813 pptv
Tue Mar 21 15:37:32 2023:DEBUG:run: date: 2266 concentration: 30.4143 pptv
Tue Mar 21 15:37:32 2023:DEBUG:run: date: 2267 concentration: 29.3834 pptv
Tue Mar 21 15:37:32 2023:DEBUG:run: date: 2268 concentration: 28.3874 pptv
Tue Mar 21 15:37:32 2023:DEBUG:run: date: 2269 concentration: 27.4252 pptv
Tue Mar 21 15:37:32 2023:DEBUG:run: date: 2270 concentration: 26.4956 pptv
Tue Mar 21 15:37:32 2023:DEBUG:run: date: 2271 concentration: 25.5976 pptv
Tue Mar 21 15:37:32 2023:DEBUG:run: date: 2272 concentration: 24.7299 pptv
Tue Mar 21 15:37:32 2023:DEBUG:run: date: 2273 concentration: 23.8917 pptv
Tue Mar 21 15:37:32 2023:DEBUG:run: date: 2274 concentration: 23.0819 pptv
Tue Mar 21 15:37:32 2023:DEBUG:run: date: 2275 concentration: 22.2996 pptv
Tue Mar 21 15:37:32 2023:DEBUG:run: date: 2276 concentration: 21.5437 pptv
Tue Mar 21 15:37:32 2023:DEBUG:run: date: 2277 concentration: 20.8135 pptv
Tue Mar 21 15:37:32 2023:DEBUG:run: date: 2278 concentration: 20.108 pptv
Tue Mar 21 15:37:32 2023:DEBUG:run: date: 2279 concentration: 19.4264 pptv
Tue Mar 21 15:37:32 2023:DEBUG:run: date: 2280 concentration: 18.768 pptv
Tue Mar 21 15:37:32 2023:DEBUG:run: date: 2281 concentration: 18.1318 pptv
Tue Mar 21 15:37:32 2023:DEBUG:run: date: 2282 concentration: 17.5173 pptv
Tue Mar 21 15:37:32 2023:DEBUG:run: date: 2283 concentration: 16.9235 pptv
Tue Mar 21 15:37:32 2023:DEBUG:run: date: 2284 concentration: 16.3499 pptv
Tue Mar 21 15:37:32 2023:DEBUG:run: date: 2285 concentration: 15.7957 pptv
Tue Mar 21 15:37:32 2023:DEBUG:run: date: 2286 concentration: 15.2603 pptv
Tue Mar 21 15:37:32 2023:DEBUG:run: date: 2287 concentration: 14.7431 pptv
Tue Mar 21 15:37:32 2023:DEBUG:run: date: 2288 concentration: 14.2434 pptv
Tue Mar 21 15:37:32 2023:DEBUG:run: date: 2289 concentration: 13.7606 pptv
Tue Mar 21 15:37:32 2023:DEBUG:run: date: 2290 concentration: 13.2942 pptv
Tue Mar 21 15:37:32 2023:DEBUG:run: date: 2291 concentration: 12.8436 pptv
Tue Mar 21 15:37:32 2023:DEBUG:run: date: 2292 concentration: 12.4082 pptv
Tue Mar 21 15:37:32 2023:DEBUG:run: date: 2293 concentration: 11.9876 pptv
Tue Mar 21 15:37:32 2023:DEBUG:run: date: 2294 concentration: 11.5813 pptv
Tue Mar 21 15:37:32 2023:DEBUG:run: date: 2295 concentration: 11.1888 pptv
Tue Mar 21 15:37:32 2023:DEBUG:run: date: 2296 concentration: 10.8095 pptv
Tue Mar 21 15:37:32 2023:DEBUG:run: date: 2297 concentration: 10.4431 pptv
Tue Mar 21 15:37:32 2023:DEBUG:run: date: 2298 concentration: 10.0892 pptv
Tue Mar 21 15:37:32 2023:DEBUG:run: date: 2299 concentration: 9.7472 pptv
Tue Mar 21 15:37:32 2023:DEBUG:run: date: 2300 concentration: 9.41682 pptv
