Tue Mar 21 15:37:28 2023:NOTICE:printLogHeader: hector version 2.5.0
Tue Mar 21 15:37:28 2023:DEBUG:setData: Setting tau[-1]=270.0
Tue Mar 21 15:37:28 2023:DEBUG:setData: Setting rho[-1]=0.00019
Tue Mar 21 15:37:28 2023:DEBUG:setData: Setting HFC23_emissions[1765]=0
Tue Mar 21 15:37:28 2023:DEBUG:setData: Setting HFC23_emissions[1766]=0
Tue Mar 21 15:37:28 2023:DEBUG:setData: Setting HFC23_emissions[1767]=0
Tue Mar 21 15:37:28 2023:DEBUG:setData: Setting HFC23_emissions[1768]=0
Tue Mar 21 15:37:28 2023:DEBUG:setData: Setting HFC23_emissions[1769]=0
Tue Mar 21 15:37:28 2023:DEBUG:setData: Setting HFC23_emissions[1770]=0
Tue Mar 21 15:37:28 2023:DEBUG:setData: Setting HFC23_emissions[1771]=0
Tue Mar 21 15:37:28 2023:DEBUG:setData: Setting HFC23_emissions[1772]=0
Tue Mar 21 15:37:28 2023:DEBUG:setData: Setting HFC23_emissions[1773]=0
Tue Mar 21 15:37:28 2023:DEBUG:setData: Setting HFC23_emissions[1774]=0
Tue Mar 21 15:37:28 2023:DEBUG:setData: Setting HFC23_emissions[1775]=0
Tue Mar 21 15:37:28 2023:DEBUG:setData: Setting HFC23_emissions[1776]=0
Tue Mar 21 15:37:28 2023:DEBUG:setData: Setting HFC23_emissions[1777]=0
Tue Mar 21 15:37:28 2023:DEBUG:setData: Setting HFC23_emissions[1778]=0
Tue Mar 21 15:37:28 2023:DEBUG:setData: Setting HFC23_emissions[1779]=0
Tue Mar 21 15:37:28 2023:DEBUG:setData: Setting HFC23_emissions[1780]=0
Tue Mar 21 15:37:28 2023:DEBUG:setData: Setting HFC23_emissions[1781]=0
Tue Mar 21 15:37:28 2023:DEBUG:setData: Setting HFC23_emissions[1782]=0
Tue Mar 21 15:37:28 2023:DEBUG:setData: Setting HFC23_emissions[1783]=0
Tue Mar 21 15:37:28 2023:DEBUG:setData: Setting HFC23_emissions[1784]=0
Tue Mar 21 15:37:28 2023:DEBUG:setData: Setting HFC23_emissions[1785]=0
Tue Mar 21 15:37:28 2023:DEBUG:setData: Setting HFC23_emissions[1786]=0
Tue Mar 21 15:37:28 2023:DEBUG:setData: Setting HFC23_emissions[1787]=0
Tue Mar 21 15:37:28 2023:DEBUG:setData: Setting HFC23_emissions[1788]=0
Tue Mar 21 15:37:28 2023:DEBUG:setData: Setting HFC23_emissions[1789]=0
Tue Mar 21 15:37:28 2023:DEBUG:setData: Setting HFC23_emissions[1790]=0
Tue Mar 21 15:37:28 2023:DEBUG:setData: Setting HFC23_emissions[1791]=0
Tue Mar 21 15:37:28 2023:DEBUG:setData: Setting HFC23_emissions[1792]=0
Tue Mar 21 15:37:28 2023:DEBUG:setData: Setting HFC23_emissions[1793]=0
Tue Mar 21 15:37:28 2023:DEBUG:setData: Setting HFC23_emissions[1794]=0
Tue Mar 21 15:37:28 2023:DEBUG:setData: Setting HFC23_emissions[1795]=0
Tue Mar 21 15:37:28 2023:DEBUG:setData: Setting HFC23_emissions[1796]=0
Tue Mar 21 15:37:28 2023:DEBUG:setData: Setting HFC23_emissions[1797]=0
Tue Mar 21 15:37:28 2023:DEBUG:setData: Setting HFC23_emissions[1798]=0
Tue Mar 21 15:37:28 2023:DEBUG:setData: Setting HFC23_emissions[1799]=0
Tue Mar 21 15:37:28 2023:DEBUG:setData: Setting HFC23_emissions[1800]=0
Tue Mar 21 15:37:28 2023:DEBUG:setData: Setting HFC23_emissions[1801]=0
Tue Mar 21 15:37:28 2023:DEBUG:setData: Setting HFC23_emissions[1802]=0
Tue Mar 21 15:37:28 2023:DEBUG:setData: Setting HFC23_emissions[1803]=0
Tue Mar 21 15:37:28 2023:DEBUG:setData: Setting HFC23_emissions[1804]=0
Tue Mar 21 15:37:28 2023:DEBUG:setData: Setting HFC23_emissions[1805]=0
Tue Mar 21 15:37:28 2023:DEBUG:setData: Setting HFC23_emissions[1806]=0
Tue Mar 21 15:37:28 2023:DEBUG:setData: Setting HFC23_emissions[1807]=0
Tue Mar 21 15:37:28 2023:DEBUG:setData: Setting HFC23_emissions[1808]=0
Tue Mar 21 15:37:28 2023:DEBUG:setData: Setting HFC23_emissions[1809]=0
Tue Mar 21 15:37:28 2023:DEBUG:setData: Setting HFC23_emissions[1810]=0
Tue Mar 21 15:37:28 2023:DEBUG:setData: Setting HFC23_emissions[1811]=0
Tue Mar 21 15:37:28 2023:DEBUG:setData: Setting HFC23_emissions[1812]=0
Tue Mar 21 15:37:28 2023:DEBUG:setData: Setting HFC23_emissions[1813]=0
Tue Mar 21 15:37:28 2023:DEBUG:setData: Setting HFC23_emissions[1814]=0
Tue Mar 21 15:37:28 2023:DEBUG:setData: Setting HFC23_emissions[1815]=0
Tue Mar 21 15:37:28 2023:DEBUG:setData: Setting HFC23_emissions[1816]=0
Tue Mar 21 15:37:28 2023:DEBUG:setData: Setting HFC23_emissions[1817]=0
Tue Mar 21 15:37:28 2023:DEBUG:setData: Setting HFC23_emissions[1818]=0
Tue Mar 21 15:37:28 2023:DEBUG:setData: Setting HFC23_emissions[1819]=0
Tue Mar 21 15:37:28 2023:DEBUG:setData: Setting HFC23_emissions[1820]=0
Tue Mar 21 15:37:28 2023:DEBUG:setData: Setting HFC23_emissions[1821]=0
Tue Mar 21 15:37:28 2023:DEBUG:setData: Setting HFC23_emissions[1822]=0
Tue Mar 21 15:37:28 2023:DEBUG:setData: Setting HFC23_emissions[1823]=0
Tue Mar 21 15:37:28 2023:DEBUG:setData: Setting HFC23_emissions[1824]=0
Tue Mar 21 15:37:28 2023:DEBUG:setData: Setting HFC23_emissions[1825]=0
Tue Mar 21 15:37:28 2023:DEBUG:setData: Setting HFC23_emissions[1826]=0
Tue Mar 21 15:37:28 2023:DEBUG:setData: Setting HFC23_emissions[1827]=0
Tue Mar 21 15:37:28 2023:DEBUG:setData: Setting HFC23_emissions[1828]=0
Tue Mar 21 15:37:28 2023:DEBUG:setData: Setting HFC23_emissions[1829]=0
Tue Mar 21 15:37:28 2023:DEBUG:setData: Setting HFC23_emissions[1830]=0
Tue Mar 21 15:37:28 2023:DEBUG:setData: Setting HFC23_emissions[1831]=0
Tue Mar 21 15:37:28 2023:DEBUG:setData: Setting HFC23_emissions[1832]=0
Tue Mar 21 15:37:28 2023:DEBUG:setData: Setting HFC23_emissions[1833]=0
Tue Mar 21 15:37:28 2023:DEBUG:setData: Setting HFC23_emissions[1834]=0
Tue Mar 21 15:37:28 2023:DEBUG:setData: Setting HFC23_emissions[1835]=0
Tue Mar 21 15:37:28 2023:DEBUG:setData: Setting HFC23_emissions[1836]=0
Tue Mar 21 15:37:28 2023:DEBUG:setData: Setting HFC23_emissions[1837]=0
Tue Mar 21 15:37:28 2023:DEBUG:setData: Setting HFC23_emissions[1838]=0
Tue Mar 21 15:37:28 2023:DEBUG:setData: Setting HFC23_emissions[1839]=0
Tue Mar 21 15:37:28 2023:DEBUG:setData: Setting HFC23_emissions[1840]=0
Tue Mar 21 15:37:28 2023:DEBUG:setData: Setting HFC23_emissions[1841]=0
Tue Mar 21 15:37:28 2023:DEBUG:setData: Setting HFC23_emissions[1842]=0
Tue Mar 21 15:37:28 2023:DEBUG:setData: Setting HFC23_emissions[1843]=0
Tue Mar 21 15:37:28 2023:DEBUG:setData: Setting HFC23_emissions[1844]=0
Tue Mar 21 15:37:28 2023:DEBUG:setData: Setting HFC23_emissions[1845]=0
Tue Mar 21 15:37:28 2023:DEBUG:setData: Setting HFC23_emissions[1846]=0
Tue Mar 21 15:37:28 2023:DEBUG:setData: Setting HFC23_emissions[1847]=0
Tue Mar 21 15:37:28 2023:DEBUG:setData: Setting HFC23_emissions[1848]=0
Tue Mar 21 15:37:28 2023:DEBUG:setData: Setting HFC23_emissions[1849]=0
Tue Mar 21 15:37:28 2023:DEBUG:setData: Setting HFC23_emissions[1850]=0
Tue Mar 21 15:37:28 2023:DEBUG:setData: Setting HFC23_emissions[1851]=0
Tue Mar 21 15:37:28 2023:DEBUG:setData: Setting HFC23_emissions[1852]=0
Tue Mar 21 15:37:28 2023:DEBUG:setData: Setting HFC23_emissions[1853]=0
Tue Mar 21 15:37:28 2023:DEBUG:setData: Setting HFC23_emissions[1854]=0
Tue Mar 21 15:37:28 2023:DEBUG:setData: Setting HFC23_emissions[1855]=0
Tue Mar 21 15:37:28 2023:DEBUG:setData: Setting HFC23_emissions[1856]=0
Tue Mar 21 15:37:28 2023:DEBUG:setData: Setting HFC23_emissions[1857]=0
Tue Mar 21 15:37:28 2023:DEBUG:setData: Setting HFC23_emissions[1858]=0
Tue Mar 21 15:37:28 2023:DEBUG:setData: Setting HFC23_emissions[1859]=0
Tue Mar 21 15:37:28 2023:DEBUG:setData: Setting HFC23_emissions[1860]=0
Tue Mar 21 15:37:28 2023:DEBUG:setData: Setting HFC23_emissions[1861]=0
Tue Mar 21 15:37:28 2023:DEBUG:setData: Setting HFC23_emissions[1862]=0
Tue Mar 21 15:37:28 2023:DEBUG:setData: Setting HFC23_emissions[1863]=0
Tue Mar 21 15:37:28 2023:DEBUG:setData: Setting HFC23_emissions[1864]=0
Tue Mar 21 15:37:28 2023:DEBUG:setData: Setting HFC23_emissions[1865]=0
Tue Mar 21 15:37:28 2023:DEBUG:setData: Setting HFC23_emissions[1866]=0
Tue Mar 21 15:37:28 2023:DEBUG:setData: Setting HFC23_emissions[1867]=0
Tue Mar 21 15:37:28 2023:DEBUG:setData: Setting HFC23_emissions[1868]=0
Tue Mar 21 15:37:28 2023:DEBUG:setData: Setting HFC23_emissions[1869]=0
Tue Mar 21 15:37:28 2023:DEBUG:setData: Setting HFC23_emissions[1870]=0
Tue Mar 21 15:37:28 2023:DEBUG:setData: Setting HFC23_emissions[1871]=0
Tue Mar 21 15:37:28 2023:DEBUG:setData: Setting HFC23_emissions[1872]=0
Tue Mar 21 15:37:28 2023:DEBUG:setData: Setting HFC23_emissions[1873]=0
Tue Mar 21 15:37:28 2023:DEBUG:setData: Setting HFC23_emissions[1874]=0
Tue Mar 21 15:37:28 2023:DEBUG:setData: Setting HFC23_emissions[1875]=0
Tue Mar 21 15:37:28 2023:DEBUG:setData: Setting HFC23_emissions[1876]=0
Tue Mar 21 15:37:28 2023:DEBUG:setData: Setting HFC23_emissions[1877]=0
Tue Mar 21 15:37:28 2023:DEBUG:setData: Setting HFC23_emissions[1878]=0
Tue Mar 21 15:37:28 2023:DEBUG:setData: Setting HFC23_emissions[1879]=0
Tue Mar 21 15:37:28 2023:DEBUG:setData: Setting HFC23_emissions[1880]=0
Tue Mar 21 15:37:28 2023:DEBUG:setData: Setting HFC23_emissions[1881]=0
Tue Mar 21 15:37:28 2023:DEBUG:setData: Setting HFC23_emissions[1882]=0
Tue Mar 21 15:37:28 2023:DEBUG:setData: Setting HFC23_emissions[1883]=0
Tue Mar 21 15:37:28 2023:DEBUG:setData: Setting HFC23_emissions[1884]=0
Tue Mar 21 15:37:28 2023:DEBUG:setData: Setting HFC23_emissions[1885]=0
Tue Mar 21 15:37:28 2023:DEBUG:setData: Setting HFC23_emissions[1886]=0
Tue Mar 21 15:37:28 2023:DEBUG:setData: Setting HFC23_emissions[1887]=0
Tue Mar 21 15:37:28 2023:DEBUG:setData: Setting HFC23_emissions[1888]=0
Tue Mar 21 15:37:28 2023:DEBUG:setData: Setting HFC23_emissions[1889]=0
Tue Mar 21 15:37:28 2023:DEBUG:setData: Setting HFC23_emissions[1890]=0
Tue Mar 21 15:37:28 2023:DEBUG:setData: Setting HFC23_emissions[1891]=0
Tue Mar 21 15:37:28 2023:DEBUG:setData: Setting HFC23_emissions[1892]=0
Tue Mar 21 15:37:28 2023:DEBUG:setData: Setting HFC23_emissions[1893]=0
Tue Mar 21 15:37:28 2023:DEBUG:setData: Setting HFC23_emissions[1894]=0
Tue Mar 21 15:37:28 2023:DEBUG:setData: Setting HFC23_emissions[1895]=0
Tue Mar 21 15:37:28 2023:DEBUG:setData: Setting HFC23_emissions[1896]=0
Tue Mar 21 15:37:28 2023:DEBUG:setData: Setting HFC23_emissions[1897]=0
Tue Mar 21 15:37:28 2023:DEBUG:setData: Setting HFC23_emissions[1898]=0
Tue Mar 21 15:37:28 2023:DEBUG:setData: Setting HFC23_emissions[1899]=0
Tue Mar 21 15:37:28 2023:DEBUG:setData: Setting HFC23_emissions[1900]=0
Tue Mar 21 15:37:28 2023:DEBUG:setData: Setting HFC23_emissions[1901]=0
Tue Mar 21 15:37:28 2023:DEBUG:setData: Setting HFC23_emissions[1902]=0
Tue Mar 21 15:37:28 2023:DEBUG:setData: Setting HFC23_emissions[1903]=0
Tue Mar 21 15:37:28 2023:DEBUG:setData: Setting HFC23_emissions[1904]=0
Tue Mar 21 15:37:28 2023:DEBUG:setData: Setting HFC23_emissions[1905]=0
Tue Mar 21 15:37:28 2023:DEBUG:setData: Setting HFC23_emissions[1906]=0
Tue Mar 21 15:37:28 2023:DEBUG:setData: Setting HFC23_emissions[1907]=0
Tue Mar 21 15:37:28 2023:DEBUG:setData: Setting HFC23_emissions[1908]=0
Tue Mar 21 15:37:28 2023:DEBUG:setData: Setting HFC23_emissions[1909]=0
Tue Mar 21 15:37:28 2023:DEBUG:setData: Setting HFC23_emissions[1910]=0
Tue Mar 21 15:37:28 2023:DEBUG:setData: Setting HFC23_emissions[1911]=0
Tue Mar 21 15:37:28 2023:DEBUG:setData: Setting HFC23_emissions[1912]=0
Tue Mar 21 15:37:28 2023:DEBUG:setData: Setting HFC23_emissions[1913]=0
Tue Mar 21 15:37:28 2023:DEBUG:setData: Setting HFC23_emissions[1914]=0
Tue Mar 21 15:37:28 2023:DEBUG:setData: Setting HFC23_emissions[1915]=0
Tue Mar 21 15:37:28 2023:DEBUG:setData: Setting HFC23_emissions[1916]=0
Tue Mar 21 15:37:28 2023:DEBUG:setData: Setting HFC23_emissions[1917]=0
Tue Mar 21 15:37:28 2023:DEBUG:setData: Setting HFC23_emissions[1918]=0
Tue Mar 21 15:37:28 2023:DEBUG:setData: Setting HFC23_emissions[1919]=0
Tue Mar 21 15:37:28 2023:DEBUG:setData: Setting HFC23_emissions[1920]=0
Tue Mar 21 15:37:28 2023:DEBUG:setData: Setting HFC23_emissions[1921]=0
Tue Mar 21 15:37:28 2023:DEBUG:setData: Setting HFC23_emissions[1922]=0
Tue Mar 21 15:37:28 2023:DEBUG:setData: Setting HFC23_emissions[1923]=0
Tue Mar 21 15:37:28 2023:DEBUG:setData: Setting HFC23_emissions[1924]=0
Tue Mar 21 15:37:28 2023:DEBUG:setData: Setting HFC23_emissions[1925]=0
Tue Mar 21 15:37:28 2023:DEBUG:setData: Setting HFC23_emissions[1926]=0
Tue Mar 21 15:37:28 2023:DEBUG:setData: Setting HFC23_emissions[1927]=0.004945027
Tue Mar 21 15:37:28 2023:DEBUG:setData: Setting HFC23_emissions[1928]=0.030139896
Tue Mar 21 15:37:28 2023:DEBUG:setData: Setting HFC23_emissions[1929]=0.003329301
Tue Mar 21 15:37:28 2023:DEBUG:setData: Setting HFC23_emissions[1930]=-0.026051043
Tue Mar 21 15:37:28 2023:DEBUG:setData: Setting HFC23_emissions[1931]=-0.003829208
Tue Mar 21 15:37:28 2023:DEBUG:setData: Setting HFC23_emissions[1932]=0.000743107
Tue Mar 21 15:37:28 2023:DEBUG:setData: Setting HFC23_emissions[1933]=0.000807641
Tue Mar 21 15:37:28 2023:DEBUG:setData: Setting HFC23_emissions[1934]=0.00087789
Tue Mar 21 15:37:28 2023:DEBUG:setData: Setting HFC23_emissions[1935]=0.000954224
Tue Mar 21 15:37:28 2023:DEBUG:setData: Setting HFC23_emissions[1936]=0.001037276
Tue Mar 21 15:37:28 2023:DEBUG:setData: Setting HFC23_emissions[1937]=0.001127477
Tue Mar 21 15:37:28 2023:DEBUG:setData: Setting HFC23_emissions[1938]=0.001225424
Tue Mar 21 15:37:28 2023:DEBUG:setData: Setting HFC23_emissions[1939]=0.001332062
Tue Mar 21 15:37:28 2023:DEBUG:setData: Setting HFC23_emissions[1940]=0.001448183
Tue Mar 21 15:37:28 2023:DEBUG:setData: Setting HFC23_emissions[1941]=0.00157415
Tue Mar 21 15:37:28 2023:DEBUG:setData: Setting HFC23_emissions[1942]=0.001710955
Tue Mar 21 15:37:28 2023:DEBUG:setData: Setting HFC23_emissions[1943]=0.001859737
Tue Mar 21 15:37:28 2023:DEBUG:setData: Setting HFC23_emissions[1944]=0.002021507
Tue Mar 21 15:37:28 2023:DEBUG:setData: Setting HFC23_emissions[1945]=0.002197258
Tue Mar 21 15:37:28 2023:DEBUG:setData: Setting HFC23_emissions[1946]=0.002388349
Tue Mar 21 15:37:28 2023:DEBUG:setData: Setting HFC23_emissions[1947]=0.002596315
Tue Mar 21 15:37:28 2023:DEBUG:setData: Setting HFC23_emissions[1948]=0.003327672
Tue Mar 21 15:37:28 2023:DEBUG:setData: Setting HFC23_emissions[1949]=0.02463759
Tue Mar 21 15:37:28 2023:DEBUG:setData: Setting HFC23_emissions[1950]=0.10531435
Tue Mar 21 15:37:28 2023:DEBUG:setData: Setting HFC23_emissions[1951]=0.2343219
Tue Mar 21 15:37:28 2023:DEBUG:setData: Setting HFC23_emissions[1952]=0.3628351
Tue Mar 21 15:37:28 2023:DEBUG:setData: Setting HFC23_emissions[1953]=0.48047903
Tue Mar 21 15:37:28 2023:DEBUG:setData: Setting HFC23_emissions[1954]=0.59576061
Tue Mar 21 15:37:28 2023:DEBUG:setData: Setting HFC23_emissions[1955]=0.70910415
Tue Mar 21 15:37:28 2023:DEBUG:setData: Setting HFC23_emissions[1956]=0.82044371
Tue Mar 21 15:37:28 2023:DEBUG:setData: Setting HFC23_emissions[1957]=0.92977447
Tue Mar 21 15:37:28 2023:DEBUG:setData: Setting HFC23_emissions[1958]=1.0371306
Tue Mar 21 15:37:28 2023:DEBUG:setData: Setting HFC23_emissions[1959]=1.1424694
Tue Mar 21 15:37:28 2023:DEBUG:setData: Setting HFC23_emissions[1960]=1.2458107
Tue Mar 21 15:37:28 2023:DEBUG:setData: Setting HFC23_emissions[1961]=1.346892
Tue Mar 21 15:37:28 2023:DEBUG:setData: Setting HFC23_emissions[1962]=1.4460951
Tue Mar 21 15:37:28 2023:DEBUG:setData: Setting HFC23_emissions[1963]=1.5429261
Tue Mar 21 15:37:28 2023:DEBUG:setData: Setting HFC23_emissions[1964]=1.6379776
Tue Mar 21 15:37:28 2023:DEBUG:setData: Setting HFC23_emissions[1965]=1.7308461
Tue Mar 21 15:37:28 2023:DEBUG:setData: Setting HFC23_emissions[1966]=1.8217969
Tue Mar 21 15:37:28 2023:DEBUG:setData: Setting HFC23_emissions[1967]=1.9105949
Tue Mar 21 15:37:28 2023:DEBUG:setData: Setting HFC23_emissions[1968]=1.9976935
Tue Mar 21 15:37:28 2023:DEBUG:setData: Setting HFC23_emissions[1969]=2.0817369
Tue Mar 21 15:37:28 2023:DEBUG:setData: Setting HFC23_emissions[1970]=2.1644992
Tue Mar 21 15:37:28 2023:DEBUG:setData: Setting HFC23_emissions[1971]=2.2451174
Tue Mar 21 15:37:28 2023:DEBUG:setData: Setting HFC23_emissions[1972]=2.3233295
Tue Mar 21 15:37:28 2023:DEBUG:setData: Setting HFC23_emissions[1973]=2.4006492
Tue Mar 21 15:37:28 2023:DEBUG:setData: Setting HFC23_emissions[1974]=2.474116
Tue Mar 21 15:37:28 2023:DEBUG:setData: Setting HFC23_emissions[1975]=2.545125
Tue Mar 21 15:37:28 2023:DEBUG:setData: Setting HFC23_emissions[1976]=2.614347
Tue Mar 21 15:37:28 2023:DEBUG:setData: Setting HFC23_emissions[1977]=3.5323931
Tue Mar 21 15:37:28 2023:DEBUG:setData: Setting HFC23_emissions[1978]=4.661461
Tue Mar 21 15:37:28 2023:DEBUG:setData: Setting HFC23_emissions[1979]=5.0937882
Tue Mar 21 15:37:28 2023:DEBUG:setData: Setting HFC23_emissions[1980]=5.1732709
Tue Mar 21 15:37:28 2023:DEBUG:setData: Setting HFC23_emissions[1981]=4.4274361
Tue Mar 21 15:37:28 2023:DEBUG:setData: Setting HFC23_emissions[1982]=3.5575865
Tue Mar 21 15:37:28 2023:DEBUG:setData: Setting HFC23_emissions[1983]=3.8040369
Tue Mar 21 15:37:28 2023:DEBUG:setData: Setting HFC23_emissions[1984]=4.8805395
Tue Mar 21 15:37:28 2023:DEBUG:setData: Setting HFC23_emissions[1985]=5.2553933
Tue Mar 21 15:37:28 2023:DEBUG:setData: Setting HFC23_emissions[1986]=5.6896951
Tue Mar 21 15:37:28 2023:DEBUG:setData: Setting HFC23_emissions[1987]=6.5386064
Tue Mar 21 15:37:28 2023:DEBUG:setData: Setting HFC23_emissions[1988]=6.6278139
Tue Mar 21 15:37:28 2023:DEBUG:setData: Setting HFC23_emissions[1989]=6.6572182
Tue Mar 21 15:37:28 2023:DEBUG:setData: Setting HFC23_emissions[1990]=6.6838429
Tue Mar 21 15:37:28 2023:DEBUG:setData: Setting HFC23_emissions[1991]=7.0572566
Tue Mar 21 15:37:28 2023:DEBUG:setData: Setting HFC23_emissions[1992]=7.9102615
Tue Mar 21 15:37:28 2023:DEBUG:setData: Setting HFC23_emissions[1993]=8.3534838
Tue Mar 21 15:37:28 2023:DEBUG:setData: Setting HFC23_emissions[1994]=8.737968
Tue Mar 21 15:37:28 2023:DEBUG:setData: Setting HFC23_emissions[1995]=9.315257
Tue Mar 21 15:37:28 2023:DEBUG:setData: Setting HFC23_emissions[1996]=9.7707047
Tue Mar 21 15:37:28 2023:DEBUG:setData: Setting HFC23_emissions[1997]=9.7952259
Tue Mar 21 15:37:28 2023:DEBUG:setData: Setting HFC23_emissions[1998]=10.02529
Tue Mar 21 15:37:28 2023:DEBUG:setData: Setting HFC23_emissions[1999]=10.07373
Tue Mar 21 15:37:28 2023:DEBUG:setData: Setting HFC23_emissions[2000]=9.2978389
Tue Mar 21 15:37:28 2023:DEBUG:setData: Setting HFC23_emissions[2001]=8.9840003
Tue Mar 21 15:37:28 2023:DEBUG:setData: Setting HFC23_emissions[2002]=9.7208997
Tue Mar 21 15:37:28 2023:DEBUG:setData: Setting HFC23_emissions[2003]=11.005369
Tue Mar 21 15:37:28 2023:DEBUG:setData: Setting HFC23_emissions[2004]=12.712613
Tue Mar 21 15:37:28 2023:DEBUG:setData: Setting HFC23_emissions[2005]=14.626529
Tue Mar 21 15:37:28 2023:DEBUG:setData: Setting HFC23_emissions[2006]=12.639849
Tue Mar 21 15:37:28 2023:DEBUG:setData: Setting HFC23_emissions[2007]=9.3262891
Tue Mar 21 15:37:28 2023:DEBUG:setData: Setting HFC23_emissions[2008]=8.8123411
Tue Mar 21 15:37:28 2023:DEBUG:setData: Setting HFC23_emissions[2009]=9.9336003
Tue Mar 21 15:37:28 2023:DEBUG:setData: Setting HFC23_emissions[2010]=11.247607
Tue Mar 21 15:37:28 2023:DEBUG:setData: Setting HFC23_emissions[2011]=12.498165
Tue Mar 21 15:37:28 2023:DEBUG:setData: Setting HFC23_emissions[2012]=12.591587
Tue Mar 21 15:37:28 2023:DEBUG:setData: Setting HFC23_emissions[2013]=11.604213
Tue Mar 21 15:37:28 2023:DEBUG:setData: Setting HFC23_emissions[2014]=12.991
Tue Mar 21 15:37:28 2023:DEBUG:setData: Setting HFC23_emissions[2015]=14.4857
Tue Mar 21 15:37:28 2023:DEBUG:setData: Setting HFC23_emissions[2016]=12.12738
Tue Mar 21 15:37:28 2023:DEBUG:setData: Setting HFC23_emissions[2017]=9.76906
Tue Mar 21 15:37:28 2023:DEBUG:setData: Setting HFC23_emissions[2018]=7.41074
Tue Mar 21 15:37:28 2023:DEBUG:setData: Setting HFC23_emissions[2019]=5.05242
Tue Mar 21 15:37:28 2023:DEBUG:setData: Setting HFC23_emissions[2020]=2.6941
Tue Mar 21 15:37:28 2023:DEBUG:setData: Setting HFC23_emissions[2021]=2.48112
Tue Mar 21 15:37:28 2023:DEBUG:setData: Setting HFC23_emissions[2022]=2.26814
Tue Mar 21 15:37:28 2023:DEBUG:setData: Setting HFC23_emissions[2023]=2.05516
Tue Mar 21 15:37:28 2023:DEBUG:setData: Setting HFC23_emissions[2024]=1.84218
Tue Mar 21 15:37:28 2023:DEBUG:setData: Setting HFC23_emissions[2025]=1.6292
Tue Mar 21 15:37:28 2023:DEBUG:setData: Setting HFC23_emissions[2026]=1.41622
Tue Mar 21 15:37:28 2023:DEBUG:setData: Setting HFC23_emissions[2027]=1.20324
Tue Mar 21 15:37:28 2023:DEBUG:setData: Setting HFC23_emissions[2028]=0.99026
Tue Mar 21 15:37:28 2023:DEBUG:setData: Setting HFC23_emissions[2029]=0.77728
Tue Mar 21 15:37:28 2023:DEBUG:setData: Setting HFC23_emissions[2030]=0.5643
Tue Mar 21 15:37:28 2023:DEBUG:setData: Setting HFC23_emissions[2031]=0.53513
Tue Mar 21 15:37:28 2023:DEBUG:setData: Setting HFC23_emissions[2032]=0.50596
Tue Mar 21 15:37:28 2023:DEBUG:setData: Setting HFC23_emissions[2033]=0.47679
Tue Mar 21 15:37:28 2023:DEBUG:setData: Setting HFC23_emissions[2034]=0.44762
Tue Mar 21 15:37:28 2023:DEBUG:setData: Setting HFC23_emissions[2035]=0.41845
Tue Mar 21 15:37:28 2023:DEBUG:setData: Setting HFC23_emissions[2036]=0.38928
Tue Mar 21 15:37:28 2023:DEBUG:setData: Setting HFC23_emissions[2037]=0.36011
Tue Mar 21 15:37:28 2023:DEBUG:setData: Setting HFC23_emissions[2038]=0.33094
Tue Mar 21 15:37:28 2023:DEBUG:setData: Setting HFC23_emissions[2039]=0.30177
Tue Mar 21 15:37:28 2023:DEBUG:setData: Setting HFC23_emissions[2040]=0.2726
Tue Mar 21 15:37:28 2023:DEBUG:setData: Setting HFC23_emissions[2041]=0.25616
Tue Mar 21 15:37:28 2023:DEBUG:setData: Setting HFC23_emissions[2042]=0.23972
Tue Mar 21 15:37:28 2023:DEBUG:setData: Setting HFC23_emissions[2043]=0.22328
Tue Mar 21 15:37:28 2023:DEBUG:setData: Setting HFC23_emissions[2044]=0.20684
Tue Mar 21 15:37:28 2023:DEBUG:setData: Setting HFC23_emissions[2045]=0.1904
Tue Mar 21 15:37:28 2023:DEBUG:setData: Setting HFC23_emissions[2046]=0.17396
Tue Mar 21 15:37:28 2023:DEBUG:setData: Setting HFC23_emissions[2047]=0.15752
Tue Mar 21 15:37:28 2023:DEBUG:setData: Setting HFC23_emissions[2048]=0.14108
Tue Mar 21 15:37:28 2023:DEBUG:setData: Setting HFC23_emissions[2049]=0.12464
Tue Mar 21 15:37:28 2023:DEBUG:setData: Setting HFC23_emissions[2050]=0.1082
Tue Mar 21 15:37:28 2023:DEBUG:setData: Setting HFC23_emissions[2051]=0.10313
Tue Mar 21 15:37:28 2023:DEBUG:setData: Setting HFC23_emissions[2052]=0.09806
Tue Mar 21 15:37:28 2023:DEBUG:setData: Setting HFC23_emissions[2053]=0.09299
Tue Mar 21 15:37:28 2023:DEBUG:setData: Setting HFC23_emissions[2054]=0.08792
Tue Mar 21 15:37:28 2023:DEBUG:setData: Setting HFC23_emissions[2055]=0.08285
Tue Mar 21 15:37:28 2023:DEBUG:setData: Setting HFC23_emissions[2056]=0.07778
Tue Mar 21 15:37:28 2023:DEBUG:setData: Setting HFC23_emissions[2057]=0.07271
Tue Mar 21 15:37:28 2023:DEBUG:setData: Setting HFC23_emissions[2058]=0.06764
Tue Mar 21 15:37:28 2023:DEBUG:setData: Setting HFC23_emissions[2059]=0.06257
Tue Mar 21 15:37:28 2023:DEBUG:setData: Setting HFC23_emissions[2060]=0.0575
Tue Mar 21 15:37:28 2023:DEBUG:setData: Setting HFC23_emissions[2061]=0.05466
Tue Mar 21 15:37:28 2023:DEBUG:setData: Setting HFC23_emissions[2062]=0.05182
Tue Mar 21 15:37:28 2023:DEBUG:setData: Setting HFC23_emissions[2063]=0.04898
Tue Mar 21 15:37:28 2023:DEBUG:setData: Setting HFC23_emissions[2064]=0.04614
Tue Mar 21 15:37:28 2023:DEBUG:setData: Setting HFC23_emissions[2065]=0.0433
Tue Mar 21 15:37:28 2023:DEBUG:setData: Setting HFC23_emissions[2066]=0.04046
Tue Mar 21 15:37:28 2023:DEBUG:setData: Setting HFC23_emissions[2067]=0.03762
Tue Mar 21 15:37:28 2023:DEBUG:setData: Setting HFC23_emissions[2068]=0.03478
Tue Mar 21 15:37:28 2023:DEBUG:setData: Setting HFC23_emissions[2069]=0.03194
Tue Mar 21 15:37:28 2023:DEBUG:setData: Setting HFC23_emissions[2070]=0.0291
Tue Mar 21 15:37:28 2023:DEBUG:setData: Setting HFC23_emissions[2071]=0.02762
Tue Mar 21 15:37:28 2023:DEBUG:setData: Setting HFC23_emissions[2072]=0.02614
Tue Mar 21 15:37:28 2023:DEBUG:setData: Setting HFC23_emissions[2073]=0.02466
Tue Mar 21 15:37:28 2023:DEBUG:setData: Setting HFC23_emissions[2074]=0.02318
Tue Mar 21 15:37:28 2023:DEBUG:setData: Setting HFC23_emissions[2075]=0.0217
Tue Mar 21 15:37:28 2023:DEBUG:setData: Setting HFC23_emissions[2076]=0.02022
Tue Mar 21 15:37:28 2023:DEBUG:setData: Setting HFC23_emissions[2077]=0.01874
Tue Mar 21 15:37:28 2023:DEBUG:setData: Setting HFC23_emissions[2078]=0.01726
Tue Mar 21 15:37:28 2023:DEBUG:setData: Setting HFC23_emissions[2079]=0.01578
Tue Mar 21 15:37:28 2023:DEBUG:setData: Setting HFC23_emissions[2080]=0.0143
Tue Mar 21 15:37:28 2023:DEBUG:setData: Setting HFC23_emissions[2081]=0.01358
Tue Mar 21 15:37:28 2023:DEBUG:setData: Setting HFC23_emissions[2082]=0.01286
Tue Mar 21 15:37:28 2023:DEBUG:setData: Setting HFC23_emissions[2083]=0.01214
Tue Mar 21 15:37:28 2023:DEBUG:setData: Setting HFC23_emissions[2084]=0.01142
Tue Mar 21 15:37:28 2023:DEBUG:setData: Setting HFC23_emissions[2085]=0.0107
Tue Mar 21 15:37:28 2023:DEBUG:setData: Setting HFC23_emissions[2086]=0.00998
Tue Mar 21 15:37:28 2023:DEBUG:setData: Setting HFC23_emissions[2087]=0.00926
Tue Mar 21 15:37:28 2023:DEBUG:setData: Setting HFC23_emissions[2088]=0.00854
Tue Mar 21 15:37:28 2023:DEBUG:setData: Setting HFC23_emissions[2089]=0.00782
Tue Mar 21 15:37:28 2023:DEBUG:setData: Setting HFC23_emissions[2090]=0.0071
Tue Mar 21 15:37:28 2023:DEBUG:setData: Setting HFC23_emissions[2091]=0.00639
Tue Mar 21 15:37:28 2023:DEBUG:setData: Setting HFC23_emissions[2092]=0.00568
Tue Mar 21 15:37:28 2023:DEBUG:setData: Setting HFC23_emissions[2093]=0.00497
Tue Mar 21 15:37:28 2023:DEBUG:setData: Setting HFC23_emissions[2094]=0.00426
Tue Mar 21 15:37:28 2023:DEBUG:setData: Setting HFC23_emissions[2095]=0.00355
Tue Mar 21 15:37:28 2023:DEBUG:setData: Setting HFC23_emissions[2096]=0.00284
Tue Mar 21 15:37:28 2023:DEBUG:setData: Setting HFC23_emissions[2097]=0.00213
Tue Mar 21 15:37:28 2023:DEBUG:setData: Setting HFC23_emissions[2098]=0.00142
Tue Mar 21 15:37:28 2023:DEBUG:setData: Setting HFC23_emissions[2099]=0.00071
Tue Mar 21 15:37:28 2023:DEBUG:setData: Setting HFC23_emissions[2100]=0
Tue Mar 21 15:37:28 2023:DEBUG:setData: Setting HFC23_emissions[2101]=0
Tue Mar 21 15:37:28 2023:DEBUG:setData: Setting HFC23_emissions[2102]=0
Tue Mar 21 15:37:28 2023:DEBUG:setData: Setting HFC23_emissions[2103]=0
Tue Mar 21 15:37:28 2023:DEBUG:setData: Setting HFC23_emissions[2104]=0
Tue Mar 21 15:37:28 2023:DEBUG:setData: Setting HFC23_emissions[2105]=0
Tue Mar 21 15:37:28 2023:DEBUG:setData: Setting HFC23_emissions[2106]=0
Tue Mar 21 15:37:28 2023:DEBUG:setData: Setting HFC23_emissions[2107]=0
Tue Mar 21 15:37:28 2023:DEBUG:setData: Setting HFC23_emissions[2108]=0
Tue Mar 21 15:37:28 2023:DEBUG:setData: Setting HFC23_emissions[2109]=0
Tue Mar 21 15:37:28 2023:DEBUG:setData: Setting HFC23_emissions[2110]=0
Tue Mar 21 15:37:28 2023:DEBUG:setData: Setting HFC23_emissions[2111]=0
Tue Mar 21 15:37:28 2023:DEBUG:setData: Setting HFC23_emissions[2112]=0
Tue Mar 21 15:37:28 2023:DEBUG:setData: Setting HFC23_emissions[2113]=0
Tue Mar 21 15:37:28 2023:DEBUG:setData: Setting HFC23_emissions[2114]=0
Tue Mar 21 15:37:28 2023:DEBUG:setData: Setting HFC23_emissions[2115]=0
Tue Mar 21 15:37:28 2023:DEBUG:setData: Setting HFC23_emissions[2116]=0
Tue Mar 21 15:37:28 2023:DEBUG:setData: Setting HFC23_emissions[2117]=0
Tue Mar 21 15:37:28 2023:DEBUG:setData: Setting HFC23_emissions[2118]=0
Tue Mar 21 15:37:28 2023:DEBUG:setData: Setting HFC23_emissions[2119]=0
Tue Mar 21 15:37:28 2023:DEBUG:setData: Setting HFC23_emissions[2120]=0
Tue Mar 21 15:37:28 2023:DEBUG:setData: Setting HFC23_emissions[2121]=0
Tue Mar 21 15:37:28 2023:DEBUG:setData: Setting HFC23_emissions[2122]=0
Tue Mar 21 15:37:28 2023:DEBUG:setData: Setting HFC23_emissions[2123]=0
Tue Mar 21 15:37:28 2023:DEBUG:setData: Setting HFC23_emissions[2124]=0
Tue Mar 21 15:37:28 2023:DEBUG:setData: Setting HFC23_emissions[2125]=0
Tue Mar 21 15:37:28 2023:DEBUG:setData: Setting HFC23_emissions[2126]=0
Tue Mar 21 15:37:28 2023:DEBUG:setData: Setting HFC23_emissions[2127]=0
Tue Mar 21 15:37:28 2023:DEBUG:setData: Setting HFC23_emissions[2128]=0
Tue Mar 21 15:37:28 2023:DEBUG:setData: Setting HFC23_emissions[2129]=0
Tue Mar 21 15:37:28 2023:DEBUG:setData: Setting HFC23_emissions[2130]=0
Tue Mar 21 15:37:28 2023:DEBUG:setData: Setting HFC23_emissions[2131]=0
Tue Mar 21 15:37:28 2023:DEBUG:setData: Setting HFC23_emissions[2132]=0
Tue Mar 21 15:37:28 2023:DEBUG:setData: Setting HFC23_emissions[2133]=0
Tue Mar 21 15:37:28 2023:DEBUG:setData: Setting HFC23_emissions[2134]=0
Tue Mar 21 15:37:28 2023:DEBUG:setData: Setting HFC23_emissions[2135]=0
Tue Mar 21 15:37:28 2023:DEBUG:setData: Setting HFC23_emissions[2136]=0
Tue Mar 21 15:37:28 2023:DEBUG:setData: Setting HFC23_emissions[2137]=0
Tue Mar 21 15:37:28 2023:DEBUG:setData: Setting HFC23_emissions[2138]=0
Tue Mar 21 15:37:28 2023:DEBUG:setData: Setting HFC23_emissions[2139]=0
Tue Mar 21 15:37:28 2023:DEBUG:setData: Setting HFC23_emissions[2140]=0
Tue Mar 21 15:37:28 2023:DEBUG:setData: Setting HFC23_emissions[2141]=0
Tue Mar 21 15:37:28 2023:DEBUG:setData: Setting HFC23_emissions[2142]=0
Tue Mar 21 15:37:28 2023:DEBUG:setData: Setting HFC23_emissions[2143]=0
Tue Mar 21 15:37:28 2023:DEBUG:setData: Setting HFC23_emissions[2144]=0
Tue Mar 21 15:37:28 2023:DEBUG:setData: Setting HFC23_emissions[2145]=0
Tue Mar 21 15:37:28 2023:DEBUG:setData: Setting HFC23_emissions[2146]=0
Tue Mar 21 15:37:28 2023:DEBUG:setData: Setting HFC23_emissions[2147]=0
Tue Mar 21 15:37:28 2023:DEBUG:setData: Setting HFC23_emissions[2148]=0
Tue Mar 21 15:37:28 2023:DEBUG:setData: Setting HFC23_emissions[2149]=0
Tue Mar 21 15:37:28 2023:DEBUG:setData: Setting HFC23_emissions[2150]=0
Tue Mar 21 15:37:28 2023:DEBUG:setData: Setting HFC23_emissions[2151]=0
Tue Mar 21 15:37:28 2023:DEBUG:setData: Setting HFC23_emissions[2152]=0
Tue Mar 21 15:37:28 2023:DEBUG:setData: Setting HFC23_emissions[2153]=0
Tue Mar 21 15:37:28 2023:DEBUG:setData: Setting HFC23_emissions[2154]=0
Tue Mar 21 15:37:28 2023:DEBUG:setData: Setting HFC23_emissions[2155]=0
Tue Mar 21 15:37:28 2023:DEBUG:setData: Setting HFC23_emissions[2156]=0
Tue Mar 21 15:37:28 2023:DEBUG:setData: Setting HFC23_emissions[2157]=0
Tue Mar 21 15:37:28 2023:DEBUG:setData: Setting HFC23_emissions[2158]=0
Tue Mar 21 15:37:28 2023:DEBUG:setData: Setting HFC23_emissions[2159]=0
Tue Mar 21 15:37:28 2023:DEBUG:setData: Setting HFC23_emissions[2160]=0
Tue Mar 21 15:37:28 2023:DEBUG:setData: Setting HFC23_emissions[2161]=0
Tue Mar 21 15:37:28 2023:DEBUG:setData: Setting HFC23_emissions[2162]=0
Tue Mar 21 15:37:28 2023:DEBUG:setData: Setting HFC23_emissions[2163]=0
Tue Mar 21 15:37:28 2023:DEBUG:setData: Setting HFC23_emissions[2164]=0
Tue Mar 21 15:37:28 2023:DEBUG:setData: Setting HFC23_emissions[2165]=0
Tue Mar 21 15:37:28 2023:DEBUG:setData: Setting HFC23_emissions[2166]=0
Tue Mar 21 15:37:28 2023:DEBUG:setData: Setting HFC23_emissions[2167]=0
Tue Mar 21 15:37:28 2023:DEBUG:setData: Setting HFC23_emissions[2168]=0
Tue Mar 21 15:37:28 2023:DEBUG:setData: Setting HFC23_emissions[2169]=0
Tue Mar 21 15:37:28 2023:DEBUG:setData: Setting HFC23_emissions[2170]=0
Tue Mar 21 15:37:28 2023:DEBUG:setData: Setting HFC23_emissions[2171]=0
Tue Mar 21 15:37:28 2023:DEBUG:setData: Setting HFC23_emissions[2172]=0
Tue Mar 21 15:37:28 2023:DEBUG:setData: Setting HFC23_emissions[2173]=0
Tue Mar 21 15:37:28 2023:DEBUG:setData: Setting HFC23_emissions[2174]=0
Tue Mar 21 15:37:28 2023:DEBUG:setData: Setting HFC23_emissions[2175]=0
Tue Mar 21 15:37:28 2023:DEBUG:setData: Setting HFC23_emissions[2176]=0
Tue Mar 21 15:37:28 2023:DEBUG:setData: Setting HFC23_emissions[2177]=0
Tue Mar 21 15:37:28 2023:DEBUG:setData: Setting HFC23_emissions[2178]=0
Tue Mar 21 15:37:28 2023:DEBUG:setData: Setting HFC23_emissions[2179]=0
Tue Mar 21 15:37:28 2023:DEBUG:setData: Setting HFC23_emissions[2180]=0
Tue Mar 21 15:37:28 2023:DEBUG:setData: Setting HFC23_emissions[2181]=0
Tue Mar 21 15:37:28 2023:DEBUG:setData: Setting HFC23_emissions[2182]=0
Tue Mar 21 15:37:28 2023:DEBUG:setData: Setting HFC23_emissions[2183]=0
Tue Mar 21 15:37:28 2023:DEBUG:setData: Setting HFC23_emissions[2184]=0
Tue Mar 21 15:37:28 2023:DEBUG:setData: Setting HFC23_emissions[2185]=0
Tue Mar 21 15:37:28 2023:DEBUG:setData: Setting HFC23_emissions[2186]=0
Tue Mar 21 15:37:28 2023:DEBUG:setData: Setting HFC23_emissions[2187]=0
Tue Mar 21 15:37:28 2023:DEBUG:setData: Setting HFC23_emissions[2188]=0
Tue Mar 21 15:37:28 2023:DEBUG:setData: Setting HFC23_emissions[2189]=0
Tue Mar 21 15:37:28 2023:DEBUG:setData: Setting HFC23_emissions[2190]=0
Tue Mar 21 15:37:28 2023:DEBUG:setData: Setting HFC23_emissions[2191]=0
Tue Mar 21 15:37:28 2023:DEBUG:setData: Setting HFC23_emissions[2192]=0
Tue Mar 21 15:37:28 2023:DEBUG:setData: Setting HFC23_emissions[2193]=0
Tue Mar 21 15:37:28 2023:DEBUG:setData: Setting HFC23_emissions[2194]=0
Tue Mar 21 15:37:28 2023:DEBUG:setData: Setting HFC23_emissions[2195]=0
Tue Mar 21 15:37:28 2023:DEBUG:setData: Setting HFC23_emissions[2196]=0
Tue Mar 21 15:37:28 2023:DEBUG:setData: Setting HFC23_emissions[2197]=0
Tue Mar 21 15:37:28 2023:DEBUG:setData: Setting HFC23_emissions[2198]=0
Tue Mar 21 15:37:28 2023:DEBUG:setData: Setting HFC23_emissions[2199]=0
Tue Mar 21 15:37:28 2023:DEBUG:setData: Setting HFC23_emissions[2200]=0
Tue Mar 21 15:37:28 2023:DEBUG:setData: Setting HFC23_emissions[2201]=0
Tue Mar 21 15:37:28 2023:DEBUG:setData: Setting HFC23_emissions[2202]=0
Tue Mar 21 15:37:28 2023:DEBUG:setData: Setting HFC23_emissions[2203]=0
Tue Mar 21 15:37:28 2023:DEBUG:setData: Setting HFC23_emissions[2204]=0
Tue Mar 21 15:37:28 2023:DEBUG:setData: Setting HFC23_emissions[2205]=0
Tue Mar 21 15:37:28 2023:DEBUG:setData: Setting HFC23_emissions[2206]=0
Tue Mar 21 15:37:28 2023:DEBUG:setData: Setting HFC23_emissions[2207]=0
Tue Mar 21 15:37:28 2023:DEBUG:setData: Setting HFC23_emissions[2208]=0
Tue Mar 21 15:37:28 2023:DEBUG:setData: Setting HFC23_emissions[2209]=0
Tue Mar 21 15:37:28 2023:DEBUG:setData: Setting HFC23_emissions[2210]=0
Tue Mar 21 15:37:28 2023:DEBUG:setData: Setting HFC23_emissions[2211]=0
Tue Mar 21 15:37:28 2023:DEBUG:setData: Setting HFC23_emissions[2212]=0
Tue Mar 21 15:37:28 2023:DEBUG:setData: Setting HFC23_emissions[2213]=0
Tue Mar 21 15:37:28 2023:DEBUG:setData: Setting HFC23_emissions[2214]=0
Tue Mar 21 15:37:28 2023:DEBUG:setData: Setting HFC23_emissions[2215]=0
Tue Mar 21 15:37:28 2023:DEBUG:setData: Setting HFC23_emissions[2216]=0
Tue Mar 21 15:37:28 2023:DEBUG:setData: Setting HFC23_emissions[2217]=0
Tue Mar 21 15:37:28 2023:DEBUG:setData: Setting HFC23_emissions[2218]=0
Tue Mar 21 15:37:28 2023:DEBUG:setData: Setting HFC23_emissions[2219]=0
Tue Mar 21 15:37:28 2023:DEBUG:setData: Setting HFC23_emissions[2220]=0
Tue Mar 21 15:37:28 2023:DEBUG:setData: Setting HFC23_emissions[2221]=0
Tue Mar 21 15:37:28 2023:DEBUG:setData: Setting HFC23_emissions[2222]=0
Tue Mar 21 15:37:28 2023:DEBUG:setData: Setting HFC23_emissions[2223]=0
Tue Mar 21 15:37:28 2023:DEBUG:setData: Setting HFC23_emissions[2224]=0
Tue Mar 21 15:37:28 2023:DEBUG:setData: Setting HFC23_emissions[2225]=0
Tue Mar 21 15:37:28 2023:DEBUG:setData: Setting HFC23_emissions[2226]=0
Tue Mar 21 15:37:28 2023:DEBUG:setData: Setting HFC23_emissions[2227]=0
Tue Mar 21 15:37:28 2023:DEBUG:setData: Setting HFC23_emissions[2228]=0
Tue Mar 21 15:37:28 2023:DEBUG:setData: Setting HFC23_emissions[2229]=0
Tue Mar 21 15:37:28 2023:DEBUG:setData: Setting HFC23_emissions[2230]=0
Tue Mar 21 15:37:28 2023:DEBUG:setData: Setting HFC23_emissions[2231]=0
Tue Mar 21 15:37:28 2023:DEBUG:setData: Setting HFC23_emissions[2232]=0
Tue Mar 21 15:37:28 2023:DEBUG:setData: Setting HFC23_emissions[2233]=0
Tue Mar 21 15:37:28 2023:DEBUG:setData: Setting HFC23_emissions[2234]=0
Tue Mar 21 15:37:28 2023:DEBUG:setData: Setting HFC23_emissions[2235]=0
Tue Mar 21 15:37:28 2023:DEBUG:setData: Setting HFC23_emissions[2236]=0
Tue Mar 21 15:37:28 2023:DEBUG:setData: Setting HFC23_emissions[2237]=0
Tue Mar 21 15:37:28 2023:DEBUG:setData: Setting HFC23_emissions[2238]=0
Tue Mar 21 15:37:28 2023:DEBUG:setData: Setting HFC23_emissions[2239]=0
Tue Mar 21 15:37:28 2023:DEBUG:setData: Setting HFC23_emissions[2240]=0
Tue Mar 21 15:37:28 2023:DEBUG:setData: Setting HFC23_emissions[2241]=0
Tue Mar 21 15:37:28 2023:DEBUG:setData: Setting HFC23_emissions[2242]=0
Tue Mar 21 15:37:28 2023:DEBUG:setData: Setting HFC23_emissions[2243]=0
Tue Mar 21 15:37:28 2023:DEBUG:setData: Setting HFC23_emissions[2244]=0
Tue Mar 21 15:37:28 2023:DEBUG:setData: Setting HFC23_emissions[2245]=0
Tue Mar 21 15:37:28 2023:DEBUG:setData: Setting HFC23_emissions[2246]=0
Tue Mar 21 15:37:28 2023:DEBUG:setData: Setting HFC23_emissions[2247]=0
Tue Mar 21 15:37:28 2023:DEBUG:setData: Setting HFC23_emissions[2248]=0
Tue Mar 21 15:37:28 2023:DEBUG:setData: Setting HFC23_emissions[2249]=0
Tue Mar 21 15:37:28 2023:DEBUG:setData: Setting HFC23_emissions[2250]=0
Tue Mar 21 15:37:28 2023:DEBUG:setData: Setting HFC23_emissions[2251]=0
Tue Mar 21 15:37:28 2023:DEBUG:setData: Setting HFC23_emissions[2252]=0
Tue Mar 21 15:37:28 2023:DEBUG:setData: Setting HFC23_emissions[2253]=0
Tue Mar 21 15:37:28 2023:DEBUG:setData: Setting HFC23_emissions[2254]=0
Tue Mar 21 15:37:28 2023:DEBUG:setData: Setting HFC23_emissions[2255]=0
Tue Mar 21 15:37:28 2023:DEBUG:setData: Setting HFC23_emissions[2256]=0
Tue Mar 21 15:37:28 2023:DEBUG:setData: Setting HFC23_emissions[2257]=0
Tue Mar 21 15:37:28 2023:DEBUG:setData: Setting HFC23_emissions[2258]=0
Tue Mar 21 15:37:28 2023:DEBUG:setData: Setting HFC23_emissions[2259]=0
Tue Mar 21 15:37:28 2023:DEBUG:setData: Setting HFC23_emissions[2260]=0
Tue Mar 21 15:37:28 2023:DEBUG:setData: Setting HFC23_emissions[2261]=0
Tue Mar 21 15:37:28 2023:DEBUG:setData: Setting HFC23_emissions[2262]=0
Tue Mar 21 15:37:28 2023:DEBUG:setData: Setting HFC23_emissions[2263]=0
Tue Mar 21 15:37:28 2023:DEBUG:setData: Setting HFC23_emissions[2264]=0
Tue Mar 21 15:37:28 2023:DEBUG:setData: Setting HFC23_emissions[2265]=0
Tue Mar 21 15:37:28 2023:DEBUG:setData: Setting HFC23_emissions[2266]=0
Tue Mar 21 15:37:28 2023:DEBUG:setData: Setting HFC23_emissions[2267]=0
Tue Mar 21 15:37:28 2023:DEBUG:setData: Setting HFC23_emissions[2268]=0
Tue Mar 21 15:37:28 2023:DEBUG:setData: Setting HFC23_emissions[2269]=0
Tue Mar 21 15:37:28 2023:DEBUG:setData: Setting HFC23_emissions[2270]=0
Tue Mar 21 15:37:28 2023:DEBUG:setData: Setting HFC23_emissions[2271]=0
Tue Mar 21 15:37:28 2023:DEBUG:setData: Setting HFC23_emissions[2272]=0
Tue Mar 21 15:37:28 2023:DEBUG:setData: Setting HFC23_emissions[2273]=0
Tue Mar 21 15:37:28 2023:DEBUG:setData: Setting HFC23_emissions[2274]=0
Tue Mar 21 15:37:28 2023:DEBUG:setData: Setting HFC23_emissions[2275]=0
Tue Mar 21 15:37:28 2023:DEBUG:setData: Setting HFC23_emissions[2276]=0
Tue Mar 21 15:37:28 2023:DEBUG:setData: Setting HFC23_emissions[2277]=0
Tue Mar 21 15:37:28 2023:DEBUG:setData: Setting HFC23_emissions[2278]=0
Tue Mar 21 15:37:28 2023:DEBUG:setData: Setting HFC23_emissions[2279]=0
Tue Mar 21 15:37:28 2023:DEBUG:setData: Setting HFC23_emissions[2280]=0
Tue Mar 21 15:37:28 2023:DEBUG:setData: Setting HFC23_emissions[2281]=0
Tue Mar 21 15:37:28 2023:DEBUG:setData: Setting HFC23_emissions[2282]=0
Tue Mar 21 15:37:28 2023:DEBUG:setData: Setting HFC23_emissions[2283]=0
Tue Mar 21 15:37:28 2023:DEBUG:setData: Setting HFC23_emissions[2284]=0
Tue Mar 21 15:37:28 2023:DEBUG:setData: Setting HFC23_emissions[2285]=0
Tue Mar 21 15:37:28 2023:DEBUG:setData: Setting HFC23_emissions[2286]=0
Tue Mar 21 15:37:28 2023:DEBUG:setData: Setting HFC23_emissions[2287]=0
Tue Mar 21 15:37:28 2023:DEBUG:setData: Setting HFC23_emissions[2288]=0
Tue Mar 21 15:37:28 2023:DEBUG:setData: Setting HFC23_emissions[2289]=0
Tue Mar 21 15:37:28 2023:DEBUG:setData: Setting HFC23_emissions[2290]=0
Tue Mar 21 15:37:28 2023:DEBUG:setData: Setting HFC23_emissions[2291]=0
Tue Mar 21 15:37:28 2023:DEBUG:setData: Setting HFC23_emissions[2292]=0
Tue Mar 21 15:37:28 2023:DEBUG:setData: Setting HFC23_emissions[2293]=0
Tue Mar 21 15:37:28 2023:DEBUG:setData: Setting HFC23_emissions[2294]=0
Tue Mar 21 15:37:28 2023:DEBUG:setData: Setting HFC23_emissions[2295]=0
Tue Mar 21 15:37:28 2023:DEBUG:setData: Setting HFC23_emissions[2296]=0
Tue Mar 21 15:37:28 2023:DEBUG:setData: Setting HFC23_emissions[2297]=0
Tue Mar 21 15:37:28 2023:DEBUG:setData: Setting HFC23_emissions[2298]=0
Tue Mar 21 15:37:28 2023:DEBUG:setData: Setting HFC23_emissions[2299]=0
Tue Mar 21 15:37:28 2023:DEBUG:setData: Setting HFC23_emissions[2300]=0
Tue Mar 21 15:37:28 2023:DEBUG:setData: Setting HFC23_emissions[2301]=0
Tue Mar 21 15:37:28 2023:DEBUG:setData: Setting HFC23_emissions[2302]=0
Tue Mar 21 15:37:28 2023:DEBUG:setData: Setting HFC23_emissions[2303]=0
Tue Mar 21 15:37:28 2023:DEBUG:setData: Setting HFC23_emissions[2304]=0
Tue Mar 21 15:37:28 2023:DEBUG:setData: Setting HFC23_emissions[2305]=0
Tue Mar 21 15:37:28 2023:DEBUG:setData: Setting HFC23_emissions[2306]=0
Tue Mar 21 15:37:28 2023:DEBUG:setData: Setting HFC23_emissions[2307]=0
Tue Mar 21 15:37:28 2023:DEBUG:setData: Setting HFC23_emissions[2308]=0
Tue Mar 21 15:37:28 2023:DEBUG:setData: Setting HFC23_emissions[2309]=0
Tue Mar 21 15:37:28 2023:DEBUG:setData: Setting HFC23_emissions[2310]=0
Tue Mar 21 15:37:28 2023:DEBUG:setData: Setting HFC23_emissions[2311]=0
Tue Mar 21 15:37:28 2023:DEBUG:setData: Setting HFC23_emissions[2312]=0
Tue Mar 21 15:37:28 2023:DEBUG:setData: Setting HFC23_emissions[2313]=0
Tue Mar 21 15:37:28 2023:DEBUG:setData: Setting HFC23_emissions[2314]=0
Tue Mar 21 15:37:28 2023:DEBUG:setData: Setting HFC23_emissions[2315]=0
Tue Mar 21 15:37:28 2023:DEBUG:setData: Setting HFC23_emissions[2316]=0
Tue Mar 21 15:37:28 2023:DEBUG:setData: Setting HFC23_emissions[2317]=0
Tue Mar 21 15:37:28 2023:DEBUG:setData: Setting HFC23_emissions[2318]=0
Tue Mar 21 15:37:28 2023:DEBUG:setData: Setting HFC23_emissions[2319]=0
Tue Mar 21 15:37:28 2023:DEBUG:setData: Setting HFC23_emissions[2320]=0
Tue Mar 21 15:37:28 2023:DEBUG:setData: Setting HFC23_emissions[2321]=0
Tue Mar 21 15:37:28 2023:DEBUG:setData: Setting HFC23_emissions[2322]=0
Tue Mar 21 15:37:28 2023:DEBUG:setData: Setting HFC23_emissions[2323]=0
Tue Mar 21 15:37:28 2023:DEBUG:setData: Setting HFC23_emissions[2324]=0
Tue Mar 21 15:37:28 2023:DEBUG:setData: Setting HFC23_emissions[2325]=0
Tue Mar 21 15:37:28 2023:DEBUG:setData: Setting HFC23_emissions[2326]=0
Tue Mar 21 15:37:28 2023:DEBUG:setData: Setting HFC23_emissions[2327]=0
Tue Mar 21 15:37:28 2023:DEBUG:setData: Setting HFC23_emissions[2328]=0
Tue Mar 21 15:37:28 2023:DEBUG:setData: Setting HFC23_emissions[2329]=0
Tue Mar 21 15:37:28 2023:DEBUG:setData: Setting HFC23_emissions[2330]=0
Tue Mar 21 15:37:28 2023:DEBUG:setData: Setting HFC23_emissions[2331]=0
Tue Mar 21 15:37:28 2023:DEBUG:setData: Setting HFC23_emissions[2332]=0
Tue Mar 21 15:37:28 2023:DEBUG:setData: Setting HFC23_emissions[2333]=0
Tue Mar 21 15:37:28 2023:DEBUG:setData: Setting HFC23_emissions[2334]=0
Tue Mar 21 15:37:28 2023:DEBUG:setData: Setting HFC23_emissions[2335]=0
Tue Mar 21 15:37:28 2023:DEBUG:setData: Setting HFC23_emissions[2336]=0
Tue Mar 21 15:37:28 2023:DEBUG:setData: Setting HFC23_emissions[2337]=0
Tue Mar 21 15:37:28 2023:DEBUG:setData: Setting HFC23_emissions[2338]=0
Tue Mar 21 15:37:28 2023:DEBUG:setData: Setting HFC23_emissions[2339]=0
Tue Mar 21 15:37:28 2023:DEBUG:setData: Setting HFC23_emissions[2340]=0
Tue Mar 21 15:37:28 2023:DEBUG:setData: Setting HFC23_emissions[2341]=0
Tue Mar 21 15:37:28 2023:DEBUG:setData: Setting HFC23_emissions[2342]=0
Tue Mar 21 15:37:28 2023:DEBUG:setData: Setting HFC23_emissions[2343]=0
Tue Mar 21 15:37:28 2023:DEBUG:setData: Setting HFC23_emissions[2344]=0
Tue Mar 21 15:37:28 2023:DEBUG:setData: Setting HFC23_emissions[2345]=0
Tue Mar 21 15:37:28 2023:DEBUG:setData: Setting HFC23_emissions[2346]=0
Tue Mar 21 15:37:28 2023:DEBUG:setData: Setting HFC23_emissions[2347]=0
Tue Mar 21 15:37:28 2023:DEBUG:setData: Setting HFC23_emissions[2348]=0
Tue Mar 21 15:37:28 2023:DEBUG:setData: Setting HFC23_emissions[2349]=0
Tue Mar 21 15:37:28 2023:DEBUG:setData: Setting HFC23_emissions[2350]=0
Tue Mar 21 15:37:28 2023:DEBUG:setData: Setting HFC23_emissions[2351]=0
Tue Mar 21 15:37:28 2023:DEBUG:setData: Setting HFC23_emissions[2352]=0
Tue Mar 21 15:37:28 2023:DEBUG:setData: Setting HFC23_emissions[2353]=0
Tue Mar 21 15:37:28 2023:DEBUG:setData: Setting HFC23_emissions[2354]=0
Tue Mar 21 15:37:28 2023:DEBUG:setData: Setting HFC23_emissions[2355]=0
Tue Mar 21 15:37:28 2023:DEBUG:setData: Setting HFC23_emissions[2356]=0
Tue Mar 21 15:37:28 2023:DEBUG:setData: Setting HFC23_emissions[2357]=0
Tue Mar 21 15:37:28 2023:DEBUG:setData: Setting HFC23_emissions[2358]=0
Tue Mar 21 15:37:28 2023:DEBUG:setData: Setting HFC23_emissions[2359]=0
Tue Mar 21 15:37:28 2023:DEBUG:setData: Setting HFC23_emissions[2360]=0
Tue Mar 21 15:37:28 2023:DEBUG:setData: Setting HFC23_emissions[2361]=0
Tue Mar 21 15:37:28 2023:DEBUG:setData: Setting HFC23_emissions[2362]=0
Tue Mar 21 15:37:28 2023:DEBUG:setData: Setting HFC23_emissions[2363]=0
Tue Mar 21 15:37:28 2023:DEBUG:setData: Setting HFC23_emissions[2364]=0
Tue Mar 21 15:37:28 2023:DEBUG:setData: Setting HFC23_emissions[2365]=0
Tue Mar 21 15:37:28 2023:DEBUG:setData: Setting HFC23_emissions[2366]=0
Tue Mar 21 15:37:28 2023:DEBUG:setData: Setting HFC23_emissions[2367]=0
Tue Mar 21 15:37:28 2023:DEBUG:setData: Setting HFC23_emissions[2368]=0
Tue Mar 21 15:37:28 2023:DEBUG:setData: Setting HFC23_emissions[2369]=0
Tue Mar 21 15:37:28 2023:DEBUG:setData: Setting HFC23_emissions[2370]=0
Tue Mar 21 15:37:28 2023:DEBUG:setData: Setting HFC23_emissions[2371]=0
Tue Mar 21 15:37:28 2023:DEBUG:setData: Setting HFC23_emissions[2372]=0
Tue Mar 21 15:37:28 2023:DEBUG:setData: Setting HFC23_emissions[2373]=0
Tue Mar 21 15:37:28 2023:DEBUG:setData: Setting HFC23_emissions[2374]=0
Tue Mar 21 15:37:28 2023:DEBUG:setData: Setting HFC23_emissions[2375]=0
Tue Mar 21 15:37:28 2023:DEBUG:setData: Setting HFC23_emissions[2376]=0
Tue Mar 21 15:37:28 2023:DEBUG:setData: Setting HFC23_emissions[2377]=0
Tue Mar 21 15:37:28 2023:DEBUG:setData: Setting HFC23_emissions[2378]=0
Tue Mar 21 15:37:28 2023:DEBUG:setData: Setting HFC23_emissions[2379]=0
Tue Mar 21 15:37:28 2023:DEBUG:setData: Setting HFC23_emissions[2380]=0
Tue Mar 21 15:37:28 2023:DEBUG:setData: Setting HFC23_emissions[2381]=0
Tue Mar 21 15:37:28 2023:DEBUG:setData: Setting HFC23_emissions[2382]=0
Tue Mar 21 15:37:28 2023:DEBUG:setData: Setting HFC23_emissions[2383]=0
Tue Mar 21 15:37:28 2023:DEBUG:setData: Setting HFC23_emissions[2384]=0
Tue Mar 21 15:37:28 2023:DEBUG:setData: Setting HFC23_emissions[2385]=0
Tue Mar 21 15:37:28 2023:DEBUG:setData: Setting HFC23_emissions[2386]=0
Tue Mar 21 15:37:28 2023:DEBUG:setData: Setting HFC23_emissions[2387]=0
Tue Mar 21 15:37:28 2023:DEBUG:setData: Setting HFC23_emissions[2388]=0
Tue Mar 21 15:37:28 2023:DEBUG:setData: Setting HFC23_emissions[2389]=0
Tue Mar 21 15:37:28 2023:DEBUG:setData: Setting HFC23_emissions[2390]=0
Tue Mar 21 15:37:28 2023:DEBUG:setData: Setting HFC23_emissions[2391]=0
Tue Mar 21 15:37:28 2023:DEBUG:setData: Setting HFC23_emissions[2392]=0
Tue Mar 21 15:37:28 2023:DEBUG:setData: Setting HFC23_emissions[2393]=0
Tue Mar 21 15:37:28 2023:DEBUG:setData: Setting HFC23_emissions[2394]=0
Tue Mar 21 15:37:28 2023:DEBUG:setData: Setting HFC23_emissions[2395]=0
Tue Mar 21 15:37:28 2023:DEBUG:setData: Setting HFC23_emissions[2396]=0
Tue Mar 21 15:37:28 2023:DEBUG:setData: Setting HFC23_emissions[2397]=0
Tue Mar 21 15:37:28 2023:DEBUG:setData: Setting HFC23_emissions[2398]=0
Tue Mar 21 15:37:28 2023:DEBUG:setData: Setting HFC23_emissions[2399]=0
Tue Mar 21 15:37:28 2023:DEBUG:setData: Setting HFC23_emissions[2400]=0
Tue Mar 21 15:37:28 2023:DEBUG:setData: Setting HFC23_emissions[2401]=0
Tue Mar 21 15:37:28 2023:DEBUG:setData: Setting HFC23_emissions[2402]=0
Tue Mar 21 15:37:28 2023:DEBUG:setData: Setting HFC23_emissions[2403]=0
Tue Mar 21 15:37:28 2023:DEBUG:setData: Setting HFC23_emissions[2404]=0
Tue Mar 21 15:37:28 2023:DEBUG:setData: Setting HFC23_emissions[2405]=0
Tue Mar 21 15:37:28 2023:DEBUG:setData: Setting HFC23_emissions[2406]=0
Tue Mar 21 15:37:28 2023:DEBUG:setData: Setting HFC23_emissions[2407]=0
Tue Mar 21 15:37:28 2023:DEBUG:setData: Setting HFC23_emissions[2408]=0
Tue Mar 21 15:37:28 2023:DEBUG:setData: Setting HFC23_emissions[2409]=0
Tue Mar 21 15:37:28 2023:DEBUG:setData: Setting HFC23_emissions[2410]=0
Tue Mar 21 15:37:28 2023:DEBUG:setData: Setting HFC23_emissions[2411]=0
Tue Mar 21 15:37:28 2023:DEBUG:setData: Setting HFC23_emissions[2412]=0
Tue Mar 21 15:37:28 2023:DEBUG:setData: Setting HFC23_emissions[2413]=0
Tue Mar 21 15:37:28 2023:DEBUG:setData: Setting HFC23_emissions[2414]=0
Tue Mar 21 15:37:28 2023:DEBUG:setData: Setting HFC23_emissions[2415]=0
Tue Mar 21 15:37:28 2023:DEBUG:setData: Setting HFC23_emissions[2416]=0
Tue Mar 21 15:37:28 2023:DEBUG:setData: Setting HFC23_emissions[2417]=0
Tue Mar 21 15:37:28 2023:DEBUG:setData: Setting HFC23_emissions[2418]=0
Tue Mar 21 15:37:28 2023:DEBUG:setData: Setting HFC23_emissions[2419]=0
Tue Mar 21 15:37:28 2023:DEBUG:setData: Setting HFC23_emissions[2420]=0
Tue Mar 21 15:37:28 2023:DEBUG:setData: Setting HFC23_emissions[2421]=0
Tue Mar 21 15:37:28 2023:DEBUG:setData: Setting HFC23_emissions[2422]=0
Tue Mar 21 15:37:28 2023:DEBUG:setData: Setting HFC23_emissions[2423]=0
Tue Mar 21 15:37:28 2023:DEBUG:setData: Setting HFC23_emissions[2424]=0
Tue Mar 21 15:37:28 2023:DEBUG:setData: Setting HFC23_emissions[2425]=0
Tue Mar 21 15:37:28 2023:DEBUG:setData: Setting HFC23_emissions[2426]=0
Tue Mar 21 15:37:28 2023:DEBUG:setData: Setting HFC23_emissions[2427]=0
Tue Mar 21 15:37:28 2023:DEBUG:setData: Setting HFC23_emissions[2428]=0
Tue Mar 21 15:37:28 2023:DEBUG:setData: Setting HFC23_emissions[2429]=0
Tue Mar 21 15:37:28 2023:DEBUG:setData: Setting HFC23_emissions[2430]=0
Tue Mar 21 15:37:28 2023:DEBUG:setData: Setting HFC23_emissions[2431]=0
Tue Mar 21 15:37:28 2023:DEBUG:setData: Setting HFC23_emissions[2432]=0
Tue Mar 21 15:37:28 2023:DEBUG:setData: Setting HFC23_emissions[2433]=0
Tue Mar 21 15:37:28 2023:DEBUG:setData: Setting HFC23_emissions[2434]=0
Tue Mar 21 15:37:28 2023:DEBUG:setData: Setting HFC23_emissions[2435]=0
Tue Mar 21 15:37:28 2023:DEBUG:setData: Setting HFC23_emissions[2436]=0
Tue Mar 21 15:37:28 2023:DEBUG:setData: Setting HFC23_emissions[2437]=0
Tue Mar 21 15:37:28 2023:DEBUG:setData: Setting HFC23_emissions[2438]=0
Tue Mar 21 15:37:28 2023:DEBUG:setData: Setting HFC23_emissions[2439]=0
Tue Mar 21 15:37:28 2023:DEBUG:setData: Setting HFC23_emissions[2440]=0
Tue Mar 21 15:37:28 2023:DEBUG:setData: Setting HFC23_emissions[2441]=0
Tue Mar 21 15:37:28 2023:DEBUG:setData: Setting HFC23_emissions[2442]=0
Tue Mar 21 15:37:28 2023:DEBUG:setData: Setting HFC23_emissions[2443]=0
Tue Mar 21 15:37:28 2023:DEBUG:setData: Setting HFC23_emissions[2444]=0
Tue Mar 21 15:37:28 2023:DEBUG:setData: Setting HFC23_emissions[2445]=0
Tue Mar 21 15:37:28 2023:DEBUG:setData: Setting HFC23_emissions[2446]=0
Tue Mar 21 15:37:28 2023:DEBUG:setData: Setting HFC23_emissions[2447]=0
Tue Mar 21 15:37:28 2023:DEBUG:setData: Setting HFC23_emissions[2448]=0
Tue Mar 21 15:37:28 2023:DEBUG:setData: Setting HFC23_emissions[2449]=0
Tue Mar 21 15:37:28 2023:DEBUG:setData: Setting HFC23_emissions[2450]=0
Tue Mar 21 15:37:28 2023:DEBUG:setData: Setting HFC23_emissions[2451]=0
Tue Mar 21 15:37:28 2023:DEBUG:setData: Setting HFC23_emissions[2452]=0
Tue Mar 21 15:37:28 2023:DEBUG:setData: Setting HFC23_emissions[2453]=0
Tue Mar 21 15:37:28 2023:DEBUG:setData: Setting HFC23_emissions[2454]=0
Tue Mar 21 15:37:28 2023:DEBUG:setData: Setting HFC23_emissions[2455]=0
Tue Mar 21 15:37:28 2023:DEBUG:setData: Setting HFC23_emissions[2456]=0
Tue Mar 21 15:37:28 2023:DEBUG:setData: Setting HFC23_emissions[2457]=0
Tue Mar 21 15:37:28 2023:DEBUG:setData: Setting HFC23_emissions[2458]=0
Tue Mar 21 15:37:28 2023:DEBUG:setData: Setting HFC23_emissions[2459]=0
Tue Mar 21 15:37:28 2023:DEBUG:setData: Setting HFC23_emissions[2460]=0
Tue Mar 21 15:37:28 2023:DEBUG:setData: Setting HFC23_emissions[2461]=0
Tue Mar 21 15:37:28 2023:DEBUG:setData: Setting HFC23_emissions[2462]=0
Tue Mar 21 15:37:28 2023:DEBUG:setData: Setting HFC23_emissions[2463]=0
Tue Mar 21 15:37:28 2023:DEBUG:setData: Setting HFC23_emissions[2464]=0
Tue Mar 21 15:37:28 2023:DEBUG:setData: Setting HFC23_emissions[2465]=0
Tue Mar 21 15:37:28 2023:DEBUG:setData: Setting HFC23_emissions[2466]=0
Tue Mar 21 15:37:28 2023:DEBUG:setData: Setting HFC23_emissions[2467]=0
Tue Mar 21 15:37:28 2023:DEBUG:setData: Setting HFC23_emissions[2468]=0
Tue Mar 21 15:37:28 2023:DEBUG:setData: Setting HFC23_emissions[2469]=0
Tue Mar 21 15:37:28 2023:DEBUG:setData: Setting HFC23_emissions[2470]=0
Tue Mar 21 15:37:28 2023:DEBUG:setData: Setting HFC23_emissions[2471]=0
Tue Mar 21 15:37:28 2023:DEBUG:setData: Setting HFC23_emissions[2472]=0
Tue Mar 21 15:37:28 2023:DEBUG:setData: Setting HFC23_emissions[2473]=0
Tue Mar 21 15:37:28 2023:DEBUG:setData: Setting HFC23_emissions[2474]=0
Tue Mar 21 15:37:28 2023:DEBUG:setData: Setting HFC23_emissions[2475]=0
Tue Mar 21 15:37:28 2023:DEBUG:setData: Setting HFC23_emissions[2476]=0
Tue Mar 21 15:37:28 2023:DEBUG:setData: Setting HFC23_emissions[2477]=0
Tue Mar 21 15:37:28 2023:DEBUG:setData: Setting HFC23_emissions[2478]=0
Tue Mar 21 15:37:28 2023:DEBUG:setData: Setting HFC23_emissions[2479]=0
Tue Mar 21 15:37:28 2023:DEBUG:setData: Setting HFC23_emissions[2480]=0
Tue Mar 21 15:37:28 2023:DEBUG:setData: Setting HFC23_emissions[2481]=0
Tue Mar 21 15:37:28 2023:DEBUG:setData: Setting HFC23_emissions[2482]=0
Tue Mar 21 15:37:28 2023:DEBUG:setData: Setting HFC23_emissions[2483]=0
Tue Mar 21 15:37:28 2023:DEBUG:setData: Setting HFC23_emissions[2484]=0
Tue Mar 21 15:37:28 2023:DEBUG:setData: Setting HFC23_emissions[2485]=0
Tue Mar 21 15:37:28 2023:DEBUG:setData: Setting HFC23_emissions[2486]=0
Tue Mar 21 15:37:28 2023:DEBUG:setData: Setting HFC23_emissions[2487]=0
Tue Mar 21 15:37:28 2023:DEBUG:setData: Setting HFC23_emissions[2488]=0
Tue Mar 21 15:37:28 2023:DEBUG:setData: Setting HFC23_emissions[2489]=0
Tue Mar 21 15:37:28 2023:DEBUG:setData: Setting HFC23_emissions[2490]=0
Tue Mar 21 15:37:28 2023:DEBUG:setData: Setting HFC23_emissions[2491]=0
Tue Mar 21 15:37:28 2023:DEBUG:setData: Setting HFC23_emissions[2492]=0
Tue Mar 21 15:37:28 2023:DEBUG:setData: Setting HFC23_emissions[2493]=0
Tue Mar 21 15:37:28 2023:DEBUG:setData: Setting HFC23_emissions[2494]=0
Tue Mar 21 15:37:28 2023:DEBUG:setData: Setting HFC23_emissions[2495]=0
Tue Mar 21 15:37:28 2023:DEBUG:setData: Setting HFC23_emissions[2496]=0
Tue Mar 21 15:37:28 2023:DEBUG:setData: Setting HFC23_emissions[2497]=0
Tue Mar 21 15:37:28 2023:DEBUG:setData: Setting HFC23_emissions[2498]=0
Tue Mar 21 15:37:28 2023:DEBUG:setData: Setting HFC23_emissions[2499]=0
Tue Mar 21 15:37:28 2023:DEBUG:setData: Setting HFC23_emissions[2500]=0
Tue Mar 21 15:37:28 2023:DEBUG:setData: Setting molarMass[-1]=70.0
Tue Mar 21 15:37:29 2023:DEBUG:prepareToRun: prepareToRun 
Tue Mar 21 15:37:30 2023:DEBUG:run: date: 1746 concentration: 0 pptv
Tue Mar 21 15:37:30 2023:DEBUG:run: date: 1747 concentration: 0 pptv
Tue Mar 21 15:37:30 2023:DEBUG:run: date: 1748 concentration: 0 pptv
Tue Mar 21 15:37:30 2023:DEBUG:run: date: 1749 concentration: 0 pptv
Tue Mar 21 15:37:30 2023:DEBUG:run: date: 1750 concentration: 0 pptv
Tue Mar 21 15:37:30 2023:DEBUG:run: date: 1751 concentration: 0 pptv
Tue Mar 21 15:37:30 2023:DEBUG:run: date: 1752 concentration: 0 pptv
Tue Mar 21 15:37:30 2023:DEBUG:run: date: 1753 concentration: 0 pptv
Tue Mar 21 15:37:30 2023:DEBUG:run: date: 1754 concentration: 0 pptv
Tue Mar 21 15:37:30 2023:DEBUG:run: date: 1755 concentration: 0 pptv
Tue Mar 21 15:37:30 2023:DEBUG:run: date: 1756 concentration: 0 pptv
Tue Mar 21 15:37:30 2023:DEBUG:run: date: 1757 concentration: 0 pptv
Tue Mar 21 15:37:30 2023:DEBUG:run: date: 1758 concentration: 0 pptv
Tue Mar 21 15:37:30 2023:DEBUG:run: date: 1759 concentration: 0 pptv
Tue Mar 21 15:37:30 2023:DEBUG:run: date: 1760 concentration: 0 pptv
Tue Mar 21 15:37:30 2023:DEBUG:run: date: 1761 concentration: 0 pptv
Tue Mar 21 15:37:30 2023:DEBUG:run: date: 1762 concentration: 0 pptv
Tue Mar 21 15:37:30 2023:DEBUG:run: date: 1763 concentration: 0 pptv
Tue Mar 21 15:37:30 2023:DEBUG:run: date: 1764 concentration: 0 pptv
Tue Mar 21 15:37:30 2023:DEBUG:run: date: 1765 concentration: 0 pptv
Tue Mar 21 15:37:30 2023:DEBUG:run: date: 1766 concentration: 0 pptv
Tue Mar 21 15:37:30 2023:DEBUG:run: date: 1767 concentration: 0 pptv
Tue Mar 21 15:37:30 2023:DEBUG:run: date: 1768 concentration: 0 pptv
Tue Mar 21 15:37:30 2023:DEBUG:run: date: 1769 concentration: 0 pptv
Tue Mar 21 15:37:30 2023:DEBUG:run: date: 1770 concentration: 0 pptv
Tue Mar 21 15:37:30 2023:DEBUG:run: date: 1771 concentration: 0 pptv
Tue Mar 21 15:37:30 2023:DEBUG:run: date: 1772 concentration: 0 pptv
Tue Mar 21 15:37:30 2023:DEBUG:run: date: 1773 concentration: 0 pptv
Tue Mar 21 15:37:30 2023:DEBUG:run: date: 1774 concentration: 0 pptv
Tue Mar 21 15:37:30 2023:DEBUG:run: date: 1775 concentration: 0 pptv
Tue Mar 21 15:37:30 2023:DEBUG:run: date: 1776 concentration: 0 pptv
Tue Mar 21 15:37:30 2023:DEBUG:run: date: 1777 concentration: 0 pptv
Tue Mar 21 15:37:30 2023:DEBUG:run: date: 1778 concentration: 0 pptv
Tue Mar 21 15:37:30 2023:DEBUG:run: date: 1779 concentration: 0 pptv
Tue Mar 21 15:37:30 2023:DEBUG:run: date: 1780 concentration: 0 pptv
Tue Mar 21 15:37:30 2023:DEBUG:run: date: 1781 concentration: 0 pptv
Tue Mar 21 15:37:30 2023:DEBUG:run: date: 1782 concentration: 0 pptv
Tue Mar 21 15:37:30 2023:DEBUG:run: date: 1783 concentration: 0 pptv
Tue Mar 21 15:37:30 2023:DEBUG:run: date: 1784 concentration: 0 pptv
Tue Mar 21 15:37:30 2023:DEBUG:run: date: 1785 concentration: 0 pptv
Tue Mar 21 15:37:30 2023:DEBUG:run: date: 1786 concentration: 0 pptv
Tue Mar 21 15:37:30 2023:DEBUG:run: date: 1787 concentration: 0 pptv
Tue Mar 21 15:37:30 2023:DEBUG:run: date: 1788 concentration: 0 pptv
Tue Mar 21 15:37:30 2023:DEBUG:run: date: 1789 concentration: 0 pptv
Tue Mar 21 15:37:30 2023:DEBUG:run: date: 1790 concentration: 0 pptv
Tue Mar 21 15:37:30 2023:DEBUG:run: date: 1791 concentration: 0 pptv
Tue Mar 21 15:37:30 2023:DEBUG:run: date: 1792 concentration: 0 pptv
Tue Mar 21 15:37:30 2023:DEBUG:run: date: 1793 concentration: 0 pptv
Tue Mar 21 15:37:30 2023:DEBUG:run: date: 1794 concentration: 0 pptv
Tue Mar 21 15:37:30 2023:DEBUG:run: date: 1795 concentration: 0 pptv
Tue Mar 21 15:37:30 2023:DEBUG:run: date: 1796 concentration: 0 pptv
Tue Mar 21 15:37:30 2023:DEBUG:run: date: 1797 concentration: 0 pptv
Tue Mar 21 15:37:30 2023:DEBUG:run: date: 1798 concentration: 0 pptv
Tue Mar 21 15:37:30 2023:DEBUG:run: date: 1799 concentration: 0 pptv
Tue Mar 21 15:37:30 2023:DEBUG:run: date: 1800 concentration: 0 pptv
Tue Mar 21 15:37:30 2023:DEBUG:run: date: 1801 concentration: 0 pptv
Tue Mar 21 15:37:30 2023:DEBUG:run: date: 1802 concentration: 0 pptv
Tue Mar 21 15:37:30 2023:DEBUG:run: date: 1803 concentration: 0 pptv
Tue Mar 21 15:37:30 2023:DEBUG:run: date: 1804 concentration: 0 pptv
Tue Mar 21 15:37:30 2023:DEBUG:run: date: 1805 concentration: 0 pptv
Tue Mar 21 15:37:30 2023:DEBUG:run: date: 1806 concentration: 0 pptv
Tue Mar 21 15:37:30 2023:DEBUG:run: date: 1807 concentration: 0 pptv
Tue Mar 21 15:37:30 2023:DEBUG:run: date: 1808 concentration: 0 pptv
Tue Mar 21 15:37:30 2023:DEBUG:run: date: 1809 concentration: 0 pptv
Tue Mar 21 15:37:30 2023:DEBUG:run: date: 1810 concentration: 0 pptv
Tue Mar 21 15:37:30 2023:DEBUG:run: date: 1811 concentration: 0 pptv
Tue Mar 21 15:37:30 2023:DEBUG:run: date: 1812 concentration: 0 pptv
Tue Mar 21 15:37:30 2023:DEBUG:run: date: 1813 concentration: 0 pptv
Tue Mar 21 15:37:30 2023:DEBUG:run: date: 1814 concentration: 0 pptv
Tue Mar 21 15:37:30 2023:DEBUG:run: date: 1815 concentration: 0 pptv
Tue Mar 21 15:37:30 2023:DEBUG:run: date: 1816 concentration: 0 pptv
Tue Mar 21 15:37:30 2023:DEBUG:run: date: 1817 concentration: 0 pptv
Tue Mar 21 15:37:30 2023:DEBUG:run: date: 1818 concentration: 0 pptv
Tue Mar 21 15:37:30 2023:DEBUG:run: date: 1819 concentration: 0 pptv
Tue Mar 21 15:37:30 2023:DEBUG:run: date: 1820 concentration: 0 pptv
Tue Mar 21 15:37:30 2023:DEBUG:run: date: 1821 concentration: 0 pptv
Tue Mar 21 15:37:30 2023:DEBUG:run: date: 1822 concentration: 0 pptv
Tue Mar 21 15:37:30 2023:DEBUG:run: date: 1823 concentration: 0 pptv
Tue Mar 21 15:37:30 2023:DEBUG:run: date: 1824 concentration: 0 pptv
Tue Mar 21 15:37:30 2023:DEBUG:run: date: 1825 concentration: 0 pptv
Tue Mar 21 15:37:30 2023:DEBUG:run: date: 1826 concentration: 0 pptv
Tue Mar 21 15:37:30 2023:DEBUG:run: date: 1827 concentration: 0 pptv
Tue Mar 21 15:37:30 2023:DEBUG:run: date: 1828 concentration: 0 pptv
Tue Mar 21 15:37:30 2023:DEBUG:run: date: 1829 concentration: 0 pptv
Tue Mar 21 15:37:30 2023:DEBUG:run: date: 1830 concentration: 0 pptv
Tue Mar 21 15:37:30 2023:DEBUG:run: date: 1831 concentration: 0 pptv
Tue Mar 21 15:37:30 2023:DEBUG:run: date: 1832 concentration: 0 pptv
Tue Mar 21 15:37:30 2023:DEBUG:run: date: 1833 concentration: 0 pptv
Tue Mar 21 15:37:30 2023:DEBUG:run: date: 1834 concentration: 0 pptv
Tue Mar 21 15:37:30 2023:DEBUG:run: date: 1835 concentration: 0 pptv
Tue Mar 21 15:37:30 2023:DEBUG:run: date: 1836 concentration: 0 pptv
Tue Mar 21 15:37:30 2023:DEBUG:run: date: 1837 concentration: 0 pptv
Tue Mar 21 15:37:30 2023:DEBUG:run: date: 1838 concentration: 0 pptv
Tue Mar 21 15:37:30 2023:DEBUG:run: date: 1839 concentration: 0 pptv
Tue Mar 21 15:37:30 2023:DEBUG:run: date: 1840 concentration: 0 pptv
Tue Mar 21 15:37:30 2023:DEBUG:run: date: 1841 concentration: 0 pptv
Tue Mar 21 15:37:30 2023:DEBUG:run: date: 1842 concentration: 0 pptv
Tue Mar 21 15:37:30 2023:DEBUG:run: date: 1843 concentration: 0 pptv
Tue Mar 21 15:37:30 2023:DEBUG:run: date: 1844 concentration: 0 pptv
Tue Mar 21 15:37:30 2023:DEBUG:run: date: 1845 concentration: 0 pptv
Tue Mar 21 15:37:30 2023:DEBUG:run: date: 1846 concentration: 0 pptv
Tue Mar 21 15:37:30 2023:DEBUG:run: date: 1847 concentration: 0 pptv
Tue Mar 21 15:37:30 2023:DEBUG:run: date: 1848 concentration: 0 pptv
Tue Mar 21 15:37:30 2023:DEBUG:run: date: 1849 concentration: 0 pptv
Tue Mar 21 15:37:30 2023:DEBUG:run: date: 1850 concentration: 0 pptv
Tue Mar 21 15:37:30 2023:DEBUG:run: date: 1851 concentration: 0 pptv
Tue Mar 21 15:37:30 2023:DEBUG:run: date: 1852 concentration: 0 pptv
Tue Mar 21 15:37:30 2023:DEBUG:run: date: 1853 concentration: 0 pptv
Tue Mar 21 15:37:30 2023:DEBUG:run: date: 1854 concentration: 0 pptv
Tue Mar 21 15:37:30 2023:DEBUG:run: date: 1855 concentration: 0 pptv
Tue Mar 21 15:37:30 2023:DEBUG:run: date: 1856 concentration: 0 pptv
Tue Mar 21 15:37:30 2023:DEBUG:run: date: 1857 concentration: 0 pptv
Tue Mar 21 15:37:30 2023:DEBUG:run: date: 1858 concentration: 0 pptv
Tue Mar 21 15:37:30 2023:DEBUG:run: date: 1859 concentration: 0 pptv
Tue Mar 21 15:37:30 2023:DEBUG:run: date: 1860 concentration: 0 pptv
Tue Mar 21 15:37:30 2023:DEBUG:run: date: 1861 concentration: 0 pptv
Tue Mar 21 15:37:30 2023:DEBUG:run: date: 1862 concentration: 0 pptv
Tue Mar 21 15:37:30 2023:DEBUG:run: date: 1863 concentration: 0 pptv
Tue Mar 21 15:37:30 2023:DEBUG:run: date: 1864 concentration: 0 pptv
Tue Mar 21 15:37:30 2023:DEBUG:run: date: 1865 concentration: 0 pptv
Tue Mar 21 15:37:30 2023:DEBUG:run: date: 1866 concentration: 0 pptv
Tue Mar 21 15:37:30 2023:DEBUG:run: date: 1867 concentration: 0 pptv
Tue Mar 21 15:37:30 2023:DEBUG:run: date: 1868 concentration: 0 pptv
Tue Mar 21 15:37:30 2023:DEBUG:run: date: 1869 concentration: 0 pptv
Tue Mar 21 15:37:30 2023:DEBUG:run: date: 1870 concentration: 0 pptv
Tue Mar 21 15:37:30 2023:DEBUG:run: date: 1871 concentration: 0 pptv
Tue Mar 21 15:37:30 2023:DEBUG:run: date: 1872 concentration: 0 pptv
Tue Mar 21 15:37:30 2023:DEBUG:run: date: 1873 concentration: 0 pptv
Tue Mar 21 15:37:30 2023:DEBUG:run: date: 1874 concentration: 0 pptv
Tue Mar 21 15:37:30 2023:DEBUG:run: date: 1875 concentration: 0 pptv
Tue Mar 21 15:37:30 2023:DEBUG:run: date: 1876 concentration: 0 pptv
Tue Mar 21 15:37:30 2023:DEBUG:run: date: 1877 concentration: 0 pptv
Tue Mar 21 15:37:30 2023:DEBUG:run: date: 1878 concentration: 0 pptv
Tue Mar 21 15:37:30 2023:DEBUG:run: date: 1879 concentration: 0 pptv
Tue Mar 21 15:37:30 2023:DEBUG:run: date: 1880 concentration: 0 pptv
Tue Mar 21 15:37:30 2023:DEBUG:run: date: 1881 concentration: 0 pptv
Tue Mar 21 15:37:30 2023:DEBUG:run: date: 1882 concentration: 0 pptv
Tue Mar 21 15:37:30 2023:DEBUG:run: date: 1883 concentration: 0 pptv
Tue Mar 21 15:37:30 2023:DEBUG:run: date: 1884 concentration: 0 pptv
Tue Mar 21 15:37:30 2023:DEBUG:run: date: 1885 concentration: 0 pptv
Tue Mar 21 15:37:30 2023:DEBUG:run: date: 1886 concentration: 0 pptv
Tue Mar 21 15:37:30 2023:DEBUG:run: date: 1887 concentration: 0 pptv
Tue Mar 21 15:37:30 2023:DEBUG:run: date: 1888 concentration: 0 pptv
Tue Mar 21 15:37:30 2023:DEBUG:run: date: 1889 concentration: 0 pptv
Tue Mar 21 15:37:30 2023:DEBUG:run: date: 1890 concentration: 0 pptv
Tue Mar 21 15:37:30 2023:DEBUG:run: date: 1891 concentration: 0 pptv
Tue Mar 21 15:37:30 2023:DEBUG:run: date: 1892 concentration: 0 pptv
Tue Mar 21 15:37:30 2023:DEBUG:run: date: 1893 concentration: 0 pptv
Tue Mar 21 15:37:30 2023:DEBUG:run: date: 1894 concentration: 0 pptv
Tue Mar 21 15:37:30 2023:DEBUG:run: date: 1895 concentration: 0 pptv
Tue Mar 21 15:37:30 2023:DEBUG:run: date: 1896 concentration: 0 pptv
Tue Mar 21 15:37:30 2023:DEBUG:run: date: 1897 concentration: 0 pptv
Tue Mar 21 15:37:31 2023:DEBUG:run: date: 1898 concentration: 0 pptv
Tue Mar 21 15:37:31 2023:DEBUG:run: date: 1899 concentration: 0 pptv
Tue Mar 21 15:37:31 2023:DEBUG:run: date: 1900 concentration: 0 pptv
Tue Mar 21 15:37:31 2023:DEBUG:run: date: 1901 concentration: 0 pptv
Tue Mar 21 15:37:31 2023:DEBUG:run: date: 1902 concentration: 0 pptv
Tue Mar 21 15:37:31 2023:DEBUG:run: date: 1903 concentration: 0 pptv
Tue Mar 21 15:37:31 2023:DEBUG:run: date: 1904 concentration: 0 pptv
Tue Mar 21 15:37:31 2023:DEBUG:run: date: 1905 concentration: 0 pptv
Tue Mar 21 15:37:31 2023:DEBUG:run: date: 1906 concentration: 0 pptv
Tue Mar 21 15:37:31 2023:DEBUG:run: date: 1907 concentration: 0 pptv
Tue Mar 21 15:37:31 2023:DEBUG:run: date: 1908 concentration: 0 pptv
Tue Mar 21 15:37:31 2023:DEBUG:run: date: 1909 concentration: 0 pptv
Tue Mar 21 15:37:31 2023:DEBUG:run: date: 1910 concentration: 0 pptv
Tue Mar 21 15:37:31 2023:DEBUG:run: date: 1911 concentration: 0 pptv
Tue Mar 21 15:37:31 2023:DEBUG:run: date: 1912 concentration: 0 pptv
Tue Mar 21 15:37:31 2023:DEBUG:run: date: 1913 concentration: 0 pptv
Tue Mar 21 15:37:31 2023:DEBUG:run: date: 1914 concentration: 0 pptv
Tue Mar 21 15:37:31 2023:DEBUG:run: date: 1915 concentration: 0 pptv
Tue Mar 21 15:37:31 2023:DEBUG:run: date: 1916 concentration: 0 pptv
Tue Mar 21 15:37:31 2023:DEBUG:run: date: 1917 concentration: 0 pptv
Tue Mar 21 15:37:31 2023:DEBUG:run: date: 1918 concentration: 0 pptv
Tue Mar 21 15:37:31 2023:DEBUG:run: date: 1919 concentration: 0 pptv
Tue Mar 21 15:37:31 2023:DEBUG:run: date: 1920 concentration: 0 pptv
Tue Mar 21 15:37:31 2023:DEBUG:run: date: 1921 concentration: 0 pptv
Tue Mar 21 15:37:31 2023:DEBUG:run: date: 1922 concentration: 0 pptv
Tue Mar 21 15:37:31 2023:DEBUG:run: date: 1923 concentration: 0 pptv
Tue Mar 21 15:37:31 2023:DEBUG:run: date: 1924 concentration: 0 pptv
Tue Mar 21 15:37:31 2023:DEBUG:run: date: 1925 concentration: 0 pptv
Tue Mar 21 15:37:31 2023:DEBUG:run: date: 1926 concentration: 0 pptv
Tue Mar 21 15:37:31 2023:DEBUG:run: date: 1927 concentration: 0.000391737 pptv
Tue Mar 21 15:37:31 2023:DEBUG:run: date: 1928 concentration: 0.00277792 pptv
Tue Mar 21 15:37:31 2023:DEBUG:run: date: 1929 concentration: 0.00303139 pptv
Tue Mar 21 15:37:31 2023:DEBUG:run: date: 1930 concentration: 0.000956466 pptv
Tue Mar 21 15:37:31 2023:DEBUG:run: date: 1931 concentration: 0.000649586 pptv
Tue Mar 21 15:37:31 2023:DEBUG:run: date: 1932 concentration: 0.000706053 pptv
Tue Mar 21 15:37:31 2023:DEBUG:run: date: 1933 concentration: 0.000767422 pptv
Tue Mar 21 15:37:31 2023:DEBUG:run: date: 1934 concentration: 0.00083413 pptv
Tue Mar 21 15:37:31 2023:DEBUG:run: date: 1935 concentration: 0.000906639 pptv
Tue Mar 21 15:37:31 2023:DEBUG:run: date: 1936 concentration: 0.000985458 pptv
Tue Mar 21 15:37:31 2023:DEBUG:run: date: 1937 concentration: 0.00107113 pptv
Tue Mar 21 15:37:31 2023:DEBUG:run: date: 1938 concentration: 0.00116425 pptv
Tue Mar 21 15:37:31 2023:DEBUG:run: date: 1939 concentration: 0.00126547 pptv
Tue Mar 21 15:37:31 2023:DEBUG:run: date: 1940 concentration: 0.00137551 pptv
Tue Mar 21 15:37:31 2023:DEBUG:run: date: 1941 concentration: 0.00149513 pptv
Tue Mar 21 15:37:31 2023:DEBUG:run: date: 1942 concentration: 0.00162514 pptv
Tue Mar 21 15:37:31 2023:DEBUG:run: date: 1943 concentration: 0.00176646 pptv
Tue Mar 21 15:37:31 2023:DEBUG:run: date: 1944 concentration: 0.00192007 pptv
Tue Mar 21 15:37:31 2023:DEBUG:run: date: 1945 concentration: 0.00208703 pptv
Tue Mar 21 15:37:31 2023:DEBUG:run: date: 1946 concentration: 0.00226852 pptv
Tue Mar 21 15:37:31 2023:DEBUG:run: date: 1947 concentration: 0.00246581 pptv
Tue Mar 21 15:37:31 2023:DEBUG:run: date: 1948 concentration: 0.0027203 pptv
Tue Mar 21 15:37:31 2023:DEBUG:run: date: 1949 concentration: 0.00466199 pptv
Tue Mar 21 15:37:31 2023:DEBUG:run: date: 1950 concentration: 0.0129876 pptv
Tue Mar 21 15:37:31 2023:DEBUG:run: date: 1951 concentration: 0.0315021 pptv
Tue Mar 21 15:37:31 2023:DEBUG:run: date: 1952 concentration: 0.0601289 pptv
Tue Mar 21 15:37:31 2023:DEBUG:run: date: 1953 concentration: 0.0979693 pptv
Tue Mar 21 15:37:31 2023:DEBUG:run: date: 1954 concentration: 0.144802 pptv
Tue Mar 21 15:37:31 2023:DEBUG:run: date: 1955 concentration: 0.200441 pptv
Tue Mar 21 15:37:31 2023:DEBUG:run: date: 1956 concentration: 0.264694 pptv
Tue Mar 21 15:37:31 2023:DEBUG:run: date: 1957 concentration: 0.337371 pptv
Tue Mar 21 15:37:31 2023:DEBUG:run: date: 1958 concentration: 0.418283 pptv
Tue Mar 21 15:37:31 2023:DEBUG:run: date: 1959 concentration: 0.507241 pptv
Tue Mar 21 15:37:31 2023:DEBUG:run: date: 1960 concentration: 0.604057 pptv
Tue Mar 21 15:37:31 2023:DEBUG:run: date: 1961 concentration: 0.708523 pptv
Tue Mar 21 15:37:31 2023:DEBUG:run: date: 1962 concentration: 0.82046 pptv
Tue Mar 21 15:37:31 2023:DEBUG:run: date: 1963 concentration: 0.939655 pptv
Tue Mar 21 15:37:31 2023:DEBUG:run: date: 1964 concentration: 1.06594 pptv
Tue Mar 21 15:37:31 2023:DEBUG:run: date: 1965 concentration: 1.19911 pptv
Tue Mar 21 15:37:31 2023:DEBUG:run: date: 1966 concentration: 1.339 pptv
Tue Mar 21 15:37:31 2023:DEBUG:run: date: 1967 concentration: 1.4854 pptv
Tue Mar 21 15:37:31 2023:DEBUG:run: date: 1968 concentration: 1.63817 pptv
Tue Mar 21 15:37:31 2023:DEBUG:run: date: 1969 concentration: 1.79702 pptv
Tue Mar 21 15:37:31 2023:DEBUG:run: date: 1970 concentration: 1.96185 pptv
Tue Mar 21 15:37:31 2023:DEBUG:run: date: 1971 concentration: 2.13245 pptv
Tue Mar 21 15:37:31 2023:DEBUG:run: date: 1972 concentration: 2.30862 pptv
Tue Mar 21 15:37:31 2023:DEBUG:run: date: 1973 concentration: 2.49026 pptv
Tue Mar 21 15:37:31 2023:DEBUG:run: date: 1974 concentration: 2.67705 pptv
Tue Mar 21 15:37:31 2023:DEBUG:run: date: 1975 concentration: 2.86877 pptv
Tue Mar 21 15:37:31 2023:DEBUG:run: date: 1976 concentration: 3.06527 pptv
Tue Mar 21 15:37:31 2023:DEBUG:run: date: 1977 concentration: 3.33377 pptv
Tue Mar 21 15:37:31 2023:DEBUG:run: date: 1978 concentration: 3.69071 pptv
Tue Mar 21 15:37:31 2023:DEBUG:run: date: 1979 concentration: 4.08059 pptv
Tue Mar 21 15:37:31 2023:DEBUG:run: date: 1980 concentration: 4.47532 pptv
Tue Mar 21 15:37:31 2023:DEBUG:run: date: 1981 concentration: 4.80951 pptv
Tue Mar 21 15:37:31 2023:DEBUG:run: date: 1982 concentration: 5.07356 pptv
Tue Mar 21 15:37:31 2023:DEBUG:run: date: 1983 concentration: 5.35615 pptv
Tue Mar 21 15:37:31 2023:DEBUG:run: date: 1984 concentration: 5.72298 pptv
Tue Mar 21 15:37:31 2023:DEBUG:run: date: 1985 concentration: 6.11815 pptv
Tue Mar 21 15:37:31 2023:DEBUG:run: date: 1986 concentration: 6.54626 pptv
Tue Mar 21 15:37:31 2023:DEBUG:run: date: 1987 concentration: 7.04003 pptv
Tue Mar 21 15:37:31 2023:DEBUG:run: date: 1988 concentration: 7.53905 pptv
Tue Mar 21 15:37:31 2023:DEBUG:run: date: 1989 concentration: 8.03855 pptv
Tue Mar 21 15:37:31 2023:DEBUG:run: date: 1990 concentration: 8.53832 pptv
Tue Mar 21 15:37:31 2023:DEBUG:run: date: 1991 concentration: 9.06582 pptv
Tue Mar 21 15:37:31 2023:DEBUG:run: date: 1992 concentration: 9.65894 pptv
Tue Mar 21 15:37:31 2023:DEBUG:run: date: 1993 concentration: 10.285 pptv
Tue Mar 21 15:37:31 2023:DEBUG:run: date: 1994 concentration: 10.9392 pptv
Tue Mar 21 15:37:31 2023:DEBUG:run: date: 1995 concentration: 11.6367 pptv
Tue Mar 21 15:37:31 2023:DEBUG:run: date: 1996 concentration: 12.3677 pptv
Tue Mar 21 15:37:31 2023:DEBUG:run: date: 1997 concentration: 13.0979 pptv
Tue Mar 21 15:37:31 2023:DEBUG:run: date: 1998 concentration: 13.8437 pptv
Tue Mar 21 15:37:31 2023:DEBUG:run: date: 1999 concentration: 14.5905 pptv
Tue Mar 21 15:37:31 2023:DEBUG:run: date: 2000 concentration: 15.2731 pptv
Tue Mar 21 15:37:31 2023:DEBUG:run: date: 2001 concentration: 15.9284 pptv
Tue Mar 21 15:37:31 2023:DEBUG:run: date: 2002 concentration: 16.6396 pptv
Tue Mar 21 15:37:31 2023:DEBUG:run: date: 2003 concentration: 17.4499 pptv
Tue Mar 21 15:37:31 2023:DEBUG:run: date: 2004 concentration: 18.3924 pptv
Tue Mar 21 15:37:31 2023:DEBUG:run: date: 2005 concentration: 19.4831 pptv
Tue Mar 21 15:37:31 2023:DEBUG:run: date: 2006 concentration: 20.4124 pptv
Tue Mar 21 15:37:31 2023:DEBUG:run: date: 2007 concentration: 21.0758 pptv
Tue Mar 21 15:37:31 2023:DEBUG:run: date: 2008 concentration: 21.6959 pptv
Tue Mar 21 15:37:31 2023:DEBUG:run: date: 2009 concentration: 22.4027 pptv
Tue Mar 21 15:37:31 2023:DEBUG:run: date: 2010 concentration: 23.2109 pptv
Tue Mar 21 15:37:31 2023:DEBUG:run: date: 2011 concentration: 24.1151 pptv
Tue Mar 21 15:37:31 2023:DEBUG:run: date: 2012 concentration: 25.0235 pptv
Tue Mar 21 15:37:31 2023:DEBUG:run: date: 2013 concentration: 25.8502 pptv
Tue Mar 21 15:37:31 2023:DEBUG:run: date: 2014 concentration: 26.7838 pptv
Tue Mar 21 15:37:31 2023:DEBUG:run: date: 2015 concentration: 27.8323 pptv
Tue Mar 21 15:37:31 2023:DEBUG:run: date: 2016 concentration: 28.6901 pptv
Tue Mar 21 15:37:31 2023:DEBUG:run: date: 2017 concentration: 29.3579 pptv
Tue Mar 21 15:37:31 2023:DEBUG:run: date: 2018 concentration: 29.8365 pptv
Tue Mar 21 15:37:31 2023:DEBUG:run: date: 2019 concentration: 30.1264 pptv
Tue Mar 21 15:37:31 2023:DEBUG:run: date: 2020 concentration: 30.2285 pptv
Tue Mar 21 15:37:31 2023:DEBUG:run: date: 2021 concentration: 30.3133 pptv
Tue Mar 21 15:37:31 2023:DEBUG:run: date: 2022 concentration: 30.3809 pptv
Tue Mar 21 15:37:31 2023:DEBUG:run: date: 2023 concentration: 30.4314 pptv
Tue Mar 21 15:37:31 2023:DEBUG:run: date: 2024 concentration: 30.4648 pptv
Tue Mar 21 15:37:31 2023:DEBUG:run: date: 2025 concentration: 30.4812 pptv
Tue Mar 21 15:37:31 2023:DEBUG:run: date: 2026 concentration: 30.4808 pptv
Tue Mar 21 15:37:31 2023:DEBUG:run: date: 2027 concentration: 30.4634 pptv
Tue Mar 21 15:37:31 2023:DEBUG:run: date: 2028 concentration: 30.4292 pptv
Tue Mar 21 15:37:31 2023:DEBUG:run: date: 2029 concentration: 30.3783 pptv
Tue Mar 21 15:37:31 2023:DEBUG:run: date: 2030 concentration: 30.3107 pptv
Tue Mar 21 15:37:31 2023:DEBUG:run: date: 2031 concentration: 30.241 pptv
Tue Mar 21 15:37:31 2023:DEBUG:run: date: 2032 concentration: 30.1693 pptv
Tue Mar 21 15:37:31 2023:DEBUG:run: date: 2033 concentration: 30.0956 pptv
Tue Mar 21 15:37:31 2023:DEBUG:run: date: 2034 concentration: 30.0198 pptv
Tue Mar 21 15:37:31 2023:DEBUG:run: date: 2035 concentration: 29.9419 pptv
Tue Mar 21 15:37:31 2023:DEBUG:run: date: 2036 concentration: 29.8621 pptv
Tue Mar 21 15:37:31 2023:DEBUG:run: date: 2037 concentration: 29.7802 pptv
Tue Mar 21 15:37:31 2023:DEBUG:run: date: 2038 concentration: 29.6963 pptv
Tue Mar 21 15:37:31 2023:DEBUG:run: date: 2039 concentration: 29.6105 pptv
Tue Mar 21 15:37:31 2023:DEBUG:run: date: 2040 concentration: 29.5226 pptv
Tue Mar 21 15:37:31 2023:DEBUG:run: date: 2041 concentration: 29.4337 pptv
Tue Mar 21 15:37:31 2023:DEBUG:run: date: 2042 concentration: 29.3439 pptv
Tue Mar 21 15:37:31 2023:DEBUG:run: date: 2043 concentration: 29.2531 pptv
Tue Mar 21 15:37:31 2023:DEBUG:run: date: 2044 concentration: 29.1614 pptv
Tue Mar 21 15:37:31 2023:DEBUG:run: date: 2045 concentration: 29.0686 pptv
Tue Mar 21 15:37:31 2023:DEBUG:run: date: 2046 concentration: 28.975 pptv
Tue Mar 21 15:37:31 2023:DEBUG:run: date: 2047 concentration: 28.8803 pptv
Tue Mar 21 15:37:31 2023:DEBUG:run: date: 2048 concentration: 28.7847 pptv
Tue Mar 21 15:37:31 2023:DEBUG:run: date: 2049 concentration: 28.6882 pptv
Tue Mar 21 15:37:31 2023:DEBUG:run: date: 2050 concentration: 28.5907 pptv
Tue Mar 21 15:37:31 2023:DEBUG:run: date: 2051 concentration: 28.4932 pptv
Tue Mar 21 15:37:31 2023:DEBUG:run: date: 2052 concentration: 28.3956 pptv
Tue Mar 21 15:37:31 2023:DEBUG:run: date: 2053 concentration: 28.298 pptv
Tue Mar 21 15:37:31 2023:DEBUG:run: date: 2054 concentration: 28.2004 pptv
Tue Mar 21 15:37:31 2023:DEBUG:run: date: 2055 concentration: 28.1027 pptv
Tue Mar 21 15:37:31 2023:DEBUG:run: date: 2056 concentration: 28.0049 pptv
Tue Mar 21 15:37:31 2023:DEBUG:run: date: 2057 concentration: 27.9072 pptv
Tue Mar 21 15:37:31 2023:DEBUG:run: date: 2058 concentration: 27.8094 pptv
Tue Mar 21 15:37:31 2023:DEBUG:run: date: 2059 concentration: 27.7115 pptv
Tue Mar 21 15:37:31 2023:DEBUG:run: date: 2060 concentration: 27.6136 pptv
Tue Mar 21 15:37:31 2023:DEBUG:run: date: 2061 concentration: 27.5159 pptv
Tue Mar 21 15:37:31 2023:DEBUG:run: date: 2062 concentration: 27.4182 pptv
Tue Mar 21 15:37:31 2023:DEBUG:run: date: 2063 concentration: 27.3208 pptv
Tue Mar 21 15:37:31 2023:DEBUG:run: date: 2064 concentration: 27.2234 pptv
Tue Mar 21 15:37:31 2023:DEBUG:run: date: 2065 concentration: 27.1262 pptv
Tue Mar 21 15:37:31 2023:DEBUG:run: date: 2066 concentration: 27.0291 pptv
Tue Mar 21 15:37:31 2023:DEBUG:run: date: 2067 concentration: 26.9322 pptv
Tue Mar 21 15:37:31 2023:DEBUG:run: date: 2068 concentration: 26.8354 pptv
Tue Mar 21 15:37:31 2023:DEBUG:run: date: 2069 concentration: 26.7387 pptv
Tue Mar 21 15:37:31 2023:DEBUG:run: date: 2070 concentration: 26.6422 pptv
Tue Mar 21 15:37:31 2023:DEBUG:run: date: 2071 concentration: 26.5459 pptv
Tue Mar 21 15:37:31 2023:DEBUG:run: date: 2072 concentration: 26.4498 pptv
Tue Mar 21 15:37:31 2023:DEBUG:run: date: 2073 concentration: 26.354 pptv
Tue Mar 21 15:37:31 2023:DEBUG:run: date: 2074 concentration: 26.2584 pptv
Tue Mar 21 15:37:31 2023:DEBUG:run: date: 2075 concentration: 26.163 pptv
Tue Mar 21 15:37:31 2023:DEBUG:run: date: 2076 concentration: 26.0679 pptv
Tue Mar 21 15:37:31 2023:DEBUG:run: date: 2077 concentration: 25.973 pptv
Tue Mar 21 15:37:31 2023:DEBUG:run: date: 2078 concentration: 25.8784 pptv
Tue Mar 21 15:37:31 2023:DEBUG:run: date: 2079 concentration: 25.7839 pptv
Tue Mar 21 15:37:31 2023:DEBUG:run: date: 2080 concentration: 25.6898 pptv
Tue Mar 21 15:37:31 2023:DEBUG:run: date: 2081 concentration: 25.5959 pptv
Tue Mar 21 15:37:31 2023:DEBUG:run: date: 2082 concentration: 25.5023 pptv
Tue Mar 21 15:37:31 2023:DEBUG:run: date: 2083 concentration: 25.4089 pptv
Tue Mar 21 15:37:31 2023:DEBUG:run: date: 2084 concentration: 25.3159 pptv
Tue Mar 21 15:37:31 2023:DEBUG:run: date: 2085 concentration: 25.2232 pptv
Tue Mar 21 15:37:31 2023:DEBUG:run: date: 2086 concentration: 25.1307 pptv
Tue Mar 21 15:37:32 2023:DEBUG:run: date: 2087 concentration: 25.0385 pptv
Tue Mar 21 15:37:32 2023:DEBUG:run: date: 2088 concentration: 24.9467 pptv
Tue Mar 21 15:37:32 2023:DEBUG:run: date: 2089 concentration: 24.8551 pptv
Tue Mar 21 15:37:32 2023:DEBUG:run: date: 2090 concentration: 24.7637 pptv
Tue Mar 21 15:37:32 2023:DEBUG:run: date: 2091 concentration: 24.6727 pptv
Tue Mar 21 15:37:32 2023:DEBUG:run: date: 2092 concentration: 24.5819 pptv
Tue Mar 21 15:37:32 2023:DEBUG:run: date: 2093 concentration: 24.4914 pptv
Tue Mar 21 15:37:32 2023:DEBUG:run: date: 2094 concentration: 24.4012 pptv
Tue Mar 21 15:37:32 2023:DEBUG:run: date: 2095 concentration: 24.3113 pptv
Tue Mar 21 15:37:32 2023:DEBUG:run: date: 2096 concentration: 24.2217 pptv
Tue Mar 21 15:37:32 2023:DEBUG:run: date: 2097 concentration: 24.1323 pptv
Tue Mar 21 15:37:32 2023:DEBUG:run: date: 2098 concentration: 24.0432 pptv
Tue Mar 21 15:37:32 2023:DEBUG:run: date: 2099 concentration: 23.9544 pptv
Tue Mar 21 15:37:32 2023:DEBUG:run: date: 2100 concentration: 23.8658 pptv
Tue Mar 21 15:37:32 2023:DEBUG:run: date: 2101 concentration: 23.7776 pptv
Tue Mar 21 15:37:32 2023:DEBUG:run: date: 2102 concentration: 23.6897 pptv
Tue Mar 21 15:37:32 2023:DEBUG:run: date: 2103 concentration: 23.6021 pptv
Tue Mar 21 15:37:32 2023:DEBUG:run: date: 2104 concentration: 23.5148 pptv
Tue Mar 21 15:37:32 2023:DEBUG:run: date: 2105 concentration: 23.4279 pptv
Tue Mar 21 15:37:32 2023:DEBUG:run: date: 2106 concentration: 23.3413 pptv
Tue Mar 21 15:37:32 2023:DEBUG:run: date: 2107 concentration: 23.255 pptv
Tue Mar 21 15:37:32 2023:DEBUG:run: date: 2108 concentration: 23.169 pptv
Tue Mar 21 15:37:32 2023:DEBUG:run: date: 2109 concentration: 23.0834 pptv
Tue Mar 21 15:37:32 2023:DEBUG:run: date: 2110 concentration: 22.9981 pptv
Tue Mar 21 15:37:32 2023:DEBUG:run: date: 2111 concentration: 22.913 pptv
Tue Mar 21 15:37:32 2023:DEBUG:run: date: 2112 concentration: 22.8283 pptv
Tue Mar 21 15:37:32 2023:DEBUG:run: date: 2113 concentration: 22.7439 pptv
Tue Mar 21 15:37:32 2023:DEBUG:run: date: 2114 concentration: 22.6599 pptv
Tue Mar 21 15:37:32 2023:DEBUG:run: date: 2115 concentration: 22.5761 pptv
Tue Mar 21 15:37:32 2023:DEBUG:run: date: 2116 concentration: 22.4926 pptv
Tue Mar 21 15:37:32 2023:DEBUG:run: date: 2117 concentration: 22.4095 pptv
Tue Mar 21 15:37:32 2023:DEBUG:run: date: 2118 concentration: 22.3266 pptv
Tue Mar 21 15:37:32 2023:DEBUG:run: date: 2119 concentration: 22.2441 pptv
Tue Mar 21 15:37:32 2023:DEBUG:run: date: 2120 concentration: 22.1619 pptv
Tue Mar 21 15:37:32 2023:DEBUG:run: date: 2121 concentration: 22.0799 pptv
Tue Mar 21 15:37:32 2023:DEBUG:run: date: 2122 concentration: 21.9983 pptv
Tue Mar 21 15:37:32 2023:DEBUG:run: date: 2123 concentration: 21.917 pptv
Tue Mar 21 15:37:32 2023:DEBUG:run: date: 2124 concentration: 21.836 pptv
Tue Mar 21 15:37:32 2023:DEBUG:run: date: 2125 concentration: 21.7552 pptv
Tue Mar 21 15:37:32 2023:DEBUG:run: date: 2126 concentration: 21.6748 pptv
Tue Mar 21 15:37:32 2023:DEBUG:run: date: 2127 concentration: 21.5947 pptv
Tue Mar 21 15:37:32 2023:DEBUG:run: date: 2128 concentration: 21.5148 pptv
Tue Mar 21 15:37:32 2023:DEBUG:run: date: 2129 concentration: 21.4353 pptv
Tue Mar 21 15:37:32 2023:DEBUG:run: date: 2130 concentration: 21.3561 pptv
Tue Mar 21 15:37:32 2023:DEBUG:run: date: 2131 concentration: 21.2771 pptv
Tue Mar 21 15:37:32 2023:DEBUG:run: date: 2132 concentration: 21.1985 pptv
Tue Mar 21 15:37:32 2023:DEBUG:run: date: 2133 concentration: 21.1201 pptv
Tue Mar 21 15:37:32 2023:DEBUG:run: date: 2134 concentration: 21.042 pptv
Tue Mar 21 15:37:32 2023:DEBUG:run: date: 2135 concentration: 20.9642 pptv
Tue Mar 21 15:37:32 2023:DEBUG:run: date: 2136 concentration: 20.8867 pptv
Tue Mar 21 15:37:32 2023:DEBUG:run: date: 2137 concentration: 20.8095 pptv
Tue Mar 21 15:37:32 2023:DEBUG:run: date: 2138 concentration: 20.7326 pptv
Tue Mar 21 15:37:32 2023:DEBUG:run: date: 2139 concentration: 20.6559 pptv
Tue Mar 21 15:37:32 2023:DEBUG:run: date: 2140 concentration: 20.5796 pptv
Tue Mar 21 15:37:32 2023:DEBUG:run: date: 2141 concentration: 20.5035 pptv
Tue Mar 21 15:37:32 2023:DEBUG:run: date: 2142 concentration: 20.4277 pptv
Tue Mar 21 15:37:32 2023:DEBUG:run: date: 2143 concentration: 20.3522 pptv
Tue Mar 21 15:37:32 2023:DEBUG:run: date: 2144 concentration: 20.2769 pptv
Tue Mar 21 15:37:32 2023:DEBUG:run: date: 2145 concentration: 20.202 pptv
Tue Mar 21 15:37:32 2023:DEBUG:run: date: 2146 concentration: 20.1273 pptv
Tue Mar 21 15:37:32 2023:DEBUG:run: date: 2147 concentration: 20.0529 pptv
Tue Mar 21 15:37:32 2023:DEBUG:run: date: 2148 concentration: 19.9787 pptv
Tue Mar 21 15:37:32 2023:DEBUG:run: date: 2149 concentration: 19.9049 pptv
Tue Mar 21 15:37:32 2023:DEBUG:run: date: 2150 concentration: 19.8313 pptv
Tue Mar 21 15:37:32 2023:DEBUG:run: date: 2151 concentration: 19.758 pptv
Tue Mar 21 15:37:32 2023:DEBUG:run: date: 2152 concentration: 19.6849 pptv
Tue Mar 21 15:37:32 2023:DEBUG:run: date: 2153 concentration: 19.6122 pptv
Tue Mar 21 15:37:32 2023:DEBUG:run: date: 2154 concentration: 19.5397 pptv
Tue Mar 21 15:37:32 2023:DEBUG:run: date: 2155 concentration: 19.4674 pptv
Tue Mar 21 15:37:32 2023:DEBUG:run: date: 2156 concentration: 19.3955 pptv
Tue Mar 21 15:37:32 2023:DEBUG:run: date: 2157 concentration: 19.3238 pptv
Tue Mar 21 15:37:32 2023:DEBUG:run: date: 2158 concentration: 19.2523 pptv
Tue Mar 21 15:37:32 2023:DEBUG:run: date: 2159 concentration: 19.1812 pptv
Tue Mar 21 15:37:32 2023:DEBUG:run: date: 2160 concentration: 19.1102 pptv
Tue Mar 21 15:37:32 2023:DEBUG:run: date: 2161 concentration: 19.0396 pptv
Tue Mar 21 15:37:32 2023:DEBUG:run: date: 2162 concentration: 18.9692 pptv
Tue Mar 21 15:37:32 2023:DEBUG:run: date: 2163 concentration: 18.8991 pptv
Tue Mar 21 15:37:32 2023:DEBUG:run: date: 2164 concentration: 18.8292 pptv
Tue Mar 21 15:37:32 2023:DEBUG:run: date: 2165 concentration: 18.7596 pptv
Tue Mar 21 15:37:32 2023:DEBUG:run: date: 2166 concentration: 18.6903 pptv
Tue Mar 21 15:37:32 2023:DEBUG:run: date: 2167 concentration: 18.6212 pptv
Tue Mar 21 15:37:32 2023:DEBUG:run: date: 2168 concentration: 18.5523 pptv
Tue Mar 21 15:37:32 2023:DEBUG:run: date: 2169 concentration: 18.4837 pptv
Tue Mar 21 15:37:32 2023:DEBUG:run: date: 2170 concentration: 18.4154 pptv
Tue Mar 21 15:37:32 2023:DEBUG:run: date: 2171 concentration: 18.3473 pptv
Tue Mar 21 15:37:32 2023:DEBUG:run: date: 2172 concentration: 18.2795 pptv
Tue Mar 21 15:37:32 2023:DEBUG:run: date: 2173 concentration: 18.2119 pptv
Tue Mar 21 15:37:32 2023:DEBUG:run: date: 2174 concentration: 18.1446 pptv
Tue Mar 21 15:37:32 2023:DEBUG:run: date: 2175 concentration: 18.0775 pptv
Tue Mar 21 15:37:32 2023:DEBUG:run: date: 2176 concentration: 18.0107 pptv
Tue Mar 21 15:37:32 2023:DEBUG:run: date: 2177 concentration: 17.9441 pptv
Tue Mar 21 15:37:32 2023:DEBUG:run: date: 2178 concentration: 17.8778 pptv
Tue Mar 21 15:37:32 2023:DEBUG:run: date: 2179 concentration: 17.8117 pptv
Tue Mar 21 15:37:32 2023:DEBUG:run: date: 2180 concentration: 17.7458 pptv
Tue Mar 21 15:37:32 2023:DEBUG:run: date: 2181 concentration: 17.6802 pptv
Tue Mar 21 15:37:32 2023:DEBUG:run: date: 2182 concentration: 17.6149 pptv
Tue Mar 21 15:37:32 2023:DEBUG:run: date: 2183 concentration: 17.5497 pptv
Tue Mar 21 15:37:32 2023:DEBUG:run: date: 2184 concentration: 17.4849 pptv
Tue Mar 21 15:37:32 2023:DEBUG:run: date: 2185 concentration: 17.4202 pptv
Tue Mar 21 15:37:32 2023:DEBUG:run: date: 2186 concentration: 17.3558 pptv
Tue Mar 21 15:37:32 2023:DEBUG:run: date: 2187 concentration: 17.2917 pptv
Tue Mar 21 15:37:32 2023:DEBUG:run: date: 2188 concentration: 17.2277 pptv
Tue Mar 21 15:37:32 2023:DEBUG:run: date: 2189 concentration: 17.164 pptv
Tue Mar 21 15:37:32 2023:DEBUG:run: date: 2190 concentration: 17.1006 pptv
Tue Mar 21 15:37:32 2023:DEBUG:run: date: 2191 concentration: 17.0374 pptv
Tue Mar 21 15:37:32 2023:DEBUG:run: date: 2192 concentration: 16.9744 pptv
Tue Mar 21 15:37:32 2023:DEBUG:run: date: 2193 concentration: 16.9116 pptv
Tue Mar 21 15:37:32 2023:DEBUG:run: date: 2194 concentration: 16.8491 pptv
Tue Mar 21 15:37:32 2023:DEBUG:run: date: 2195 concentration: 16.7868 pptv
Tue Mar 21 15:37:32 2023:DEBUG:run: date: 2196 concentration: 16.7248 pptv
Tue Mar 21 15:37:32 2023:DEBUG:run: date: 2197 concentration: 16.6629 pptv
Tue Mar 21 15:37:32 2023:DEBUG:run: date: 2198 concentration: 16.6013 pptv
Tue Mar 21 15:37:32 2023:DEBUG:run: date: 2199 concentration: 16.54 pptv
Tue Mar 21 15:37:32 2023:DEBUG:run: date: 2200 concentration: 16.4788 pptv
Tue Mar 21 15:37:32 2023:DEBUG:run: date: 2201 concentration: 16.4179 pptv
Tue Mar 21 15:37:32 2023:DEBUG:run: date: 2202 concentration: 16.3572 pptv
Tue Mar 21 15:37:32 2023:DEBUG:run: date: 2203 concentration: 16.2967 pptv
Tue Mar 21 15:37:32 2023:DEBUG:run: date: 2204 concentration: 16.2365 pptv
Tue Mar 21 15:37:32 2023:DEBUG:run: date: 2205 concentration: 16.1765 pptv
Tue Mar 21 15:37:32 2023:DEBUG:run: date: 2206 concentration: 16.1167 pptv
Tue Mar 21 15:37:32 2023:DEBUG:run: date: 2207 concentration: 16.0571 pptv
Tue Mar 21 15:37:32 2023:DEBUG:run: date: 2208 concentration: 15.9977 pptv
Tue Mar 21 15:37:32 2023:DEBUG:run: date: 2209 concentration: 15.9386 pptv
Tue Mar 21 15:37:32 2023:DEBUG:run: date: 2210 concentration: 15.8797 pptv
Tue Mar 21 15:37:32 2023:DEBUG:run: date: 2211 concentration: 15.821 pptv
Tue Mar 21 15:37:32 2023:DEBUG:run: date: 2212 concentration: 15.7625 pptv
Tue Mar 21 15:37:32 2023:DEBUG:run: date: 2213 concentration: 15.7042 pptv
Tue Mar 21 15:37:32 2023:DEBUG:run: date: 2214 concentration: 15.6461 pptv
Tue Mar 21 15:37:32 2023:DEBUG:run: date: 2215 concentration: 15.5883 pptv
Tue Mar 21 15:37:32 2023:DEBUG:run: date: 2216 concentration: 15.5307 pptv
Tue Mar 21 15:37:32 2023:DEBUG:run: date: 2217 concentration: 15.4733 pptv
Tue Mar 21 15:37:32 2023:DEBUG:run: date: 2218 concentration: 15.4161 pptv
Tue Mar 21 15:37:32 2023:DEBUG:run: date: 2219 concentration: 15.3591 pptv
Tue Mar 21 15:37:32 2023:DEBUG:run: date: 2220 concentration: 15.3023 pptv
Tue Mar 21 15:37:32 2023:DEBUG:run: date: 2221 concentration: 15.2457 pptv
Tue Mar 21 15:37:32 2023:DEBUG:run: date: 2222 concentration: 15.1894 pptv
Tue Mar 21 15:37:32 2023:DEBUG:run: date: 2223 concentration: 15.1332 pptv
Tue Mar 21 15:37:32 2023:DEBUG:run: date: 2224 concentration: 15.0773 pptv
Tue Mar 21 15:37:32 2023:DEBUG:run: date: 2225 concentration: 15.0215 pptv
Tue Mar 21 15:37:32 2023:DEBUG:run: date: 2226 concentration: 14.966 pptv
Tue Mar 21 15:37:32 2023:DEBUG:run: date: 2227 concentration: 14.9107 pptv
Tue Mar 21 15:37:32 2023:DEBUG:run: date: 2228 concentration: 14.8555 pptv
Tue Mar 21 15:37:32 2023:DEBUG:run: date: 2229 concentration: 14.8006 pptv
Tue Mar 21 15:37:32 2023:DEBUG:run: date: 2230 concentration: 14.7459 pptv
Tue Mar 21 15:37:32 2023:DEBUG:run: date: 2231 concentration: 14.6914 pptv
Tue Mar 21 15:37:32 2023:DEBUG:run: date: 2232 concentration: 14.6371 pptv
Tue Mar 21 15:37:32 2023:DEBUG:run: date: 2233 concentration: 14.583 pptv
Tue Mar 21 15:37:32 2023:DEBUG:run: date: 2234 concentration: 14.5291 pptv
Tue Mar 21 15:37:32 2023:DEBUG:run: date: 2235 concentration: 14.4753 pptv
Tue Mar 21 15:37:32 2023:DEBUG:run: date: 2236 concentration: 14.4218 pptv
Tue Mar 21 15:37:32 2023:DEBUG:run: date: 2237 concentration: 14.3685 pptv
Tue Mar 21 15:37:32 2023:DEBUG:run: date: 2238 concentration: 14.3154 pptv
Tue Mar 21 15:37:32 2023:DEBUG:run: date: 2239 concentration: 14.2625 pptv
Tue Mar 21 15:37:32 2023:DEBUG:run: date: 2240 concentration: 14.2097 pptv
Tue Mar 21 15:37:32 2023:DEBUG:run: date: 2241 concentration: 14.1572 pptv
Tue Mar 21 15:37:32 2023:DEBUG:run: date: 2242 concentration: 14.1049 pptv
Tue Mar 21 15:37:32 2023:DEBUG:run: date: 2243 concentration: 14.0527 pptv
Tue Mar 21 15:37:32 2023:DEBUG:run: date: 2244 concentration: 14.0008 pptv
Tue Mar 21 15:37:32 2023:DEBUG:run: date: 2245 concentration: 13.949 pptv
Tue Mar 21 15:37:32 2023:DEBUG:run: date: 2246 concentration: 13.8975 pptv
Tue Mar 21 15:37:32 2023:DEBUG:run: date: 2247 concentration: 13.8461 pptv
Tue Mar 21 15:37:32 2023:DEBUG:run: date: 2248 concentration: 13.7949 pptv
Tue Mar 21 15:37:32 2023:DEBUG:run: date: 2249 concentration: 13.7439 pptv
Tue Mar 21 15:37:32 2023:DEBUG:run: date: 2250 concentration: 13.6931 pptv
Tue Mar 21 15:37:32 2023:DEBUG:run: date: 2251 concentration: 13.6425 pptv
Tue Mar 21 15:37:32 2023:DEBUG:run: date: 2252 concentration: 13.592 pptv
Tue Mar 21 15:37:32 2023:DEBUG:run: date: 2253 concentration: 13.5418 pptv
Tue Mar 21 15:37:32 2023:DEBUG:run: date: 2254 concentration: 13.4917 pptv
Tue Mar 21 15:37:32 2023:DEBUG:run: date: 2255 concentration: 13.4418 pptv
Tue Mar 21 15:37:32 2023:DEBUG:run: date: 2256 concentration: 13.3922 pptv
Tue Mar 21 15:37:32 2023:DEBUG:run: date: 2257 concentration: 13.3426 pptv
Tue Mar 21 15:37:32 2023:DEBUG:run: date: 2258 concentration: 13.2933 pptv
Tue Mar 21 15:37:32 2023:DEBUG:run: date: 2259 concentration: 13.2442 pptv
Tue Mar 21 15:37:32 2023:DEBUG:run: date: 2260 concentration: 13.1952 pptv
Tue Mar 21 15:37:32 2023:DEBUG:run: date: 2261 concentration: 13.1464 pptv
Tue Mar 21 15:37:32 2023:DEBUG:run: date: 2262 concentration: 13.0978 pptv
Tue Mar 21 15:37:32 2023:DEBUG:run: date: 2263 concentration: 13.0494 pptv
Tue Mar 21 15:37:32 2023:DEBUG:run: date: 2264 concentration: 13.0012 pptv
Tue Mar 21 15:37:32 2023:DEBUG:run: date: 2265 concentration: 12.9531 pptv
Tue Mar 21 15:37:32 2023:DEBUG:run: date: 2266 concentration: 12.9052 pptv
Tue Mar 21 15:37:32 2023:DEBUG:run: date: 2267 concentration: 12.8575 pptv
Tue Mar 21 15:37:32 2023:DEBUG:run: date: 2268 concentration: 12.81 pptv
Tue Mar 21 15:37:32 2023:DEBUG:run: date: 2269 concentration: 12.7626 pptv
Tue Mar 21 15:37:32 2023:DEBUG:run: date: 2270 concentration: 12.7154 pptv
Tue Mar 21 15:37:32 2023:DEBUG:run: date: 2271 concentration: 12.6684 pptv
Tue Mar 21 15:37:32 2023:DEBUG:run: date: 2272 concentration: 12.6216 pptv
Tue Mar 21 15:37:32 2023:DEBUG:run: date: 2273 concentration: 12.5749 pptv
Tue Mar 21 15:37:32 2023:DEBUG:run: date: 2274 concentration: 12.5285 pptv
Tue Mar 21 15:37:32 2023:DEBUG:run: date: 2275 concentration: 12.4821 pptv
Tue Mar 21 15:37:32 2023:DEBUG:run: date: 2276 concentration: 12.436 pptv
Tue Mar 21 15:37:32 2023:DEBUG:run: date: 2277 concentration: 12.39 pptv
Tue Mar 21 15:37:32 2023:DEBUG:run: date: 2278 concentration: 12.3442 pptv
Tue Mar 21 15:37:32 2023:DEBUG:run: date: 2279 concentration: 12.2986 pptv
Tue Mar 21 15:37:32 2023:DEBUG:run: date: 2280 concentration: 12.2531 pptv
Tue Mar 21 15:37:32 2023:DEBUG:run: date: 2281 concentration: 12.2078 pptv
Tue Mar 21 15:37:32 2023:DEBUG:run: date: 2282 concentration: 12.1627 pptv
Tue Mar 21 15:37:32 2023:DEBUG:run: date: 2283 concentration: 12.1177 pptv
Tue Mar 21 15:37:32 2023:DEBUG:run: date: 2284 concentration: 12.0729 pptv
Tue Mar 21 15:37:32 2023:DEBUG:run: date: 2285 concentration: 12.0283 pptv
Tue Mar 21 15:37:32 2023:DEBUG:run: date: 2286 concentration: 11.9838 pptv
Tue Mar 21 15:37:32 2023:DEBUG:run: date: 2287 concentration: 11.9395 pptv
Tue Mar 21 15:37:32 2023:DEBUG:run: date: 2288 concentration: 11.8954 pptv
Tue Mar 21 15:37:32 2023:DEBUG:run: date: 2289 concentration: 11.8514 pptv
Tue Mar 21 15:37:32 2023:DEBUG:run: date: 2290 concentration: 11.8076 pptv
Tue Mar 21 15:37:32 2023:DEBUG:run: date: 2291 concentration: 11.7639 pptv
Tue Mar 21 15:37:32 2023:DEBUG:run: date: 2292 concentration: 11.7205 pptv
Tue Mar 21 15:37:32 2023:DEBUG:run: date: 2293 concentration: 11.6771 pptv
Tue Mar 21 15:37:32 2023:DEBUG:run: date: 2294 concentration: 11.634 pptv
Tue Mar 21 15:37:32 2023:DEBUG:run: date: 2295 concentration: 11.5909 pptv
Tue Mar 21 15:37:32 2023:DEBUG:run: date: 2296 concentration: 11.5481 pptv
Tue Mar 21 15:37:32 2023:DEBUG:run: date: 2297 concentration: 11.5054 pptv
Tue Mar 21 15:37:32 2023:DEBUG:run: date: 2298 concentration: 11.4629 pptv
Tue Mar 21 15:37:32 2023:DEBUG:run: date: 2299 concentration: 11.4205 pptv
Tue Mar 21 15:37:32 2023:DEBUG:run: date: 2300 concentration: 11.3783 pptv
