Tue Mar 21 15:37:28 2023:NOTICE:printLogHeader: hector version 2.5.0
Tue Mar 21 15:37:29 2023:DEBUG:setData: Setting tau[-1]=7.6
Tue Mar 21 15:37:29 2023:DEBUG:setData: Setting rho[-1]=0.00028
Tue Mar 21 15:37:29 2023:DEBUG:setData: Setting HFC245fa_emissions[1765]=0
Tue Mar 21 15:37:29 2023:DEBUG:setData: Setting HFC245fa_emissions[1766]=0
Tue Mar 21 15:37:29 2023:DEBUG:setData: Setting HFC245fa_emissions[1767]=0
Tue Mar 21 15:37:29 2023:DEBUG:setData: Setting HFC245fa_emissions[1768]=0
Tue Mar 21 15:37:29 2023:DEBUG:setData: Setting HFC245fa_emissions[1769]=0
Tue Mar 21 15:37:29 2023:DEBUG:setData: Setting HFC245fa_emissions[1770]=0
Tue Mar 21 15:37:29 2023:DEBUG:setData: Setting HFC245fa_emissions[1771]=0
Tue Mar 21 15:37:29 2023:DEBUG:setData: Setting HFC245fa_emissions[1772]=0
Tue Mar 21 15:37:29 2023:DEBUG:setData: Setting HFC245fa_emissions[1773]=0
Tue Mar 21 15:37:29 2023:DEBUG:setData: Setting HFC245fa_emissions[1774]=0
Tue Mar 21 15:37:29 2023:DEBUG:setData: Setting HFC245fa_emissions[1775]=0
Tue Mar 21 15:37:29 2023:DEBUG:setData: Setting HFC245fa_emissions[1776]=0
Tue Mar 21 15:37:29 2023:DEBUG:setData: Setting HFC245fa_emissions[1777]=0
Tue Mar 21 15:37:29 2023:DEBUG:setData: Setting HFC245fa_emissions[1778]=0
Tue Mar 21 15:37:29 2023:DEBUG:setData: Setting HFC245fa_emissions[1779]=0
Tue Mar 21 15:37:29 2023:DEBUG:setData: Setting HFC245fa_emissions[1780]=0
Tue Mar 21 15:37:29 2023:DEBUG:setData: Setting HFC245fa_emissions[1781]=0
Tue Mar 21 15:37:29 2023:DEBUG:setData: Setting HFC245fa_emissions[1782]=0
Tue Mar 21 15:37:29 2023:DEBUG:setData: Setting HFC245fa_emissions[1783]=0
Tue Mar 21 15:37:29 2023:DEBUG:setData: Setting HFC245fa_emissions[1784]=0
Tue Mar 21 15:37:29 2023:DEBUG:setData: Setting HFC245fa_emissions[1785]=0
Tue Mar 21 15:37:29 2023:DEBUG:setData: Setting HFC245fa_emissions[1786]=0
Tue Mar 21 15:37:29 2023:DEBUG:setData: Setting HFC245fa_emissions[1787]=0
Tue Mar 21 15:37:29 2023:DEBUG:setData: Setting HFC245fa_emissions[1788]=0
Tue Mar 21 15:37:29 2023:DEBUG:setData: Setting HFC245fa_emissions[1789]=0
Tue Mar 21 15:37:29 2023:DEBUG:setData: Setting HFC245fa_emissions[1790]=0
Tue Mar 21 15:37:29 2023:DEBUG:setData: Setting HFC245fa_emissions[1791]=0
Tue Mar 21 15:37:29 2023:DEBUG:setData: Setting HFC245fa_emissions[1792]=0
Tue Mar 21 15:37:29 2023:DEBUG:setData: Setting HFC245fa_emissions[1793]=0
Tue Mar 21 15:37:29 2023:DEBUG:setData: Setting HFC245fa_emissions[1794]=0
Tue Mar 21 15:37:29 2023:DEBUG:setData: Setting HFC245fa_emissions[1795]=0
Tue Mar 21 15:37:29 2023:DEBUG:setData: Setting HFC245fa_emissions[1796]=0
Tue Mar 21 15:37:29 2023:DEBUG:setData: Setting HFC245fa_emissions[1797]=0
Tue Mar 21 15:37:29 2023:DEBUG:setData: Setting HFC245fa_emissions[1798]=0
Tue Mar 21 15:37:29 2023:DEBUG:setData: Setting HFC245fa_emissions[1799]=0
Tue Mar 21 15:37:29 2023:DEBUG:setData: Setting HFC245fa_emissions[1800]=0
Tue Mar 21 15:37:29 2023:DEBUG:setData: Setting HFC245fa_emissions[1801]=0
Tue Mar 21 15:37:29 2023:DEBUG:setData: Setting HFC245fa_emissions[1802]=0
Tue Mar 21 15:37:29 2023:DEBUG:setData: Setting HFC245fa_emissions[1803]=0
Tue Mar 21 15:37:29 2023:DEBUG:setData: Setting HFC245fa_emissions[1804]=0
Tue Mar 21 15:37:29 2023:DEBUG:setData: Setting HFC245fa_emissions[1805]=0
Tue Mar 21 15:37:29 2023:DEBUG:setData: Setting HFC245fa_emissions[1806]=0
Tue Mar 21 15:37:29 2023:DEBUG:setData: Setting HFC245fa_emissions[1807]=0
Tue Mar 21 15:37:29 2023:DEBUG:setData: Setting HFC245fa_emissions[1808]=0
Tue Mar 21 15:37:29 2023:DEBUG:setData: Setting HFC245fa_emissions[1809]=0
Tue Mar 21 15:37:29 2023:DEBUG:setData: Setting HFC245fa_emissions[1810]=0
Tue Mar 21 15:37:29 2023:DEBUG:setData: Setting HFC245fa_emissions[1811]=0
Tue Mar 21 15:37:29 2023:DEBUG:setData: Setting HFC245fa_emissions[1812]=0
Tue Mar 21 15:37:29 2023:DEBUG:setData: Setting HFC245fa_emissions[1813]=0
Tue Mar 21 15:37:29 2023:DEBUG:setData: Setting HFC245fa_emissions[1814]=0
Tue Mar 21 15:37:29 2023:DEBUG:setData: Setting HFC245fa_emissions[1815]=0
Tue Mar 21 15:37:29 2023:DEBUG:setData: Setting HFC245fa_emissions[1816]=0
Tue Mar 21 15:37:29 2023:DEBUG:setData: Setting HFC245fa_emissions[1817]=0
Tue Mar 21 15:37:29 2023:DEBUG:setData: Setting HFC245fa_emissions[1818]=0
Tue Mar 21 15:37:29 2023:DEBUG:setData: Setting HFC245fa_emissions[1819]=0
Tue Mar 21 15:37:29 2023:DEBUG:setData: Setting HFC245fa_emissions[1820]=0
Tue Mar 21 15:37:29 2023:DEBUG:setData: Setting HFC245fa_emissions[1821]=0
Tue Mar 21 15:37:29 2023:DEBUG:setData: Setting HFC245fa_emissions[1822]=0
Tue Mar 21 15:37:29 2023:DEBUG:setData: Setting HFC245fa_emissions[1823]=0
Tue Mar 21 15:37:29 2023:DEBUG:setData: Setting HFC245fa_emissions[1824]=0
Tue Mar 21 15:37:29 2023:DEBUG:setData: Setting HFC245fa_emissions[1825]=0
Tue Mar 21 15:37:29 2023:DEBUG:setData: Setting HFC245fa_emissions[1826]=0
Tue Mar 21 15:37:29 2023:DEBUG:setData: Setting HFC245fa_emissions[1827]=0
Tue Mar 21 15:37:29 2023:DEBUG:setData: Setting HFC245fa_emissions[1828]=0
Tue Mar 21 15:37:29 2023:DEBUG:setData: Setting HFC245fa_emissions[1829]=0
Tue Mar 21 15:37:29 2023:DEBUG:setData: Setting HFC245fa_emissions[1830]=0
Tue Mar 21 15:37:29 2023:DEBUG:setData: Setting HFC245fa_emissions[1831]=0
Tue Mar 21 15:37:29 2023:DEBUG:setData: Setting HFC245fa_emissions[1832]=0
Tue Mar 21 15:37:29 2023:DEBUG:setData: Setting HFC245fa_emissions[1833]=0
Tue Mar 21 15:37:29 2023:DEBUG:setData: Setting HFC245fa_emissions[1834]=0
Tue Mar 21 15:37:29 2023:DEBUG:setData: Setting HFC245fa_emissions[1835]=0
Tue Mar 21 15:37:29 2023:DEBUG:setData: Setting HFC245fa_emissions[1836]=0
Tue Mar 21 15:37:29 2023:DEBUG:setData: Setting HFC245fa_emissions[1837]=0
Tue Mar 21 15:37:29 2023:DEBUG:setData: Setting HFC245fa_emissions[1838]=0
Tue Mar 21 15:37:29 2023:DEBUG:setData: Setting HFC245fa_emissions[1839]=0
Tue Mar 21 15:37:29 2023:DEBUG:setData: Setting HFC245fa_emissions[1840]=0
Tue Mar 21 15:37:29 2023:DEBUG:setData: Setting HFC245fa_emissions[1841]=0
Tue Mar 21 15:37:29 2023:DEBUG:setData: Setting HFC245fa_emissions[1842]=0
Tue Mar 21 15:37:29 2023:DEBUG:setData: Setting HFC245fa_emissions[1843]=0
Tue Mar 21 15:37:29 2023:DEBUG:setData: Setting HFC245fa_emissions[1844]=0
Tue Mar 21 15:37:29 2023:DEBUG:setData: Setting HFC245fa_emissions[1845]=0
Tue Mar 21 15:37:29 2023:DEBUG:setData: Setting HFC245fa_emissions[1846]=0
Tue Mar 21 15:37:29 2023:DEBUG:setData: Setting HFC245fa_emissions[1847]=0
Tue Mar 21 15:37:29 2023:DEBUG:setData: Setting HFC245fa_emissions[1848]=0
Tue Mar 21 15:37:29 2023:DEBUG:setData: Setting HFC245fa_emissions[1849]=0
Tue Mar 21 15:37:29 2023:DEBUG:setData: Setting HFC245fa_emissions[1850]=0
Tue Mar 21 15:37:29 2023:DEBUG:setData: Setting HFC245fa_emissions[1851]=0
Tue Mar 21 15:37:29 2023:DEBUG:setData: Setting HFC245fa_emissions[1852]=0
Tue Mar 21 15:37:29 2023:DEBUG:setData: Setting HFC245fa_emissions[1853]=0
Tue Mar 21 15:37:29 2023:DEBUG:setData: Setting HFC245fa_emissions[1854]=0
Tue Mar 21 15:37:29 2023:DEBUG:setData: Setting HFC245fa_emissions[1855]=0
Tue Mar 21 15:37:29 2023:DEBUG:setData: Setting HFC245fa_emissions[1856]=0
Tue Mar 21 15:37:29 2023:DEBUG:setData: Setting HFC245fa_emissions[1857]=0
Tue Mar 21 15:37:29 2023:DEBUG:setData: Setting HFC245fa_emissions[1858]=0
Tue Mar 21 15:37:29 2023:DEBUG:setData: Setting HFC245fa_emissions[1859]=0
Tue Mar 21 15:37:29 2023:DEBUG:setData: Setting HFC245fa_emissions[1860]=0
Tue Mar 21 15:37:29 2023:DEBUG:setData: Setting HFC245fa_emissions[1861]=0
Tue Mar 21 15:37:29 2023:DEBUG:setData: Setting HFC245fa_emissions[1862]=0
Tue Mar 21 15:37:29 2023:DEBUG:setData: Setting HFC245fa_emissions[1863]=0
Tue Mar 21 15:37:29 2023:DEBUG:setData: Setting HFC245fa_emissions[1864]=0
Tue Mar 21 15:37:29 2023:DEBUG:setData: Setting HFC245fa_emissions[1865]=0
Tue Mar 21 15:37:29 2023:DEBUG:setData: Setting HFC245fa_emissions[1866]=0
Tue Mar 21 15:37:29 2023:DEBUG:setData: Setting HFC245fa_emissions[1867]=0
Tue Mar 21 15:37:29 2023:DEBUG:setData: Setting HFC245fa_emissions[1868]=0
Tue Mar 21 15:37:29 2023:DEBUG:setData: Setting HFC245fa_emissions[1869]=0
Tue Mar 21 15:37:29 2023:DEBUG:setData: Setting HFC245fa_emissions[1870]=0
Tue Mar 21 15:37:29 2023:DEBUG:setData: Setting HFC245fa_emissions[1871]=0
Tue Mar 21 15:37:29 2023:DEBUG:setData: Setting HFC245fa_emissions[1872]=0
Tue Mar 21 15:37:29 2023:DEBUG:setData: Setting HFC245fa_emissions[1873]=0
Tue Mar 21 15:37:29 2023:DEBUG:setData: Setting HFC245fa_emissions[1874]=0
Tue Mar 21 15:37:29 2023:DEBUG:setData: Setting HFC245fa_emissions[1875]=0
Tue Mar 21 15:37:29 2023:DEBUG:setData: Setting HFC245fa_emissions[1876]=0
Tue Mar 21 15:37:29 2023:DEBUG:setData: Setting HFC245fa_emissions[1877]=0
Tue Mar 21 15:37:29 2023:DEBUG:setData: Setting HFC245fa_emissions[1878]=0
Tue Mar 21 15:37:29 2023:DEBUG:setData: Setting HFC245fa_emissions[1879]=0
Tue Mar 21 15:37:29 2023:DEBUG:setData: Setting HFC245fa_emissions[1880]=0
Tue Mar 21 15:37:29 2023:DEBUG:setData: Setting HFC245fa_emissions[1881]=0
Tue Mar 21 15:37:29 2023:DEBUG:setData: Setting HFC245fa_emissions[1882]=0
Tue Mar 21 15:37:29 2023:DEBUG:setData: Setting HFC245fa_emissions[1883]=0
Tue Mar 21 15:37:29 2023:DEBUG:setData: Setting HFC245fa_emissions[1884]=0
Tue Mar 21 15:37:29 2023:DEBUG:setData: Setting HFC245fa_emissions[1885]=0
Tue Mar 21 15:37:29 2023:DEBUG:setData: Setting HFC245fa_emissions[1886]=0
Tue Mar 21 15:37:29 2023:DEBUG:setData: Setting HFC245fa_emissions[1887]=0
Tue Mar 21 15:37:29 2023:DEBUG:setData: Setting HFC245fa_emissions[1888]=0
Tue Mar 21 15:37:29 2023:DEBUG:setData: Setting HFC245fa_emissions[1889]=0
Tue Mar 21 15:37:29 2023:DEBUG:setData: Setting HFC245fa_emissions[1890]=0
Tue Mar 21 15:37:29 2023:DEBUG:setData: Setting HFC245fa_emissions[1891]=0
Tue Mar 21 15:37:29 2023:DEBUG:setData: Setting HFC245fa_emissions[1892]=0
Tue Mar 21 15:37:29 2023:DEBUG:setData: Setting HFC245fa_emissions[1893]=0
Tue Mar 21 15:37:29 2023:DEBUG:setData: Setting HFC245fa_emissions[1894]=0
Tue Mar 21 15:37:29 2023:DEBUG:setData: Setting HFC245fa_emissions[1895]=0
Tue Mar 21 15:37:29 2023:DEBUG:setData: Setting HFC245fa_emissions[1896]=0
Tue Mar 21 15:37:29 2023:DEBUG:setData: Setting HFC245fa_emissions[1897]=0
Tue Mar 21 15:37:29 2023:DEBUG:setData: Setting HFC245fa_emissions[1898]=0
Tue Mar 21 15:37:29 2023:DEBUG:setData: Setting HFC245fa_emissions[1899]=0
Tue Mar 21 15:37:29 2023:DEBUG:setData: Setting HFC245fa_emissions[1900]=0
Tue Mar 21 15:37:29 2023:DEBUG:setData: Setting HFC245fa_emissions[1901]=0
Tue Mar 21 15:37:29 2023:DEBUG:setData: Setting HFC245fa_emissions[1902]=0
Tue Mar 21 15:37:29 2023:DEBUG:setData: Setting HFC245fa_emissions[1903]=0
Tue Mar 21 15:37:29 2023:DEBUG:setData: Setting HFC245fa_emissions[1904]=0
Tue Mar 21 15:37:29 2023:DEBUG:setData: Setting HFC245fa_emissions[1905]=0
Tue Mar 21 15:37:29 2023:DEBUG:setData: Setting HFC245fa_emissions[1906]=0
Tue Mar 21 15:37:29 2023:DEBUG:setData: Setting HFC245fa_emissions[1907]=0
Tue Mar 21 15:37:29 2023:DEBUG:setData: Setting HFC245fa_emissions[1908]=0
Tue Mar 21 15:37:29 2023:DEBUG:setData: Setting HFC245fa_emissions[1909]=0
Tue Mar 21 15:37:29 2023:DEBUG:setData: Setting HFC245fa_emissions[1910]=0
Tue Mar 21 15:37:29 2023:DEBUG:setData: Setting HFC245fa_emissions[1911]=0
Tue Mar 21 15:37:29 2023:DEBUG:setData: Setting HFC245fa_emissions[1912]=0
Tue Mar 21 15:37:29 2023:DEBUG:setData: Setting HFC245fa_emissions[1913]=0
Tue Mar 21 15:37:29 2023:DEBUG:setData: Setting HFC245fa_emissions[1914]=0
Tue Mar 21 15:37:29 2023:DEBUG:setData: Setting HFC245fa_emissions[1915]=0
Tue Mar 21 15:37:29 2023:DEBUG:setData: Setting HFC245fa_emissions[1916]=0
Tue Mar 21 15:37:29 2023:DEBUG:setData: Setting HFC245fa_emissions[1917]=0
Tue Mar 21 15:37:29 2023:DEBUG:setData: Setting HFC245fa_emissions[1918]=0
Tue Mar 21 15:37:29 2023:DEBUG:setData: Setting HFC245fa_emissions[1919]=0
Tue Mar 21 15:37:29 2023:DEBUG:setData: Setting HFC245fa_emissions[1920]=0
Tue Mar 21 15:37:29 2023:DEBUG:setData: Setting HFC245fa_emissions[1921]=0
Tue Mar 21 15:37:29 2023:DEBUG:setData: Setting HFC245fa_emissions[1922]=0
Tue Mar 21 15:37:29 2023:DEBUG:setData: Setting HFC245fa_emissions[1923]=0
Tue Mar 21 15:37:29 2023:DEBUG:setData: Setting HFC245fa_emissions[1924]=0
Tue Mar 21 15:37:29 2023:DEBUG:setData: Setting HFC245fa_emissions[1925]=0
Tue Mar 21 15:37:29 2023:DEBUG:setData: Setting HFC245fa_emissions[1926]=0
Tue Mar 21 15:37:29 2023:DEBUG:setData: Setting HFC245fa_emissions[1927]=0
Tue Mar 21 15:37:29 2023:DEBUG:setData: Setting HFC245fa_emissions[1928]=0
Tue Mar 21 15:37:29 2023:DEBUG:setData: Setting HFC245fa_emissions[1929]=0
Tue Mar 21 15:37:29 2023:DEBUG:setData: Setting HFC245fa_emissions[1930]=0
Tue Mar 21 15:37:29 2023:DEBUG:setData: Setting HFC245fa_emissions[1931]=0
Tue Mar 21 15:37:29 2023:DEBUG:setData: Setting HFC245fa_emissions[1932]=0
Tue Mar 21 15:37:29 2023:DEBUG:setData: Setting HFC245fa_emissions[1933]=0
Tue Mar 21 15:37:29 2023:DEBUG:setData: Setting HFC245fa_emissions[1934]=0
Tue Mar 21 15:37:29 2023:DEBUG:setData: Setting HFC245fa_emissions[1935]=0
Tue Mar 21 15:37:29 2023:DEBUG:setData: Setting HFC245fa_emissions[1936]=0
Tue Mar 21 15:37:29 2023:DEBUG:setData: Setting HFC245fa_emissions[1937]=0
Tue Mar 21 15:37:29 2023:DEBUG:setData: Setting HFC245fa_emissions[1938]=0
Tue Mar 21 15:37:29 2023:DEBUG:setData: Setting HFC245fa_emissions[1939]=0
Tue Mar 21 15:37:29 2023:DEBUG:setData: Setting HFC245fa_emissions[1940]=0
Tue Mar 21 15:37:29 2023:DEBUG:setData: Setting HFC245fa_emissions[1941]=0
Tue Mar 21 15:37:29 2023:DEBUG:setData: Setting HFC245fa_emissions[1942]=0
Tue Mar 21 15:37:29 2023:DEBUG:setData: Setting HFC245fa_emissions[1943]=0
Tue Mar 21 15:37:29 2023:DEBUG:setData: Setting HFC245fa_emissions[1944]=0
Tue Mar 21 15:37:29 2023:DEBUG:setData: Setting HFC245fa_emissions[1945]=0
Tue Mar 21 15:37:29 2023:DEBUG:setData: Setting HFC245fa_emissions[1946]=0
Tue Mar 21 15:37:29 2023:DEBUG:setData: Setting HFC245fa_emissions[1947]=0
Tue Mar 21 15:37:29 2023:DEBUG:setData: Setting HFC245fa_emissions[1948]=0
Tue Mar 21 15:37:29 2023:DEBUG:setData: Setting HFC245fa_emissions[1949]=0
Tue Mar 21 15:37:29 2023:DEBUG:setData: Setting HFC245fa_emissions[1950]=0
Tue Mar 21 15:37:29 2023:DEBUG:setData: Setting HFC245fa_emissions[1951]=0
Tue Mar 21 15:37:29 2023:DEBUG:setData: Setting HFC245fa_emissions[1952]=0
Tue Mar 21 15:37:29 2023:DEBUG:setData: Setting HFC245fa_emissions[1953]=0
Tue Mar 21 15:37:29 2023:DEBUG:setData: Setting HFC245fa_emissions[1954]=0
Tue Mar 21 15:37:29 2023:DEBUG:setData: Setting HFC245fa_emissions[1955]=0
Tue Mar 21 15:37:29 2023:DEBUG:setData: Setting HFC245fa_emissions[1956]=0
Tue Mar 21 15:37:29 2023:DEBUG:setData: Setting HFC245fa_emissions[1957]=0
Tue Mar 21 15:37:29 2023:DEBUG:setData: Setting HFC245fa_emissions[1958]=0
Tue Mar 21 15:37:29 2023:DEBUG:setData: Setting HFC245fa_emissions[1959]=0
Tue Mar 21 15:37:29 2023:DEBUG:setData: Setting HFC245fa_emissions[1960]=0
Tue Mar 21 15:37:29 2023:DEBUG:setData: Setting HFC245fa_emissions[1961]=0
Tue Mar 21 15:37:29 2023:DEBUG:setData: Setting HFC245fa_emissions[1962]=0
Tue Mar 21 15:37:29 2023:DEBUG:setData: Setting HFC245fa_emissions[1963]=0
Tue Mar 21 15:37:29 2023:DEBUG:setData: Setting HFC245fa_emissions[1964]=0
Tue Mar 21 15:37:29 2023:DEBUG:setData: Setting HFC245fa_emissions[1965]=0
Tue Mar 21 15:37:29 2023:DEBUG:setData: Setting HFC245fa_emissions[1966]=0
Tue Mar 21 15:37:29 2023:DEBUG:setData: Setting HFC245fa_emissions[1967]=0
Tue Mar 21 15:37:29 2023:DEBUG:setData: Setting HFC245fa_emissions[1968]=0
Tue Mar 21 15:37:29 2023:DEBUG:setData: Setting HFC245fa_emissions[1969]=0
Tue Mar 21 15:37:29 2023:DEBUG:setData: Setting HFC245fa_emissions[1970]=0
Tue Mar 21 15:37:29 2023:DEBUG:setData: Setting HFC245fa_emissions[1971]=0
Tue Mar 21 15:37:29 2023:DEBUG:setData: Setting HFC245fa_emissions[1972]=0
Tue Mar 21 15:37:29 2023:DEBUG:setData: Setting HFC245fa_emissions[1973]=0
Tue Mar 21 15:37:29 2023:DEBUG:setData: Setting HFC245fa_emissions[1974]=0
Tue Mar 21 15:37:29 2023:DEBUG:setData: Setting HFC245fa_emissions[1975]=0
Tue Mar 21 15:37:29 2023:DEBUG:setData: Setting HFC245fa_emissions[1976]=0
Tue Mar 21 15:37:29 2023:DEBUG:setData: Setting HFC245fa_emissions[1977]=0
Tue Mar 21 15:37:29 2023:DEBUG:setData: Setting HFC245fa_emissions[1978]=0
Tue Mar 21 15:37:29 2023:DEBUG:setData: Setting HFC245fa_emissions[1979]=0
Tue Mar 21 15:37:29 2023:DEBUG:setData: Setting HFC245fa_emissions[1980]=0
Tue Mar 21 15:37:29 2023:DEBUG:setData: Setting HFC245fa_emissions[1981]=0
Tue Mar 21 15:37:29 2023:DEBUG:setData: Setting HFC245fa_emissions[1982]=0
Tue Mar 21 15:37:29 2023:DEBUG:setData: Setting HFC245fa_emissions[1983]=0
Tue Mar 21 15:37:29 2023:DEBUG:setData: Setting HFC245fa_emissions[1984]=0
Tue Mar 21 15:37:29 2023:DEBUG:setData: Setting HFC245fa_emissions[1985]=0
Tue Mar 21 15:37:29 2023:DEBUG:setData: Setting HFC245fa_emissions[1986]=0
Tue Mar 21 15:37:29 2023:DEBUG:setData: Setting HFC245fa_emissions[1987]=0
Tue Mar 21 15:37:29 2023:DEBUG:setData: Setting HFC245fa_emissions[1988]=0
Tue Mar 21 15:37:29 2023:DEBUG:setData: Setting HFC245fa_emissions[1989]=0
Tue Mar 21 15:37:29 2023:DEBUG:setData: Setting HFC245fa_emissions[1990]=0
Tue Mar 21 15:37:29 2023:DEBUG:setData: Setting HFC245fa_emissions[1991]=0
Tue Mar 21 15:37:29 2023:DEBUG:setData: Setting HFC245fa_emissions[1992]=0
Tue Mar 21 15:37:29 2023:DEBUG:setData: Setting HFC245fa_emissions[1993]=0
Tue Mar 21 15:37:29 2023:DEBUG:setData: Setting HFC245fa_emissions[1994]=0
Tue Mar 21 15:37:29 2023:DEBUG:setData: Setting HFC245fa_emissions[1995]=0
Tue Mar 21 15:37:29 2023:DEBUG:setData: Setting HFC245fa_emissions[1996]=0
Tue Mar 21 15:37:29 2023:DEBUG:setData: Setting HFC245fa_emissions[1997]=0.0000496
Tue Mar 21 15:37:29 2023:DEBUG:setData: Setting HFC245fa_emissions[1998]=0.000358349
Tue Mar 21 15:37:29 2023:DEBUG:setData: Setting HFC245fa_emissions[1999]=0.003108151
Tue Mar 21 15:37:29 2023:DEBUG:setData: Setting HFC245fa_emissions[2000]=0.034006926
Tue Mar 21 15:37:29 2023:DEBUG:setData: Setting HFC245fa_emissions[2001]=0.80619906
Tue Mar 21 15:37:29 2023:DEBUG:setData: Setting HFC245fa_emissions[2002]=2.9170651
Tue Mar 21 15:37:29 2023:DEBUG:setData: Setting HFC245fa_emissions[2003]=5.226518
Tue Mar 21 15:37:29 2023:DEBUG:setData: Setting HFC245fa_emissions[2004]=6.6512131
Tue Mar 21 15:37:29 2023:DEBUG:setData: Setting HFC245fa_emissions[2005]=7.0791974
Tue Mar 21 15:37:29 2023:DEBUG:setData: Setting HFC245fa_emissions[2006]=6.8754044
Tue Mar 21 15:37:29 2023:DEBUG:setData: Setting HFC245fa_emissions[2007]=6.6980995
Tue Mar 21 15:37:29 2023:DEBUG:setData: Setting HFC245fa_emissions[2008]=7.076053
Tue Mar 21 15:37:29 2023:DEBUG:setData: Setting HFC245fa_emissions[2009]=7.8522494
Tue Mar 21 15:37:29 2023:DEBUG:setData: Setting HFC245fa_emissions[2010]=8.7778712
Tue Mar 21 15:37:29 2023:DEBUG:setData: Setting HFC245fa_emissions[2011]=9.4654578
Tue Mar 21 15:37:29 2023:DEBUG:setData: Setting HFC245fa_emissions[2012]=9.054248
Tue Mar 21 15:37:29 2023:DEBUG:setData: Setting HFC245fa_emissions[2013]=9.7859
Tue Mar 21 15:37:29 2023:DEBUG:setData: Setting HFC245fa_emissions[2014]=10.1025
Tue Mar 21 15:37:29 2023:DEBUG:setData: Setting HFC245fa_emissions[2015]=11.7285
Tue Mar 21 15:37:29 2023:DEBUG:setData: Setting HFC245fa_emissions[2016]=13.7053912
Tue Mar 21 15:37:29 2023:DEBUG:setData: Setting HFC245fa_emissions[2017]=15.6822824
Tue Mar 21 15:37:29 2023:DEBUG:setData: Setting HFC245fa_emissions[2018]=17.6591736
Tue Mar 21 15:37:29 2023:DEBUG:setData: Setting HFC245fa_emissions[2019]=19.6360648
Tue Mar 21 15:37:29 2023:DEBUG:setData: Setting HFC245fa_emissions[2020]=21.612956
Tue Mar 21 15:37:29 2023:DEBUG:setData: Setting HFC245fa_emissions[2021]=22.1511087
Tue Mar 21 15:37:29 2023:DEBUG:setData: Setting HFC245fa_emissions[2022]=22.6892614
Tue Mar 21 15:37:29 2023:DEBUG:setData: Setting HFC245fa_emissions[2023]=23.2274141
Tue Mar 21 15:37:29 2023:DEBUG:setData: Setting HFC245fa_emissions[2024]=23.7655668
Tue Mar 21 15:37:29 2023:DEBUG:setData: Setting HFC245fa_emissions[2025]=24.3037195
Tue Mar 21 15:37:29 2023:DEBUG:setData: Setting HFC245fa_emissions[2026]=24.8418722
Tue Mar 21 15:37:29 2023:DEBUG:setData: Setting HFC245fa_emissions[2027]=25.3800249
Tue Mar 21 15:37:29 2023:DEBUG:setData: Setting HFC245fa_emissions[2028]=25.9181776
Tue Mar 21 15:37:29 2023:DEBUG:setData: Setting HFC245fa_emissions[2029]=26.4563303
Tue Mar 21 15:37:29 2023:DEBUG:setData: Setting HFC245fa_emissions[2030]=26.994483
Tue Mar 21 15:37:29 2023:DEBUG:setData: Setting HFC245fa_emissions[2031]=26.9819363
Tue Mar 21 15:37:29 2023:DEBUG:setData: Setting HFC245fa_emissions[2032]=26.9693896
Tue Mar 21 15:37:29 2023:DEBUG:setData: Setting HFC245fa_emissions[2033]=26.9568429
Tue Mar 21 15:37:29 2023:DEBUG:setData: Setting HFC245fa_emissions[2034]=26.9442962
Tue Mar 21 15:37:29 2023:DEBUG:setData: Setting HFC245fa_emissions[2035]=26.9317495
Tue Mar 21 15:37:29 2023:DEBUG:setData: Setting HFC245fa_emissions[2036]=26.9192028
Tue Mar 21 15:37:29 2023:DEBUG:setData: Setting HFC245fa_emissions[2037]=26.9066561
Tue Mar 21 15:37:29 2023:DEBUG:setData: Setting HFC245fa_emissions[2038]=26.8941094
Tue Mar 21 15:37:29 2023:DEBUG:setData: Setting HFC245fa_emissions[2039]=26.8815627
Tue Mar 21 15:37:29 2023:DEBUG:setData: Setting HFC245fa_emissions[2040]=26.869016
Tue Mar 21 15:37:29 2023:DEBUG:setData: Setting HFC245fa_emissions[2041]=26.6736614
Tue Mar 21 15:37:29 2023:DEBUG:setData: Setting HFC245fa_emissions[2042]=26.4783068
Tue Mar 21 15:37:29 2023:DEBUG:setData: Setting HFC245fa_emissions[2043]=26.2829522
Tue Mar 21 15:37:29 2023:DEBUG:setData: Setting HFC245fa_emissions[2044]=26.0875976
Tue Mar 21 15:37:29 2023:DEBUG:setData: Setting HFC245fa_emissions[2045]=25.892243
Tue Mar 21 15:37:29 2023:DEBUG:setData: Setting HFC245fa_emissions[2046]=25.6968884
Tue Mar 21 15:37:29 2023:DEBUG:setData: Setting HFC245fa_emissions[2047]=25.5015338
Tue Mar 21 15:37:29 2023:DEBUG:setData: Setting HFC245fa_emissions[2048]=25.3061792
Tue Mar 21 15:37:29 2023:DEBUG:setData: Setting HFC245fa_emissions[2049]=25.1108246
Tue Mar 21 15:37:29 2023:DEBUG:setData: Setting HFC245fa_emissions[2050]=24.91547
Tue Mar 21 15:37:29 2023:DEBUG:setData: Setting HFC245fa_emissions[2051]=25.2083184
Tue Mar 21 15:37:29 2023:DEBUG:setData: Setting HFC245fa_emissions[2052]=25.5011668
Tue Mar 21 15:37:29 2023:DEBUG:setData: Setting HFC245fa_emissions[2053]=25.7940152
Tue Mar 21 15:37:29 2023:DEBUG:setData: Setting HFC245fa_emissions[2054]=26.0868636
Tue Mar 21 15:37:29 2023:DEBUG:setData: Setting HFC245fa_emissions[2055]=26.379712
Tue Mar 21 15:37:29 2023:DEBUG:setData: Setting HFC245fa_emissions[2056]=26.6725604
Tue Mar 21 15:37:29 2023:DEBUG:setData: Setting HFC245fa_emissions[2057]=26.9654088
Tue Mar 21 15:37:29 2023:DEBUG:setData: Setting HFC245fa_emissions[2058]=27.2582572
Tue Mar 21 15:37:29 2023:DEBUG:setData: Setting HFC245fa_emissions[2059]=27.5511056
Tue Mar 21 15:37:29 2023:DEBUG:setData: Setting HFC245fa_emissions[2060]=27.843954
Tue Mar 21 15:37:29 2023:DEBUG:setData: Setting HFC245fa_emissions[2061]=28.0527831
Tue Mar 21 15:37:29 2023:DEBUG:setData: Setting HFC245fa_emissions[2062]=28.2616122
Tue Mar 21 15:37:29 2023:DEBUG:setData: Setting HFC245fa_emissions[2063]=28.4704413
Tue Mar 21 15:37:29 2023:DEBUG:setData: Setting HFC245fa_emissions[2064]=28.6792704
Tue Mar 21 15:37:29 2023:DEBUG:setData: Setting HFC245fa_emissions[2065]=28.8880995
Tue Mar 21 15:37:29 2023:DEBUG:setData: Setting HFC245fa_emissions[2066]=29.0969286
Tue Mar 21 15:37:29 2023:DEBUG:setData: Setting HFC245fa_emissions[2067]=29.3057577
Tue Mar 21 15:37:29 2023:DEBUG:setData: Setting HFC245fa_emissions[2068]=29.5145868
Tue Mar 21 15:37:29 2023:DEBUG:setData: Setting HFC245fa_emissions[2069]=29.7234159
Tue Mar 21 15:37:29 2023:DEBUG:setData: Setting HFC245fa_emissions[2070]=29.932245
Tue Mar 21 15:37:29 2023:DEBUG:setData: Setting HFC245fa_emissions[2071]=30.0743377
Tue Mar 21 15:37:29 2023:DEBUG:setData: Setting HFC245fa_emissions[2072]=30.2164304
Tue Mar 21 15:37:29 2023:DEBUG:setData: Setting HFC245fa_emissions[2073]=30.3585231
Tue Mar 21 15:37:29 2023:DEBUG:setData: Setting HFC245fa_emissions[2074]=30.5006158
Tue Mar 21 15:37:29 2023:DEBUG:setData: Setting HFC245fa_emissions[2075]=30.6427085
Tue Mar 21 15:37:29 2023:DEBUG:setData: Setting HFC245fa_emissions[2076]=30.7848012
Tue Mar 21 15:37:29 2023:DEBUG:setData: Setting HFC245fa_emissions[2077]=30.9268939
Tue Mar 21 15:37:29 2023:DEBUG:setData: Setting HFC245fa_emissions[2078]=31.0689866
Tue Mar 21 15:37:29 2023:DEBUG:setData: Setting HFC245fa_emissions[2079]=31.2110793
Tue Mar 21 15:37:29 2023:DEBUG:setData: Setting HFC245fa_emissions[2080]=31.353172
Tue Mar 21 15:37:29 2023:DEBUG:setData: Setting HFC245fa_emissions[2081]=31.5408237
Tue Mar 21 15:37:29 2023:DEBUG:setData: Setting HFC245fa_emissions[2082]=31.7284754
Tue Mar 21 15:37:29 2023:DEBUG:setData: Setting HFC245fa_emissions[2083]=31.9161271
Tue Mar 21 15:37:29 2023:DEBUG:setData: Setting HFC245fa_emissions[2084]=32.1037788
Tue Mar 21 15:37:29 2023:DEBUG:setData: Setting HFC245fa_emissions[2085]=32.2914305
Tue Mar 21 15:37:29 2023:DEBUG:setData: Setting HFC245fa_emissions[2086]=32.4790822
Tue Mar 21 15:37:29 2023:DEBUG:setData: Setting HFC245fa_emissions[2087]=32.6667339
Tue Mar 21 15:37:29 2023:DEBUG:setData: Setting HFC245fa_emissions[2088]=32.8543856
Tue Mar 21 15:37:29 2023:DEBUG:setData: Setting HFC245fa_emissions[2089]=33.0420373
Tue Mar 21 15:37:29 2023:DEBUG:setData: Setting HFC245fa_emissions[2090]=33.229689
Tue Mar 21 15:37:29 2023:DEBUG:setData: Setting HFC245fa_emissions[2091]=33.119821
Tue Mar 21 15:37:29 2023:DEBUG:setData: Setting HFC245fa_emissions[2092]=33.009953
Tue Mar 21 15:37:29 2023:DEBUG:setData: Setting HFC245fa_emissions[2093]=32.900085
Tue Mar 21 15:37:29 2023:DEBUG:setData: Setting HFC245fa_emissions[2094]=32.790217
Tue Mar 21 15:37:29 2023:DEBUG:setData: Setting HFC245fa_emissions[2095]=32.680349
Tue Mar 21 15:37:29 2023:DEBUG:setData: Setting HFC245fa_emissions[2096]=32.570481
Tue Mar 21 15:37:29 2023:DEBUG:setData: Setting HFC245fa_emissions[2097]=32.460613
Tue Mar 21 15:37:29 2023:DEBUG:setData: Setting HFC245fa_emissions[2098]=32.350745
Tue Mar 21 15:37:29 2023:DEBUG:setData: Setting HFC245fa_emissions[2099]=32.240877
Tue Mar 21 15:37:29 2023:DEBUG:setData: Setting HFC245fa_emissions[2100]=32.131009
Tue Mar 21 15:37:29 2023:DEBUG:setData: Setting HFC245fa_emissions[2101]=31.91680227
Tue Mar 21 15:37:29 2023:DEBUG:setData: Setting HFC245fa_emissions[2102]=31.70259555
Tue Mar 21 15:37:29 2023:DEBUG:setData: Setting HFC245fa_emissions[2103]=31.48838882
Tue Mar 21 15:37:29 2023:DEBUG:setData: Setting HFC245fa_emissions[2104]=31.27418209
Tue Mar 21 15:37:29 2023:DEBUG:setData: Setting HFC245fa_emissions[2105]=31.05997537
Tue Mar 21 15:37:29 2023:DEBUG:setData: Setting HFC245fa_emissions[2106]=30.84576864
Tue Mar 21 15:37:29 2023:DEBUG:setData: Setting HFC245fa_emissions[2107]=30.63156191
Tue Mar 21 15:37:29 2023:DEBUG:setData: Setting HFC245fa_emissions[2108]=30.41735519
Tue Mar 21 15:37:29 2023:DEBUG:setData: Setting HFC245fa_emissions[2109]=30.20314846
Tue Mar 21 15:37:29 2023:DEBUG:setData: Setting HFC245fa_emissions[2110]=29.98894173
Tue Mar 21 15:37:29 2023:DEBUG:setData: Setting HFC245fa_emissions[2111]=29.77473501
Tue Mar 21 15:37:29 2023:DEBUG:setData: Setting HFC245fa_emissions[2112]=29.56052828
Tue Mar 21 15:37:29 2023:DEBUG:setData: Setting HFC245fa_emissions[2113]=29.34632155
Tue Mar 21 15:37:29 2023:DEBUG:setData: Setting HFC245fa_emissions[2114]=29.13211483
Tue Mar 21 15:37:29 2023:DEBUG:setData: Setting HFC245fa_emissions[2115]=28.9179081
Tue Mar 21 15:37:29 2023:DEBUG:setData: Setting HFC245fa_emissions[2116]=28.70370137
Tue Mar 21 15:37:29 2023:DEBUG:setData: Setting HFC245fa_emissions[2117]=28.48949465
Tue Mar 21 15:37:29 2023:DEBUG:setData: Setting HFC245fa_emissions[2118]=28.27528792
Tue Mar 21 15:37:29 2023:DEBUG:setData: Setting HFC245fa_emissions[2119]=28.06108119
Tue Mar 21 15:37:29 2023:DEBUG:setData: Setting HFC245fa_emissions[2120]=27.84687447
Tue Mar 21 15:37:29 2023:DEBUG:setData: Setting HFC245fa_emissions[2121]=27.63266774
Tue Mar 21 15:37:29 2023:DEBUG:setData: Setting HFC245fa_emissions[2122]=27.41846101
Tue Mar 21 15:37:29 2023:DEBUG:setData: Setting HFC245fa_emissions[2123]=27.20425429
Tue Mar 21 15:37:29 2023:DEBUG:setData: Setting HFC245fa_emissions[2124]=26.99004756
Tue Mar 21 15:37:29 2023:DEBUG:setData: Setting HFC245fa_emissions[2125]=26.77584083
Tue Mar 21 15:37:29 2023:DEBUG:setData: Setting HFC245fa_emissions[2126]=26.56163411
Tue Mar 21 15:37:29 2023:DEBUG:setData: Setting HFC245fa_emissions[2127]=26.34742738
Tue Mar 21 15:37:29 2023:DEBUG:setData: Setting HFC245fa_emissions[2128]=26.13322065
Tue Mar 21 15:37:29 2023:DEBUG:setData: Setting HFC245fa_emissions[2129]=25.91901393
Tue Mar 21 15:37:29 2023:DEBUG:setData: Setting HFC245fa_emissions[2130]=25.7048072
Tue Mar 21 15:37:29 2023:DEBUG:setData: Setting HFC245fa_emissions[2131]=25.49060047
Tue Mar 21 15:37:29 2023:DEBUG:setData: Setting HFC245fa_emissions[2132]=25.27639375
Tue Mar 21 15:37:29 2023:DEBUG:setData: Setting HFC245fa_emissions[2133]=25.06218702
Tue Mar 21 15:37:29 2023:DEBUG:setData: Setting HFC245fa_emissions[2134]=24.84798029
Tue Mar 21 15:37:29 2023:DEBUG:setData: Setting HFC245fa_emissions[2135]=24.63377357
Tue Mar 21 15:37:29 2023:DEBUG:setData: Setting HFC245fa_emissions[2136]=24.41956684
Tue Mar 21 15:37:29 2023:DEBUG:setData: Setting HFC245fa_emissions[2137]=24.20536011
Tue Mar 21 15:37:29 2023:DEBUG:setData: Setting HFC245fa_emissions[2138]=23.99115339
Tue Mar 21 15:37:29 2023:DEBUG:setData: Setting HFC245fa_emissions[2139]=23.77694666
Tue Mar 21 15:37:29 2023:DEBUG:setData: Setting HFC245fa_emissions[2140]=23.56273993
Tue Mar 21 15:37:29 2023:DEBUG:setData: Setting HFC245fa_emissions[2141]=23.34853321
Tue Mar 21 15:37:29 2023:DEBUG:setData: Setting HFC245fa_emissions[2142]=23.13432648
Tue Mar 21 15:37:29 2023:DEBUG:setData: Setting HFC245fa_emissions[2143]=22.92011975
Tue Mar 21 15:37:29 2023:DEBUG:setData: Setting HFC245fa_emissions[2144]=22.70591303
Tue Mar 21 15:37:29 2023:DEBUG:setData: Setting HFC245fa_emissions[2145]=22.4917063
Tue Mar 21 15:37:29 2023:DEBUG:setData: Setting HFC245fa_emissions[2146]=22.27749957
Tue Mar 21 15:37:29 2023:DEBUG:setData: Setting HFC245fa_emissions[2147]=22.06329285
Tue Mar 21 15:37:29 2023:DEBUG:setData: Setting HFC245fa_emissions[2148]=21.84908612
Tue Mar 21 15:37:29 2023:DEBUG:setData: Setting HFC245fa_emissions[2149]=21.63487939
Tue Mar 21 15:37:29 2023:DEBUG:setData: Setting HFC245fa_emissions[2150]=21.42067267
Tue Mar 21 15:37:29 2023:DEBUG:setData: Setting HFC245fa_emissions[2151]=21.20646594
Tue Mar 21 15:37:29 2023:DEBUG:setData: Setting HFC245fa_emissions[2152]=20.99225921
Tue Mar 21 15:37:29 2023:DEBUG:setData: Setting HFC245fa_emissions[2153]=20.77805249
Tue Mar 21 15:37:29 2023:DEBUG:setData: Setting HFC245fa_emissions[2154]=20.56384576
Tue Mar 21 15:37:29 2023:DEBUG:setData: Setting HFC245fa_emissions[2155]=20.34963903
Tue Mar 21 15:37:29 2023:DEBUG:setData: Setting HFC245fa_emissions[2156]=20.13543231
Tue Mar 21 15:37:29 2023:DEBUG:setData: Setting HFC245fa_emissions[2157]=19.92122558
Tue Mar 21 15:37:29 2023:DEBUG:setData: Setting HFC245fa_emissions[2158]=19.70701885
Tue Mar 21 15:37:29 2023:DEBUG:setData: Setting HFC245fa_emissions[2159]=19.49281213
Tue Mar 21 15:37:29 2023:DEBUG:setData: Setting HFC245fa_emissions[2160]=19.2786054
Tue Mar 21 15:37:29 2023:DEBUG:setData: Setting HFC245fa_emissions[2161]=19.06439867
Tue Mar 21 15:37:29 2023:DEBUG:setData: Setting HFC245fa_emissions[2162]=18.85019195
Tue Mar 21 15:37:29 2023:DEBUG:setData: Setting HFC245fa_emissions[2163]=18.63598522
Tue Mar 21 15:37:29 2023:DEBUG:setData: Setting HFC245fa_emissions[2164]=18.42177849
Tue Mar 21 15:37:29 2023:DEBUG:setData: Setting HFC245fa_emissions[2165]=18.20757177
Tue Mar 21 15:37:29 2023:DEBUG:setData: Setting HFC245fa_emissions[2166]=17.99336504
Tue Mar 21 15:37:29 2023:DEBUG:setData: Setting HFC245fa_emissions[2167]=17.77915831
Tue Mar 21 15:37:29 2023:DEBUG:setData: Setting HFC245fa_emissions[2168]=17.56495159
Tue Mar 21 15:37:29 2023:DEBUG:setData: Setting HFC245fa_emissions[2169]=17.35074486
Tue Mar 21 15:37:29 2023:DEBUG:setData: Setting HFC245fa_emissions[2170]=17.13653813
Tue Mar 21 15:37:29 2023:DEBUG:setData: Setting HFC245fa_emissions[2171]=16.92233141
Tue Mar 21 15:37:29 2023:DEBUG:setData: Setting HFC245fa_emissions[2172]=16.70812468
Tue Mar 21 15:37:29 2023:DEBUG:setData: Setting HFC245fa_emissions[2173]=16.49391795
Tue Mar 21 15:37:29 2023:DEBUG:setData: Setting HFC245fa_emissions[2174]=16.27971123
Tue Mar 21 15:37:29 2023:DEBUG:setData: Setting HFC245fa_emissions[2175]=16.0655045
Tue Mar 21 15:37:29 2023:DEBUG:setData: Setting HFC245fa_emissions[2176]=15.85129777
Tue Mar 21 15:37:29 2023:DEBUG:setData: Setting HFC245fa_emissions[2177]=15.63709105
Tue Mar 21 15:37:29 2023:DEBUG:setData: Setting HFC245fa_emissions[2178]=15.42288432
Tue Mar 21 15:37:29 2023:DEBUG:setData: Setting HFC245fa_emissions[2179]=15.20867759
Tue Mar 21 15:37:29 2023:DEBUG:setData: Setting HFC245fa_emissions[2180]=14.99447087
Tue Mar 21 15:37:29 2023:DEBUG:setData: Setting HFC245fa_emissions[2181]=14.78026414
Tue Mar 21 15:37:29 2023:DEBUG:setData: Setting HFC245fa_emissions[2182]=14.56605741
Tue Mar 21 15:37:29 2023:DEBUG:setData: Setting HFC245fa_emissions[2183]=14.35185069
Tue Mar 21 15:37:29 2023:DEBUG:setData: Setting HFC245fa_emissions[2184]=14.13764396
Tue Mar 21 15:37:29 2023:DEBUG:setData: Setting HFC245fa_emissions[2185]=13.92343723
Tue Mar 21 15:37:29 2023:DEBUG:setData: Setting HFC245fa_emissions[2186]=13.70923051
Tue Mar 21 15:37:29 2023:DEBUG:setData: Setting HFC245fa_emissions[2187]=13.49502378
Tue Mar 21 15:37:29 2023:DEBUG:setData: Setting HFC245fa_emissions[2188]=13.28081705
Tue Mar 21 15:37:29 2023:DEBUG:setData: Setting HFC245fa_emissions[2189]=13.06661033
Tue Mar 21 15:37:29 2023:DEBUG:setData: Setting HFC245fa_emissions[2190]=12.8524036
Tue Mar 21 15:37:29 2023:DEBUG:setData: Setting HFC245fa_emissions[2191]=12.63819687
Tue Mar 21 15:37:29 2023:DEBUG:setData: Setting HFC245fa_emissions[2192]=12.42399015
Tue Mar 21 15:37:29 2023:DEBUG:setData: Setting HFC245fa_emissions[2193]=12.20978342
Tue Mar 21 15:37:29 2023:DEBUG:setData: Setting HFC245fa_emissions[2194]=11.99557669
Tue Mar 21 15:37:29 2023:DEBUG:setData: Setting HFC245fa_emissions[2195]=11.78136997
Tue Mar 21 15:37:29 2023:DEBUG:setData: Setting HFC245fa_emissions[2196]=11.56716324
Tue Mar 21 15:37:29 2023:DEBUG:setData: Setting HFC245fa_emissions[2197]=11.35295651
Tue Mar 21 15:37:29 2023:DEBUG:setData: Setting HFC245fa_emissions[2198]=11.13874979
Tue Mar 21 15:37:29 2023:DEBUG:setData: Setting HFC245fa_emissions[2199]=10.92454306
Tue Mar 21 15:37:29 2023:DEBUG:setData: Setting HFC245fa_emissions[2200]=10.71033633
Tue Mar 21 15:37:29 2023:DEBUG:setData: Setting HFC245fa_emissions[2201]=10.49612961
Tue Mar 21 15:37:29 2023:DEBUG:setData: Setting HFC245fa_emissions[2202]=10.28192288
Tue Mar 21 15:37:29 2023:DEBUG:setData: Setting HFC245fa_emissions[2203]=10.06771615
Tue Mar 21 15:37:29 2023:DEBUG:setData: Setting HFC245fa_emissions[2204]=9.853509427
Tue Mar 21 15:37:29 2023:DEBUG:setData: Setting HFC245fa_emissions[2205]=9.6393027
Tue Mar 21 15:37:29 2023:DEBUG:setData: Setting HFC245fa_emissions[2206]=9.425095973
Tue Mar 21 15:37:29 2023:DEBUG:setData: Setting HFC245fa_emissions[2207]=9.210889247
Tue Mar 21 15:37:29 2023:DEBUG:setData: Setting HFC245fa_emissions[2208]=8.99668252
Tue Mar 21 15:37:29 2023:DEBUG:setData: Setting HFC245fa_emissions[2209]=8.782475793
Tue Mar 21 15:37:29 2023:DEBUG:setData: Setting HFC245fa_emissions[2210]=8.568269067
Tue Mar 21 15:37:29 2023:DEBUG:setData: Setting HFC245fa_emissions[2211]=8.35406234
Tue Mar 21 15:37:29 2023:DEBUG:setData: Setting HFC245fa_emissions[2212]=8.139855613
Tue Mar 21 15:37:29 2023:DEBUG:setData: Setting HFC245fa_emissions[2213]=7.925648887
Tue Mar 21 15:37:29 2023:DEBUG:setData: Setting HFC245fa_emissions[2214]=7.71144216
Tue Mar 21 15:37:29 2023:DEBUG:setData: Setting HFC245fa_emissions[2215]=7.497235433
Tue Mar 21 15:37:29 2023:DEBUG:setData: Setting HFC245fa_emissions[2216]=7.283028707
Tue Mar 21 15:37:29 2023:DEBUG:setData: Setting HFC245fa_emissions[2217]=7.06882198
Tue Mar 21 15:37:29 2023:DEBUG:setData: Setting HFC245fa_emissions[2218]=6.854615253
Tue Mar 21 15:37:29 2023:DEBUG:setData: Setting HFC245fa_emissions[2219]=6.640408527
Tue Mar 21 15:37:29 2023:DEBUG:setData: Setting HFC245fa_emissions[2220]=6.4262018
Tue Mar 21 15:37:29 2023:DEBUG:setData: Setting HFC245fa_emissions[2221]=6.211995073
Tue Mar 21 15:37:29 2023:DEBUG:setData: Setting HFC245fa_emissions[2222]=5.997788347
Tue Mar 21 15:37:29 2023:DEBUG:setData: Setting HFC245fa_emissions[2223]=5.78358162
Tue Mar 21 15:37:29 2023:DEBUG:setData: Setting HFC245fa_emissions[2224]=5.569374893
Tue Mar 21 15:37:29 2023:DEBUG:setData: Setting HFC245fa_emissions[2225]=5.355168167
Tue Mar 21 15:37:29 2023:DEBUG:setData: Setting HFC245fa_emissions[2226]=5.14096144
Tue Mar 21 15:37:29 2023:DEBUG:setData: Setting HFC245fa_emissions[2227]=4.926754713
Tue Mar 21 15:37:29 2023:DEBUG:setData: Setting HFC245fa_emissions[2228]=4.712547987
Tue Mar 21 15:37:29 2023:DEBUG:setData: Setting HFC245fa_emissions[2229]=4.49834126
Tue Mar 21 15:37:29 2023:DEBUG:setData: Setting HFC245fa_emissions[2230]=4.284134533
Tue Mar 21 15:37:29 2023:DEBUG:setData: Setting HFC245fa_emissions[2231]=4.069927807
Tue Mar 21 15:37:29 2023:DEBUG:setData: Setting HFC245fa_emissions[2232]=3.85572108
Tue Mar 21 15:37:29 2023:DEBUG:setData: Setting HFC245fa_emissions[2233]=3.641514353
Tue Mar 21 15:37:29 2023:DEBUG:setData: Setting HFC245fa_emissions[2234]=3.427307627
Tue Mar 21 15:37:29 2023:DEBUG:setData: Setting HFC245fa_emissions[2235]=3.2131009
Tue Mar 21 15:37:29 2023:DEBUG:setData: Setting HFC245fa_emissions[2236]=2.998894173
Tue Mar 21 15:37:29 2023:DEBUG:setData: Setting HFC245fa_emissions[2237]=2.784687447
Tue Mar 21 15:37:29 2023:DEBUG:setData: Setting HFC245fa_emissions[2238]=2.57048072
Tue Mar 21 15:37:29 2023:DEBUG:setData: Setting HFC245fa_emissions[2239]=2.356273993
Tue Mar 21 15:37:29 2023:DEBUG:setData: Setting HFC245fa_emissions[2240]=2.142067267
Tue Mar 21 15:37:29 2023:DEBUG:setData: Setting HFC245fa_emissions[2241]=1.92786054
Tue Mar 21 15:37:29 2023:DEBUG:setData: Setting HFC245fa_emissions[2242]=1.713653813
Tue Mar 21 15:37:29 2023:DEBUG:setData: Setting HFC245fa_emissions[2243]=1.499447087
Tue Mar 21 15:37:29 2023:DEBUG:setData: Setting HFC245fa_emissions[2244]=1.28524036
Tue Mar 21 15:37:29 2023:DEBUG:setData: Setting HFC245fa_emissions[2245]=1.071033633
Tue Mar 21 15:37:29 2023:DEBUG:setData: Setting HFC245fa_emissions[2246]=0.856826907
Tue Mar 21 15:37:29 2023:DEBUG:setData: Setting HFC245fa_emissions[2247]=0.64262018
Tue Mar 21 15:37:29 2023:DEBUG:setData: Setting HFC245fa_emissions[2248]=0.428413453
Tue Mar 21 15:37:29 2023:DEBUG:setData: Setting HFC245fa_emissions[2249]=0.214206727
Tue Mar 21 15:37:29 2023:DEBUG:setData: Setting HFC245fa_emissions[2250]=0
Tue Mar 21 15:37:29 2023:DEBUG:setData: Setting HFC245fa_emissions[2251]=0
Tue Mar 21 15:37:29 2023:DEBUG:setData: Setting HFC245fa_emissions[2252]=0
Tue Mar 21 15:37:29 2023:DEBUG:setData: Setting HFC245fa_emissions[2253]=0
Tue Mar 21 15:37:29 2023:DEBUG:setData: Setting HFC245fa_emissions[2254]=0
Tue Mar 21 15:37:29 2023:DEBUG:setData: Setting HFC245fa_emissions[2255]=0
Tue Mar 21 15:37:29 2023:DEBUG:setData: Setting HFC245fa_emissions[2256]=0
Tue Mar 21 15:37:29 2023:DEBUG:setData: Setting HFC245fa_emissions[2257]=0
Tue Mar 21 15:37:29 2023:DEBUG:setData: Setting HFC245fa_emissions[2258]=0
Tue Mar 21 15:37:29 2023:DEBUG:setData: Setting HFC245fa_emissions[2259]=0
Tue Mar 21 15:37:29 2023:DEBUG:setData: Setting HFC245fa_emissions[2260]=0
Tue Mar 21 15:37:29 2023:DEBUG:setData: Setting HFC245fa_emissions[2261]=0
Tue Mar 21 15:37:29 2023:DEBUG:setData: Setting HFC245fa_emissions[2262]=0
Tue Mar 21 15:37:29 2023:DEBUG:setData: Setting HFC245fa_emissions[2263]=0
Tue Mar 21 15:37:29 2023:DEBUG:setData: Setting HFC245fa_emissions[2264]=0
Tue Mar 21 15:37:29 2023:DEBUG:setData: Setting HFC245fa_emissions[2265]=0
Tue Mar 21 15:37:29 2023:DEBUG:setData: Setting HFC245fa_emissions[2266]=0
Tue Mar 21 15:37:29 2023:DEBUG:setData: Setting HFC245fa_emissions[2267]=0
Tue Mar 21 15:37:29 2023:DEBUG:setData: Setting HFC245fa_emissions[2268]=0
Tue Mar 21 15:37:29 2023:DEBUG:setData: Setting HFC245fa_emissions[2269]=0
Tue Mar 21 15:37:29 2023:DEBUG:setData: Setting HFC245fa_emissions[2270]=0
Tue Mar 21 15:37:29 2023:DEBUG:setData: Setting HFC245fa_emissions[2271]=0
Tue Mar 21 15:37:29 2023:DEBUG:setData: Setting HFC245fa_emissions[2272]=0
Tue Mar 21 15:37:29 2023:DEBUG:setData: Setting HFC245fa_emissions[2273]=0
Tue Mar 21 15:37:29 2023:DEBUG:setData: Setting HFC245fa_emissions[2274]=0
Tue Mar 21 15:37:29 2023:DEBUG:setData: Setting HFC245fa_emissions[2275]=0
Tue Mar 21 15:37:29 2023:DEBUG:setData: Setting HFC245fa_emissions[2276]=0
Tue Mar 21 15:37:29 2023:DEBUG:setData: Setting HFC245fa_emissions[2277]=0
Tue Mar 21 15:37:29 2023:DEBUG:setData: Setting HFC245fa_emissions[2278]=0
Tue Mar 21 15:37:29 2023:DEBUG:setData: Setting HFC245fa_emissions[2279]=0
Tue Mar 21 15:37:29 2023:DEBUG:setData: Setting HFC245fa_emissions[2280]=0
Tue Mar 21 15:37:29 2023:DEBUG:setData: Setting HFC245fa_emissions[2281]=0
Tue Mar 21 15:37:29 2023:DEBUG:setData: Setting HFC245fa_emissions[2282]=0
Tue Mar 21 15:37:29 2023:DEBUG:setData: Setting HFC245fa_emissions[2283]=0
Tue Mar 21 15:37:29 2023:DEBUG:setData: Setting HFC245fa_emissions[2284]=0
Tue Mar 21 15:37:29 2023:DEBUG:setData: Setting HFC245fa_emissions[2285]=0
Tue Mar 21 15:37:29 2023:DEBUG:setData: Setting HFC245fa_emissions[2286]=0
Tue Mar 21 15:37:29 2023:DEBUG:setData: Setting HFC245fa_emissions[2287]=0
Tue Mar 21 15:37:29 2023:DEBUG:setData: Setting HFC245fa_emissions[2288]=0
Tue Mar 21 15:37:29 2023:DEBUG:setData: Setting HFC245fa_emissions[2289]=0
Tue Mar 21 15:37:29 2023:DEBUG:setData: Setting HFC245fa_emissions[2290]=0
Tue Mar 21 15:37:29 2023:DEBUG:setData: Setting HFC245fa_emissions[2291]=0
Tue Mar 21 15:37:29 2023:DEBUG:setData: Setting HFC245fa_emissions[2292]=0
Tue Mar 21 15:37:29 2023:DEBUG:setData: Setting HFC245fa_emissions[2293]=0
Tue Mar 21 15:37:29 2023:DEBUG:setData: Setting HFC245fa_emissions[2294]=0
Tue Mar 21 15:37:29 2023:DEBUG:setData: Setting HFC245fa_emissions[2295]=0
Tue Mar 21 15:37:29 2023:DEBUG:setData: Setting HFC245fa_emissions[2296]=0
Tue Mar 21 15:37:29 2023:DEBUG:setData: Setting HFC245fa_emissions[2297]=0
Tue Mar 21 15:37:29 2023:DEBUG:setData: Setting HFC245fa_emissions[2298]=0
Tue Mar 21 15:37:29 2023:DEBUG:setData: Setting HFC245fa_emissions[2299]=0
Tue Mar 21 15:37:29 2023:DEBUG:setData: Setting HFC245fa_emissions[2300]=0
Tue Mar 21 15:37:29 2023:DEBUG:setData: Setting HFC245fa_emissions[2301]=0
Tue Mar 21 15:37:29 2023:DEBUG:setData: Setting HFC245fa_emissions[2302]=0
Tue Mar 21 15:37:29 2023:DEBUG:setData: Setting HFC245fa_emissions[2303]=0
Tue Mar 21 15:37:29 2023:DEBUG:setData: Setting HFC245fa_emissions[2304]=0
Tue Mar 21 15:37:29 2023:DEBUG:setData: Setting HFC245fa_emissions[2305]=0
Tue Mar 21 15:37:29 2023:DEBUG:setData: Setting HFC245fa_emissions[2306]=0
Tue Mar 21 15:37:29 2023:DEBUG:setData: Setting HFC245fa_emissions[2307]=0
Tue Mar 21 15:37:29 2023:DEBUG:setData: Setting HFC245fa_emissions[2308]=0
Tue Mar 21 15:37:29 2023:DEBUG:setData: Setting HFC245fa_emissions[2309]=0
Tue Mar 21 15:37:29 2023:DEBUG:setData: Setting HFC245fa_emissions[2310]=0
Tue Mar 21 15:37:29 2023:DEBUG:setData: Setting HFC245fa_emissions[2311]=0
Tue Mar 21 15:37:29 2023:DEBUG:setData: Setting HFC245fa_emissions[2312]=0
Tue Mar 21 15:37:29 2023:DEBUG:setData: Setting HFC245fa_emissions[2313]=0
Tue Mar 21 15:37:29 2023:DEBUG:setData: Setting HFC245fa_emissions[2314]=0
Tue Mar 21 15:37:29 2023:DEBUG:setData: Setting HFC245fa_emissions[2315]=0
Tue Mar 21 15:37:29 2023:DEBUG:setData: Setting HFC245fa_emissions[2316]=0
Tue Mar 21 15:37:29 2023:DEBUG:setData: Setting HFC245fa_emissions[2317]=0
Tue Mar 21 15:37:29 2023:DEBUG:setData: Setting HFC245fa_emissions[2318]=0
Tue Mar 21 15:37:29 2023:DEBUG:setData: Setting HFC245fa_emissions[2319]=0
Tue Mar 21 15:37:29 2023:DEBUG:setData: Setting HFC245fa_emissions[2320]=0
Tue Mar 21 15:37:29 2023:DEBUG:setData: Setting HFC245fa_emissions[2321]=0
Tue Mar 21 15:37:29 2023:DEBUG:setData: Setting HFC245fa_emissions[2322]=0
Tue Mar 21 15:37:29 2023:DEBUG:setData: Setting HFC245fa_emissions[2323]=0
Tue Mar 21 15:37:29 2023:DEBUG:setData: Setting HFC245fa_emissions[2324]=0
Tue Mar 21 15:37:29 2023:DEBUG:setData: Setting HFC245fa_emissions[2325]=0
Tue Mar 21 15:37:29 2023:DEBUG:setData: Setting HFC245fa_emissions[2326]=0
Tue Mar 21 15:37:29 2023:DEBUG:setData: Setting HFC245fa_emissions[2327]=0
Tue Mar 21 15:37:29 2023:DEBUG:setData: Setting HFC245fa_emissions[2328]=0
Tue Mar 21 15:37:29 2023:DEBUG:setData: Setting HFC245fa_emissions[2329]=0
Tue Mar 21 15:37:29 2023:DEBUG:setData: Setting HFC245fa_emissions[2330]=0
Tue Mar 21 15:37:29 2023:DEBUG:setData: Setting HFC245fa_emissions[2331]=0
Tue Mar 21 15:37:29 2023:DEBUG:setData: Setting HFC245fa_emissions[2332]=0
Tue Mar 21 15:37:29 2023:DEBUG:setData: Setting HFC245fa_emissions[2333]=0
Tue Mar 21 15:37:29 2023:DEBUG:setData: Setting HFC245fa_emissions[2334]=0
Tue Mar 21 15:37:29 2023:DEBUG:setData: Setting HFC245fa_emissions[2335]=0
Tue Mar 21 15:37:29 2023:DEBUG:setData: Setting HFC245fa_emissions[2336]=0
Tue Mar 21 15:37:29 2023:DEBUG:setData: Setting HFC245fa_emissions[2337]=0
Tue Mar 21 15:37:29 2023:DEBUG:setData: Setting HFC245fa_emissions[2338]=0
Tue Mar 21 15:37:29 2023:DEBUG:setData: Setting HFC245fa_emissions[2339]=0
Tue Mar 21 15:37:29 2023:DEBUG:setData: Setting HFC245fa_emissions[2340]=0
Tue Mar 21 15:37:29 2023:DEBUG:setData: Setting HFC245fa_emissions[2341]=0
Tue Mar 21 15:37:29 2023:DEBUG:setData: Setting HFC245fa_emissions[2342]=0
Tue Mar 21 15:37:29 2023:DEBUG:setData: Setting HFC245fa_emissions[2343]=0
Tue Mar 21 15:37:29 2023:DEBUG:setData: Setting HFC245fa_emissions[2344]=0
Tue Mar 21 15:37:29 2023:DEBUG:setData: Setting HFC245fa_emissions[2345]=0
Tue Mar 21 15:37:29 2023:DEBUG:setData: Setting HFC245fa_emissions[2346]=0
Tue Mar 21 15:37:29 2023:DEBUG:setData: Setting HFC245fa_emissions[2347]=0
Tue Mar 21 15:37:29 2023:DEBUG:setData: Setting HFC245fa_emissions[2348]=0
Tue Mar 21 15:37:29 2023:DEBUG:setData: Setting HFC245fa_emissions[2349]=0
Tue Mar 21 15:37:29 2023:DEBUG:setData: Setting HFC245fa_emissions[2350]=0
Tue Mar 21 15:37:29 2023:DEBUG:setData: Setting HFC245fa_emissions[2351]=0
Tue Mar 21 15:37:29 2023:DEBUG:setData: Setting HFC245fa_emissions[2352]=0
Tue Mar 21 15:37:29 2023:DEBUG:setData: Setting HFC245fa_emissions[2353]=0
Tue Mar 21 15:37:29 2023:DEBUG:setData: Setting HFC245fa_emissions[2354]=0
Tue Mar 21 15:37:29 2023:DEBUG:setData: Setting HFC245fa_emissions[2355]=0
Tue Mar 21 15:37:29 2023:DEBUG:setData: Setting HFC245fa_emissions[2356]=0
Tue Mar 21 15:37:29 2023:DEBUG:setData: Setting HFC245fa_emissions[2357]=0
Tue Mar 21 15:37:29 2023:DEBUG:setData: Setting HFC245fa_emissions[2358]=0
Tue Mar 21 15:37:29 2023:DEBUG:setData: Setting HFC245fa_emissions[2359]=0
Tue Mar 21 15:37:29 2023:DEBUG:setData: Setting HFC245fa_emissions[2360]=0
Tue Mar 21 15:37:29 2023:DEBUG:setData: Setting HFC245fa_emissions[2361]=0
Tue Mar 21 15:37:29 2023:DEBUG:setData: Setting HFC245fa_emissions[2362]=0
Tue Mar 21 15:37:29 2023:DEBUG:setData: Setting HFC245fa_emissions[2363]=0
Tue Mar 21 15:37:29 2023:DEBUG:setData: Setting HFC245fa_emissions[2364]=0
Tue Mar 21 15:37:29 2023:DEBUG:setData: Setting HFC245fa_emissions[2365]=0
Tue Mar 21 15:37:29 2023:DEBUG:setData: Setting HFC245fa_emissions[2366]=0
Tue Mar 21 15:37:29 2023:DEBUG:setData: Setting HFC245fa_emissions[2367]=0
Tue Mar 21 15:37:29 2023:DEBUG:setData: Setting HFC245fa_emissions[2368]=0
Tue Mar 21 15:37:29 2023:DEBUG:setData: Setting HFC245fa_emissions[2369]=0
Tue Mar 21 15:37:29 2023:DEBUG:setData: Setting HFC245fa_emissions[2370]=0
Tue Mar 21 15:37:29 2023:DEBUG:setData: Setting HFC245fa_emissions[2371]=0
Tue Mar 21 15:37:29 2023:DEBUG:setData: Setting HFC245fa_emissions[2372]=0
Tue Mar 21 15:37:29 2023:DEBUG:setData: Setting HFC245fa_emissions[2373]=0
Tue Mar 21 15:37:29 2023:DEBUG:setData: Setting HFC245fa_emissions[2374]=0
Tue Mar 21 15:37:29 2023:DEBUG:setData: Setting HFC245fa_emissions[2375]=0
Tue Mar 21 15:37:29 2023:DEBUG:setData: Setting HFC245fa_emissions[2376]=0
Tue Mar 21 15:37:29 2023:DEBUG:setData: Setting HFC245fa_emissions[2377]=0
Tue Mar 21 15:37:29 2023:DEBUG:setData: Setting HFC245fa_emissions[2378]=0
Tue Mar 21 15:37:29 2023:DEBUG:setData: Setting HFC245fa_emissions[2379]=0
Tue Mar 21 15:37:29 2023:DEBUG:setData: Setting HFC245fa_emissions[2380]=0
Tue Mar 21 15:37:29 2023:DEBUG:setData: Setting HFC245fa_emissions[2381]=0
Tue Mar 21 15:37:29 2023:DEBUG:setData: Setting HFC245fa_emissions[2382]=0
Tue Mar 21 15:37:29 2023:DEBUG:setData: Setting HFC245fa_emissions[2383]=0
Tue Mar 21 15:37:29 2023:DEBUG:setData: Setting HFC245fa_emissions[2384]=0
Tue Mar 21 15:37:29 2023:DEBUG:setData: Setting HFC245fa_emissions[2385]=0
Tue Mar 21 15:37:29 2023:DEBUG:setData: Setting HFC245fa_emissions[2386]=0
Tue Mar 21 15:37:29 2023:DEBUG:setData: Setting HFC245fa_emissions[2387]=0
Tue Mar 21 15:37:29 2023:DEBUG:setData: Setting HFC245fa_emissions[2388]=0
Tue Mar 21 15:37:29 2023:DEBUG:setData: Setting HFC245fa_emissions[2389]=0
Tue Mar 21 15:37:29 2023:DEBUG:setData: Setting HFC245fa_emissions[2390]=0
Tue Mar 21 15:37:29 2023:DEBUG:setData: Setting HFC245fa_emissions[2391]=0
Tue Mar 21 15:37:29 2023:DEBUG:setData: Setting HFC245fa_emissions[2392]=0
Tue Mar 21 15:37:29 2023:DEBUG:setData: Setting HFC245fa_emissions[2393]=0
Tue Mar 21 15:37:29 2023:DEBUG:setData: Setting HFC245fa_emissions[2394]=0
Tue Mar 21 15:37:29 2023:DEBUG:setData: Setting HFC245fa_emissions[2395]=0
Tue Mar 21 15:37:29 2023:DEBUG:setData: Setting HFC245fa_emissions[2396]=0
Tue Mar 21 15:37:29 2023:DEBUG:setData: Setting HFC245fa_emissions[2397]=0
Tue Mar 21 15:37:29 2023:DEBUG:setData: Setting HFC245fa_emissions[2398]=0
Tue Mar 21 15:37:29 2023:DEBUG:setData: Setting HFC245fa_emissions[2399]=0
Tue Mar 21 15:37:29 2023:DEBUG:setData: Setting HFC245fa_emissions[2400]=0
Tue Mar 21 15:37:29 2023:DEBUG:setData: Setting HFC245fa_emissions[2401]=0
Tue Mar 21 15:37:29 2023:DEBUG:setData: Setting HFC245fa_emissions[2402]=0
Tue Mar 21 15:37:29 2023:DEBUG:setData: Setting HFC245fa_emissions[2403]=0
Tue Mar 21 15:37:29 2023:DEBUG:setData: Setting HFC245fa_emissions[2404]=0
Tue Mar 21 15:37:29 2023:DEBUG:setData: Setting HFC245fa_emissions[2405]=0
Tue Mar 21 15:37:29 2023:DEBUG:setData: Setting HFC245fa_emissions[2406]=0
Tue Mar 21 15:37:29 2023:DEBUG:setData: Setting HFC245fa_emissions[2407]=0
Tue Mar 21 15:37:29 2023:DEBUG:setData: Setting HFC245fa_emissions[2408]=0
Tue Mar 21 15:37:29 2023:DEBUG:setData: Setting HFC245fa_emissions[2409]=0
Tue Mar 21 15:37:29 2023:DEBUG:setData: Setting HFC245fa_emissions[2410]=0
Tue Mar 21 15:37:29 2023:DEBUG:setData: Setting HFC245fa_emissions[2411]=0
Tue Mar 21 15:37:29 2023:DEBUG:setData: Setting HFC245fa_emissions[2412]=0
Tue Mar 21 15:37:29 2023:DEBUG:setData: Setting HFC245fa_emissions[2413]=0
Tue Mar 21 15:37:29 2023:DEBUG:setData: Setting HFC245fa_emissions[2414]=0
Tue Mar 21 15:37:29 2023:DEBUG:setData: Setting HFC245fa_emissions[2415]=0
Tue Mar 21 15:37:29 2023:DEBUG:setData: Setting HFC245fa_emissions[2416]=0
Tue Mar 21 15:37:29 2023:DEBUG:setData: Setting HFC245fa_emissions[2417]=0
Tue Mar 21 15:37:29 2023:DEBUG:setData: Setting HFC245fa_emissions[2418]=0
Tue Mar 21 15:37:29 2023:DEBUG:setData: Setting HFC245fa_emissions[2419]=0
Tue Mar 21 15:37:29 2023:DEBUG:setData: Setting HFC245fa_emissions[2420]=0
Tue Mar 21 15:37:29 2023:DEBUG:setData: Setting HFC245fa_emissions[2421]=0
Tue Mar 21 15:37:29 2023:DEBUG:setData: Setting HFC245fa_emissions[2422]=0
Tue Mar 21 15:37:29 2023:DEBUG:setData: Setting HFC245fa_emissions[2423]=0
Tue Mar 21 15:37:29 2023:DEBUG:setData: Setting HFC245fa_emissions[2424]=0
Tue Mar 21 15:37:29 2023:DEBUG:setData: Setting HFC245fa_emissions[2425]=0
Tue Mar 21 15:37:29 2023:DEBUG:setData: Setting HFC245fa_emissions[2426]=0
Tue Mar 21 15:37:29 2023:DEBUG:setData: Setting HFC245fa_emissions[2427]=0
Tue Mar 21 15:37:29 2023:DEBUG:setData: Setting HFC245fa_emissions[2428]=0
Tue Mar 21 15:37:29 2023:DEBUG:setData: Setting HFC245fa_emissions[2429]=0
Tue Mar 21 15:37:29 2023:DEBUG:setData: Setting HFC245fa_emissions[2430]=0
Tue Mar 21 15:37:29 2023:DEBUG:setData: Setting HFC245fa_emissions[2431]=0
Tue Mar 21 15:37:29 2023:DEBUG:setData: Setting HFC245fa_emissions[2432]=0
Tue Mar 21 15:37:29 2023:DEBUG:setData: Setting HFC245fa_emissions[2433]=0
Tue Mar 21 15:37:29 2023:DEBUG:setData: Setting HFC245fa_emissions[2434]=0
Tue Mar 21 15:37:29 2023:DEBUG:setData: Setting HFC245fa_emissions[2435]=0
Tue Mar 21 15:37:29 2023:DEBUG:setData: Setting HFC245fa_emissions[2436]=0
Tue Mar 21 15:37:29 2023:DEBUG:setData: Setting HFC245fa_emissions[2437]=0
Tue Mar 21 15:37:29 2023:DEBUG:setData: Setting HFC245fa_emissions[2438]=0
Tue Mar 21 15:37:29 2023:DEBUG:setData: Setting HFC245fa_emissions[2439]=0
Tue Mar 21 15:37:29 2023:DEBUG:setData: Setting HFC245fa_emissions[2440]=0
Tue Mar 21 15:37:29 2023:DEBUG:setData: Setting HFC245fa_emissions[2441]=0
Tue Mar 21 15:37:29 2023:DEBUG:setData: Setting HFC245fa_emissions[2442]=0
Tue Mar 21 15:37:29 2023:DEBUG:setData: Setting HFC245fa_emissions[2443]=0
Tue Mar 21 15:37:29 2023:DEBUG:setData: Setting HFC245fa_emissions[2444]=0
Tue Mar 21 15:37:29 2023:DEBUG:setData: Setting HFC245fa_emissions[2445]=0
Tue Mar 21 15:37:29 2023:DEBUG:setData: Setting HFC245fa_emissions[2446]=0
Tue Mar 21 15:37:29 2023:DEBUG:setData: Setting HFC245fa_emissions[2447]=0
Tue Mar 21 15:37:29 2023:DEBUG:setData: Setting HFC245fa_emissions[2448]=0
Tue Mar 21 15:37:29 2023:DEBUG:setData: Setting HFC245fa_emissions[2449]=0
Tue Mar 21 15:37:29 2023:DEBUG:setData: Setting HFC245fa_emissions[2450]=0
Tue Mar 21 15:37:29 2023:DEBUG:setData: Setting HFC245fa_emissions[2451]=0
Tue Mar 21 15:37:29 2023:DEBUG:setData: Setting HFC245fa_emissions[2452]=0
Tue Mar 21 15:37:29 2023:DEBUG:setData: Setting HFC245fa_emissions[2453]=0
Tue Mar 21 15:37:29 2023:DEBUG:setData: Setting HFC245fa_emissions[2454]=0
Tue Mar 21 15:37:29 2023:DEBUG:setData: Setting HFC245fa_emissions[2455]=0
Tue Mar 21 15:37:29 2023:DEBUG:setData: Setting HFC245fa_emissions[2456]=0
Tue Mar 21 15:37:29 2023:DEBUG:setData: Setting HFC245fa_emissions[2457]=0
Tue Mar 21 15:37:29 2023:DEBUG:setData: Setting HFC245fa_emissions[2458]=0
Tue Mar 21 15:37:29 2023:DEBUG:setData: Setting HFC245fa_emissions[2459]=0
Tue Mar 21 15:37:29 2023:DEBUG:setData: Setting HFC245fa_emissions[2460]=0
Tue Mar 21 15:37:29 2023:DEBUG:setData: Setting HFC245fa_emissions[2461]=0
Tue Mar 21 15:37:29 2023:DEBUG:setData: Setting HFC245fa_emissions[2462]=0
Tue Mar 21 15:37:29 2023:DEBUG:setData: Setting HFC245fa_emissions[2463]=0
Tue Mar 21 15:37:29 2023:DEBUG:setData: Setting HFC245fa_emissions[2464]=0
Tue Mar 21 15:37:29 2023:DEBUG:setData: Setting HFC245fa_emissions[2465]=0
Tue Mar 21 15:37:29 2023:DEBUG:setData: Setting HFC245fa_emissions[2466]=0
Tue Mar 21 15:37:29 2023:DEBUG:setData: Setting HFC245fa_emissions[2467]=0
Tue Mar 21 15:37:29 2023:DEBUG:setData: Setting HFC245fa_emissions[2468]=0
Tue Mar 21 15:37:29 2023:DEBUG:setData: Setting HFC245fa_emissions[2469]=0
Tue Mar 21 15:37:29 2023:DEBUG:setData: Setting HFC245fa_emissions[2470]=0
Tue Mar 21 15:37:29 2023:DEBUG:setData: Setting HFC245fa_emissions[2471]=0
Tue Mar 21 15:37:29 2023:DEBUG:setData: Setting HFC245fa_emissions[2472]=0
Tue Mar 21 15:37:29 2023:DEBUG:setData: Setting HFC245fa_emissions[2473]=0
Tue Mar 21 15:37:29 2023:DEBUG:setData: Setting HFC245fa_emissions[2474]=0
Tue Mar 21 15:37:29 2023:DEBUG:setData: Setting HFC245fa_emissions[2475]=0
Tue Mar 21 15:37:29 2023:DEBUG:setData: Setting HFC245fa_emissions[2476]=0
Tue Mar 21 15:37:29 2023:DEBUG:setData: Setting HFC245fa_emissions[2477]=0
Tue Mar 21 15:37:29 2023:DEBUG:setData: Setting HFC245fa_emissions[2478]=0
Tue Mar 21 15:37:29 2023:DEBUG:setData: Setting HFC245fa_emissions[2479]=0
Tue Mar 21 15:37:29 2023:DEBUG:setData: Setting HFC245fa_emissions[2480]=0
Tue Mar 21 15:37:29 2023:DEBUG:setData: Setting HFC245fa_emissions[2481]=0
Tue Mar 21 15:37:29 2023:DEBUG:setData: Setting HFC245fa_emissions[2482]=0
Tue Mar 21 15:37:29 2023:DEBUG:setData: Setting HFC245fa_emissions[2483]=0
Tue Mar 21 15:37:29 2023:DEBUG:setData: Setting HFC245fa_emissions[2484]=0
Tue Mar 21 15:37:29 2023:DEBUG:setData: Setting HFC245fa_emissions[2485]=0
Tue Mar 21 15:37:29 2023:DEBUG:setData: Setting HFC245fa_emissions[2486]=0
Tue Mar 21 15:37:29 2023:DEBUG:setData: Setting HFC245fa_emissions[2487]=0
Tue Mar 21 15:37:29 2023:DEBUG:setData: Setting HFC245fa_emissions[2488]=0
Tue Mar 21 15:37:29 2023:DEBUG:setData: Setting HFC245fa_emissions[2489]=0
Tue Mar 21 15:37:29 2023:DEBUG:setData: Setting HFC245fa_emissions[2490]=0
Tue Mar 21 15:37:29 2023:DEBUG:setData: Setting HFC245fa_emissions[2491]=0
Tue Mar 21 15:37:29 2023:DEBUG:setData: Setting HFC245fa_emissions[2492]=0
Tue Mar 21 15:37:29 2023:DEBUG:setData: Setting HFC245fa_emissions[2493]=0
Tue Mar 21 15:37:29 2023:DEBUG:setData: Setting HFC245fa_emissions[2494]=0
Tue Mar 21 15:37:29 2023:DEBUG:setData: Setting HFC245fa_emissions[2495]=0
Tue Mar 21 15:37:29 2023:DEBUG:setData: Setting HFC245fa_emissions[2496]=0
Tue Mar 21 15:37:29 2023:DEBUG:setData: Setting HFC245fa_emissions[2497]=0
Tue Mar 21 15:37:29 2023:DEBUG:setData: Setting HFC245fa_emissions[2498]=0
Tue Mar 21 15:37:29 2023:DEBUG:setData: Setting HFC245fa_emissions[2499]=0
Tue Mar 21 15:37:29 2023:DEBUG:setData: Setting HFC245fa_emissions[2500]=0
Tue Mar 21 15:37:29 2023:DEBUG:setData: Setting molarMass[-1]=134.0
Tue Mar 21 15:37:29 2023:DEBUG:prepareToRun: prepareToRun 
Tue Mar 21 15:37:30 2023:DEBUG:run: date: 1746 concentration: 0 pptv
Tue Mar 21 15:37:30 2023:DEBUG:run: date: 1747 concentration: 0 pptv
Tue Mar 21 15:37:30 2023:DEBUG:run: date: 1748 concentration: 0 pptv
Tue Mar 21 15:37:30 2023:DEBUG:run: date: 1749 concentration: 0 pptv
Tue Mar 21 15:37:30 2023:DEBUG:run: date: 1750 concentration: 0 pptv
Tue Mar 21 15:37:30 2023:DEBUG:run: date: 1751 concentration: 0 pptv
Tue Mar 21 15:37:30 2023:DEBUG:run: date: 1752 concentration: 0 pptv
Tue Mar 21 15:37:30 2023:DEBUG:run: date: 1753 concentration: 0 pptv
Tue Mar 21 15:37:30 2023:DEBUG:run: date: 1754 concentration: 0 pptv
Tue Mar 21 15:37:30 2023:DEBUG:run: date: 1755 concentration: 0 pptv
Tue Mar 21 15:37:30 2023:DEBUG:run: date: 1756 concentration: 0 pptv
Tue Mar 21 15:37:30 2023:DEBUG:run: date: 1757 concentration: 0 pptv
Tue Mar 21 15:37:30 2023:DEBUG:run: date: 1758 concentration: 0 pptv
Tue Mar 21 15:37:30 2023:DEBUG:run: date: 1759 concentration: 0 pptv
Tue Mar 21 15:37:30 2023:DEBUG:run: date: 1760 concentration: 0 pptv
Tue Mar 21 15:37:30 2023:DEBUG:run: date: 1761 concentration: 0 pptv
Tue Mar 21 15:37:30 2023:DEBUG:run: date: 1762 concentration: 0 pptv
Tue Mar 21 15:37:30 2023:DEBUG:run: date: 1763 concentration: 0 pptv
Tue Mar 21 15:37:30 2023:DEBUG:run: date: 1764 concentration: 0 pptv
Tue Mar 21 15:37:30 2023:DEBUG:run: date: 1765 concentration: 0 pptv
Tue Mar 21 15:37:30 2023:DEBUG:run: date: 1766 concentration: 0 pptv
Tue Mar 21 15:37:30 2023:DEBUG:run: date: 1767 concentration: 0 pptv
Tue Mar 21 15:37:30 2023:DEBUG:run: date: 1768 concentration: 0 pptv
Tue Mar 21 15:37:30 2023:DEBUG:run: date: 1769 concentration: 0 pptv
Tue Mar 21 15:37:30 2023:DEBUG:run: date: 1770 concentration: 0 pptv
Tue Mar 21 15:37:30 2023:DEBUG:run: date: 1771 concentration: 0 pptv
Tue Mar 21 15:37:30 2023:DEBUG:run: date: 1772 concentration: 0 pptv
Tue Mar 21 15:37:30 2023:DEBUG:run: date: 1773 concentration: 0 pptv
Tue Mar 21 15:37:30 2023:DEBUG:run: date: 1774 concentration: 0 pptv
Tue Mar 21 15:37:30 2023:DEBUG:run: date: 1775 concentration: 0 pptv
Tue Mar 21 15:37:30 2023:DEBUG:run: date: 1776 concentration: 0 pptv
Tue Mar 21 15:37:30 2023:DEBUG:run: date: 1777 concentration: 0 pptv
Tue Mar 21 15:37:30 2023:DEBUG:run: date: 1778 concentration: 0 pptv
Tue Mar 21 15:37:30 2023:DEBUG:run: date: 1779 concentration: 0 pptv
Tue Mar 21 15:37:30 2023:DEBUG:run: date: 1780 concentration: 0 pptv
Tue Mar 21 15:37:30 2023:DEBUG:run: date: 1781 concentration: 0 pptv
Tue Mar 21 15:37:30 2023:DEBUG:run: date: 1782 concentration: 0 pptv
Tue Mar 21 15:37:30 2023:DEBUG:run: date: 1783 concentration: 0 pptv
Tue Mar 21 15:37:30 2023:DEBUG:run: date: 1784 concentration: 0 pptv
Tue Mar 21 15:37:30 2023:DEBUG:run: date: 1785 concentration: 0 pptv
Tue Mar 21 15:37:30 2023:DEBUG:run: date: 1786 concentration: 0 pptv
Tue Mar 21 15:37:30 2023:DEBUG:run: date: 1787 concentration: 0 pptv
Tue Mar 21 15:37:30 2023:DEBUG:run: date: 1788 concentration: 0 pptv
Tue Mar 21 15:37:30 2023:DEBUG:run: date: 1789 concentration: 0 pptv
Tue Mar 21 15:37:30 2023:DEBUG:run: date: 1790 concentration: 0 pptv
Tue Mar 21 15:37:30 2023:DEBUG:run: date: 1791 concentration: 0 pptv
Tue Mar 21 15:37:30 2023:DEBUG:run: date: 1792 concentration: 0 pptv
Tue Mar 21 15:37:30 2023:DEBUG:run: date: 1793 concentration: 0 pptv
Tue Mar 21 15:37:30 2023:DEBUG:run: date: 1794 concentration: 0 pptv
Tue Mar 21 15:37:30 2023:DEBUG:run: date: 1795 concentration: 0 pptv
Tue Mar 21 15:37:30 2023:DEBUG:run: date: 1796 concentration: 0 pptv
Tue Mar 21 15:37:30 2023:DEBUG:run: date: 1797 concentration: 0 pptv
Tue Mar 21 15:37:30 2023:DEBUG:run: date: 1798 concentration: 0 pptv
Tue Mar 21 15:37:30 2023:DEBUG:run: date: 1799 concentration: 0 pptv
Tue Mar 21 15:37:30 2023:DEBUG:run: date: 1800 concentration: 0 pptv
Tue Mar 21 15:37:30 2023:DEBUG:run: date: 1801 concentration: 0 pptv
Tue Mar 21 15:37:30 2023:DEBUG:run: date: 1802 concentration: 0 pptv
Tue Mar 21 15:37:30 2023:DEBUG:run: date: 1803 concentration: 0 pptv
Tue Mar 21 15:37:30 2023:DEBUG:run: date: 1804 concentration: 0 pptv
Tue Mar 21 15:37:30 2023:DEBUG:run: date: 1805 concentration: 0 pptv
Tue Mar 21 15:37:30 2023:DEBUG:run: date: 1806 concentration: 0 pptv
Tue Mar 21 15:37:30 2023:DEBUG:run: date: 1807 concentration: 0 pptv
Tue Mar 21 15:37:30 2023:DEBUG:run: date: 1808 concentration: 0 pptv
Tue Mar 21 15:37:30 2023:DEBUG:run: date: 1809 concentration: 0 pptv
Tue Mar 21 15:37:30 2023:DEBUG:run: date: 1810 concentration: 0 pptv
Tue Mar 21 15:37:30 2023:DEBUG:run: date: 1811 concentration: 0 pptv
Tue Mar 21 15:37:30 2023:DEBUG:run: date: 1812 concentration: 0 pptv
Tue Mar 21 15:37:30 2023:DEBUG:run: date: 1813 concentration: 0 pptv
Tue Mar 21 15:37:30 2023:DEBUG:run: date: 1814 concentration: 0 pptv
Tue Mar 21 15:37:30 2023:DEBUG:run: date: 1815 concentration: 0 pptv
Tue Mar 21 15:37:30 2023:DEBUG:run: date: 1816 concentration: 0 pptv
Tue Mar 21 15:37:30 2023:DEBUG:run: date: 1817 concentration: 0 pptv
Tue Mar 21 15:37:30 2023:DEBUG:run: date: 1818 concentration: 0 pptv
Tue Mar 21 15:37:30 2023:DEBUG:run: date: 1819 concentration: 0 pptv
Tue Mar 21 15:37:30 2023:DEBUG:run: date: 1820 concentration: 0 pptv
Tue Mar 21 15:37:30 2023:DEBUG:run: date: 1821 concentration: 0 pptv
Tue Mar 21 15:37:30 2023:DEBUG:run: date: 1822 concentration: 0 pptv
Tue Mar 21 15:37:30 2023:DEBUG:run: date: 1823 concentration: 0 pptv
Tue Mar 21 15:37:30 2023:DEBUG:run: date: 1824 concentration: 0 pptv
Tue Mar 21 15:37:30 2023:DEBUG:run: date: 1825 concentration: 0 pptv
Tue Mar 21 15:37:30 2023:DEBUG:run: date: 1826 concentration: 0 pptv
Tue Mar 21 15:37:30 2023:DEBUG:run: date: 1827 concentration: 0 pptv
Tue Mar 21 15:37:30 2023:DEBUG:run: date: 1828 concentration: 0 pptv
Tue Mar 21 15:37:30 2023:DEBUG:run: date: 1829 concentration: 0 pptv
Tue Mar 21 15:37:30 2023:DEBUG:run: date: 1830 concentration: 0 pptv
Tue Mar 21 15:37:30 2023:DEBUG:run: date: 1831 concentration: 0 pptv
Tue Mar 21 15:37:30 2023:DEBUG:run: date: 1832 concentration: 0 pptv
Tue Mar 21 15:37:30 2023:DEBUG:run: date: 1833 concentration: 0 pptv
Tue Mar 21 15:37:30 2023:DEBUG:run: date: 1834 concentration: 0 pptv
Tue Mar 21 15:37:30 2023:DEBUG:run: date: 1835 concentration: 0 pptv
Tue Mar 21 15:37:30 2023:DEBUG:run: date: 1836 concentration: 0 pptv
Tue Mar 21 15:37:30 2023:DEBUG:run: date: 1837 concentration: 0 pptv
Tue Mar 21 15:37:30 2023:DEBUG:run: date: 1838 concentration: 0 pptv
Tue Mar 21 15:37:30 2023:DEBUG:run: date: 1839 concentration: 0 pptv
Tue Mar 21 15:37:30 2023:DEBUG:run: date: 1840 concentration: 0 pptv
Tue Mar 21 15:37:30 2023:DEBUG:run: date: 1841 concentration: 0 pptv
Tue Mar 21 15:37:30 2023:DEBUG:run: date: 1842 concentration: 0 pptv
Tue Mar 21 15:37:30 2023:DEBUG:run: date: 1843 concentration: 0 pptv
Tue Mar 21 15:37:30 2023:DEBUG:run: date: 1844 concentration: 0 pptv
Tue Mar 21 15:37:30 2023:DEBUG:run: date: 1845 concentration: 0 pptv
Tue Mar 21 15:37:30 2023:DEBUG:run: date: 1846 concentration: 0 pptv
Tue Mar 21 15:37:30 2023:DEBUG:run: date: 1847 concentration: 0 pptv
Tue Mar 21 15:37:30 2023:DEBUG:run: date: 1848 concentration: 0 pptv
Tue Mar 21 15:37:30 2023:DEBUG:run: date: 1849 concentration: 0 pptv
Tue Mar 21 15:37:30 2023:DEBUG:run: date: 1850 concentration: 0 pptv
Tue Mar 21 15:37:30 2023:DEBUG:run: date: 1851 concentration: 0 pptv
Tue Mar 21 15:37:30 2023:DEBUG:run: date: 1852 concentration: 0 pptv
Tue Mar 21 15:37:30 2023:DEBUG:run: date: 1853 concentration: 0 pptv
Tue Mar 21 15:37:30 2023:DEBUG:run: date: 1854 concentration: 0 pptv
Tue Mar 21 15:37:30 2023:DEBUG:run: date: 1855 concentration: 0 pptv
Tue Mar 21 15:37:30 2023:DEBUG:run: date: 1856 concentration: 0 pptv
Tue Mar 21 15:37:30 2023:DEBUG:run: date: 1857 concentration: 0 pptv
Tue Mar 21 15:37:30 2023:DEBUG:run: date: 1858 concentration: 0 pptv
Tue Mar 21 15:37:30 2023:DEBUG:run: date: 1859 concentration: 0 pptv
Tue Mar 21 15:37:30 2023:DEBUG:run: date: 1860 concentration: 0 pptv
Tue Mar 21 15:37:30 2023:DEBUG:run: date: 1861 concentration: 0 pptv
Tue Mar 21 15:37:30 2023:DEBUG:run: date: 1862 concentration: 0 pptv
Tue Mar 21 15:37:30 2023:DEBUG:run: date: 1863 concentration: 0 pptv
Tue Mar 21 15:37:30 2023:DEBUG:run: date: 1864 concentration: 0 pptv
Tue Mar 21 15:37:30 2023:DEBUG:run: date: 1865 concentration: 0 pptv
Tue Mar 21 15:37:30 2023:DEBUG:run: date: 1866 concentration: 0 pptv
Tue Mar 21 15:37:30 2023:DEBUG:run: date: 1867 concentration: 0 pptv
Tue Mar 21 15:37:30 2023:DEBUG:run: date: 1868 concentration: 0 pptv
Tue Mar 21 15:37:30 2023:DEBUG:run: date: 1869 concentration: 0 pptv
Tue Mar 21 15:37:30 2023:DEBUG:run: date: 1870 concentration: 0 pptv
Tue Mar 21 15:37:30 2023:DEBUG:run: date: 1871 concentration: 0 pptv
Tue Mar 21 15:37:30 2023:DEBUG:run: date: 1872 concentration: 0 pptv
Tue Mar 21 15:37:30 2023:DEBUG:run: date: 1873 concentration: 0 pptv
Tue Mar 21 15:37:30 2023:DEBUG:run: date: 1874 concentration: 0 pptv
Tue Mar 21 15:37:30 2023:DEBUG:run: date: 1875 concentration: 0 pptv
Tue Mar 21 15:37:30 2023:DEBUG:run: date: 1876 concentration: 0 pptv
Tue Mar 21 15:37:30 2023:DEBUG:run: date: 1877 concentration: 0 pptv
Tue Mar 21 15:37:30 2023:DEBUG:run: date: 1878 concentration: 0 pptv
Tue Mar 21 15:37:30 2023:DEBUG:run: date: 1879 concentration: 0 pptv
Tue Mar 21 15:37:30 2023:DEBUG:run: date: 1880 concentration: 0 pptv
Tue Mar 21 15:37:30 2023:DEBUG:run: date: 1881 concentration: 0 pptv
Tue Mar 21 15:37:30 2023:DEBUG:run: date: 1882 concentration: 0 pptv
Tue Mar 21 15:37:30 2023:DEBUG:run: date: 1883 concentration: 0 pptv
Tue Mar 21 15:37:30 2023:DEBUG:run: date: 1884 concentration: 0 pptv
Tue Mar 21 15:37:30 2023:DEBUG:run: date: 1885 concentration: 0 pptv
Tue Mar 21 15:37:30 2023:DEBUG:run: date: 1886 concentration: 0 pptv
Tue Mar 21 15:37:30 2023:DEBUG:run: date: 1887 concentration: 0 pptv
Tue Mar 21 15:37:30 2023:DEBUG:run: date: 1888 concentration: 0 pptv
Tue Mar 21 15:37:30 2023:DEBUG:run: date: 1889 concentration: 0 pptv
Tue Mar 21 15:37:30 2023:DEBUG:run: date: 1890 concentration: 0 pptv
Tue Mar 21 15:37:30 2023:DEBUG:run: date: 1891 concentration: 0 pptv
Tue Mar 21 15:37:30 2023:DEBUG:run: date: 1892 concentration: 0 pptv
Tue Mar 21 15:37:30 2023:DEBUG:run: date: 1893 concentration: 0 pptv
Tue Mar 21 15:37:30 2023:DEBUG:run: date: 1894 concentration: 0 pptv
Tue Mar 21 15:37:30 2023:DEBUG:run: date: 1895 concentration: 0 pptv
Tue Mar 21 15:37:30 2023:DEBUG:run: date: 1896 concentration: 0 pptv
Tue Mar 21 15:37:30 2023:DEBUG:run: date: 1897 concentration: 0 pptv
Tue Mar 21 15:37:31 2023:DEBUG:run: date: 1898 concentration: 0 pptv
Tue Mar 21 15:37:31 2023:DEBUG:run: date: 1899 concentration: 0 pptv
Tue Mar 21 15:37:31 2023:DEBUG:run: date: 1900 concentration: 0 pptv
Tue Mar 21 15:37:31 2023:DEBUG:run: date: 1901 concentration: 0 pptv
Tue Mar 21 15:37:31 2023:DEBUG:run: date: 1902 concentration: 0 pptv
Tue Mar 21 15:37:31 2023:DEBUG:run: date: 1903 concentration: 0 pptv
Tue Mar 21 15:37:31 2023:DEBUG:run: date: 1904 concentration: 0 pptv
Tue Mar 21 15:37:31 2023:DEBUG:run: date: 1905 concentration: 0 pptv
Tue Mar 21 15:37:31 2023:DEBUG:run: date: 1906 concentration: 0 pptv
Tue Mar 21 15:37:31 2023:DEBUG:run: date: 1907 concentration: 0 pptv
Tue Mar 21 15:37:31 2023:DEBUG:run: date: 1908 concentration: 0 pptv
Tue Mar 21 15:37:31 2023:DEBUG:run: date: 1909 concentration: 0 pptv
Tue Mar 21 15:37:31 2023:DEBUG:run: date: 1910 concentration: 0 pptv
Tue Mar 21 15:37:31 2023:DEBUG:run: date: 1911 concentration: 0 pptv
Tue Mar 21 15:37:31 2023:DEBUG:run: date: 1912 concentration: 0 pptv
Tue Mar 21 15:37:31 2023:DEBUG:run: date: 1913 concentration: 0 pptv
Tue Mar 21 15:37:31 2023:DEBUG:run: date: 1914 concentration: 0 pptv
Tue Mar 21 15:37:31 2023:DEBUG:run: date: 1915 concentration: 0 pptv
Tue Mar 21 15:37:31 2023:DEBUG:run: date: 1916 concentration: 0 pptv
Tue Mar 21 15:37:31 2023:DEBUG:run: date: 1917 concentration: 0 pptv
Tue Mar 21 15:37:31 2023:DEBUG:run: date: 1918 concentration: 0 pptv
Tue Mar 21 15:37:31 2023:DEBUG:run: date: 1919 concentration: 0 pptv
Tue Mar 21 15:37:31 2023:DEBUG:run: date: 1920 concentration: 0 pptv
Tue Mar 21 15:37:31 2023:DEBUG:run: date: 1921 concentration: 0 pptv
Tue Mar 21 15:37:31 2023:DEBUG:run: date: 1922 concentration: 0 pptv
Tue Mar 21 15:37:31 2023:DEBUG:run: date: 1923 concentration: 0 pptv
Tue Mar 21 15:37:31 2023:DEBUG:run: date: 1924 concentration: 0 pptv
Tue Mar 21 15:37:31 2023:DEBUG:run: date: 1925 concentration: 0 pptv
Tue Mar 21 15:37:31 2023:DEBUG:run: date: 1926 concentration: 0 pptv
Tue Mar 21 15:37:31 2023:DEBUG:run: date: 1927 concentration: 0 pptv
Tue Mar 21 15:37:31 2023:DEBUG:run: date: 1928 concentration: 0 pptv
Tue Mar 21 15:37:31 2023:DEBUG:run: date: 1929 concentration: 0 pptv
Tue Mar 21 15:37:31 2023:DEBUG:run: date: 1930 concentration: 0 pptv
Tue Mar 21 15:37:31 2023:DEBUG:run: date: 1931 concentration: 0 pptv
Tue Mar 21 15:37:31 2023:DEBUG:run: date: 1932 concentration: 0 pptv
Tue Mar 21 15:37:31 2023:DEBUG:run: date: 1933 concentration: 0 pptv
Tue Mar 21 15:37:31 2023:DEBUG:run: date: 1934 concentration: 0 pptv
Tue Mar 21 15:37:31 2023:DEBUG:run: date: 1935 concentration: 0 pptv
Tue Mar 21 15:37:31 2023:DEBUG:run: date: 1936 concentration: 0 pptv
Tue Mar 21 15:37:31 2023:DEBUG:run: date: 1937 concentration: 0 pptv
Tue Mar 21 15:37:31 2023:DEBUG:run: date: 1938 concentration: 0 pptv
Tue Mar 21 15:37:31 2023:DEBUG:run: date: 1939 concentration: 0 pptv
Tue Mar 21 15:37:31 2023:DEBUG:run: date: 1940 concentration: 0 pptv
Tue Mar 21 15:37:31 2023:DEBUG:run: date: 1941 concentration: 0 pptv
Tue Mar 21 15:37:31 2023:DEBUG:run: date: 1942 concentration: 0 pptv
Tue Mar 21 15:37:31 2023:DEBUG:run: date: 1943 concentration: 0 pptv
Tue Mar 21 15:37:31 2023:DEBUG:run: date: 1944 concentration: 0 pptv
Tue Mar 21 15:37:31 2023:DEBUG:run: date: 1945 concentration: 0 pptv
Tue Mar 21 15:37:31 2023:DEBUG:run: date: 1946 concentration: 0 pptv
Tue Mar 21 15:37:31 2023:DEBUG:run: date: 1947 concentration: 0 pptv
Tue Mar 21 15:37:31 2023:DEBUG:run: date: 1948 concentration: 0 pptv
Tue Mar 21 15:37:31 2023:DEBUG:run: date: 1949 concentration: 0 pptv
Tue Mar 21 15:37:31 2023:DEBUG:run: date: 1950 concentration: 0 pptv
Tue Mar 21 15:37:31 2023:DEBUG:run: date: 1951 concentration: 0 pptv
Tue Mar 21 15:37:31 2023:DEBUG:run: date: 1952 concentration: 0 pptv
Tue Mar 21 15:37:31 2023:DEBUG:run: date: 1953 concentration: 0 pptv
Tue Mar 21 15:37:31 2023:DEBUG:run: date: 1954 concentration: 0 pptv
Tue Mar 21 15:37:31 2023:DEBUG:run: date: 1955 concentration: 0 pptv
Tue Mar 21 15:37:31 2023:DEBUG:run: date: 1956 concentration: 0 pptv
Tue Mar 21 15:37:31 2023:DEBUG:run: date: 1957 concentration: 0 pptv
Tue Mar 21 15:37:31 2023:DEBUG:run: date: 1958 concentration: 0 pptv
Tue Mar 21 15:37:31 2023:DEBUG:run: date: 1959 concentration: 0 pptv
Tue Mar 21 15:37:31 2023:DEBUG:run: date: 1960 concentration: 0 pptv
Tue Mar 21 15:37:31 2023:DEBUG:run: date: 1961 concentration: 0 pptv
Tue Mar 21 15:37:31 2023:DEBUG:run: date: 1962 concentration: 0 pptv
Tue Mar 21 15:37:31 2023:DEBUG:run: date: 1963 concentration: 0 pptv
Tue Mar 21 15:37:31 2023:DEBUG:run: date: 1964 concentration: 0 pptv
Tue Mar 21 15:37:31 2023:DEBUG:run: date: 1965 concentration: 0 pptv
Tue Mar 21 15:37:31 2023:DEBUG:run: date: 1966 concentration: 0 pptv
Tue Mar 21 15:37:31 2023:DEBUG:run: date: 1967 concentration: 0 pptv
Tue Mar 21 15:37:31 2023:DEBUG:run: date: 1968 concentration: 0 pptv
Tue Mar 21 15:37:31 2023:DEBUG:run: date: 1969 concentration: 0 pptv
Tue Mar 21 15:37:31 2023:DEBUG:run: date: 1970 concentration: 0 pptv
Tue Mar 21 15:37:31 2023:DEBUG:run: date: 1971 concentration: 0 pptv
Tue Mar 21 15:37:31 2023:DEBUG:run: date: 1972 concentration: 0 pptv
Tue Mar 21 15:37:31 2023:DEBUG:run: date: 1973 concentration: 0 pptv
Tue Mar 21 15:37:31 2023:DEBUG:run: date: 1974 concentration: 0 pptv
Tue Mar 21 15:37:31 2023:DEBUG:run: date: 1975 concentration: 0 pptv
Tue Mar 21 15:37:31 2023:DEBUG:run: date: 1976 concentration: 0 pptv
Tue Mar 21 15:37:31 2023:DEBUG:run: date: 1977 concentration: 0 pptv
Tue Mar 21 15:37:31 2023:DEBUG:run: date: 1978 concentration: 0 pptv
Tue Mar 21 15:37:31 2023:DEBUG:run: date: 1979 concentration: 0 pptv
Tue Mar 21 15:37:31 2023:DEBUG:run: date: 1980 concentration: 0 pptv
Tue Mar 21 15:37:31 2023:DEBUG:run: date: 1981 concentration: 0 pptv
Tue Mar 21 15:37:31 2023:DEBUG:run: date: 1982 concentration: 0 pptv
Tue Mar 21 15:37:31 2023:DEBUG:run: date: 1983 concentration: 0 pptv
Tue Mar 21 15:37:31 2023:DEBUG:run: date: 1984 concentration: 0 pptv
Tue Mar 21 15:37:31 2023:DEBUG:run: date: 1985 concentration: 0 pptv
Tue Mar 21 15:37:31 2023:DEBUG:run: date: 1986 concentration: 0 pptv
Tue Mar 21 15:37:31 2023:DEBUG:run: date: 1987 concentration: 0 pptv
Tue Mar 21 15:37:31 2023:DEBUG:run: date: 1988 concentration: 0 pptv
Tue Mar 21 15:37:31 2023:DEBUG:run: date: 1989 concentration: 0 pptv
Tue Mar 21 15:37:31 2023:DEBUG:run: date: 1990 concentration: 0 pptv
Tue Mar 21 15:37:31 2023:DEBUG:run: date: 1991 concentration: 0 pptv
Tue Mar 21 15:37:31 2023:DEBUG:run: date: 1992 concentration: 0 pptv
Tue Mar 21 15:37:31 2023:DEBUG:run: date: 1993 concentration: 0 pptv
Tue Mar 21 15:37:31 2023:DEBUG:run: date: 1994 concentration: 0 pptv
Tue Mar 21 15:37:31 2023:DEBUG:run: date: 1995 concentration: 0 pptv
Tue Mar 21 15:37:31 2023:DEBUG:run: date: 1996 concentration: 0 pptv
Tue Mar 21 15:37:31 2023:DEBUG:run: date: 1997 concentration: 1.92684e-06 pptv
Tue Mar 21 15:37:31 2023:DEBUG:run: date: 1998 concentration: 1.56103e-05 pptv
Tue Mar 21 15:37:31 2023:DEBUG:run: date: 1999 concentration: 0.00013443 pptv
Tue Mar 21 15:37:31 2023:DEBUG:run: date: 2000 concentration: 0.00143894 pptv
Tue Mar 21 15:37:31 2023:DEBUG:run: date: 2001 concentration: 0.0325804 pptv
Tue Mar 21 15:37:31 2023:DEBUG:run: date: 2002 concentration: 0.141884 pptv
Tue Mar 21 15:37:31 2023:DEBUG:run: date: 2003 concentration: 0.327429 pptv
Tue Mar 21 15:37:31 2023:DEBUG:run: date: 2004 concentration: 0.545444 pptv
Tue Mar 21 15:37:31 2023:DEBUG:run: date: 2005 concentration: 0.753206 pptv
Tue Mar 21 15:37:31 2023:DEBUG:run: date: 2006 concentration: 0.927436 pptv
Tue Mar 21 15:37:31 2023:DEBUG:run: date: 2007 concentration: 1.0733 pptv
Tue Mar 21 15:37:31 2023:DEBUG:run: date: 2008 concentration: 1.21586 pptv
Tue Mar 21 15:37:31 2023:DEBUG:run: date: 2009 concentration: 1.371 pptv
Tue Mar 21 15:37:31 2023:DEBUG:run: date: 2010 concentration: 1.54296 pptv
Tue Mar 21 15:37:31 2023:DEBUG:run: date: 2011 concentration: 1.72044 pptv
Tue Mar 21 15:37:31 2023:DEBUG:run: date: 2012 concentration: 1.86007 pptv
Tue Mar 21 15:37:31 2023:DEBUG:run: date: 2013 concentration: 2.0109 pptv
Tue Mar 21 15:37:31 2023:DEBUG:run: date: 2014 concentration: 2.15543 pptv
Tue Mar 21 15:37:31 2023:DEBUG:run: date: 2015 concentration: 2.34531 pptv
Tue Mar 21 15:37:31 2023:DEBUG:run: date: 2016 concentration: 2.58858 pptv
Tue Mar 21 15:37:31 2023:DEBUG:run: date: 2017 concentration: 2.87865 pptv
Tue Mar 21 15:37:31 2023:DEBUG:run: date: 2018 concentration: 3.20976 pptv
Tue Mar 21 15:37:31 2023:DEBUG:run: date: 2019 concentration: 3.57684 pptv
Tue Mar 21 15:37:31 2023:DEBUG:run: date: 2020 concentration: 3.97546 pptv
Tue Mar 21 15:37:31 2023:DEBUG:run: date: 2021 concentration: 4.34585 pptv
Tue Mar 21 15:37:31 2023:DEBUG:run: date: 2022 concentration: 4.69147 pptv
Tue Mar 21 15:37:31 2023:DEBUG:run: date: 2023 concentration: 5.01539 pptv
Tue Mar 21 15:37:31 2023:DEBUG:run: date: 2024 concentration: 5.32028 pptv
Tue Mar 21 15:37:31 2023:DEBUG:run: date: 2025 concentration: 5.60848 pptv
Tue Mar 21 15:37:31 2023:DEBUG:run: date: 2026 concentration: 5.88206 pptv
Tue Mar 21 15:37:31 2023:DEBUG:run: date: 2027 concentration: 6.14281 pptv
Tue Mar 21 15:37:31 2023:DEBUG:run: date: 2028 concentration: 6.39232 pptv
Tue Mar 21 15:37:31 2023:DEBUG:run: date: 2029 concentration: 6.63198 pptv
Tue Mar 21 15:37:31 2023:DEBUG:run: date: 2030 concentration: 6.86299 pptv
Tue Mar 21 15:37:31 2023:DEBUG:run: date: 2031 concentration: 7.06504 pptv
Tue Mar 21 15:37:31 2023:DEBUG:run: date: 2032 concentration: 7.24168 pptv
Tue Mar 21 15:37:31 2023:DEBUG:run: date: 2033 concentration: 7.39607 pptv
Tue Mar 21 15:37:31 2023:DEBUG:run: date: 2034 concentration: 7.53093 pptv
Tue Mar 21 15:37:31 2023:DEBUG:run: date: 2035 concentration: 7.64867 pptv
Tue Mar 21 15:37:31 2023:DEBUG:run: date: 2036 concentration: 7.75141 pptv
Tue Mar 21 15:37:31 2023:DEBUG:run: date: 2037 concentration: 7.841 pptv
Tue Mar 21 15:37:31 2023:DEBUG:run: date: 2038 concentration: 7.91905 pptv
Tue Mar 21 15:37:31 2023:DEBUG:run: date: 2039 concentration: 7.987 pptv
Tue Mar 21 15:37:31 2023:DEBUG:run: date: 2040 concentration: 8.04608 pptv
Tue Mar 21 15:37:31 2023:DEBUG:run: date: 2041 concentration: 8.09028 pptv
Tue Mar 21 15:37:31 2023:DEBUG:run: date: 2042 concentration: 8.12145 pptv
Tue Mar 21 15:37:31 2023:DEBUG:run: date: 2043 concentration: 8.14119 pptv
Tue Mar 21 15:37:31 2023:DEBUG:run: date: 2044 concentration: 8.1509 pptv
Tue Mar 21 15:37:31 2023:DEBUG:run: date: 2045 concentration: 8.15183 pptv
Tue Mar 21 15:37:31 2023:DEBUG:run: date: 2046 concentration: 8.14505 pptv
Tue Mar 21 15:37:31 2023:DEBUG:run: date: 2047 concentration: 8.13152 pptv
Tue Mar 21 15:37:31 2023:DEBUG:run: date: 2048 concentration: 8.11207 pptv
Tue Mar 21 15:37:31 2023:DEBUG:run: date: 2049 concentration: 8.08743 pptv
Tue Mar 21 15:37:31 2023:DEBUG:run: date: 2050 concentration: 8.05824 pptv
Tue Mar 21 15:37:31 2023:DEBUG:run: date: 2051 concentration: 8.04402 pptv
Tue Mar 21 15:37:31 2023:DEBUG:run: date: 2052 concentration: 8.04293 pptv
Tue Mar 21 15:37:31 2023:DEBUG:run: date: 2053 concentration: 8.05335 pptv
Tue Mar 21 15:37:31 2023:DEBUG:run: date: 2054 concentration: 8.07387 pptv
Tue Mar 21 15:37:31 2023:DEBUG:run: date: 2055 concentration: 8.10323 pptv
Tue Mar 21 15:37:31 2023:DEBUG:run: date: 2056 concentration: 8.14035 pptv
Tue Mar 21 15:37:31 2023:DEBUG:run: date: 2057 concentration: 8.18426 pptv
Tue Mar 21 15:37:31 2023:DEBUG:run: date: 2058 concentration: 8.23414 pptv
Tue Mar 21 15:37:31 2023:DEBUG:run: date: 2059 concentration: 8.28925 pptv
Tue Mar 21 15:37:31 2023:DEBUG:run: date: 2060 concentration: 8.34894 pptv
Tue Mar 21 15:37:31 2023:DEBUG:run: date: 2061 concentration: 8.40938 pptv
Tue Mar 21 15:37:31 2023:DEBUG:run: date: 2062 concentration: 8.47048 pptv
Tue Mar 21 15:37:31 2023:DEBUG:run: date: 2063 concentration: 8.53217 pptv
Tue Mar 21 15:37:31 2023:DEBUG:run: date: 2064 concentration: 8.59436 pptv
Tue Mar 21 15:37:31 2023:DEBUG:run: date: 2065 concentration: 8.65699 pptv
Tue Mar 21 15:37:31 2023:DEBUG:run: date: 2066 concentration: 8.72002 pptv
Tue Mar 21 15:37:31 2023:DEBUG:run: date: 2067 concentration: 8.78338 pptv
Tue Mar 21 15:37:31 2023:DEBUG:run: date: 2068 concentration: 8.84705 pptv
Tue Mar 21 15:37:31 2023:DEBUG:run: date: 2069 concentration: 8.91098 pptv
Tue Mar 21 15:37:31 2023:DEBUG:run: date: 2070 concentration: 8.97514 pptv
Tue Mar 21 15:37:31 2023:DEBUG:run: date: 2071 concentration: 9.03691 pptv
Tue Mar 21 15:37:31 2023:DEBUG:run: date: 2072 concentration: 9.09659 pptv
Tue Mar 21 15:37:31 2023:DEBUG:run: date: 2073 concentration: 9.15442 pptv
Tue Mar 21 15:37:31 2023:DEBUG:run: date: 2074 concentration: 9.21065 pptv
Tue Mar 21 15:37:31 2023:DEBUG:run: date: 2075 concentration: 9.26547 pptv
Tue Mar 21 15:37:31 2023:DEBUG:run: date: 2076 concentration: 9.31904 pptv
Tue Mar 21 15:37:31 2023:DEBUG:run: date: 2077 concentration: 9.37153 pptv
Tue Mar 21 15:37:31 2023:DEBUG:run: date: 2078 concentration: 9.42307 pptv
Tue Mar 21 15:37:31 2023:DEBUG:run: date: 2079 concentration: 9.47378 pptv
Tue Mar 21 15:37:31 2023:DEBUG:run: date: 2080 concentration: 9.52375 pptv
Tue Mar 21 15:37:31 2023:DEBUG:run: date: 2081 concentration: 9.57485 pptv
Tue Mar 21 15:37:31 2023:DEBUG:run: date: 2082 concentration: 9.62694 pptv
Tue Mar 21 15:37:31 2023:DEBUG:run: date: 2083 concentration: 9.6799 pptv
Tue Mar 21 15:37:31 2023:DEBUG:run: date: 2084 concentration: 9.73362 pptv
Tue Mar 21 15:37:31 2023:DEBUG:run: date: 2085 concentration: 9.78801 pptv
Tue Mar 21 15:37:31 2023:DEBUG:run: date: 2086 concentration: 9.84298 pptv
Tue Mar 21 15:37:32 2023:DEBUG:run: date: 2087 concentration: 9.89846 pptv
Tue Mar 21 15:37:32 2023:DEBUG:run: date: 2088 concentration: 9.95439 pptv
Tue Mar 21 15:37:32 2023:DEBUG:run: date: 2089 concentration: 10.0107 pptv
Tue Mar 21 15:37:32 2023:DEBUG:run: date: 2090 concentration: 10.0674 pptv
Tue Mar 21 15:37:32 2023:DEBUG:run: date: 2091 concentration: 10.1128 pptv
Tue Mar 21 15:37:32 2023:DEBUG:run: date: 2092 concentration: 10.1484 pptv
Tue Mar 21 15:37:32 2023:DEBUG:run: date: 2093 concentration: 10.1753 pptv
Tue Mar 21 15:37:32 2023:DEBUG:run: date: 2094 concentration: 10.1946 pptv
Tue Mar 21 15:37:32 2023:DEBUG:run: date: 2095 concentration: 10.2072 pptv
Tue Mar 21 15:37:32 2023:DEBUG:run: date: 2096 concentration: 10.2141 pptv
Tue Mar 21 15:37:32 2023:DEBUG:run: date: 2097 concentration: 10.2158 pptv
Tue Mar 21 15:37:32 2023:DEBUG:run: date: 2098 concentration: 10.213 pptv
Tue Mar 21 15:37:32 2023:DEBUG:run: date: 2099 concentration: 10.2064 pptv
Tue Mar 21 15:37:32 2023:DEBUG:run: date: 2100 concentration: 10.1962 pptv
Tue Mar 21 15:37:32 2023:DEBUG:run: date: 2101 concentration: 10.179 pptv
Tue Mar 21 15:37:32 2023:DEBUG:run: date: 2102 concentration: 10.1556 pptv
Tue Mar 21 15:37:32 2023:DEBUG:run: date: 2103 concentration: 10.1268 pptv
Tue Mar 21 15:37:32 2023:DEBUG:run: date: 2104 concentration: 10.0932 pptv
Tue Mar 21 15:37:32 2023:DEBUG:run: date: 2105 concentration: 10.0554 pptv
Tue Mar 21 15:37:32 2023:DEBUG:run: date: 2106 concentration: 10.0139 pptv
Tue Mar 21 15:37:32 2023:DEBUG:run: date: 2107 concentration: 9.96929 pptv
Tue Mar 21 15:37:32 2023:DEBUG:run: date: 2108 concentration: 9.92182 pptv
Tue Mar 21 15:37:32 2023:DEBUG:run: date: 2109 concentration: 9.87188 pptv
Tue Mar 21 15:37:32 2023:DEBUG:run: date: 2110 concentration: 9.81977 pptv
Tue Mar 21 15:37:32 2023:DEBUG:run: date: 2111 concentration: 9.76577 pptv
Tue Mar 21 15:37:32 2023:DEBUG:run: date: 2112 concentration: 9.7101 pptv
Tue Mar 21 15:37:32 2023:DEBUG:run: date: 2113 concentration: 9.65298 pptv
Tue Mar 21 15:37:32 2023:DEBUG:run: date: 2114 concentration: 9.59458 pptv
Tue Mar 21 15:37:32 2023:DEBUG:run: date: 2115 concentration: 9.53505 pptv
Tue Mar 21 15:37:32 2023:DEBUG:run: date: 2116 concentration: 9.47454 pptv
Tue Mar 21 15:37:32 2023:DEBUG:run: date: 2117 concentration: 9.41318 pptv
Tue Mar 21 15:37:32 2023:DEBUG:run: date: 2118 concentration: 9.35105 pptv
Tue Mar 21 15:37:32 2023:DEBUG:run: date: 2119 concentration: 9.28827 pptv
Tue Mar 21 15:37:32 2023:DEBUG:run: date: 2120 concentration: 9.2249 pptv
Tue Mar 21 15:37:32 2023:DEBUG:run: date: 2121 concentration: 9.16103 pptv
Tue Mar 21 15:37:32 2023:DEBUG:run: date: 2122 concentration: 9.0967 pptv
Tue Mar 21 15:37:32 2023:DEBUG:run: date: 2123 concentration: 9.03199 pptv
Tue Mar 21 15:37:32 2023:DEBUG:run: date: 2124 concentration: 8.96694 pptv
Tue Mar 21 15:37:32 2023:DEBUG:run: date: 2125 concentration: 8.90158 pptv
Tue Mar 21 15:37:32 2023:DEBUG:run: date: 2126 concentration: 8.83596 pptv
Tue Mar 21 15:37:32 2023:DEBUG:run: date: 2127 concentration: 8.77011 pptv
Tue Mar 21 15:37:32 2023:DEBUG:run: date: 2128 concentration: 8.70405 pptv
Tue Mar 21 15:37:32 2023:DEBUG:run: date: 2129 concentration: 8.63782 pptv
Tue Mar 21 15:37:32 2023:DEBUG:run: date: 2130 concentration: 8.57144 pptv
Tue Mar 21 15:37:32 2023:DEBUG:run: date: 2131 concentration: 8.50491 pptv
Tue Mar 21 15:37:32 2023:DEBUG:run: date: 2132 concentration: 8.43827 pptv
Tue Mar 21 15:37:32 2023:DEBUG:run: date: 2133 concentration: 8.37152 pptv
Tue Mar 21 15:37:32 2023:DEBUG:run: date: 2134 concentration: 8.30468 pptv
Tue Mar 21 15:37:32 2023:DEBUG:run: date: 2135 concentration: 8.23776 pptv
Tue Mar 21 15:37:32 2023:DEBUG:run: date: 2136 concentration: 8.17077 pptv
Tue Mar 21 15:37:32 2023:DEBUG:run: date: 2137 concentration: 8.10371 pptv
Tue Mar 21 15:37:32 2023:DEBUG:run: date: 2138 concentration: 8.0366 pptv
Tue Mar 21 15:37:32 2023:DEBUG:run: date: 2139 concentration: 7.96945 pptv
Tue Mar 21 15:37:32 2023:DEBUG:run: date: 2140 concentration: 7.90225 pptv
Tue Mar 21 15:37:32 2023:DEBUG:run: date: 2141 concentration: 7.83502 pptv
Tue Mar 21 15:37:32 2023:DEBUG:run: date: 2142 concentration: 7.76775 pptv
Tue Mar 21 15:37:32 2023:DEBUG:run: date: 2143 concentration: 7.70046 pptv
Tue Mar 21 15:37:32 2023:DEBUG:run: date: 2144 concentration: 7.63314 pptv
Tue Mar 21 15:37:32 2023:DEBUG:run: date: 2145 concentration: 7.5658 pptv
Tue Mar 21 15:37:32 2023:DEBUG:run: date: 2146 concentration: 7.49844 pptv
Tue Mar 21 15:37:32 2023:DEBUG:run: date: 2147 concentration: 7.43106 pptv
Tue Mar 21 15:37:32 2023:DEBUG:run: date: 2148 concentration: 7.36367 pptv
Tue Mar 21 15:37:32 2023:DEBUG:run: date: 2149 concentration: 7.29627 pptv
Tue Mar 21 15:37:32 2023:DEBUG:run: date: 2150 concentration: 7.22885 pptv
Tue Mar 21 15:37:32 2023:DEBUG:run: date: 2151 concentration: 7.16143 pptv
Tue Mar 21 15:37:32 2023:DEBUG:run: date: 2152 concentration: 7.09399 pptv
Tue Mar 21 15:37:32 2023:DEBUG:run: date: 2153 concentration: 7.02655 pptv
Tue Mar 21 15:37:32 2023:DEBUG:run: date: 2154 concentration: 6.9591 pptv
Tue Mar 21 15:37:32 2023:DEBUG:run: date: 2155 concentration: 6.89165 pptv
Tue Mar 21 15:37:32 2023:DEBUG:run: date: 2156 concentration: 6.82419 pptv
Tue Mar 21 15:37:32 2023:DEBUG:run: date: 2157 concentration: 6.75673 pptv
Tue Mar 21 15:37:32 2023:DEBUG:run: date: 2158 concentration: 6.68926 pptv
Tue Mar 21 15:37:32 2023:DEBUG:run: date: 2159 concentration: 6.62179 pptv
Tue Mar 21 15:37:32 2023:DEBUG:run: date: 2160 concentration: 6.55432 pptv
Tue Mar 21 15:37:32 2023:DEBUG:run: date: 2161 concentration: 6.48684 pptv
Tue Mar 21 15:37:32 2023:DEBUG:run: date: 2162 concentration: 6.41936 pptv
Tue Mar 21 15:37:32 2023:DEBUG:run: date: 2163 concentration: 6.35188 pptv
Tue Mar 21 15:37:32 2023:DEBUG:run: date: 2164 concentration: 6.2844 pptv
Tue Mar 21 15:37:32 2023:DEBUG:run: date: 2165 concentration: 6.21692 pptv
Tue Mar 21 15:37:32 2023:DEBUG:run: date: 2166 concentration: 6.14943 pptv
Tue Mar 21 15:37:32 2023:DEBUG:run: date: 2167 concentration: 6.08195 pptv
Tue Mar 21 15:37:32 2023:DEBUG:run: date: 2168 concentration: 6.01446 pptv
Tue Mar 21 15:37:32 2023:DEBUG:run: date: 2169 concentration: 5.94697 pptv
Tue Mar 21 15:37:32 2023:DEBUG:run: date: 2170 concentration: 5.87948 pptv
Tue Mar 21 15:37:32 2023:DEBUG:run: date: 2171 concentration: 5.81199 pptv
Tue Mar 21 15:37:32 2023:DEBUG:run: date: 2172 concentration: 5.7445 pptv
Tue Mar 21 15:37:32 2023:DEBUG:run: date: 2173 concentration: 5.67701 pptv
Tue Mar 21 15:37:32 2023:DEBUG:run: date: 2174 concentration: 5.60952 pptv
Tue Mar 21 15:37:32 2023:DEBUG:run: date: 2175 concentration: 5.54203 pptv
Tue Mar 21 15:37:32 2023:DEBUG:run: date: 2176 concentration: 5.47454 pptv
Tue Mar 21 15:37:32 2023:DEBUG:run: date: 2177 concentration: 5.40705 pptv
Tue Mar 21 15:37:32 2023:DEBUG:run: date: 2178 concentration: 5.33955 pptv
Tue Mar 21 15:37:32 2023:DEBUG:run: date: 2179 concentration: 5.27206 pptv
Tue Mar 21 15:37:32 2023:DEBUG:run: date: 2180 concentration: 5.20457 pptv
Tue Mar 21 15:37:32 2023:DEBUG:run: date: 2181 concentration: 5.13707 pptv
Tue Mar 21 15:37:32 2023:DEBUG:run: date: 2182 concentration: 5.06958 pptv
Tue Mar 21 15:37:32 2023:DEBUG:run: date: 2183 concentration: 5.00209 pptv
Tue Mar 21 15:37:32 2023:DEBUG:run: date: 2184 concentration: 4.93459 pptv
Tue Mar 21 15:37:32 2023:DEBUG:run: date: 2185 concentration: 4.8671 pptv
Tue Mar 21 15:37:32 2023:DEBUG:run: date: 2186 concentration: 4.7996 pptv
Tue Mar 21 15:37:32 2023:DEBUG:run: date: 2187 concentration: 4.73211 pptv
Tue Mar 21 15:37:32 2023:DEBUG:run: date: 2188 concentration: 4.66462 pptv
Tue Mar 21 15:37:32 2023:DEBUG:run: date: 2189 concentration: 4.59712 pptv
Tue Mar 21 15:37:32 2023:DEBUG:run: date: 2190 concentration: 4.52963 pptv
Tue Mar 21 15:37:32 2023:DEBUG:run: date: 2191 concentration: 4.46213 pptv
Tue Mar 21 15:37:32 2023:DEBUG:run: date: 2192 concentration: 4.39464 pptv
Tue Mar 21 15:37:32 2023:DEBUG:run: date: 2193 concentration: 4.32715 pptv
Tue Mar 21 15:37:32 2023:DEBUG:run: date: 2194 concentration: 4.25965 pptv
Tue Mar 21 15:37:32 2023:DEBUG:run: date: 2195 concentration: 4.19216 pptv
Tue Mar 21 15:37:32 2023:DEBUG:run: date: 2196 concentration: 4.12466 pptv
Tue Mar 21 15:37:32 2023:DEBUG:run: date: 2197 concentration: 4.05717 pptv
Tue Mar 21 15:37:32 2023:DEBUG:run: date: 2198 concentration: 3.98967 pptv
Tue Mar 21 15:37:32 2023:DEBUG:run: date: 2199 concentration: 3.92218 pptv
Tue Mar 21 15:37:32 2023:DEBUG:run: date: 2200 concentration: 3.85468 pptv
Tue Mar 21 15:37:32 2023:DEBUG:run: date: 2201 concentration: 3.78719 pptv
Tue Mar 21 15:37:32 2023:DEBUG:run: date: 2202 concentration: 3.71969 pptv
Tue Mar 21 15:37:32 2023:DEBUG:run: date: 2203 concentration: 3.6522 pptv
Tue Mar 21 15:37:32 2023:DEBUG:run: date: 2204 concentration: 3.58471 pptv
Tue Mar 21 15:37:32 2023:DEBUG:run: date: 2205 concentration: 3.51721 pptv
Tue Mar 21 15:37:32 2023:DEBUG:run: date: 2206 concentration: 3.44972 pptv
Tue Mar 21 15:37:32 2023:DEBUG:run: date: 2207 concentration: 3.38222 pptv
Tue Mar 21 15:37:32 2023:DEBUG:run: date: 2208 concentration: 3.31473 pptv
Tue Mar 21 15:37:32 2023:DEBUG:run: date: 2209 concentration: 3.24723 pptv
Tue Mar 21 15:37:32 2023:DEBUG:run: date: 2210 concentration: 3.17974 pptv
Tue Mar 21 15:37:32 2023:DEBUG:run: date: 2211 concentration: 3.11224 pptv
Tue Mar 21 15:37:32 2023:DEBUG:run: date: 2212 concentration: 3.04475 pptv
Tue Mar 21 15:37:32 2023:DEBUG:run: date: 2213 concentration: 2.97725 pptv
Tue Mar 21 15:37:32 2023:DEBUG:run: date: 2214 concentration: 2.90976 pptv
Tue Mar 21 15:37:32 2023:DEBUG:run: date: 2215 concentration: 2.84226 pptv
Tue Mar 21 15:37:32 2023:DEBUG:run: date: 2216 concentration: 2.77477 pptv
Tue Mar 21 15:37:32 2023:DEBUG:run: date: 2217 concentration: 2.70728 pptv
Tue Mar 21 15:37:32 2023:DEBUG:run: date: 2218 concentration: 2.63978 pptv
Tue Mar 21 15:37:32 2023:DEBUG:run: date: 2219 concentration: 2.57229 pptv
Tue Mar 21 15:37:32 2023:DEBUG:run: date: 2220 concentration: 2.50479 pptv
Tue Mar 21 15:37:32 2023:DEBUG:run: date: 2221 concentration: 2.4373 pptv
Tue Mar 21 15:37:32 2023:DEBUG:run: date: 2222 concentration: 2.3698 pptv
Tue Mar 21 15:37:32 2023:DEBUG:run: date: 2223 concentration: 2.30231 pptv
Tue Mar 21 15:37:32 2023:DEBUG:run: date: 2224 concentration: 2.23481 pptv
Tue Mar 21 15:37:32 2023:DEBUG:run: date: 2225 concentration: 2.16732 pptv
Tue Mar 21 15:37:32 2023:DEBUG:run: date: 2226 concentration: 2.09982 pptv
Tue Mar 21 15:37:32 2023:DEBUG:run: date: 2227 concentration: 2.03233 pptv
Tue Mar 21 15:37:32 2023:DEBUG:run: date: 2228 concentration: 1.96483 pptv
Tue Mar 21 15:37:32 2023:DEBUG:run: date: 2229 concentration: 1.89734 pptv
Tue Mar 21 15:37:32 2023:DEBUG:run: date: 2230 concentration: 1.82985 pptv
Tue Mar 21 15:37:32 2023:DEBUG:run: date: 2231 concentration: 1.76235 pptv
Tue Mar 21 15:37:32 2023:DEBUG:run: date: 2232 concentration: 1.69486 pptv
Tue Mar 21 15:37:32 2023:DEBUG:run: date: 2233 concentration: 1.62736 pptv
Tue Mar 21 15:37:32 2023:DEBUG:run: date: 2234 concentration: 1.55987 pptv
Tue Mar 21 15:37:32 2023:DEBUG:run: date: 2235 concentration: 1.49237 pptv
Tue Mar 21 15:37:32 2023:DEBUG:run: date: 2236 concentration: 1.42488 pptv
Tue Mar 21 15:37:32 2023:DEBUG:run: date: 2237 concentration: 1.35738 pptv
Tue Mar 21 15:37:32 2023:DEBUG:run: date: 2238 concentration: 1.28989 pptv
Tue Mar 21 15:37:32 2023:DEBUG:run: date: 2239 concentration: 1.22239 pptv
Tue Mar 21 15:37:32 2023:DEBUG:run: date: 2240 concentration: 1.1549 pptv
Tue Mar 21 15:37:32 2023:DEBUG:run: date: 2241 concentration: 1.0874 pptv
Tue Mar 21 15:37:32 2023:DEBUG:run: date: 2242 concentration: 1.01991 pptv
Tue Mar 21 15:37:32 2023:DEBUG:run: date: 2243 concentration: 0.952415 pptv
Tue Mar 21 15:37:32 2023:DEBUG:run: date: 2244 concentration: 0.88492 pptv
Tue Mar 21 15:37:32 2023:DEBUG:run: date: 2245 concentration: 0.817425 pptv
Tue Mar 21 15:37:32 2023:DEBUG:run: date: 2246 concentration: 0.749931 pptv
Tue Mar 21 15:37:32 2023:DEBUG:run: date: 2247 concentration: 0.682436 pptv
Tue Mar 21 15:37:32 2023:DEBUG:run: date: 2248 concentration: 0.614941 pptv
Tue Mar 21 15:37:32 2023:DEBUG:run: date: 2249 concentration: 0.547447 pptv
Tue Mar 21 15:37:32 2023:DEBUG:run: date: 2250 concentration: 0.479952 pptv
Tue Mar 21 15:37:32 2023:DEBUG:run: date: 2251 concentration: 0.420779 pptv
Tue Mar 21 15:37:32 2023:DEBUG:run: date: 2252 concentration: 0.368901 pptv
Tue Mar 21 15:37:32 2023:DEBUG:run: date: 2253 concentration: 0.323419 pptv
Tue Mar 21 15:37:32 2023:DEBUG:run: date: 2254 concentration: 0.283545 pptv
Tue Mar 21 15:37:32 2023:DEBUG:run: date: 2255 concentration: 0.248587 pptv
Tue Mar 21 15:37:32 2023:DEBUG:run: date: 2256 concentration: 0.217938 pptv
Tue Mar 21 15:37:32 2023:DEBUG:run: date: 2257 concentration: 0.191069 pptv
Tue Mar 21 15:37:32 2023:DEBUG:run: date: 2258 concentration: 0.167512 pptv
Tue Mar 21 15:37:32 2023:DEBUG:run: date: 2259 concentration: 0.146859 pptv
Tue Mar 21 15:37:32 2023:DEBUG:run: date: 2260 concentration: 0.128753 pptv
Tue Mar 21 15:37:32 2023:DEBUG:run: date: 2261 concentration: 0.112879 pptv
Tue Mar 21 15:37:32 2023:DEBUG:run: date: 2262 concentration: 0.0989623 pptv
Tue Mar 21 15:37:32 2023:DEBUG:run: date: 2263 concentration: 0.0867612 pptv
Tue Mar 21 15:37:32 2023:DEBUG:run: date: 2264 concentration: 0.0760644 pptv
Tue Mar 21 15:37:32 2023:DEBUG:run: date: 2265 concentration: 0.0666864 pptv
Tue Mar 21 15:37:32 2023:DEBUG:run: date: 2266 concentration: 0.0584647 pptv
Tue Mar 21 15:37:32 2023:DEBUG:run: date: 2267 concentration: 0.0512566 pptv
Tue Mar 21 15:37:32 2023:DEBUG:run: date: 2268 concentration: 0.0449372 pptv
Tue Mar 21 15:37:32 2023:DEBUG:run: date: 2269 concentration: 0.0393969 pptv
Tue Mar 21 15:37:32 2023:DEBUG:run: date: 2270 concentration: 0.0345396 pptv
Tue Mar 21 15:37:32 2023:DEBUG:run: date: 2271 concentration: 0.0302812 pptv
Tue Mar 21 15:37:32 2023:DEBUG:run: date: 2272 concentration: 0.0265479 pptv
Tue Mar 21 15:37:32 2023:DEBUG:run: date: 2273 concentration: 0.0232748 pptv
Tue Mar 21 15:37:32 2023:DEBUG:run: date: 2274 concentration: 0.0204052 pptv
Tue Mar 21 15:37:32 2023:DEBUG:run: date: 2275 concentration: 0.0178895 pptv
Tue Mar 21 15:37:32 2023:DEBUG:run: date: 2276 concentration: 0.0156839 pptv
Tue Mar 21 15:37:32 2023:DEBUG:run: date: 2277 concentration: 0.0137502 pptv
Tue Mar 21 15:37:32 2023:DEBUG:run: date: 2278 concentration: 0.012055 pptv
Tue Mar 21 15:37:32 2023:DEBUG:run: date: 2279 concentration: 0.0105687 pptv
Tue Mar 21 15:37:32 2023:DEBUG:run: date: 2280 concentration: 0.00926568 pptv
Tue Mar 21 15:37:32 2023:DEBUG:run: date: 2281 concentration: 0.00812332 pptv
Tue Mar 21 15:37:32 2023:DEBUG:run: date: 2282 concentration: 0.00712179 pptv
Tue Mar 21 15:37:32 2023:DEBUG:run: date: 2283 concentration: 0.00624375 pptv
Tue Mar 21 15:37:32 2023:DEBUG:run: date: 2284 concentration: 0.00547396 pptv
Tue Mar 21 15:37:32 2023:DEBUG:run: date: 2285 concentration: 0.00479907 pptv
Tue Mar 21 15:37:32 2023:DEBUG:run: date: 2286 concentration: 0.0042074 pptv
Tue Mar 21 15:37:32 2023:DEBUG:run: date: 2287 concentration: 0.00368867 pptv
Tue Mar 21 15:37:32 2023:DEBUG:run: date: 2288 concentration: 0.00323389 pptv
Tue Mar 21 15:37:32 2023:DEBUG:run: date: 2289 concentration: 0.00283518 pptv
Tue Mar 21 15:37:32 2023:DEBUG:run: date: 2290 concentration: 0.00248563 pptv
Tue Mar 21 15:37:32 2023:DEBUG:run: date: 2291 concentration: 0.00217918 pptv
Tue Mar 21 15:37:32 2023:DEBUG:run: date: 2292 concentration: 0.00191051 pptv
Tue Mar 21 15:37:32 2023:DEBUG:run: date: 2293 concentration: 0.00167496 pptv
Tue Mar 21 15:37:32 2023:DEBUG:run: date: 2294 concentration: 0.00146846 pptv
Tue Mar 21 15:37:32 2023:DEBUG:run: date: 2295 concentration: 0.00128741 pptv
Tue Mar 21 15:37:32 2023:DEBUG:run: date: 2296 concentration: 0.00112869 pptv
Tue Mar 21 15:37:32 2023:DEBUG:run: date: 2297 concentration: 0.000989531 pptv
Tue Mar 21 15:37:32 2023:DEBUG:run: date: 2298 concentration: 0.000867531 pptv
Tue Mar 21 15:37:32 2023:DEBUG:run: date: 2299 concentration: 0.000760574 pptv
Tue Mar 21 15:37:32 2023:DEBUG:run: date: 2300 concentration: 0.000666802 pptv
