Tue Mar 21 15:37:28 2023:NOTICE:printLogHeader: hector version 2.5.0
Tue Mar 21 15:37:28 2023:DEBUG:setData: Setting tau[-1]=4.9
Tue Mar 21 15:37:28 2023:DEBUG:setData: Setting rho[-1]=0.00011
Tue Mar 21 15:37:28 2023:DEBUG:setData: Setting HFC32_emissions[1765]=0.0000303
Tue Mar 21 15:37:28 2023:DEBUG:setData: Setting HFC32_emissions[1766]=0.0000344
Tue Mar 21 15:37:28 2023:DEBUG:setData: Setting HFC32_emissions[1767]=0.0000384
Tue Mar 21 15:37:28 2023:DEBUG:setData: Setting HFC32_emissions[1768]=0.0000425
Tue Mar 21 15:37:28 2023:DEBUG:setData: Setting HFC32_emissions[1769]=0.0000465
Tue Mar 21 15:37:28 2023:DEBUG:setData: Setting HFC32_emissions[1770]=0.0000506
Tue Mar 21 15:37:28 2023:DEBUG:setData: Setting HFC32_emissions[1771]=0.0000547
Tue Mar 21 15:37:28 2023:DEBUG:setData: Setting HFC32_emissions[1772]=0.0000587
Tue Mar 21 15:37:28 2023:DEBUG:setData: Setting HFC32_emissions[1773]=0.0000628
Tue Mar 21 15:37:28 2023:DEBUG:setData: Setting HFC32_emissions[1774]=0.0000668
Tue Mar 21 15:37:28 2023:DEBUG:setData: Setting HFC32_emissions[1775]=0.0000709
Tue Mar 21 15:37:28 2023:DEBUG:setData: Setting HFC32_emissions[1776]=0.0000749
Tue Mar 21 15:37:28 2023:DEBUG:setData: Setting HFC32_emissions[1777]=0.000079
Tue Mar 21 15:37:28 2023:DEBUG:setData: Setting HFC32_emissions[1778]=0.000083
Tue Mar 21 15:37:28 2023:DEBUG:setData: Setting HFC32_emissions[1779]=0.0000871
Tue Mar 21 15:37:28 2023:DEBUG:setData: Setting HFC32_emissions[1780]=0.000091
Tue Mar 21 15:37:28 2023:DEBUG:setData: Setting HFC32_emissions[1781]=0.0000952
Tue Mar 21 15:37:28 2023:DEBUG:setData: Setting HFC32_emissions[1782]=0.0000992
Tue Mar 21 15:37:28 2023:DEBUG:setData: Setting HFC32_emissions[1783]=0.000103
Tue Mar 21 15:37:28 2023:DEBUG:setData: Setting HFC32_emissions[1784]=0.000107
Tue Mar 21 15:37:28 2023:DEBUG:setData: Setting HFC32_emissions[1785]=0.000111
Tue Mar 21 15:37:28 2023:DEBUG:setData: Setting HFC32_emissions[1786]=0.000115
Tue Mar 21 15:37:28 2023:DEBUG:setData: Setting HFC32_emissions[1787]=0.000119
Tue Mar 21 15:37:28 2023:DEBUG:setData: Setting HFC32_emissions[1788]=0.000123
Tue Mar 21 15:37:28 2023:DEBUG:setData: Setting HFC32_emissions[1789]=0.000128
Tue Mar 21 15:37:28 2023:DEBUG:setData: Setting HFC32_emissions[1790]=0.000132
Tue Mar 21 15:37:28 2023:DEBUG:setData: Setting HFC32_emissions[1791]=0.000136
Tue Mar 21 15:37:28 2023:DEBUG:setData: Setting HFC32_emissions[1792]=0.00014
Tue Mar 21 15:37:28 2023:DEBUG:setData: Setting HFC32_emissions[1793]=0.000144
Tue Mar 21 15:37:28 2023:DEBUG:setData: Setting HFC32_emissions[1794]=0.000148
Tue Mar 21 15:37:28 2023:DEBUG:setData: Setting HFC32_emissions[1795]=0.000152
Tue Mar 21 15:37:28 2023:DEBUG:setData: Setting HFC32_emissions[1796]=0.000156
Tue Mar 21 15:37:28 2023:DEBUG:setData: Setting HFC32_emissions[1797]=0.00016
Tue Mar 21 15:37:28 2023:DEBUG:setData: Setting HFC32_emissions[1798]=0.000164
Tue Mar 21 15:37:28 2023:DEBUG:setData: Setting HFC32_emissions[1799]=0.000168
Tue Mar 21 15:37:28 2023:DEBUG:setData: Setting HFC32_emissions[1800]=0.000172
Tue Mar 21 15:37:28 2023:DEBUG:setData: Setting HFC32_emissions[1801]=0.000176
Tue Mar 21 15:37:28 2023:DEBUG:setData: Setting HFC32_emissions[1802]=0.00018
Tue Mar 21 15:37:28 2023:DEBUG:setData: Setting HFC32_emissions[1803]=0.000184
Tue Mar 21 15:37:28 2023:DEBUG:setData: Setting HFC32_emissions[1804]=0.000188
Tue Mar 21 15:37:28 2023:DEBUG:setData: Setting HFC32_emissions[1805]=0.000192
Tue Mar 21 15:37:28 2023:DEBUG:setData: Setting HFC32_emissions[1806]=0.000196
Tue Mar 21 15:37:28 2023:DEBUG:setData: Setting HFC32_emissions[1807]=0.0002
Tue Mar 21 15:37:28 2023:DEBUG:setData: Setting HFC32_emissions[1808]=0.000204
Tue Mar 21 15:37:28 2023:DEBUG:setData: Setting HFC32_emissions[1809]=0.000208
Tue Mar 21 15:37:28 2023:DEBUG:setData: Setting HFC32_emissions[1810]=0.000212
Tue Mar 21 15:37:28 2023:DEBUG:setData: Setting HFC32_emissions[1811]=0.000217
Tue Mar 21 15:37:28 2023:DEBUG:setData: Setting HFC32_emissions[1812]=0.000221
Tue Mar 21 15:37:28 2023:DEBUG:setData: Setting HFC32_emissions[1813]=0.000225
Tue Mar 21 15:37:28 2023:DEBUG:setData: Setting HFC32_emissions[1814]=0.000229
Tue Mar 21 15:37:28 2023:DEBUG:setData: Setting HFC32_emissions[1815]=0.000233
Tue Mar 21 15:37:28 2023:DEBUG:setData: Setting HFC32_emissions[1816]=0.000237
Tue Mar 21 15:37:28 2023:DEBUG:setData: Setting HFC32_emissions[1817]=0.000241
Tue Mar 21 15:37:28 2023:DEBUG:setData: Setting HFC32_emissions[1818]=0.000245
Tue Mar 21 15:37:28 2023:DEBUG:setData: Setting HFC32_emissions[1819]=0.000249
Tue Mar 21 15:37:28 2023:DEBUG:setData: Setting HFC32_emissions[1820]=0.000253
Tue Mar 21 15:37:28 2023:DEBUG:setData: Setting HFC32_emissions[1821]=0.000257
Tue Mar 21 15:37:28 2023:DEBUG:setData: Setting HFC32_emissions[1822]=0.000261
Tue Mar 21 15:37:28 2023:DEBUG:setData: Setting HFC32_emissions[1823]=0.000265
Tue Mar 21 15:37:28 2023:DEBUG:setData: Setting HFC32_emissions[1824]=0.000269
Tue Mar 21 15:37:28 2023:DEBUG:setData: Setting HFC32_emissions[1825]=0.000273
Tue Mar 21 15:37:28 2023:DEBUG:setData: Setting HFC32_emissions[1826]=0.000277
Tue Mar 21 15:37:28 2023:DEBUG:setData: Setting HFC32_emissions[1827]=0.000281
Tue Mar 21 15:37:28 2023:DEBUG:setData: Setting HFC32_emissions[1828]=0.000285
Tue Mar 21 15:37:28 2023:DEBUG:setData: Setting HFC32_emissions[1829]=0.000289
Tue Mar 21 15:37:28 2023:DEBUG:setData: Setting HFC32_emissions[1830]=0.000293
Tue Mar 21 15:37:28 2023:DEBUG:setData: Setting HFC32_emissions[1831]=0.000297
Tue Mar 21 15:37:28 2023:DEBUG:setData: Setting HFC32_emissions[1832]=0.000301
Tue Mar 21 15:37:28 2023:DEBUG:setData: Setting HFC32_emissions[1833]=0.000305
Tue Mar 21 15:37:28 2023:DEBUG:setData: Setting HFC32_emissions[1834]=0.000309
Tue Mar 21 15:37:28 2023:DEBUG:setData: Setting HFC32_emissions[1835]=0.000313
Tue Mar 21 15:37:28 2023:DEBUG:setData: Setting HFC32_emissions[1836]=0.000317
Tue Mar 21 15:37:28 2023:DEBUG:setData: Setting HFC32_emissions[1837]=0.000321
Tue Mar 21 15:37:28 2023:DEBUG:setData: Setting HFC32_emissions[1838]=0.000325
Tue Mar 21 15:37:28 2023:DEBUG:setData: Setting HFC32_emissions[1839]=0.000329
Tue Mar 21 15:37:28 2023:DEBUG:setData: Setting HFC32_emissions[1840]=0.000333
Tue Mar 21 15:37:28 2023:DEBUG:setData: Setting HFC32_emissions[1841]=0.000337
Tue Mar 21 15:37:28 2023:DEBUG:setData: Setting HFC32_emissions[1842]=0.000341
Tue Mar 21 15:37:28 2023:DEBUG:setData: Setting HFC32_emissions[1843]=0.000345
Tue Mar 21 15:37:28 2023:DEBUG:setData: Setting HFC32_emissions[1844]=0.000349
Tue Mar 21 15:37:28 2023:DEBUG:setData: Setting HFC32_emissions[1845]=0.000353
Tue Mar 21 15:37:28 2023:DEBUG:setData: Setting HFC32_emissions[1846]=0.000357
Tue Mar 21 15:37:28 2023:DEBUG:setData: Setting HFC32_emissions[1847]=0.000361
Tue Mar 21 15:37:28 2023:DEBUG:setData: Setting HFC32_emissions[1848]=0.000365
Tue Mar 21 15:37:28 2023:DEBUG:setData: Setting HFC32_emissions[1849]=0.000369
Tue Mar 21 15:37:28 2023:DEBUG:setData: Setting HFC32_emissions[1850]=0.000374
Tue Mar 21 15:37:28 2023:DEBUG:setData: Setting HFC32_emissions[1851]=0.000378
Tue Mar 21 15:37:28 2023:DEBUG:setData: Setting HFC32_emissions[1852]=0.000383
Tue Mar 21 15:37:28 2023:DEBUG:setData: Setting HFC32_emissions[1853]=0.000387
Tue Mar 21 15:37:28 2023:DEBUG:setData: Setting HFC32_emissions[1854]=0.00039
Tue Mar 21 15:37:28 2023:DEBUG:setData: Setting HFC32_emissions[1855]=0.000395
Tue Mar 21 15:37:28 2023:DEBUG:setData: Setting HFC32_emissions[1856]=0.000398
Tue Mar 21 15:37:28 2023:DEBUG:setData: Setting HFC32_emissions[1857]=0.000403
Tue Mar 21 15:37:28 2023:DEBUG:setData: Setting HFC32_emissions[1858]=0.000407
Tue Mar 21 15:37:28 2023:DEBUG:setData: Setting HFC32_emissions[1859]=0.00041
Tue Mar 21 15:37:28 2023:DEBUG:setData: Setting HFC32_emissions[1860]=0.000414
Tue Mar 21 15:37:28 2023:DEBUG:setData: Setting HFC32_emissions[1861]=0.000419
Tue Mar 21 15:37:28 2023:DEBUG:setData: Setting HFC32_emissions[1862]=0.000423
Tue Mar 21 15:37:28 2023:DEBUG:setData: Setting HFC32_emissions[1863]=0.000427
Tue Mar 21 15:37:28 2023:DEBUG:setData: Setting HFC32_emissions[1864]=0.000431
Tue Mar 21 15:37:28 2023:DEBUG:setData: Setting HFC32_emissions[1865]=0.000435
Tue Mar 21 15:37:28 2023:DEBUG:setData: Setting HFC32_emissions[1866]=0.000439
Tue Mar 21 15:37:28 2023:DEBUG:setData: Setting HFC32_emissions[1867]=0.000443
Tue Mar 21 15:37:28 2023:DEBUG:setData: Setting HFC32_emissions[1868]=0.000447
Tue Mar 21 15:37:28 2023:DEBUG:setData: Setting HFC32_emissions[1869]=0.000451
Tue Mar 21 15:37:28 2023:DEBUG:setData: Setting HFC32_emissions[1870]=0.000455
Tue Mar 21 15:37:28 2023:DEBUG:setData: Setting HFC32_emissions[1871]=0.000459
Tue Mar 21 15:37:28 2023:DEBUG:setData: Setting HFC32_emissions[1872]=0.000463
Tue Mar 21 15:37:28 2023:DEBUG:setData: Setting HFC32_emissions[1873]=0.000467
Tue Mar 21 15:37:28 2023:DEBUG:setData: Setting HFC32_emissions[1874]=0.000471
Tue Mar 21 15:37:28 2023:DEBUG:setData: Setting HFC32_emissions[1875]=0.000475
Tue Mar 21 15:37:28 2023:DEBUG:setData: Setting HFC32_emissions[1876]=0.000479
Tue Mar 21 15:37:28 2023:DEBUG:setData: Setting HFC32_emissions[1877]=0.000483
Tue Mar 21 15:37:28 2023:DEBUG:setData: Setting HFC32_emissions[1878]=0.000487
Tue Mar 21 15:37:28 2023:DEBUG:setData: Setting HFC32_emissions[1879]=0.000491
Tue Mar 21 15:37:28 2023:DEBUG:setData: Setting HFC32_emissions[1880]=0.000495
Tue Mar 21 15:37:28 2023:DEBUG:setData: Setting HFC32_emissions[1881]=0.000499
Tue Mar 21 15:37:28 2023:DEBUG:setData: Setting HFC32_emissions[1882]=0.000504
Tue Mar 21 15:37:28 2023:DEBUG:setData: Setting HFC32_emissions[1883]=0.000508
Tue Mar 21 15:37:28 2023:DEBUG:setData: Setting HFC32_emissions[1884]=0.000512
Tue Mar 21 15:37:28 2023:DEBUG:setData: Setting HFC32_emissions[1885]=0.000516
Tue Mar 21 15:37:28 2023:DEBUG:setData: Setting HFC32_emissions[1886]=0.00052
Tue Mar 21 15:37:28 2023:DEBUG:setData: Setting HFC32_emissions[1887]=0.000524
Tue Mar 21 15:37:28 2023:DEBUG:setData: Setting HFC32_emissions[1888]=0.000528
Tue Mar 21 15:37:28 2023:DEBUG:setData: Setting HFC32_emissions[1889]=0.000532
Tue Mar 21 15:37:28 2023:DEBUG:setData: Setting HFC32_emissions[1890]=0.000536
Tue Mar 21 15:37:28 2023:DEBUG:setData: Setting HFC32_emissions[1891]=0.00054
Tue Mar 21 15:37:28 2023:DEBUG:setData: Setting HFC32_emissions[1892]=0.000545
Tue Mar 21 15:37:28 2023:DEBUG:setData: Setting HFC32_emissions[1893]=0.000549
Tue Mar 21 15:37:28 2023:DEBUG:setData: Setting HFC32_emissions[1894]=0.000552
Tue Mar 21 15:37:28 2023:DEBUG:setData: Setting HFC32_emissions[1895]=0.000557
Tue Mar 21 15:37:28 2023:DEBUG:setData: Setting HFC32_emissions[1896]=0.000561
Tue Mar 21 15:37:28 2023:DEBUG:setData: Setting HFC32_emissions[1897]=0.000565
Tue Mar 21 15:37:28 2023:DEBUG:setData: Setting HFC32_emissions[1898]=0.000569
Tue Mar 21 15:37:28 2023:DEBUG:setData: Setting HFC32_emissions[1899]=0.000573
Tue Mar 21 15:37:28 2023:DEBUG:setData: Setting HFC32_emissions[1900]=0.000577
Tue Mar 21 15:37:28 2023:DEBUG:setData: Setting HFC32_emissions[1901]=0.000582
Tue Mar 21 15:37:28 2023:DEBUG:setData: Setting HFC32_emissions[1902]=0.000586
Tue Mar 21 15:37:28 2023:DEBUG:setData: Setting HFC32_emissions[1903]=0.00059
Tue Mar 21 15:37:28 2023:DEBUG:setData: Setting HFC32_emissions[1904]=0.000594
Tue Mar 21 15:37:28 2023:DEBUG:setData: Setting HFC32_emissions[1905]=0.000599
Tue Mar 21 15:37:28 2023:DEBUG:setData: Setting HFC32_emissions[1906]=0.000603
Tue Mar 21 15:37:28 2023:DEBUG:setData: Setting HFC32_emissions[1907]=0.000607
Tue Mar 21 15:37:28 2023:DEBUG:setData: Setting HFC32_emissions[1908]=0.000611
Tue Mar 21 15:37:28 2023:DEBUG:setData: Setting HFC32_emissions[1909]=0.000616
Tue Mar 21 15:37:28 2023:DEBUG:setData: Setting HFC32_emissions[1910]=0.00062
Tue Mar 21 15:37:28 2023:DEBUG:setData: Setting HFC32_emissions[1911]=0.000624
Tue Mar 21 15:37:28 2023:DEBUG:setData: Setting HFC32_emissions[1912]=0.000629
Tue Mar 21 15:37:28 2023:DEBUG:setData: Setting HFC32_emissions[1913]=0.000633
Tue Mar 21 15:37:28 2023:DEBUG:setData: Setting HFC32_emissions[1914]=0.000636
Tue Mar 21 15:37:28 2023:DEBUG:setData: Setting HFC32_emissions[1915]=0.000641
Tue Mar 21 15:37:28 2023:DEBUG:setData: Setting HFC32_emissions[1916]=0.000646
Tue Mar 21 15:37:28 2023:DEBUG:setData: Setting HFC32_emissions[1917]=0.000651
Tue Mar 21 15:37:28 2023:DEBUG:setData: Setting HFC32_emissions[1918]=0.000655
Tue Mar 21 15:37:28 2023:DEBUG:setData: Setting HFC32_emissions[1919]=0.000659
Tue Mar 21 15:37:28 2023:DEBUG:setData: Setting HFC32_emissions[1920]=0.000664
Tue Mar 21 15:37:28 2023:DEBUG:setData: Setting HFC32_emissions[1921]=0.000668
Tue Mar 21 15:37:28 2023:DEBUG:setData: Setting HFC32_emissions[1922]=0.000673
Tue Mar 21 15:37:28 2023:DEBUG:setData: Setting HFC32_emissions[1923]=0.000678
Tue Mar 21 15:37:28 2023:DEBUG:setData: Setting HFC32_emissions[1924]=0.000682
Tue Mar 21 15:37:28 2023:DEBUG:setData: Setting HFC32_emissions[1925]=0.000687
Tue Mar 21 15:37:28 2023:DEBUG:setData: Setting HFC32_emissions[1926]=0.000692
Tue Mar 21 15:37:28 2023:DEBUG:setData: Setting HFC32_emissions[1927]=0.000696
Tue Mar 21 15:37:28 2023:DEBUG:setData: Setting HFC32_emissions[1928]=0.000699
Tue Mar 21 15:37:28 2023:DEBUG:setData: Setting HFC32_emissions[1929]=0.000702
Tue Mar 21 15:37:28 2023:DEBUG:setData: Setting HFC32_emissions[1930]=0.000703
Tue Mar 21 15:37:28 2023:DEBUG:setData: Setting HFC32_emissions[1931]=0.000706
Tue Mar 21 15:37:28 2023:DEBUG:setData: Setting HFC32_emissions[1932]=0.000708
Tue Mar 21 15:37:28 2023:DEBUG:setData: Setting HFC32_emissions[1933]=0.000711
Tue Mar 21 15:37:28 2023:DEBUG:setData: Setting HFC32_emissions[1934]=0.000715
Tue Mar 21 15:37:28 2023:DEBUG:setData: Setting HFC32_emissions[1935]=0.000719
Tue Mar 21 15:37:28 2023:DEBUG:setData: Setting HFC32_emissions[1936]=0.000724
Tue Mar 21 15:37:28 2023:DEBUG:setData: Setting HFC32_emissions[1937]=0.000728
Tue Mar 21 15:37:28 2023:DEBUG:setData: Setting HFC32_emissions[1938]=0.000731
Tue Mar 21 15:37:28 2023:DEBUG:setData: Setting HFC32_emissions[1939]=0.000735
Tue Mar 21 15:37:28 2023:DEBUG:setData: Setting HFC32_emissions[1940]=0.000741
Tue Mar 21 15:37:28 2023:DEBUG:setData: Setting HFC32_emissions[1941]=0.000745
Tue Mar 21 15:37:28 2023:DEBUG:setData: Setting HFC32_emissions[1942]=0.000748
Tue Mar 21 15:37:28 2023:DEBUG:setData: Setting HFC32_emissions[1943]=0.000752
Tue Mar 21 15:37:28 2023:DEBUG:setData: Setting HFC32_emissions[1944]=0.000756
Tue Mar 21 15:37:28 2023:DEBUG:setData: Setting HFC32_emissions[1945]=0.00076
Tue Mar 21 15:37:28 2023:DEBUG:setData: Setting HFC32_emissions[1946]=0.000764
Tue Mar 21 15:37:28 2023:DEBUG:setData: Setting HFC32_emissions[1947]=0.000769
Tue Mar 21 15:37:28 2023:DEBUG:setData: Setting HFC32_emissions[1948]=0.000773
Tue Mar 21 15:37:28 2023:DEBUG:setData: Setting HFC32_emissions[1949]=0.000775
Tue Mar 21 15:37:28 2023:DEBUG:setData: Setting HFC32_emissions[1950]=0.000781
Tue Mar 21 15:37:28 2023:DEBUG:setData: Setting HFC32_emissions[1951]=0.000785
Tue Mar 21 15:37:28 2023:DEBUG:setData: Setting HFC32_emissions[1952]=0.000787
Tue Mar 21 15:37:28 2023:DEBUG:setData: Setting HFC32_emissions[1953]=0.00079
Tue Mar 21 15:37:28 2023:DEBUG:setData: Setting HFC32_emissions[1954]=0.000791
Tue Mar 21 15:37:28 2023:DEBUG:setData: Setting HFC32_emissions[1955]=0.000796
Tue Mar 21 15:37:28 2023:DEBUG:setData: Setting HFC32_emissions[1956]=0.0008
Tue Mar 21 15:37:28 2023:DEBUG:setData: Setting HFC32_emissions[1957]=0.000803
Tue Mar 21 15:37:28 2023:DEBUG:setData: Setting HFC32_emissions[1958]=0.000808
Tue Mar 21 15:37:28 2023:DEBUG:setData: Setting HFC32_emissions[1959]=0.000812
Tue Mar 21 15:37:28 2023:DEBUG:setData: Setting HFC32_emissions[1960]=0.000817
Tue Mar 21 15:37:28 2023:DEBUG:setData: Setting HFC32_emissions[1961]=0.000817
Tue Mar 21 15:37:28 2023:DEBUG:setData: Setting HFC32_emissions[1962]=0.000821
Tue Mar 21 15:37:28 2023:DEBUG:setData: Setting HFC32_emissions[1963]=0.000819
Tue Mar 21 15:37:28 2023:DEBUG:setData: Setting HFC32_emissions[1964]=0.000824
Tue Mar 21 15:37:28 2023:DEBUG:setData: Setting HFC32_emissions[1965]=0.000827
Tue Mar 21 15:37:28 2023:DEBUG:setData: Setting HFC32_emissions[1966]=0.000832
Tue Mar 21 15:37:28 2023:DEBUG:setData: Setting HFC32_emissions[1967]=0.000837
Tue Mar 21 15:37:28 2023:DEBUG:setData: Setting HFC32_emissions[1968]=0.000846
Tue Mar 21 15:37:28 2023:DEBUG:setData: Setting HFC32_emissions[1969]=0.000845
Tue Mar 21 15:37:28 2023:DEBUG:setData: Setting HFC32_emissions[1970]=0.000852
Tue Mar 21 15:37:28 2023:DEBUG:setData: Setting HFC32_emissions[1971]=0.000859
Tue Mar 21 15:37:28 2023:DEBUG:setData: Setting HFC32_emissions[1972]=0.000864
Tue Mar 21 15:37:28 2023:DEBUG:setData: Setting HFC32_emissions[1973]=0.000877
Tue Mar 21 15:37:28 2023:DEBUG:setData: Setting HFC32_emissions[1974]=0.000878
Tue Mar 21 15:37:28 2023:DEBUG:setData: Setting HFC32_emissions[1975]=0.000878
Tue Mar 21 15:37:28 2023:DEBUG:setData: Setting HFC32_emissions[1976]=0.00088
Tue Mar 21 15:37:28 2023:DEBUG:setData: Setting HFC32_emissions[1977]=0.000887
Tue Mar 21 15:37:28 2023:DEBUG:setData: Setting HFC32_emissions[1978]=0.000895
Tue Mar 21 15:37:28 2023:DEBUG:setData: Setting HFC32_emissions[1979]=0.0009
Tue Mar 21 15:37:28 2023:DEBUG:setData: Setting HFC32_emissions[1980]=0.000902
Tue Mar 21 15:37:28 2023:DEBUG:setData: Setting HFC32_emissions[1981]=0.000903
Tue Mar 21 15:37:28 2023:DEBUG:setData: Setting HFC32_emissions[1982]=0.000894
Tue Mar 21 15:37:28 2023:DEBUG:setData: Setting HFC32_emissions[1983]=0.000887
Tue Mar 21 15:37:28 2023:DEBUG:setData: Setting HFC32_emissions[1984]=0.000893
Tue Mar 21 15:37:28 2023:DEBUG:setData: Setting HFC32_emissions[1985]=0.000902
Tue Mar 21 15:37:28 2023:DEBUG:setData: Setting HFC32_emissions[1986]=0.000908
Tue Mar 21 15:37:28 2023:DEBUG:setData: Setting HFC32_emissions[1987]=0.000914
Tue Mar 21 15:37:28 2023:DEBUG:setData: Setting HFC32_emissions[1988]=0.000928
Tue Mar 21 15:37:28 2023:DEBUG:setData: Setting HFC32_emissions[1989]=0.00607
Tue Mar 21 15:37:28 2023:DEBUG:setData: Setting HFC32_emissions[1990]=0.027
Tue Mar 21 15:37:28 2023:DEBUG:setData: Setting HFC32_emissions[1991]=0.0581
Tue Mar 21 15:37:28 2023:DEBUG:setData: Setting HFC32_emissions[1992]=0.0888
Tue Mar 21 15:37:28 2023:DEBUG:setData: Setting HFC32_emissions[1993]=0.119
Tue Mar 21 15:37:28 2023:DEBUG:setData: Setting HFC32_emissions[1994]=0.148
Tue Mar 21 15:37:28 2023:DEBUG:setData: Setting HFC32_emissions[1995]=0.178
Tue Mar 21 15:37:28 2023:DEBUG:setData: Setting HFC32_emissions[1996]=0.205
Tue Mar 21 15:37:28 2023:DEBUG:setData: Setting HFC32_emissions[1997]=0.258
Tue Mar 21 15:37:28 2023:DEBUG:setData: Setting HFC32_emissions[1998]=0.605
Tue Mar 21 15:37:28 2023:DEBUG:setData: Setting HFC32_emissions[1999]=1.07
Tue Mar 21 15:37:28 2023:DEBUG:setData: Setting HFC32_emissions[2000]=1.41
Tue Mar 21 15:37:28 2023:DEBUG:setData: Setting HFC32_emissions[2001]=1.65
Tue Mar 21 15:37:28 2023:DEBUG:setData: Setting HFC32_emissions[2002]=2.8
Tue Mar 21 15:37:28 2023:DEBUG:setData: Setting HFC32_emissions[2003]=4.79
Tue Mar 21 15:37:28 2023:DEBUG:setData: Setting HFC32_emissions[2004]=5.49
Tue Mar 21 15:37:28 2023:DEBUG:setData: Setting HFC32_emissions[2005]=6.36
Tue Mar 21 15:37:28 2023:DEBUG:setData: Setting HFC32_emissions[2006]=8.39
Tue Mar 21 15:37:28 2023:DEBUG:setData: Setting HFC32_emissions[2007]=8.4
Tue Mar 21 15:37:28 2023:DEBUG:setData: Setting HFC32_emissions[2008]=10.7
Tue Mar 21 15:37:28 2023:DEBUG:setData: Setting HFC32_emissions[2009]=16.2
Tue Mar 21 15:37:28 2023:DEBUG:setData: Setting HFC32_emissions[2010]=15.9
Tue Mar 21 15:37:28 2023:DEBUG:setData: Setting HFC32_emissions[2011]=20.4
Tue Mar 21 15:37:28 2023:DEBUG:setData: Setting HFC32_emissions[2012]=24.1
Tue Mar 21 15:37:28 2023:DEBUG:setData: Setting HFC32_emissions[2013]=21.5
Tue Mar 21 15:37:28 2023:DEBUG:setData: Setting HFC32_emissions[2014]=30.5
Tue Mar 21 15:37:28 2023:DEBUG:setData: Setting HFC32_emissions[2015]=38.6
Tue Mar 21 15:37:28 2023:DEBUG:setData: Setting HFC32_emissions[2016]=32.3
Tue Mar 21 15:37:28 2023:DEBUG:setData: Setting HFC32_emissions[2017]=26
Tue Mar 21 15:37:28 2023:DEBUG:setData: Setting HFC32_emissions[2018]=19.7
Tue Mar 21 15:37:28 2023:DEBUG:setData: Setting HFC32_emissions[2019]=13.5
Tue Mar 21 15:37:28 2023:DEBUG:setData: Setting HFC32_emissions[2020]=7.18
Tue Mar 21 15:37:28 2023:DEBUG:setData: Setting HFC32_emissions[2021]=6.61
Tue Mar 21 15:37:28 2023:DEBUG:setData: Setting HFC32_emissions[2022]=6.04
Tue Mar 21 15:37:28 2023:DEBUG:setData: Setting HFC32_emissions[2023]=5.47
Tue Mar 21 15:37:28 2023:DEBUG:setData: Setting HFC32_emissions[2024]=4.91
Tue Mar 21 15:37:28 2023:DEBUG:setData: Setting HFC32_emissions[2025]=4.34
Tue Mar 21 15:37:28 2023:DEBUG:setData: Setting HFC32_emissions[2026]=3.77
Tue Mar 21 15:37:28 2023:DEBUG:setData: Setting HFC32_emissions[2027]=3.2
Tue Mar 21 15:37:28 2023:DEBUG:setData: Setting HFC32_emissions[2028]=2.64
Tue Mar 21 15:37:28 2023:DEBUG:setData: Setting HFC32_emissions[2029]=2.07
Tue Mar 21 15:37:28 2023:DEBUG:setData: Setting HFC32_emissions[2030]=1.5
Tue Mar 21 15:37:28 2023:DEBUG:setData: Setting HFC32_emissions[2031]=1.43
Tue Mar 21 15:37:28 2023:DEBUG:setData: Setting HFC32_emissions[2032]=1.35
Tue Mar 21 15:37:28 2023:DEBUG:setData: Setting HFC32_emissions[2033]=1.27
Tue Mar 21 15:37:28 2023:DEBUG:setData: Setting HFC32_emissions[2034]=1.19
Tue Mar 21 15:37:28 2023:DEBUG:setData: Setting HFC32_emissions[2035]=1.11
Tue Mar 21 15:37:28 2023:DEBUG:setData: Setting HFC32_emissions[2036]=1.04
Tue Mar 21 15:37:28 2023:DEBUG:setData: Setting HFC32_emissions[2037]=0.959
Tue Mar 21 15:37:28 2023:DEBUG:setData: Setting HFC32_emissions[2038]=0.881
Tue Mar 21 15:37:28 2023:DEBUG:setData: Setting HFC32_emissions[2039]=0.804
Tue Mar 21 15:37:28 2023:DEBUG:setData: Setting HFC32_emissions[2040]=0.726
Tue Mar 21 15:37:28 2023:DEBUG:setData: Setting HFC32_emissions[2041]=0.682
Tue Mar 21 15:37:28 2023:DEBUG:setData: Setting HFC32_emissions[2042]=0.638
Tue Mar 21 15:37:28 2023:DEBUG:setData: Setting HFC32_emissions[2043]=0.595
Tue Mar 21 15:37:28 2023:DEBUG:setData: Setting HFC32_emissions[2044]=0.551
Tue Mar 21 15:37:28 2023:DEBUG:setData: Setting HFC32_emissions[2045]=0.507
Tue Mar 21 15:37:28 2023:DEBUG:setData: Setting HFC32_emissions[2046]=0.463
Tue Mar 21 15:37:28 2023:DEBUG:setData: Setting HFC32_emissions[2047]=0.42
Tue Mar 21 15:37:28 2023:DEBUG:setData: Setting HFC32_emissions[2048]=0.376
Tue Mar 21 15:37:28 2023:DEBUG:setData: Setting HFC32_emissions[2049]=0.332
Tue Mar 21 15:37:28 2023:DEBUG:setData: Setting HFC32_emissions[2050]=0.288
Tue Mar 21 15:37:28 2023:DEBUG:setData: Setting HFC32_emissions[2051]=0.275
Tue Mar 21 15:37:28 2023:DEBUG:setData: Setting HFC32_emissions[2052]=0.261
Tue Mar 21 15:37:28 2023:DEBUG:setData: Setting HFC32_emissions[2053]=0.248
Tue Mar 21 15:37:28 2023:DEBUG:setData: Setting HFC32_emissions[2054]=0.234
Tue Mar 21 15:37:28 2023:DEBUG:setData: Setting HFC32_emissions[2055]=0.221
Tue Mar 21 15:37:28 2023:DEBUG:setData: Setting HFC32_emissions[2056]=0.207
Tue Mar 21 15:37:28 2023:DEBUG:setData: Setting HFC32_emissions[2057]=0.194
Tue Mar 21 15:37:28 2023:DEBUG:setData: Setting HFC32_emissions[2058]=0.18
Tue Mar 21 15:37:28 2023:DEBUG:setData: Setting HFC32_emissions[2059]=0.167
Tue Mar 21 15:37:28 2023:DEBUG:setData: Setting HFC32_emissions[2060]=0.153
Tue Mar 21 15:37:28 2023:DEBUG:setData: Setting HFC32_emissions[2061]=0.146
Tue Mar 21 15:37:28 2023:DEBUG:setData: Setting HFC32_emissions[2062]=0.138
Tue Mar 21 15:37:28 2023:DEBUG:setData: Setting HFC32_emissions[2063]=0.13
Tue Mar 21 15:37:28 2023:DEBUG:setData: Setting HFC32_emissions[2064]=0.123
Tue Mar 21 15:37:28 2023:DEBUG:setData: Setting HFC32_emissions[2065]=0.115
Tue Mar 21 15:37:28 2023:DEBUG:setData: Setting HFC32_emissions[2066]=0.108
Tue Mar 21 15:37:28 2023:DEBUG:setData: Setting HFC32_emissions[2067]=0.1
Tue Mar 21 15:37:28 2023:DEBUG:setData: Setting HFC32_emissions[2068]=0.0926
Tue Mar 21 15:37:28 2023:DEBUG:setData: Setting HFC32_emissions[2069]=0.0851
Tue Mar 21 15:37:28 2023:DEBUG:setData: Setting HFC32_emissions[2070]=0.0775
Tue Mar 21 15:37:28 2023:DEBUG:setData: Setting HFC32_emissions[2071]=0.0736
Tue Mar 21 15:37:28 2023:DEBUG:setData: Setting HFC32_emissions[2072]=0.0696
Tue Mar 21 15:37:28 2023:DEBUG:setData: Setting HFC32_emissions[2073]=0.0657
Tue Mar 21 15:37:28 2023:DEBUG:setData: Setting HFC32_emissions[2074]=0.0617
Tue Mar 21 15:37:28 2023:DEBUG:setData: Setting HFC32_emissions[2075]=0.0578
Tue Mar 21 15:37:28 2023:DEBUG:setData: Setting HFC32_emissions[2076]=0.0539
Tue Mar 21 15:37:28 2023:DEBUG:setData: Setting HFC32_emissions[2077]=0.0499
Tue Mar 21 15:37:28 2023:DEBUG:setData: Setting HFC32_emissions[2078]=0.046
Tue Mar 21 15:37:28 2023:DEBUG:setData: Setting HFC32_emissions[2079]=0.042
Tue Mar 21 15:37:28 2023:DEBUG:setData: Setting HFC32_emissions[2080]=0.0381
Tue Mar 21 15:37:28 2023:DEBUG:setData: Setting HFC32_emissions[2081]=0.0362
Tue Mar 21 15:37:28 2023:DEBUG:setData: Setting HFC32_emissions[2082]=0.0343
Tue Mar 21 15:37:28 2023:DEBUG:setData: Setting HFC32_emissions[2083]=0.0323
Tue Mar 21 15:37:28 2023:DEBUG:setData: Setting HFC32_emissions[2084]=0.0304
Tue Mar 21 15:37:28 2023:DEBUG:setData: Setting HFC32_emissions[2085]=0.0285
Tue Mar 21 15:37:28 2023:DEBUG:setData: Setting HFC32_emissions[2086]=0.0266
Tue Mar 21 15:37:28 2023:DEBUG:setData: Setting HFC32_emissions[2087]=0.0247
Tue Mar 21 15:37:28 2023:DEBUG:setData: Setting HFC32_emissions[2088]=0.0227
Tue Mar 21 15:37:28 2023:DEBUG:setData: Setting HFC32_emissions[2089]=0.0208
Tue Mar 21 15:37:28 2023:DEBUG:setData: Setting HFC32_emissions[2090]=0.0189
Tue Mar 21 15:37:28 2023:DEBUG:setData: Setting HFC32_emissions[2091]=0.017
Tue Mar 21 15:37:28 2023:DEBUG:setData: Setting HFC32_emissions[2092]=0.0151
Tue Mar 21 15:37:28 2023:DEBUG:setData: Setting HFC32_emissions[2093]=0.0132
Tue Mar 21 15:37:28 2023:DEBUG:setData: Setting HFC32_emissions[2094]=0.0113
Tue Mar 21 15:37:28 2023:DEBUG:setData: Setting HFC32_emissions[2095]=0.00945
Tue Mar 21 15:37:28 2023:DEBUG:setData: Setting HFC32_emissions[2096]=0.00756
Tue Mar 21 15:37:28 2023:DEBUG:setData: Setting HFC32_emissions[2097]=0.00567
Tue Mar 21 15:37:28 2023:DEBUG:setData: Setting HFC32_emissions[2098]=0.00378
Tue Mar 21 15:37:28 2023:DEBUG:setData: Setting HFC32_emissions[2099]=0.00189
Tue Mar 21 15:37:28 2023:DEBUG:setData: Setting HFC32_emissions[2100]=0
Tue Mar 21 15:37:28 2023:DEBUG:setData: Setting HFC32_emissions[2101]=0
Tue Mar 21 15:37:28 2023:DEBUG:setData: Setting HFC32_emissions[2102]=0
Tue Mar 21 15:37:28 2023:DEBUG:setData: Setting HFC32_emissions[2103]=0
Tue Mar 21 15:37:28 2023:DEBUG:setData: Setting HFC32_emissions[2104]=0
Tue Mar 21 15:37:28 2023:DEBUG:setData: Setting HFC32_emissions[2105]=0
Tue Mar 21 15:37:28 2023:DEBUG:setData: Setting HFC32_emissions[2106]=0
Tue Mar 21 15:37:28 2023:DEBUG:setData: Setting HFC32_emissions[2107]=0
Tue Mar 21 15:37:28 2023:DEBUG:setData: Setting HFC32_emissions[2108]=0
Tue Mar 21 15:37:28 2023:DEBUG:setData: Setting HFC32_emissions[2109]=0
Tue Mar 21 15:37:28 2023:DEBUG:setData: Setting HFC32_emissions[2110]=0
Tue Mar 21 15:37:28 2023:DEBUG:setData: Setting HFC32_emissions[2111]=0
Tue Mar 21 15:37:28 2023:DEBUG:setData: Setting HFC32_emissions[2112]=0
Tue Mar 21 15:37:28 2023:DEBUG:setData: Setting HFC32_emissions[2113]=0
Tue Mar 21 15:37:28 2023:DEBUG:setData: Setting HFC32_emissions[2114]=0
Tue Mar 21 15:37:28 2023:DEBUG:setData: Setting HFC32_emissions[2115]=0
Tue Mar 21 15:37:28 2023:DEBUG:setData: Setting HFC32_emissions[2116]=0
Tue Mar 21 15:37:28 2023:DEBUG:setData: Setting HFC32_emissions[2117]=0
Tue Mar 21 15:37:28 2023:DEBUG:setData: Setting HFC32_emissions[2118]=0
Tue Mar 21 15:37:28 2023:DEBUG:setData: Setting HFC32_emissions[2119]=0
Tue Mar 21 15:37:28 2023:DEBUG:setData: Setting HFC32_emissions[2120]=0
Tue Mar 21 15:37:28 2023:DEBUG:setData: Setting HFC32_emissions[2121]=0
Tue Mar 21 15:37:28 2023:DEBUG:setData: Setting HFC32_emissions[2122]=0
Tue Mar 21 15:37:28 2023:DEBUG:setData: Setting HFC32_emissions[2123]=0
Tue Mar 21 15:37:28 2023:DEBUG:setData: Setting HFC32_emissions[2124]=0
Tue Mar 21 15:37:28 2023:DEBUG:setData: Setting HFC32_emissions[2125]=0
Tue Mar 21 15:37:28 2023:DEBUG:setData: Setting HFC32_emissions[2126]=0
Tue Mar 21 15:37:28 2023:DEBUG:setData: Setting HFC32_emissions[2127]=0
Tue Mar 21 15:37:28 2023:DEBUG:setData: Setting HFC32_emissions[2128]=0
Tue Mar 21 15:37:28 2023:DEBUG:setData: Setting HFC32_emissions[2129]=0
Tue Mar 21 15:37:28 2023:DEBUG:setData: Setting HFC32_emissions[2130]=0
Tue Mar 21 15:37:28 2023:DEBUG:setData: Setting HFC32_emissions[2131]=0
Tue Mar 21 15:37:28 2023:DEBUG:setData: Setting HFC32_emissions[2132]=0
Tue Mar 21 15:37:28 2023:DEBUG:setData: Setting HFC32_emissions[2133]=0
Tue Mar 21 15:37:28 2023:DEBUG:setData: Setting HFC32_emissions[2134]=0
Tue Mar 21 15:37:28 2023:DEBUG:setData: Setting HFC32_emissions[2135]=0
Tue Mar 21 15:37:28 2023:DEBUG:setData: Setting HFC32_emissions[2136]=0
Tue Mar 21 15:37:28 2023:DEBUG:setData: Setting HFC32_emissions[2137]=0
Tue Mar 21 15:37:28 2023:DEBUG:setData: Setting HFC32_emissions[2138]=0
Tue Mar 21 15:37:28 2023:DEBUG:setData: Setting HFC32_emissions[2139]=0
Tue Mar 21 15:37:28 2023:DEBUG:setData: Setting HFC32_emissions[2140]=0
Tue Mar 21 15:37:28 2023:DEBUG:setData: Setting HFC32_emissions[2141]=0
Tue Mar 21 15:37:28 2023:DEBUG:setData: Setting HFC32_emissions[2142]=0
Tue Mar 21 15:37:28 2023:DEBUG:setData: Setting HFC32_emissions[2143]=0
Tue Mar 21 15:37:28 2023:DEBUG:setData: Setting HFC32_emissions[2144]=0
Tue Mar 21 15:37:28 2023:DEBUG:setData: Setting HFC32_emissions[2145]=0
Tue Mar 21 15:37:28 2023:DEBUG:setData: Setting HFC32_emissions[2146]=0
Tue Mar 21 15:37:28 2023:DEBUG:setData: Setting HFC32_emissions[2147]=0
Tue Mar 21 15:37:28 2023:DEBUG:setData: Setting HFC32_emissions[2148]=0
Tue Mar 21 15:37:28 2023:DEBUG:setData: Setting HFC32_emissions[2149]=0
Tue Mar 21 15:37:28 2023:DEBUG:setData: Setting HFC32_emissions[2150]=0
Tue Mar 21 15:37:28 2023:DEBUG:setData: Setting HFC32_emissions[2151]=0
Tue Mar 21 15:37:28 2023:DEBUG:setData: Setting HFC32_emissions[2152]=0
Tue Mar 21 15:37:28 2023:DEBUG:setData: Setting HFC32_emissions[2153]=0
Tue Mar 21 15:37:28 2023:DEBUG:setData: Setting HFC32_emissions[2154]=0
Tue Mar 21 15:37:28 2023:DEBUG:setData: Setting HFC32_emissions[2155]=0
Tue Mar 21 15:37:28 2023:DEBUG:setData: Setting HFC32_emissions[2156]=0
Tue Mar 21 15:37:28 2023:DEBUG:setData: Setting HFC32_emissions[2157]=0
Tue Mar 21 15:37:28 2023:DEBUG:setData: Setting HFC32_emissions[2158]=0
Tue Mar 21 15:37:28 2023:DEBUG:setData: Setting HFC32_emissions[2159]=0
Tue Mar 21 15:37:28 2023:DEBUG:setData: Setting HFC32_emissions[2160]=0
Tue Mar 21 15:37:28 2023:DEBUG:setData: Setting HFC32_emissions[2161]=0
Tue Mar 21 15:37:28 2023:DEBUG:setData: Setting HFC32_emissions[2162]=0
Tue Mar 21 15:37:28 2023:DEBUG:setData: Setting HFC32_emissions[2163]=0
Tue Mar 21 15:37:28 2023:DEBUG:setData: Setting HFC32_emissions[2164]=0
Tue Mar 21 15:37:28 2023:DEBUG:setData: Setting HFC32_emissions[2165]=0
Tue Mar 21 15:37:28 2023:DEBUG:setData: Setting HFC32_emissions[2166]=0
Tue Mar 21 15:37:28 2023:DEBUG:setData: Setting HFC32_emissions[2167]=0
Tue Mar 21 15:37:28 2023:DEBUG:setData: Setting HFC32_emissions[2168]=0
Tue Mar 21 15:37:28 2023:DEBUG:setData: Setting HFC32_emissions[2169]=0
Tue Mar 21 15:37:28 2023:DEBUG:setData: Setting HFC32_emissions[2170]=0
Tue Mar 21 15:37:28 2023:DEBUG:setData: Setting HFC32_emissions[2171]=0
Tue Mar 21 15:37:28 2023:DEBUG:setData: Setting HFC32_emissions[2172]=0
Tue Mar 21 15:37:28 2023:DEBUG:setData: Setting HFC32_emissions[2173]=0
Tue Mar 21 15:37:28 2023:DEBUG:setData: Setting HFC32_emissions[2174]=0
Tue Mar 21 15:37:28 2023:DEBUG:setData: Setting HFC32_emissions[2175]=0
Tue Mar 21 15:37:28 2023:DEBUG:setData: Setting HFC32_emissions[2176]=0
Tue Mar 21 15:37:28 2023:DEBUG:setData: Setting HFC32_emissions[2177]=0
Tue Mar 21 15:37:28 2023:DEBUG:setData: Setting HFC32_emissions[2178]=0
Tue Mar 21 15:37:28 2023:DEBUG:setData: Setting HFC32_emissions[2179]=0
Tue Mar 21 15:37:28 2023:DEBUG:setData: Setting HFC32_emissions[2180]=0
Tue Mar 21 15:37:28 2023:DEBUG:setData: Setting HFC32_emissions[2181]=0
Tue Mar 21 15:37:28 2023:DEBUG:setData: Setting HFC32_emissions[2182]=0
Tue Mar 21 15:37:28 2023:DEBUG:setData: Setting HFC32_emissions[2183]=0
Tue Mar 21 15:37:28 2023:DEBUG:setData: Setting HFC32_emissions[2184]=0
Tue Mar 21 15:37:28 2023:DEBUG:setData: Setting HFC32_emissions[2185]=0
Tue Mar 21 15:37:28 2023:DEBUG:setData: Setting HFC32_emissions[2186]=0
Tue Mar 21 15:37:28 2023:DEBUG:setData: Setting HFC32_emissions[2187]=0
Tue Mar 21 15:37:28 2023:DEBUG:setData: Setting HFC32_emissions[2188]=0
Tue Mar 21 15:37:28 2023:DEBUG:setData: Setting HFC32_emissions[2189]=0
Tue Mar 21 15:37:28 2023:DEBUG:setData: Setting HFC32_emissions[2190]=0
Tue Mar 21 15:37:28 2023:DEBUG:setData: Setting HFC32_emissions[2191]=0
Tue Mar 21 15:37:28 2023:DEBUG:setData: Setting HFC32_emissions[2192]=0
Tue Mar 21 15:37:28 2023:DEBUG:setData: Setting HFC32_emissions[2193]=0
Tue Mar 21 15:37:28 2023:DEBUG:setData: Setting HFC32_emissions[2194]=0
Tue Mar 21 15:37:28 2023:DEBUG:setData: Setting HFC32_emissions[2195]=0
Tue Mar 21 15:37:28 2023:DEBUG:setData: Setting HFC32_emissions[2196]=0
Tue Mar 21 15:37:28 2023:DEBUG:setData: Setting HFC32_emissions[2197]=0
Tue Mar 21 15:37:28 2023:DEBUG:setData: Setting HFC32_emissions[2198]=0
Tue Mar 21 15:37:28 2023:DEBUG:setData: Setting HFC32_emissions[2199]=0
Tue Mar 21 15:37:28 2023:DEBUG:setData: Setting HFC32_emissions[2200]=0
Tue Mar 21 15:37:28 2023:DEBUG:setData: Setting HFC32_emissions[2201]=0
Tue Mar 21 15:37:28 2023:DEBUG:setData: Setting HFC32_emissions[2202]=0
Tue Mar 21 15:37:28 2023:DEBUG:setData: Setting HFC32_emissions[2203]=0
Tue Mar 21 15:37:28 2023:DEBUG:setData: Setting HFC32_emissions[2204]=0
Tue Mar 21 15:37:28 2023:DEBUG:setData: Setting HFC32_emissions[2205]=0
Tue Mar 21 15:37:28 2023:DEBUG:setData: Setting HFC32_emissions[2206]=0
Tue Mar 21 15:37:28 2023:DEBUG:setData: Setting HFC32_emissions[2207]=0
Tue Mar 21 15:37:28 2023:DEBUG:setData: Setting HFC32_emissions[2208]=0
Tue Mar 21 15:37:28 2023:DEBUG:setData: Setting HFC32_emissions[2209]=0
Tue Mar 21 15:37:28 2023:DEBUG:setData: Setting HFC32_emissions[2210]=0
Tue Mar 21 15:37:28 2023:DEBUG:setData: Setting HFC32_emissions[2211]=0
Tue Mar 21 15:37:28 2023:DEBUG:setData: Setting HFC32_emissions[2212]=0
Tue Mar 21 15:37:28 2023:DEBUG:setData: Setting HFC32_emissions[2213]=0
Tue Mar 21 15:37:28 2023:DEBUG:setData: Setting HFC32_emissions[2214]=0
Tue Mar 21 15:37:28 2023:DEBUG:setData: Setting HFC32_emissions[2215]=0
Tue Mar 21 15:37:28 2023:DEBUG:setData: Setting HFC32_emissions[2216]=0
Tue Mar 21 15:37:28 2023:DEBUG:setData: Setting HFC32_emissions[2217]=0
Tue Mar 21 15:37:28 2023:DEBUG:setData: Setting HFC32_emissions[2218]=0
Tue Mar 21 15:37:28 2023:DEBUG:setData: Setting HFC32_emissions[2219]=0
Tue Mar 21 15:37:28 2023:DEBUG:setData: Setting HFC32_emissions[2220]=0
Tue Mar 21 15:37:28 2023:DEBUG:setData: Setting HFC32_emissions[2221]=0
Tue Mar 21 15:37:28 2023:DEBUG:setData: Setting HFC32_emissions[2222]=0
Tue Mar 21 15:37:28 2023:DEBUG:setData: Setting HFC32_emissions[2223]=0
Tue Mar 21 15:37:28 2023:DEBUG:setData: Setting HFC32_emissions[2224]=0
Tue Mar 21 15:37:28 2023:DEBUG:setData: Setting HFC32_emissions[2225]=0
Tue Mar 21 15:37:28 2023:DEBUG:setData: Setting HFC32_emissions[2226]=0
Tue Mar 21 15:37:28 2023:DEBUG:setData: Setting HFC32_emissions[2227]=0
Tue Mar 21 15:37:28 2023:DEBUG:setData: Setting HFC32_emissions[2228]=0
Tue Mar 21 15:37:28 2023:DEBUG:setData: Setting HFC32_emissions[2229]=0
Tue Mar 21 15:37:28 2023:DEBUG:setData: Setting HFC32_emissions[2230]=0
Tue Mar 21 15:37:28 2023:DEBUG:setData: Setting HFC32_emissions[2231]=0
Tue Mar 21 15:37:28 2023:DEBUG:setData: Setting HFC32_emissions[2232]=0
Tue Mar 21 15:37:28 2023:DEBUG:setData: Setting HFC32_emissions[2233]=0
Tue Mar 21 15:37:28 2023:DEBUG:setData: Setting HFC32_emissions[2234]=0
Tue Mar 21 15:37:28 2023:DEBUG:setData: Setting HFC32_emissions[2235]=0
Tue Mar 21 15:37:28 2023:DEBUG:setData: Setting HFC32_emissions[2236]=0
Tue Mar 21 15:37:28 2023:DEBUG:setData: Setting HFC32_emissions[2237]=0
Tue Mar 21 15:37:28 2023:DEBUG:setData: Setting HFC32_emissions[2238]=0
Tue Mar 21 15:37:28 2023:DEBUG:setData: Setting HFC32_emissions[2239]=0
Tue Mar 21 15:37:28 2023:DEBUG:setData: Setting HFC32_emissions[2240]=0
Tue Mar 21 15:37:28 2023:DEBUG:setData: Setting HFC32_emissions[2241]=0
Tue Mar 21 15:37:28 2023:DEBUG:setData: Setting HFC32_emissions[2242]=0
Tue Mar 21 15:37:28 2023:DEBUG:setData: Setting HFC32_emissions[2243]=0
Tue Mar 21 15:37:28 2023:DEBUG:setData: Setting HFC32_emissions[2244]=0
Tue Mar 21 15:37:28 2023:DEBUG:setData: Setting HFC32_emissions[2245]=0
Tue Mar 21 15:37:28 2023:DEBUG:setData: Setting HFC32_emissions[2246]=0
Tue Mar 21 15:37:28 2023:DEBUG:setData: Setting HFC32_emissions[2247]=0
Tue Mar 21 15:37:28 2023:DEBUG:setData: Setting HFC32_emissions[2248]=0
Tue Mar 21 15:37:28 2023:DEBUG:setData: Setting HFC32_emissions[2249]=0
Tue Mar 21 15:37:28 2023:DEBUG:setData: Setting HFC32_emissions[2250]=0
Tue Mar 21 15:37:28 2023:DEBUG:setData: Setting HFC32_emissions[2251]=0
Tue Mar 21 15:37:28 2023:DEBUG:setData: Setting HFC32_emissions[2252]=0
Tue Mar 21 15:37:28 2023:DEBUG:setData: Setting HFC32_emissions[2253]=0
Tue Mar 21 15:37:28 2023:DEBUG:setData: Setting HFC32_emissions[2254]=0
Tue Mar 21 15:37:28 2023:DEBUG:setData: Setting HFC32_emissions[2255]=0
Tue Mar 21 15:37:28 2023:DEBUG:setData: Setting HFC32_emissions[2256]=0
Tue Mar 21 15:37:28 2023:DEBUG:setData: Setting HFC32_emissions[2257]=0
Tue Mar 21 15:37:28 2023:DEBUG:setData: Setting HFC32_emissions[2258]=0
Tue Mar 21 15:37:28 2023:DEBUG:setData: Setting HFC32_emissions[2259]=0
Tue Mar 21 15:37:28 2023:DEBUG:setData: Setting HFC32_emissions[2260]=0
Tue Mar 21 15:37:28 2023:DEBUG:setData: Setting HFC32_emissions[2261]=0
Tue Mar 21 15:37:28 2023:DEBUG:setData: Setting HFC32_emissions[2262]=0
Tue Mar 21 15:37:28 2023:DEBUG:setData: Setting HFC32_emissions[2263]=0
Tue Mar 21 15:37:28 2023:DEBUG:setData: Setting HFC32_emissions[2264]=0
Tue Mar 21 15:37:28 2023:DEBUG:setData: Setting HFC32_emissions[2265]=0
Tue Mar 21 15:37:28 2023:DEBUG:setData: Setting HFC32_emissions[2266]=0
Tue Mar 21 15:37:28 2023:DEBUG:setData: Setting HFC32_emissions[2267]=0
Tue Mar 21 15:37:28 2023:DEBUG:setData: Setting HFC32_emissions[2268]=0
Tue Mar 21 15:37:28 2023:DEBUG:setData: Setting HFC32_emissions[2269]=0
Tue Mar 21 15:37:28 2023:DEBUG:setData: Setting HFC32_emissions[2270]=0
Tue Mar 21 15:37:28 2023:DEBUG:setData: Setting HFC32_emissions[2271]=0
Tue Mar 21 15:37:28 2023:DEBUG:setData: Setting HFC32_emissions[2272]=0
Tue Mar 21 15:37:28 2023:DEBUG:setData: Setting HFC32_emissions[2273]=0
Tue Mar 21 15:37:28 2023:DEBUG:setData: Setting HFC32_emissions[2274]=0
Tue Mar 21 15:37:28 2023:DEBUG:setData: Setting HFC32_emissions[2275]=0
Tue Mar 21 15:37:28 2023:DEBUG:setData: Setting HFC32_emissions[2276]=0
Tue Mar 21 15:37:28 2023:DEBUG:setData: Setting HFC32_emissions[2277]=0
Tue Mar 21 15:37:28 2023:DEBUG:setData: Setting HFC32_emissions[2278]=0
Tue Mar 21 15:37:28 2023:DEBUG:setData: Setting HFC32_emissions[2279]=0
Tue Mar 21 15:37:28 2023:DEBUG:setData: Setting HFC32_emissions[2280]=0
Tue Mar 21 15:37:28 2023:DEBUG:setData: Setting HFC32_emissions[2281]=0
Tue Mar 21 15:37:28 2023:DEBUG:setData: Setting HFC32_emissions[2282]=0
Tue Mar 21 15:37:28 2023:DEBUG:setData: Setting HFC32_emissions[2283]=0
Tue Mar 21 15:37:28 2023:DEBUG:setData: Setting HFC32_emissions[2284]=0
Tue Mar 21 15:37:28 2023:DEBUG:setData: Setting HFC32_emissions[2285]=0
Tue Mar 21 15:37:28 2023:DEBUG:setData: Setting HFC32_emissions[2286]=0
Tue Mar 21 15:37:28 2023:DEBUG:setData: Setting HFC32_emissions[2287]=0
Tue Mar 21 15:37:28 2023:DEBUG:setData: Setting HFC32_emissions[2288]=0
Tue Mar 21 15:37:28 2023:DEBUG:setData: Setting HFC32_emissions[2289]=0
Tue Mar 21 15:37:28 2023:DEBUG:setData: Setting HFC32_emissions[2290]=0
Tue Mar 21 15:37:28 2023:DEBUG:setData: Setting HFC32_emissions[2291]=0
Tue Mar 21 15:37:28 2023:DEBUG:setData: Setting HFC32_emissions[2292]=0
Tue Mar 21 15:37:28 2023:DEBUG:setData: Setting HFC32_emissions[2293]=0
Tue Mar 21 15:37:28 2023:DEBUG:setData: Setting HFC32_emissions[2294]=0
Tue Mar 21 15:37:28 2023:DEBUG:setData: Setting HFC32_emissions[2295]=0
Tue Mar 21 15:37:28 2023:DEBUG:setData: Setting HFC32_emissions[2296]=0
Tue Mar 21 15:37:28 2023:DEBUG:setData: Setting HFC32_emissions[2297]=0
Tue Mar 21 15:37:28 2023:DEBUG:setData: Setting HFC32_emissions[2298]=0
Tue Mar 21 15:37:28 2023:DEBUG:setData: Setting HFC32_emissions[2299]=0
Tue Mar 21 15:37:28 2023:DEBUG:setData: Setting HFC32_emissions[2300]=0
Tue Mar 21 15:37:28 2023:DEBUG:setData: Setting HFC32_emissions[2301]=0
Tue Mar 21 15:37:28 2023:DEBUG:setData: Setting HFC32_emissions[2302]=0
Tue Mar 21 15:37:28 2023:DEBUG:setData: Setting HFC32_emissions[2303]=0
Tue Mar 21 15:37:28 2023:DEBUG:setData: Setting HFC32_emissions[2304]=0
Tue Mar 21 15:37:28 2023:DEBUG:setData: Setting HFC32_emissions[2305]=0
Tue Mar 21 15:37:28 2023:DEBUG:setData: Setting HFC32_emissions[2306]=0
Tue Mar 21 15:37:28 2023:DEBUG:setData: Setting HFC32_emissions[2307]=0
Tue Mar 21 15:37:28 2023:DEBUG:setData: Setting HFC32_emissions[2308]=0
Tue Mar 21 15:37:28 2023:DEBUG:setData: Setting HFC32_emissions[2309]=0
Tue Mar 21 15:37:28 2023:DEBUG:setData: Setting HFC32_emissions[2310]=0
Tue Mar 21 15:37:28 2023:DEBUG:setData: Setting HFC32_emissions[2311]=0
Tue Mar 21 15:37:28 2023:DEBUG:setData: Setting HFC32_emissions[2312]=0
Tue Mar 21 15:37:28 2023:DEBUG:setData: Setting HFC32_emissions[2313]=0
Tue Mar 21 15:37:28 2023:DEBUG:setData: Setting HFC32_emissions[2314]=0
Tue Mar 21 15:37:28 2023:DEBUG:setData: Setting HFC32_emissions[2315]=0
Tue Mar 21 15:37:28 2023:DEBUG:setData: Setting HFC32_emissions[2316]=0
Tue Mar 21 15:37:28 2023:DEBUG:setData: Setting HFC32_emissions[2317]=0
Tue Mar 21 15:37:28 2023:DEBUG:setData: Setting HFC32_emissions[2318]=0
Tue Mar 21 15:37:28 2023:DEBUG:setData: Setting HFC32_emissions[2319]=0
Tue Mar 21 15:37:28 2023:DEBUG:setData: Setting HFC32_emissions[2320]=0
Tue Mar 21 15:37:28 2023:DEBUG:setData: Setting HFC32_emissions[2321]=0
Tue Mar 21 15:37:28 2023:DEBUG:setData: Setting HFC32_emissions[2322]=0
Tue Mar 21 15:37:28 2023:DEBUG:setData: Setting HFC32_emissions[2323]=0
Tue Mar 21 15:37:28 2023:DEBUG:setData: Setting HFC32_emissions[2324]=0
Tue Mar 21 15:37:28 2023:DEBUG:setData: Setting HFC32_emissions[2325]=0
Tue Mar 21 15:37:28 2023:DEBUG:setData: Setting HFC32_emissions[2326]=0
Tue Mar 21 15:37:28 2023:DEBUG:setData: Setting HFC32_emissions[2327]=0
Tue Mar 21 15:37:28 2023:DEBUG:setData: Setting HFC32_emissions[2328]=0
Tue Mar 21 15:37:28 2023:DEBUG:setData: Setting HFC32_emissions[2329]=0
Tue Mar 21 15:37:28 2023:DEBUG:setData: Setting HFC32_emissions[2330]=0
Tue Mar 21 15:37:28 2023:DEBUG:setData: Setting HFC32_emissions[2331]=0
Tue Mar 21 15:37:28 2023:DEBUG:setData: Setting HFC32_emissions[2332]=0
Tue Mar 21 15:37:28 2023:DEBUG:setData: Setting HFC32_emissions[2333]=0
Tue Mar 21 15:37:28 2023:DEBUG:setData: Setting HFC32_emissions[2334]=0
Tue Mar 21 15:37:28 2023:DEBUG:setData: Setting HFC32_emissions[2335]=0
Tue Mar 21 15:37:28 2023:DEBUG:setData: Setting HFC32_emissions[2336]=0
Tue Mar 21 15:37:28 2023:DEBUG:setData: Setting HFC32_emissions[2337]=0
Tue Mar 21 15:37:28 2023:DEBUG:setData: Setting HFC32_emissions[2338]=0
Tue Mar 21 15:37:28 2023:DEBUG:setData: Setting HFC32_emissions[2339]=0
Tue Mar 21 15:37:28 2023:DEBUG:setData: Setting HFC32_emissions[2340]=0
Tue Mar 21 15:37:28 2023:DEBUG:setData: Setting HFC32_emissions[2341]=0
Tue Mar 21 15:37:28 2023:DEBUG:setData: Setting HFC32_emissions[2342]=0
Tue Mar 21 15:37:28 2023:DEBUG:setData: Setting HFC32_emissions[2343]=0
Tue Mar 21 15:37:28 2023:DEBUG:setData: Setting HFC32_emissions[2344]=0
Tue Mar 21 15:37:28 2023:DEBUG:setData: Setting HFC32_emissions[2345]=0
Tue Mar 21 15:37:28 2023:DEBUG:setData: Setting HFC32_emissions[2346]=0
Tue Mar 21 15:37:28 2023:DEBUG:setData: Setting HFC32_emissions[2347]=0
Tue Mar 21 15:37:28 2023:DEBUG:setData: Setting HFC32_emissions[2348]=0
Tue Mar 21 15:37:28 2023:DEBUG:setData: Setting HFC32_emissions[2349]=0
Tue Mar 21 15:37:28 2023:DEBUG:setData: Setting HFC32_emissions[2350]=0
Tue Mar 21 15:37:28 2023:DEBUG:setData: Setting HFC32_emissions[2351]=0
Tue Mar 21 15:37:28 2023:DEBUG:setData: Setting HFC32_emissions[2352]=0
Tue Mar 21 15:37:28 2023:DEBUG:setData: Setting HFC32_emissions[2353]=0
Tue Mar 21 15:37:28 2023:DEBUG:setData: Setting HFC32_emissions[2354]=0
Tue Mar 21 15:37:28 2023:DEBUG:setData: Setting HFC32_emissions[2355]=0
Tue Mar 21 15:37:28 2023:DEBUG:setData: Setting HFC32_emissions[2356]=0
Tue Mar 21 15:37:28 2023:DEBUG:setData: Setting HFC32_emissions[2357]=0
Tue Mar 21 15:37:28 2023:DEBUG:setData: Setting HFC32_emissions[2358]=0
Tue Mar 21 15:37:28 2023:DEBUG:setData: Setting HFC32_emissions[2359]=0
Tue Mar 21 15:37:28 2023:DEBUG:setData: Setting HFC32_emissions[2360]=0
Tue Mar 21 15:37:28 2023:DEBUG:setData: Setting HFC32_emissions[2361]=0
Tue Mar 21 15:37:28 2023:DEBUG:setData: Setting HFC32_emissions[2362]=0
Tue Mar 21 15:37:28 2023:DEBUG:setData: Setting HFC32_emissions[2363]=0
Tue Mar 21 15:37:28 2023:DEBUG:setData: Setting HFC32_emissions[2364]=0
Tue Mar 21 15:37:28 2023:DEBUG:setData: Setting HFC32_emissions[2365]=0
Tue Mar 21 15:37:28 2023:DEBUG:setData: Setting HFC32_emissions[2366]=0
Tue Mar 21 15:37:28 2023:DEBUG:setData: Setting HFC32_emissions[2367]=0
Tue Mar 21 15:37:28 2023:DEBUG:setData: Setting HFC32_emissions[2368]=0
Tue Mar 21 15:37:28 2023:DEBUG:setData: Setting HFC32_emissions[2369]=0
Tue Mar 21 15:37:28 2023:DEBUG:setData: Setting HFC32_emissions[2370]=0
Tue Mar 21 15:37:28 2023:DEBUG:setData: Setting HFC32_emissions[2371]=0
Tue Mar 21 15:37:28 2023:DEBUG:setData: Setting HFC32_emissions[2372]=0
Tue Mar 21 15:37:28 2023:DEBUG:setData: Setting HFC32_emissions[2373]=0
Tue Mar 21 15:37:28 2023:DEBUG:setData: Setting HFC32_emissions[2374]=0
Tue Mar 21 15:37:28 2023:DEBUG:setData: Setting HFC32_emissions[2375]=0
Tue Mar 21 15:37:28 2023:DEBUG:setData: Setting HFC32_emissions[2376]=0
Tue Mar 21 15:37:28 2023:DEBUG:setData: Setting HFC32_emissions[2377]=0
Tue Mar 21 15:37:28 2023:DEBUG:setData: Setting HFC32_emissions[2378]=0
Tue Mar 21 15:37:28 2023:DEBUG:setData: Setting HFC32_emissions[2379]=0
Tue Mar 21 15:37:28 2023:DEBUG:setData: Setting HFC32_emissions[2380]=0
Tue Mar 21 15:37:28 2023:DEBUG:setData: Setting HFC32_emissions[2381]=0
Tue Mar 21 15:37:28 2023:DEBUG:setData: Setting HFC32_emissions[2382]=0
Tue Mar 21 15:37:28 2023:DEBUG:setData: Setting HFC32_emissions[2383]=0
Tue Mar 21 15:37:28 2023:DEBUG:setData: Setting HFC32_emissions[2384]=0
Tue Mar 21 15:37:28 2023:DEBUG:setData: Setting HFC32_emissions[2385]=0
Tue Mar 21 15:37:28 2023:DEBUG:setData: Setting HFC32_emissions[2386]=0
Tue Mar 21 15:37:28 2023:DEBUG:setData: Setting HFC32_emissions[2387]=0
Tue Mar 21 15:37:28 2023:DEBUG:setData: Setting HFC32_emissions[2388]=0
Tue Mar 21 15:37:28 2023:DEBUG:setData: Setting HFC32_emissions[2389]=0
Tue Mar 21 15:37:28 2023:DEBUG:setData: Setting HFC32_emissions[2390]=0
Tue Mar 21 15:37:28 2023:DEBUG:setData: Setting HFC32_emissions[2391]=0
Tue Mar 21 15:37:28 2023:DEBUG:setData: Setting HFC32_emissions[2392]=0
Tue Mar 21 15:37:28 2023:DEBUG:setData: Setting HFC32_emissions[2393]=0
Tue Mar 21 15:37:28 2023:DEBUG:setData: Setting HFC32_emissions[2394]=0
Tue Mar 21 15:37:28 2023:DEBUG:setData: Setting HFC32_emissions[2395]=0
Tue Mar 21 15:37:28 2023:DEBUG:setData: Setting HFC32_emissions[2396]=0
Tue Mar 21 15:37:28 2023:DEBUG:setData: Setting HFC32_emissions[2397]=0
Tue Mar 21 15:37:28 2023:DEBUG:setData: Setting HFC32_emissions[2398]=0
Tue Mar 21 15:37:28 2023:DEBUG:setData: Setting HFC32_emissions[2399]=0
Tue Mar 21 15:37:28 2023:DEBUG:setData: Setting HFC32_emissions[2400]=0
Tue Mar 21 15:37:28 2023:DEBUG:setData: Setting HFC32_emissions[2401]=0
Tue Mar 21 15:37:28 2023:DEBUG:setData: Setting HFC32_emissions[2402]=0
Tue Mar 21 15:37:28 2023:DEBUG:setData: Setting HFC32_emissions[2403]=0
Tue Mar 21 15:37:28 2023:DEBUG:setData: Setting HFC32_emissions[2404]=0
Tue Mar 21 15:37:28 2023:DEBUG:setData: Setting HFC32_emissions[2405]=0
Tue Mar 21 15:37:28 2023:DEBUG:setData: Setting HFC32_emissions[2406]=0
Tue Mar 21 15:37:28 2023:DEBUG:setData: Setting HFC32_emissions[2407]=0
Tue Mar 21 15:37:28 2023:DEBUG:setData: Setting HFC32_emissions[2408]=0
Tue Mar 21 15:37:28 2023:DEBUG:setData: Setting HFC32_emissions[2409]=0
Tue Mar 21 15:37:28 2023:DEBUG:setData: Setting HFC32_emissions[2410]=0
Tue Mar 21 15:37:28 2023:DEBUG:setData: Setting HFC32_emissions[2411]=0
Tue Mar 21 15:37:28 2023:DEBUG:setData: Setting HFC32_emissions[2412]=0
Tue Mar 21 15:37:28 2023:DEBUG:setData: Setting HFC32_emissions[2413]=0
Tue Mar 21 15:37:28 2023:DEBUG:setData: Setting HFC32_emissions[2414]=0
Tue Mar 21 15:37:28 2023:DEBUG:setData: Setting HFC32_emissions[2415]=0
Tue Mar 21 15:37:28 2023:DEBUG:setData: Setting HFC32_emissions[2416]=0
Tue Mar 21 15:37:28 2023:DEBUG:setData: Setting HFC32_emissions[2417]=0
Tue Mar 21 15:37:28 2023:DEBUG:setData: Setting HFC32_emissions[2418]=0
Tue Mar 21 15:37:28 2023:DEBUG:setData: Setting HFC32_emissions[2419]=0
Tue Mar 21 15:37:28 2023:DEBUG:setData: Setting HFC32_emissions[2420]=0
Tue Mar 21 15:37:28 2023:DEBUG:setData: Setting HFC32_emissions[2421]=0
Tue Mar 21 15:37:28 2023:DEBUG:setData: Setting HFC32_emissions[2422]=0
Tue Mar 21 15:37:28 2023:DEBUG:setData: Setting HFC32_emissions[2423]=0
Tue Mar 21 15:37:28 2023:DEBUG:setData: Setting HFC32_emissions[2424]=0
Tue Mar 21 15:37:28 2023:DEBUG:setData: Setting HFC32_emissions[2425]=0
Tue Mar 21 15:37:28 2023:DEBUG:setData: Setting HFC32_emissions[2426]=0
Tue Mar 21 15:37:28 2023:DEBUG:setData: Setting HFC32_emissions[2427]=0
Tue Mar 21 15:37:28 2023:DEBUG:setData: Setting HFC32_emissions[2428]=0
Tue Mar 21 15:37:28 2023:DEBUG:setData: Setting HFC32_emissions[2429]=0
Tue Mar 21 15:37:28 2023:DEBUG:setData: Setting HFC32_emissions[2430]=0
Tue Mar 21 15:37:28 2023:DEBUG:setData: Setting HFC32_emissions[2431]=0
Tue Mar 21 15:37:28 2023:DEBUG:setData: Setting HFC32_emissions[2432]=0
Tue Mar 21 15:37:28 2023:DEBUG:setData: Setting HFC32_emissions[2433]=0
Tue Mar 21 15:37:28 2023:DEBUG:setData: Setting HFC32_emissions[2434]=0
Tue Mar 21 15:37:28 2023:DEBUG:setData: Setting HFC32_emissions[2435]=0
Tue Mar 21 15:37:28 2023:DEBUG:setData: Setting HFC32_emissions[2436]=0
Tue Mar 21 15:37:28 2023:DEBUG:setData: Setting HFC32_emissions[2437]=0
Tue Mar 21 15:37:28 2023:DEBUG:setData: Setting HFC32_emissions[2438]=0
Tue Mar 21 15:37:28 2023:DEBUG:setData: Setting HFC32_emissions[2439]=0
Tue Mar 21 15:37:28 2023:DEBUG:setData: Setting HFC32_emissions[2440]=0
Tue Mar 21 15:37:28 2023:DEBUG:setData: Setting HFC32_emissions[2441]=0
Tue Mar 21 15:37:28 2023:DEBUG:setData: Setting HFC32_emissions[2442]=0
Tue Mar 21 15:37:28 2023:DEBUG:setData: Setting HFC32_emissions[2443]=0
Tue Mar 21 15:37:28 2023:DEBUG:setData: Setting HFC32_emissions[2444]=0
Tue Mar 21 15:37:28 2023:DEBUG:setData: Setting HFC32_emissions[2445]=0
Tue Mar 21 15:37:28 2023:DEBUG:setData: Setting HFC32_emissions[2446]=0
Tue Mar 21 15:37:28 2023:DEBUG:setData: Setting HFC32_emissions[2447]=0
Tue Mar 21 15:37:28 2023:DEBUG:setData: Setting HFC32_emissions[2448]=0
Tue Mar 21 15:37:28 2023:DEBUG:setData: Setting HFC32_emissions[2449]=0
Tue Mar 21 15:37:28 2023:DEBUG:setData: Setting HFC32_emissions[2450]=0
Tue Mar 21 15:37:28 2023:DEBUG:setData: Setting HFC32_emissions[2451]=0
Tue Mar 21 15:37:28 2023:DEBUG:setData: Setting HFC32_emissions[2452]=0
Tue Mar 21 15:37:28 2023:DEBUG:setData: Setting HFC32_emissions[2453]=0
Tue Mar 21 15:37:28 2023:DEBUG:setData: Setting HFC32_emissions[2454]=0
Tue Mar 21 15:37:28 2023:DEBUG:setData: Setting HFC32_emissions[2455]=0
Tue Mar 21 15:37:28 2023:DEBUG:setData: Setting HFC32_emissions[2456]=0
Tue Mar 21 15:37:28 2023:DEBUG:setData: Setting HFC32_emissions[2457]=0
Tue Mar 21 15:37:28 2023:DEBUG:setData: Setting HFC32_emissions[2458]=0
Tue Mar 21 15:37:28 2023:DEBUG:setData: Setting HFC32_emissions[2459]=0
Tue Mar 21 15:37:28 2023:DEBUG:setData: Setting HFC32_emissions[2460]=0
Tue Mar 21 15:37:28 2023:DEBUG:setData: Setting HFC32_emissions[2461]=0
Tue Mar 21 15:37:28 2023:DEBUG:setData: Setting HFC32_emissions[2462]=0
Tue Mar 21 15:37:28 2023:DEBUG:setData: Setting HFC32_emissions[2463]=0
Tue Mar 21 15:37:28 2023:DEBUG:setData: Setting HFC32_emissions[2464]=0
Tue Mar 21 15:37:28 2023:DEBUG:setData: Setting HFC32_emissions[2465]=0
Tue Mar 21 15:37:28 2023:DEBUG:setData: Setting HFC32_emissions[2466]=0
Tue Mar 21 15:37:28 2023:DEBUG:setData: Setting HFC32_emissions[2467]=0
Tue Mar 21 15:37:28 2023:DEBUG:setData: Setting HFC32_emissions[2468]=0
Tue Mar 21 15:37:28 2023:DEBUG:setData: Setting HFC32_emissions[2469]=0
Tue Mar 21 15:37:28 2023:DEBUG:setData: Setting HFC32_emissions[2470]=0
Tue Mar 21 15:37:28 2023:DEBUG:setData: Setting HFC32_emissions[2471]=0
Tue Mar 21 15:37:28 2023:DEBUG:setData: Setting HFC32_emissions[2472]=0
Tue Mar 21 15:37:28 2023:DEBUG:setData: Setting HFC32_emissions[2473]=0
Tue Mar 21 15:37:28 2023:DEBUG:setData: Setting HFC32_emissions[2474]=0
Tue Mar 21 15:37:28 2023:DEBUG:setData: Setting HFC32_emissions[2475]=0
Tue Mar 21 15:37:28 2023:DEBUG:setData: Setting HFC32_emissions[2476]=0
Tue Mar 21 15:37:28 2023:DEBUG:setData: Setting HFC32_emissions[2477]=0
Tue Mar 21 15:37:28 2023:DEBUG:setData: Setting HFC32_emissions[2478]=0
Tue Mar 21 15:37:28 2023:DEBUG:setData: Setting HFC32_emissions[2479]=0
Tue Mar 21 15:37:28 2023:DEBUG:setData: Setting HFC32_emissions[2480]=0
Tue Mar 21 15:37:28 2023:DEBUG:setData: Setting HFC32_emissions[2481]=0
Tue Mar 21 15:37:28 2023:DEBUG:setData: Setting HFC32_emissions[2482]=0
Tue Mar 21 15:37:28 2023:DEBUG:setData: Setting HFC32_emissions[2483]=0
Tue Mar 21 15:37:28 2023:DEBUG:setData: Setting HFC32_emissions[2484]=0
Tue Mar 21 15:37:28 2023:DEBUG:setData: Setting HFC32_emissions[2485]=0
Tue Mar 21 15:37:28 2023:DEBUG:setData: Setting HFC32_emissions[2486]=0
Tue Mar 21 15:37:28 2023:DEBUG:setData: Setting HFC32_emissions[2487]=0
Tue Mar 21 15:37:28 2023:DEBUG:setData: Setting HFC32_emissions[2488]=0
Tue Mar 21 15:37:28 2023:DEBUG:setData: Setting HFC32_emissions[2489]=0
Tue Mar 21 15:37:28 2023:DEBUG:setData: Setting HFC32_emissions[2490]=0
Tue Mar 21 15:37:28 2023:DEBUG:setData: Setting HFC32_emissions[2491]=0
Tue Mar 21 15:37:28 2023:DEBUG:setData: Setting HFC32_emissions[2492]=0
Tue Mar 21 15:37:28 2023:DEBUG:setData: Setting HFC32_emissions[2493]=0
Tue Mar 21 15:37:28 2023:DEBUG:setData: Setting HFC32_emissions[2494]=0
Tue Mar 21 15:37:28 2023:DEBUG:setData: Setting HFC32_emissions[2495]=0
Tue Mar 21 15:37:28 2023:DEBUG:setData: Setting HFC32_emissions[2496]=0
Tue Mar 21 15:37:28 2023:DEBUG:setData: Setting HFC32_emissions[2497]=0
Tue Mar 21 15:37:28 2023:DEBUG:setData: Setting HFC32_emissions[2498]=0
Tue Mar 21 15:37:28 2023:DEBUG:setData: Setting HFC32_emissions[2499]=0
Tue Mar 21 15:37:28 2023:DEBUG:setData: Setting HFC32_emissions[2500]=0
Tue Mar 21 15:37:28 2023:DEBUG:setData: Setting molarMass[-1]=52.0
Tue Mar 21 15:37:29 2023:DEBUG:prepareToRun: prepareToRun 
Tue Mar 21 15:37:30 2023:DEBUG:run: date: 1746 concentration: 2.92822e-06 pptv
Tue Mar 21 15:37:30 2023:DEBUG:run: date: 1747 concentration: 5.31589e-06 pptv
Tue Mar 21 15:37:30 2023:DEBUG:run: date: 1748 concentration: 7.26278e-06 pptv
Tue Mar 21 15:37:30 2023:DEBUG:run: date: 1749 concentration: 8.85026e-06 pptv
Tue Mar 21 15:37:30 2023:DEBUG:run: date: 1750 concentration: 1.01447e-05 pptv
Tue Mar 21 15:37:30 2023:DEBUG:run: date: 1751 concentration: 1.12002e-05 pptv
Tue Mar 21 15:37:30 2023:DEBUG:run: date: 1752 concentration: 1.20608e-05 pptv
Tue Mar 21 15:37:30 2023:DEBUG:run: date: 1753 concentration: 1.27625e-05 pptv
Tue Mar 21 15:37:30 2023:DEBUG:run: date: 1754 concentration: 1.33347e-05 pptv
Tue Mar 21 15:37:30 2023:DEBUG:run: date: 1755 concentration: 1.38013e-05 pptv
Tue Mar 21 15:37:30 2023:DEBUG:run: date: 1756 concentration: 1.41818e-05 pptv
Tue Mar 21 15:37:30 2023:DEBUG:run: date: 1757 concentration: 1.4492e-05 pptv
Tue Mar 21 15:37:30 2023:DEBUG:run: date: 1758 concentration: 1.47449e-05 pptv
Tue Mar 21 15:37:30 2023:DEBUG:run: date: 1759 concentration: 1.49512e-05 pptv
Tue Mar 21 15:37:30 2023:DEBUG:run: date: 1760 concentration: 1.51193e-05 pptv
Tue Mar 21 15:37:30 2023:DEBUG:run: date: 1761 concentration: 1.52565e-05 pptv
Tue Mar 21 15:37:30 2023:DEBUG:run: date: 1762 concentration: 1.53683e-05 pptv
Tue Mar 21 15:37:30 2023:DEBUG:run: date: 1763 concentration: 1.54595e-05 pptv
Tue Mar 21 15:37:30 2023:DEBUG:run: date: 1764 concentration: 1.55338e-05 pptv
Tue Mar 21 15:37:30 2023:DEBUG:run: date: 1765 concentration: 1.55944e-05 pptv
Tue Mar 21 15:37:30 2023:DEBUG:run: date: 1766 concentration: 1.60401e-05 pptv
Tue Mar 21 15:37:30 2023:DEBUG:run: date: 1767 concentration: 1.679e-05 pptv
Tue Mar 21 15:37:30 2023:DEBUG:run: date: 1768 concentration: 1.77978e-05 pptv
Tue Mar 21 15:37:30 2023:DEBUG:run: date: 1769 concentration: 1.9006e-05 pptv
Tue Mar 21 15:37:30 2023:DEBUG:run: date: 1770 concentration: 2.03875e-05 pptv
Tue Mar 21 15:37:30 2023:DEBUG:run: date: 1771 concentration: 2.19101e-05 pptv
Tue Mar 21 15:37:30 2023:DEBUG:run: date: 1772 concentration: 2.35383e-05 pptv
Tue Mar 21 15:37:30 2023:DEBUG:run: date: 1773 concentration: 2.52621e-05 pptv
Tue Mar 21 15:37:30 2023:DEBUG:run: date: 1774 concentration: 2.70542e-05 pptv
Tue Mar 21 15:37:30 2023:DEBUG:run: date: 1775 concentration: 2.89117e-05 pptv
Tue Mar 21 15:37:30 2023:DEBUG:run: date: 1776 concentration: 3.08129e-05 pptv
Tue Mar 21 15:37:30 2023:DEBUG:run: date: 1777 concentration: 3.27594e-05 pptv
Tue Mar 21 15:37:30 2023:DEBUG:run: date: 1778 concentration: 3.47331e-05 pptv
Tue Mar 21 15:37:30 2023:DEBUG:run: date: 1779 concentration: 3.67386e-05 pptv
Tue Mar 21 15:37:30 2023:DEBUG:run: date: 1780 concentration: 3.87509e-05 pptv
Tue Mar 21 15:37:30 2023:DEBUG:run: date: 1781 concentration: 4.07975e-05 pptv
Tue Mar 21 15:37:30 2023:DEBUG:run: date: 1782 concentration: 4.28529e-05 pptv
Tue Mar 21 15:37:30 2023:DEBUG:run: date: 1783 concentration: 4.48961e-05 pptv
Tue Mar 21 15:37:30 2023:DEBUG:run: date: 1784 concentration: 4.69487e-05 pptv
Tue Mar 21 15:37:30 2023:DEBUG:run: date: 1785 concentration: 4.90089e-05 pptv
Tue Mar 21 15:37:30 2023:DEBUG:run: date: 1786 concentration: 5.10754e-05 pptv
Tue Mar 21 15:37:30 2023:DEBUG:run: date: 1787 concentration: 5.3147e-05 pptv
Tue Mar 21 15:37:30 2023:DEBUG:run: date: 1788 concentration: 5.52227e-05 pptv
Tue Mar 21 15:37:30 2023:DEBUG:run: date: 1789 concentration: 5.73984e-05 pptv
Tue Mar 21 15:37:30 2023:DEBUG:run: date: 1790 concentration: 5.9559e-05 pptv
Tue Mar 21 15:37:30 2023:DEBUG:run: date: 1791 concentration: 6.17074e-05 pptv
Tue Mar 21 15:37:30 2023:DEBUG:run: date: 1792 concentration: 6.38457e-05 pptv
Tue Mar 21 15:37:30 2023:DEBUG:run: date: 1793 concentration: 6.59758e-05 pptv
Tue Mar 21 15:37:30 2023:DEBUG:run: date: 1794 concentration: 6.80993e-05 pptv
Tue Mar 21 15:37:30 2023:DEBUG:run: date: 1795 concentration: 7.02173e-05 pptv
Tue Mar 21 15:37:30 2023:DEBUG:run: date: 1796 concentration: 7.23309e-05 pptv
Tue Mar 21 15:37:30 2023:DEBUG:run: date: 1797 concentration: 7.44409e-05 pptv
Tue Mar 21 15:37:30 2023:DEBUG:run: date: 1798 concentration: 7.65479e-05 pptv
Tue Mar 21 15:37:30 2023:DEBUG:run: date: 1799 concentration: 7.86526e-05 pptv
Tue Mar 21 15:37:30 2023:DEBUG:run: date: 1800 concentration: 8.07552e-05 pptv
Tue Mar 21 15:37:30 2023:DEBUG:run: date: 1801 concentration: 8.28563e-05 pptv
Tue Mar 21 15:37:30 2023:DEBUG:run: date: 1802 concentration: 8.49561e-05 pptv
Tue Mar 21 15:37:30 2023:DEBUG:run: date: 1803 concentration: 8.70548e-05 pptv
Tue Mar 21 15:37:30 2023:DEBUG:run: date: 1804 concentration: 8.91526e-05 pptv
Tue Mar 21 15:37:30 2023:DEBUG:run: date: 1805 concentration: 9.12498e-05 pptv
Tue Mar 21 15:37:30 2023:DEBUG:run: date: 1806 concentration: 9.33463e-05 pptv
Tue Mar 21 15:37:30 2023:DEBUG:run: date: 1807 concentration: 9.54424e-05 pptv
Tue Mar 21 15:37:30 2023:DEBUG:run: date: 1808 concentration: 9.75381e-05 pptv
Tue Mar 21 15:37:30 2023:DEBUG:run: date: 1809 concentration: 9.96335e-05 pptv
Tue Mar 21 15:37:30 2023:DEBUG:run: date: 1810 concentration: 0.000101729 pptv
Tue Mar 21 15:37:30 2023:DEBUG:run: date: 1811 concentration: 0.00010392 pptv
Tue Mar 21 15:37:30 2023:DEBUG:run: date: 1812 concentration: 0.000106094 pptv
Tue Mar 21 15:37:30 2023:DEBUG:run: date: 1813 concentration: 0.000108253 pptv
Tue Mar 21 15:37:30 2023:DEBUG:run: date: 1814 concentration: 0.0001104 pptv
Tue Mar 21 15:37:30 2023:DEBUG:run: date: 1815 concentration: 0.000112537 pptv
Tue Mar 21 15:37:30 2023:DEBUG:run: date: 1816 concentration: 0.000114666 pptv
Tue Mar 21 15:37:30 2023:DEBUG:run: date: 1817 concentration: 0.000116789 pptv
Tue Mar 21 15:37:30 2023:DEBUG:run: date: 1818 concentration: 0.000118906 pptv
Tue Mar 21 15:37:30 2023:DEBUG:run: date: 1819 concentration: 0.000121019 pptv
Tue Mar 21 15:37:30 2023:DEBUG:run: date: 1820 concentration: 0.000123129 pptv
Tue Mar 21 15:37:30 2023:DEBUG:run: date: 1821 concentration: 0.000125235 pptv
Tue Mar 21 15:37:30 2023:DEBUG:run: date: 1822 concentration: 0.00012734 pptv
Tue Mar 21 15:37:30 2023:DEBUG:run: date: 1823 concentration: 0.000129442 pptv
Tue Mar 21 15:37:30 2023:DEBUG:run: date: 1824 concentration: 0.000131543 pptv
Tue Mar 21 15:37:30 2023:DEBUG:run: date: 1825 concentration: 0.000133643 pptv
Tue Mar 21 15:37:30 2023:DEBUG:run: date: 1826 concentration: 0.000135741 pptv
Tue Mar 21 15:37:30 2023:DEBUG:run: date: 1827 concentration: 0.000137839 pptv
Tue Mar 21 15:37:30 2023:DEBUG:run: date: 1828 concentration: 0.000139936 pptv
Tue Mar 21 15:37:30 2023:DEBUG:run: date: 1829 concentration: 0.000142033 pptv
Tue Mar 21 15:37:30 2023:DEBUG:run: date: 1830 concentration: 0.000144129 pptv
Tue Mar 21 15:37:30 2023:DEBUG:run: date: 1831 concentration: 0.000146224 pptv
Tue Mar 21 15:37:30 2023:DEBUG:run: date: 1832 concentration: 0.00014832 pptv
Tue Mar 21 15:37:30 2023:DEBUG:run: date: 1833 concentration: 0.000150415 pptv
Tue Mar 21 15:37:30 2023:DEBUG:run: date: 1834 concentration: 0.00015251 pptv
Tue Mar 21 15:37:30 2023:DEBUG:run: date: 1835 concentration: 0.000154604 pptv
Tue Mar 21 15:37:30 2023:DEBUG:run: date: 1836 concentration: 0.000156699 pptv
Tue Mar 21 15:37:30 2023:DEBUG:run: date: 1837 concentration: 0.000158793 pptv
Tue Mar 21 15:37:30 2023:DEBUG:run: date: 1838 concentration: 0.000160888 pptv
Tue Mar 21 15:37:30 2023:DEBUG:run: date: 1839 concentration: 0.000162982 pptv
Tue Mar 21 15:37:30 2023:DEBUG:run: date: 1840 concentration: 0.000165077 pptv
Tue Mar 21 15:37:30 2023:DEBUG:run: date: 1841 concentration: 0.000167171 pptv
Tue Mar 21 15:37:30 2023:DEBUG:run: date: 1842 concentration: 0.000169265 pptv
Tue Mar 21 15:37:30 2023:DEBUG:run: date: 1843 concentration: 0.000171359 pptv
Tue Mar 21 15:37:30 2023:DEBUG:run: date: 1844 concentration: 0.000173453 pptv
Tue Mar 21 15:37:30 2023:DEBUG:run: date: 1845 concentration: 0.000175547 pptv
Tue Mar 21 15:37:30 2023:DEBUG:run: date: 1846 concentration: 0.000177641 pptv
Tue Mar 21 15:37:30 2023:DEBUG:run: date: 1847 concentration: 0.000179736 pptv
Tue Mar 21 15:37:30 2023:DEBUG:run: date: 1848 concentration: 0.00018183 pptv
Tue Mar 21 15:37:30 2023:DEBUG:run: date: 1849 concentration: 0.000183924 pptv
Tue Mar 21 15:37:30 2023:DEBUG:run: date: 1850 concentration: 0.000186114 pptv
Tue Mar 21 15:37:30 2023:DEBUG:run: date: 1851 concentration: 0.000188287 pptv
Tue Mar 21 15:37:30 2023:DEBUG:run: date: 1852 concentration: 0.000190542 pptv
Tue Mar 21 15:37:30 2023:DEBUG:run: date: 1853 concentration: 0.000192767 pptv
Tue Mar 21 15:37:30 2023:DEBUG:run: date: 1854 concentration: 0.000194872 pptv
Tue Mar 21 15:37:30 2023:DEBUG:run: date: 1855 concentration: 0.000197071 pptv
Tue Mar 21 15:37:30 2023:DEBUG:run: date: 1856 concentration: 0.000199154 pptv
Tue Mar 21 15:37:30 2023:DEBUG:run: date: 1857 concentration: 0.000201336 pptv
Tue Mar 21 15:37:30 2023:DEBUG:run: date: 1858 concentration: 0.000203501 pptv
Tue Mar 21 15:37:30 2023:DEBUG:run: date: 1859 concentration: 0.000205557 pptv
Tue Mar 21 15:37:30 2023:DEBUG:run: date: 1860 concentration: 0.00020762 pptv
Tue Mar 21 15:37:30 2023:DEBUG:run: date: 1861 concentration: 0.000209785 pptv
Tue Mar 21 15:37:30 2023:DEBUG:run: date: 1862 concentration: 0.000211937 pptv
Tue Mar 21 15:37:30 2023:DEBUG:run: date: 1863 concentration: 0.000214078 pptv
Tue Mar 21 15:37:30 2023:DEBUG:run: date: 1864 concentration: 0.000216211 pptv
Tue Mar 21 15:37:30 2023:DEBUG:run: date: 1865 concentration: 0.000218336 pptv
Tue Mar 21 15:37:30 2023:DEBUG:run: date: 1866 concentration: 0.000220456 pptv
Tue Mar 21 15:37:30 2023:DEBUG:run: date: 1867 concentration: 0.000222571 pptv
Tue Mar 21 15:37:30 2023:DEBUG:run: date: 1868 concentration: 0.000224682 pptv
Tue Mar 21 15:37:30 2023:DEBUG:run: date: 1869 concentration: 0.00022679 pptv
Tue Mar 21 15:37:30 2023:DEBUG:run: date: 1870 concentration: 0.000228895 pptv
Tue Mar 21 15:37:30 2023:DEBUG:run: date: 1871 concentration: 0.000230998 pptv
Tue Mar 21 15:37:30 2023:DEBUG:run: date: 1872 concentration: 0.0002331 pptv
Tue Mar 21 15:37:30 2023:DEBUG:run: date: 1873 concentration: 0.0002352 pptv
Tue Mar 21 15:37:30 2023:DEBUG:run: date: 1874 concentration: 0.000237299 pptv
Tue Mar 21 15:37:30 2023:DEBUG:run: date: 1875 concentration: 0.000239397 pptv
Tue Mar 21 15:37:30 2023:DEBUG:run: date: 1876 concentration: 0.000241495 pptv
Tue Mar 21 15:37:30 2023:DEBUG:run: date: 1877 concentration: 0.000243591 pptv
Tue Mar 21 15:37:30 2023:DEBUG:run: date: 1878 concentration: 0.000245688 pptv
Tue Mar 21 15:37:30 2023:DEBUG:run: date: 1879 concentration: 0.000247783 pptv
Tue Mar 21 15:37:30 2023:DEBUG:run: date: 1880 concentration: 0.000249879 pptv
Tue Mar 21 15:37:30 2023:DEBUG:run: date: 1881 concentration: 0.000251974 pptv
Tue Mar 21 15:37:30 2023:DEBUG:run: date: 1882 concentration: 0.000254166 pptv
Tue Mar 21 15:37:30 2023:DEBUG:run: date: 1883 concentration: 0.000256339 pptv
Tue Mar 21 15:37:30 2023:DEBUG:run: date: 1884 concentration: 0.000258498 pptv
Tue Mar 21 15:37:30 2023:DEBUG:run: date: 1885 concentration: 0.000260645 pptv
Tue Mar 21 15:37:30 2023:DEBUG:run: date: 1886 concentration: 0.000262782 pptv
Tue Mar 21 15:37:30 2023:DEBUG:run: date: 1887 concentration: 0.000264912 pptv
Tue Mar 21 15:37:30 2023:DEBUG:run: date: 1888 concentration: 0.000267034 pptv
Tue Mar 21 15:37:30 2023:DEBUG:run: date: 1889 concentration: 0.000269152 pptv
Tue Mar 21 15:37:30 2023:DEBUG:run: date: 1890 concentration: 0.000271265 pptv
Tue Mar 21 15:37:30 2023:DEBUG:run: date: 1891 concentration: 0.000273374 pptv
Tue Mar 21 15:37:30 2023:DEBUG:run: date: 1892 concentration: 0.000275578 pptv
Tue Mar 21 15:37:30 2023:DEBUG:run: date: 1893 concentration: 0.000277761 pptv
Tue Mar 21 15:37:30 2023:DEBUG:run: date: 1894 concentration: 0.000279831 pptv
Tue Mar 21 15:37:30 2023:DEBUG:run: date: 1895 concentration: 0.000282002 pptv
Tue Mar 21 15:37:30 2023:DEBUG:run: date: 1896 concentration: 0.000284159 pptv
Tue Mar 21 15:37:30 2023:DEBUG:run: date: 1897 concentration: 0.000286304 pptv
Tue Mar 21 15:37:31 2023:DEBUG:run: date: 1898 concentration: 0.00028844 pptv
Tue Mar 21 15:37:31 2023:DEBUG:run: date: 1899 concentration: 0.000290568 pptv
Tue Mar 21 15:37:31 2023:DEBUG:run: date: 1900 concentration: 0.00029269 pptv
Tue Mar 21 15:37:31 2023:DEBUG:run: date: 1901 concentration: 0.000294903 pptv
Tue Mar 21 15:37:31 2023:DEBUG:run: date: 1902 concentration: 0.000297095 pptv
Tue Mar 21 15:37:31 2023:DEBUG:run: date: 1903 concentration: 0.000299268 pptv
Tue Mar 21 15:37:31 2023:DEBUG:run: date: 1904 concentration: 0.000301427 pptv
Tue Mar 21 15:37:31 2023:DEBUG:run: date: 1905 concentration: 0.00030367 pptv
Tue Mar 21 15:37:31 2023:DEBUG:run: date: 1906 concentration: 0.000305886 pptv
Tue Mar 21 15:37:31 2023:DEBUG:run: date: 1907 concentration: 0.000308079 pptv
Tue Mar 21 15:37:31 2023:DEBUG:run: date: 1908 concentration: 0.000310254 pptv
Tue Mar 21 15:37:31 2023:DEBUG:run: date: 1909 concentration: 0.000312511 pptv
Tue Mar 21 15:37:31 2023:DEBUG:run: date: 1910 concentration: 0.000314737 pptv
Tue Mar 21 15:37:31 2023:DEBUG:run: date: 1911 concentration: 0.00031694 pptv
Tue Mar 21 15:37:31 2023:DEBUG:run: date: 1912 concentration: 0.000319219 pptv
Tue Mar 21 15:37:31 2023:DEBUG:run: date: 1913 concentration: 0.000321463 pptv
Tue Mar 21 15:37:31 2023:DEBUG:run: date: 1914 concentration: 0.000323584 pptv
Tue Mar 21 15:37:31 2023:DEBUG:run: date: 1915 concentration: 0.000325796 pptv
Tue Mar 21 15:37:31 2023:DEBUG:run: date: 1916 concentration: 0.000328082 pptv
Tue Mar 21 15:37:31 2023:DEBUG:run: date: 1917 concentration: 0.00033043 pptv
Tue Mar 21 15:37:31 2023:DEBUG:run: date: 1918 concentration: 0.000332731 pptv
Tue Mar 21 15:37:31 2023:DEBUG:run: date: 1919 concentration: 0.000334994 pptv
Tue Mar 21 15:37:31 2023:DEBUG:run: date: 1920 concentration: 0.000337323 pptv
Tue Mar 21 15:37:31 2023:DEBUG:run: date: 1921 concentration: 0.000339608 pptv
Tue Mar 21 15:37:31 2023:DEBUG:run: date: 1922 concentration: 0.000341954 pptv
Tue Mar 21 15:37:31 2023:DEBUG:run: date: 1923 concentration: 0.000344351 pptv
Tue Mar 21 15:37:31 2023:DEBUG:run: date: 1924 concentration: 0.000346691 pptv
Tue Mar 21 15:37:31 2023:DEBUG:run: date: 1925 concentration: 0.000349083 pptv
Tue Mar 21 15:37:31 2023:DEBUG:run: date: 1926 concentration: 0.000351516 pptv
Tue Mar 21 15:37:31 2023:DEBUG:run: date: 1927 concentration: 0.000353887 pptv
Tue Mar 21 15:37:31 2023:DEBUG:run: date: 1928 concentration: 0.00035611 pptv
Tue Mar 21 15:37:31 2023:DEBUG:run: date: 1929 concentration: 0.000358213 pptv
Tue Mar 21 15:37:31 2023:DEBUG:run: date: 1930 concentration: 0.000360024 pptv
Tue Mar 21 15:37:31 2023:DEBUG:run: date: 1931 concentration: 0.000361791 pptv
Tue Mar 21 15:37:31 2023:DEBUG:run: date: 1932 concentration: 0.000363424 pptv
Tue Mar 21 15:37:31 2023:DEBUG:run: date: 1933 concentration: 0.000365047 pptv
Tue Mar 21 15:37:31 2023:DEBUG:run: date: 1934 concentration: 0.000366756 pptv
Tue Mar 21 15:37:31 2023:DEBUG:run: date: 1935 concentration: 0.000368536 pptv
Tue Mar 21 15:37:31 2023:DEBUG:run: date: 1936 concentration: 0.000370471 pptv
Tue Mar 21 15:37:31 2023:DEBUG:run: date: 1937 concentration: 0.000372435 pptv
Tue Mar 21 15:37:31 2023:DEBUG:run: date: 1938 concentration: 0.000374327 pptv
Tue Mar 21 15:37:31 2023:DEBUG:run: date: 1939 concentration: 0.000376256 pptv
Tue Mar 21 15:37:31 2023:DEBUG:run: date: 1940 concentration: 0.000378408 pptv
Tue Mar 21 15:37:31 2023:DEBUG:run: date: 1941 concentration: 0.00038055 pptv
Tue Mar 21 15:37:31 2023:DEBUG:run: date: 1942 concentration: 0.000382587 pptv
Tue Mar 21 15:37:31 2023:DEBUG:run: date: 1943 concentration: 0.000384634 pptv
Tue Mar 21 15:37:31 2023:DEBUG:run: date: 1944 concentration: 0.000386689 pptv
Tue Mar 21 15:37:31 2023:DEBUG:run: date: 1945 concentration: 0.000388752 pptv
Tue Mar 21 15:37:31 2023:DEBUG:run: date: 1946 concentration: 0.000390821 pptv
Tue Mar 21 15:37:31 2023:DEBUG:run: date: 1947 concentration: 0.00039299 pptv
Tue Mar 21 15:37:31 2023:DEBUG:run: date: 1948 concentration: 0.000395146 pptv
Tue Mar 21 15:37:31 2023:DEBUG:run: date: 1949 concentration: 0.000397097 pptv
Tue Mar 21 15:37:31 2023:DEBUG:run: date: 1950 concentration: 0.000399268 pptv
Tue Mar 21 15:37:31 2023:DEBUG:run: date: 1951 concentration: 0.000401425 pptv
Tue Mar 21 15:37:31 2023:DEBUG:run: date: 1952 concentration: 0.000403377 pptv
Tue Mar 21 15:37:31 2023:DEBUG:run: date: 1953 concentration: 0.000405258 pptv
Tue Mar 21 15:37:31 2023:DEBUG:run: date: 1954 concentration: 0.000406889 pptv
Tue Mar 21 15:37:31 2023:DEBUG:run: date: 1955 concentration: 0.000408702 pptv
Tue Mar 21 15:37:31 2023:DEBUG:run: date: 1956 concentration: 0.000410567 pptv
Tue Mar 21 15:37:31 2023:DEBUG:run: date: 1957 concentration: 0.000412377 pptv
Tue Mar 21 15:37:31 2023:DEBUG:run: date: 1958 concentration: 0.000414337 pptv
Tue Mar 21 15:37:31 2023:DEBUG:run: date: 1959 concentration: 0.000416321 pptv
Tue Mar 21 15:37:31 2023:DEBUG:run: date: 1960 concentration: 0.000418422 pptv
Tue Mar 21 15:37:31 2023:DEBUG:run: date: 1961 concentration: 0.000420135 pptv
Tue Mar 21 15:37:31 2023:DEBUG:run: date: 1962 concentration: 0.000421919 pptv
Tue Mar 21 15:37:31 2023:DEBUG:run: date: 1963 concentration: 0.00042318 pptv
Tue Mar 21 15:37:31 2023:DEBUG:run: date: 1964 concentration: 0.000424691 pptv
Tue Mar 21 15:37:31 2023:DEBUG:run: date: 1965 concentration: 0.000426214 pptv
Tue Mar 21 15:37:31 2023:DEBUG:run: date: 1966 concentration: 0.000427938 pptv
Tue Mar 21 15:37:31 2023:DEBUG:run: date: 1967 concentration: 0.000429828 pptv
Tue Mar 21 15:37:31 2023:DEBUG:run: date: 1968 concentration: 0.000432238 pptv
Tue Mar 21 15:37:31 2023:DEBUG:run: date: 1969 concentration: 0.000434107 pptv
Tue Mar 21 15:37:31 2023:DEBUG:run: date: 1970 concentration: 0.000436307 pptv
Tue Mar 21 15:37:31 2023:DEBUG:run: date: 1971 concentration: 0.000438778 pptv
Tue Mar 21 15:37:31 2023:DEBUG:run: date: 1972 concentration: 0.000441275 pptv
Tue Mar 21 15:37:31 2023:DEBUG:run: date: 1973 concentration: 0.000444568 pptv
Tue Mar 21 15:37:31 2023:DEBUG:run: date: 1974 concentration: 0.00044735 pptv
Tue Mar 21 15:37:31 2023:DEBUG:run: date: 1975 concentration: 0.000449618 pptv
Tue Mar 21 15:37:31 2023:DEBUG:run: date: 1976 concentration: 0.000451661 pptv
Tue Mar 21 15:37:31 2023:DEBUG:run: date: 1977 concentration: 0.000454003 pptv
Tue Mar 21 15:37:31 2023:DEBUG:run: date: 1978 concentration: 0.000456686 pptv
Tue Mar 21 15:37:31 2023:DEBUG:run: date: 1979 concentration: 0.000459357 pptv
Tue Mar 21 15:37:31 2023:DEBUG:run: date: 1980 concentration: 0.000461728 pptv
Tue Mar 21 15:37:31 2023:DEBUG:run: date: 1981 concentration: 0.000463758 pptv
Tue Mar 21 15:37:31 2023:DEBUG:run: date: 1982 concentration: 0.000464543 pptv
Tue Mar 21 15:37:31 2023:DEBUG:run: date: 1983 concentration: 0.000464507 pptv
Tue Mar 21 15:37:31 2023:DEBUG:run: date: 1984 concentration: 0.000465058 pptv
Tue Mar 21 15:37:31 2023:DEBUG:run: date: 1985 concentration: 0.000466376 pptv
Tue Mar 21 15:37:31 2023:DEBUG:run: date: 1986 concentration: 0.000468032 pptv
Tue Mar 21 15:37:31 2023:DEBUG:run: date: 1987 concentration: 0.000469961 pptv
Tue Mar 21 15:37:31 2023:DEBUG:run: date: 1988 concentration: 0.000472887 pptv
Tue Mar 21 15:37:31 2023:DEBUG:run: date: 1989 concentration: 0.000972202 pptv
Tue Mar 21 15:37:31 2023:DEBUG:run: date: 1990 concentration: 0.00340204 pptv
Tue Mar 21 15:37:31 2023:DEBUG:run: date: 1991 concentration: 0.00838885 pptv
Tue Mar 21 15:37:31 2023:DEBUG:run: date: 1992 concentration: 0.015422 pptv
Tue Mar 21 15:37:31 2023:DEBUG:run: date: 1993 concentration: 0.0240753 pptv
Tue Mar 21 15:37:31 2023:DEBUG:run: date: 1994 concentration: 0.0339338 pptv
Tue Mar 21 15:37:31 2023:DEBUG:run: date: 1995 concentration: 0.0448716 pptv
Tue Mar 21 15:37:31 2023:DEBUG:run: date: 1996 concentration: 0.0563995 pptv
Tue Mar 21 15:37:31 2023:DEBUG:run: date: 1997 concentration: 0.0709213 pptv
Tue Mar 21 15:37:31 2023:DEBUG:run: date: 1998 concentration: 0.116297 pptv
Tue Mar 21 15:37:31 2023:DEBUG:run: date: 1999 concentration: 0.198234 pptv
Tue Mar 21 15:37:31 2023:DEBUG:run: date: 2000 concentration: 0.297903 pptv
Tue Mar 21 15:37:31 2023:DEBUG:run: date: 2001 concentration: 0.402367 pptv
Tue Mar 21 15:37:31 2023:DEBUG:run: date: 2002 concentration: 0.598683 pptv
Tue Mar 21 15:37:31 2023:DEBUG:run: date: 2003 concentration: 0.951075 pptv
Tue Mar 21 15:37:31 2023:DEBUG:run: date: 2004 concentration: 1.30606 pptv
Tue Mar 21 15:37:31 2023:DEBUG:run: date: 2005 concentration: 1.67959 pptv
Tue Mar 21 15:37:31 2023:DEBUG:run: date: 2006 concentration: 2.18035 pptv
Tue Mar 21 15:37:31 2023:DEBUG:run: date: 2007 concentration: 2.58964 pptv
Tue Mar 21 15:37:31 2023:DEBUG:run: date: 2008 concentration: 3.14564 pptv
Tue Mar 21 15:37:31 2023:DEBUG:run: date: 2009 concentration: 4.13053 pptv
Tue Mar 21 15:37:31 2023:DEBUG:run: date: 2010 concentration: 4.90461 pptv
Tue Mar 21 15:37:31 2023:DEBUG:run: date: 2011 concentration: 5.97067 pptv
Tue Mar 21 15:37:31 2023:DEBUG:run: date: 2012 concentration: 7.19751 pptv
Tue Mar 21 15:37:31 2023:DEBUG:run: date: 2013 concentration: 7.9466 pptv
Tue Mar 21 15:37:31 2023:DEBUG:run: date: 2014 concentration: 9.42718 pptv
Tue Mar 21 15:37:31 2023:DEBUG:run: date: 2015 concentration: 11.4172 pptv
Tue Mar 21 15:37:31 2023:DEBUG:run: date: 2016 concentration: 12.4311 pptv
Tue Mar 21 15:37:31 2023:DEBUG:run: date: 2017 concentration: 12.6489 pptv
Tue Mar 21 15:37:31 2023:DEBUG:run: date: 2018 concentration: 12.2177 pptv
Tue Mar 21 15:37:31 2023:DEBUG:run: date: 2019 concentration: 11.2669 pptv
Tue Mar 21 15:37:31 2023:DEBUG:run: date: 2020 concentration: 9.88088 pptv
Tue Mar 21 15:37:31 2023:DEBUG:run: date: 2021 concentration: 8.69562 pptv
Tue Mar 21 15:37:31 2023:DEBUG:run: date: 2022 concentration: 7.67409 pptv
Tue Mar 21 15:37:31 2023:DEBUG:run: date: 2023 concentration: 6.78604 pptv
Tue Mar 21 15:37:31 2023:DEBUG:run: date: 2024 concentration: 6.00782 pptv
Tue Mar 21 15:37:31 2023:DEBUG:run: date: 2025 concentration: 5.31817 pptv
Tue Mar 21 15:37:31 2023:DEBUG:run: date: 2026 concentration: 4.70075 pptv
Tue Mar 21 15:37:31 2023:DEBUG:run: date: 2027 concentration: 4.14223 pptv
Tue Mar 21 15:37:31 2023:DEBUG:run: date: 2028 concentration: 3.63269 pptv
Tue Mar 21 15:37:31 2023:DEBUG:run: date: 2029 concentration: 3.16212 pptv
Tue Mar 21 15:37:31 2023:DEBUG:run: date: 2030 concentration: 2.72334 pptv
Tue Mar 21 15:37:31 2023:DEBUG:run: date: 2031 concentration: 2.3588 pptv
Tue Mar 21 15:37:31 2023:DEBUG:run: date: 2032 concentration: 2.05382 pptv
Tue Mar 21 15:37:31 2023:DEBUG:run: date: 2033 concentration: 1.79741 pptv
Tue Mar 21 15:37:31 2023:DEBUG:run: date: 2034 concentration: 1.5806 pptv
Tue Mar 21 15:37:31 2023:DEBUG:run: date: 2035 concentration: 1.39609 pptv
Tue Mar 21 15:37:31 2023:DEBUG:run: date: 2036 concentration: 1.23887 pptv
Tue Mar 21 15:37:31 2023:DEBUG:run: date: 2037 concentration: 1.10285 pptv
Tue Mar 21 15:37:31 2023:DEBUG:run: date: 2038 concentration: 0.9844 pptv
Tue Mar 21 15:37:31 2023:DEBUG:run: date: 2039 concentration: 0.880375 pptv
Tue Mar 21 15:37:31 2023:DEBUG:run: date: 2040 concentration: 0.788016 pptv
Tue Mar 21 15:37:31 2023:DEBUG:run: date: 2041 concentration: 0.708454 pptv
Tue Mar 21 15:37:31 2023:DEBUG:run: date: 2042 concentration: 0.639327 pptv
Tue Mar 21 15:37:31 2023:DEBUG:run: date: 2043 concentration: 0.578806 pptv
Tue Mar 21 15:37:31 2023:DEBUG:run: date: 2044 concentration: 0.525206 pptv
Tue Mar 21 15:37:31 2023:DEBUG:run: date: 2045 concentration: 0.477247 pptv
Tue Mar 21 15:37:31 2023:DEBUG:run: date: 2046 concentration: 0.43389 pptv
Tue Mar 21 15:37:31 2023:DEBUG:run: date: 2047 concentration: 0.394382 pptv
Tue Mar 21 15:37:31 2023:DEBUG:run: date: 2048 concentration: 0.357914 pptv
Tue Mar 21 15:37:31 2023:DEBUG:run: date: 2049 concentration: 0.323927 pptv
Tue Mar 21 15:37:31 2023:DEBUG:run: date: 2050 concentration: 0.291961 pptv
Tue Mar 21 15:37:31 2023:DEBUG:run: date: 2051 concentration: 0.26464 pptv
Tue Mar 21 15:37:31 2023:DEBUG:run: date: 2052 concentration: 0.24101 pptv
Tue Mar 21 15:37:31 2023:DEBUG:run: date: 2053 concentration: 0.220485 pptv
Tue Mar 21 15:37:31 2023:DEBUG:run: date: 2054 concentration: 0.202397 pptv
Tue Mar 21 15:37:31 2023:DEBUG:run: date: 2055 concentration: 0.186391 pptv
Tue Mar 21 15:37:31 2023:DEBUG:run: date: 2056 concentration: 0.171987 pptv
Tue Mar 21 15:37:31 2023:DEBUG:run: date: 2057 concentration: 0.158986 pptv
Tue Mar 21 15:37:31 2023:DEBUG:run: date: 2058 concentration: 0.147032 pptv
Tue Mar 21 15:37:31 2023:DEBUG:run: date: 2059 concentration: 0.136028 pptv
Tue Mar 21 15:37:31 2023:DEBUG:run: date: 2060 concentration: 0.125703 pptv
Tue Mar 21 15:37:31 2023:DEBUG:run: date: 2061 concentration: 0.116607 pptv
Tue Mar 21 15:37:31 2023:DEBUG:run: date: 2062 concentration: 0.108418 pptv
Tue Mar 21 15:37:31 2023:DEBUG:run: date: 2063 concentration: 0.100967 pptv
Tue Mar 21 15:37:31 2023:DEBUG:run: date: 2064 concentration: 0.0942146 pptv
Tue Mar 21 15:37:31 2023:DEBUG:run: date: 2065 concentration: 0.0879359 pptv
Tue Mar 21 15:37:31 2023:DEBUG:run: date: 2066 concentration: 0.0821398 pptv
Tue Mar 21 15:37:31 2023:DEBUG:run: date: 2067 concentration: 0.0766406 pptv
Tue Mar 21 15:37:31 2023:DEBUG:run: date: 2068 concentration: 0.0714414 pptv
Tue Mar 21 15:37:31 2023:DEBUG:run: date: 2069 concentration: 0.0664771 pptv
Tue Mar 21 15:37:31 2023:DEBUG:run: date: 2070 concentration: 0.0616949 pptv
Tue Mar 21 15:37:31 2023:DEBUG:run: date: 2071 concentration: 0.0574185 pptv
Tue Mar 21 15:37:31 2023:DEBUG:run: date: 2072 concentration: 0.053545 pptv
Tue Mar 21 15:37:31 2023:DEBUG:run: date: 2073 concentration: 0.0500097 pptv
Tue Mar 21 15:37:31 2023:DEBUG:run: date: 2074 concentration: 0.0467405 pptv
Tue Mar 21 15:37:31 2023:DEBUG:run: date: 2075 concentration: 0.0436978 pptv
Tue Mar 21 15:37:31 2023:DEBUG:run: date: 2076 concentration: 0.04084 pptv
Tue Mar 21 15:37:31 2023:DEBUG:run: date: 2077 concentration: 0.0381231 pptv
Tue Mar 21 15:37:31 2023:DEBUG:run: date: 2078 concentration: 0.0355309 pptv
Tue Mar 21 15:37:31 2023:DEBUG:run: date: 2079 concentration: 0.0330307 pptv
Tue Mar 21 15:37:31 2023:DEBUG:run: date: 2080 concentration: 0.0306151 pptv
Tue Mar 21 15:37:31 2023:DEBUG:run: date: 2081 concentration: 0.0284619 pptv
Tue Mar 21 15:37:31 2023:DEBUG:run: date: 2082 concentration: 0.0265225 pptv
Tue Mar 21 15:37:31 2023:DEBUG:run: date: 2083 concentration: 0.0247478 pptv
Tue Mar 21 15:37:31 2023:DEBUG:run: date: 2084 concentration: 0.0231172 pptv
Tue Mar 21 15:37:31 2023:DEBUG:run: date: 2085 concentration: 0.0216039 pptv
Tue Mar 21 15:37:31 2023:DEBUG:run: date: 2086 concentration: 0.0201864 pptv
Tue Mar 21 15:37:32 2023:DEBUG:run: date: 2087 concentration: 0.0188469 pptv
Tue Mar 21 15:37:32 2023:DEBUG:run: date: 2088 concentration: 0.0175615 pptv
Tue Mar 21 15:37:32 2023:DEBUG:run: date: 2089 concentration: 0.0163297 pptv
Tue Mar 21 15:37:32 2023:DEBUG:run: date: 2090 concentration: 0.0151417 pptv
Tue Mar 21 15:37:32 2023:DEBUG:run: date: 2091 concentration: 0.0139893 pptv
Tue Mar 21 15:37:32 2023:DEBUG:run: date: 2092 concentration: 0.0128661 pptv
Tue Mar 21 15:37:32 2023:DEBUG:run: date: 2093 concentration: 0.0117667 pptv
Tue Mar 21 15:37:32 2023:DEBUG:run: date: 2094 concentration: 0.0106865 pptv
Tue Mar 21 15:37:32 2023:DEBUG:run: date: 2095 concentration: 0.00962701 pptv
Tue Mar 21 15:37:32 2023:DEBUG:run: date: 2096 concentration: 0.00858043 pptv
Tue Mar 21 15:37:32 2023:DEBUG:run: date: 2097 concentration: 0.0075444 pptv
Tue Mar 21 15:37:32 2023:DEBUG:run: date: 2098 concentration: 0.00651697 pptv
Tue Mar 21 15:37:32 2023:DEBUG:run: date: 2099 concentration: 0.00549657 pptv
Tue Mar 21 15:37:32 2023:DEBUG:run: date: 2100 concentration: 0.00448188 pptv
Tue Mar 21 15:37:32 2023:DEBUG:run: date: 2101 concentration: 0.0036545 pptv
Tue Mar 21 15:37:32 2023:DEBUG:run: date: 2102 concentration: 0.00297987 pptv
Tue Mar 21 15:37:32 2023:DEBUG:run: date: 2103 concentration: 0.00242977 pptv
Tue Mar 21 15:37:32 2023:DEBUG:run: date: 2104 concentration: 0.00198122 pptv
Tue Mar 21 15:37:32 2023:DEBUG:run: date: 2105 concentration: 0.00161548 pptv
Tue Mar 21 15:37:32 2023:DEBUG:run: date: 2106 concentration: 0.00131726 pptv
Tue Mar 21 15:37:32 2023:DEBUG:run: date: 2107 concentration: 0.00107409 pptv
Tue Mar 21 15:37:32 2023:DEBUG:run: date: 2108 concentration: 0.000875806 pptv
Tue Mar 21 15:37:32 2023:DEBUG:run: date: 2109 concentration: 0.000714128 pptv
Tue Mar 21 15:37:32 2023:DEBUG:run: date: 2110 concentration: 0.000582297 pptv
Tue Mar 21 15:37:32 2023:DEBUG:run: date: 2111 concentration: 0.000474803 pptv
Tue Mar 21 15:37:32 2023:DEBUG:run: date: 2112 concentration: 0.000387152 pptv
Tue Mar 21 15:37:32 2023:DEBUG:run: date: 2113 concentration: 0.000315682 pptv
Tue Mar 21 15:37:32 2023:DEBUG:run: date: 2114 concentration: 0.000257406 pptv
Tue Mar 21 15:37:32 2023:DEBUG:run: date: 2115 concentration: 0.000209888 pptv
Tue Mar 21 15:37:32 2023:DEBUG:run: date: 2116 concentration: 0.000171142 pptv
Tue Mar 21 15:37:32 2023:DEBUG:run: date: 2117 concentration: 0.000139548 pptv
Tue Mar 21 15:37:32 2023:DEBUG:run: date: 2118 concentration: 0.000113787 pptv
Tue Mar 21 15:37:32 2023:DEBUG:run: date: 2119 concentration: 9.27814e-05 pptv
Tue Mar 21 15:37:32 2023:DEBUG:run: date: 2120 concentration: 7.56536e-05 pptv
Tue Mar 21 15:37:32 2023:DEBUG:run: date: 2121 concentration: 6.16876e-05 pptv
Tue Mar 21 15:37:32 2023:DEBUG:run: date: 2122 concentration: 5.02998e-05 pptv
Tue Mar 21 15:37:32 2023:DEBUG:run: date: 2123 concentration: 4.10142e-05 pptv
Tue Mar 21 15:37:32 2023:DEBUG:run: date: 2124 concentration: 3.34428e-05 pptv
Tue Mar 21 15:37:32 2023:DEBUG:run: date: 2125 concentration: 2.72692e-05 pptv
Tue Mar 21 15:37:32 2023:DEBUG:run: date: 2126 concentration: 2.22352e-05 pptv
Tue Mar 21 15:37:32 2023:DEBUG:run: date: 2127 concentration: 1.81305e-05 pptv
Tue Mar 21 15:37:32 2023:DEBUG:run: date: 2128 concentration: 1.47835e-05 pptv
Tue Mar 21 15:37:32 2023:DEBUG:run: date: 2129 concentration: 1.20544e-05 pptv
Tue Mar 21 15:37:32 2023:DEBUG:run: date: 2130 concentration: 9.82911e-06 pptv
Tue Mar 21 15:37:32 2023:DEBUG:run: date: 2131 concentration: 8.01461e-06 pptv
Tue Mar 21 15:37:32 2023:DEBUG:run: date: 2132 concentration: 6.53508e-06 pptv
Tue Mar 21 15:37:32 2023:DEBUG:run: date: 2133 concentration: 5.32868e-06 pptv
Tue Mar 21 15:37:32 2023:DEBUG:run: date: 2134 concentration: 4.34498e-06 pptv
Tue Mar 21 15:37:32 2023:DEBUG:run: date: 2135 concentration: 3.54288e-06 pptv
Tue Mar 21 15:37:32 2023:DEBUG:run: date: 2136 concentration: 2.88885e-06 pptv
Tue Mar 21 15:37:32 2023:DEBUG:run: date: 2137 concentration: 2.35556e-06 pptv
Tue Mar 21 15:37:32 2023:DEBUG:run: date: 2138 concentration: 1.92071e-06 pptv
Tue Mar 21 15:37:32 2023:DEBUG:run: date: 2139 concentration: 1.56614e-06 pptv
Tue Mar 21 15:37:32 2023:DEBUG:run: date: 2140 concentration: 1.27702e-06 pptv
Tue Mar 21 15:37:32 2023:DEBUG:run: date: 2141 concentration: 1.04128e-06 pptv
Tue Mar 21 15:37:32 2023:DEBUG:run: date: 2142 concentration: 8.49055e-07 pptv
Tue Mar 21 15:37:32 2023:DEBUG:run: date: 2143 concentration: 6.92316e-07 pptv
Tue Mar 21 15:37:32 2023:DEBUG:run: date: 2144 concentration: 5.64511e-07 pptv
Tue Mar 21 15:37:32 2023:DEBUG:run: date: 2145 concentration: 4.603e-07 pptv
Tue Mar 21 15:37:32 2023:DEBUG:run: date: 2146 concentration: 3.75327e-07 pptv
Tue Mar 21 15:37:32 2023:DEBUG:run: date: 2147 concentration: 3.0604e-07 pptv
Tue Mar 21 15:37:32 2023:DEBUG:run: date: 2148 concentration: 2.49544e-07 pptv
Tue Mar 21 15:37:32 2023:DEBUG:run: date: 2149 concentration: 2.03477e-07 pptv
Tue Mar 21 15:37:32 2023:DEBUG:run: date: 2150 concentration: 1.65914e-07 pptv
Tue Mar 21 15:37:32 2023:DEBUG:run: date: 2151 concentration: 1.35286e-07 pptv
Tue Mar 21 15:37:32 2023:DEBUG:run: date: 2152 concentration: 1.10311e-07 pptv
Tue Mar 21 15:37:32 2023:DEBUG:run: date: 2153 concentration: 8.99475e-08 pptv
Tue Mar 21 15:37:32 2023:DEBUG:run: date: 2154 concentration: 7.33428e-08 pptv
Tue Mar 21 15:37:32 2023:DEBUG:run: date: 2155 concentration: 5.98034e-08 pptv
Tue Mar 21 15:37:32 2023:DEBUG:run: date: 2156 concentration: 4.87634e-08 pptv
Tue Mar 21 15:37:32 2023:DEBUG:run: date: 2157 concentration: 3.97615e-08 pptv
Tue Mar 21 15:37:32 2023:DEBUG:run: date: 2158 concentration: 3.24214e-08 pptv
Tue Mar 21 15:37:32 2023:DEBUG:run: date: 2159 concentration: 2.64362e-08 pptv
Tue Mar 21 15:37:32 2023:DEBUG:run: date: 2160 concentration: 2.1556e-08 pptv
Tue Mar 21 15:37:32 2023:DEBUG:run: date: 2161 concentration: 1.75767e-08 pptv
Tue Mar 21 15:37:32 2023:DEBUG:run: date: 2162 concentration: 1.43319e-08 pptv
Tue Mar 21 15:37:32 2023:DEBUG:run: date: 2163 concentration: 1.16862e-08 pptv
Tue Mar 21 15:37:32 2023:DEBUG:run: date: 2164 concentration: 9.52889e-09 pptv
Tue Mar 21 15:37:32 2023:DEBUG:run: date: 2165 concentration: 7.76981e-09 pptv
Tue Mar 21 15:37:32 2023:DEBUG:run: date: 2166 concentration: 6.33547e-09 pptv
Tue Mar 21 15:37:32 2023:DEBUG:run: date: 2167 concentration: 5.16592e-09 pptv
Tue Mar 21 15:37:32 2023:DEBUG:run: date: 2168 concentration: 4.21227e-09 pptv
Tue Mar 21 15:37:32 2023:DEBUG:run: date: 2169 concentration: 3.43467e-09 pptv
Tue Mar 21 15:37:32 2023:DEBUG:run: date: 2170 concentration: 2.80061e-09 pptv
Tue Mar 21 15:37:32 2023:DEBUG:run: date: 2171 concentration: 2.28361e-09 pptv
Tue Mar 21 15:37:32 2023:DEBUG:run: date: 2172 concentration: 1.86204e-09 pptv
Tue Mar 21 15:37:32 2023:DEBUG:run: date: 2173 concentration: 1.5183e-09 pptv
Tue Mar 21 15:37:32 2023:DEBUG:run: date: 2174 concentration: 1.23802e-09 pptv
Tue Mar 21 15:37:32 2023:DEBUG:run: date: 2175 concentration: 1.00947e-09 pptv
Tue Mar 21 15:37:32 2023:DEBUG:run: date: 2176 concentration: 8.23121e-10 pptv
Tue Mar 21 15:37:32 2023:DEBUG:run: date: 2177 concentration: 6.7117e-10 pptv
Tue Mar 21 15:37:32 2023:DEBUG:run: date: 2178 concentration: 5.47269e-10 pptv
Tue Mar 21 15:37:32 2023:DEBUG:run: date: 2179 concentration: 4.46241e-10 pptv
Tue Mar 21 15:37:32 2023:DEBUG:run: date: 2180 concentration: 3.63863e-10 pptv
Tue Mar 21 15:37:32 2023:DEBUG:run: date: 2181 concentration: 2.96692e-10 pptv
Tue Mar 21 15:37:32 2023:DEBUG:run: date: 2182 concentration: 2.41922e-10 pptv
Tue Mar 21 15:37:32 2023:DEBUG:run: date: 2183 concentration: 1.97262e-10 pptv
Tue Mar 21 15:37:32 2023:DEBUG:run: date: 2184 concentration: 1.60847e-10 pptv
Tue Mar 21 15:37:32 2023:DEBUG:run: date: 2185 concentration: 1.31154e-10 pptv
Tue Mar 21 15:37:32 2023:DEBUG:run: date: 2186 concentration: 1.06942e-10 pptv
Tue Mar 21 15:37:32 2023:DEBUG:run: date: 2187 concentration: 8.72001e-11 pptv
Tue Mar 21 15:37:32 2023:DEBUG:run: date: 2188 concentration: 7.11026e-11 pptv
Tue Mar 21 15:37:32 2023:DEBUG:run: date: 2189 concentration: 5.79768e-11 pptv
Tue Mar 21 15:37:32 2023:DEBUG:run: date: 2190 concentration: 4.7274e-11 pptv
Tue Mar 21 15:37:32 2023:DEBUG:run: date: 2191 concentration: 3.8547e-11 pptv
Tue Mar 21 15:37:32 2023:DEBUG:run: date: 2192 concentration: 3.14311e-11 pptv
Tue Mar 21 15:37:32 2023:DEBUG:run: date: 2193 concentration: 2.56288e-11 pptv
Tue Mar 21 15:37:32 2023:DEBUG:run: date: 2194 concentration: 2.08976e-11 pptv
Tue Mar 21 15:37:32 2023:DEBUG:run: date: 2195 concentration: 1.70398e-11 pptv
Tue Mar 21 15:37:32 2023:DEBUG:run: date: 2196 concentration: 1.38942e-11 pptv
Tue Mar 21 15:37:32 2023:DEBUG:run: date: 2197 concentration: 1.13293e-11 pptv
Tue Mar 21 15:37:32 2023:DEBUG:run: date: 2198 concentration: 9.23784e-12 pptv
Tue Mar 21 15:37:32 2023:DEBUG:run: date: 2199 concentration: 7.53249e-12 pptv
Tue Mar 21 15:37:32 2023:DEBUG:run: date: 2200 concentration: 6.14196e-12 pptv
Tue Mar 21 15:37:32 2023:DEBUG:run: date: 2201 concentration: 5.00813e-12 pptv
Tue Mar 21 15:37:32 2023:DEBUG:run: date: 2202 concentration: 4.08361e-12 pptv
Tue Mar 21 15:37:32 2023:DEBUG:run: date: 2203 concentration: 3.32976e-12 pptv
Tue Mar 21 15:37:32 2023:DEBUG:run: date: 2204 concentration: 2.71507e-12 pptv
Tue Mar 21 15:37:32 2023:DEBUG:run: date: 2205 concentration: 2.21386e-12 pptv
Tue Mar 21 15:37:32 2023:DEBUG:run: date: 2206 concentration: 1.80517e-12 pptv
Tue Mar 21 15:37:32 2023:DEBUG:run: date: 2207 concentration: 1.47193e-12 pptv
Tue Mar 21 15:37:32 2023:DEBUG:run: date: 2208 concentration: 1.2002e-12 pptv
Tue Mar 21 15:37:32 2023:DEBUG:run: date: 2209 concentration: 9.78641e-13 pptv
Tue Mar 21 15:37:32 2023:DEBUG:run: date: 2210 concentration: 7.9798e-13 pptv
Tue Mar 21 15:37:32 2023:DEBUG:run: date: 2211 concentration: 6.50669e-13 pptv
Tue Mar 21 15:37:32 2023:DEBUG:run: date: 2212 concentration: 5.30553e-13 pptv
Tue Mar 21 15:37:32 2023:DEBUG:run: date: 2213 concentration: 4.32611e-13 pptv
Tue Mar 21 15:37:32 2023:DEBUG:run: date: 2214 concentration: 3.52749e-13 pptv
Tue Mar 21 15:37:32 2023:DEBUG:run: date: 2215 concentration: 2.8763e-13 pptv
Tue Mar 21 15:37:32 2023:DEBUG:run: date: 2216 concentration: 2.34532e-13 pptv
Tue Mar 21 15:37:32 2023:DEBUG:run: date: 2217 concentration: 1.91237e-13 pptv
Tue Mar 21 15:37:32 2023:DEBUG:run: date: 2218 concentration: 1.55934e-13 pptv
Tue Mar 21 15:37:32 2023:DEBUG:run: date: 2219 concentration: 1.27148e-13 pptv
Tue Mar 21 15:37:32 2023:DEBUG:run: date: 2220 concentration: 1.03676e-13 pptv
Tue Mar 21 15:37:32 2023:DEBUG:run: date: 2221 concentration: 8.45367e-14 pptv
Tue Mar 21 15:37:32 2023:DEBUG:run: date: 2222 concentration: 6.89308e-14 pptv
Tue Mar 21 15:37:32 2023:DEBUG:run: date: 2223 concentration: 5.62059e-14 pptv
Tue Mar 21 15:37:32 2023:DEBUG:run: date: 2224 concentration: 4.58301e-14 pptv
Tue Mar 21 15:37:32 2023:DEBUG:run: date: 2225 concentration: 3.73696e-14 pptv
Tue Mar 21 15:37:32 2023:DEBUG:run: date: 2226 concentration: 3.04711e-14 pptv
Tue Mar 21 15:37:32 2023:DEBUG:run: date: 2227 concentration: 2.4846e-14 pptv
Tue Mar 21 15:37:32 2023:DEBUG:run: date: 2228 concentration: 2.02593e-14 pptv
Tue Mar 21 15:37:32 2023:DEBUG:run: date: 2229 concentration: 1.65193e-14 pptv
Tue Mar 21 15:37:32 2023:DEBUG:run: date: 2230 concentration: 1.34698e-14 pptv
Tue Mar 21 15:37:32 2023:DEBUG:run: date: 2231 concentration: 1.09832e-14 pptv
Tue Mar 21 15:37:32 2023:DEBUG:run: date: 2232 concentration: 8.95568e-15 pptv
Tue Mar 21 15:37:32 2023:DEBUG:run: date: 2233 concentration: 7.30242e-15 pptv
Tue Mar 21 15:37:32 2023:DEBUG:run: date: 2234 concentration: 5.95436e-15 pptv
Tue Mar 21 15:37:32 2023:DEBUG:run: date: 2235 concentration: 4.85516e-15 pptv
Tue Mar 21 15:37:32 2023:DEBUG:run: date: 2236 concentration: 3.95888e-15 pptv
Tue Mar 21 15:37:32 2023:DEBUG:run: date: 2237 concentration: 3.22805e-15 pptv
Tue Mar 21 15:37:32 2023:DEBUG:run: date: 2238 concentration: 2.63214e-15 pptv
Tue Mar 21 15:37:32 2023:DEBUG:run: date: 2239 concentration: 2.14624e-15 pptv
Tue Mar 21 15:37:32 2023:DEBUG:run: date: 2240 concentration: 1.75003e-15 pptv
Tue Mar 21 15:37:32 2023:DEBUG:run: date: 2241 concentration: 1.42697e-15 pptv
Tue Mar 21 15:37:32 2023:DEBUG:run: date: 2242 concentration: 1.16354e-15 pptv
Tue Mar 21 15:37:32 2023:DEBUG:run: date: 2243 concentration: 9.48749e-16 pptv
Tue Mar 21 15:37:32 2023:DEBUG:run: date: 2244 concentration: 7.73606e-16 pptv
Tue Mar 21 15:37:32 2023:DEBUG:run: date: 2245 concentration: 6.30795e-16 pptv
Tue Mar 21 15:37:32 2023:DEBUG:run: date: 2246 concentration: 5.14348e-16 pptv
Tue Mar 21 15:37:32 2023:DEBUG:run: date: 2247 concentration: 4.19397e-16 pptv
Tue Mar 21 15:37:32 2023:DEBUG:run: date: 2248 concentration: 3.41975e-16 pptv
Tue Mar 21 15:37:32 2023:DEBUG:run: date: 2249 concentration: 2.78845e-16 pptv
Tue Mar 21 15:37:32 2023:DEBUG:run: date: 2250 concentration: 2.27369e-16 pptv
Tue Mar 21 15:37:32 2023:DEBUG:run: date: 2251 concentration: 1.85396e-16 pptv
Tue Mar 21 15:37:32 2023:DEBUG:run: date: 2252 concentration: 1.51171e-16 pptv
Tue Mar 21 15:37:32 2023:DEBUG:run: date: 2253 concentration: 1.23264e-16 pptv
Tue Mar 21 15:37:32 2023:DEBUG:run: date: 2254 concentration: 1.00509e-16 pptv
Tue Mar 21 15:37:32 2023:DEBUG:run: date: 2255 concentration: 8.19546e-17 pptv
Tue Mar 21 15:37:32 2023:DEBUG:run: date: 2256 concentration: 6.68254e-17 pptv
Tue Mar 21 15:37:32 2023:DEBUG:run: date: 2257 concentration: 5.44892e-17 pptv
Tue Mar 21 15:37:32 2023:DEBUG:run: date: 2258 concentration: 4.44302e-17 pptv
Tue Mar 21 15:37:32 2023:DEBUG:run: date: 2259 concentration: 3.62282e-17 pptv
Tue Mar 21 15:37:32 2023:DEBUG:run: date: 2260 concentration: 2.95403e-17 pptv
Tue Mar 21 15:37:32 2023:DEBUG:run: date: 2261 concentration: 2.40871e-17 pptv
Tue Mar 21 15:37:32 2023:DEBUG:run: date: 2262 concentration: 1.96405e-17 pptv
Tue Mar 21 15:37:32 2023:DEBUG:run: date: 2263 concentration: 1.60148e-17 pptv
Tue Mar 21 15:37:32 2023:DEBUG:run: date: 2264 concentration: 1.30584e-17 pptv
Tue Mar 21 15:37:32 2023:DEBUG:run: date: 2265 concentration: 1.06478e-17 pptv
Tue Mar 21 15:37:32 2023:DEBUG:run: date: 2266 concentration: 8.68213e-18 pptv
Tue Mar 21 15:37:32 2023:DEBUG:run: date: 2267 concentration: 7.07937e-18 pptv
Tue Mar 21 15:37:32 2023:DEBUG:run: date: 2268 concentration: 5.77249e-18 pptv
Tue Mar 21 15:37:32 2023:DEBUG:run: date: 2269 concentration: 4.70687e-18 pptv
Tue Mar 21 15:37:32 2023:DEBUG:run: date: 2270 concentration: 3.83796e-18 pptv
Tue Mar 21 15:37:32 2023:DEBUG:run: date: 2271 concentration: 3.12946e-18 pptv
Tue Mar 21 15:37:32 2023:DEBUG:run: date: 2272 concentration: 2.55174e-18 pptv
Tue Mar 21 15:37:32 2023:DEBUG:run: date: 2273 concentration: 2.08068e-18 pptv
Tue Mar 21 15:37:32 2023:DEBUG:run: date: 2274 concentration: 1.69658e-18 pptv
Tue Mar 21 15:37:32 2023:DEBUG:run: date: 2275 concentration: 1.38338e-18 pptv
Tue Mar 21 15:37:32 2023:DEBUG:run: date: 2276 concentration: 1.12801e-18 pptv
Tue Mar 21 15:37:32 2023:DEBUG:run: date: 2277 concentration: 9.19771e-19 pptv
Tue Mar 21 15:37:32 2023:DEBUG:run: date: 2278 concentration: 7.49977e-19 pptv
Tue Mar 21 15:37:32 2023:DEBUG:run: date: 2279 concentration: 6.11528e-19 pptv
Tue Mar 21 15:37:32 2023:DEBUG:run: date: 2280 concentration: 4.98638e-19 pptv
Tue Mar 21 15:37:32 2023:DEBUG:run: date: 2281 concentration: 4.06587e-19 pptv
Tue Mar 21 15:37:32 2023:DEBUG:run: date: 2282 concentration: 3.31529e-19 pptv
Tue Mar 21 15:37:32 2023:DEBUG:run: date: 2283 concentration: 2.70328e-19 pptv
Tue Mar 21 15:37:32 2023:DEBUG:run: date: 2284 concentration: 2.20424e-19 pptv
Tue Mar 21 15:37:32 2023:DEBUG:run: date: 2285 concentration: 1.79733e-19 pptv
Tue Mar 21 15:37:32 2023:DEBUG:run: date: 2286 concentration: 1.46553e-19 pptv
Tue Mar 21 15:37:32 2023:DEBUG:run: date: 2287 concentration: 1.19499e-19 pptv
Tue Mar 21 15:37:32 2023:DEBUG:run: date: 2288 concentration: 9.7439e-20 pptv
Tue Mar 21 15:37:32 2023:DEBUG:run: date: 2289 concentration: 7.94514e-20 pptv
Tue Mar 21 15:37:32 2023:DEBUG:run: date: 2290 concentration: 6.47843e-20 pptv
Tue Mar 21 15:37:32 2023:DEBUG:run: date: 2291 concentration: 5.28248e-20 pptv
Tue Mar 21 15:37:32 2023:DEBUG:run: date: 2292 concentration: 4.30732e-20 pptv
Tue Mar 21 15:37:32 2023:DEBUG:run: date: 2293 concentration: 3.51217e-20 pptv
Tue Mar 21 15:37:32 2023:DEBUG:run: date: 2294 concentration: 2.86381e-20 pptv
Tue Mar 21 15:37:32 2023:DEBUG:run: date: 2295 concentration: 2.33514e-20 pptv
Tue Mar 21 15:37:32 2023:DEBUG:run: date: 2296 concentration: 1.90406e-20 pptv
Tue Mar 21 15:37:32 2023:DEBUG:run: date: 2297 concentration: 1.55256e-20 pptv
Tue Mar 21 15:37:32 2023:DEBUG:run: date: 2298 concentration: 1.26595e-20 pptv
Tue Mar 21 15:37:32 2023:DEBUG:run: date: 2299 concentration: 1.03225e-20 pptv
Tue Mar 21 15:37:32 2023:DEBUG:run: date: 2300 concentration: 8.41695e-21 pptv
