Tue Mar 21 15:37:28 2023:NOTICE:printLogHeader: hector version 2.5.0
Tue Mar 21 15:37:28 2023:DEBUG:setData: Setting tau[-1]=15.9
Tue Mar 21 15:37:28 2023:DEBUG:setData: Setting rho[-1]=0.0004
Tue Mar 21 15:37:28 2023:DEBUG:setData: Setting HFC4310_emissions[1765]=0
Tue Mar 21 15:37:28 2023:DEBUG:setData: Setting HFC4310_emissions[1766]=0
Tue Mar 21 15:37:28 2023:DEBUG:setData: Setting HFC4310_emissions[1767]=0
Tue Mar 21 15:37:28 2023:DEBUG:setData: Setting HFC4310_emissions[1768]=0
Tue Mar 21 15:37:28 2023:DEBUG:setData: Setting HFC4310_emissions[1769]=0
Tue Mar 21 15:37:28 2023:DEBUG:setData: Setting HFC4310_emissions[1770]=0
Tue Mar 21 15:37:28 2023:DEBUG:setData: Setting HFC4310_emissions[1771]=0
Tue Mar 21 15:37:28 2023:DEBUG:setData: Setting HFC4310_emissions[1772]=0
Tue Mar 21 15:37:28 2023:DEBUG:setData: Setting HFC4310_emissions[1773]=0
Tue Mar 21 15:37:28 2023:DEBUG:setData: Setting HFC4310_emissions[1774]=0
Tue Mar 21 15:37:28 2023:DEBUG:setData: Setting HFC4310_emissions[1775]=0
Tue Mar 21 15:37:28 2023:DEBUG:setData: Setting HFC4310_emissions[1776]=0
Tue Mar 21 15:37:28 2023:DEBUG:setData: Setting HFC4310_emissions[1777]=0
Tue Mar 21 15:37:28 2023:DEBUG:setData: Setting HFC4310_emissions[1778]=0
Tue Mar 21 15:37:28 2023:DEBUG:setData: Setting HFC4310_emissions[1779]=0
Tue Mar 21 15:37:28 2023:DEBUG:setData: Setting HFC4310_emissions[1780]=0
Tue Mar 21 15:37:28 2023:DEBUG:setData: Setting HFC4310_emissions[1781]=0
Tue Mar 21 15:37:28 2023:DEBUG:setData: Setting HFC4310_emissions[1782]=0
Tue Mar 21 15:37:28 2023:DEBUG:setData: Setting HFC4310_emissions[1783]=0
Tue Mar 21 15:37:28 2023:DEBUG:setData: Setting HFC4310_emissions[1784]=0
Tue Mar 21 15:37:28 2023:DEBUG:setData: Setting HFC4310_emissions[1785]=0
Tue Mar 21 15:37:28 2023:DEBUG:setData: Setting HFC4310_emissions[1786]=0
Tue Mar 21 15:37:28 2023:DEBUG:setData: Setting HFC4310_emissions[1787]=0
Tue Mar 21 15:37:28 2023:DEBUG:setData: Setting HFC4310_emissions[1788]=0
Tue Mar 21 15:37:28 2023:DEBUG:setData: Setting HFC4310_emissions[1789]=0
Tue Mar 21 15:37:28 2023:DEBUG:setData: Setting HFC4310_emissions[1790]=0
Tue Mar 21 15:37:28 2023:DEBUG:setData: Setting HFC4310_emissions[1791]=0
Tue Mar 21 15:37:28 2023:DEBUG:setData: Setting HFC4310_emissions[1792]=0
Tue Mar 21 15:37:28 2023:DEBUG:setData: Setting HFC4310_emissions[1793]=0
Tue Mar 21 15:37:28 2023:DEBUG:setData: Setting HFC4310_emissions[1794]=0
Tue Mar 21 15:37:28 2023:DEBUG:setData: Setting HFC4310_emissions[1795]=0
Tue Mar 21 15:37:28 2023:DEBUG:setData: Setting HFC4310_emissions[1796]=0
Tue Mar 21 15:37:28 2023:DEBUG:setData: Setting HFC4310_emissions[1797]=0
Tue Mar 21 15:37:28 2023:DEBUG:setData: Setting HFC4310_emissions[1798]=0
Tue Mar 21 15:37:28 2023:DEBUG:setData: Setting HFC4310_emissions[1799]=0
Tue Mar 21 15:37:28 2023:DEBUG:setData: Setting HFC4310_emissions[1800]=0
Tue Mar 21 15:37:28 2023:DEBUG:setData: Setting HFC4310_emissions[1801]=0
Tue Mar 21 15:37:28 2023:DEBUG:setData: Setting HFC4310_emissions[1802]=0
Tue Mar 21 15:37:28 2023:DEBUG:setData: Setting HFC4310_emissions[1803]=0
Tue Mar 21 15:37:28 2023:DEBUG:setData: Setting HFC4310_emissions[1804]=0
Tue Mar 21 15:37:28 2023:DEBUG:setData: Setting HFC4310_emissions[1805]=0
Tue Mar 21 15:37:28 2023:DEBUG:setData: Setting HFC4310_emissions[1806]=0
Tue Mar 21 15:37:28 2023:DEBUG:setData: Setting HFC4310_emissions[1807]=0
Tue Mar 21 15:37:28 2023:DEBUG:setData: Setting HFC4310_emissions[1808]=0
Tue Mar 21 15:37:28 2023:DEBUG:setData: Setting HFC4310_emissions[1809]=0
Tue Mar 21 15:37:28 2023:DEBUG:setData: Setting HFC4310_emissions[1810]=0
Tue Mar 21 15:37:28 2023:DEBUG:setData: Setting HFC4310_emissions[1811]=0
Tue Mar 21 15:37:28 2023:DEBUG:setData: Setting HFC4310_emissions[1812]=0
Tue Mar 21 15:37:28 2023:DEBUG:setData: Setting HFC4310_emissions[1813]=0
Tue Mar 21 15:37:28 2023:DEBUG:setData: Setting HFC4310_emissions[1814]=0
Tue Mar 21 15:37:28 2023:DEBUG:setData: Setting HFC4310_emissions[1815]=0
Tue Mar 21 15:37:28 2023:DEBUG:setData: Setting HFC4310_emissions[1816]=0
Tue Mar 21 15:37:28 2023:DEBUG:setData: Setting HFC4310_emissions[1817]=0
Tue Mar 21 15:37:28 2023:DEBUG:setData: Setting HFC4310_emissions[1818]=0
Tue Mar 21 15:37:28 2023:DEBUG:setData: Setting HFC4310_emissions[1819]=0
Tue Mar 21 15:37:28 2023:DEBUG:setData: Setting HFC4310_emissions[1820]=0
Tue Mar 21 15:37:28 2023:DEBUG:setData: Setting HFC4310_emissions[1821]=0
Tue Mar 21 15:37:28 2023:DEBUG:setData: Setting HFC4310_emissions[1822]=0
Tue Mar 21 15:37:28 2023:DEBUG:setData: Setting HFC4310_emissions[1823]=0
Tue Mar 21 15:37:28 2023:DEBUG:setData: Setting HFC4310_emissions[1824]=0
Tue Mar 21 15:37:28 2023:DEBUG:setData: Setting HFC4310_emissions[1825]=0
Tue Mar 21 15:37:28 2023:DEBUG:setData: Setting HFC4310_emissions[1826]=0
Tue Mar 21 15:37:28 2023:DEBUG:setData: Setting HFC4310_emissions[1827]=0
Tue Mar 21 15:37:28 2023:DEBUG:setData: Setting HFC4310_emissions[1828]=0
Tue Mar 21 15:37:28 2023:DEBUG:setData: Setting HFC4310_emissions[1829]=0
Tue Mar 21 15:37:28 2023:DEBUG:setData: Setting HFC4310_emissions[1830]=0
Tue Mar 21 15:37:28 2023:DEBUG:setData: Setting HFC4310_emissions[1831]=0
Tue Mar 21 15:37:28 2023:DEBUG:setData: Setting HFC4310_emissions[1832]=0
Tue Mar 21 15:37:28 2023:DEBUG:setData: Setting HFC4310_emissions[1833]=0
Tue Mar 21 15:37:28 2023:DEBUG:setData: Setting HFC4310_emissions[1834]=0
Tue Mar 21 15:37:28 2023:DEBUG:setData: Setting HFC4310_emissions[1835]=0
Tue Mar 21 15:37:28 2023:DEBUG:setData: Setting HFC4310_emissions[1836]=0
Tue Mar 21 15:37:28 2023:DEBUG:setData: Setting HFC4310_emissions[1837]=0
Tue Mar 21 15:37:28 2023:DEBUG:setData: Setting HFC4310_emissions[1838]=0
Tue Mar 21 15:37:28 2023:DEBUG:setData: Setting HFC4310_emissions[1839]=0
Tue Mar 21 15:37:28 2023:DEBUG:setData: Setting HFC4310_emissions[1840]=0
Tue Mar 21 15:37:28 2023:DEBUG:setData: Setting HFC4310_emissions[1841]=0
Tue Mar 21 15:37:28 2023:DEBUG:setData: Setting HFC4310_emissions[1842]=0
Tue Mar 21 15:37:28 2023:DEBUG:setData: Setting HFC4310_emissions[1843]=0
Tue Mar 21 15:37:28 2023:DEBUG:setData: Setting HFC4310_emissions[1844]=0
Tue Mar 21 15:37:28 2023:DEBUG:setData: Setting HFC4310_emissions[1845]=0
Tue Mar 21 15:37:28 2023:DEBUG:setData: Setting HFC4310_emissions[1846]=0
Tue Mar 21 15:37:28 2023:DEBUG:setData: Setting HFC4310_emissions[1847]=0
Tue Mar 21 15:37:28 2023:DEBUG:setData: Setting HFC4310_emissions[1848]=0
Tue Mar 21 15:37:28 2023:DEBUG:setData: Setting HFC4310_emissions[1849]=0
Tue Mar 21 15:37:28 2023:DEBUG:setData: Setting HFC4310_emissions[1850]=0
Tue Mar 21 15:37:28 2023:DEBUG:setData: Setting HFC4310_emissions[1851]=0
Tue Mar 21 15:37:28 2023:DEBUG:setData: Setting HFC4310_emissions[1852]=0
Tue Mar 21 15:37:28 2023:DEBUG:setData: Setting HFC4310_emissions[1853]=0
Tue Mar 21 15:37:28 2023:DEBUG:setData: Setting HFC4310_emissions[1854]=0
Tue Mar 21 15:37:28 2023:DEBUG:setData: Setting HFC4310_emissions[1855]=0
Tue Mar 21 15:37:28 2023:DEBUG:setData: Setting HFC4310_emissions[1856]=0
Tue Mar 21 15:37:28 2023:DEBUG:setData: Setting HFC4310_emissions[1857]=0
Tue Mar 21 15:37:28 2023:DEBUG:setData: Setting HFC4310_emissions[1858]=0
Tue Mar 21 15:37:28 2023:DEBUG:setData: Setting HFC4310_emissions[1859]=0
Tue Mar 21 15:37:28 2023:DEBUG:setData: Setting HFC4310_emissions[1860]=0
Tue Mar 21 15:37:28 2023:DEBUG:setData: Setting HFC4310_emissions[1861]=0
Tue Mar 21 15:37:28 2023:DEBUG:setData: Setting HFC4310_emissions[1862]=0
Tue Mar 21 15:37:28 2023:DEBUG:setData: Setting HFC4310_emissions[1863]=0
Tue Mar 21 15:37:28 2023:DEBUG:setData: Setting HFC4310_emissions[1864]=0
Tue Mar 21 15:37:28 2023:DEBUG:setData: Setting HFC4310_emissions[1865]=0
Tue Mar 21 15:37:28 2023:DEBUG:setData: Setting HFC4310_emissions[1866]=0
Tue Mar 21 15:37:28 2023:DEBUG:setData: Setting HFC4310_emissions[1867]=0
Tue Mar 21 15:37:28 2023:DEBUG:setData: Setting HFC4310_emissions[1868]=0
Tue Mar 21 15:37:28 2023:DEBUG:setData: Setting HFC4310_emissions[1869]=0
Tue Mar 21 15:37:28 2023:DEBUG:setData: Setting HFC4310_emissions[1870]=0
Tue Mar 21 15:37:28 2023:DEBUG:setData: Setting HFC4310_emissions[1871]=0
Tue Mar 21 15:37:28 2023:DEBUG:setData: Setting HFC4310_emissions[1872]=0
Tue Mar 21 15:37:28 2023:DEBUG:setData: Setting HFC4310_emissions[1873]=0
Tue Mar 21 15:37:28 2023:DEBUG:setData: Setting HFC4310_emissions[1874]=0
Tue Mar 21 15:37:28 2023:DEBUG:setData: Setting HFC4310_emissions[1875]=0
Tue Mar 21 15:37:28 2023:DEBUG:setData: Setting HFC4310_emissions[1876]=0
Tue Mar 21 15:37:28 2023:DEBUG:setData: Setting HFC4310_emissions[1877]=0
Tue Mar 21 15:37:28 2023:DEBUG:setData: Setting HFC4310_emissions[1878]=0
Tue Mar 21 15:37:28 2023:DEBUG:setData: Setting HFC4310_emissions[1879]=0
Tue Mar 21 15:37:28 2023:DEBUG:setData: Setting HFC4310_emissions[1880]=0
Tue Mar 21 15:37:28 2023:DEBUG:setData: Setting HFC4310_emissions[1881]=0
Tue Mar 21 15:37:28 2023:DEBUG:setData: Setting HFC4310_emissions[1882]=0
Tue Mar 21 15:37:28 2023:DEBUG:setData: Setting HFC4310_emissions[1883]=0
Tue Mar 21 15:37:28 2023:DEBUG:setData: Setting HFC4310_emissions[1884]=0
Tue Mar 21 15:37:28 2023:DEBUG:setData: Setting HFC4310_emissions[1885]=0
Tue Mar 21 15:37:28 2023:DEBUG:setData: Setting HFC4310_emissions[1886]=0
Tue Mar 21 15:37:28 2023:DEBUG:setData: Setting HFC4310_emissions[1887]=0
Tue Mar 21 15:37:28 2023:DEBUG:setData: Setting HFC4310_emissions[1888]=0
Tue Mar 21 15:37:28 2023:DEBUG:setData: Setting HFC4310_emissions[1889]=0
Tue Mar 21 15:37:28 2023:DEBUG:setData: Setting HFC4310_emissions[1890]=0
Tue Mar 21 15:37:28 2023:DEBUG:setData: Setting HFC4310_emissions[1891]=0
Tue Mar 21 15:37:28 2023:DEBUG:setData: Setting HFC4310_emissions[1892]=0
Tue Mar 21 15:37:28 2023:DEBUG:setData: Setting HFC4310_emissions[1893]=0
Tue Mar 21 15:37:28 2023:DEBUG:setData: Setting HFC4310_emissions[1894]=0
Tue Mar 21 15:37:28 2023:DEBUG:setData: Setting HFC4310_emissions[1895]=0
Tue Mar 21 15:37:28 2023:DEBUG:setData: Setting HFC4310_emissions[1896]=0
Tue Mar 21 15:37:28 2023:DEBUG:setData: Setting HFC4310_emissions[1897]=0
Tue Mar 21 15:37:28 2023:DEBUG:setData: Setting HFC4310_emissions[1898]=0
Tue Mar 21 15:37:28 2023:DEBUG:setData: Setting HFC4310_emissions[1899]=0
Tue Mar 21 15:37:28 2023:DEBUG:setData: Setting HFC4310_emissions[1900]=0
Tue Mar 21 15:37:28 2023:DEBUG:setData: Setting HFC4310_emissions[1901]=0
Tue Mar 21 15:37:28 2023:DEBUG:setData: Setting HFC4310_emissions[1902]=0
Tue Mar 21 15:37:28 2023:DEBUG:setData: Setting HFC4310_emissions[1903]=0
Tue Mar 21 15:37:28 2023:DEBUG:setData: Setting HFC4310_emissions[1904]=0
Tue Mar 21 15:37:28 2023:DEBUG:setData: Setting HFC4310_emissions[1905]=0
Tue Mar 21 15:37:28 2023:DEBUG:setData: Setting HFC4310_emissions[1906]=0
Tue Mar 21 15:37:28 2023:DEBUG:setData: Setting HFC4310_emissions[1907]=0
Tue Mar 21 15:37:28 2023:DEBUG:setData: Setting HFC4310_emissions[1908]=0
Tue Mar 21 15:37:28 2023:DEBUG:setData: Setting HFC4310_emissions[1909]=0
Tue Mar 21 15:37:28 2023:DEBUG:setData: Setting HFC4310_emissions[1910]=0
Tue Mar 21 15:37:28 2023:DEBUG:setData: Setting HFC4310_emissions[1911]=0
Tue Mar 21 15:37:28 2023:DEBUG:setData: Setting HFC4310_emissions[1912]=0
Tue Mar 21 15:37:28 2023:DEBUG:setData: Setting HFC4310_emissions[1913]=0
Tue Mar 21 15:37:28 2023:DEBUG:setData: Setting HFC4310_emissions[1914]=0
Tue Mar 21 15:37:28 2023:DEBUG:setData: Setting HFC4310_emissions[1915]=0
Tue Mar 21 15:37:28 2023:DEBUG:setData: Setting HFC4310_emissions[1916]=0
Tue Mar 21 15:37:28 2023:DEBUG:setData: Setting HFC4310_emissions[1917]=0
Tue Mar 21 15:37:28 2023:DEBUG:setData: Setting HFC4310_emissions[1918]=0
Tue Mar 21 15:37:28 2023:DEBUG:setData: Setting HFC4310_emissions[1919]=0
Tue Mar 21 15:37:28 2023:DEBUG:setData: Setting HFC4310_emissions[1920]=0
Tue Mar 21 15:37:28 2023:DEBUG:setData: Setting HFC4310_emissions[1921]=0
Tue Mar 21 15:37:28 2023:DEBUG:setData: Setting HFC4310_emissions[1922]=0
Tue Mar 21 15:37:28 2023:DEBUG:setData: Setting HFC4310_emissions[1923]=0
Tue Mar 21 15:37:28 2023:DEBUG:setData: Setting HFC4310_emissions[1924]=0
Tue Mar 21 15:37:28 2023:DEBUG:setData: Setting HFC4310_emissions[1925]=0
Tue Mar 21 15:37:28 2023:DEBUG:setData: Setting HFC4310_emissions[1926]=0
Tue Mar 21 15:37:28 2023:DEBUG:setData: Setting HFC4310_emissions[1927]=0
Tue Mar 21 15:37:28 2023:DEBUG:setData: Setting HFC4310_emissions[1928]=0
Tue Mar 21 15:37:28 2023:DEBUG:setData: Setting HFC4310_emissions[1929]=0
Tue Mar 21 15:37:28 2023:DEBUG:setData: Setting HFC4310_emissions[1930]=0
Tue Mar 21 15:37:28 2023:DEBUG:setData: Setting HFC4310_emissions[1931]=0
Tue Mar 21 15:37:28 2023:DEBUG:setData: Setting HFC4310_emissions[1932]=0
Tue Mar 21 15:37:28 2023:DEBUG:setData: Setting HFC4310_emissions[1933]=0
Tue Mar 21 15:37:28 2023:DEBUG:setData: Setting HFC4310_emissions[1934]=0
Tue Mar 21 15:37:28 2023:DEBUG:setData: Setting HFC4310_emissions[1935]=0
Tue Mar 21 15:37:28 2023:DEBUG:setData: Setting HFC4310_emissions[1936]=0
Tue Mar 21 15:37:28 2023:DEBUG:setData: Setting HFC4310_emissions[1937]=0
Tue Mar 21 15:37:28 2023:DEBUG:setData: Setting HFC4310_emissions[1938]=0
Tue Mar 21 15:37:28 2023:DEBUG:setData: Setting HFC4310_emissions[1939]=0
Tue Mar 21 15:37:28 2023:DEBUG:setData: Setting HFC4310_emissions[1940]=0
Tue Mar 21 15:37:28 2023:DEBUG:setData: Setting HFC4310_emissions[1941]=0
Tue Mar 21 15:37:28 2023:DEBUG:setData: Setting HFC4310_emissions[1942]=0
Tue Mar 21 15:37:28 2023:DEBUG:setData: Setting HFC4310_emissions[1943]=0
Tue Mar 21 15:37:28 2023:DEBUG:setData: Setting HFC4310_emissions[1944]=0
Tue Mar 21 15:37:28 2023:DEBUG:setData: Setting HFC4310_emissions[1945]=0
Tue Mar 21 15:37:28 2023:DEBUG:setData: Setting HFC4310_emissions[1946]=0
Tue Mar 21 15:37:28 2023:DEBUG:setData: Setting HFC4310_emissions[1947]=0
Tue Mar 21 15:37:28 2023:DEBUG:setData: Setting HFC4310_emissions[1948]=0
Tue Mar 21 15:37:28 2023:DEBUG:setData: Setting HFC4310_emissions[1949]=0
Tue Mar 21 15:37:28 2023:DEBUG:setData: Setting HFC4310_emissions[1950]=0
Tue Mar 21 15:37:28 2023:DEBUG:setData: Setting HFC4310_emissions[1951]=0
Tue Mar 21 15:37:28 2023:DEBUG:setData: Setting HFC4310_emissions[1952]=0
Tue Mar 21 15:37:28 2023:DEBUG:setData: Setting HFC4310_emissions[1953]=0
Tue Mar 21 15:37:28 2023:DEBUG:setData: Setting HFC4310_emissions[1954]=0
Tue Mar 21 15:37:28 2023:DEBUG:setData: Setting HFC4310_emissions[1955]=0
Tue Mar 21 15:37:28 2023:DEBUG:setData: Setting HFC4310_emissions[1956]=0
Tue Mar 21 15:37:28 2023:DEBUG:setData: Setting HFC4310_emissions[1957]=0
Tue Mar 21 15:37:28 2023:DEBUG:setData: Setting HFC4310_emissions[1958]=0
Tue Mar 21 15:37:28 2023:DEBUG:setData: Setting HFC4310_emissions[1959]=0
Tue Mar 21 15:37:28 2023:DEBUG:setData: Setting HFC4310_emissions[1960]=0
Tue Mar 21 15:37:28 2023:DEBUG:setData: Setting HFC4310_emissions[1961]=0
Tue Mar 21 15:37:28 2023:DEBUG:setData: Setting HFC4310_emissions[1962]=0
Tue Mar 21 15:37:28 2023:DEBUG:setData: Setting HFC4310_emissions[1963]=0
Tue Mar 21 15:37:28 2023:DEBUG:setData: Setting HFC4310_emissions[1964]=0
Tue Mar 21 15:37:28 2023:DEBUG:setData: Setting HFC4310_emissions[1965]=0
Tue Mar 21 15:37:28 2023:DEBUG:setData: Setting HFC4310_emissions[1966]=0
Tue Mar 21 15:37:28 2023:DEBUG:setData: Setting HFC4310_emissions[1967]=0
Tue Mar 21 15:37:28 2023:DEBUG:setData: Setting HFC4310_emissions[1968]=0
Tue Mar 21 15:37:28 2023:DEBUG:setData: Setting HFC4310_emissions[1969]=0
Tue Mar 21 15:37:28 2023:DEBUG:setData: Setting HFC4310_emissions[1970]=0
Tue Mar 21 15:37:28 2023:DEBUG:setData: Setting HFC4310_emissions[1971]=0
Tue Mar 21 15:37:28 2023:DEBUG:setData: Setting HFC4310_emissions[1972]=0
Tue Mar 21 15:37:28 2023:DEBUG:setData: Setting HFC4310_emissions[1973]=0
Tue Mar 21 15:37:28 2023:DEBUG:setData: Setting HFC4310_emissions[1974]=0
Tue Mar 21 15:37:28 2023:DEBUG:setData: Setting HFC4310_emissions[1975]=0
Tue Mar 21 15:37:28 2023:DEBUG:setData: Setting HFC4310_emissions[1976]=0
Tue Mar 21 15:37:28 2023:DEBUG:setData: Setting HFC4310_emissions[1977]=0
Tue Mar 21 15:37:28 2023:DEBUG:setData: Setting HFC4310_emissions[1978]=0
Tue Mar 21 15:37:28 2023:DEBUG:setData: Setting HFC4310_emissions[1979]=0
Tue Mar 21 15:37:28 2023:DEBUG:setData: Setting HFC4310_emissions[1980]=0.0000817
Tue Mar 21 15:37:28 2023:DEBUG:setData: Setting HFC4310_emissions[1981]=0.000696751
Tue Mar 21 15:37:28 2023:DEBUG:setData: Setting HFC4310_emissions[1982]=0.001578501
Tue Mar 21 15:37:28 2023:DEBUG:setData: Setting HFC4310_emissions[1983]=0.002017846
Tue Mar 21 15:37:28 2023:DEBUG:setData: Setting HFC4310_emissions[1984]=0.004307161
Tue Mar 21 15:37:28 2023:DEBUG:setData: Setting HFC4310_emissions[1985]=0.012966035
Tue Mar 21 15:37:28 2023:DEBUG:setData: Setting HFC4310_emissions[1986]=0.028102657
Tue Mar 21 15:37:28 2023:DEBUG:setData: Setting HFC4310_emissions[1987]=0.044783508
Tue Mar 21 15:37:28 2023:DEBUG:setData: Setting HFC4310_emissions[1988]=0.060567348
Tue Mar 21 15:37:28 2023:DEBUG:setData: Setting HFC4310_emissions[1989]=0.076147787
Tue Mar 21 15:37:28 2023:DEBUG:setData: Setting HFC4310_emissions[1990]=0.091767095
Tue Mar 21 15:37:28 2023:DEBUG:setData: Setting HFC4310_emissions[1991]=0.10715402
Tue Mar 21 15:37:28 2023:DEBUG:setData: Setting HFC4310_emissions[1992]=0.12273589
Tue Mar 21 15:37:28 2023:DEBUG:setData: Setting HFC4310_emissions[1993]=0.13825367
Tue Mar 21 15:37:28 2023:DEBUG:setData: Setting HFC4310_emissions[1994]=0.15358509
Tue Mar 21 15:37:28 2023:DEBUG:setData: Setting HFC4310_emissions[1995]=0.16982122
Tue Mar 21 15:37:28 2023:DEBUG:setData: Setting HFC4310_emissions[1996]=0.23841137
Tue Mar 21 15:37:28 2023:DEBUG:setData: Setting HFC4310_emissions[1997]=0.31501343
Tue Mar 21 15:37:28 2023:DEBUG:setData: Setting HFC4310_emissions[1998]=0.38665542
Tue Mar 21 15:37:28 2023:DEBUG:setData: Setting HFC4310_emissions[1999]=0.49435229
Tue Mar 21 15:37:28 2023:DEBUG:setData: Setting HFC4310_emissions[2000]=0.57423278
Tue Mar 21 15:37:28 2023:DEBUG:setData: Setting HFC4310_emissions[2001]=0.63867332
Tue Mar 21 15:37:28 2023:DEBUG:setData: Setting HFC4310_emissions[2002]=0.73327062
Tue Mar 21 15:37:28 2023:DEBUG:setData: Setting HFC4310_emissions[2003]=0.85366012
Tue Mar 21 15:37:28 2023:DEBUG:setData: Setting HFC4310_emissions[2004]=0.97410928
Tue Mar 21 15:37:28 2023:DEBUG:setData: Setting HFC4310_emissions[2005]=1.0845927
Tue Mar 21 15:37:28 2023:DEBUG:setData: Setting HFC4310_emissions[2006]=1.1852524
Tue Mar 21 15:37:28 2023:DEBUG:setData: Setting HFC4310_emissions[2007]=1.2649376
Tue Mar 21 15:37:28 2023:DEBUG:setData: Setting HFC4310_emissions[2008]=1.3164863
Tue Mar 21 15:37:28 2023:DEBUG:setData: Setting HFC4310_emissions[2009]=1.4335012
Tue Mar 21 15:37:28 2023:DEBUG:setData: Setting HFC4310_emissions[2010]=1.3375544
Tue Mar 21 15:37:28 2023:DEBUG:setData: Setting HFC4310_emissions[2011]=1.1291345
Tue Mar 21 15:37:28 2023:DEBUG:setData: Setting HFC4310_emissions[2012]=0.98551995
Tue Mar 21 15:37:28 2023:DEBUG:setData: Setting HFC4310_emissions[2013]=0.87225171
Tue Mar 21 15:37:28 2023:DEBUG:setData: Setting HFC4310_emissions[2014]=1.1516
Tue Mar 21 15:37:28 2023:DEBUG:setData: Setting HFC4310_emissions[2015]=1.1516
Tue Mar 21 15:37:28 2023:DEBUG:setData: Setting HFC4310_emissions[2016]=1.1829135
Tue Mar 21 15:37:28 2023:DEBUG:setData: Setting HFC4310_emissions[2017]=1.214227
Tue Mar 21 15:37:28 2023:DEBUG:setData: Setting HFC4310_emissions[2018]=1.2455405
Tue Mar 21 15:37:28 2023:DEBUG:setData: Setting HFC4310_emissions[2019]=1.276854
Tue Mar 21 15:37:28 2023:DEBUG:setData: Setting HFC4310_emissions[2020]=1.3081675
Tue Mar 21 15:37:28 2023:DEBUG:setData: Setting HFC4310_emissions[2021]=1.254602996
Tue Mar 21 15:37:28 2023:DEBUG:setData: Setting HFC4310_emissions[2022]=1.201038492
Tue Mar 21 15:37:28 2023:DEBUG:setData: Setting HFC4310_emissions[2023]=1.147473988
Tue Mar 21 15:37:28 2023:DEBUG:setData: Setting HFC4310_emissions[2024]=1.093909484
Tue Mar 21 15:37:28 2023:DEBUG:setData: Setting HFC4310_emissions[2025]=1.04034498
Tue Mar 21 15:37:28 2023:DEBUG:setData: Setting HFC4310_emissions[2026]=0.986780476
Tue Mar 21 15:37:28 2023:DEBUG:setData: Setting HFC4310_emissions[2027]=0.933215972
Tue Mar 21 15:37:28 2023:DEBUG:setData: Setting HFC4310_emissions[2028]=0.879651468
Tue Mar 21 15:37:28 2023:DEBUG:setData: Setting HFC4310_emissions[2029]=0.826086964
Tue Mar 21 15:37:28 2023:DEBUG:setData: Setting HFC4310_emissions[2030]=0.77252246
Tue Mar 21 15:37:28 2023:DEBUG:setData: Setting HFC4310_emissions[2031]=0.744561346
Tue Mar 21 15:37:28 2023:DEBUG:setData: Setting HFC4310_emissions[2032]=0.716600232
Tue Mar 21 15:37:28 2023:DEBUG:setData: Setting HFC4310_emissions[2033]=0.688639118
Tue Mar 21 15:37:28 2023:DEBUG:setData: Setting HFC4310_emissions[2034]=0.660678004
Tue Mar 21 15:37:28 2023:DEBUG:setData: Setting HFC4310_emissions[2035]=0.63271689
Tue Mar 21 15:37:28 2023:DEBUG:setData: Setting HFC4310_emissions[2036]=0.604755776
Tue Mar 21 15:37:28 2023:DEBUG:setData: Setting HFC4310_emissions[2037]=0.576794662
Tue Mar 21 15:37:28 2023:DEBUG:setData: Setting HFC4310_emissions[2038]=0.548833548
Tue Mar 21 15:37:28 2023:DEBUG:setData: Setting HFC4310_emissions[2039]=0.520872434
Tue Mar 21 15:37:28 2023:DEBUG:setData: Setting HFC4310_emissions[2040]=0.49291132
Tue Mar 21 15:37:28 2023:DEBUG:setData: Setting HFC4310_emissions[2041]=0.479428096
Tue Mar 21 15:37:28 2023:DEBUG:setData: Setting HFC4310_emissions[2042]=0.465944872
Tue Mar 21 15:37:28 2023:DEBUG:setData: Setting HFC4310_emissions[2043]=0.452461648
Tue Mar 21 15:37:28 2023:DEBUG:setData: Setting HFC4310_emissions[2044]=0.438978424
Tue Mar 21 15:37:28 2023:DEBUG:setData: Setting HFC4310_emissions[2045]=0.4254952
Tue Mar 21 15:37:28 2023:DEBUG:setData: Setting HFC4310_emissions[2046]=0.412011976
Tue Mar 21 15:37:28 2023:DEBUG:setData: Setting HFC4310_emissions[2047]=0.398528752
Tue Mar 21 15:37:28 2023:DEBUG:setData: Setting HFC4310_emissions[2048]=0.385045528
Tue Mar 21 15:37:28 2023:DEBUG:setData: Setting HFC4310_emissions[2049]=0.371562304
Tue Mar 21 15:37:28 2023:DEBUG:setData: Setting HFC4310_emissions[2050]=0.35807908
Tue Mar 21 15:37:28 2023:DEBUG:setData: Setting HFC4310_emissions[2051]=0.355389803
Tue Mar 21 15:37:28 2023:DEBUG:setData: Setting HFC4310_emissions[2052]=0.352700526
Tue Mar 21 15:37:28 2023:DEBUG:setData: Setting HFC4310_emissions[2053]=0.350011249
Tue Mar 21 15:37:28 2023:DEBUG:setData: Setting HFC4310_emissions[2054]=0.347321972
Tue Mar 21 15:37:28 2023:DEBUG:setData: Setting HFC4310_emissions[2055]=0.344632695
Tue Mar 21 15:37:28 2023:DEBUG:setData: Setting HFC4310_emissions[2056]=0.341943418
Tue Mar 21 15:37:28 2023:DEBUG:setData: Setting HFC4310_emissions[2057]=0.339254141
Tue Mar 21 15:37:28 2023:DEBUG:setData: Setting HFC4310_emissions[2058]=0.336564864
Tue Mar 21 15:37:28 2023:DEBUG:setData: Setting HFC4310_emissions[2059]=0.333875587
Tue Mar 21 15:37:28 2023:DEBUG:setData: Setting HFC4310_emissions[2060]=0.33118631
Tue Mar 21 15:37:28 2023:DEBUG:setData: Setting HFC4310_emissions[2061]=0.328902266
Tue Mar 21 15:37:28 2023:DEBUG:setData: Setting HFC4310_emissions[2062]=0.326618222
Tue Mar 21 15:37:28 2023:DEBUG:setData: Setting HFC4310_emissions[2063]=0.324334178
Tue Mar 21 15:37:28 2023:DEBUG:setData: Setting HFC4310_emissions[2064]=0.322050134
Tue Mar 21 15:37:28 2023:DEBUG:setData: Setting HFC4310_emissions[2065]=0.31976609
Tue Mar 21 15:37:28 2023:DEBUG:setData: Setting HFC4310_emissions[2066]=0.317482046
Tue Mar 21 15:37:28 2023:DEBUG:setData: Setting HFC4310_emissions[2067]=0.315198002
Tue Mar 21 15:37:28 2023:DEBUG:setData: Setting HFC4310_emissions[2068]=0.312913958
Tue Mar 21 15:37:28 2023:DEBUG:setData: Setting HFC4310_emissions[2069]=0.310629914
Tue Mar 21 15:37:28 2023:DEBUG:setData: Setting HFC4310_emissions[2070]=0.30834587
Tue Mar 21 15:37:28 2023:DEBUG:setData: Setting HFC4310_emissions[2071]=0.306884574
Tue Mar 21 15:37:28 2023:DEBUG:setData: Setting HFC4310_emissions[2072]=0.305423278
Tue Mar 21 15:37:28 2023:DEBUG:setData: Setting HFC4310_emissions[2073]=0.303961982
Tue Mar 21 15:37:28 2023:DEBUG:setData: Setting HFC4310_emissions[2074]=0.302500686
Tue Mar 21 15:37:28 2023:DEBUG:setData: Setting HFC4310_emissions[2075]=0.30103939
Tue Mar 21 15:37:28 2023:DEBUG:setData: Setting HFC4310_emissions[2076]=0.299578094
Tue Mar 21 15:37:28 2023:DEBUG:setData: Setting HFC4310_emissions[2077]=0.298116798
Tue Mar 21 15:37:28 2023:DEBUG:setData: Setting HFC4310_emissions[2078]=0.296655502
Tue Mar 21 15:37:28 2023:DEBUG:setData: Setting HFC4310_emissions[2079]=0.295194206
Tue Mar 21 15:37:28 2023:DEBUG:setData: Setting HFC4310_emissions[2080]=0.29373291
Tue Mar 21 15:37:28 2023:DEBUG:setData: Setting HFC4310_emissions[2081]=0.293536433
Tue Mar 21 15:37:28 2023:DEBUG:setData: Setting HFC4310_emissions[2082]=0.293339956
Tue Mar 21 15:37:28 2023:DEBUG:setData: Setting HFC4310_emissions[2083]=0.293143479
Tue Mar 21 15:37:28 2023:DEBUG:setData: Setting HFC4310_emissions[2084]=0.292947002
Tue Mar 21 15:37:28 2023:DEBUG:setData: Setting HFC4310_emissions[2085]=0.292750525
Tue Mar 21 15:37:28 2023:DEBUG:setData: Setting HFC4310_emissions[2086]=0.292554048
Tue Mar 21 15:37:28 2023:DEBUG:setData: Setting HFC4310_emissions[2087]=0.292357571
Tue Mar 21 15:37:28 2023:DEBUG:setData: Setting HFC4310_emissions[2088]=0.292161094
Tue Mar 21 15:37:28 2023:DEBUG:setData: Setting HFC4310_emissions[2089]=0.291964617
Tue Mar 21 15:37:28 2023:DEBUG:setData: Setting HFC4310_emissions[2090]=0.29176814
Tue Mar 21 15:37:28 2023:DEBUG:setData: Setting HFC4310_emissions[2091]=0.289520936
Tue Mar 21 15:37:28 2023:DEBUG:setData: Setting HFC4310_emissions[2092]=0.287273732
Tue Mar 21 15:37:28 2023:DEBUG:setData: Setting HFC4310_emissions[2093]=0.285026528
Tue Mar 21 15:37:28 2023:DEBUG:setData: Setting HFC4310_emissions[2094]=0.282779324
Tue Mar 21 15:37:28 2023:DEBUG:setData: Setting HFC4310_emissions[2095]=0.28053212
Tue Mar 21 15:37:28 2023:DEBUG:setData: Setting HFC4310_emissions[2096]=0.278284916
Tue Mar 21 15:37:28 2023:DEBUG:setData: Setting HFC4310_emissions[2097]=0.276037712
Tue Mar 21 15:37:28 2023:DEBUG:setData: Setting HFC4310_emissions[2098]=0.273790508
Tue Mar 21 15:37:28 2023:DEBUG:setData: Setting HFC4310_emissions[2099]=0.271543304
Tue Mar 21 15:37:28 2023:DEBUG:setData: Setting HFC4310_emissions[2100]=0.2692961
Tue Mar 21 15:37:28 2023:DEBUG:setData: Setting HFC4310_emissions[2101]=0.267500793
Tue Mar 21 15:37:28 2023:DEBUG:setData: Setting HFC4310_emissions[2102]=0.265705485
Tue Mar 21 15:37:28 2023:DEBUG:setData: Setting HFC4310_emissions[2103]=0.263910178
Tue Mar 21 15:37:28 2023:DEBUG:setData: Setting HFC4310_emissions[2104]=0.262114871
Tue Mar 21 15:37:28 2023:DEBUG:setData: Setting HFC4310_emissions[2105]=0.260319563
Tue Mar 21 15:37:28 2023:DEBUG:setData: Setting HFC4310_emissions[2106]=0.258524256
Tue Mar 21 15:37:28 2023:DEBUG:setData: Setting HFC4310_emissions[2107]=0.256728949
Tue Mar 21 15:37:28 2023:DEBUG:setData: Setting HFC4310_emissions[2108]=0.254933641
Tue Mar 21 15:37:28 2023:DEBUG:setData: Setting HFC4310_emissions[2109]=0.253138334
Tue Mar 21 15:37:28 2023:DEBUG:setData: Setting HFC4310_emissions[2110]=0.251343027
Tue Mar 21 15:37:28 2023:DEBUG:setData: Setting HFC4310_emissions[2111]=0.249547719
Tue Mar 21 15:37:28 2023:DEBUG:setData: Setting HFC4310_emissions[2112]=0.247752412
Tue Mar 21 15:37:28 2023:DEBUG:setData: Setting HFC4310_emissions[2113]=0.245957105
Tue Mar 21 15:37:28 2023:DEBUG:setData: Setting HFC4310_emissions[2114]=0.244161797
Tue Mar 21 15:37:28 2023:DEBUG:setData: Setting HFC4310_emissions[2115]=0.24236649
Tue Mar 21 15:37:28 2023:DEBUG:setData: Setting HFC4310_emissions[2116]=0.240571183
Tue Mar 21 15:37:28 2023:DEBUG:setData: Setting HFC4310_emissions[2117]=0.238775875
Tue Mar 21 15:37:28 2023:DEBUG:setData: Setting HFC4310_emissions[2118]=0.236980568
Tue Mar 21 15:37:28 2023:DEBUG:setData: Setting HFC4310_emissions[2119]=0.235185261
Tue Mar 21 15:37:28 2023:DEBUG:setData: Setting HFC4310_emissions[2120]=0.233389953
Tue Mar 21 15:37:28 2023:DEBUG:setData: Setting HFC4310_emissions[2121]=0.231594646
Tue Mar 21 15:37:28 2023:DEBUG:setData: Setting HFC4310_emissions[2122]=0.229799339
Tue Mar 21 15:37:28 2023:DEBUG:setData: Setting HFC4310_emissions[2123]=0.228004031
Tue Mar 21 15:37:28 2023:DEBUG:setData: Setting HFC4310_emissions[2124]=0.226208724
Tue Mar 21 15:37:28 2023:DEBUG:setData: Setting HFC4310_emissions[2125]=0.224413417
Tue Mar 21 15:37:28 2023:DEBUG:setData: Setting HFC4310_emissions[2126]=0.222618109
Tue Mar 21 15:37:28 2023:DEBUG:setData: Setting HFC4310_emissions[2127]=0.220822802
Tue Mar 21 15:37:28 2023:DEBUG:setData: Setting HFC4310_emissions[2128]=0.219027495
Tue Mar 21 15:37:28 2023:DEBUG:setData: Setting HFC4310_emissions[2129]=0.217232187
Tue Mar 21 15:37:28 2023:DEBUG:setData: Setting HFC4310_emissions[2130]=0.21543688
Tue Mar 21 15:37:28 2023:DEBUG:setData: Setting HFC4310_emissions[2131]=0.213641573
Tue Mar 21 15:37:28 2023:DEBUG:setData: Setting HFC4310_emissions[2132]=0.211846265
Tue Mar 21 15:37:28 2023:DEBUG:setData: Setting HFC4310_emissions[2133]=0.210050958
Tue Mar 21 15:37:28 2023:DEBUG:setData: Setting HFC4310_emissions[2134]=0.208255651
Tue Mar 21 15:37:28 2023:DEBUG:setData: Setting HFC4310_emissions[2135]=0.206460343
Tue Mar 21 15:37:28 2023:DEBUG:setData: Setting HFC4310_emissions[2136]=0.204665036
Tue Mar 21 15:37:28 2023:DEBUG:setData: Setting HFC4310_emissions[2137]=0.202869729
Tue Mar 21 15:37:28 2023:DEBUG:setData: Setting HFC4310_emissions[2138]=0.201074421
Tue Mar 21 15:37:28 2023:DEBUG:setData: Setting HFC4310_emissions[2139]=0.199279114
Tue Mar 21 15:37:28 2023:DEBUG:setData: Setting HFC4310_emissions[2140]=0.197483807
Tue Mar 21 15:37:28 2023:DEBUG:setData: Setting HFC4310_emissions[2141]=0.195688499
Tue Mar 21 15:37:28 2023:DEBUG:setData: Setting HFC4310_emissions[2142]=0.193893192
Tue Mar 21 15:37:28 2023:DEBUG:setData: Setting HFC4310_emissions[2143]=0.192097885
Tue Mar 21 15:37:28 2023:DEBUG:setData: Setting HFC4310_emissions[2144]=0.190302577
Tue Mar 21 15:37:28 2023:DEBUG:setData: Setting HFC4310_emissions[2145]=0.18850727
Tue Mar 21 15:37:28 2023:DEBUG:setData: Setting HFC4310_emissions[2146]=0.186711963
Tue Mar 21 15:37:28 2023:DEBUG:setData: Setting HFC4310_emissions[2147]=0.184916655
Tue Mar 21 15:37:28 2023:DEBUG:setData: Setting HFC4310_emissions[2148]=0.183121348
Tue Mar 21 15:37:28 2023:DEBUG:setData: Setting HFC4310_emissions[2149]=0.181326041
Tue Mar 21 15:37:28 2023:DEBUG:setData: Setting HFC4310_emissions[2150]=0.179530733
Tue Mar 21 15:37:28 2023:DEBUG:setData: Setting HFC4310_emissions[2151]=0.177735426
Tue Mar 21 15:37:28 2023:DEBUG:setData: Setting HFC4310_emissions[2152]=0.175940119
Tue Mar 21 15:37:28 2023:DEBUG:setData: Setting HFC4310_emissions[2153]=0.174144811
Tue Mar 21 15:37:28 2023:DEBUG:setData: Setting HFC4310_emissions[2154]=0.172349504
Tue Mar 21 15:37:28 2023:DEBUG:setData: Setting HFC4310_emissions[2155]=0.170554197
Tue Mar 21 15:37:28 2023:DEBUG:setData: Setting HFC4310_emissions[2156]=0.168758889
Tue Mar 21 15:37:28 2023:DEBUG:setData: Setting HFC4310_emissions[2157]=0.166963582
Tue Mar 21 15:37:28 2023:DEBUG:setData: Setting HFC4310_emissions[2158]=0.165168275
Tue Mar 21 15:37:28 2023:DEBUG:setData: Setting HFC4310_emissions[2159]=0.163372967
Tue Mar 21 15:37:28 2023:DEBUG:setData: Setting HFC4310_emissions[2160]=0.16157766
Tue Mar 21 15:37:28 2023:DEBUG:setData: Setting HFC4310_emissions[2161]=0.159782353
Tue Mar 21 15:37:28 2023:DEBUG:setData: Setting HFC4310_emissions[2162]=0.157987045
Tue Mar 21 15:37:28 2023:DEBUG:setData: Setting HFC4310_emissions[2163]=0.156191738
Tue Mar 21 15:37:28 2023:DEBUG:setData: Setting HFC4310_emissions[2164]=0.154396431
Tue Mar 21 15:37:28 2023:DEBUG:setData: Setting HFC4310_emissions[2165]=0.152601123
Tue Mar 21 15:37:28 2023:DEBUG:setData: Setting HFC4310_emissions[2166]=0.150805816
Tue Mar 21 15:37:28 2023:DEBUG:setData: Setting HFC4310_emissions[2167]=0.149010509
Tue Mar 21 15:37:28 2023:DEBUG:setData: Setting HFC4310_emissions[2168]=0.147215201
Tue Mar 21 15:37:28 2023:DEBUG:setData: Setting HFC4310_emissions[2169]=0.145419894
Tue Mar 21 15:37:28 2023:DEBUG:setData: Setting HFC4310_emissions[2170]=0.143624587
Tue Mar 21 15:37:28 2023:DEBUG:setData: Setting HFC4310_emissions[2171]=0.141829279
Tue Mar 21 15:37:28 2023:DEBUG:setData: Setting HFC4310_emissions[2172]=0.140033972
Tue Mar 21 15:37:28 2023:DEBUG:setData: Setting HFC4310_emissions[2173]=0.138238665
Tue Mar 21 15:37:28 2023:DEBUG:setData: Setting HFC4310_emissions[2174]=0.136443357
Tue Mar 21 15:37:28 2023:DEBUG:setData: Setting HFC4310_emissions[2175]=0.13464805
Tue Mar 21 15:37:28 2023:DEBUG:setData: Setting HFC4310_emissions[2176]=0.132852743
Tue Mar 21 15:37:28 2023:DEBUG:setData: Setting HFC4310_emissions[2177]=0.131057435
Tue Mar 21 15:37:28 2023:DEBUG:setData: Setting HFC4310_emissions[2178]=0.129262128
Tue Mar 21 15:37:28 2023:DEBUG:setData: Setting HFC4310_emissions[2179]=0.127466821
Tue Mar 21 15:37:28 2023:DEBUG:setData: Setting HFC4310_emissions[2180]=0.125671513
Tue Mar 21 15:37:28 2023:DEBUG:setData: Setting HFC4310_emissions[2181]=0.123876206
Tue Mar 21 15:37:28 2023:DEBUG:setData: Setting HFC4310_emissions[2182]=0.122080899
Tue Mar 21 15:37:28 2023:DEBUG:setData: Setting HFC4310_emissions[2183]=0.120285591
Tue Mar 21 15:37:28 2023:DEBUG:setData: Setting HFC4310_emissions[2184]=0.118490284
Tue Mar 21 15:37:28 2023:DEBUG:setData: Setting HFC4310_emissions[2185]=0.116694977
Tue Mar 21 15:37:28 2023:DEBUG:setData: Setting HFC4310_emissions[2186]=0.114899669
Tue Mar 21 15:37:28 2023:DEBUG:setData: Setting HFC4310_emissions[2187]=0.113104362
Tue Mar 21 15:37:28 2023:DEBUG:setData: Setting HFC4310_emissions[2188]=0.111309055
Tue Mar 21 15:37:28 2023:DEBUG:setData: Setting HFC4310_emissions[2189]=0.109513747
Tue Mar 21 15:37:28 2023:DEBUG:setData: Setting HFC4310_emissions[2190]=0.10771844
Tue Mar 21 15:37:28 2023:DEBUG:setData: Setting HFC4310_emissions[2191]=0.105923133
Tue Mar 21 15:37:28 2023:DEBUG:setData: Setting HFC4310_emissions[2192]=0.104127825
Tue Mar 21 15:37:28 2023:DEBUG:setData: Setting HFC4310_emissions[2193]=0.102332518
Tue Mar 21 15:37:28 2023:DEBUG:setData: Setting HFC4310_emissions[2194]=0.100537211
Tue Mar 21 15:37:28 2023:DEBUG:setData: Setting HFC4310_emissions[2195]=0.098741903
Tue Mar 21 15:37:28 2023:DEBUG:setData: Setting HFC4310_emissions[2196]=0.096946596
Tue Mar 21 15:37:28 2023:DEBUG:setData: Setting HFC4310_emissions[2197]=0.095151289
Tue Mar 21 15:37:28 2023:DEBUG:setData: Setting HFC4310_emissions[2198]=0.093355981
Tue Mar 21 15:37:28 2023:DEBUG:setData: Setting HFC4310_emissions[2199]=0.091560674
Tue Mar 21 15:37:28 2023:DEBUG:setData: Setting HFC4310_emissions[2200]=0.089765367
Tue Mar 21 15:37:28 2023:DEBUG:setData: Setting HFC4310_emissions[2201]=0.087970059
Tue Mar 21 15:37:28 2023:DEBUG:setData: Setting HFC4310_emissions[2202]=0.086174752
Tue Mar 21 15:37:28 2023:DEBUG:setData: Setting HFC4310_emissions[2203]=0.084379445
Tue Mar 21 15:37:28 2023:DEBUG:setData: Setting HFC4310_emissions[2204]=0.082584137
Tue Mar 21 15:37:28 2023:DEBUG:setData: Setting HFC4310_emissions[2205]=0.08078883
Tue Mar 21 15:37:28 2023:DEBUG:setData: Setting HFC4310_emissions[2206]=0.078993523
Tue Mar 21 15:37:28 2023:DEBUG:setData: Setting HFC4310_emissions[2207]=0.077198215
Tue Mar 21 15:37:28 2023:DEBUG:setData: Setting HFC4310_emissions[2208]=0.075402908
Tue Mar 21 15:37:28 2023:DEBUG:setData: Setting HFC4310_emissions[2209]=0.073607601
Tue Mar 21 15:37:28 2023:DEBUG:setData: Setting HFC4310_emissions[2210]=0.071812293
Tue Mar 21 15:37:28 2023:DEBUG:setData: Setting HFC4310_emissions[2211]=0.070016986
Tue Mar 21 15:37:28 2023:DEBUG:setData: Setting HFC4310_emissions[2212]=0.068221679
Tue Mar 21 15:37:28 2023:DEBUG:setData: Setting HFC4310_emissions[2213]=0.066426371
Tue Mar 21 15:37:28 2023:DEBUG:setData: Setting HFC4310_emissions[2214]=0.064631064
Tue Mar 21 15:37:28 2023:DEBUG:setData: Setting HFC4310_emissions[2215]=0.062835757
Tue Mar 21 15:37:28 2023:DEBUG:setData: Setting HFC4310_emissions[2216]=0.061040449
Tue Mar 21 15:37:28 2023:DEBUG:setData: Setting HFC4310_emissions[2217]=0.059245142
Tue Mar 21 15:37:28 2023:DEBUG:setData: Setting HFC4310_emissions[2218]=0.057449835
Tue Mar 21 15:37:28 2023:DEBUG:setData: Setting HFC4310_emissions[2219]=0.055654527
Tue Mar 21 15:37:28 2023:DEBUG:setData: Setting HFC4310_emissions[2220]=0.05385922
Tue Mar 21 15:37:28 2023:DEBUG:setData: Setting HFC4310_emissions[2221]=0.052063913
Tue Mar 21 15:37:28 2023:DEBUG:setData: Setting HFC4310_emissions[2222]=0.050268605
Tue Mar 21 15:37:28 2023:DEBUG:setData: Setting HFC4310_emissions[2223]=0.048473298
Tue Mar 21 15:37:28 2023:DEBUG:setData: Setting HFC4310_emissions[2224]=0.046677991
Tue Mar 21 15:37:28 2023:DEBUG:setData: Setting HFC4310_emissions[2225]=0.044882683
Tue Mar 21 15:37:28 2023:DEBUG:setData: Setting HFC4310_emissions[2226]=0.043087376
Tue Mar 21 15:37:28 2023:DEBUG:setData: Setting HFC4310_emissions[2227]=0.041292069
Tue Mar 21 15:37:28 2023:DEBUG:setData: Setting HFC4310_emissions[2228]=0.039496761
Tue Mar 21 15:37:28 2023:DEBUG:setData: Setting HFC4310_emissions[2229]=0.037701454
Tue Mar 21 15:37:28 2023:DEBUG:setData: Setting HFC4310_emissions[2230]=0.035906147
Tue Mar 21 15:37:28 2023:DEBUG:setData: Setting HFC4310_emissions[2231]=0.034110839
Tue Mar 21 15:37:28 2023:DEBUG:setData: Setting HFC4310_emissions[2232]=0.032315532
Tue Mar 21 15:37:28 2023:DEBUG:setData: Setting HFC4310_emissions[2233]=0.030520225
Tue Mar 21 15:37:28 2023:DEBUG:setData: Setting HFC4310_emissions[2234]=0.028724917
Tue Mar 21 15:37:28 2023:DEBUG:setData: Setting HFC4310_emissions[2235]=0.02692961
Tue Mar 21 15:37:28 2023:DEBUG:setData: Setting HFC4310_emissions[2236]=0.025134303
Tue Mar 21 15:37:28 2023:DEBUG:setData: Setting HFC4310_emissions[2237]=0.023338995
Tue Mar 21 15:37:28 2023:DEBUG:setData: Setting HFC4310_emissions[2238]=0.021543688
Tue Mar 21 15:37:28 2023:DEBUG:setData: Setting HFC4310_emissions[2239]=0.019748381
Tue Mar 21 15:37:28 2023:DEBUG:setData: Setting HFC4310_emissions[2240]=0.017953073
Tue Mar 21 15:37:28 2023:DEBUG:setData: Setting HFC4310_emissions[2241]=0.016157766
Tue Mar 21 15:37:28 2023:DEBUG:setData: Setting HFC4310_emissions[2242]=0.014362459
Tue Mar 21 15:37:28 2023:DEBUG:setData: Setting HFC4310_emissions[2243]=0.012567151
Tue Mar 21 15:37:28 2023:DEBUG:setData: Setting HFC4310_emissions[2244]=0.010771844
Tue Mar 21 15:37:28 2023:DEBUG:setData: Setting HFC4310_emissions[2245]=0.008976537
Tue Mar 21 15:37:28 2023:DEBUG:setData: Setting HFC4310_emissions[2246]=0.007181229
Tue Mar 21 15:37:28 2023:DEBUG:setData: Setting HFC4310_emissions[2247]=0.005385922
Tue Mar 21 15:37:28 2023:DEBUG:setData: Setting HFC4310_emissions[2248]=0.003590615
Tue Mar 21 15:37:28 2023:DEBUG:setData: Setting HFC4310_emissions[2249]=0.001795307
Tue Mar 21 15:37:28 2023:DEBUG:setData: Setting HFC4310_emissions[2250]=0
Tue Mar 21 15:37:28 2023:DEBUG:setData: Setting HFC4310_emissions[2251]=0
Tue Mar 21 15:37:28 2023:DEBUG:setData: Setting HFC4310_emissions[2252]=0
Tue Mar 21 15:37:28 2023:DEBUG:setData: Setting HFC4310_emissions[2253]=0
Tue Mar 21 15:37:28 2023:DEBUG:setData: Setting HFC4310_emissions[2254]=0
Tue Mar 21 15:37:28 2023:DEBUG:setData: Setting HFC4310_emissions[2255]=0
Tue Mar 21 15:37:28 2023:DEBUG:setData: Setting HFC4310_emissions[2256]=0
Tue Mar 21 15:37:28 2023:DEBUG:setData: Setting HFC4310_emissions[2257]=0
Tue Mar 21 15:37:28 2023:DEBUG:setData: Setting HFC4310_emissions[2258]=0
Tue Mar 21 15:37:28 2023:DEBUG:setData: Setting HFC4310_emissions[2259]=0
Tue Mar 21 15:37:28 2023:DEBUG:setData: Setting HFC4310_emissions[2260]=0
Tue Mar 21 15:37:28 2023:DEBUG:setData: Setting HFC4310_emissions[2261]=0
Tue Mar 21 15:37:28 2023:DEBUG:setData: Setting HFC4310_emissions[2262]=0
Tue Mar 21 15:37:28 2023:DEBUG:setData: Setting HFC4310_emissions[2263]=0
Tue Mar 21 15:37:28 2023:DEBUG:setData: Setting HFC4310_emissions[2264]=0
Tue Mar 21 15:37:28 2023:DEBUG:setData: Setting HFC4310_emissions[2265]=0
Tue Mar 21 15:37:28 2023:DEBUG:setData: Setting HFC4310_emissions[2266]=0
Tue Mar 21 15:37:28 2023:DEBUG:setData: Setting HFC4310_emissions[2267]=0
Tue Mar 21 15:37:28 2023:DEBUG:setData: Setting HFC4310_emissions[2268]=0
Tue Mar 21 15:37:28 2023:DEBUG:setData: Setting HFC4310_emissions[2269]=0
Tue Mar 21 15:37:28 2023:DEBUG:setData: Setting HFC4310_emissions[2270]=0
Tue Mar 21 15:37:28 2023:DEBUG:setData: Setting HFC4310_emissions[2271]=0
Tue Mar 21 15:37:28 2023:DEBUG:setData: Setting HFC4310_emissions[2272]=0
Tue Mar 21 15:37:28 2023:DEBUG:setData: Setting HFC4310_emissions[2273]=0
Tue Mar 21 15:37:28 2023:DEBUG:setData: Setting HFC4310_emissions[2274]=0
Tue Mar 21 15:37:28 2023:DEBUG:setData: Setting HFC4310_emissions[2275]=0
Tue Mar 21 15:37:28 2023:DEBUG:setData: Setting HFC4310_emissions[2276]=0
Tue Mar 21 15:37:28 2023:DEBUG:setData: Setting HFC4310_emissions[2277]=0
Tue Mar 21 15:37:28 2023:DEBUG:setData: Setting HFC4310_emissions[2278]=0
Tue Mar 21 15:37:28 2023:DEBUG:setData: Setting HFC4310_emissions[2279]=0
Tue Mar 21 15:37:28 2023:DEBUG:setData: Setting HFC4310_emissions[2280]=0
Tue Mar 21 15:37:28 2023:DEBUG:setData: Setting HFC4310_emissions[2281]=0
Tue Mar 21 15:37:28 2023:DEBUG:setData: Setting HFC4310_emissions[2282]=0
Tue Mar 21 15:37:28 2023:DEBUG:setData: Setting HFC4310_emissions[2283]=0
Tue Mar 21 15:37:28 2023:DEBUG:setData: Setting HFC4310_emissions[2284]=0
Tue Mar 21 15:37:28 2023:DEBUG:setData: Setting HFC4310_emissions[2285]=0
Tue Mar 21 15:37:28 2023:DEBUG:setData: Setting HFC4310_emissions[2286]=0
Tue Mar 21 15:37:28 2023:DEBUG:setData: Setting HFC4310_emissions[2287]=0
Tue Mar 21 15:37:28 2023:DEBUG:setData: Setting HFC4310_emissions[2288]=0
Tue Mar 21 15:37:28 2023:DEBUG:setData: Setting HFC4310_emissions[2289]=0
Tue Mar 21 15:37:28 2023:DEBUG:setData: Setting HFC4310_emissions[2290]=0
Tue Mar 21 15:37:28 2023:DEBUG:setData: Setting HFC4310_emissions[2291]=0
Tue Mar 21 15:37:28 2023:DEBUG:setData: Setting HFC4310_emissions[2292]=0
Tue Mar 21 15:37:28 2023:DEBUG:setData: Setting HFC4310_emissions[2293]=0
Tue Mar 21 15:37:28 2023:DEBUG:setData: Setting HFC4310_emissions[2294]=0
Tue Mar 21 15:37:28 2023:DEBUG:setData: Setting HFC4310_emissions[2295]=0
Tue Mar 21 15:37:28 2023:DEBUG:setData: Setting HFC4310_emissions[2296]=0
Tue Mar 21 15:37:28 2023:DEBUG:setData: Setting HFC4310_emissions[2297]=0
Tue Mar 21 15:37:28 2023:DEBUG:setData: Setting HFC4310_emissions[2298]=0
Tue Mar 21 15:37:28 2023:DEBUG:setData: Setting HFC4310_emissions[2299]=0
Tue Mar 21 15:37:28 2023:DEBUG:setData: Setting HFC4310_emissions[2300]=0
Tue Mar 21 15:37:28 2023:DEBUG:setData: Setting HFC4310_emissions[2301]=0
Tue Mar 21 15:37:28 2023:DEBUG:setData: Setting HFC4310_emissions[2302]=0
Tue Mar 21 15:37:28 2023:DEBUG:setData: Setting HFC4310_emissions[2303]=0
Tue Mar 21 15:37:28 2023:DEBUG:setData: Setting HFC4310_emissions[2304]=0
Tue Mar 21 15:37:28 2023:DEBUG:setData: Setting HFC4310_emissions[2305]=0
Tue Mar 21 15:37:28 2023:DEBUG:setData: Setting HFC4310_emissions[2306]=0
Tue Mar 21 15:37:28 2023:DEBUG:setData: Setting HFC4310_emissions[2307]=0
Tue Mar 21 15:37:28 2023:DEBUG:setData: Setting HFC4310_emissions[2308]=0
Tue Mar 21 15:37:28 2023:DEBUG:setData: Setting HFC4310_emissions[2309]=0
Tue Mar 21 15:37:28 2023:DEBUG:setData: Setting HFC4310_emissions[2310]=0
Tue Mar 21 15:37:28 2023:DEBUG:setData: Setting HFC4310_emissions[2311]=0
Tue Mar 21 15:37:28 2023:DEBUG:setData: Setting HFC4310_emissions[2312]=0
Tue Mar 21 15:37:28 2023:DEBUG:setData: Setting HFC4310_emissions[2313]=0
Tue Mar 21 15:37:28 2023:DEBUG:setData: Setting HFC4310_emissions[2314]=0
Tue Mar 21 15:37:28 2023:DEBUG:setData: Setting HFC4310_emissions[2315]=0
Tue Mar 21 15:37:28 2023:DEBUG:setData: Setting HFC4310_emissions[2316]=0
Tue Mar 21 15:37:28 2023:DEBUG:setData: Setting HFC4310_emissions[2317]=0
Tue Mar 21 15:37:28 2023:DEBUG:setData: Setting HFC4310_emissions[2318]=0
Tue Mar 21 15:37:28 2023:DEBUG:setData: Setting HFC4310_emissions[2319]=0
Tue Mar 21 15:37:28 2023:DEBUG:setData: Setting HFC4310_emissions[2320]=0
Tue Mar 21 15:37:28 2023:DEBUG:setData: Setting HFC4310_emissions[2321]=0
Tue Mar 21 15:37:28 2023:DEBUG:setData: Setting HFC4310_emissions[2322]=0
Tue Mar 21 15:37:28 2023:DEBUG:setData: Setting HFC4310_emissions[2323]=0
Tue Mar 21 15:37:28 2023:DEBUG:setData: Setting HFC4310_emissions[2324]=0
Tue Mar 21 15:37:28 2023:DEBUG:setData: Setting HFC4310_emissions[2325]=0
Tue Mar 21 15:37:28 2023:DEBUG:setData: Setting HFC4310_emissions[2326]=0
Tue Mar 21 15:37:28 2023:DEBUG:setData: Setting HFC4310_emissions[2327]=0
Tue Mar 21 15:37:28 2023:DEBUG:setData: Setting HFC4310_emissions[2328]=0
Tue Mar 21 15:37:28 2023:DEBUG:setData: Setting HFC4310_emissions[2329]=0
Tue Mar 21 15:37:28 2023:DEBUG:setData: Setting HFC4310_emissions[2330]=0
Tue Mar 21 15:37:28 2023:DEBUG:setData: Setting HFC4310_emissions[2331]=0
Tue Mar 21 15:37:28 2023:DEBUG:setData: Setting HFC4310_emissions[2332]=0
Tue Mar 21 15:37:28 2023:DEBUG:setData: Setting HFC4310_emissions[2333]=0
Tue Mar 21 15:37:28 2023:DEBUG:setData: Setting HFC4310_emissions[2334]=0
Tue Mar 21 15:37:28 2023:DEBUG:setData: Setting HFC4310_emissions[2335]=0
Tue Mar 21 15:37:28 2023:DEBUG:setData: Setting HFC4310_emissions[2336]=0
Tue Mar 21 15:37:28 2023:DEBUG:setData: Setting HFC4310_emissions[2337]=0
Tue Mar 21 15:37:28 2023:DEBUG:setData: Setting HFC4310_emissions[2338]=0
Tue Mar 21 15:37:28 2023:DEBUG:setData: Setting HFC4310_emissions[2339]=0
Tue Mar 21 15:37:28 2023:DEBUG:setData: Setting HFC4310_emissions[2340]=0
Tue Mar 21 15:37:28 2023:DEBUG:setData: Setting HFC4310_emissions[2341]=0
Tue Mar 21 15:37:28 2023:DEBUG:setData: Setting HFC4310_emissions[2342]=0
Tue Mar 21 15:37:28 2023:DEBUG:setData: Setting HFC4310_emissions[2343]=0
Tue Mar 21 15:37:28 2023:DEBUG:setData: Setting HFC4310_emissions[2344]=0
Tue Mar 21 15:37:28 2023:DEBUG:setData: Setting HFC4310_emissions[2345]=0
Tue Mar 21 15:37:28 2023:DEBUG:setData: Setting HFC4310_emissions[2346]=0
Tue Mar 21 15:37:28 2023:DEBUG:setData: Setting HFC4310_emissions[2347]=0
Tue Mar 21 15:37:28 2023:DEBUG:setData: Setting HFC4310_emissions[2348]=0
Tue Mar 21 15:37:28 2023:DEBUG:setData: Setting HFC4310_emissions[2349]=0
Tue Mar 21 15:37:28 2023:DEBUG:setData: Setting HFC4310_emissions[2350]=0
Tue Mar 21 15:37:28 2023:DEBUG:setData: Setting HFC4310_emissions[2351]=0
Tue Mar 21 15:37:28 2023:DEBUG:setData: Setting HFC4310_emissions[2352]=0
Tue Mar 21 15:37:28 2023:DEBUG:setData: Setting HFC4310_emissions[2353]=0
Tue Mar 21 15:37:28 2023:DEBUG:setData: Setting HFC4310_emissions[2354]=0
Tue Mar 21 15:37:28 2023:DEBUG:setData: Setting HFC4310_emissions[2355]=0
Tue Mar 21 15:37:28 2023:DEBUG:setData: Setting HFC4310_emissions[2356]=0
Tue Mar 21 15:37:28 2023:DEBUG:setData: Setting HFC4310_emissions[2357]=0
Tue Mar 21 15:37:28 2023:DEBUG:setData: Setting HFC4310_emissions[2358]=0
Tue Mar 21 15:37:28 2023:DEBUG:setData: Setting HFC4310_emissions[2359]=0
Tue Mar 21 15:37:28 2023:DEBUG:setData: Setting HFC4310_emissions[2360]=0
Tue Mar 21 15:37:28 2023:DEBUG:setData: Setting HFC4310_emissions[2361]=0
Tue Mar 21 15:37:28 2023:DEBUG:setData: Setting HFC4310_emissions[2362]=0
Tue Mar 21 15:37:28 2023:DEBUG:setData: Setting HFC4310_emissions[2363]=0
Tue Mar 21 15:37:28 2023:DEBUG:setData: Setting HFC4310_emissions[2364]=0
Tue Mar 21 15:37:28 2023:DEBUG:setData: Setting HFC4310_emissions[2365]=0
Tue Mar 21 15:37:28 2023:DEBUG:setData: Setting HFC4310_emissions[2366]=0
Tue Mar 21 15:37:28 2023:DEBUG:setData: Setting HFC4310_emissions[2367]=0
Tue Mar 21 15:37:28 2023:DEBUG:setData: Setting HFC4310_emissions[2368]=0
Tue Mar 21 15:37:28 2023:DEBUG:setData: Setting HFC4310_emissions[2369]=0
Tue Mar 21 15:37:28 2023:DEBUG:setData: Setting HFC4310_emissions[2370]=0
Tue Mar 21 15:37:28 2023:DEBUG:setData: Setting HFC4310_emissions[2371]=0
Tue Mar 21 15:37:28 2023:DEBUG:setData: Setting HFC4310_emissions[2372]=0
Tue Mar 21 15:37:28 2023:DEBUG:setData: Setting HFC4310_emissions[2373]=0
Tue Mar 21 15:37:28 2023:DEBUG:setData: Setting HFC4310_emissions[2374]=0
Tue Mar 21 15:37:28 2023:DEBUG:setData: Setting HFC4310_emissions[2375]=0
Tue Mar 21 15:37:28 2023:DEBUG:setData: Setting HFC4310_emissions[2376]=0
Tue Mar 21 15:37:28 2023:DEBUG:setData: Setting HFC4310_emissions[2377]=0
Tue Mar 21 15:37:28 2023:DEBUG:setData: Setting HFC4310_emissions[2378]=0
Tue Mar 21 15:37:28 2023:DEBUG:setData: Setting HFC4310_emissions[2379]=0
Tue Mar 21 15:37:28 2023:DEBUG:setData: Setting HFC4310_emissions[2380]=0
Tue Mar 21 15:37:28 2023:DEBUG:setData: Setting HFC4310_emissions[2381]=0
Tue Mar 21 15:37:28 2023:DEBUG:setData: Setting HFC4310_emissions[2382]=0
Tue Mar 21 15:37:28 2023:DEBUG:setData: Setting HFC4310_emissions[2383]=0
Tue Mar 21 15:37:28 2023:DEBUG:setData: Setting HFC4310_emissions[2384]=0
Tue Mar 21 15:37:28 2023:DEBUG:setData: Setting HFC4310_emissions[2385]=0
Tue Mar 21 15:37:28 2023:DEBUG:setData: Setting HFC4310_emissions[2386]=0
Tue Mar 21 15:37:28 2023:DEBUG:setData: Setting HFC4310_emissions[2387]=0
Tue Mar 21 15:37:28 2023:DEBUG:setData: Setting HFC4310_emissions[2388]=0
Tue Mar 21 15:37:28 2023:DEBUG:setData: Setting HFC4310_emissions[2389]=0
Tue Mar 21 15:37:28 2023:DEBUG:setData: Setting HFC4310_emissions[2390]=0
Tue Mar 21 15:37:28 2023:DEBUG:setData: Setting HFC4310_emissions[2391]=0
Tue Mar 21 15:37:28 2023:DEBUG:setData: Setting HFC4310_emissions[2392]=0
Tue Mar 21 15:37:28 2023:DEBUG:setData: Setting HFC4310_emissions[2393]=0
Tue Mar 21 15:37:28 2023:DEBUG:setData: Setting HFC4310_emissions[2394]=0
Tue Mar 21 15:37:28 2023:DEBUG:setData: Setting HFC4310_emissions[2395]=0
Tue Mar 21 15:37:28 2023:DEBUG:setData: Setting HFC4310_emissions[2396]=0
Tue Mar 21 15:37:28 2023:DEBUG:setData: Setting HFC4310_emissions[2397]=0
Tue Mar 21 15:37:28 2023:DEBUG:setData: Setting HFC4310_emissions[2398]=0
Tue Mar 21 15:37:28 2023:DEBUG:setData: Setting HFC4310_emissions[2399]=0
Tue Mar 21 15:37:28 2023:DEBUG:setData: Setting HFC4310_emissions[2400]=0
Tue Mar 21 15:37:28 2023:DEBUG:setData: Setting HFC4310_emissions[2401]=0
Tue Mar 21 15:37:28 2023:DEBUG:setData: Setting HFC4310_emissions[2402]=0
Tue Mar 21 15:37:28 2023:DEBUG:setData: Setting HFC4310_emissions[2403]=0
Tue Mar 21 15:37:28 2023:DEBUG:setData: Setting HFC4310_emissions[2404]=0
Tue Mar 21 15:37:28 2023:DEBUG:setData: Setting HFC4310_emissions[2405]=0
Tue Mar 21 15:37:28 2023:DEBUG:setData: Setting HFC4310_emissions[2406]=0
Tue Mar 21 15:37:28 2023:DEBUG:setData: Setting HFC4310_emissions[2407]=0
Tue Mar 21 15:37:28 2023:DEBUG:setData: Setting HFC4310_emissions[2408]=0
Tue Mar 21 15:37:28 2023:DEBUG:setData: Setting HFC4310_emissions[2409]=0
Tue Mar 21 15:37:28 2023:DEBUG:setData: Setting HFC4310_emissions[2410]=0
Tue Mar 21 15:37:28 2023:DEBUG:setData: Setting HFC4310_emissions[2411]=0
Tue Mar 21 15:37:28 2023:DEBUG:setData: Setting HFC4310_emissions[2412]=0
Tue Mar 21 15:37:28 2023:DEBUG:setData: Setting HFC4310_emissions[2413]=0
Tue Mar 21 15:37:28 2023:DEBUG:setData: Setting HFC4310_emissions[2414]=0
Tue Mar 21 15:37:28 2023:DEBUG:setData: Setting HFC4310_emissions[2415]=0
Tue Mar 21 15:37:28 2023:DEBUG:setData: Setting HFC4310_emissions[2416]=0
Tue Mar 21 15:37:28 2023:DEBUG:setData: Setting HFC4310_emissions[2417]=0
Tue Mar 21 15:37:28 2023:DEBUG:setData: Setting HFC4310_emissions[2418]=0
Tue Mar 21 15:37:28 2023:DEBUG:setData: Setting HFC4310_emissions[2419]=0
Tue Mar 21 15:37:28 2023:DEBUG:setData: Setting HFC4310_emissions[2420]=0
Tue Mar 21 15:37:28 2023:DEBUG:setData: Setting HFC4310_emissions[2421]=0
Tue Mar 21 15:37:28 2023:DEBUG:setData: Setting HFC4310_emissions[2422]=0
Tue Mar 21 15:37:28 2023:DEBUG:setData: Setting HFC4310_emissions[2423]=0
Tue Mar 21 15:37:28 2023:DEBUG:setData: Setting HFC4310_emissions[2424]=0
Tue Mar 21 15:37:28 2023:DEBUG:setData: Setting HFC4310_emissions[2425]=0
Tue Mar 21 15:37:28 2023:DEBUG:setData: Setting HFC4310_emissions[2426]=0
Tue Mar 21 15:37:28 2023:DEBUG:setData: Setting HFC4310_emissions[2427]=0
Tue Mar 21 15:37:28 2023:DEBUG:setData: Setting HFC4310_emissions[2428]=0
Tue Mar 21 15:37:28 2023:DEBUG:setData: Setting HFC4310_emissions[2429]=0
Tue Mar 21 15:37:28 2023:DEBUG:setData: Setting HFC4310_emissions[2430]=0
Tue Mar 21 15:37:28 2023:DEBUG:setData: Setting HFC4310_emissions[2431]=0
Tue Mar 21 15:37:28 2023:DEBUG:setData: Setting HFC4310_emissions[2432]=0
Tue Mar 21 15:37:28 2023:DEBUG:setData: Setting HFC4310_emissions[2433]=0
Tue Mar 21 15:37:28 2023:DEBUG:setData: Setting HFC4310_emissions[2434]=0
Tue Mar 21 15:37:28 2023:DEBUG:setData: Setting HFC4310_emissions[2435]=0
Tue Mar 21 15:37:28 2023:DEBUG:setData: Setting HFC4310_emissions[2436]=0
Tue Mar 21 15:37:28 2023:DEBUG:setData: Setting HFC4310_emissions[2437]=0
Tue Mar 21 15:37:28 2023:DEBUG:setData: Setting HFC4310_emissions[2438]=0
Tue Mar 21 15:37:28 2023:DEBUG:setData: Setting HFC4310_emissions[2439]=0
Tue Mar 21 15:37:28 2023:DEBUG:setData: Setting HFC4310_emissions[2440]=0
Tue Mar 21 15:37:28 2023:DEBUG:setData: Setting HFC4310_emissions[2441]=0
Tue Mar 21 15:37:28 2023:DEBUG:setData: Setting HFC4310_emissions[2442]=0
Tue Mar 21 15:37:28 2023:DEBUG:setData: Setting HFC4310_emissions[2443]=0
Tue Mar 21 15:37:28 2023:DEBUG:setData: Setting HFC4310_emissions[2444]=0
Tue Mar 21 15:37:28 2023:DEBUG:setData: Setting HFC4310_emissions[2445]=0
Tue Mar 21 15:37:28 2023:DEBUG:setData: Setting HFC4310_emissions[2446]=0
Tue Mar 21 15:37:28 2023:DEBUG:setData: Setting HFC4310_emissions[2447]=0
Tue Mar 21 15:37:28 2023:DEBUG:setData: Setting HFC4310_emissions[2448]=0
Tue Mar 21 15:37:28 2023:DEBUG:setData: Setting HFC4310_emissions[2449]=0
Tue Mar 21 15:37:28 2023:DEBUG:setData: Setting HFC4310_emissions[2450]=0
Tue Mar 21 15:37:28 2023:DEBUG:setData: Setting HFC4310_emissions[2451]=0
Tue Mar 21 15:37:28 2023:DEBUG:setData: Setting HFC4310_emissions[2452]=0
Tue Mar 21 15:37:28 2023:DEBUG:setData: Setting HFC4310_emissions[2453]=0
Tue Mar 21 15:37:28 2023:DEBUG:setData: Setting HFC4310_emissions[2454]=0
Tue Mar 21 15:37:28 2023:DEBUG:setData: Setting HFC4310_emissions[2455]=0
Tue Mar 21 15:37:28 2023:DEBUG:setData: Setting HFC4310_emissions[2456]=0
Tue Mar 21 15:37:28 2023:DEBUG:setData: Setting HFC4310_emissions[2457]=0
Tue Mar 21 15:37:28 2023:DEBUG:setData: Setting HFC4310_emissions[2458]=0
Tue Mar 21 15:37:28 2023:DEBUG:setData: Setting HFC4310_emissions[2459]=0
Tue Mar 21 15:37:28 2023:DEBUG:setData: Setting HFC4310_emissions[2460]=0
Tue Mar 21 15:37:28 2023:DEBUG:setData: Setting HFC4310_emissions[2461]=0
Tue Mar 21 15:37:28 2023:DEBUG:setData: Setting HFC4310_emissions[2462]=0
Tue Mar 21 15:37:28 2023:DEBUG:setData: Setting HFC4310_emissions[2463]=0
Tue Mar 21 15:37:28 2023:DEBUG:setData: Setting HFC4310_emissions[2464]=0
Tue Mar 21 15:37:28 2023:DEBUG:setData: Setting HFC4310_emissions[2465]=0
Tue Mar 21 15:37:28 2023:DEBUG:setData: Setting HFC4310_emissions[2466]=0
Tue Mar 21 15:37:28 2023:DEBUG:setData: Setting HFC4310_emissions[2467]=0
Tue Mar 21 15:37:28 2023:DEBUG:setData: Setting HFC4310_emissions[2468]=0
Tue Mar 21 15:37:28 2023:DEBUG:setData: Setting HFC4310_emissions[2469]=0
Tue Mar 21 15:37:28 2023:DEBUG:setData: Setting HFC4310_emissions[2470]=0
Tue Mar 21 15:37:28 2023:DEBUG:setData: Setting HFC4310_emissions[2471]=0
Tue Mar 21 15:37:28 2023:DEBUG:setData: Setting HFC4310_emissions[2472]=0
Tue Mar 21 15:37:28 2023:DEBUG:setData: Setting HFC4310_emissions[2473]=0
Tue Mar 21 15:37:28 2023:DEBUG:setData: Setting HFC4310_emissions[2474]=0
Tue Mar 21 15:37:28 2023:DEBUG:setData: Setting HFC4310_emissions[2475]=0
Tue Mar 21 15:37:28 2023:DEBUG:setData: Setting HFC4310_emissions[2476]=0
Tue Mar 21 15:37:28 2023:DEBUG:setData: Setting HFC4310_emissions[2477]=0
Tue Mar 21 15:37:28 2023:DEBUG:setData: Setting HFC4310_emissions[2478]=0
Tue Mar 21 15:37:28 2023:DEBUG:setData: Setting HFC4310_emissions[2479]=0
Tue Mar 21 15:37:28 2023:DEBUG:setData: Setting HFC4310_emissions[2480]=0
Tue Mar 21 15:37:28 2023:DEBUG:setData: Setting HFC4310_emissions[2481]=0
Tue Mar 21 15:37:28 2023:DEBUG:setData: Setting HFC4310_emissions[2482]=0
Tue Mar 21 15:37:28 2023:DEBUG:setData: Setting HFC4310_emissions[2483]=0
Tue Mar 21 15:37:28 2023:DEBUG:setData: Setting HFC4310_emissions[2484]=0
Tue Mar 21 15:37:28 2023:DEBUG:setData: Setting HFC4310_emissions[2485]=0
Tue Mar 21 15:37:28 2023:DEBUG:setData: Setting HFC4310_emissions[2486]=0
Tue Mar 21 15:37:28 2023:DEBUG:setData: Setting HFC4310_emissions[2487]=0
Tue Mar 21 15:37:28 2023:DEBUG:setData: Setting HFC4310_emissions[2488]=0
Tue Mar 21 15:37:28 2023:DEBUG:setData: Setting HFC4310_emissions[2489]=0
Tue Mar 21 15:37:28 2023:DEBUG:setData: Setting HFC4310_emissions[2490]=0
Tue Mar 21 15:37:28 2023:DEBUG:setData: Setting HFC4310_emissions[2491]=0
Tue Mar 21 15:37:28 2023:DEBUG:setData: Setting HFC4310_emissions[2492]=0
Tue Mar 21 15:37:28 2023:DEBUG:setData: Setting HFC4310_emissions[2493]=0
Tue Mar 21 15:37:28 2023:DEBUG:setData: Setting HFC4310_emissions[2494]=0
Tue Mar 21 15:37:28 2023:DEBUG:setData: Setting HFC4310_emissions[2495]=0
Tue Mar 21 15:37:28 2023:DEBUG:setData: Setting HFC4310_emissions[2496]=0
Tue Mar 21 15:37:28 2023:DEBUG:setData: Setting HFC4310_emissions[2497]=0
Tue Mar 21 15:37:28 2023:DEBUG:setData: Setting HFC4310_emissions[2498]=0
Tue Mar 21 15:37:28 2023:DEBUG:setData: Setting HFC4310_emissions[2499]=0
Tue Mar 21 15:37:28 2023:DEBUG:setData: Setting HFC4310_emissions[2500]=0
Tue Mar 21 15:37:28 2023:DEBUG:setData: Setting molarMass[-1]=252.0
Tue Mar 21 15:37:29 2023:DEBUG:prepareToRun: prepareToRun 
Tue Mar 21 15:37:30 2023:DEBUG:run: date: 1746 concentration: 0 pptv
Tue Mar 21 15:37:30 2023:DEBUG:run: date: 1747 concentration: 0 pptv
Tue Mar 21 15:37:30 2023:DEBUG:run: date: 1748 concentration: 0 pptv
Tue Mar 21 15:37:30 2023:DEBUG:run: date: 1749 concentration: 0 pptv
Tue Mar 21 15:37:30 2023:DEBUG:run: date: 1750 concentration: 0 pptv
Tue Mar 21 15:37:30 2023:DEBUG:run: date: 1751 concentration: 0 pptv
Tue Mar 21 15:37:30 2023:DEBUG:run: date: 1752 concentration: 0 pptv
Tue Mar 21 15:37:30 2023:DEBUG:run: date: 1753 concentration: 0 pptv
Tue Mar 21 15:37:30 2023:DEBUG:run: date: 1754 concentration: 0 pptv
Tue Mar 21 15:37:30 2023:DEBUG:run: date: 1755 concentration: 0 pptv
Tue Mar 21 15:37:30 2023:DEBUG:run: date: 1756 concentration: 0 pptv
Tue Mar 21 15:37:30 2023:DEBUG:run: date: 1757 concentration: 0 pptv
Tue Mar 21 15:37:30 2023:DEBUG:run: date: 1758 concentration: 0 pptv
Tue Mar 21 15:37:30 2023:DEBUG:run: date: 1759 concentration: 0 pptv
Tue Mar 21 15:37:30 2023:DEBUG:run: date: 1760 concentration: 0 pptv
Tue Mar 21 15:37:30 2023:DEBUG:run: date: 1761 concentration: 0 pptv
Tue Mar 21 15:37:30 2023:DEBUG:run: date: 1762 concentration: 0 pptv
Tue Mar 21 15:37:30 2023:DEBUG:run: date: 1763 concentration: 0 pptv
Tue Mar 21 15:37:30 2023:DEBUG:run: date: 1764 concentration: 0 pptv
Tue Mar 21 15:37:30 2023:DEBUG:run: date: 1765 concentration: 0 pptv
Tue Mar 21 15:37:30 2023:DEBUG:run: date: 1766 concentration: 0 pptv
Tue Mar 21 15:37:30 2023:DEBUG:run: date: 1767 concentration: 0 pptv
Tue Mar 21 15:37:30 2023:DEBUG:run: date: 1768 concentration: 0 pptv
Tue Mar 21 15:37:30 2023:DEBUG:run: date: 1769 concentration: 0 pptv
Tue Mar 21 15:37:30 2023:DEBUG:run: date: 1770 concentration: 0 pptv
Tue Mar 21 15:37:30 2023:DEBUG:run: date: 1771 concentration: 0 pptv
Tue Mar 21 15:37:30 2023:DEBUG:run: date: 1772 concentration: 0 pptv
Tue Mar 21 15:37:30 2023:DEBUG:run: date: 1773 concentration: 0 pptv
Tue Mar 21 15:37:30 2023:DEBUG:run: date: 1774 concentration: 0 pptv
Tue Mar 21 15:37:30 2023:DEBUG:run: date: 1775 concentration: 0 pptv
Tue Mar 21 15:37:30 2023:DEBUG:run: date: 1776 concentration: 0 pptv
Tue Mar 21 15:37:30 2023:DEBUG:run: date: 1777 concentration: 0 pptv
Tue Mar 21 15:37:30 2023:DEBUG:run: date: 1778 concentration: 0 pptv
Tue Mar 21 15:37:30 2023:DEBUG:run: date: 1779 concentration: 0 pptv
Tue Mar 21 15:37:30 2023:DEBUG:run: date: 1780 concentration: 0 pptv
Tue Mar 21 15:37:30 2023:DEBUG:run: date: 1781 concentration: 0 pptv
Tue Mar 21 15:37:30 2023:DEBUG:run: date: 1782 concentration: 0 pptv
Tue Mar 21 15:37:30 2023:DEBUG:run: date: 1783 concentration: 0 pptv
Tue Mar 21 15:37:30 2023:DEBUG:run: date: 1784 concentration: 0 pptv
Tue Mar 21 15:37:30 2023:DEBUG:run: date: 1785 concentration: 0 pptv
Tue Mar 21 15:37:30 2023:DEBUG:run: date: 1786 concentration: 0 pptv
Tue Mar 21 15:37:30 2023:DEBUG:run: date: 1787 concentration: 0 pptv
Tue Mar 21 15:37:30 2023:DEBUG:run: date: 1788 concentration: 0 pptv
Tue Mar 21 15:37:30 2023:DEBUG:run: date: 1789 concentration: 0 pptv
Tue Mar 21 15:37:30 2023:DEBUG:run: date: 1790 concentration: 0 pptv
Tue Mar 21 15:37:30 2023:DEBUG:run: date: 1791 concentration: 0 pptv
Tue Mar 21 15:37:30 2023:DEBUG:run: date: 1792 concentration: 0 pptv
Tue Mar 21 15:37:30 2023:DEBUG:run: date: 1793 concentration: 0 pptv
Tue Mar 21 15:37:30 2023:DEBUG:run: date: 1794 concentration: 0 pptv
Tue Mar 21 15:37:30 2023:DEBUG:run: date: 1795 concentration: 0 pptv
Tue Mar 21 15:37:30 2023:DEBUG:run: date: 1796 concentration: 0 pptv
Tue Mar 21 15:37:30 2023:DEBUG:run: date: 1797 concentration: 0 pptv
Tue Mar 21 15:37:30 2023:DEBUG:run: date: 1798 concentration: 0 pptv
Tue Mar 21 15:37:30 2023:DEBUG:run: date: 1799 concentration: 0 pptv
Tue Mar 21 15:37:30 2023:DEBUG:run: date: 1800 concentration: 0 pptv
Tue Mar 21 15:37:30 2023:DEBUG:run: date: 1801 concentration: 0 pptv
Tue Mar 21 15:37:30 2023:DEBUG:run: date: 1802 concentration: 0 pptv
Tue Mar 21 15:37:30 2023:DEBUG:run: date: 1803 concentration: 0 pptv
Tue Mar 21 15:37:30 2023:DEBUG:run: date: 1804 concentration: 0 pptv
Tue Mar 21 15:37:30 2023:DEBUG:run: date: 1805 concentration: 0 pptv
Tue Mar 21 15:37:30 2023:DEBUG:run: date: 1806 concentration: 0 pptv
Tue Mar 21 15:37:30 2023:DEBUG:run: date: 1807 concentration: 0 pptv
Tue Mar 21 15:37:30 2023:DEBUG:run: date: 1808 concentration: 0 pptv
Tue Mar 21 15:37:30 2023:DEBUG:run: date: 1809 concentration: 0 pptv
Tue Mar 21 15:37:30 2023:DEBUG:run: date: 1810 concentration: 0 pptv
Tue Mar 21 15:37:30 2023:DEBUG:run: date: 1811 concentration: 0 pptv
Tue Mar 21 15:37:30 2023:DEBUG:run: date: 1812 concentration: 0 pptv
Tue Mar 21 15:37:30 2023:DEBUG:run: date: 1813 concentration: 0 pptv
Tue Mar 21 15:37:30 2023:DEBUG:run: date: 1814 concentration: 0 pptv
Tue Mar 21 15:37:30 2023:DEBUG:run: date: 1815 concentration: 0 pptv
Tue Mar 21 15:37:30 2023:DEBUG:run: date: 1816 concentration: 0 pptv
Tue Mar 21 15:37:30 2023:DEBUG:run: date: 1817 concentration: 0 pptv
Tue Mar 21 15:37:30 2023:DEBUG:run: date: 1818 concentration: 0 pptv
Tue Mar 21 15:37:30 2023:DEBUG:run: date: 1819 concentration: 0 pptv
Tue Mar 21 15:37:30 2023:DEBUG:run: date: 1820 concentration: 0 pptv
Tue Mar 21 15:37:30 2023:DEBUG:run: date: 1821 concentration: 0 pptv
Tue Mar 21 15:37:30 2023:DEBUG:run: date: 1822 concentration: 0 pptv
Tue Mar 21 15:37:30 2023:DEBUG:run: date: 1823 concentration: 0 pptv
Tue Mar 21 15:37:30 2023:DEBUG:run: date: 1824 concentration: 0 pptv
Tue Mar 21 15:37:30 2023:DEBUG:run: date: 1825 concentration: 0 pptv
Tue Mar 21 15:37:30 2023:DEBUG:run: date: 1826 concentration: 0 pptv
Tue Mar 21 15:37:30 2023:DEBUG:run: date: 1827 concentration: 0 pptv
Tue Mar 21 15:37:30 2023:DEBUG:run: date: 1828 concentration: 0 pptv
Tue Mar 21 15:37:30 2023:DEBUG:run: date: 1829 concentration: 0 pptv
Tue Mar 21 15:37:30 2023:DEBUG:run: date: 1830 concentration: 0 pptv
Tue Mar 21 15:37:30 2023:DEBUG:run: date: 1831 concentration: 0 pptv
Tue Mar 21 15:37:30 2023:DEBUG:run: date: 1832 concentration: 0 pptv
Tue Mar 21 15:37:30 2023:DEBUG:run: date: 1833 concentration: 0 pptv
Tue Mar 21 15:37:30 2023:DEBUG:run: date: 1834 concentration: 0 pptv
Tue Mar 21 15:37:30 2023:DEBUG:run: date: 1835 concentration: 0 pptv
Tue Mar 21 15:37:30 2023:DEBUG:run: date: 1836 concentration: 0 pptv
Tue Mar 21 15:37:30 2023:DEBUG:run: date: 1837 concentration: 0 pptv
Tue Mar 21 15:37:30 2023:DEBUG:run: date: 1838 concentration: 0 pptv
Tue Mar 21 15:37:30 2023:DEBUG:run: date: 1839 concentration: 0 pptv
Tue Mar 21 15:37:30 2023:DEBUG:run: date: 1840 concentration: 0 pptv
Tue Mar 21 15:37:30 2023:DEBUG:run: date: 1841 concentration: 0 pptv
Tue Mar 21 15:37:30 2023:DEBUG:run: date: 1842 concentration: 0 pptv
Tue Mar 21 15:37:30 2023:DEBUG:run: date: 1843 concentration: 0 pptv
Tue Mar 21 15:37:30 2023:DEBUG:run: date: 1844 concentration: 0 pptv
Tue Mar 21 15:37:30 2023:DEBUG:run: date: 1845 concentration: 0 pptv
Tue Mar 21 15:37:30 2023:DEBUG:run: date: 1846 concentration: 0 pptv
Tue Mar 21 15:37:30 2023:DEBUG:run: date: 1847 concentration: 0 pptv
Tue Mar 21 15:37:30 2023:DEBUG:run: date: 1848 concentration: 0 pptv
Tue Mar 21 15:37:30 2023:DEBUG:run: date: 1849 concentration: 0 pptv
Tue Mar 21 15:37:30 2023:DEBUG:run: date: 1850 concentration: 0 pptv
Tue Mar 21 15:37:30 2023:DEBUG:run: date: 1851 concentration: 0 pptv
Tue Mar 21 15:37:30 2023:DEBUG:run: date: 1852 concentration: 0 pptv
Tue Mar 21 15:37:30 2023:DEBUG:run: date: 1853 concentration: 0 pptv
Tue Mar 21 15:37:30 2023:DEBUG:run: date: 1854 concentration: 0 pptv
Tue Mar 21 15:37:30 2023:DEBUG:run: date: 1855 concentration: 0 pptv
Tue Mar 21 15:37:30 2023:DEBUG:run: date: 1856 concentration: 0 pptv
Tue Mar 21 15:37:30 2023:DEBUG:run: date: 1857 concentration: 0 pptv
Tue Mar 21 15:37:30 2023:DEBUG:run: date: 1858 concentration: 0 pptv
Tue Mar 21 15:37:30 2023:DEBUG:run: date: 1859 concentration: 0 pptv
Tue Mar 21 15:37:30 2023:DEBUG:run: date: 1860 concentration: 0 pptv
Tue Mar 21 15:37:30 2023:DEBUG:run: date: 1861 concentration: 0 pptv
Tue Mar 21 15:37:30 2023:DEBUG:run: date: 1862 concentration: 0 pptv
Tue Mar 21 15:37:30 2023:DEBUG:run: date: 1863 concentration: 0 pptv
Tue Mar 21 15:37:30 2023:DEBUG:run: date: 1864 concentration: 0 pptv
Tue Mar 21 15:37:30 2023:DEBUG:run: date: 1865 concentration: 0 pptv
Tue Mar 21 15:37:30 2023:DEBUG:run: date: 1866 concentration: 0 pptv
Tue Mar 21 15:37:30 2023:DEBUG:run: date: 1867 concentration: 0 pptv
Tue Mar 21 15:37:30 2023:DEBUG:run: date: 1868 concentration: 0 pptv
Tue Mar 21 15:37:30 2023:DEBUG:run: date: 1869 concentration: 0 pptv
Tue Mar 21 15:37:30 2023:DEBUG:run: date: 1870 concentration: 0 pptv
Tue Mar 21 15:37:30 2023:DEBUG:run: date: 1871 concentration: 0 pptv
Tue Mar 21 15:37:30 2023:DEBUG:run: date: 1872 concentration: 0 pptv
Tue Mar 21 15:37:30 2023:DEBUG:run: date: 1873 concentration: 0 pptv
Tue Mar 21 15:37:30 2023:DEBUG:run: date: 1874 concentration: 0 pptv
Tue Mar 21 15:37:30 2023:DEBUG:run: date: 1875 concentration: 0 pptv
Tue Mar 21 15:37:30 2023:DEBUG:run: date: 1876 concentration: 0 pptv
Tue Mar 21 15:37:30 2023:DEBUG:run: date: 1877 concentration: 0 pptv
Tue Mar 21 15:37:30 2023:DEBUG:run: date: 1878 concentration: 0 pptv
Tue Mar 21 15:37:30 2023:DEBUG:run: date: 1879 concentration: 0 pptv
Tue Mar 21 15:37:30 2023:DEBUG:run: date: 1880 concentration: 0 pptv
Tue Mar 21 15:37:30 2023:DEBUG:run: date: 1881 concentration: 0 pptv
Tue Mar 21 15:37:30 2023:DEBUG:run: date: 1882 concentration: 0 pptv
Tue Mar 21 15:37:30 2023:DEBUG:run: date: 1883 concentration: 0 pptv
Tue Mar 21 15:37:30 2023:DEBUG:run: date: 1884 concentration: 0 pptv
Tue Mar 21 15:37:30 2023:DEBUG:run: date: 1885 concentration: 0 pptv
Tue Mar 21 15:37:30 2023:DEBUG:run: date: 1886 concentration: 0 pptv
Tue Mar 21 15:37:30 2023:DEBUG:run: date: 1887 concentration: 0 pptv
Tue Mar 21 15:37:30 2023:DEBUG:run: date: 1888 concentration: 0 pptv
Tue Mar 21 15:37:30 2023:DEBUG:run: date: 1889 concentration: 0 pptv
Tue Mar 21 15:37:30 2023:DEBUG:run: date: 1890 concentration: 0 pptv
Tue Mar 21 15:37:30 2023:DEBUG:run: date: 1891 concentration: 0 pptv
Tue Mar 21 15:37:30 2023:DEBUG:run: date: 1892 concentration: 0 pptv
Tue Mar 21 15:37:30 2023:DEBUG:run: date: 1893 concentration: 0 pptv
Tue Mar 21 15:37:30 2023:DEBUG:run: date: 1894 concentration: 0 pptv
Tue Mar 21 15:37:30 2023:DEBUG:run: date: 1895 concentration: 0 pptv
Tue Mar 21 15:37:30 2023:DEBUG:run: date: 1896 concentration: 0 pptv
Tue Mar 21 15:37:30 2023:DEBUG:run: date: 1897 concentration: 0 pptv
Tue Mar 21 15:37:31 2023:DEBUG:run: date: 1898 concentration: 0 pptv
Tue Mar 21 15:37:31 2023:DEBUG:run: date: 1899 concentration: 0 pptv
Tue Mar 21 15:37:31 2023:DEBUG:run: date: 1900 concentration: 0 pptv
Tue Mar 21 15:37:31 2023:DEBUG:run: date: 1901 concentration: 0 pptv
Tue Mar 21 15:37:31 2023:DEBUG:run: date: 1902 concentration: 0 pptv
Tue Mar 21 15:37:31 2023:DEBUG:run: date: 1903 concentration: 0 pptv
Tue Mar 21 15:37:31 2023:DEBUG:run: date: 1904 concentration: 0 pptv
Tue Mar 21 15:37:31 2023:DEBUG:run: date: 1905 concentration: 0 pptv
Tue Mar 21 15:37:31 2023:DEBUG:run: date: 1906 concentration: 0 pptv
Tue Mar 21 15:37:31 2023:DEBUG:run: date: 1907 concentration: 0 pptv
Tue Mar 21 15:37:31 2023:DEBUG:run: date: 1908 concentration: 0 pptv
Tue Mar 21 15:37:31 2023:DEBUG:run: date: 1909 concentration: 0 pptv
Tue Mar 21 15:37:31 2023:DEBUG:run: date: 1910 concentration: 0 pptv
Tue Mar 21 15:37:31 2023:DEBUG:run: date: 1911 concentration: 0 pptv
Tue Mar 21 15:37:31 2023:DEBUG:run: date: 1912 concentration: 0 pptv
Tue Mar 21 15:37:31 2023:DEBUG:run: date: 1913 concentration: 0 pptv
Tue Mar 21 15:37:31 2023:DEBUG:run: date: 1914 concentration: 0 pptv
Tue Mar 21 15:37:31 2023:DEBUG:run: date: 1915 concentration: 0 pptv
Tue Mar 21 15:37:31 2023:DEBUG:run: date: 1916 concentration: 0 pptv
Tue Mar 21 15:37:31 2023:DEBUG:run: date: 1917 concentration: 0 pptv
Tue Mar 21 15:37:31 2023:DEBUG:run: date: 1918 concentration: 0 pptv
Tue Mar 21 15:37:31 2023:DEBUG:run: date: 1919 concentration: 0 pptv
Tue Mar 21 15:37:31 2023:DEBUG:run: date: 1920 concentration: 0 pptv
Tue Mar 21 15:37:31 2023:DEBUG:run: date: 1921 concentration: 0 pptv
Tue Mar 21 15:37:31 2023:DEBUG:run: date: 1922 concentration: 0 pptv
Tue Mar 21 15:37:31 2023:DEBUG:run: date: 1923 concentration: 0 pptv
Tue Mar 21 15:37:31 2023:DEBUG:run: date: 1924 concentration: 0 pptv
Tue Mar 21 15:37:31 2023:DEBUG:run: date: 1925 concentration: 0 pptv
Tue Mar 21 15:37:31 2023:DEBUG:run: date: 1926 concentration: 0 pptv
Tue Mar 21 15:37:31 2023:DEBUG:run: date: 1927 concentration: 0 pptv
Tue Mar 21 15:37:31 2023:DEBUG:run: date: 1928 concentration: 0 pptv
Tue Mar 21 15:37:31 2023:DEBUG:run: date: 1929 concentration: 0 pptv
Tue Mar 21 15:37:31 2023:DEBUG:run: date: 1930 concentration: 0 pptv
Tue Mar 21 15:37:31 2023:DEBUG:run: date: 1931 concentration: 0 pptv
Tue Mar 21 15:37:31 2023:DEBUG:run: date: 1932 concentration: 0 pptv
Tue Mar 21 15:37:31 2023:DEBUG:run: date: 1933 concentration: 0 pptv
Tue Mar 21 15:37:31 2023:DEBUG:run: date: 1934 concentration: 0 pptv
Tue Mar 21 15:37:31 2023:DEBUG:run: date: 1935 concentration: 0 pptv
Tue Mar 21 15:37:31 2023:DEBUG:run: date: 1936 concentration: 0 pptv
Tue Mar 21 15:37:31 2023:DEBUG:run: date: 1937 concentration: 0 pptv
Tue Mar 21 15:37:31 2023:DEBUG:run: date: 1938 concentration: 0 pptv
Tue Mar 21 15:37:31 2023:DEBUG:run: date: 1939 concentration: 0 pptv
Tue Mar 21 15:37:31 2023:DEBUG:run: date: 1940 concentration: 0 pptv
Tue Mar 21 15:37:31 2023:DEBUG:run: date: 1941 concentration: 0 pptv
Tue Mar 21 15:37:31 2023:DEBUG:run: date: 1942 concentration: 0 pptv
Tue Mar 21 15:37:31 2023:DEBUG:run: date: 1943 concentration: 0 pptv
Tue Mar 21 15:37:31 2023:DEBUG:run: date: 1944 concentration: 0 pptv
Tue Mar 21 15:37:31 2023:DEBUG:run: date: 1945 concentration: 0 pptv
Tue Mar 21 15:37:31 2023:DEBUG:run: date: 1946 concentration: 0 pptv
Tue Mar 21 15:37:31 2023:DEBUG:run: date: 1947 concentration: 0 pptv
Tue Mar 21 15:37:31 2023:DEBUG:run: date: 1948 concentration: 0 pptv
Tue Mar 21 15:37:31 2023:DEBUG:run: date: 1949 concentration: 0 pptv
Tue Mar 21 15:37:31 2023:DEBUG:run: date: 1950 concentration: 0 pptv
Tue Mar 21 15:37:31 2023:DEBUG:run: date: 1951 concentration: 0 pptv
Tue Mar 21 15:37:31 2023:DEBUG:run: date: 1952 concentration: 0 pptv
Tue Mar 21 15:37:31 2023:DEBUG:run: date: 1953 concentration: 0 pptv
Tue Mar 21 15:37:31 2023:DEBUG:run: date: 1954 concentration: 0 pptv
Tue Mar 21 15:37:31 2023:DEBUG:run: date: 1955 concentration: 0 pptv
Tue Mar 21 15:37:31 2023:DEBUG:run: date: 1956 concentration: 0 pptv
Tue Mar 21 15:37:31 2023:DEBUG:run: date: 1957 concentration: 0 pptv
Tue Mar 21 15:37:31 2023:DEBUG:run: date: 1958 concentration: 0 pptv
Tue Mar 21 15:37:31 2023:DEBUG:run: date: 1959 concentration: 0 pptv
Tue Mar 21 15:37:31 2023:DEBUG:run: date: 1960 concentration: 0 pptv
Tue Mar 21 15:37:31 2023:DEBUG:run: date: 1961 concentration: 0 pptv
Tue Mar 21 15:37:31 2023:DEBUG:run: date: 1962 concentration: 0 pptv
Tue Mar 21 15:37:31 2023:DEBUG:run: date: 1963 concentration: 0 pptv
Tue Mar 21 15:37:31 2023:DEBUG:run: date: 1964 concentration: 0 pptv
Tue Mar 21 15:37:31 2023:DEBUG:run: date: 1965 concentration: 0 pptv
Tue Mar 21 15:37:31 2023:DEBUG:run: date: 1966 concentration: 0 pptv
Tue Mar 21 15:37:31 2023:DEBUG:run: date: 1967 concentration: 0 pptv
Tue Mar 21 15:37:31 2023:DEBUG:run: date: 1968 concentration: 0 pptv
Tue Mar 21 15:37:31 2023:DEBUG:run: date: 1969 concentration: 0 pptv
Tue Mar 21 15:37:31 2023:DEBUG:run: date: 1970 concentration: 0 pptv
Tue Mar 21 15:37:31 2023:DEBUG:run: date: 1971 concentration: 0 pptv
Tue Mar 21 15:37:31 2023:DEBUG:run: date: 1972 concentration: 0 pptv
Tue Mar 21 15:37:31 2023:DEBUG:run: date: 1973 concentration: 0 pptv
Tue Mar 21 15:37:31 2023:DEBUG:run: date: 1974 concentration: 0 pptv
Tue Mar 21 15:37:31 2023:DEBUG:run: date: 1975 concentration: 0 pptv
Tue Mar 21 15:37:31 2023:DEBUG:run: date: 1976 concentration: 0 pptv
Tue Mar 21 15:37:31 2023:DEBUG:run: date: 1977 concentration: 0 pptv
Tue Mar 21 15:37:31 2023:DEBUG:run: date: 1978 concentration: 0 pptv
Tue Mar 21 15:37:31 2023:DEBUG:run: date: 1979 concentration: 0 pptv
Tue Mar 21 15:37:31 2023:DEBUG:run: date: 1980 concentration: 1.74568e-06 pptv
Tue Mar 21 15:37:31 2023:DEBUG:run: date: 1981 concentration: 1.65267e-05 pptv
Tue Mar 21 15:37:31 2023:DEBUG:run: date: 1982 concentration: 4.92469e-05 pptv
Tue Mar 21 15:37:31 2023:DEBUG:run: date: 1983 concentration: 8.93601e-05 pptv
Tue Mar 21 15:37:31 2023:DEBUG:run: date: 1984 concentration: 0.000175944 pptv
Tue Mar 21 15:37:31 2023:DEBUG:run: date: 1985 concentration: 0.000442263 pptv
Tue Mar 21 15:37:31 2023:DEBUG:run: date: 1986 concentration: 0.00101577 pptv
Tue Mar 21 15:37:31 2023:DEBUG:run: date: 1987 concentration: 0.00191074 pptv
Tue Mar 21 15:37:31 2023:DEBUG:run: date: 1988 concentration: 0.0030884 pptv
Tue Mar 21 15:37:31 2023:DEBUG:run: date: 1989 concentration: 0.00452719 pptv
Tue Mar 21 15:37:31 2023:DEBUG:run: date: 1990 concentration: 0.00621201 pptv
Tue Mar 21 15:37:31 2023:DEBUG:run: date: 1991 concentration: 0.0081229 pptv
Tue Mar 21 15:37:31 2023:DEBUG:run: date: 1992 concentration: 0.0102502 pptv
Tue Mar 21 15:37:31 2023:DEBUG:run: date: 1993 concentration: 0.0125795 pptv
Tue Mar 21 15:37:31 2023:DEBUG:run: date: 1994 concentration: 0.0150943 pptv
Tue Mar 21 15:37:31 2023:DEBUG:run: date: 1995 concentration: 0.0178028 pptv
Tue Mar 21 15:37:31 2023:DEBUG:run: date: 1996 concentration: 0.0218117 pptv
Tue Mar 21 15:37:31 2023:DEBUG:run: date: 1997 concentration: 0.027213 pptv
Tue Mar 21 15:37:31 2023:DEBUG:run: date: 1998 concentration: 0.0338158 pptv
Tue Mar 21 15:37:31 2023:DEBUG:run: date: 1999 concentration: 0.0423173 pptv
Tue Mar 21 15:37:31 2023:DEBUG:run: date: 2000 concentration: 0.0520074 pptv
Tue Mar 21 15:37:31 2023:DEBUG:run: date: 2001 concentration: 0.0624837 pptv
Tue Mar 21 15:37:31 2023:DEBUG:run: date: 2002 concentration: 0.0743426 pptv
Tue Mar 21 15:37:31 2023:DEBUG:run: date: 2003 concentration: 0.0880511 pptv
Tue Mar 21 15:37:31 2023:DEBUG:run: date: 2004 concentration: 0.103498 pptv
Tue Mar 21 15:37:31 2023:DEBUG:run: date: 2005 concentration: 0.120363 pptv
Tue Mar 21 15:37:31 2023:DEBUG:run: date: 2006 concentration: 0.138351 pptv
Tue Mar 21 15:37:31 2023:DEBUG:run: date: 2007 concentration: 0.156946 pptv
Tue Mar 21 15:37:31 2023:DEBUG:run: date: 2008 concentration: 0.175508 pptv
Tue Mar 21 15:37:31 2023:DEBUG:run: date: 2009 concentration: 0.195439 pptv
Tue Mar 21 15:37:31 2023:DEBUG:run: date: 2010 concentration: 0.212106 pptv
Tue Mar 21 15:37:31 2023:DEBUG:run: date: 2011 concentration: 0.223303 pptv
Tue Mar 21 15:37:31 2023:DEBUG:run: date: 2012 concentration: 0.230748 pptv
Tue Mar 21 15:37:31 2023:DEBUG:run: date: 2013 concentration: 0.23532 pptv
Tue Mar 21 15:37:31 2023:DEBUG:run: date: 2014 concentration: 0.245582 pptv
Tue Mar 21 15:37:31 2023:DEBUG:run: date: 2015 concentration: 0.255218 pptv
Tue Mar 21 15:37:31 2023:DEBUG:run: date: 2016 concentration: 0.264937 pptv
Tue Mar 21 15:37:31 2023:DEBUG:run: date: 2017 concentration: 0.274731 pptv
Tue Mar 21 15:37:31 2023:DEBUG:run: date: 2018 concentration: 0.284598 pptv
Tue Mar 21 15:37:31 2023:DEBUG:run: date: 2019 concentration: 0.294532 pptv
Tue Mar 21 15:37:31 2023:DEBUG:run: date: 2020 concentration: 0.30453 pptv
Tue Mar 21 15:37:31 2023:DEBUG:run: date: 2021 concentration: 0.312774 pptv
Tue Mar 21 15:37:31 2023:DEBUG:run: date: 2022 concentration: 0.319371 pptv
Tue Mar 21 15:37:31 2023:DEBUG:run: date: 2023 concentration: 0.324422 pptv
Tue Mar 21 15:37:31 2023:DEBUG:run: date: 2024 concentration: 0.32802 pptv
Tue Mar 21 15:37:31 2023:DEBUG:run: date: 2025 concentration: 0.330254 pptv
Tue Mar 21 15:37:31 2023:DEBUG:run: date: 2026 concentration: 0.331207 pptv
Tue Mar 21 15:37:31 2023:DEBUG:run: date: 2027 concentration: 0.330958 pptv
Tue Mar 21 15:37:31 2023:DEBUG:run: date: 2028 concentration: 0.32958 pptv
Tue Mar 21 15:37:31 2023:DEBUG:run: date: 2029 concentration: 0.327141 pptv
Tue Mar 21 15:37:31 2023:DEBUG:run: date: 2030 concentration: 0.323706 pptv
Tue Mar 21 15:37:31 2023:DEBUG:run: date: 2031 concentration: 0.319883 pptv
Tue Mar 21 15:37:31 2023:DEBUG:run: date: 2032 concentration: 0.315696 pptv
Tue Mar 21 15:37:31 2023:DEBUG:run: date: 2033 concentration: 0.311166 pptv
Tue Mar 21 15:37:31 2023:DEBUG:run: date: 2034 concentration: 0.306315 pptv
Tue Mar 21 15:37:31 2023:DEBUG:run: date: 2035 concentration: 0.301163 pptv
Tue Mar 21 15:37:31 2023:DEBUG:run: date: 2036 concentration: 0.295727 pptv
Tue Mar 21 15:37:31 2023:DEBUG:run: date: 2037 concentration: 0.290025 pptv
Tue Mar 21 15:37:31 2023:DEBUG:run: date: 2038 concentration: 0.284073 pptv
Tue Mar 21 15:37:31 2023:DEBUG:run: date: 2039 concentration: 0.277886 pptv
Tue Mar 21 15:37:31 2023:DEBUG:run: date: 2040 concentration: 0.271479 pptv
Tue Mar 21 15:37:31 2023:DEBUG:run: date: 2041 concentration: 0.265175 pptv
Tue Mar 21 15:37:31 2023:DEBUG:run: date: 2042 concentration: 0.258967 pptv
Tue Mar 21 15:37:31 2023:DEBUG:run: date: 2043 concentration: 0.252849 pptv
Tue Mar 21 15:37:31 2023:DEBUG:run: date: 2044 concentration: 0.246816 pptv
Tue Mar 21 15:37:31 2023:DEBUG:run: date: 2045 concentration: 0.240862 pptv
Tue Mar 21 15:37:31 2023:DEBUG:run: date: 2046 concentration: 0.234984 pptv
Tue Mar 21 15:37:31 2023:DEBUG:run: date: 2047 concentration: 0.229175 pptv
Tue Mar 21 15:37:31 2023:DEBUG:run: date: 2048 concentration: 0.223433 pptv
Tue Mar 21 15:37:31 2023:DEBUG:run: date: 2049 concentration: 0.217752 pptv
Tue Mar 21 15:37:31 2023:DEBUG:run: date: 2050 concentration: 0.21213 pptv
Tue Mar 21 15:37:31 2023:DEBUG:run: date: 2051 concentration: 0.206793 pptv
Tue Mar 21 15:37:31 2023:DEBUG:run: date: 2052 concentration: 0.201724 pptv
Tue Mar 21 15:37:31 2023:DEBUG:run: date: 2053 concentration: 0.196906 pptv
Tue Mar 21 15:37:31 2023:DEBUG:run: date: 2054 concentration: 0.192325 pptv
Tue Mar 21 15:37:31 2023:DEBUG:run: date: 2055 concentration: 0.187965 pptv
Tue Mar 21 15:37:31 2023:DEBUG:run: date: 2056 concentration: 0.183814 pptv
Tue Mar 21 15:37:31 2023:DEBUG:run: date: 2057 concentration: 0.179858 pptv
Tue Mar 21 15:37:31 2023:DEBUG:run: date: 2058 concentration: 0.176086 pptv
Tue Mar 21 15:37:31 2023:DEBUG:run: date: 2059 concentration: 0.172486 pptv
Tue Mar 21 15:37:31 2023:DEBUG:run: date: 2060 concentration: 0.169049 pptv
Tue Mar 21 15:37:31 2023:DEBUG:run: date: 2061 concentration: 0.165772 pptv
Tue Mar 21 15:37:31 2023:DEBUG:run: date: 2062 concentration: 0.162646 pptv
Tue Mar 21 15:37:31 2023:DEBUG:run: date: 2063 concentration: 0.159661 pptv
Tue Mar 21 15:37:31 2023:DEBUG:run: date: 2064 concentration: 0.15681 pptv
Tue Mar 21 15:37:31 2023:DEBUG:run: date: 2065 concentration: 0.154084 pptv
Tue Mar 21 15:37:31 2023:DEBUG:run: date: 2066 concentration: 0.151475 pptv
Tue Mar 21 15:37:31 2023:DEBUG:run: date: 2067 concentration: 0.148977 pptv
Tue Mar 21 15:37:31 2023:DEBUG:run: date: 2068 concentration: 0.146582 pptv
Tue Mar 21 15:37:31 2023:DEBUG:run: date: 2069 concentration: 0.144284 pptv
Tue Mar 21 15:37:31 2023:DEBUG:run: date: 2070 concentration: 0.142077 pptv
Tue Mar 21 15:37:31 2023:DEBUG:run: date: 2071 concentration: 0.139974 pptv
Tue Mar 21 15:37:31 2023:DEBUG:run: date: 2072 concentration: 0.137968 pptv
Tue Mar 21 15:37:31 2023:DEBUG:run: date: 2073 concentration: 0.136052 pptv
Tue Mar 21 15:37:31 2023:DEBUG:run: date: 2074 concentration: 0.134223 pptv
Tue Mar 21 15:37:31 2023:DEBUG:run: date: 2075 concentration: 0.132473 pptv
Tue Mar 21 15:37:31 2023:DEBUG:run: date: 2076 concentration: 0.130799 pptv
Tue Mar 21 15:37:31 2023:DEBUG:run: date: 2077 concentration: 0.129196 pptv
Tue Mar 21 15:37:31 2023:DEBUG:run: date: 2078 concentration: 0.127659 pptv
Tue Mar 21 15:37:31 2023:DEBUG:run: date: 2079 concentration: 0.126185 pptv
Tue Mar 21 15:37:31 2023:DEBUG:run: date: 2080 concentration: 0.12477 pptv
Tue Mar 21 15:37:31 2023:DEBUG:run: date: 2081 concentration: 0.123436 pptv
Tue Mar 21 15:37:31 2023:DEBUG:run: date: 2082 concentration: 0.12218 pptv
Tue Mar 21 15:37:31 2023:DEBUG:run: date: 2083 concentration: 0.120996 pptv
Tue Mar 21 15:37:31 2023:DEBUG:run: date: 2084 concentration: 0.11988 pptv
Tue Mar 21 15:37:31 2023:DEBUG:run: date: 2085 concentration: 0.118827 pptv
Tue Mar 21 15:37:31 2023:DEBUG:run: date: 2086 concentration: 0.117835 pptv
Tue Mar 21 15:37:32 2023:DEBUG:run: date: 2087 concentration: 0.116899 pptv
Tue Mar 21 15:37:32 2023:DEBUG:run: date: 2088 concentration: 0.116016 pptv
Tue Mar 21 15:37:32 2023:DEBUG:run: date: 2089 concentration: 0.115182 pptv
Tue Mar 21 15:37:32 2023:DEBUG:run: date: 2090 concentration: 0.114396 pptv
Tue Mar 21 15:37:32 2023:DEBUG:run: date: 2091 concentration: 0.113609 pptv
Tue Mar 21 15:37:32 2023:DEBUG:run: date: 2092 concentration: 0.112822 pptv
Tue Mar 21 15:37:32 2023:DEBUG:run: date: 2093 concentration: 0.112035 pptv
Tue Mar 21 15:37:32 2023:DEBUG:run: date: 2094 concentration: 0.111247 pptv
Tue Mar 21 15:37:32 2023:DEBUG:run: date: 2095 concentration: 0.11046 pptv
Tue Mar 21 15:37:32 2023:DEBUG:run: date: 2096 concentration: 0.109673 pptv
Tue Mar 21 15:37:32 2023:DEBUG:run: date: 2097 concentration: 0.108886 pptv
Tue Mar 21 15:37:32 2023:DEBUG:run: date: 2098 concentration: 0.108099 pptv
Tue Mar 21 15:37:32 2023:DEBUG:run: date: 2099 concentration: 0.107312 pptv
Tue Mar 21 15:37:32 2023:DEBUG:run: date: 2100 concentration: 0.106524 pptv
Tue Mar 21 15:37:32 2023:DEBUG:run: date: 2101 concentration: 0.105747 pptv
Tue Mar 21 15:37:32 2023:DEBUG:run: date: 2102 concentration: 0.104978 pptv
Tue Mar 21 15:37:32 2023:DEBUG:run: date: 2103 concentration: 0.104218 pptv
Tue Mar 21 15:37:32 2023:DEBUG:run: date: 2104 concentration: 0.103466 pptv
Tue Mar 21 15:37:32 2023:DEBUG:run: date: 2105 concentration: 0.102721 pptv
Tue Mar 21 15:37:32 2023:DEBUG:run: date: 2106 concentration: 0.101984 pptv
Tue Mar 21 15:37:32 2023:DEBUG:run: date: 2107 concentration: 0.101252 pptv
Tue Mar 21 15:37:32 2023:DEBUG:run: date: 2108 concentration: 0.100528 pptv
Tue Mar 21 15:37:32 2023:DEBUG:run: date: 2109 concentration: 0.0998087 pptv
Tue Mar 21 15:37:32 2023:DEBUG:run: date: 2110 concentration: 0.0990951 pptv
Tue Mar 21 15:37:32 2023:DEBUG:run: date: 2111 concentration: 0.0983867 pptv
Tue Mar 21 15:37:32 2023:DEBUG:run: date: 2112 concentration: 0.0976832 pptv
Tue Mar 21 15:37:32 2023:DEBUG:run: date: 2113 concentration: 0.0969841 pptv
Tue Mar 21 15:37:32 2023:DEBUG:run: date: 2114 concentration: 0.0962893 pptv
Tue Mar 21 15:37:32 2023:DEBUG:run: date: 2115 concentration: 0.0955985 pptv
Tue Mar 21 15:37:32 2023:DEBUG:run: date: 2116 concentration: 0.0949115 pptv
Tue Mar 21 15:37:32 2023:DEBUG:run: date: 2117 concentration: 0.0942279 pptv
Tue Mar 21 15:37:32 2023:DEBUG:run: date: 2118 concentration: 0.0935477 pptv
Tue Mar 21 15:37:32 2023:DEBUG:run: date: 2119 concentration: 0.0928706 pptv
Tue Mar 21 15:37:32 2023:DEBUG:run: date: 2120 concentration: 0.0921964 pptv
Tue Mar 21 15:37:32 2023:DEBUG:run: date: 2121 concentration: 0.0915249 pptv
Tue Mar 21 15:37:32 2023:DEBUG:run: date: 2122 concentration: 0.090856 pptv
Tue Mar 21 15:37:32 2023:DEBUG:run: date: 2123 concentration: 0.0901895 pptv
Tue Mar 21 15:37:32 2023:DEBUG:run: date: 2124 concentration: 0.0895253 pptv
Tue Mar 21 15:37:32 2023:DEBUG:run: date: 2125 concentration: 0.0888632 pptv
Tue Mar 21 15:37:32 2023:DEBUG:run: date: 2126 concentration: 0.0882031 pptv
Tue Mar 21 15:37:32 2023:DEBUG:run: date: 2127 concentration: 0.0875449 pptv
Tue Mar 21 15:37:32 2023:DEBUG:run: date: 2128 concentration: 0.0868884 pptv
Tue Mar 21 15:37:32 2023:DEBUG:run: date: 2129 concentration: 0.0862336 pptv
Tue Mar 21 15:37:32 2023:DEBUG:run: date: 2130 concentration: 0.0855803 pptv
Tue Mar 21 15:37:32 2023:DEBUG:run: date: 2131 concentration: 0.0849286 pptv
Tue Mar 21 15:37:32 2023:DEBUG:run: date: 2132 concentration: 0.0842781 pptv
Tue Mar 21 15:37:32 2023:DEBUG:run: date: 2133 concentration: 0.083629 pptv
Tue Mar 21 15:37:32 2023:DEBUG:run: date: 2134 concentration: 0.0829811 pptv
Tue Mar 21 15:37:32 2023:DEBUG:run: date: 2135 concentration: 0.0823343 pptv
Tue Mar 21 15:37:32 2023:DEBUG:run: date: 2136 concentration: 0.0816886 pptv
Tue Mar 21 15:37:32 2023:DEBUG:run: date: 2137 concentration: 0.0810439 pptv
Tue Mar 21 15:37:32 2023:DEBUG:run: date: 2138 concentration: 0.0804001 pptv
Tue Mar 21 15:37:32 2023:DEBUG:run: date: 2139 concentration: 0.0797572 pptv
Tue Mar 21 15:37:32 2023:DEBUG:run: date: 2140 concentration: 0.0791151 pptv
Tue Mar 21 15:37:32 2023:DEBUG:run: date: 2141 concentration: 0.0784738 pptv
Tue Mar 21 15:37:32 2023:DEBUG:run: date: 2142 concentration: 0.0778332 pptv
Tue Mar 21 15:37:32 2023:DEBUG:run: date: 2143 concentration: 0.0771934 pptv
Tue Mar 21 15:37:32 2023:DEBUG:run: date: 2144 concentration: 0.0765541 pptv
Tue Mar 21 15:37:32 2023:DEBUG:run: date: 2145 concentration: 0.0759155 pptv
Tue Mar 21 15:37:32 2023:DEBUG:run: date: 2146 concentration: 0.0752774 pptv
Tue Mar 21 15:37:32 2023:DEBUG:run: date: 2147 concentration: 0.0746399 pptv
Tue Mar 21 15:37:32 2023:DEBUG:run: date: 2148 concentration: 0.0740029 pptv
Tue Mar 21 15:37:32 2023:DEBUG:run: date: 2149 concentration: 0.0733663 pptv
Tue Mar 21 15:37:32 2023:DEBUG:run: date: 2150 concentration: 0.0727302 pptv
Tue Mar 21 15:37:32 2023:DEBUG:run: date: 2151 concentration: 0.0720945 pptv
Tue Mar 21 15:37:32 2023:DEBUG:run: date: 2152 concentration: 0.0714592 pptv
Tue Mar 21 15:37:32 2023:DEBUG:run: date: 2153 concentration: 0.0708243 pptv
Tue Mar 21 15:37:32 2023:DEBUG:run: date: 2154 concentration: 0.0701897 pptv
Tue Mar 21 15:37:32 2023:DEBUG:run: date: 2155 concentration: 0.0695554 pptv
Tue Mar 21 15:37:32 2023:DEBUG:run: date: 2156 concentration: 0.0689214 pptv
Tue Mar 21 15:37:32 2023:DEBUG:run: date: 2157 concentration: 0.0682877 pptv
Tue Mar 21 15:37:32 2023:DEBUG:run: date: 2158 concentration: 0.0676543 pptv
Tue Mar 21 15:37:32 2023:DEBUG:run: date: 2159 concentration: 0.0670211 pptv
Tue Mar 21 15:37:32 2023:DEBUG:run: date: 2160 concentration: 0.0663882 pptv
Tue Mar 21 15:37:32 2023:DEBUG:run: date: 2161 concentration: 0.0657555 pptv
Tue Mar 21 15:37:32 2023:DEBUG:run: date: 2162 concentration: 0.065123 pptv
Tue Mar 21 15:37:32 2023:DEBUG:run: date: 2163 concentration: 0.0644907 pptv
Tue Mar 21 15:37:32 2023:DEBUG:run: date: 2164 concentration: 0.0638585 pptv
Tue Mar 21 15:37:32 2023:DEBUG:run: date: 2165 concentration: 0.0632266 pptv
Tue Mar 21 15:37:32 2023:DEBUG:run: date: 2166 concentration: 0.0625948 pptv
Tue Mar 21 15:37:32 2023:DEBUG:run: date: 2167 concentration: 0.0619631 pptv
Tue Mar 21 15:37:32 2023:DEBUG:run: date: 2168 concentration: 0.0613316 pptv
Tue Mar 21 15:37:32 2023:DEBUG:run: date: 2169 concentration: 0.0607003 pptv
Tue Mar 21 15:37:32 2023:DEBUG:run: date: 2170 concentration: 0.060069 pptv
Tue Mar 21 15:37:32 2023:DEBUG:run: date: 2171 concentration: 0.0594379 pptv
Tue Mar 21 15:37:32 2023:DEBUG:run: date: 2172 concentration: 0.0588069 pptv
Tue Mar 21 15:37:32 2023:DEBUG:run: date: 2173 concentration: 0.058176 pptv
Tue Mar 21 15:37:32 2023:DEBUG:run: date: 2174 concentration: 0.0575452 pptv
Tue Mar 21 15:37:32 2023:DEBUG:run: date: 2175 concentration: 0.0569145 pptv
Tue Mar 21 15:37:32 2023:DEBUG:run: date: 2176 concentration: 0.0562838 pptv
Tue Mar 21 15:37:32 2023:DEBUG:run: date: 2177 concentration: 0.0556533 pptv
Tue Mar 21 15:37:32 2023:DEBUG:run: date: 2178 concentration: 0.0550228 pptv
Tue Mar 21 15:37:32 2023:DEBUG:run: date: 2179 concentration: 0.0543924 pptv
Tue Mar 21 15:37:32 2023:DEBUG:run: date: 2180 concentration: 0.053762 pptv
Tue Mar 21 15:37:32 2023:DEBUG:run: date: 2181 concentration: 0.0531318 pptv
Tue Mar 21 15:37:32 2023:DEBUG:run: date: 2182 concentration: 0.0525016 pptv
Tue Mar 21 15:37:32 2023:DEBUG:run: date: 2183 concentration: 0.0518714 pptv
Tue Mar 21 15:37:32 2023:DEBUG:run: date: 2184 concentration: 0.0512413 pptv
Tue Mar 21 15:37:32 2023:DEBUG:run: date: 2185 concentration: 0.0506112 pptv
Tue Mar 21 15:37:32 2023:DEBUG:run: date: 2186 concentration: 0.0499812 pptv
Tue Mar 21 15:37:32 2023:DEBUG:run: date: 2187 concentration: 0.0493512 pptv
Tue Mar 21 15:37:32 2023:DEBUG:run: date: 2188 concentration: 0.0487213 pptv
Tue Mar 21 15:37:32 2023:DEBUG:run: date: 2189 concentration: 0.0480914 pptv
Tue Mar 21 15:37:32 2023:DEBUG:run: date: 2190 concentration: 0.0474616 pptv
Tue Mar 21 15:37:32 2023:DEBUG:run: date: 2191 concentration: 0.0468317 pptv
Tue Mar 21 15:37:32 2023:DEBUG:run: date: 2192 concentration: 0.0462019 pptv
Tue Mar 21 15:37:32 2023:DEBUG:run: date: 2193 concentration: 0.0455722 pptv
Tue Mar 21 15:37:32 2023:DEBUG:run: date: 2194 concentration: 0.0449424 pptv
Tue Mar 21 15:37:32 2023:DEBUG:run: date: 2195 concentration: 0.0443127 pptv
Tue Mar 21 15:37:32 2023:DEBUG:run: date: 2196 concentration: 0.043683 pptv
Tue Mar 21 15:37:32 2023:DEBUG:run: date: 2197 concentration: 0.0430534 pptv
Tue Mar 21 15:37:32 2023:DEBUG:run: date: 2198 concentration: 0.0424237 pptv
Tue Mar 21 15:37:32 2023:DEBUG:run: date: 2199 concentration: 0.0417941 pptv
Tue Mar 21 15:37:32 2023:DEBUG:run: date: 2200 concentration: 0.0411645 pptv
Tue Mar 21 15:37:32 2023:DEBUG:run: date: 2201 concentration: 0.0405349 pptv
Tue Mar 21 15:37:32 2023:DEBUG:run: date: 2202 concentration: 0.0399054 pptv
Tue Mar 21 15:37:32 2023:DEBUG:run: date: 2203 concentration: 0.0392758 pptv
Tue Mar 21 15:37:32 2023:DEBUG:run: date: 2204 concentration: 0.0386463 pptv
Tue Mar 21 15:37:32 2023:DEBUG:run: date: 2205 concentration: 0.0380168 pptv
Tue Mar 21 15:37:32 2023:DEBUG:run: date: 2206 concentration: 0.0373873 pptv
Tue Mar 21 15:37:32 2023:DEBUG:run: date: 2207 concentration: 0.0367578 pptv
Tue Mar 21 15:37:32 2023:DEBUG:run: date: 2208 concentration: 0.0361283 pptv
Tue Mar 21 15:37:32 2023:DEBUG:run: date: 2209 concentration: 0.0354988 pptv
Tue Mar 21 15:37:32 2023:DEBUG:run: date: 2210 concentration: 0.0348693 pptv
Tue Mar 21 15:37:32 2023:DEBUG:run: date: 2211 concentration: 0.0342399 pptv
Tue Mar 21 15:37:32 2023:DEBUG:run: date: 2212 concentration: 0.0336104 pptv
Tue Mar 21 15:37:32 2023:DEBUG:run: date: 2213 concentration: 0.032981 pptv
Tue Mar 21 15:37:32 2023:DEBUG:run: date: 2214 concentration: 0.0323516 pptv
Tue Mar 21 15:37:32 2023:DEBUG:run: date: 2215 concentration: 0.0317222 pptv
Tue Mar 21 15:37:32 2023:DEBUG:run: date: 2216 concentration: 0.0310927 pptv
Tue Mar 21 15:37:32 2023:DEBUG:run: date: 2217 concentration: 0.0304633 pptv
Tue Mar 21 15:37:32 2023:DEBUG:run: date: 2218 concentration: 0.0298339 pptv
Tue Mar 21 15:37:32 2023:DEBUG:run: date: 2219 concentration: 0.0292045 pptv
Tue Mar 21 15:37:32 2023:DEBUG:run: date: 2220 concentration: 0.0285751 pptv
Tue Mar 21 15:37:32 2023:DEBUG:run: date: 2221 concentration: 0.0279458 pptv
Tue Mar 21 15:37:32 2023:DEBUG:run: date: 2222 concentration: 0.0273164 pptv
Tue Mar 21 15:37:32 2023:DEBUG:run: date: 2223 concentration: 0.026687 pptv
Tue Mar 21 15:37:32 2023:DEBUG:run: date: 2224 concentration: 0.0260576 pptv
Tue Mar 21 15:37:32 2023:DEBUG:run: date: 2225 concentration: 0.0254283 pptv
Tue Mar 21 15:37:32 2023:DEBUG:run: date: 2226 concentration: 0.0247989 pptv
Tue Mar 21 15:37:32 2023:DEBUG:run: date: 2227 concentration: 0.0241695 pptv
Tue Mar 21 15:37:32 2023:DEBUG:run: date: 2228 concentration: 0.0235402 pptv
Tue Mar 21 15:37:32 2023:DEBUG:run: date: 2229 concentration: 0.0229108 pptv
Tue Mar 21 15:37:32 2023:DEBUG:run: date: 2230 concentration: 0.0222815 pptv
Tue Mar 21 15:37:32 2023:DEBUG:run: date: 2231 concentration: 0.0216521 pptv
Tue Mar 21 15:37:32 2023:DEBUG:run: date: 2232 concentration: 0.0210228 pptv
Tue Mar 21 15:37:32 2023:DEBUG:run: date: 2233 concentration: 0.0203934 pptv
Tue Mar 21 15:37:32 2023:DEBUG:run: date: 2234 concentration: 0.0197641 pptv
Tue Mar 21 15:37:32 2023:DEBUG:run: date: 2235 concentration: 0.0191347 pptv
Tue Mar 21 15:37:32 2023:DEBUG:run: date: 2236 concentration: 0.0185054 pptv
Tue Mar 21 15:37:32 2023:DEBUG:run: date: 2237 concentration: 0.0178761 pptv
Tue Mar 21 15:37:32 2023:DEBUG:run: date: 2238 concentration: 0.0172467 pptv
Tue Mar 21 15:37:32 2023:DEBUG:run: date: 2239 concentration: 0.0166174 pptv
Tue Mar 21 15:37:32 2023:DEBUG:run: date: 2240 concentration: 0.0159881 pptv
Tue Mar 21 15:37:32 2023:DEBUG:run: date: 2241 concentration: 0.0153587 pptv
Tue Mar 21 15:37:32 2023:DEBUG:run: date: 2242 concentration: 0.0147294 pptv
Tue Mar 21 15:37:32 2023:DEBUG:run: date: 2243 concentration: 0.0141001 pptv
Tue Mar 21 15:37:32 2023:DEBUG:run: date: 2244 concentration: 0.0134708 pptv
Tue Mar 21 15:37:32 2023:DEBUG:run: date: 2245 concentration: 0.0128414 pptv
Tue Mar 21 15:37:32 2023:DEBUG:run: date: 2246 concentration: 0.0122121 pptv
Tue Mar 21 15:37:32 2023:DEBUG:run: date: 2247 concentration: 0.0115828 pptv
Tue Mar 21 15:37:32 2023:DEBUG:run: date: 2248 concentration: 0.0109535 pptv
Tue Mar 21 15:37:32 2023:DEBUG:run: date: 2249 concentration: 0.0103241 pptv
Tue Mar 21 15:37:32 2023:DEBUG:run: date: 2250 concentration: 0.00969483 pptv
Tue Mar 21 15:37:32 2023:DEBUG:run: date: 2251 concentration: 0.00910387 pptv
Tue Mar 21 15:37:32 2023:DEBUG:run: date: 2252 concentration: 0.00854893 pptv
Tue Mar 21 15:37:32 2023:DEBUG:run: date: 2253 concentration: 0.00802782 pptv
Tue Mar 21 15:37:32 2023:DEBUG:run: date: 2254 concentration: 0.00753848 pptv
Tue Mar 21 15:37:32 2023:DEBUG:run: date: 2255 concentration: 0.00707896 pptv
Tue Mar 21 15:37:32 2023:DEBUG:run: date: 2256 concentration: 0.00664745 pptv
Tue Mar 21 15:37:32 2023:DEBUG:run: date: 2257 concentration: 0.00624225 pptv
Tue Mar 21 15:37:32 2023:DEBUG:run: date: 2258 concentration: 0.00586175 pptv
Tue Mar 21 15:37:32 2023:DEBUG:run: date: 2259 concentration: 0.00550444 pptv
Tue Mar 21 15:37:32 2023:DEBUG:run: date: 2260 concentration: 0.00516891 pptv
Tue Mar 21 15:37:32 2023:DEBUG:run: date: 2261 concentration: 0.00485383 pptv
Tue Mar 21 15:37:32 2023:DEBUG:run: date: 2262 concentration: 0.00455796 pptv
Tue Mar 21 15:37:32 2023:DEBUG:run: date: 2263 concentration: 0.00428013 pptv
Tue Mar 21 15:37:32 2023:DEBUG:run: date: 2264 concentration: 0.00401923 pptv
Tue Mar 21 15:37:32 2023:DEBUG:run: date: 2265 concentration: 0.00377423 pptv
Tue Mar 21 15:37:32 2023:DEBUG:run: date: 2266 concentration: 0.00354417 pptv
Tue Mar 21 15:37:32 2023:DEBUG:run: date: 2267 concentration: 0.00332813 pptv
Tue Mar 21 15:37:32 2023:DEBUG:run: date: 2268 concentration: 0.00312526 pptv
Tue Mar 21 15:37:32 2023:DEBUG:run: date: 2269 concentration: 0.00293475 pptv
Tue Mar 21 15:37:32 2023:DEBUG:run: date: 2270 concentration: 0.00275586 pptv
Tue Mar 21 15:37:32 2023:DEBUG:run: date: 2271 concentration: 0.00258788 pptv
Tue Mar 21 15:37:32 2023:DEBUG:run: date: 2272 concentration: 0.00243013 pptv
Tue Mar 21 15:37:32 2023:DEBUG:run: date: 2273 concentration: 0.002282 pptv
Tue Mar 21 15:37:32 2023:DEBUG:run: date: 2274 concentration: 0.0021429 pptv
Tue Mar 21 15:37:32 2023:DEBUG:run: date: 2275 concentration: 0.00201227 pptv
Tue Mar 21 15:37:32 2023:DEBUG:run: date: 2276 concentration: 0.00188961 pptv
Tue Mar 21 15:37:32 2023:DEBUG:run: date: 2277 concentration: 0.00177443 pptv
Tue Mar 21 15:37:32 2023:DEBUG:run: date: 2278 concentration: 0.00166627 pptv
Tue Mar 21 15:37:32 2023:DEBUG:run: date: 2279 concentration: 0.0015647 pptv
Tue Mar 21 15:37:32 2023:DEBUG:run: date: 2280 concentration: 0.00146932 pptv
Tue Mar 21 15:37:32 2023:DEBUG:run: date: 2281 concentration: 0.00137976 pptv
Tue Mar 21 15:37:32 2023:DEBUG:run: date: 2282 concentration: 0.00129565 pptv
Tue Mar 21 15:37:32 2023:DEBUG:run: date: 2283 concentration: 0.00121667 pptv
Tue Mar 21 15:37:32 2023:DEBUG:run: date: 2284 concentration: 0.00114251 pptv
Tue Mar 21 15:37:32 2023:DEBUG:run: date: 2285 concentration: 0.00107287 pptv
Tue Mar 21 15:37:32 2023:DEBUG:run: date: 2286 concentration: 0.00100747 pptv
Tue Mar 21 15:37:32 2023:DEBUG:run: date: 2287 concentration: 0.000946058 pptv
Tue Mar 21 15:37:32 2023:DEBUG:run: date: 2288 concentration: 0.00088839 pptv
Tue Mar 21 15:37:32 2023:DEBUG:run: date: 2289 concentration: 0.000834237 pptv
Tue Mar 21 15:37:32 2023:DEBUG:run: date: 2290 concentration: 0.000783385 pptv
Tue Mar 21 15:37:32 2023:DEBUG:run: date: 2291 concentration: 0.000735633 pptv
Tue Mar 21 15:37:32 2023:DEBUG:run: date: 2292 concentration: 0.000690792 pptv
Tue Mar 21 15:37:32 2023:DEBUG:run: date: 2293 concentration: 0.000648684 pptv
Tue Mar 21 15:37:32 2023:DEBUG:run: date: 2294 concentration: 0.000609142 pptv
Tue Mar 21 15:37:32 2023:DEBUG:run: date: 2295 concentration: 0.000572012 pptv
Tue Mar 21 15:37:32 2023:DEBUG:run: date: 2296 concentration: 0.000537144 pptv
Tue Mar 21 15:37:32 2023:DEBUG:run: date: 2297 concentration: 0.000504402 pptv
Tue Mar 21 15:37:32 2023:DEBUG:run: date: 2298 concentration: 0.000473655 pptv
Tue Mar 21 15:37:32 2023:DEBUG:run: date: 2299 concentration: 0.000444783 pptv
Tue Mar 21 15:37:32 2023:DEBUG:run: date: 2300 concentration: 0.000417671 pptv
