Tue Mar 21 15:37:28 2023:NOTICE:printLogHeader: hector version 2.5.0
Tue Mar 21 15:37:28 2023:DEBUG:init: hello N2O
Tue Mar 21 15:37:29 2023:DEBUG:prepareToRun: prepareToRun 
Tue Mar 21 15:37:30 2023:DEBUG:run: 1746tau = 132 YearsTue Mar 21 15:37:30 2023:DEBUG:run: 1746 N2O = 273.198 ppbv N2O
Tue Mar 21 15:37:30 2023:DEBUG:run: 1747tau = 131.994 YearsTue Mar 21 15:37:30 2023:DEBUG:run: 1747 N2O = 273.435 ppbv N2O
Tue Mar 21 15:37:30 2023:DEBUG:run: 1748tau = 131.989 YearsTue Mar 21 15:37:30 2023:DEBUG:run: 1748 N2O = 273.671 ppbv N2O
Tue Mar 21 15:37:30 2023:DEBUG:run: 1749tau = 131.983 YearsTue Mar 21 15:37:30 2023:DEBUG:run: 1749 N2O = 273.904 ppbv N2O
Tue Mar 21 15:37:30 2023:DEBUG:run: 1750tau = 131.977 YearsTue Mar 21 15:37:30 2023:DEBUG:run: 1750 N2O = 274.135 ppbv N2O
Tue Mar 21 15:37:30 2023:DEBUG:run: 1751tau = 131.972 YearsTue Mar 21 15:37:30 2023:DEBUG:run: 1751 N2O = 274.365 ppbv N2O
Tue Mar 21 15:37:30 2023:DEBUG:run: 1752tau = 131.966 YearsTue Mar 21 15:37:30 2023:DEBUG:run: 1752 N2O = 274.592 ppbv N2O
Tue Mar 21 15:37:30 2023:DEBUG:run: 1753tau = 131.961 YearsTue Mar 21 15:37:30 2023:DEBUG:run: 1753 N2O = 274.818 ppbv N2O
Tue Mar 21 15:37:30 2023:DEBUG:run: 1754tau = 131.955 YearsTue Mar 21 15:37:30 2023:DEBUG:run: 1754 N2O = 275.042 ppbv N2O
Tue Mar 21 15:37:30 2023:DEBUG:run: 1755tau = 131.95 YearsTue Mar 21 15:37:30 2023:DEBUG:run: 1755 N2O = 275.265 ppbv N2O
Tue Mar 21 15:37:30 2023:DEBUG:run: 1756tau = 131.945 YearsTue Mar 21 15:37:30 2023:DEBUG:run: 1756 N2O = 275.485 ppbv N2O
Tue Mar 21 15:37:30 2023:DEBUG:run: 1757tau = 131.939 YearsTue Mar 21 15:37:30 2023:DEBUG:run: 1757 N2O = 275.704 ppbv N2O
Tue Mar 21 15:37:30 2023:DEBUG:run: 1758tau = 131.934 YearsTue Mar 21 15:37:30 2023:DEBUG:run: 1758 N2O = 275.921 ppbv N2O
Tue Mar 21 15:37:30 2023:DEBUG:run: 1759tau = 131.929 YearsTue Mar 21 15:37:30 2023:DEBUG:run: 1759 N2O = 276.137 ppbv N2O
Tue Mar 21 15:37:30 2023:DEBUG:run: 1760tau = 131.924 YearsTue Mar 21 15:37:30 2023:DEBUG:run: 1760 N2O = 276.35 ppbv N2O
Tue Mar 21 15:37:30 2023:DEBUG:run: 1761tau = 131.919 YearsTue Mar 21 15:37:30 2023:DEBUG:run: 1761 N2O = 276.562 ppbv N2O
Tue Mar 21 15:37:30 2023:DEBUG:run: 1762tau = 131.913 YearsTue Mar 21 15:37:30 2023:DEBUG:run: 1762 N2O = 276.772 ppbv N2O
Tue Mar 21 15:37:30 2023:DEBUG:run: 1763tau = 131.908 YearsTue Mar 21 15:37:30 2023:DEBUG:run: 1763 N2O = 276.981 ppbv N2O
Tue Mar 21 15:37:30 2023:DEBUG:run: 1764tau = 131.904 YearsTue Mar 21 15:37:30 2023:DEBUG:run: 1764 N2O = 277.188 ppbv N2O
Tue Mar 21 15:37:30 2023:DEBUG:run: 1765tau = 131.899 YearsTue Mar 21 15:37:30 2023:DEBUG:run: 1765 N2O = 277.393 ppbv N2O
Tue Mar 21 15:37:30 2023:DEBUG:run: 1766tau = 131.894 YearsTue Mar 21 15:37:30 2023:DEBUG:run: 1766 N2O = 277.594 ppbv N2O
Tue Mar 21 15:37:30 2023:DEBUG:run: 1767tau = 131.889 YearsTue Mar 21 15:37:30 2023:DEBUG:run: 1767 N2O = 277.792 ppbv N2O
Tue Mar 21 15:37:30 2023:DEBUG:run: 1768tau = 131.884 YearsTue Mar 21 15:37:30 2023:DEBUG:run: 1768 N2O = 277.985 ppbv N2O
Tue Mar 21 15:37:30 2023:DEBUG:run: 1769tau = 131.88 YearsTue Mar 21 15:37:30 2023:DEBUG:run: 1769 N2O = 278.174 ppbv N2O
Tue Mar 21 15:37:30 2023:DEBUG:run: 1770tau = 131.875 YearsTue Mar 21 15:37:30 2023:DEBUG:run: 1770 N2O = 278.36 ppbv N2O
Tue Mar 21 15:37:30 2023:DEBUG:run: 1771tau = 131.871 YearsTue Mar 21 15:37:30 2023:DEBUG:run: 1771 N2O = 278.542 ppbv N2O
Tue Mar 21 15:37:30 2023:DEBUG:run: 1772tau = 131.866 YearsTue Mar 21 15:37:30 2023:DEBUG:run: 1772 N2O = 278.72 ppbv N2O
Tue Mar 21 15:37:30 2023:DEBUG:run: 1773tau = 131.862 YearsTue Mar 21 15:37:30 2023:DEBUG:run: 1773 N2O = 278.894 ppbv N2O
Tue Mar 21 15:37:30 2023:DEBUG:run: 1774tau = 131.858 YearsTue Mar 21 15:37:30 2023:DEBUG:run: 1774 N2O = 279.064 ppbv N2O
Tue Mar 21 15:37:30 2023:DEBUG:run: 1775tau = 131.854 YearsTue Mar 21 15:37:30 2023:DEBUG:run: 1775 N2O = 279.231 ppbv N2O
Tue Mar 21 15:37:30 2023:DEBUG:run: 1776tau = 131.85 YearsTue Mar 21 15:37:30 2023:DEBUG:run: 1776 N2O = 279.394 ppbv N2O
Tue Mar 21 15:37:30 2023:DEBUG:run: 1777tau = 131.846 YearsTue Mar 21 15:37:30 2023:DEBUG:run: 1777 N2O = 279.554 ppbv N2O
Tue Mar 21 15:37:30 2023:DEBUG:run: 1778tau = 131.843 YearsTue Mar 21 15:37:30 2023:DEBUG:run: 1778 N2O = 279.71 ppbv N2O
Tue Mar 21 15:37:30 2023:DEBUG:run: 1779tau = 131.839 YearsTue Mar 21 15:37:30 2023:DEBUG:run: 1779 N2O = 279.862 ppbv N2O
Tue Mar 21 15:37:30 2023:DEBUG:run: 1780tau = 131.835 YearsTue Mar 21 15:37:30 2023:DEBUG:run: 1780 N2O = 280.011 ppbv N2O
Tue Mar 21 15:37:30 2023:DEBUG:run: 1781tau = 131.832 YearsTue Mar 21 15:37:30 2023:DEBUG:run: 1781 N2O = 280.157 ppbv N2O
Tue Mar 21 15:37:30 2023:DEBUG:run: 1782tau = 131.828 YearsTue Mar 21 15:37:30 2023:DEBUG:run: 1782 N2O = 280.299 ppbv N2O
Tue Mar 21 15:37:30 2023:DEBUG:run: 1783tau = 131.825 YearsTue Mar 21 15:37:30 2023:DEBUG:run: 1783 N2O = 280.437 ppbv N2O
Tue Mar 21 15:37:30 2023:DEBUG:run: 1784tau = 131.822 YearsTue Mar 21 15:37:30 2023:DEBUG:run: 1784 N2O = 280.573 ppbv N2O
Tue Mar 21 15:37:30 2023:DEBUG:run: 1785tau = 131.819 YearsTue Mar 21 15:37:30 2023:DEBUG:run: 1785 N2O = 280.705 ppbv N2O
Tue Mar 21 15:37:30 2023:DEBUG:run: 1786tau = 131.815 YearsTue Mar 21 15:37:30 2023:DEBUG:run: 1786 N2O = 280.833 ppbv N2O
Tue Mar 21 15:37:30 2023:DEBUG:run: 1787tau = 131.812 YearsTue Mar 21 15:37:30 2023:DEBUG:run: 1787 N2O = 280.959 ppbv N2O
Tue Mar 21 15:37:30 2023:DEBUG:run: 1788tau = 131.81 YearsTue Mar 21 15:37:30 2023:DEBUG:run: 1788 N2O = 281.081 ppbv N2O
Tue Mar 21 15:37:30 2023:DEBUG:run: 1789tau = 131.807 YearsTue Mar 21 15:37:30 2023:DEBUG:run: 1789 N2O = 281.2 ppbv N2O
Tue Mar 21 15:37:30 2023:DEBUG:run: 1790tau = 131.804 YearsTue Mar 21 15:37:30 2023:DEBUG:run: 1790 N2O = 281.316 ppbv N2O
Tue Mar 21 15:37:30 2023:DEBUG:run: 1791tau = 131.801 YearsTue Mar 21 15:37:30 2023:DEBUG:run: 1791 N2O = 281.428 ppbv N2O
Tue Mar 21 15:37:30 2023:DEBUG:run: 1792tau = 131.798 YearsTue Mar 21 15:37:30 2023:DEBUG:run: 1792 N2O = 281.538 ppbv N2O
Tue Mar 21 15:37:30 2023:DEBUG:run: 1793tau = 131.796 YearsTue Mar 21 15:37:30 2023:DEBUG:run: 1793 N2O = 281.645 ppbv N2O
Tue Mar 21 15:37:30 2023:DEBUG:run: 1794tau = 131.793 YearsTue Mar 21 15:37:30 2023:DEBUG:run: 1794 N2O = 281.748 ppbv N2O
Tue Mar 21 15:37:30 2023:DEBUG:run: 1795tau = 131.791 YearsTue Mar 21 15:37:30 2023:DEBUG:run: 1795 N2O = 281.849 ppbv N2O
Tue Mar 21 15:37:30 2023:DEBUG:run: 1796tau = 131.789 YearsTue Mar 21 15:37:30 2023:DEBUG:run: 1796 N2O = 281.946 ppbv N2O
Tue Mar 21 15:37:30 2023:DEBUG:run: 1797tau = 131.786 YearsTue Mar 21 15:37:30 2023:DEBUG:run: 1797 N2O = 282.041 ppbv N2O
Tue Mar 21 15:37:30 2023:DEBUG:run: 1798tau = 131.784 YearsTue Mar 21 15:37:30 2023:DEBUG:run: 1798 N2O = 282.133 ppbv N2O
Tue Mar 21 15:37:30 2023:DEBUG:run: 1799tau = 131.782 YearsTue Mar 21 15:37:30 2023:DEBUG:run: 1799 N2O = 282.221 ppbv N2O
Tue Mar 21 15:37:30 2023:DEBUG:run: 1800tau = 131.78 YearsTue Mar 21 15:37:30 2023:DEBUG:run: 1800 N2O = 282.307 ppbv N2O
Tue Mar 21 15:37:30 2023:DEBUG:run: 1801tau = 131.778 YearsTue Mar 21 15:37:30 2023:DEBUG:run: 1801 N2O = 282.391 ppbv N2O
Tue Mar 21 15:37:30 2023:DEBUG:run: 1802tau = 131.776 YearsTue Mar 21 15:37:30 2023:DEBUG:run: 1802 N2O = 282.471 ppbv N2O
Tue Mar 21 15:37:30 2023:DEBUG:run: 1803tau = 131.774 YearsTue Mar 21 15:37:30 2023:DEBUG:run: 1803 N2O = 282.549 ppbv N2O
Tue Mar 21 15:37:30 2023:DEBUG:run: 1804tau = 131.772 YearsTue Mar 21 15:37:30 2023:DEBUG:run: 1804 N2O = 282.624 ppbv N2O
Tue Mar 21 15:37:30 2023:DEBUG:run: 1805tau = 131.771 YearsTue Mar 21 15:37:30 2023:DEBUG:run: 1805 N2O = 282.696 ppbv N2O
Tue Mar 21 15:37:30 2023:DEBUG:run: 1806tau = 131.769 YearsTue Mar 21 15:37:30 2023:DEBUG:run: 1806 N2O = 282.766 ppbv N2O
Tue Mar 21 15:37:30 2023:DEBUG:run: 1807tau = 131.767 YearsTue Mar 21 15:37:30 2023:DEBUG:run: 1807 N2O = 282.833 ppbv N2O
Tue Mar 21 15:37:30 2023:DEBUG:run: 1808tau = 131.766 YearsTue Mar 21 15:37:30 2023:DEBUG:run: 1808 N2O = 282.898 ppbv N2O
Tue Mar 21 15:37:30 2023:DEBUG:run: 1809tau = 131.764 YearsTue Mar 21 15:37:30 2023:DEBUG:run: 1809 N2O = 282.96 ppbv N2O
Tue Mar 21 15:37:30 2023:DEBUG:run: 1810tau = 131.763 YearsTue Mar 21 15:37:30 2023:DEBUG:run: 1810 N2O = 283.02 ppbv N2O
Tue Mar 21 15:37:30 2023:DEBUG:run: 1811tau = 131.761 YearsTue Mar 21 15:37:30 2023:DEBUG:run: 1811 N2O = 283.077 ppbv N2O
Tue Mar 21 15:37:30 2023:DEBUG:run: 1812tau = 131.76 YearsTue Mar 21 15:37:30 2023:DEBUG:run: 1812 N2O = 283.131 ppbv N2O
Tue Mar 21 15:37:30 2023:DEBUG:run: 1813tau = 131.759 YearsTue Mar 21 15:37:30 2023:DEBUG:run: 1813 N2O = 283.184 ppbv N2O
Tue Mar 21 15:37:30 2023:DEBUG:run: 1814tau = 131.758 YearsTue Mar 21 15:37:30 2023:DEBUG:run: 1814 N2O = 283.233 ppbv N2O
Tue Mar 21 15:37:30 2023:DEBUG:run: 1815tau = 131.756 YearsTue Mar 21 15:37:30 2023:DEBUG:run: 1815 N2O = 283.281 ppbv N2O
Tue Mar 21 15:37:30 2023:DEBUG:run: 1816tau = 131.755 YearsTue Mar 21 15:37:30 2023:DEBUG:run: 1816 N2O = 283.326 ppbv N2O
Tue Mar 21 15:37:30 2023:DEBUG:run: 1817tau = 131.754 YearsTue Mar 21 15:37:30 2023:DEBUG:run: 1817 N2O = 283.369 ppbv N2O
Tue Mar 21 15:37:30 2023:DEBUG:run: 1818tau = 131.753 YearsTue Mar 21 15:37:30 2023:DEBUG:run: 1818 N2O = 283.41 ppbv N2O
Tue Mar 21 15:37:30 2023:DEBUG:run: 1819tau = 131.752 YearsTue Mar 21 15:37:30 2023:DEBUG:run: 1819 N2O = 283.448 ppbv N2O
Tue Mar 21 15:37:30 2023:DEBUG:run: 1820tau = 131.751 YearsTue Mar 21 15:37:30 2023:DEBUG:run: 1820 N2O = 283.484 ppbv N2O
Tue Mar 21 15:37:30 2023:DEBUG:run: 1821tau = 131.751 YearsTue Mar 21 15:37:30 2023:DEBUG:run: 1821 N2O = 283.519 ppbv N2O
Tue Mar 21 15:37:30 2023:DEBUG:run: 1822tau = 131.75 YearsTue Mar 21 15:37:30 2023:DEBUG:run: 1822 N2O = 283.551 ppbv N2O
Tue Mar 21 15:37:30 2023:DEBUG:run: 1823tau = 131.749 YearsTue Mar 21 15:37:30 2023:DEBUG:run: 1823 N2O = 283.581 ppbv N2O
Tue Mar 21 15:37:30 2023:DEBUG:run: 1824tau = 131.748 YearsTue Mar 21 15:37:30 2023:DEBUG:run: 1824 N2O = 283.608 ppbv N2O
Tue Mar 21 15:37:30 2023:DEBUG:run: 1825tau = 131.748 YearsTue Mar 21 15:37:30 2023:DEBUG:run: 1825 N2O = 283.634 ppbv N2O
Tue Mar 21 15:37:30 2023:DEBUG:run: 1826tau = 131.747 YearsTue Mar 21 15:37:30 2023:DEBUG:run: 1826 N2O = 283.658 ppbv N2O
Tue Mar 21 15:37:30 2023:DEBUG:run: 1827tau = 131.747 YearsTue Mar 21 15:37:30 2023:DEBUG:run: 1827 N2O = 283.68 ppbv N2O
Tue Mar 21 15:37:30 2023:DEBUG:run: 1828tau = 131.746 YearsTue Mar 21 15:37:30 2023:DEBUG:run: 1828 N2O = 283.7 ppbv N2O
Tue Mar 21 15:37:30 2023:DEBUG:run: 1829tau = 131.746 YearsTue Mar 21 15:37:30 2023:DEBUG:run: 1829 N2O = 283.718 ppbv N2O
Tue Mar 21 15:37:30 2023:DEBUG:run: 1830tau = 131.745 YearsTue Mar 21 15:37:30 2023:DEBUG:run: 1830 N2O = 283.734 ppbv N2O
Tue Mar 21 15:37:30 2023:DEBUG:run: 1831tau = 131.745 YearsTue Mar 21 15:37:30 2023:DEBUG:run: 1831 N2O = 283.749 ppbv N2O
Tue Mar 21 15:37:30 2023:DEBUG:run: 1832tau = 131.744 YearsTue Mar 21 15:37:30 2023:DEBUG:run: 1832 N2O = 283.761 ppbv N2O
Tue Mar 21 15:37:30 2023:DEBUG:run: 1833tau = 131.744 YearsTue Mar 21 15:37:30 2023:DEBUG:run: 1833 N2O = 283.772 ppbv N2O
Tue Mar 21 15:37:30 2023:DEBUG:run: 1834tau = 131.744 YearsTue Mar 21 15:37:30 2023:DEBUG:run: 1834 N2O = 283.781 ppbv N2O
Tue Mar 21 15:37:30 2023:DEBUG:run: 1835tau = 131.744 YearsTue Mar 21 15:37:30 2023:DEBUG:run: 1835 N2O = 283.789 ppbv N2O
Tue Mar 21 15:37:30 2023:DEBUG:run: 1836tau = 131.743 YearsTue Mar 21 15:37:30 2023:DEBUG:run: 1836 N2O = 283.795 ppbv N2O
Tue Mar 21 15:37:30 2023:DEBUG:run: 1837tau = 131.743 YearsTue Mar 21 15:37:30 2023:DEBUG:run: 1837 N2O = 283.799 ppbv N2O
Tue Mar 21 15:37:30 2023:DEBUG:run: 1838tau = 131.743 YearsTue Mar 21 15:37:30 2023:DEBUG:run: 1838 N2O = 283.801 ppbv N2O
Tue Mar 21 15:37:30 2023:DEBUG:run: 1839tau = 131.743 YearsTue Mar 21 15:37:30 2023:DEBUG:run: 1839 N2O = 283.802 ppbv N2O
Tue Mar 21 15:37:30 2023:DEBUG:run: 1840tau = 131.743 YearsTue Mar 21 15:37:30 2023:DEBUG:run: 1840 N2O = 283.802 ppbv N2O
Tue Mar 21 15:37:30 2023:DEBUG:run: 1841tau = 131.743 YearsTue Mar 21 15:37:30 2023:DEBUG:run: 1841 N2O = 283.8 ppbv N2O
Tue Mar 21 15:37:30 2023:DEBUG:run: 1842tau = 131.743 YearsTue Mar 21 15:37:30 2023:DEBUG:run: 1842 N2O = 283.796 ppbv N2O
Tue Mar 21 15:37:30 2023:DEBUG:run: 1843tau = 131.743 YearsTue Mar 21 15:37:30 2023:DEBUG:run: 1843 N2O = 283.791 ppbv N2O
Tue Mar 21 15:37:30 2023:DEBUG:run: 1844tau = 131.743 YearsTue Mar 21 15:37:30 2023:DEBUG:run: 1844 N2O = 283.785 ppbv N2O
Tue Mar 21 15:37:30 2023:DEBUG:run: 1845tau = 131.744 YearsTue Mar 21 15:37:30 2023:DEBUG:run: 1845 N2O = 283.777 ppbv N2O
Tue Mar 21 15:37:30 2023:DEBUG:run: 1846tau = 131.744 YearsTue Mar 21 15:37:30 2023:DEBUG:run: 1846 N2O = 283.768 ppbv N2O
Tue Mar 21 15:37:30 2023:DEBUG:run: 1847tau = 131.744 YearsTue Mar 21 15:37:30 2023:DEBUG:run: 1847 N2O = 283.758 ppbv N2O
Tue Mar 21 15:37:30 2023:DEBUG:run: 1848tau = 131.744 YearsTue Mar 21 15:37:30 2023:DEBUG:run: 1848 N2O = 283.747 ppbv N2O
Tue Mar 21 15:37:30 2023:DEBUG:run: 1849tau = 131.744 YearsTue Mar 21 15:37:30 2023:DEBUG:run: 1849 N2O = 283.734 ppbv N2O
Tue Mar 21 15:37:30 2023:DEBUG:run: 1850tau = 131.745 YearsTue Mar 21 15:37:30 2023:DEBUG:run: 1850 N2O = 283.72 ppbv N2O
Tue Mar 21 15:37:30 2023:DEBUG:run: 1851tau = 131.745 YearsTue Mar 21 15:37:30 2023:DEBUG:run: 1851 N2O = 283.705 ppbv N2O
Tue Mar 21 15:37:30 2023:DEBUG:run: 1852tau = 131.745 YearsTue Mar 21 15:37:30 2023:DEBUG:run: 1852 N2O = 283.689 ppbv N2O
Tue Mar 21 15:37:30 2023:DEBUG:run: 1853tau = 131.746 YearsTue Mar 21 15:37:30 2023:DEBUG:run: 1853 N2O = 283.673 ppbv N2O
Tue Mar 21 15:37:30 2023:DEBUG:run: 1854tau = 131.746 YearsTue Mar 21 15:37:30 2023:DEBUG:run: 1854 N2O = 283.656 ppbv N2O
Tue Mar 21 15:37:30 2023:DEBUG:run: 1855tau = 131.747 YearsTue Mar 21 15:37:30 2023:DEBUG:run: 1855 N2O = 283.637 ppbv N2O
Tue Mar 21 15:37:30 2023:DEBUG:run: 1856tau = 131.747 YearsTue Mar 21 15:37:30 2023:DEBUG:run: 1856 N2O = 283.618 ppbv N2O
Tue Mar 21 15:37:30 2023:DEBUG:run: 1857tau = 131.747 YearsTue Mar 21 15:37:30 2023:DEBUG:run: 1857 N2O = 283.597 ppbv N2O
Tue Mar 21 15:37:30 2023:DEBUG:run: 1858tau = 131.748 YearsTue Mar 21 15:37:30 2023:DEBUG:run: 1858 N2O = 283.574 ppbv N2O
Tue Mar 21 15:37:30 2023:DEBUG:run: 1859tau = 131.748 YearsTue Mar 21 15:37:30 2023:DEBUG:run: 1859 N2O = 283.551 ppbv N2O
Tue Mar 21 15:37:30 2023:DEBUG:run: 1860tau = 131.749 YearsTue Mar 21 15:37:30 2023:DEBUG:run: 1860 N2O = 283.525 ppbv N2O
Tue Mar 21 15:37:30 2023:DEBUG:run: 1861tau = 131.75 YearsTue Mar 21 15:37:30 2023:DEBUG:run: 1861 N2O = 283.498 ppbv N2O
Tue Mar 21 15:37:30 2023:DEBUG:run: 1862tau = 131.75 YearsTue Mar 21 15:37:30 2023:DEBUG:run: 1862 N2O = 283.468 ppbv N2O
Tue Mar 21 15:37:30 2023:DEBUG:run: 1863tau = 131.751 YearsTue Mar 21 15:37:30 2023:DEBUG:run: 1863 N2O = 283.437 ppbv N2O
Tue Mar 21 15:37:30 2023:DEBUG:run: 1864tau = 131.752 YearsTue Mar 21 15:37:30 2023:DEBUG:run: 1864 N2O = 283.404 ppbv N2O
Tue Mar 21 15:37:30 2023:DEBUG:run: 1865tau = 131.752 YearsTue Mar 21 15:37:30 2023:DEBUG:run: 1865 N2O = 283.369 ppbv N2O
Tue Mar 21 15:37:30 2023:DEBUG:run: 1866tau = 131.753 YearsTue Mar 21 15:37:30 2023:DEBUG:run: 1866 N2O = 283.332 ppbv N2O
Tue Mar 21 15:37:30 2023:DEBUG:run: 1867tau = 131.754 YearsTue Mar 21 15:37:30 2023:DEBUG:run: 1867 N2O = 283.293 ppbv N2O
Tue Mar 21 15:37:30 2023:DEBUG:run: 1868tau = 131.755 YearsTue Mar 21 15:37:30 2023:DEBUG:run: 1868 N2O = 283.253 ppbv N2O
Tue Mar 21 15:37:30 2023:DEBUG:run: 1869tau = 131.756 YearsTue Mar 21 15:37:30 2023:DEBUG:run: 1869 N2O = 283.21 ppbv N2O
Tue Mar 21 15:37:30 2023:DEBUG:run: 1870tau = 131.757 YearsTue Mar 21 15:37:30 2023:DEBUG:run: 1870 N2O = 283.166 ppbv N2O
Tue Mar 21 15:37:30 2023:DEBUG:run: 1871tau = 131.758 YearsTue Mar 21 15:37:30 2023:DEBUG:run: 1871 N2O = 283.122 ppbv N2O
Tue Mar 21 15:37:30 2023:DEBUG:run: 1872tau = 131.759 YearsTue Mar 21 15:37:30 2023:DEBUG:run: 1872 N2O = 283.078 ppbv N2O
Tue Mar 21 15:37:30 2023:DEBUG:run: 1873tau = 131.76 YearsTue Mar 21 15:37:30 2023:DEBUG:run: 1873 N2O = 283.037 ppbv N2O
Tue Mar 21 15:37:30 2023:DEBUG:run: 1874tau = 131.761 YearsTue Mar 21 15:37:30 2023:DEBUG:run: 1874 N2O = 282.999 ppbv N2O
Tue Mar 21 15:37:30 2023:DEBUG:run: 1875tau = 131.762 YearsTue Mar 21 15:37:30 2023:DEBUG:run: 1875 N2O = 282.966 ppbv N2O
Tue Mar 21 15:37:30 2023:DEBUG:run: 1876tau = 131.763 YearsTue Mar 21 15:37:30 2023:DEBUG:run: 1876 N2O = 282.936 ppbv N2O
Tue Mar 21 15:37:30 2023:DEBUG:run: 1877tau = 131.763 YearsTue Mar 21 15:37:30 2023:DEBUG:run: 1877 N2O = 282.91 ppbv N2O
Tue Mar 21 15:37:30 2023:DEBUG:run: 1878tau = 131.764 YearsTue Mar 21 15:37:30 2023:DEBUG:run: 1878 N2O = 282.887 ppbv N2O
Tue Mar 21 15:37:30 2023:DEBUG:run: 1879tau = 131.764 YearsTue Mar 21 15:37:30 2023:DEBUG:run: 1879 N2O = 282.866 ppbv N2O
Tue Mar 21 15:37:30 2023:DEBUG:run: 1880tau = 131.765 YearsTue Mar 21 15:37:30 2023:DEBUG:run: 1880 N2O = 282.845 ppbv N2O
Tue Mar 21 15:37:30 2023:DEBUG:run: 1881tau = 131.765 YearsTue Mar 21 15:37:30 2023:DEBUG:run: 1881 N2O = 282.823 ppbv N2O
Tue Mar 21 15:37:30 2023:DEBUG:run: 1882tau = 131.766 YearsTue Mar 21 15:37:30 2023:DEBUG:run: 1882 N2O = 282.801 ppbv N2O
Tue Mar 21 15:37:30 2023:DEBUG:run: 1883tau = 131.766 YearsTue Mar 21 15:37:30 2023:DEBUG:run: 1883 N2O = 282.778 ppbv N2O
Tue Mar 21 15:37:30 2023:DEBUG:run: 1884tau = 131.767 YearsTue Mar 21 15:37:30 2023:DEBUG:run: 1884 N2O = 282.753 ppbv N2O
Tue Mar 21 15:37:30 2023:DEBUG:run: 1885tau = 131.768 YearsTue Mar 21 15:37:30 2023:DEBUG:run: 1885 N2O = 282.727 ppbv N2O
Tue Mar 21 15:37:30 2023:DEBUG:run: 1886tau = 131.768 YearsTue Mar 21 15:37:30 2023:DEBUG:run: 1886 N2O = 282.7 ppbv N2O
Tue Mar 21 15:37:30 2023:DEBUG:run: 1887tau = 131.769 YearsTue Mar 21 15:37:30 2023:DEBUG:run: 1887 N2O = 282.671 ppbv N2O
Tue Mar 21 15:37:30 2023:DEBUG:run: 1888tau = 131.769 YearsTue Mar 21 15:37:30 2023:DEBUG:run: 1888 N2O = 282.641 ppbv N2O
Tue Mar 21 15:37:30 2023:DEBUG:run: 1889tau = 131.77 YearsTue Mar 21 15:37:30 2023:DEBUG:run: 1889 N2O = 282.611 ppbv N2O
Tue Mar 21 15:37:30 2023:DEBUG:run: 1890tau = 131.771 YearsTue Mar 21 15:37:30 2023:DEBUG:run: 1890 N2O = 282.582 ppbv N2O
Tue Mar 21 15:37:30 2023:DEBUG:run: 1891tau = 131.772 YearsTue Mar 21 15:37:30 2023:DEBUG:run: 1891 N2O = 282.554 ppbv N2O
Tue Mar 21 15:37:30 2023:DEBUG:run: 1892tau = 131.772 YearsTue Mar 21 15:37:30 2023:DEBUG:run: 1892 N2O = 282.526 ppbv N2O
Tue Mar 21 15:37:30 2023:DEBUG:run: 1893tau = 131.773 YearsTue Mar 21 15:37:30 2023:DEBUG:run: 1893 N2O = 282.498 ppbv N2O
Tue Mar 21 15:37:30 2023:DEBUG:run: 1894tau = 131.774 YearsTue Mar 21 15:37:30 2023:DEBUG:run: 1894 N2O = 282.47 ppbv N2O
Tue Mar 21 15:37:30 2023:DEBUG:run: 1895tau = 131.774 YearsTue Mar 21 15:37:30 2023:DEBUG:run: 1895 N2O = 282.441 ppbv N2O
Tue Mar 21 15:37:30 2023:DEBUG:run: 1896tau = 131.775 YearsTue Mar 21 15:37:30 2023:DEBUG:run: 1896 N2O = 282.413 ppbv N2O
Tue Mar 21 15:37:30 2023:DEBUG:run: 1897tau = 131.775 YearsTue Mar 21 15:37:30 2023:DEBUG:run: 1897 N2O = 282.384 ppbv N2O
Tue Mar 21 15:37:31 2023:DEBUG:run: 1898tau = 131.776 YearsTue Mar 21 15:37:31 2023:DEBUG:run: 1898 N2O = 282.355 ppbv N2O
Tue Mar 21 15:37:31 2023:DEBUG:run: 1899tau = 131.777 YearsTue Mar 21 15:37:31 2023:DEBUG:run: 1899 N2O = 282.326 ppbv N2O
Tue Mar 21 15:37:31 2023:DEBUG:run: 1900tau = 131.778 YearsTue Mar 21 15:37:31 2023:DEBUG:run: 1900 N2O = 282.296 ppbv N2O
Tue Mar 21 15:37:31 2023:DEBUG:run: 1901tau = 131.778 YearsTue Mar 21 15:37:31 2023:DEBUG:run: 1901 N2O = 282.265 ppbv N2O
Tue Mar 21 15:37:31 2023:DEBUG:run: 1902tau = 131.779 YearsTue Mar 21 15:37:31 2023:DEBUG:run: 1902 N2O = 282.234 ppbv N2O
Tue Mar 21 15:37:31 2023:DEBUG:run: 1903tau = 131.78 YearsTue Mar 21 15:37:31 2023:DEBUG:run: 1903 N2O = 282.202 ppbv N2O
Tue Mar 21 15:37:31 2023:DEBUG:run: 1904tau = 131.78 YearsTue Mar 21 15:37:31 2023:DEBUG:run: 1904 N2O = 282.171 ppbv N2O
Tue Mar 21 15:37:31 2023:DEBUG:run: 1905tau = 131.781 YearsTue Mar 21 15:37:31 2023:DEBUG:run: 1905 N2O = 282.139 ppbv N2O
Tue Mar 21 15:37:31 2023:DEBUG:run: 1906tau = 131.782 YearsTue Mar 21 15:37:31 2023:DEBUG:run: 1906 N2O = 282.107 ppbv N2O
Tue Mar 21 15:37:31 2023:DEBUG:run: 1907tau = 131.783 YearsTue Mar 21 15:37:31 2023:DEBUG:run: 1907 N2O = 282.075 ppbv N2O
Tue Mar 21 15:37:31 2023:DEBUG:run: 1908tau = 131.783 YearsTue Mar 21 15:37:31 2023:DEBUG:run: 1908 N2O = 282.042 ppbv N2O
Tue Mar 21 15:37:31 2023:DEBUG:run: 1909tau = 131.784 YearsTue Mar 21 15:37:31 2023:DEBUG:run: 1909 N2O = 282.009 ppbv N2O
Tue Mar 21 15:37:31 2023:DEBUG:run: 1910tau = 131.785 YearsTue Mar 21 15:37:31 2023:DEBUG:run: 1910 N2O = 281.977 ppbv N2O
Tue Mar 21 15:37:31 2023:DEBUG:run: 1911tau = 131.786 YearsTue Mar 21 15:37:31 2023:DEBUG:run: 1911 N2O = 281.944 ppbv N2O
Tue Mar 21 15:37:31 2023:DEBUG:run: 1912tau = 131.786 YearsTue Mar 21 15:37:31 2023:DEBUG:run: 1912 N2O = 281.912 ppbv N2O
Tue Mar 21 15:37:31 2023:DEBUG:run: 1913tau = 131.787 YearsTue Mar 21 15:37:31 2023:DEBUG:run: 1913 N2O = 281.881 ppbv N2O
Tue Mar 21 15:37:31 2023:DEBUG:run: 1914tau = 131.788 YearsTue Mar 21 15:37:31 2023:DEBUG:run: 1914 N2O = 281.853 ppbv N2O
Tue Mar 21 15:37:31 2023:DEBUG:run: 1915tau = 131.789 YearsTue Mar 21 15:37:31 2023:DEBUG:run: 1915 N2O = 281.827 ppbv N2O
Tue Mar 21 15:37:31 2023:DEBUG:run: 1916tau = 131.789 YearsTue Mar 21 15:37:31 2023:DEBUG:run: 1916 N2O = 281.803 ppbv N2O
Tue Mar 21 15:37:31 2023:DEBUG:run: 1917tau = 131.79 YearsTue Mar 21 15:37:31 2023:DEBUG:run: 1917 N2O = 281.781 ppbv N2O
Tue Mar 21 15:37:31 2023:DEBUG:run: 1918tau = 131.79 YearsTue Mar 21 15:37:31 2023:DEBUG:run: 1918 N2O = 281.761 ppbv N2O
Tue Mar 21 15:37:31 2023:DEBUG:run: 1919tau = 131.791 YearsTue Mar 21 15:37:31 2023:DEBUG:run: 1919 N2O = 281.743 ppbv N2O
Tue Mar 21 15:37:31 2023:DEBUG:run: 1920tau = 131.791 YearsTue Mar 21 15:37:31 2023:DEBUG:run: 1920 N2O = 281.726 ppbv N2O
Tue Mar 21 15:37:31 2023:DEBUG:run: 1921tau = 131.792 YearsTue Mar 21 15:37:31 2023:DEBUG:run: 1921 N2O = 281.709 ppbv N2O
Tue Mar 21 15:37:31 2023:DEBUG:run: 1922tau = 131.792 YearsTue Mar 21 15:37:31 2023:DEBUG:run: 1922 N2O = 281.694 ppbv N2O
Tue Mar 21 15:37:31 2023:DEBUG:run: 1923tau = 131.792 YearsTue Mar 21 15:37:31 2023:DEBUG:run: 1923 N2O = 281.679 ppbv N2O
Tue Mar 21 15:37:31 2023:DEBUG:run: 1924tau = 131.793 YearsTue Mar 21 15:37:31 2023:DEBUG:run: 1924 N2O = 281.665 ppbv N2O
Tue Mar 21 15:37:31 2023:DEBUG:run: 1925tau = 131.793 YearsTue Mar 21 15:37:31 2023:DEBUG:run: 1925 N2O = 281.652 ppbv N2O
Tue Mar 21 15:37:31 2023:DEBUG:run: 1926tau = 131.793 YearsTue Mar 21 15:37:31 2023:DEBUG:run: 1926 N2O = 281.639 ppbv N2O
Tue Mar 21 15:37:31 2023:DEBUG:run: 1927tau = 131.794 YearsTue Mar 21 15:37:31 2023:DEBUG:run: 1927 N2O = 281.627 ppbv N2O
Tue Mar 21 15:37:31 2023:DEBUG:run: 1928tau = 131.794 YearsTue Mar 21 15:37:31 2023:DEBUG:run: 1928 N2O = 281.615 ppbv N2O
Tue Mar 21 15:37:31 2023:DEBUG:run: 1929tau = 131.794 YearsTue Mar 21 15:37:31 2023:DEBUG:run: 1929 N2O = 281.602 ppbv N2O
Tue Mar 21 15:37:31 2023:DEBUG:run: 1930tau = 131.794 YearsTue Mar 21 15:37:31 2023:DEBUG:run: 1930 N2O = 281.589 ppbv N2O
Tue Mar 21 15:37:31 2023:DEBUG:run: 1931tau = 131.795 YearsTue Mar 21 15:37:31 2023:DEBUG:run: 1931 N2O = 281.575 ppbv N2O
Tue Mar 21 15:37:31 2023:DEBUG:run: 1932tau = 131.795 YearsTue Mar 21 15:37:31 2023:DEBUG:run: 1932 N2O = 281.56 ppbv N2O
Tue Mar 21 15:37:31 2023:DEBUG:run: 1933tau = 131.795 YearsTue Mar 21 15:37:31 2023:DEBUG:run: 1933 N2O = 281.544 ppbv N2O
Tue Mar 21 15:37:31 2023:DEBUG:run: 1934tau = 131.796 YearsTue Mar 21 15:37:31 2023:DEBUG:run: 1934 N2O = 281.526 ppbv N2O
Tue Mar 21 15:37:31 2023:DEBUG:run: 1935tau = 131.796 YearsTue Mar 21 15:37:31 2023:DEBUG:run: 1935 N2O = 281.507 ppbv N2O
Tue Mar 21 15:37:31 2023:DEBUG:run: 1936tau = 131.797 YearsTue Mar 21 15:37:31 2023:DEBUG:run: 1936 N2O = 281.487 ppbv N2O
Tue Mar 21 15:37:31 2023:DEBUG:run: 1937tau = 131.797 YearsTue Mar 21 15:37:31 2023:DEBUG:run: 1937 N2O = 281.466 ppbv N2O
Tue Mar 21 15:37:31 2023:DEBUG:run: 1938tau = 131.798 YearsTue Mar 21 15:37:31 2023:DEBUG:run: 1938 N2O = 281.444 ppbv N2O
Tue Mar 21 15:37:31 2023:DEBUG:run: 1939tau = 131.798 YearsTue Mar 21 15:37:31 2023:DEBUG:run: 1939 N2O = 281.422 ppbv N2O
Tue Mar 21 15:37:31 2023:DEBUG:run: 1940tau = 131.799 YearsTue Mar 21 15:37:31 2023:DEBUG:run: 1940 N2O = 281.401 ppbv N2O
Tue Mar 21 15:37:31 2023:DEBUG:run: 1941tau = 131.799 YearsTue Mar 21 15:37:31 2023:DEBUG:run: 1941 N2O = 281.387 ppbv N2O
Tue Mar 21 15:37:31 2023:DEBUG:run: 1942tau = 131.799 YearsTue Mar 21 15:37:31 2023:DEBUG:run: 1942 N2O = 281.391 ppbv N2O
Tue Mar 21 15:37:31 2023:DEBUG:run: 1943tau = 131.799 YearsTue Mar 21 15:37:31 2023:DEBUG:run: 1943 N2O = 281.424 ppbv N2O
Tue Mar 21 15:37:31 2023:DEBUG:run: 1944tau = 131.799 YearsTue Mar 21 15:37:31 2023:DEBUG:run: 1944 N2O = 281.491 ppbv N2O
Tue Mar 21 15:37:31 2023:DEBUG:run: 1945tau = 131.797 YearsTue Mar 21 15:37:31 2023:DEBUG:run: 1945 N2O = 281.594 ppbv N2O
Tue Mar 21 15:37:31 2023:DEBUG:run: 1946tau = 131.795 YearsTue Mar 21 15:37:31 2023:DEBUG:run: 1946 N2O = 281.735 ppbv N2O
Tue Mar 21 15:37:31 2023:DEBUG:run: 1947tau = 131.791 YearsTue Mar 21 15:37:31 2023:DEBUG:run: 1947 N2O = 281.911 ppbv N2O
Tue Mar 21 15:37:31 2023:DEBUG:run: 1948tau = 131.787 YearsTue Mar 21 15:37:31 2023:DEBUG:run: 1948 N2O = 282.116 ppbv N2O
Tue Mar 21 15:37:31 2023:DEBUG:run: 1949tau = 131.782 YearsTue Mar 21 15:37:31 2023:DEBUG:run: 1949 N2O = 282.343 ppbv N2O
Tue Mar 21 15:37:31 2023:DEBUG:run: 1950tau = 131.777 YearsTue Mar 21 15:37:31 2023:DEBUG:run: 1950 N2O = 282.581 ppbv N2O
Tue Mar 21 15:37:31 2023:DEBUG:run: 1951tau = 131.772 YearsTue Mar 21 15:37:31 2023:DEBUG:run: 1951 N2O = 282.823 ppbv N2O
Tue Mar 21 15:37:31 2023:DEBUG:run: 1952tau = 131.766 YearsTue Mar 21 15:37:31 2023:DEBUG:run: 1952 N2O = 283.07 ppbv N2O
Tue Mar 21 15:37:31 2023:DEBUG:run: 1953tau = 131.76 YearsTue Mar 21 15:37:31 2023:DEBUG:run: 1953 N2O = 283.321 ppbv N2O
Tue Mar 21 15:37:31 2023:DEBUG:run: 1954tau = 131.754 YearsTue Mar 21 15:37:31 2023:DEBUG:run: 1954 N2O = 283.577 ppbv N2O
Tue Mar 21 15:37:31 2023:DEBUG:run: 1955tau = 131.748 YearsTue Mar 21 15:37:31 2023:DEBUG:run: 1955 N2O = 283.84 ppbv N2O
Tue Mar 21 15:37:31 2023:DEBUG:run: 1956tau = 131.742 YearsTue Mar 21 15:37:31 2023:DEBUG:run: 1956 N2O = 284.108 ppbv N2O
Tue Mar 21 15:37:31 2023:DEBUG:run: 1957tau = 131.736 YearsTue Mar 21 15:37:31 2023:DEBUG:run: 1957 N2O = 284.383 ppbv N2O
Tue Mar 21 15:37:31 2023:DEBUG:run: 1958tau = 131.73 YearsTue Mar 21 15:37:31 2023:DEBUG:run: 1958 N2O = 284.666 ppbv N2O
Tue Mar 21 15:37:31 2023:DEBUG:run: 1959tau = 131.723 YearsTue Mar 21 15:37:31 2023:DEBUG:run: 1959 N2O = 284.958 ppbv N2O
Tue Mar 21 15:37:31 2023:DEBUG:run: 1960tau = 131.716 YearsTue Mar 21 15:37:31 2023:DEBUG:run: 1960 N2O = 285.26 ppbv N2O
Tue Mar 21 15:37:31 2023:DEBUG:run: 1961tau = 131.709 YearsTue Mar 21 15:37:31 2023:DEBUG:run: 1961 N2O = 285.603 ppbv N2O
Tue Mar 21 15:37:31 2023:DEBUG:run: 1962tau = 131.702 YearsTue Mar 21 15:37:31 2023:DEBUG:run: 1962 N2O = 285.968 ppbv N2O
Tue Mar 21 15:37:31 2023:DEBUG:run: 1963tau = 131.693 YearsTue Mar 21 15:37:31 2023:DEBUG:run: 1963 N2O = 286.354 ppbv N2O
Tue Mar 21 15:37:31 2023:DEBUG:run: 1964tau = 131.684 YearsTue Mar 21 15:37:31 2023:DEBUG:run: 1964 N2O = 286.764 ppbv N2O
Tue Mar 21 15:37:31 2023:DEBUG:run: 1965tau = 131.675 YearsTue Mar 21 15:37:31 2023:DEBUG:run: 1965 N2O = 287.204 ppbv N2O
Tue Mar 21 15:37:31 2023:DEBUG:run: 1966tau = 131.665 YearsTue Mar 21 15:37:31 2023:DEBUG:run: 1966 N2O = 287.678 ppbv N2O
Tue Mar 21 15:37:31 2023:DEBUG:run: 1967tau = 131.654 YearsTue Mar 21 15:37:31 2023:DEBUG:run: 1967 N2O = 288.181 ppbv N2O
Tue Mar 21 15:37:31 2023:DEBUG:run: 1968tau = 131.642 YearsTue Mar 21 15:37:31 2023:DEBUG:run: 1968 N2O = 288.705 ppbv N2O
Tue Mar 21 15:37:31 2023:DEBUG:run: 1969tau = 131.63 YearsTue Mar 21 15:37:31 2023:DEBUG:run: 1969 N2O = 289.247 ppbv N2O
Tue Mar 21 15:37:31 2023:DEBUG:run: 1970tau = 131.618 YearsTue Mar 21 15:37:31 2023:DEBUG:run: 1970 N2O = 289.778 ppbv N2O
Tue Mar 21 15:37:31 2023:DEBUG:run: 1971tau = 131.606 YearsTue Mar 21 15:37:31 2023:DEBUG:run: 1971 N2O = 290.292 ppbv N2O
Tue Mar 21 15:37:31 2023:DEBUG:run: 1972tau = 131.594 YearsTue Mar 21 15:37:31 2023:DEBUG:run: 1972 N2O = 290.854 ppbv N2O
Tue Mar 21 15:37:31 2023:DEBUG:run: 1973tau = 131.582 YearsTue Mar 21 15:37:31 2023:DEBUG:run: 1973 N2O = 291.434 ppbv N2O
Tue Mar 21 15:37:31 2023:DEBUG:run: 1974tau = 131.568 YearsTue Mar 21 15:37:31 2023:DEBUG:run: 1974 N2O = 292.004 ppbv N2O
Tue Mar 21 15:37:31 2023:DEBUG:run: 1975tau = 131.556 YearsTue Mar 21 15:37:31 2023:DEBUG:run: 1975 N2O = 292.602 ppbv N2O
Tue Mar 21 15:37:31 2023:DEBUG:run: 1976tau = 131.542 YearsTue Mar 21 15:37:31 2023:DEBUG:run: 1976 N2O = 293.223 ppbv N2O
Tue Mar 21 15:37:31 2023:DEBUG:run: 1977tau = 131.528 YearsTue Mar 21 15:37:31 2023:DEBUG:run: 1977 N2O = 293.868 ppbv N2O
Tue Mar 21 15:37:31 2023:DEBUG:run: 1978tau = 131.514 YearsTue Mar 21 15:37:31 2023:DEBUG:run: 1978 N2O = 294.53 ppbv N2O
Tue Mar 21 15:37:31 2023:DEBUG:run: 1979tau = 131.499 YearsTue Mar 21 15:37:31 2023:DEBUG:run: 1979 N2O = 295.223 ppbv N2O
Tue Mar 21 15:37:31 2023:DEBUG:run: 1980tau = 131.484 YearsTue Mar 21 15:37:31 2023:DEBUG:run: 1980 N2O = 295.921 ppbv N2O
Tue Mar 21 15:37:31 2023:DEBUG:run: 1981tau = 131.468 YearsTue Mar 21 15:37:31 2023:DEBUG:run: 1981 N2O = 296.596 ppbv N2O
Tue Mar 21 15:37:31 2023:DEBUG:run: 1982tau = 131.453 YearsTue Mar 21 15:37:31 2023:DEBUG:run: 1982 N2O = 297.314 ppbv N2O
Tue Mar 21 15:37:31 2023:DEBUG:run: 1983tau = 131.437 YearsTue Mar 21 15:37:31 2023:DEBUG:run: 1983 N2O = 298.027 ppbv N2O
Tue Mar 21 15:37:31 2023:DEBUG:run: 1984tau = 131.421 YearsTue Mar 21 15:37:31 2023:DEBUG:run: 1984 N2O = 298.718 ppbv N2O
Tue Mar 21 15:37:31 2023:DEBUG:run: 1985tau = 131.406 YearsTue Mar 21 15:37:31 2023:DEBUG:run: 1985 N2O = 299.401 ppbv N2O
Tue Mar 21 15:37:31 2023:DEBUG:run: 1986tau = 131.391 YearsTue Mar 21 15:37:31 2023:DEBUG:run: 1986 N2O = 300.101 ppbv N2O
Tue Mar 21 15:37:31 2023:DEBUG:run: 1987tau = 131.376 YearsTue Mar 21 15:37:31 2023:DEBUG:run: 1987 N2O = 300.841 ppbv N2O
Tue Mar 21 15:37:31 2023:DEBUG:run: 1988tau = 131.36 YearsTue Mar 21 15:37:31 2023:DEBUG:run: 1988 N2O = 301.539 ppbv N2O
Tue Mar 21 15:37:31 2023:DEBUG:run: 1989tau = 131.344 YearsTue Mar 21 15:37:31 2023:DEBUG:run: 1989 N2O = 302.244 ppbv N2O
Tue Mar 21 15:37:31 2023:DEBUG:run: 1990tau = 131.329 YearsTue Mar 21 15:37:31 2023:DEBUG:run: 1990 N2O = 302.944 ppbv N2O
Tue Mar 21 15:37:31 2023:DEBUG:run: 1991tau = 131.314 YearsTue Mar 21 15:37:31 2023:DEBUG:run: 1991 N2O = 303.649 ppbv N2O
Tue Mar 21 15:37:31 2023:DEBUG:run: 1992tau = 131.299 YearsTue Mar 21 15:37:31 2023:DEBUG:run: 1992 N2O = 304.349 ppbv N2O
Tue Mar 21 15:37:31 2023:DEBUG:run: 1993tau = 131.284 YearsTue Mar 21 15:37:31 2023:DEBUG:run: 1993 N2O = 305.031 ppbv N2O
Tue Mar 21 15:37:31 2023:DEBUG:run: 1994tau = 131.269 YearsTue Mar 21 15:37:31 2023:DEBUG:run: 1994 N2O = 305.732 ppbv N2O
Tue Mar 21 15:37:31 2023:DEBUG:run: 1995tau = 131.254 YearsTue Mar 21 15:37:31 2023:DEBUG:run: 1995 N2O = 306.438 ppbv N2O
Tue Mar 21 15:37:31 2023:DEBUG:run: 1996tau = 131.239 YearsTue Mar 21 15:37:31 2023:DEBUG:run: 1996 N2O = 307.143 ppbv N2O
Tue Mar 21 15:37:31 2023:DEBUG:run: 1997tau = 131.224 YearsTue Mar 21 15:37:31 2023:DEBUG:run: 1997 N2O = 307.881 ppbv N2O
Tue Mar 21 15:37:31 2023:DEBUG:run: 1998tau = 131.208 YearsTue Mar 21 15:37:31 2023:DEBUG:run: 1998 N2O = 308.55 ppbv N2O
Tue Mar 21 15:37:31 2023:DEBUG:run: 1999tau = 131.194 YearsTue Mar 21 15:37:31 2023:DEBUG:run: 1999 N2O = 309.176 ppbv N2O
Tue Mar 21 15:37:31 2023:DEBUG:run: 2000tau = 131.18 YearsTue Mar 21 15:37:31 2023:DEBUG:run: 2000 N2O = 309.759 ppbv N2O
Tue Mar 21 15:37:31 2023:DEBUG:run: 2001tau = 131.168 YearsTue Mar 21 15:37:31 2023:DEBUG:run: 2001 N2O = 310.353 ppbv N2O
Tue Mar 21 15:37:31 2023:DEBUG:run: 2002tau = 131.155 YearsTue Mar 21 15:37:31 2023:DEBUG:run: 2002 N2O = 310.978 ppbv N2O
Tue Mar 21 15:37:31 2023:DEBUG:run: 2003tau = 131.142 YearsTue Mar 21 15:37:31 2023:DEBUG:run: 2003 N2O = 311.613 ppbv N2O
Tue Mar 21 15:37:31 2023:DEBUG:run: 2004tau = 131.129 YearsTue Mar 21 15:37:31 2023:DEBUG:run: 2004 N2O = 312.276 ppbv N2O
Tue Mar 21 15:37:31 2023:DEBUG:run: 2005tau = 131.115 YearsTue Mar 21 15:37:31 2023:DEBUG:run: 2005 N2O = 312.956 ppbv N2O
Tue Mar 21 15:37:31 2023:DEBUG:run: 2006tau = 131.101 YearsTue Mar 21 15:37:31 2023:DEBUG:run: 2006 N2O = 313.668 ppbv N2O
Tue Mar 21 15:37:31 2023:DEBUG:run: 2007tau = 131.086 YearsTue Mar 21 15:37:31 2023:DEBUG:run: 2007 N2O = 314.316 ppbv N2O
Tue Mar 21 15:37:31 2023:DEBUG:run: 2008tau = 131.072 YearsTue Mar 21 15:37:31 2023:DEBUG:run: 2008 N2O = 314.967 ppbv N2O
Tue Mar 21 15:37:31 2023:DEBUG:run: 2009tau = 131.059 YearsTue Mar 21 15:37:31 2023:DEBUG:run: 2009 N2O = 315.629 ppbv N2O
Tue Mar 21 15:37:31 2023:DEBUG:run: 2010tau = 131.045 YearsTue Mar 21 15:37:31 2023:DEBUG:run: 2010 N2O = 316.285 ppbv N2O
Tue Mar 21 15:37:31 2023:DEBUG:run: 2011tau = 131.031 YearsTue Mar 21 15:37:31 2023:DEBUG:run: 2011 N2O = 316.923 ppbv N2O
Tue Mar 21 15:37:31 2023:DEBUG:run: 2012tau = 131.018 YearsTue Mar 21 15:37:31 2023:DEBUG:run: 2012 N2O = 317.576 ppbv N2O
Tue Mar 21 15:37:31 2023:DEBUG:run: 2013tau = 131.005 YearsTue Mar 21 15:37:31 2023:DEBUG:run: 2013 N2O = 318.245 ppbv N2O
Tue Mar 21 15:37:31 2023:DEBUG:run: 2014tau = 130.991 YearsTue Mar 21 15:37:31 2023:DEBUG:run: 2014 N2O = 318.923 ppbv N2O
Tue Mar 21 15:37:31 2023:DEBUG:run: 2015tau = 130.977 YearsTue Mar 21 15:37:31 2023:DEBUG:run: 2015 N2O = 319.6 ppbv N2O
Tue Mar 21 15:37:31 2023:DEBUG:run: 2016tau = 130.963 YearsTue Mar 21 15:37:31 2023:DEBUG:run: 2016 N2O = 320.283 ppbv N2O
Tue Mar 21 15:37:31 2023:DEBUG:run: 2017tau = 130.949 YearsTue Mar 21 15:37:31 2023:DEBUG:run: 2017 N2O = 320.971 ppbv N2O
Tue Mar 21 15:37:31 2023:DEBUG:run: 2018tau = 130.935 YearsTue Mar 21 15:37:31 2023:DEBUG:run: 2018 N2O = 321.665 ppbv N2O
Tue Mar 21 15:37:31 2023:DEBUG:run: 2019tau = 130.921 YearsTue Mar 21 15:37:31 2023:DEBUG:run: 2019 N2O = 322.365 ppbv N2O
Tue Mar 21 15:37:31 2023:DEBUG:run: 2020tau = 130.907 YearsTue Mar 21 15:37:31 2023:DEBUG:run: 2020 N2O = 323.071 ppbv N2O
Tue Mar 21 15:37:31 2023:DEBUG:run: 2021tau = 130.892 YearsTue Mar 21 15:37:31 2023:DEBUG:run: 2021 N2O = 323.782 ppbv N2O
Tue Mar 21 15:37:31 2023:DEBUG:run: 2022tau = 130.878 YearsTue Mar 21 15:37:31 2023:DEBUG:run: 2022 N2O = 324.5 ppbv N2O
Tue Mar 21 15:37:31 2023:DEBUG:run: 2023tau = 130.863 YearsTue Mar 21 15:37:31 2023:DEBUG:run: 2023 N2O = 325.224 ppbv N2O
Tue Mar 21 15:37:31 2023:DEBUG:run: 2024tau = 130.849 YearsTue Mar 21 15:37:31 2023:DEBUG:run: 2024 N2O = 325.953 ppbv N2O
Tue Mar 21 15:37:31 2023:DEBUG:run: 2025tau = 130.834 YearsTue Mar 21 15:37:31 2023:DEBUG:run: 2025 N2O = 326.689 ppbv N2O
Tue Mar 21 15:37:31 2023:DEBUG:run: 2026tau = 130.819 YearsTue Mar 21 15:37:31 2023:DEBUG:run: 2026 N2O = 327.43 ppbv N2O
Tue Mar 21 15:37:31 2023:DEBUG:run: 2027tau = 130.805 YearsTue Mar 21 15:37:31 2023:DEBUG:run: 2027 N2O = 328.177 ppbv N2O
Tue Mar 21 15:37:31 2023:DEBUG:run: 2028tau = 130.79 YearsTue Mar 21 15:37:31 2023:DEBUG:run: 2028 N2O = 328.93 ppbv N2O
Tue Mar 21 15:37:31 2023:DEBUG:run: 2029tau = 130.775 YearsTue Mar 21 15:37:31 2023:DEBUG:run: 2029 N2O = 329.689 ppbv N2O
Tue Mar 21 15:37:31 2023:DEBUG:run: 2030tau = 130.76 YearsTue Mar 21 15:37:31 2023:DEBUG:run: 2030 N2O = 330.453 ppbv N2O
Tue Mar 21 15:37:31 2023:DEBUG:run: 2031tau = 130.744 YearsTue Mar 21 15:37:31 2023:DEBUG:run: 2031 N2O = 331.216 ppbv N2O
Tue Mar 21 15:37:31 2023:DEBUG:run: 2032tau = 130.729 YearsTue Mar 21 15:37:31 2023:DEBUG:run: 2032 N2O = 331.979 ppbv N2O
Tue Mar 21 15:37:31 2023:DEBUG:run: 2033tau = 130.714 YearsTue Mar 21 15:37:31 2023:DEBUG:run: 2033 N2O = 332.742 ppbv N2O
Tue Mar 21 15:37:31 2023:DEBUG:run: 2034tau = 130.699 YearsTue Mar 21 15:37:31 2023:DEBUG:run: 2034 N2O = 333.503 ppbv N2O
Tue Mar 21 15:37:31 2023:DEBUG:run: 2035tau = 130.684 YearsTue Mar 21 15:37:31 2023:DEBUG:run: 2035 N2O = 334.264 ppbv N2O
Tue Mar 21 15:37:31 2023:DEBUG:run: 2036tau = 130.67 YearsTue Mar 21 15:37:31 2023:DEBUG:run: 2036 N2O = 335.025 ppbv N2O
Tue Mar 21 15:37:31 2023:DEBUG:run: 2037tau = 130.655 YearsTue Mar 21 15:37:31 2023:DEBUG:run: 2037 N2O = 335.785 ppbv N2O
Tue Mar 21 15:37:31 2023:DEBUG:run: 2038tau = 130.64 YearsTue Mar 21 15:37:31 2023:DEBUG:run: 2038 N2O = 336.544 ppbv N2O
Tue Mar 21 15:37:31 2023:DEBUG:run: 2039tau = 130.625 YearsTue Mar 21 15:37:31 2023:DEBUG:run: 2039 N2O = 337.303 ppbv N2O
Tue Mar 21 15:37:31 2023:DEBUG:run: 2040tau = 130.61 YearsTue Mar 21 15:37:31 2023:DEBUG:run: 2040 N2O = 338.061 ppbv N2O
Tue Mar 21 15:37:31 2023:DEBUG:run: 2041tau = 130.596 YearsTue Mar 21 15:37:31 2023:DEBUG:run: 2041 N2O = 338.812 ppbv N2O
Tue Mar 21 15:37:31 2023:DEBUG:run: 2042tau = 130.581 YearsTue Mar 21 15:37:31 2023:DEBUG:run: 2042 N2O = 339.557 ppbv N2O
Tue Mar 21 15:37:31 2023:DEBUG:run: 2043tau = 130.567 YearsTue Mar 21 15:37:31 2023:DEBUG:run: 2043 N2O = 340.296 ppbv N2O
Tue Mar 21 15:37:31 2023:DEBUG:run: 2044tau = 130.553 YearsTue Mar 21 15:37:31 2023:DEBUG:run: 2044 N2O = 341.028 ppbv N2O
Tue Mar 21 15:37:31 2023:DEBUG:run: 2045tau = 130.539 YearsTue Mar 21 15:37:31 2023:DEBUG:run: 2045 N2O = 341.753 ppbv N2O
Tue Mar 21 15:37:31 2023:DEBUG:run: 2046tau = 130.525 YearsTue Mar 21 15:37:31 2023:DEBUG:run: 2046 N2O = 342.473 ppbv N2O
Tue Mar 21 15:37:31 2023:DEBUG:run: 2047tau = 130.511 YearsTue Mar 21 15:37:31 2023:DEBUG:run: 2047 N2O = 343.186 ppbv N2O
Tue Mar 21 15:37:31 2023:DEBUG:run: 2048tau = 130.498 YearsTue Mar 21 15:37:31 2023:DEBUG:run: 2048 N2O = 343.893 ppbv N2O
Tue Mar 21 15:37:31 2023:DEBUG:run: 2049tau = 130.484 YearsTue Mar 21 15:37:31 2023:DEBUG:run: 2049 N2O = 344.593 ppbv N2O
Tue Mar 21 15:37:31 2023:DEBUG:run: 2050tau = 130.471 YearsTue Mar 21 15:37:31 2023:DEBUG:run: 2050 N2O = 345.288 ppbv N2O
Tue Mar 21 15:37:31 2023:DEBUG:run: 2051tau = 130.458 YearsTue Mar 21 15:37:31 2023:DEBUG:run: 2051 N2O = 345.972 ppbv N2O
Tue Mar 21 15:37:31 2023:DEBUG:run: 2052tau = 130.445 YearsTue Mar 21 15:37:31 2023:DEBUG:run: 2052 N2O = 346.646 ppbv N2O
Tue Mar 21 15:37:31 2023:DEBUG:run: 2053tau = 130.432 YearsTue Mar 21 15:37:31 2023:DEBUG:run: 2053 N2O = 347.309 ppbv N2O
Tue Mar 21 15:37:31 2023:DEBUG:run: 2054tau = 130.42 YearsTue Mar 21 15:37:31 2023:DEBUG:run: 2054 N2O = 347.962 ppbv N2O
Tue Mar 21 15:37:31 2023:DEBUG:run: 2055tau = 130.407 YearsTue Mar 21 15:37:31 2023:DEBUG:run: 2055 N2O = 348.605 ppbv N2O
Tue Mar 21 15:37:31 2023:DEBUG:run: 2056tau = 130.395 YearsTue Mar 21 15:37:31 2023:DEBUG:run: 2056 N2O = 349.238 ppbv N2O
Tue Mar 21 15:37:31 2023:DEBUG:run: 2057tau = 130.384 YearsTue Mar 21 15:37:31 2023:DEBUG:run: 2057 N2O = 349.861 ppbv N2O
Tue Mar 21 15:37:31 2023:DEBUG:run: 2058tau = 130.372 YearsTue Mar 21 15:37:31 2023:DEBUG:run: 2058 N2O = 350.474 ppbv N2O
Tue Mar 21 15:37:31 2023:DEBUG:run: 2059tau = 130.361 YearsTue Mar 21 15:37:31 2023:DEBUG:run: 2059 N2O = 351.077 ppbv N2O
Tue Mar 21 15:37:31 2023:DEBUG:run: 2060tau = 130.349 YearsTue Mar 21 15:37:31 2023:DEBUG:run: 2060 N2O = 351.671 ppbv N2O
Tue Mar 21 15:37:31 2023:DEBUG:run: 2061tau = 130.338 YearsTue Mar 21 15:37:31 2023:DEBUG:run: 2061 N2O = 352.251 ppbv N2O
Tue Mar 21 15:37:31 2023:DEBUG:run: 2062tau = 130.328 YearsTue Mar 21 15:37:31 2023:DEBUG:run: 2062 N2O = 352.817 ppbv N2O
Tue Mar 21 15:37:31 2023:DEBUG:run: 2063tau = 130.317 YearsTue Mar 21 15:37:31 2023:DEBUG:run: 2063 N2O = 353.369 ppbv N2O
Tue Mar 21 15:37:31 2023:DEBUG:run: 2064tau = 130.307 YearsTue Mar 21 15:37:31 2023:DEBUG:run: 2064 N2O = 353.909 ppbv N2O
Tue Mar 21 15:37:31 2023:DEBUG:run: 2065tau = 130.297 YearsTue Mar 21 15:37:31 2023:DEBUG:run: 2065 N2O = 354.435 ppbv N2O
Tue Mar 21 15:37:31 2023:DEBUG:run: 2066tau = 130.287 YearsTue Mar 21 15:37:31 2023:DEBUG:run: 2066 N2O = 354.948 ppbv N2O
Tue Mar 21 15:37:31 2023:DEBUG:run: 2067tau = 130.278 YearsTue Mar 21 15:37:31 2023:DEBUG:run: 2067 N2O = 355.448 ppbv N2O
Tue Mar 21 15:37:31 2023:DEBUG:run: 2068tau = 130.269 YearsTue Mar 21 15:37:31 2023:DEBUG:run: 2068 N2O = 355.935 ppbv N2O
Tue Mar 21 15:37:31 2023:DEBUG:run: 2069tau = 130.26 YearsTue Mar 21 15:37:31 2023:DEBUG:run: 2069 N2O = 356.409 ppbv N2O
Tue Mar 21 15:37:31 2023:DEBUG:run: 2070tau = 130.251 YearsTue Mar 21 15:37:31 2023:DEBUG:run: 2070 N2O = 356.87 ppbv N2O
Tue Mar 21 15:37:31 2023:DEBUG:run: 2071tau = 130.243 YearsTue Mar 21 15:37:31 2023:DEBUG:run: 2071 N2O = 357.312 ppbv N2O
Tue Mar 21 15:37:31 2023:DEBUG:run: 2072tau = 130.235 YearsTue Mar 21 15:37:31 2023:DEBUG:run: 2072 N2O = 357.734 ppbv N2O
Tue Mar 21 15:37:31 2023:DEBUG:run: 2073tau = 130.227 YearsTue Mar 21 15:37:31 2023:DEBUG:run: 2073 N2O = 358.138 ppbv N2O
Tue Mar 21 15:37:31 2023:DEBUG:run: 2074tau = 130.22 YearsTue Mar 21 15:37:31 2023:DEBUG:run: 2074 N2O = 358.523 ppbv N2O
Tue Mar 21 15:37:31 2023:DEBUG:run: 2075tau = 130.213 YearsTue Mar 21 15:37:31 2023:DEBUG:run: 2075 N2O = 358.888 ppbv N2O
Tue Mar 21 15:37:31 2023:DEBUG:run: 2076tau = 130.206 YearsTue Mar 21 15:37:31 2023:DEBUG:run: 2076 N2O = 359.236 ppbv N2O
Tue Mar 21 15:37:31 2023:DEBUG:run: 2077tau = 130.2 YearsTue Mar 21 15:37:31 2023:DEBUG:run: 2077 N2O = 359.564 ppbv N2O
Tue Mar 21 15:37:31 2023:DEBUG:run: 2078tau = 130.194 YearsTue Mar 21 15:37:31 2023:DEBUG:run: 2078 N2O = 359.875 ppbv N2O
Tue Mar 21 15:37:31 2023:DEBUG:run: 2079tau = 130.188 YearsTue Mar 21 15:37:31 2023:DEBUG:run: 2079 N2O = 360.167 ppbv N2O
Tue Mar 21 15:37:31 2023:DEBUG:run: 2080tau = 130.183 YearsTue Mar 21 15:37:31 2023:DEBUG:run: 2080 N2O = 360.441 ppbv N2O
Tue Mar 21 15:37:31 2023:DEBUG:run: 2081tau = 130.178 YearsTue Mar 21 15:37:31 2023:DEBUG:run: 2081 N2O = 360.702 ppbv N2O
Tue Mar 21 15:37:31 2023:DEBUG:run: 2082tau = 130.173 YearsTue Mar 21 15:37:31 2023:DEBUG:run: 2082 N2O = 360.949 ppbv N2O
Tue Mar 21 15:37:31 2023:DEBUG:run: 2083tau = 130.169 YearsTue Mar 21 15:37:31 2023:DEBUG:run: 2083 N2O = 361.184 ppbv N2O
Tue Mar 21 15:37:31 2023:DEBUG:run: 2084tau = 130.164 YearsTue Mar 21 15:37:31 2023:DEBUG:run: 2084 N2O = 361.405 ppbv N2O
Tue Mar 21 15:37:31 2023:DEBUG:run: 2085tau = 130.16 YearsTue Mar 21 15:37:31 2023:DEBUG:run: 2085 N2O = 361.614 ppbv N2O
Tue Mar 21 15:37:31 2023:DEBUG:run: 2086tau = 130.157 YearsTue Mar 21 15:37:31 2023:DEBUG:run: 2086 N2O = 361.81 ppbv N2O
Tue Mar 21 15:37:32 2023:DEBUG:run: 2087tau = 130.153 YearsTue Mar 21 15:37:32 2023:DEBUG:run: 2087 N2O = 361.993 ppbv N2O
Tue Mar 21 15:37:32 2023:DEBUG:run: 2088tau = 130.15 YearsTue Mar 21 15:37:32 2023:DEBUG:run: 2088 N2O = 362.163 ppbv N2O
Tue Mar 21 15:37:32 2023:DEBUG:run: 2089tau = 130.147 YearsTue Mar 21 15:37:32 2023:DEBUG:run: 2089 N2O = 362.321 ppbv N2O
Tue Mar 21 15:37:32 2023:DEBUG:run: 2090tau = 130.144 YearsTue Mar 21 15:37:32 2023:DEBUG:run: 2090 N2O = 362.467 ppbv N2O
Tue Mar 21 15:37:32 2023:DEBUG:run: 2091tau = 130.141 YearsTue Mar 21 15:37:32 2023:DEBUG:run: 2091 N2O = 362.601 ppbv N2O
Tue Mar 21 15:37:32 2023:DEBUG:run: 2092tau = 130.139 YearsTue Mar 21 15:37:32 2023:DEBUG:run: 2092 N2O = 362.723 ppbv N2O
Tue Mar 21 15:37:32 2023:DEBUG:run: 2093tau = 130.137 YearsTue Mar 21 15:37:32 2023:DEBUG:run: 2093 N2O = 362.834 ppbv N2O
Tue Mar 21 15:37:32 2023:DEBUG:run: 2094tau = 130.135 YearsTue Mar 21 15:37:32 2023:DEBUG:run: 2094 N2O = 362.934 ppbv N2O
Tue Mar 21 15:37:32 2023:DEBUG:run: 2095tau = 130.133 YearsTue Mar 21 15:37:32 2023:DEBUG:run: 2095 N2O = 363.022 ppbv N2O
Tue Mar 21 15:37:32 2023:DEBUG:run: 2096tau = 130.131 YearsTue Mar 21 15:37:32 2023:DEBUG:run: 2096 N2O = 363.099 ppbv N2O
Tue Mar 21 15:37:32 2023:DEBUG:run: 2097tau = 130.13 YearsTue Mar 21 15:37:32 2023:DEBUG:run: 2097 N2O = 363.165 ppbv N2O
Tue Mar 21 15:37:32 2023:DEBUG:run: 2098tau = 130.129 YearsTue Mar 21 15:37:32 2023:DEBUG:run: 2098 N2O = 363.219 ppbv N2O
Tue Mar 21 15:37:32 2023:DEBUG:run: 2099tau = 130.128 YearsTue Mar 21 15:37:32 2023:DEBUG:run: 2099 N2O = 363.263 ppbv N2O
Tue Mar 21 15:37:32 2023:DEBUG:run: 2100tau = 130.127 YearsTue Mar 21 15:37:32 2023:DEBUG:run: 2100 N2O = 363.296 ppbv N2O
Tue Mar 21 15:37:32 2023:DEBUG:run: 2101tau = 130.127 YearsTue Mar 21 15:37:32 2023:DEBUG:run: 2101 N2O = 363.328 ppbv N2O
Tue Mar 21 15:37:32 2023:DEBUG:run: 2102tau = 130.126 YearsTue Mar 21 15:37:32 2023:DEBUG:run: 2102 N2O = 363.357 ppbv N2O
Tue Mar 21 15:37:32 2023:DEBUG:run: 2103tau = 130.125 YearsTue Mar 21 15:37:32 2023:DEBUG:run: 2103 N2O = 363.385 ppbv N2O
Tue Mar 21 15:37:32 2023:DEBUG:run: 2104tau = 130.125 YearsTue Mar 21 15:37:32 2023:DEBUG:run: 2104 N2O = 363.412 ppbv N2O
Tue Mar 21 15:37:32 2023:DEBUG:run: 2105tau = 130.124 YearsTue Mar 21 15:37:32 2023:DEBUG:run: 2105 N2O = 363.437 ppbv N2O
Tue Mar 21 15:37:32 2023:DEBUG:run: 2106tau = 130.124 YearsTue Mar 21 15:37:32 2023:DEBUG:run: 2106 N2O = 363.46 ppbv N2O
Tue Mar 21 15:37:32 2023:DEBUG:run: 2107tau = 130.124 YearsTue Mar 21 15:37:32 2023:DEBUG:run: 2107 N2O = 363.481 ppbv N2O
Tue Mar 21 15:37:32 2023:DEBUG:run: 2108tau = 130.123 YearsTue Mar 21 15:37:32 2023:DEBUG:run: 2108 N2O = 363.502 ppbv N2O
Tue Mar 21 15:37:32 2023:DEBUG:run: 2109tau = 130.123 YearsTue Mar 21 15:37:32 2023:DEBUG:run: 2109 N2O = 363.52 ppbv N2O
Tue Mar 21 15:37:32 2023:DEBUG:run: 2110tau = 130.123 YearsTue Mar 21 15:37:32 2023:DEBUG:run: 2110 N2O = 363.537 ppbv N2O
Tue Mar 21 15:37:32 2023:DEBUG:run: 2111tau = 130.122 YearsTue Mar 21 15:37:32 2023:DEBUG:run: 2111 N2O = 363.553 ppbv N2O
Tue Mar 21 15:37:32 2023:DEBUG:run: 2112tau = 130.122 YearsTue Mar 21 15:37:32 2023:DEBUG:run: 2112 N2O = 363.567 ppbv N2O
Tue Mar 21 15:37:32 2023:DEBUG:run: 2113tau = 130.122 YearsTue Mar 21 15:37:32 2023:DEBUG:run: 2113 N2O = 363.579 ppbv N2O
Tue Mar 21 15:37:32 2023:DEBUG:run: 2114tau = 130.121 YearsTue Mar 21 15:37:32 2023:DEBUG:run: 2114 N2O = 363.59 ppbv N2O
Tue Mar 21 15:37:32 2023:DEBUG:run: 2115tau = 130.121 YearsTue Mar 21 15:37:32 2023:DEBUG:run: 2115 N2O = 363.6 ppbv N2O
Tue Mar 21 15:37:32 2023:DEBUG:run: 2116tau = 130.121 YearsTue Mar 21 15:37:32 2023:DEBUG:run: 2116 N2O = 363.608 ppbv N2O
Tue Mar 21 15:37:32 2023:DEBUG:run: 2117tau = 130.121 YearsTue Mar 21 15:37:32 2023:DEBUG:run: 2117 N2O = 363.614 ppbv N2O
Tue Mar 21 15:37:32 2023:DEBUG:run: 2118tau = 130.121 YearsTue Mar 21 15:37:32 2023:DEBUG:run: 2118 N2O = 363.619 ppbv N2O
Tue Mar 21 15:37:32 2023:DEBUG:run: 2119tau = 130.121 YearsTue Mar 21 15:37:32 2023:DEBUG:run: 2119 N2O = 363.623 ppbv N2O
Tue Mar 21 15:37:32 2023:DEBUG:run: 2120tau = 130.121 YearsTue Mar 21 15:37:32 2023:DEBUG:run: 2120 N2O = 363.625 ppbv N2O
Tue Mar 21 15:37:32 2023:DEBUG:run: 2121tau = 130.121 YearsTue Mar 21 15:37:32 2023:DEBUG:run: 2121 N2O = 363.626 ppbv N2O
Tue Mar 21 15:37:32 2023:DEBUG:run: 2122tau = 130.121 YearsTue Mar 21 15:37:32 2023:DEBUG:run: 2122 N2O = 363.626 ppbv N2O
Tue Mar 21 15:37:32 2023:DEBUG:run: 2123tau = 130.121 YearsTue Mar 21 15:37:32 2023:DEBUG:run: 2123 N2O = 363.624 ppbv N2O
Tue Mar 21 15:37:32 2023:DEBUG:run: 2124tau = 130.121 YearsTue Mar 21 15:37:32 2023:DEBUG:run: 2124 N2O = 363.621 ppbv N2O
Tue Mar 21 15:37:32 2023:DEBUG:run: 2125tau = 130.121 YearsTue Mar 21 15:37:32 2023:DEBUG:run: 2125 N2O = 363.616 ppbv N2O
Tue Mar 21 15:37:32 2023:DEBUG:run: 2126tau = 130.121 YearsTue Mar 21 15:37:32 2023:DEBUG:run: 2126 N2O = 363.61 ppbv N2O
Tue Mar 21 15:37:32 2023:DEBUG:run: 2127tau = 130.121 YearsTue Mar 21 15:37:32 2023:DEBUG:run: 2127 N2O = 363.603 ppbv N2O
Tue Mar 21 15:37:32 2023:DEBUG:run: 2128tau = 130.121 YearsTue Mar 21 15:37:32 2023:DEBUG:run: 2128 N2O = 363.594 ppbv N2O
Tue Mar 21 15:37:32 2023:DEBUG:run: 2129tau = 130.121 YearsTue Mar 21 15:37:32 2023:DEBUG:run: 2129 N2O = 363.584 ppbv N2O
Tue Mar 21 15:37:32 2023:DEBUG:run: 2130tau = 130.121 YearsTue Mar 21 15:37:32 2023:DEBUG:run: 2130 N2O = 363.573 ppbv N2O
Tue Mar 21 15:37:32 2023:DEBUG:run: 2131tau = 130.122 YearsTue Mar 21 15:37:32 2023:DEBUG:run: 2131 N2O = 363.561 ppbv N2O
Tue Mar 21 15:37:32 2023:DEBUG:run: 2132tau = 130.122 YearsTue Mar 21 15:37:32 2023:DEBUG:run: 2132 N2O = 363.547 ppbv N2O
Tue Mar 21 15:37:32 2023:DEBUG:run: 2133tau = 130.122 YearsTue Mar 21 15:37:32 2023:DEBUG:run: 2133 N2O = 363.532 ppbv N2O
Tue Mar 21 15:37:32 2023:DEBUG:run: 2134tau = 130.122 YearsTue Mar 21 15:37:32 2023:DEBUG:run: 2134 N2O = 363.515 ppbv N2O
Tue Mar 21 15:37:32 2023:DEBUG:run: 2135tau = 130.123 YearsTue Mar 21 15:37:32 2023:DEBUG:run: 2135 N2O = 363.498 ppbv N2O
Tue Mar 21 15:37:32 2023:DEBUG:run: 2136tau = 130.123 YearsTue Mar 21 15:37:32 2023:DEBUG:run: 2136 N2O = 363.479 ppbv N2O
Tue Mar 21 15:37:32 2023:DEBUG:run: 2137tau = 130.123 YearsTue Mar 21 15:37:32 2023:DEBUG:run: 2137 N2O = 363.459 ppbv N2O
Tue Mar 21 15:37:32 2023:DEBUG:run: 2138tau = 130.124 YearsTue Mar 21 15:37:32 2023:DEBUG:run: 2138 N2O = 363.437 ppbv N2O
Tue Mar 21 15:37:32 2023:DEBUG:run: 2139tau = 130.124 YearsTue Mar 21 15:37:32 2023:DEBUG:run: 2139 N2O = 363.415 ppbv N2O
Tue Mar 21 15:37:32 2023:DEBUG:run: 2140tau = 130.124 YearsTue Mar 21 15:37:32 2023:DEBUG:run: 2140 N2O = 363.391 ppbv N2O
Tue Mar 21 15:37:32 2023:DEBUG:run: 2141tau = 130.125 YearsTue Mar 21 15:37:32 2023:DEBUG:run: 2141 N2O = 363.366 ppbv N2O
Tue Mar 21 15:37:32 2023:DEBUG:run: 2142tau = 130.125 YearsTue Mar 21 15:37:32 2023:DEBUG:run: 2142 N2O = 363.34 ppbv N2O
Tue Mar 21 15:37:32 2023:DEBUG:run: 2143tau = 130.126 YearsTue Mar 21 15:37:32 2023:DEBUG:run: 2143 N2O = 363.313 ppbv N2O
Tue Mar 21 15:37:32 2023:DEBUG:run: 2144tau = 130.126 YearsTue Mar 21 15:37:32 2023:DEBUG:run: 2144 N2O = 363.284 ppbv N2O
Tue Mar 21 15:37:32 2023:DEBUG:run: 2145tau = 130.127 YearsTue Mar 21 15:37:32 2023:DEBUG:run: 2145 N2O = 363.254 ppbv N2O
Tue Mar 21 15:37:32 2023:DEBUG:run: 2146tau = 130.127 YearsTue Mar 21 15:37:32 2023:DEBUG:run: 2146 N2O = 363.224 ppbv N2O
Tue Mar 21 15:37:32 2023:DEBUG:run: 2147tau = 130.128 YearsTue Mar 21 15:37:32 2023:DEBUG:run: 2147 N2O = 363.192 ppbv N2O
Tue Mar 21 15:37:32 2023:DEBUG:run: 2148tau = 130.128 YearsTue Mar 21 15:37:32 2023:DEBUG:run: 2148 N2O = 363.159 ppbv N2O
Tue Mar 21 15:37:32 2023:DEBUG:run: 2149tau = 130.129 YearsTue Mar 21 15:37:32 2023:DEBUG:run: 2149 N2O = 363.124 ppbv N2O
Tue Mar 21 15:37:32 2023:DEBUG:run: 2150tau = 130.13 YearsTue Mar 21 15:37:32 2023:DEBUG:run: 2150 N2O = 363.089 ppbv N2O
Tue Mar 21 15:37:32 2023:DEBUG:run: 2151tau = 130.13 YearsTue Mar 21 15:37:32 2023:DEBUG:run: 2151 N2O = 363.053 ppbv N2O
Tue Mar 21 15:37:32 2023:DEBUG:run: 2152tau = 130.131 YearsTue Mar 21 15:37:32 2023:DEBUG:run: 2152 N2O = 363.015 ppbv N2O
Tue Mar 21 15:37:32 2023:DEBUG:run: 2153tau = 130.132 YearsTue Mar 21 15:37:32 2023:DEBUG:run: 2153 N2O = 362.977 ppbv N2O
Tue Mar 21 15:37:32 2023:DEBUG:run: 2154tau = 130.132 YearsTue Mar 21 15:37:32 2023:DEBUG:run: 2154 N2O = 362.937 ppbv N2O
Tue Mar 21 15:37:32 2023:DEBUG:run: 2155tau = 130.133 YearsTue Mar 21 15:37:32 2023:DEBUG:run: 2155 N2O = 362.896 ppbv N2O
Tue Mar 21 15:37:32 2023:DEBUG:run: 2156tau = 130.134 YearsTue Mar 21 15:37:32 2023:DEBUG:run: 2156 N2O = 362.855 ppbv N2O
Tue Mar 21 15:37:32 2023:DEBUG:run: 2157tau = 130.134 YearsTue Mar 21 15:37:32 2023:DEBUG:run: 2157 N2O = 362.812 ppbv N2O
Tue Mar 21 15:37:32 2023:DEBUG:run: 2158tau = 130.135 YearsTue Mar 21 15:37:32 2023:DEBUG:run: 2158 N2O = 362.768 ppbv N2O
Tue Mar 21 15:37:32 2023:DEBUG:run: 2159tau = 130.136 YearsTue Mar 21 15:37:32 2023:DEBUG:run: 2159 N2O = 362.723 ppbv N2O
Tue Mar 21 15:37:32 2023:DEBUG:run: 2160tau = 130.137 YearsTue Mar 21 15:37:32 2023:DEBUG:run: 2160 N2O = 362.677 ppbv N2O
Tue Mar 21 15:37:32 2023:DEBUG:run: 2161tau = 130.138 YearsTue Mar 21 15:37:32 2023:DEBUG:run: 2161 N2O = 362.63 ppbv N2O
Tue Mar 21 15:37:32 2023:DEBUG:run: 2162tau = 130.138 YearsTue Mar 21 15:37:32 2023:DEBUG:run: 2162 N2O = 362.582 ppbv N2O
Tue Mar 21 15:37:32 2023:DEBUG:run: 2163tau = 130.139 YearsTue Mar 21 15:37:32 2023:DEBUG:run: 2163 N2O = 362.533 ppbv N2O
Tue Mar 21 15:37:32 2023:DEBUG:run: 2164tau = 130.14 YearsTue Mar 21 15:37:32 2023:DEBUG:run: 2164 N2O = 362.483 ppbv N2O
Tue Mar 21 15:37:32 2023:DEBUG:run: 2165tau = 130.141 YearsTue Mar 21 15:37:32 2023:DEBUG:run: 2165 N2O = 362.432 ppbv N2O
Tue Mar 21 15:37:32 2023:DEBUG:run: 2166tau = 130.142 YearsTue Mar 21 15:37:32 2023:DEBUG:run: 2166 N2O = 362.38 ppbv N2O
Tue Mar 21 15:37:32 2023:DEBUG:run: 2167tau = 130.143 YearsTue Mar 21 15:37:32 2023:DEBUG:run: 2167 N2O = 362.328 ppbv N2O
Tue Mar 21 15:37:32 2023:DEBUG:run: 2168tau = 130.144 YearsTue Mar 21 15:37:32 2023:DEBUG:run: 2168 N2O = 362.274 ppbv N2O
Tue Mar 21 15:37:32 2023:DEBUG:run: 2169tau = 130.145 YearsTue Mar 21 15:37:32 2023:DEBUG:run: 2169 N2O = 362.219 ppbv N2O
Tue Mar 21 15:37:32 2023:DEBUG:run: 2170tau = 130.146 YearsTue Mar 21 15:37:32 2023:DEBUG:run: 2170 N2O = 362.163 ppbv N2O
Tue Mar 21 15:37:32 2023:DEBUG:run: 2171tau = 130.147 YearsTue Mar 21 15:37:32 2023:DEBUG:run: 2171 N2O = 362.106 ppbv N2O
Tue Mar 21 15:37:32 2023:DEBUG:run: 2172tau = 130.148 YearsTue Mar 21 15:37:32 2023:DEBUG:run: 2172 N2O = 362.049 ppbv N2O
Tue Mar 21 15:37:32 2023:DEBUG:run: 2173tau = 130.149 YearsTue Mar 21 15:37:32 2023:DEBUG:run: 2173 N2O = 361.99 ppbv N2O
Tue Mar 21 15:37:32 2023:DEBUG:run: 2174tau = 130.15 YearsTue Mar 21 15:37:32 2023:DEBUG:run: 2174 N2O = 361.931 ppbv N2O
Tue Mar 21 15:37:32 2023:DEBUG:run: 2175tau = 130.151 YearsTue Mar 21 15:37:32 2023:DEBUG:run: 2175 N2O = 361.871 ppbv N2O
Tue Mar 21 15:37:32 2023:DEBUG:run: 2176tau = 130.152 YearsTue Mar 21 15:37:32 2023:DEBUG:run: 2176 N2O = 361.809 ppbv N2O
Tue Mar 21 15:37:32 2023:DEBUG:run: 2177tau = 130.153 YearsTue Mar 21 15:37:32 2023:DEBUG:run: 2177 N2O = 361.747 ppbv N2O
Tue Mar 21 15:37:32 2023:DEBUG:run: 2178tau = 130.154 YearsTue Mar 21 15:37:32 2023:DEBUG:run: 2178 N2O = 361.684 ppbv N2O
Tue Mar 21 15:37:32 2023:DEBUG:run: 2179tau = 130.155 YearsTue Mar 21 15:37:32 2023:DEBUG:run: 2179 N2O = 361.62 ppbv N2O
Tue Mar 21 15:37:32 2023:DEBUG:run: 2180tau = 130.157 YearsTue Mar 21 15:37:32 2023:DEBUG:run: 2180 N2O = 361.555 ppbv N2O
Tue Mar 21 15:37:32 2023:DEBUG:run: 2181tau = 130.158 YearsTue Mar 21 15:37:32 2023:DEBUG:run: 2181 N2O = 361.49 ppbv N2O
Tue Mar 21 15:37:32 2023:DEBUG:run: 2182tau = 130.159 YearsTue Mar 21 15:37:32 2023:DEBUG:run: 2182 N2O = 361.423 ppbv N2O
Tue Mar 21 15:37:32 2023:DEBUG:run: 2183tau = 130.16 YearsTue Mar 21 15:37:32 2023:DEBUG:run: 2183 N2O = 361.356 ppbv N2O
Tue Mar 21 15:37:32 2023:DEBUG:run: 2184tau = 130.161 YearsTue Mar 21 15:37:32 2023:DEBUG:run: 2184 N2O = 361.288 ppbv N2O
Tue Mar 21 15:37:32 2023:DEBUG:run: 2185tau = 130.163 YearsTue Mar 21 15:37:32 2023:DEBUG:run: 2185 N2O = 361.219 ppbv N2O
Tue Mar 21 15:37:32 2023:DEBUG:run: 2186tau = 130.164 YearsTue Mar 21 15:37:32 2023:DEBUG:run: 2186 N2O = 361.149 ppbv N2O
Tue Mar 21 15:37:32 2023:DEBUG:run: 2187tau = 130.165 YearsTue Mar 21 15:37:32 2023:DEBUG:run: 2187 N2O = 361.078 ppbv N2O
Tue Mar 21 15:37:32 2023:DEBUG:run: 2188tau = 130.166 YearsTue Mar 21 15:37:32 2023:DEBUG:run: 2188 N2O = 361.007 ppbv N2O
Tue Mar 21 15:37:32 2023:DEBUG:run: 2189tau = 130.168 YearsTue Mar 21 15:37:32 2023:DEBUG:run: 2189 N2O = 360.934 ppbv N2O
Tue Mar 21 15:37:32 2023:DEBUG:run: 2190tau = 130.169 YearsTue Mar 21 15:37:32 2023:DEBUG:run: 2190 N2O = 360.861 ppbv N2O
Tue Mar 21 15:37:32 2023:DEBUG:run: 2191tau = 130.17 YearsTue Mar 21 15:37:32 2023:DEBUG:run: 2191 N2O = 360.787 ppbv N2O
Tue Mar 21 15:37:32 2023:DEBUG:run: 2192tau = 130.172 YearsTue Mar 21 15:37:32 2023:DEBUG:run: 2192 N2O = 360.712 ppbv N2O
Tue Mar 21 15:37:32 2023:DEBUG:run: 2193tau = 130.173 YearsTue Mar 21 15:37:32 2023:DEBUG:run: 2193 N2O = 360.637 ppbv N2O
Tue Mar 21 15:37:32 2023:DEBUG:run: 2194tau = 130.174 YearsTue Mar 21 15:37:32 2023:DEBUG:run: 2194 N2O = 360.561 ppbv N2O
Tue Mar 21 15:37:32 2023:DEBUG:run: 2195tau = 130.176 YearsTue Mar 21 15:37:32 2023:DEBUG:run: 2195 N2O = 360.484 ppbv N2O
Tue Mar 21 15:37:32 2023:DEBUG:run: 2196tau = 130.177 YearsTue Mar 21 15:37:32 2023:DEBUG:run: 2196 N2O = 360.406 ppbv N2O
Tue Mar 21 15:37:32 2023:DEBUG:run: 2197tau = 130.178 YearsTue Mar 21 15:37:32 2023:DEBUG:run: 2197 N2O = 360.327 ppbv N2O
Tue Mar 21 15:37:32 2023:DEBUG:run: 2198tau = 130.18 YearsTue Mar 21 15:37:32 2023:DEBUG:run: 2198 N2O = 360.248 ppbv N2O
Tue Mar 21 15:37:32 2023:DEBUG:run: 2199tau = 130.181 YearsTue Mar 21 15:37:32 2023:DEBUG:run: 2199 N2O = 360.168 ppbv N2O
Tue Mar 21 15:37:32 2023:DEBUG:run: 2200tau = 130.183 YearsTue Mar 21 15:37:32 2023:DEBUG:run: 2200 N2O = 360.087 ppbv N2O
Tue Mar 21 15:37:32 2023:DEBUG:run: 2201tau = 130.184 YearsTue Mar 21 15:37:32 2023:DEBUG:run: 2201 N2O = 360.005 ppbv N2O
Tue Mar 21 15:37:32 2023:DEBUG:run: 2202tau = 130.186 YearsTue Mar 21 15:37:32 2023:DEBUG:run: 2202 N2O = 359.923 ppbv N2O
Tue Mar 21 15:37:32 2023:DEBUG:run: 2203tau = 130.187 YearsTue Mar 21 15:37:32 2023:DEBUG:run: 2203 N2O = 359.84 ppbv N2O
Tue Mar 21 15:37:32 2023:DEBUG:run: 2204tau = 130.189 YearsTue Mar 21 15:37:32 2023:DEBUG:run: 2204 N2O = 359.756 ppbv N2O
Tue Mar 21 15:37:32 2023:DEBUG:run: 2205tau = 130.19 YearsTue Mar 21 15:37:32 2023:DEBUG:run: 2205 N2O = 359.672 ppbv N2O
Tue Mar 21 15:37:32 2023:DEBUG:run: 2206tau = 130.192 YearsTue Mar 21 15:37:32 2023:DEBUG:run: 2206 N2O = 359.587 ppbv N2O
Tue Mar 21 15:37:32 2023:DEBUG:run: 2207tau = 130.193 YearsTue Mar 21 15:37:32 2023:DEBUG:run: 2207 N2O = 359.501 ppbv N2O
Tue Mar 21 15:37:32 2023:DEBUG:run: 2208tau = 130.195 YearsTue Mar 21 15:37:32 2023:DEBUG:run: 2208 N2O = 359.414 ppbv N2O
Tue Mar 21 15:37:32 2023:DEBUG:run: 2209tau = 130.196 YearsTue Mar 21 15:37:32 2023:DEBUG:run: 2209 N2O = 359.327 ppbv N2O
Tue Mar 21 15:37:32 2023:DEBUG:run: 2210tau = 130.198 YearsTue Mar 21 15:37:32 2023:DEBUG:run: 2210 N2O = 359.239 ppbv N2O
Tue Mar 21 15:37:32 2023:DEBUG:run: 2211tau = 130.2 YearsTue Mar 21 15:37:32 2023:DEBUG:run: 2211 N2O = 359.151 ppbv N2O
Tue Mar 21 15:37:32 2023:DEBUG:run: 2212tau = 130.201 YearsTue Mar 21 15:37:32 2023:DEBUG:run: 2212 N2O = 359.061 ppbv N2O
Tue Mar 21 15:37:32 2023:DEBUG:run: 2213tau = 130.203 YearsTue Mar 21 15:37:32 2023:DEBUG:run: 2213 N2O = 358.971 ppbv N2O
Tue Mar 21 15:37:32 2023:DEBUG:run: 2214tau = 130.204 YearsTue Mar 21 15:37:32 2023:DEBUG:run: 2214 N2O = 358.881 ppbv N2O
Tue Mar 21 15:37:32 2023:DEBUG:run: 2215tau = 130.206 YearsTue Mar 21 15:37:32 2023:DEBUG:run: 2215 N2O = 358.79 ppbv N2O
Tue Mar 21 15:37:32 2023:DEBUG:run: 2216tau = 130.208 YearsTue Mar 21 15:37:32 2023:DEBUG:run: 2216 N2O = 358.698 ppbv N2O
Tue Mar 21 15:37:32 2023:DEBUG:run: 2217tau = 130.209 YearsTue Mar 21 15:37:32 2023:DEBUG:run: 2217 N2O = 358.605 ppbv N2O
Tue Mar 21 15:37:32 2023:DEBUG:run: 2218tau = 130.211 YearsTue Mar 21 15:37:32 2023:DEBUG:run: 2218 N2O = 358.512 ppbv N2O
Tue Mar 21 15:37:32 2023:DEBUG:run: 2219tau = 130.213 YearsTue Mar 21 15:37:32 2023:DEBUG:run: 2219 N2O = 358.418 ppbv N2O
Tue Mar 21 15:37:32 2023:DEBUG:run: 2220tau = 130.215 YearsTue Mar 21 15:37:32 2023:DEBUG:run: 2220 N2O = 358.324 ppbv N2O
Tue Mar 21 15:37:32 2023:DEBUG:run: 2221tau = 130.216 YearsTue Mar 21 15:37:32 2023:DEBUG:run: 2221 N2O = 358.229 ppbv N2O
Tue Mar 21 15:37:32 2023:DEBUG:run: 2222tau = 130.218 YearsTue Mar 21 15:37:32 2023:DEBUG:run: 2222 N2O = 358.133 ppbv N2O
Tue Mar 21 15:37:32 2023:DEBUG:run: 2223tau = 130.22 YearsTue Mar 21 15:37:32 2023:DEBUG:run: 2223 N2O = 358.036 ppbv N2O
Tue Mar 21 15:37:32 2023:DEBUG:run: 2224tau = 130.221 YearsTue Mar 21 15:37:32 2023:DEBUG:run: 2224 N2O = 357.94 ppbv N2O
Tue Mar 21 15:37:32 2023:DEBUG:run: 2225tau = 130.223 YearsTue Mar 21 15:37:32 2023:DEBUG:run: 2225 N2O = 357.842 ppbv N2O
Tue Mar 21 15:37:32 2023:DEBUG:run: 2226tau = 130.225 YearsTue Mar 21 15:37:32 2023:DEBUG:run: 2226 N2O = 357.744 ppbv N2O
Tue Mar 21 15:37:32 2023:DEBUG:run: 2227tau = 130.227 YearsTue Mar 21 15:37:32 2023:DEBUG:run: 2227 N2O = 357.645 ppbv N2O
Tue Mar 21 15:37:32 2023:DEBUG:run: 2228tau = 130.229 YearsTue Mar 21 15:37:32 2023:DEBUG:run: 2228 N2O = 357.546 ppbv N2O
Tue Mar 21 15:37:32 2023:DEBUG:run: 2229tau = 130.23 YearsTue Mar 21 15:37:32 2023:DEBUG:run: 2229 N2O = 357.446 ppbv N2O
Tue Mar 21 15:37:32 2023:DEBUG:run: 2230tau = 130.232 YearsTue Mar 21 15:37:32 2023:DEBUG:run: 2230 N2O = 357.345 ppbv N2O
Tue Mar 21 15:37:32 2023:DEBUG:run: 2231tau = 130.234 YearsTue Mar 21 15:37:32 2023:DEBUG:run: 2231 N2O = 357.244 ppbv N2O
Tue Mar 21 15:37:32 2023:DEBUG:run: 2232tau = 130.236 YearsTue Mar 21 15:37:32 2023:DEBUG:run: 2232 N2O = 357.143 ppbv N2O
Tue Mar 21 15:37:32 2023:DEBUG:run: 2233tau = 130.238 YearsTue Mar 21 15:37:32 2023:DEBUG:run: 2233 N2O = 357.04 ppbv N2O
Tue Mar 21 15:37:32 2023:DEBUG:run: 2234tau = 130.24 YearsTue Mar 21 15:37:32 2023:DEBUG:run: 2234 N2O = 356.938 ppbv N2O
Tue Mar 21 15:37:32 2023:DEBUG:run: 2235tau = 130.241 YearsTue Mar 21 15:37:32 2023:DEBUG:run: 2235 N2O = 356.834 ppbv N2O
Tue Mar 21 15:37:32 2023:DEBUG:run: 2236tau = 130.243 YearsTue Mar 21 15:37:32 2023:DEBUG:run: 2236 N2O = 356.73 ppbv N2O
Tue Mar 21 15:37:32 2023:DEBUG:run: 2237tau = 130.245 YearsTue Mar 21 15:37:32 2023:DEBUG:run: 2237 N2O = 356.626 ppbv N2O
Tue Mar 21 15:37:32 2023:DEBUG:run: 2238tau = 130.247 YearsTue Mar 21 15:37:32 2023:DEBUG:run: 2238 N2O = 356.521 ppbv N2O
Tue Mar 21 15:37:32 2023:DEBUG:run: 2239tau = 130.249 YearsTue Mar 21 15:37:32 2023:DEBUG:run: 2239 N2O = 356.415 ppbv N2O
Tue Mar 21 15:37:32 2023:DEBUG:run: 2240tau = 130.251 YearsTue Mar 21 15:37:32 2023:DEBUG:run: 2240 N2O = 356.309 ppbv N2O
Tue Mar 21 15:37:32 2023:DEBUG:run: 2241tau = 130.253 YearsTue Mar 21 15:37:32 2023:DEBUG:run: 2241 N2O = 356.203 ppbv N2O
Tue Mar 21 15:37:32 2023:DEBUG:run: 2242tau = 130.255 YearsTue Mar 21 15:37:32 2023:DEBUG:run: 2242 N2O = 356.096 ppbv N2O
Tue Mar 21 15:37:32 2023:DEBUG:run: 2243tau = 130.257 YearsTue Mar 21 15:37:32 2023:DEBUG:run: 2243 N2O = 355.988 ppbv N2O
Tue Mar 21 15:37:32 2023:DEBUG:run: 2244tau = 130.259 YearsTue Mar 21 15:37:32 2023:DEBUG:run: 2244 N2O = 355.88 ppbv N2O
Tue Mar 21 15:37:32 2023:DEBUG:run: 2245tau = 130.261 YearsTue Mar 21 15:37:32 2023:DEBUG:run: 2245 N2O = 355.771 ppbv N2O
Tue Mar 21 15:37:32 2023:DEBUG:run: 2246tau = 130.263 YearsTue Mar 21 15:37:32 2023:DEBUG:run: 2246 N2O = 355.662 ppbv N2O
Tue Mar 21 15:37:32 2023:DEBUG:run: 2247tau = 130.265 YearsTue Mar 21 15:37:32 2023:DEBUG:run: 2247 N2O = 355.552 ppbv N2O
Tue Mar 21 15:37:32 2023:DEBUG:run: 2248tau = 130.267 YearsTue Mar 21 15:37:32 2023:DEBUG:run: 2248 N2O = 355.442 ppbv N2O
Tue Mar 21 15:37:32 2023:DEBUG:run: 2249tau = 130.269 YearsTue Mar 21 15:37:32 2023:DEBUG:run: 2249 N2O = 355.331 ppbv N2O
Tue Mar 21 15:37:32 2023:DEBUG:run: 2250tau = 130.271 YearsTue Mar 21 15:37:32 2023:DEBUG:run: 2250 N2O = 355.22 ppbv N2O
Tue Mar 21 15:37:32 2023:DEBUG:run: 2251tau = 130.273 YearsTue Mar 21 15:37:32 2023:DEBUG:run: 2251 N2O = 355.11 ppbv N2O
Tue Mar 21 15:37:32 2023:DEBUG:run: 2252tau = 130.275 YearsTue Mar 21 15:37:32 2023:DEBUG:run: 2252 N2O = 355 ppbv N2O
Tue Mar 21 15:37:32 2023:DEBUG:run: 2253tau = 130.277 YearsTue Mar 21 15:37:32 2023:DEBUG:run: 2253 N2O = 354.892 ppbv N2O
Tue Mar 21 15:37:32 2023:DEBUG:run: 2254tau = 130.279 YearsTue Mar 21 15:37:32 2023:DEBUG:run: 2254 N2O = 354.784 ppbv N2O
Tue Mar 21 15:37:32 2023:DEBUG:run: 2255tau = 130.281 YearsTue Mar 21 15:37:32 2023:DEBUG:run: 2255 N2O = 354.677 ppbv N2O
Tue Mar 21 15:37:32 2023:DEBUG:run: 2256tau = 130.283 YearsTue Mar 21 15:37:32 2023:DEBUG:run: 2256 N2O = 354.571 ppbv N2O
Tue Mar 21 15:37:32 2023:DEBUG:run: 2257tau = 130.285 YearsTue Mar 21 15:37:32 2023:DEBUG:run: 2257 N2O = 354.466 ppbv N2O
Tue Mar 21 15:37:32 2023:DEBUG:run: 2258tau = 130.287 YearsTue Mar 21 15:37:32 2023:DEBUG:run: 2258 N2O = 354.362 ppbv N2O
Tue Mar 21 15:37:32 2023:DEBUG:run: 2259tau = 130.289 YearsTue Mar 21 15:37:32 2023:DEBUG:run: 2259 N2O = 354.259 ppbv N2O
Tue Mar 21 15:37:32 2023:DEBUG:run: 2260tau = 130.291 YearsTue Mar 21 15:37:32 2023:DEBUG:run: 2260 N2O = 354.156 ppbv N2O
Tue Mar 21 15:37:32 2023:DEBUG:run: 2261tau = 130.292 YearsTue Mar 21 15:37:32 2023:DEBUG:run: 2261 N2O = 354.054 ppbv N2O
Tue Mar 21 15:37:32 2023:DEBUG:run: 2262tau = 130.294 YearsTue Mar 21 15:37:32 2023:DEBUG:run: 2262 N2O = 353.953 ppbv N2O
Tue Mar 21 15:37:32 2023:DEBUG:run: 2263tau = 130.296 YearsTue Mar 21 15:37:32 2023:DEBUG:run: 2263 N2O = 353.853 ppbv N2O
Tue Mar 21 15:37:32 2023:DEBUG:run: 2264tau = 130.298 YearsTue Mar 21 15:37:32 2023:DEBUG:run: 2264 N2O = 353.754 ppbv N2O
Tue Mar 21 15:37:32 2023:DEBUG:run: 2265tau = 130.3 YearsTue Mar 21 15:37:32 2023:DEBUG:run: 2265 N2O = 353.656 ppbv N2O
Tue Mar 21 15:37:32 2023:DEBUG:run: 2266tau = 130.302 YearsTue Mar 21 15:37:32 2023:DEBUG:run: 2266 N2O = 353.558 ppbv N2O
Tue Mar 21 15:37:32 2023:DEBUG:run: 2267tau = 130.303 YearsTue Mar 21 15:37:32 2023:DEBUG:run: 2267 N2O = 353.461 ppbv N2O
Tue Mar 21 15:37:32 2023:DEBUG:run: 2268tau = 130.305 YearsTue Mar 21 15:37:32 2023:DEBUG:run: 2268 N2O = 353.365 ppbv N2O
Tue Mar 21 15:37:32 2023:DEBUG:run: 2269tau = 130.307 YearsTue Mar 21 15:37:32 2023:DEBUG:run: 2269 N2O = 353.269 ppbv N2O
Tue Mar 21 15:37:32 2023:DEBUG:run: 2270tau = 130.309 YearsTue Mar 21 15:37:32 2023:DEBUG:run: 2270 N2O = 353.175 ppbv N2O
Tue Mar 21 15:37:32 2023:DEBUG:run: 2271tau = 130.31 YearsTue Mar 21 15:37:32 2023:DEBUG:run: 2271 N2O = 353.081 ppbv N2O
Tue Mar 21 15:37:32 2023:DEBUG:run: 2272tau = 130.312 YearsTue Mar 21 15:37:32 2023:DEBUG:run: 2272 N2O = 352.988 ppbv N2O
Tue Mar 21 15:37:32 2023:DEBUG:run: 2273tau = 130.314 YearsTue Mar 21 15:37:32 2023:DEBUG:run: 2273 N2O = 352.896 ppbv N2O
Tue Mar 21 15:37:32 2023:DEBUG:run: 2274tau = 130.316 YearsTue Mar 21 15:37:32 2023:DEBUG:run: 2274 N2O = 352.804 ppbv N2O
Tue Mar 21 15:37:32 2023:DEBUG:run: 2275tau = 130.317 YearsTue Mar 21 15:37:32 2023:DEBUG:run: 2275 N2O = 352.713 ppbv N2O
Tue Mar 21 15:37:32 2023:DEBUG:run: 2276tau = 130.319 YearsTue Mar 21 15:37:32 2023:DEBUG:run: 2276 N2O = 352.623 ppbv N2O
Tue Mar 21 15:37:32 2023:DEBUG:run: 2277tau = 130.321 YearsTue Mar 21 15:37:32 2023:DEBUG:run: 2277 N2O = 352.534 ppbv N2O
Tue Mar 21 15:37:32 2023:DEBUG:run: 2278tau = 130.322 YearsTue Mar 21 15:37:32 2023:DEBUG:run: 2278 N2O = 352.445 ppbv N2O
Tue Mar 21 15:37:32 2023:DEBUG:run: 2279tau = 130.324 YearsTue Mar 21 15:37:32 2023:DEBUG:run: 2279 N2O = 352.357 ppbv N2O
Tue Mar 21 15:37:32 2023:DEBUG:run: 2280tau = 130.326 YearsTue Mar 21 15:37:32 2023:DEBUG:run: 2280 N2O = 352.27 ppbv N2O
Tue Mar 21 15:37:32 2023:DEBUG:run: 2281tau = 130.327 YearsTue Mar 21 15:37:32 2023:DEBUG:run: 2281 N2O = 352.183 ppbv N2O
Tue Mar 21 15:37:32 2023:DEBUG:run: 2282tau = 130.329 YearsTue Mar 21 15:37:32 2023:DEBUG:run: 2282 N2O = 352.097 ppbv N2O
Tue Mar 21 15:37:32 2023:DEBUG:run: 2283tau = 130.33 YearsTue Mar 21 15:37:32 2023:DEBUG:run: 2283 N2O = 352.012 ppbv N2O
Tue Mar 21 15:37:32 2023:DEBUG:run: 2284tau = 130.332 YearsTue Mar 21 15:37:32 2023:DEBUG:run: 2284 N2O = 351.928 ppbv N2O
Tue Mar 21 15:37:32 2023:DEBUG:run: 2285tau = 130.334 YearsTue Mar 21 15:37:32 2023:DEBUG:run: 2285 N2O = 351.844 ppbv N2O
Tue Mar 21 15:37:32 2023:DEBUG:run: 2286tau = 130.335 YearsTue Mar 21 15:37:32 2023:DEBUG:run: 2286 N2O = 351.761 ppbv N2O
Tue Mar 21 15:37:32 2023:DEBUG:run: 2287tau = 130.337 YearsTue Mar 21 15:37:32 2023:DEBUG:run: 2287 N2O = 351.679 ppbv N2O
Tue Mar 21 15:37:32 2023:DEBUG:run: 2288tau = 130.338 YearsTue Mar 21 15:37:32 2023:DEBUG:run: 2288 N2O = 351.597 ppbv N2O
Tue Mar 21 15:37:32 2023:DEBUG:run: 2289tau = 130.34 YearsTue Mar 21 15:37:32 2023:DEBUG:run: 2289 N2O = 351.516 ppbv N2O
Tue Mar 21 15:37:32 2023:DEBUG:run: 2290tau = 130.341 YearsTue Mar 21 15:37:32 2023:DEBUG:run: 2290 N2O = 351.435 ppbv N2O
Tue Mar 21 15:37:32 2023:DEBUG:run: 2291tau = 130.343 YearsTue Mar 21 15:37:32 2023:DEBUG:run: 2291 N2O = 351.355 ppbv N2O
Tue Mar 21 15:37:32 2023:DEBUG:run: 2292tau = 130.344 YearsTue Mar 21 15:37:32 2023:DEBUG:run: 2292 N2O = 351.276 ppbv N2O
Tue Mar 21 15:37:32 2023:DEBUG:run: 2293tau = 130.346 YearsTue Mar 21 15:37:32 2023:DEBUG:run: 2293 N2O = 351.198 ppbv N2O
Tue Mar 21 15:37:32 2023:DEBUG:run: 2294tau = 130.347 YearsTue Mar 21 15:37:32 2023:DEBUG:run: 2294 N2O = 351.12 ppbv N2O
Tue Mar 21 15:37:32 2023:DEBUG:run: 2295tau = 130.349 YearsTue Mar 21 15:37:32 2023:DEBUG:run: 2295 N2O = 351.042 ppbv N2O
Tue Mar 21 15:37:32 2023:DEBUG:run: 2296tau = 130.35 YearsTue Mar 21 15:37:32 2023:DEBUG:run: 2296 N2O = 350.966 ppbv N2O
Tue Mar 21 15:37:32 2023:DEBUG:run: 2297tau = 130.351 YearsTue Mar 21 15:37:32 2023:DEBUG:run: 2297 N2O = 350.89 ppbv N2O
Tue Mar 21 15:37:32 2023:DEBUG:run: 2298tau = 130.353 YearsTue Mar 21 15:37:32 2023:DEBUG:run: 2298 N2O = 350.814 ppbv N2O
Tue Mar 21 15:37:32 2023:DEBUG:run: 2299tau = 130.354 YearsTue Mar 21 15:37:32 2023:DEBUG:run: 2299 N2O = 350.74 ppbv N2O
Tue Mar 21 15:37:32 2023:DEBUG:run: 2300tau = 130.356 YearsTue Mar 21 15:37:32 2023:DEBUG:run: 2300 N2O = 350.665 ppbv N2O
